2023-02-08T16:31:45.998+0000	connected to: mongodb://[**REDACTED**]@localhost:27017/beacon2?authSource=admin
2023-02-08T16:31:49.008+0000	beacon2.Variants	39.3MB
2023-02-08T16:31:51.998+0000	beacon2.Variants	78.1MB
2023-02-08T16:31:54.999+0000	beacon2.Variants	117MB
2023-02-08T16:31:58.001+0000	beacon2.Variants	155MB
2023-02-08T16:32:01.003+0000	beacon2.Variants	194MB
2023-02-08T16:32:04.011+0000	beacon2.Variants	234MB
2023-02-08T16:32:06.998+0000	beacon2.Variants	273MB
2023-02-08T16:32:10.007+0000	beacon2.Variants	311MB
2023-02-08T16:32:13.002+0000	beacon2.Variants	349MB
2023-02-08T16:32:15.999+0000	beacon2.Variants	387MB
2023-02-08T16:32:19.001+0000	beacon2.Variants	426MB
2023-02-08T16:32:22.010+0000	beacon2.Variants	465MB
2023-02-08T16:32:25.001+0000	beacon2.Variants	504MB
2023-02-08T16:32:27.998+0000	beacon2.Variants	543MB
2023-02-08T16:32:31.007+0000	beacon2.Variants	582MB
2023-02-08T16:32:34.001+0000	beacon2.Variants	621MB
2023-02-08T16:32:36.999+0000	beacon2.Variants	659MB
2023-02-08T16:32:39.999+0000	beacon2.Variants	698MB
2023-02-08T16:32:43.002+0000	beacon2.Variants	736MB
2023-02-08T16:32:46.005+0000	beacon2.Variants	774MB
2023-02-08T16:32:49.001+0000	beacon2.Variants	814MB
2023-02-08T16:32:52.006+0000	beacon2.Variants	853MB
2023-02-08T16:32:55.002+0000	beacon2.Variants	892MB
2023-02-08T16:32:58.001+0000	beacon2.Variants	930MB
2023-02-08T16:33:01.013+0000	beacon2.Variants	970MB
2023-02-08T16:33:04.001+0000	beacon2.Variants	1009MB
2023-02-08T16:33:07.001+0000	beacon2.Variants	1.02GB
2023-02-08T16:33:09.999+0000	beacon2.Variants	1.06GB
2023-02-08T16:33:12.999+0000	beacon2.Variants	1.10GB
2023-02-08T16:33:15.998+0000	beacon2.Variants	1.14GB
2023-02-08T16:33:19.002+0000	beacon2.Variants	1.18GB
2023-02-08T16:33:21.998+0000	beacon2.Variants	1.21GB
2023-02-08T16:33:24.999+0000	beacon2.Variants	1.25GB
2023-02-08T16:33:28.000+0000	beacon2.Variants	1.29GB
2023-02-08T16:33:31.002+0000	beacon2.Variants	1.33GB
2023-02-08T16:33:34.001+0000	beacon2.Variants	1.37GB
2023-02-08T16:33:36.998+0000	beacon2.Variants	1.40GB
2023-02-08T16:33:40.001+0000	beacon2.Variants	1.44GB
2023-02-08T16:33:43.006+0000	beacon2.Variants	1.48GB
2023-02-08T16:33:46.004+0000	beacon2.Variants	1.52GB
2023-02-08T16:33:49.001+0000	beacon2.Variants	1.55GB
2023-02-08T16:33:52.002+0000	beacon2.Variants	1.59GB
2023-02-08T16:33:54.998+0000	beacon2.Variants	1.63GB
2023-02-08T16:33:57.998+0000	beacon2.Variants	1.67GB
2023-02-08T16:34:00.998+0000	beacon2.Variants	1.71GB
2023-02-08T16:34:03.999+0000	beacon2.Variants	1.75GB
2023-02-08T16:34:06.999+0000	beacon2.Variants	1.78GB
2023-02-08T16:34:09.999+0000	beacon2.Variants	1.82GB
2023-02-08T16:34:13.008+0000	beacon2.Variants	1.86GB
2023-02-08T16:34:16.001+0000	beacon2.Variants	1.90GB
2023-02-08T16:34:19.001+0000	beacon2.Variants	1.94GB
2023-02-08T16:34:22.005+0000	beacon2.Variants	1.97GB
2023-02-08T16:34:25.005+0000	beacon2.Variants	2.01GB
2023-02-08T16:34:28.003+0000	beacon2.Variants	2.05GB
2023-02-08T16:34:31.001+0000	beacon2.Variants	2.09GB
2023-02-08T16:34:34.002+0000	beacon2.Variants	2.13GB
2023-02-08T16:34:37.011+0000	beacon2.Variants	2.17GB
2023-02-08T16:34:40.001+0000	beacon2.Variants	2.20GB
2023-02-08T16:34:43.001+0000	beacon2.Variants	2.24GB
2023-02-08T16:34:45.999+0000	beacon2.Variants	2.28GB
2023-02-08T16:34:48.999+0000	beacon2.Variants	2.32GB
2023-02-08T16:34:52.001+0000	beacon2.Variants	2.35GB
2023-02-08T16:34:54.999+0000	beacon2.Variants	2.39GB
2023-02-08T16:34:58.004+0000	beacon2.Variants	2.43GB
2023-02-08T16:35:01.005+0000	beacon2.Variants	2.47GB
2023-02-08T16:35:04.001+0000	beacon2.Variants	2.51GB
2023-02-08T16:35:06.999+0000	beacon2.Variants	2.55GB
2023-02-08T16:35:09.999+0000	beacon2.Variants	2.58GB
2023-02-08T16:35:12.999+0000	beacon2.Variants	2.62GB
2023-02-08T16:35:15.998+0000	beacon2.Variants	2.66GB
2023-02-08T16:35:18.998+0000	beacon2.Variants	2.70GB
2023-02-08T16:35:22.001+0000	beacon2.Variants	2.73GB
2023-02-08T16:35:25.001+0000	beacon2.Variants	2.77GB
2023-02-08T16:35:28.012+0000	beacon2.Variants	2.81GB
2023-02-08T16:35:30.998+0000	beacon2.Variants	2.85GB
2023-02-08T16:35:33.998+0000	beacon2.Variants	2.89GB
2023-02-08T16:35:36.999+0000	beacon2.Variants	2.92GB
2023-02-08T16:35:39.998+0000	beacon2.Variants	2.96GB
2023-02-08T16:35:42.999+0000	beacon2.Variants	3.00GB
2023-02-08T16:35:46.009+0000	beacon2.Variants	3.04GB
2023-02-08T16:35:49.004+0000	beacon2.Variants	3.07GB
2023-02-08T16:35:51.998+0000	beacon2.Variants	3.11GB
2023-02-08T16:35:55.006+0000	beacon2.Variants	3.15GB
2023-02-08T16:35:58.002+0000	beacon2.Variants	3.19GB
2023-02-08T16:36:01.005+0000	beacon2.Variants	3.23GB
2023-02-08T16:36:04.008+0000	beacon2.Variants	3.26GB
2023-02-08T16:36:07.009+0000	beacon2.Variants	3.30GB
2023-02-08T16:36:10.002+0000	beacon2.Variants	3.34GB
2023-02-08T16:36:13.012+0000	beacon2.Variants	3.38GB
2023-02-08T16:36:16.000+0000	beacon2.Variants	3.42GB
2023-02-08T16:36:18.999+0000	beacon2.Variants	3.46GB
2023-02-08T16:36:22.007+0000	beacon2.Variants	3.49GB
2023-02-08T16:36:24.998+0000	beacon2.Variants	3.53GB
2023-02-08T16:36:27.998+0000	beacon2.Variants	3.57GB
2023-02-08T16:36:31.004+0000	beacon2.Variants	3.61GB
2023-02-08T16:36:34.006+0000	beacon2.Variants	3.65GB
2023-02-08T16:36:36.998+0000	beacon2.Variants	3.68GB
2023-02-08T16:36:39.999+0000	beacon2.Variants	3.72GB
2023-02-08T16:36:42.999+0000	beacon2.Variants	3.76GB
2023-02-08T16:36:46.006+0000	beacon2.Variants	3.80GB
2023-02-08T16:36:49.002+0000	beacon2.Variants	3.83GB
2023-02-08T16:36:51.999+0000	beacon2.Variants	3.87GB
2023-02-08T16:36:54.999+0000	beacon2.Variants	3.91GB
2023-02-08T16:36:58.001+0000	beacon2.Variants	3.95GB
2023-02-08T16:37:01.002+0000	beacon2.Variants	3.99GB
2023-02-08T16:37:04.005+0000	beacon2.Variants	4.03GB
2023-02-08T16:37:07.008+0000	beacon2.Variants	4.07GB
2023-02-08T16:37:09.999+0000	beacon2.Variants	4.10GB
2023-02-08T16:37:13.012+0000	beacon2.Variants	4.14GB
2023-02-08T16:37:15.998+0000	beacon2.Variants	4.18GB
2023-02-08T16:37:18.999+0000	beacon2.Variants	4.22GB
2023-02-08T16:37:21.999+0000	beacon2.Variants	4.26GB
2023-02-08T16:37:24.999+0000	beacon2.Variants	4.30GB
2023-02-08T16:37:27.999+0000	beacon2.Variants	4.33GB
2023-02-08T16:37:31.000+0000	beacon2.Variants	4.37GB
2023-02-08T16:37:34.002+0000	beacon2.Variants	4.41GB
2023-02-08T16:37:36.999+0000	beacon2.Variants	4.45GB
2023-02-08T16:37:39.999+0000	beacon2.Variants	4.49GB
2023-02-08T16:37:43.002+0000	beacon2.Variants	4.52GB
2023-02-08T16:37:46.002+0000	beacon2.Variants	4.56GB
2023-02-08T16:37:48.999+0000	beacon2.Variants	4.60GB
2023-02-08T16:37:52.004+0000	beacon2.Variants	4.64GB
2023-02-08T16:37:54.999+0000	beacon2.Variants	4.68GB
2023-02-08T16:37:58.001+0000	beacon2.Variants	4.71GB
2023-02-08T16:38:01.005+0000	beacon2.Variants	4.75GB
2023-02-08T16:38:04.000+0000	beacon2.Variants	4.79GB
2023-02-08T16:38:07.014+0000	beacon2.Variants	4.83GB
2023-02-08T16:38:10.006+0000	beacon2.Variants	4.87GB
2023-02-08T16:38:13.025+0000	beacon2.Variants	4.90GB
2023-02-08T16:38:16.008+0000	beacon2.Variants	4.94GB
2023-02-08T16:38:19.003+0000	beacon2.Variants	4.98GB
2023-02-08T16:38:22.001+0000	beacon2.Variants	5.02GB
2023-02-08T16:38:25.010+0000	beacon2.Variants	5.05GB
2023-02-08T16:38:28.003+0000	beacon2.Variants	5.09GB
2023-02-08T16:38:31.003+0000	beacon2.Variants	5.13GB
2023-02-08T16:38:34.003+0000	beacon2.Variants	5.17GB
2023-02-08T16:38:37.013+0000	beacon2.Variants	5.21GB
2023-02-08T16:38:40.001+0000	beacon2.Variants	5.24GB
2023-02-08T16:38:43.002+0000	beacon2.Variants	5.28GB
2023-02-08T16:38:46.003+0000	beacon2.Variants	5.32GB
2023-02-08T16:38:49.007+0000	beacon2.Variants	5.36GB
2023-02-08T16:38:52.009+0000	beacon2.Variants	5.39GB
2023-02-08T16:38:55.011+0000	beacon2.Variants	5.43GB
2023-02-08T16:38:58.008+0000	beacon2.Variants	5.47GB
2023-02-08T16:39:01.009+0000	beacon2.Variants	5.51GB
2023-02-08T16:39:04.002+0000	beacon2.Variants	5.55GB
2023-02-08T16:39:06.999+0000	beacon2.Variants	5.59GB
2023-02-08T16:39:10.003+0000	beacon2.Variants	5.62GB
2023-02-08T16:39:12.999+0000	beacon2.Variants	5.66GB
2023-02-08T16:39:16.008+0000	beacon2.Variants	5.70GB
2023-02-08T16:39:19.000+0000	beacon2.Variants	5.74GB
2023-02-08T16:39:22.007+0000	beacon2.Variants	5.77GB
2023-02-08T16:39:24.999+0000	beacon2.Variants	5.81GB
2023-02-08T16:39:27.999+0000	beacon2.Variants	5.85GB
2023-02-08T16:39:31.006+0000	beacon2.Variants	5.89GB
2023-02-08T16:39:33.998+0000	beacon2.Variants	5.93GB
2023-02-08T16:39:37.011+0000	beacon2.Variants	5.96GB
2023-02-08T16:39:40.002+0000	beacon2.Variants	6.00GB
2023-02-08T16:39:42.999+0000	beacon2.Variants	6.04GB
2023-02-08T16:39:45.999+0000	beacon2.Variants	6.08GB
2023-02-08T16:39:49.002+0000	beacon2.Variants	6.11GB
2023-02-08T16:39:52.006+0000	beacon2.Variants	6.15GB
2023-02-08T16:39:54.998+0000	beacon2.Variants	6.19GB
2023-02-08T16:39:57.999+0000	beacon2.Variants	6.23GB
2023-02-08T16:40:01.006+0000	beacon2.Variants	6.27GB
2023-02-08T16:40:04.003+0000	beacon2.Variants	6.30GB
2023-02-08T16:40:07.009+0000	beacon2.Variants	6.34GB
2023-02-08T16:40:10.012+0000	beacon2.Variants	6.38GB
2023-02-08T16:40:13.000+0000	beacon2.Variants	6.42GB
2023-02-08T16:40:15.999+0000	beacon2.Variants	6.45GB
2023-02-08T16:40:18.999+0000	beacon2.Variants	6.49GB
2023-02-08T16:40:22.007+0000	beacon2.Variants	6.53GB
2023-02-08T16:40:25.003+0000	beacon2.Variants	6.57GB
2023-02-08T16:40:27.999+0000	beacon2.Variants	6.61GB
2023-02-08T16:40:31.003+0000	beacon2.Variants	6.65GB
2023-02-08T16:40:34.013+0000	beacon2.Variants	6.68GB
2023-02-08T16:40:37.010+0000	beacon2.Variants	6.72GB
2023-02-08T16:40:39.999+0000	beacon2.Variants	6.76GB
2023-02-08T16:40:43.009+0000	beacon2.Variants	6.80GB
2023-02-08T16:40:45.999+0000	beacon2.Variants	6.83GB
2023-02-08T16:40:48.998+0000	beacon2.Variants	6.87GB
2023-02-08T16:40:51.998+0000	beacon2.Variants	6.91GB
2023-02-08T16:40:54.999+0000	beacon2.Variants	6.95GB
2023-02-08T16:40:57.999+0000	beacon2.Variants	6.99GB
2023-02-08T16:41:01.001+0000	beacon2.Variants	7.02GB
2023-02-08T16:41:03.999+0000	beacon2.Variants	7.06GB
2023-02-08T16:41:06.999+0000	beacon2.Variants	7.10GB
2023-02-08T16:41:10.010+0000	beacon2.Variants	7.14GB
2023-02-08T16:41:12.998+0000	beacon2.Variants	7.18GB
2023-02-08T16:41:16.005+0000	beacon2.Variants	7.21GB
2023-02-08T16:41:19.002+0000	beacon2.Variants	7.25GB
2023-02-08T16:41:22.003+0000	beacon2.Variants	7.29GB
2023-02-08T16:41:25.004+0000	beacon2.Variants	7.33GB
2023-02-08T16:41:27.999+0000	beacon2.Variants	7.37GB
2023-02-08T16:41:31.004+0000	beacon2.Variants	7.41GB
2023-02-08T16:41:33.998+0000	beacon2.Variants	7.44GB
2023-02-08T16:41:37.000+0000	beacon2.Variants	7.48GB
2023-02-08T16:41:39.998+0000	beacon2.Variants	7.52GB
2023-02-08T16:41:43.012+0000	beacon2.Variants	7.56GB
2023-02-08T16:41:46.000+0000	beacon2.Variants	7.60GB
2023-02-08T16:41:48.999+0000	beacon2.Variants	7.63GB
2023-02-08T16:41:51.999+0000	beacon2.Variants	7.67GB
2023-02-08T16:41:55.002+0000	beacon2.Variants	7.71GB
2023-02-08T16:41:57.998+0000	beacon2.Variants	7.75GB
2023-02-08T16:42:01.007+0000	beacon2.Variants	7.79GB
2023-02-08T16:42:04.005+0000	beacon2.Variants	7.83GB
2023-02-08T16:42:07.006+0000	beacon2.Variants	7.86GB
2023-02-08T16:42:09.999+0000	beacon2.Variants	7.90GB
2023-02-08T16:42:13.006+0000	beacon2.Variants	7.94GB
2023-02-08T16:42:16.003+0000	beacon2.Variants	7.98GB
2023-02-08T16:42:18.999+0000	beacon2.Variants	8.02GB
2023-02-08T16:42:22.003+0000	beacon2.Variants	8.05GB
2023-02-08T16:42:24.999+0000	beacon2.Variants	8.09GB
2023-02-08T16:42:28.002+0000	beacon2.Variants	8.13GB
2023-02-08T16:42:30.999+0000	beacon2.Variants	8.17GB
2023-02-08T16:42:34.003+0000	beacon2.Variants	8.21GB
2023-02-08T16:42:36.998+0000	beacon2.Variants	8.25GB
2023-02-08T16:42:40.002+0000	beacon2.Variants	8.28GB
2023-02-08T16:42:43.001+0000	beacon2.Variants	8.32GB
2023-02-08T16:42:46.007+0000	beacon2.Variants	8.36GB
2023-02-08T16:42:48.998+0000	beacon2.Variants	8.40GB
2023-02-08T16:42:51.999+0000	beacon2.Variants	8.43GB
2023-02-08T16:42:54.999+0000	beacon2.Variants	8.47GB
2023-02-08T16:42:57.998+0000	beacon2.Variants	8.51GB
2023-02-08T16:43:01.003+0000	beacon2.Variants	8.55GB
2023-02-08T16:43:03.999+0000	beacon2.Variants	8.59GB
2023-02-08T16:43:06.998+0000	beacon2.Variants	8.63GB
2023-02-08T16:43:09.999+0000	beacon2.Variants	8.66GB
2023-02-08T16:43:13.007+0000	beacon2.Variants	8.70GB
2023-02-08T16:43:15.999+0000	beacon2.Variants	8.74GB
2023-02-08T16:43:19.026+0000	beacon2.Variants	8.78GB
2023-02-08T16:43:21.998+0000	beacon2.Variants	8.82GB
2023-02-08T16:43:25.005+0000	beacon2.Variants	8.85GB
2023-02-08T16:43:27.998+0000	beacon2.Variants	8.89GB
2023-02-08T16:43:31.006+0000	beacon2.Variants	8.93GB
2023-02-08T16:43:34.002+0000	beacon2.Variants	8.97GB
2023-02-08T16:43:37.000+0000	beacon2.Variants	9.00GB
2023-02-08T16:43:39.999+0000	beacon2.Variants	9.04GB
2023-02-08T16:43:42.998+0000	beacon2.Variants	9.08GB
2023-02-08T16:43:46.010+0000	beacon2.Variants	9.12GB
2023-02-08T16:43:49.006+0000	beacon2.Variants	9.15GB
2023-02-08T16:43:51.999+0000	beacon2.Variants	9.19GB
2023-02-08T16:43:55.004+0000	beacon2.Variants	9.23GB
2023-02-08T16:43:58.003+0000	beacon2.Variants	9.27GB
2023-02-08T16:44:01.009+0000	beacon2.Variants	9.31GB
2023-02-08T16:44:04.003+0000	beacon2.Variants	9.34GB
2023-02-08T16:44:06.998+0000	beacon2.Variants	9.38GB
2023-02-08T16:44:10.011+0000	beacon2.Variants	9.42GB
2023-02-08T16:44:12.999+0000	beacon2.Variants	9.46GB
2023-02-08T16:44:16.006+0000	beacon2.Variants	9.50GB
2023-02-08T16:44:18.998+0000	beacon2.Variants	9.54GB
2023-02-08T16:44:21.998+0000	beacon2.Variants	9.57GB
2023-02-08T16:44:25.003+0000	beacon2.Variants	9.61GB
2023-02-08T16:44:28.000+0000	beacon2.Variants	9.65GB
2023-02-08T16:44:31.007+0000	beacon2.Variants	9.69GB
2023-02-08T16:44:34.001+0000	beacon2.Variants	9.73GB
2023-02-08T16:44:37.007+0000	beacon2.Variants	9.76GB
2023-02-08T16:44:39.998+0000	beacon2.Variants	9.80GB
2023-02-08T16:44:43.009+0000	beacon2.Variants	9.84GB
2023-02-08T16:44:46.004+0000	beacon2.Variants	9.88GB
2023-02-08T16:44:49.005+0000	beacon2.Variants	9.92GB
2023-02-08T16:44:51.999+0000	beacon2.Variants	9.95GB
2023-02-08T16:44:54.998+0000	beacon2.Variants	9.99GB
2023-02-08T16:44:58.005+0000	beacon2.Variants	10.0GB
2023-02-08T16:45:01.000+0000	beacon2.Variants	10.1GB
2023-02-08T16:45:04.000+0000	beacon2.Variants	10.1GB
2023-02-08T16:45:06.999+0000	beacon2.Variants	10.2GB
2023-02-08T16:45:09.998+0000	beacon2.Variants	10.2GB
2023-02-08T16:45:12.999+0000	beacon2.Variants	10.2GB
2023-02-08T16:45:16.005+0000	beacon2.Variants	10.3GB
2023-02-08T16:45:18.999+0000	beacon2.Variants	10.3GB
2023-02-08T16:45:22.001+0000	beacon2.Variants	10.3GB
2023-02-08T16:45:25.000+0000	beacon2.Variants	10.4GB
2023-02-08T16:45:28.004+0000	beacon2.Variants	10.4GB
2023-02-08T16:45:31.001+0000	beacon2.Variants	10.4GB
2023-02-08T16:45:33.999+0000	beacon2.Variants	10.5GB
2023-02-08T16:45:37.007+0000	beacon2.Variants	10.5GB
2023-02-08T16:45:39.999+0000	beacon2.Variants	10.6GB
2023-02-08T16:45:43.000+0000	beacon2.Variants	10.6GB
2023-02-08T16:45:46.005+0000	beacon2.Variants	10.6GB
2023-02-08T16:45:48.998+0000	beacon2.Variants	10.7GB
2023-02-08T16:45:52.009+0000	beacon2.Variants	10.7GB
2023-02-08T16:45:55.008+0000	beacon2.Variants	10.8GB
2023-02-08T16:45:57.999+0000	beacon2.Variants	10.8GB
2023-02-08T16:46:01.007+0000	beacon2.Variants	10.8GB
2023-02-08T16:46:04.016+0000	beacon2.Variants	10.9GB
2023-02-08T16:46:06.999+0000	beacon2.Variants	10.9GB
2023-02-08T16:46:09.999+0000	beacon2.Variants	10.9GB
2023-02-08T16:46:13.004+0000	beacon2.Variants	11.0GB
2023-02-08T16:46:16.002+0000	beacon2.Variants	11.0GB
2023-02-08T16:46:19.002+0000	beacon2.Variants	11.1GB
2023-02-08T16:46:22.001+0000	beacon2.Variants	11.1GB
2023-02-08T16:46:24.999+0000	beacon2.Variants	11.1GB
2023-02-08T16:46:28.019+0000	beacon2.Variants	11.2GB
2023-02-08T16:46:30.999+0000	beacon2.Variants	11.2GB
2023-02-08T16:46:34.000+0000	beacon2.Variants	11.2GB
2023-02-08T16:46:37.002+0000	beacon2.Variants	11.3GB
2023-02-08T16:46:40.004+0000	beacon2.Variants	11.3GB
2023-02-08T16:46:43.001+0000	beacon2.Variants	11.4GB
2023-02-08T16:46:45.998+0000	beacon2.Variants	11.4GB
2023-02-08T16:46:49.003+0000	beacon2.Variants	11.4GB
2023-02-08T16:46:52.013+0000	beacon2.Variants	11.5GB
2023-02-08T16:46:55.007+0000	beacon2.Variants	11.5GB
2023-02-08T16:46:57.998+0000	beacon2.Variants	11.6GB
2023-02-08T16:47:00.998+0000	beacon2.Variants	11.6GB
2023-02-08T16:47:04.002+0000	beacon2.Variants	11.6GB
2023-02-08T16:47:06.999+0000	beacon2.Variants	11.7GB
2023-02-08T16:47:09.999+0000	beacon2.Variants	11.7GB
2023-02-08T16:47:13.002+0000	beacon2.Variants	11.7GB
2023-02-08T16:47:15.999+0000	beacon2.Variants	11.8GB
2023-02-08T16:47:18.999+0000	beacon2.Variants	11.8GB
2023-02-08T16:47:21.998+0000	beacon2.Variants	11.8GB
2023-02-08T16:47:25.000+0000	beacon2.Variants	11.9GB
2023-02-08T16:47:28.013+0000	beacon2.Variants	11.9GB
2023-02-08T16:47:31.002+0000	beacon2.Variants	12.0GB
2023-02-08T16:47:34.005+0000	beacon2.Variants	12.0GB
2023-02-08T16:47:36.999+0000	beacon2.Variants	12.0GB
2023-02-08T16:47:40.009+0000	beacon2.Variants	12.1GB
2023-02-08T16:47:43.014+0000	beacon2.Variants	12.1GB
2023-02-08T16:47:46.003+0000	beacon2.Variants	12.2GB
2023-02-08T16:47:48.998+0000	beacon2.Variants	12.2GB
2023-02-08T16:47:51.999+0000	beacon2.Variants	12.2GB
2023-02-08T16:47:54.999+0000	beacon2.Variants	12.3GB
2023-02-08T16:47:57.999+0000	beacon2.Variants	12.3GB
2023-02-08T16:48:01.009+0000	beacon2.Variants	12.3GB
2023-02-08T16:48:03.999+0000	beacon2.Variants	12.4GB
2023-02-08T16:48:06.998+0000	beacon2.Variants	12.4GB
2023-02-08T16:48:10.006+0000	beacon2.Variants	12.4GB
2023-02-08T16:48:13.006+0000	beacon2.Variants	12.5GB
2023-02-08T16:48:15.999+0000	beacon2.Variants	12.5GB
2023-02-08T16:48:18.998+0000	beacon2.Variants	12.6GB
2023-02-08T16:48:21.998+0000	beacon2.Variants	12.6GB
2023-02-08T16:48:24.999+0000	beacon2.Variants	12.7GB
2023-02-08T16:48:28.004+0000	beacon2.Variants	12.7GB
2023-02-08T16:48:30.999+0000	beacon2.Variants	12.7GB
2023-02-08T16:48:33.999+0000	beacon2.Variants	12.8GB
2023-02-08T16:48:37.012+0000	beacon2.Variants	12.8GB
2023-02-08T16:48:39.999+0000	beacon2.Variants	12.8GB
2023-02-08T16:48:43.004+0000	beacon2.Variants	12.9GB
2023-02-08T16:48:46.000+0000	beacon2.Variants	12.9GB
2023-02-08T16:48:48.999+0000	beacon2.Variants	12.9GB
2023-02-08T16:48:52.004+0000	beacon2.Variants	13.0GB
2023-02-08T16:48:55.003+0000	beacon2.Variants	13.0GB
2023-02-08T16:48:57.999+0000	beacon2.Variants	13.1GB
2023-02-08T16:49:01.000+0000	beacon2.Variants	13.1GB
2023-02-08T16:49:03.999+0000	beacon2.Variants	13.1GB
2023-02-08T16:49:07.011+0000	beacon2.Variants	13.2GB
2023-02-08T16:49:09.999+0000	beacon2.Variants	13.2GB
2023-02-08T16:49:13.004+0000	beacon2.Variants	13.2GB
2023-02-08T16:49:16.001+0000	beacon2.Variants	13.3GB
2023-02-08T16:49:19.004+0000	beacon2.Variants	13.3GB
2023-02-08T16:49:21.999+0000	beacon2.Variants	13.4GB
2023-02-08T16:49:24.999+0000	beacon2.Variants	13.4GB
2023-02-08T16:49:27.999+0000	beacon2.Variants	13.4GB
2023-02-08T16:49:31.010+0000	beacon2.Variants	13.5GB
2023-02-08T16:49:33.999+0000	beacon2.Variants	13.5GB
2023-02-08T16:49:36.999+0000	beacon2.Variants	13.6GB
2023-02-08T16:49:40.000+0000	beacon2.Variants	13.6GB
2023-02-08T16:49:42.998+0000	beacon2.Variants	13.6GB
2023-02-08T16:49:45.999+0000	beacon2.Variants	13.7GB
2023-02-08T16:49:49.003+0000	beacon2.Variants	13.7GB
2023-02-08T16:49:52.003+0000	beacon2.Variants	13.8GB
2023-02-08T16:49:54.999+0000	beacon2.Variants	13.8GB
2023-02-08T16:49:57.999+0000	beacon2.Variants	13.8GB
2023-02-08T16:50:01.001+0000	beacon2.Variants	13.9GB
2023-02-08T16:50:03.999+0000	beacon2.Variants	13.9GB
2023-02-08T16:50:06.999+0000	beacon2.Variants	13.9GB
2023-02-08T16:50:10.001+0000	beacon2.Variants	14.0GB
2023-02-08T16:50:12.998+0000	beacon2.Variants	14.0GB
2023-02-08T16:50:15.999+0000	beacon2.Variants	14.1GB
2023-02-08T16:50:19.007+0000	beacon2.Variants	14.1GB
2023-02-08T16:50:21.999+0000	beacon2.Variants	14.1GB
2023-02-08T16:50:25.000+0000	beacon2.Variants	14.2GB
2023-02-08T16:50:27.998+0000	beacon2.Variants	14.2GB
2023-02-08T16:50:30.999+0000	beacon2.Variants	14.2GB
2023-02-08T16:50:34.001+0000	beacon2.Variants	14.3GB
2023-02-08T16:50:37.010+0000	beacon2.Variants	14.3GB
2023-02-08T16:50:40.001+0000	beacon2.Variants	14.3GB
2023-02-08T16:50:42.999+0000	beacon2.Variants	14.4GB
2023-02-08T16:50:46.000+0000	beacon2.Variants	14.4GB
2023-02-08T16:50:49.043+0000	beacon2.Variants	14.5GB
2023-02-08T16:50:52.000+0000	beacon2.Variants	14.5GB
2023-02-08T16:50:54.998+0000	beacon2.Variants	14.5GB
2023-02-08T16:50:57.998+0000	beacon2.Variants	14.6GB
2023-02-08T16:51:01.005+0000	beacon2.Variants	14.6GB
2023-02-08T16:51:03.998+0000	beacon2.Variants	14.7GB
2023-02-08T16:51:07.000+0000	beacon2.Variants	14.7GB
2023-02-08T16:51:10.002+0000	beacon2.Variants	14.7GB
2023-02-08T16:51:13.006+0000	beacon2.Variants	14.8GB
2023-02-08T16:51:16.001+0000	beacon2.Variants	14.8GB
2023-02-08T16:51:19.010+0000	beacon2.Variants	14.8GB
2023-02-08T16:51:22.010+0000	beacon2.Variants	14.9GB
2023-02-08T16:51:24.999+0000	beacon2.Variants	14.9GB
2023-02-08T16:51:28.003+0000	beacon2.Variants	15.0GB
2023-02-08T16:51:30.999+0000	beacon2.Variants	15.0GB
2023-02-08T16:51:33.999+0000	beacon2.Variants	15.0GB
2023-02-08T16:51:36.998+0000	beacon2.Variants	15.1GB
2023-02-08T16:51:39.999+0000	beacon2.Variants	15.1GB
2023-02-08T16:51:43.001+0000	beacon2.Variants	15.2GB
2023-02-08T16:51:45.999+0000	beacon2.Variants	15.2GB
2023-02-08T16:51:48.999+0000	beacon2.Variants	15.2GB
2023-02-08T16:51:52.005+0000	beacon2.Variants	15.3GB
2023-02-08T16:51:55.005+0000	beacon2.Variants	15.3GB
2023-02-08T16:51:58.004+0000	beacon2.Variants	15.3GB
2023-02-08T16:52:01.003+0000	beacon2.Variants	15.4GB
2023-02-08T16:52:03.998+0000	beacon2.Variants	15.4GB
2023-02-08T16:52:06.998+0000	beacon2.Variants	15.4GB
2023-02-08T16:52:10.001+0000	beacon2.Variants	15.5GB
2023-02-08T16:52:13.003+0000	beacon2.Variants	15.5GB
2023-02-08T16:52:15.998+0000	beacon2.Variants	15.6GB
2023-02-08T16:52:18.998+0000	beacon2.Variants	15.6GB
2023-02-08T16:52:22.005+0000	beacon2.Variants	15.6GB
2023-02-08T16:52:25.002+0000	beacon2.Variants	15.7GB
2023-02-08T16:52:27.999+0000	beacon2.Variants	15.7GB
2023-02-08T16:52:31.002+0000	beacon2.Variants	15.8GB
2023-02-08T16:52:34.002+0000	beacon2.Variants	15.8GB
2023-02-08T16:52:37.002+0000	beacon2.Variants	15.8GB
2023-02-08T16:52:40.001+0000	beacon2.Variants	15.9GB
2023-02-08T16:52:43.002+0000	beacon2.Variants	15.9GB
2023-02-08T16:52:46.002+0000	beacon2.Variants	15.9GB
2023-02-08T16:52:49.001+0000	beacon2.Variants	16.0GB
2023-02-08T16:52:52.002+0000	beacon2.Variants	16.0GB
2023-02-08T16:52:55.002+0000	beacon2.Variants	16.1GB
2023-02-08T16:52:58.000+0000	beacon2.Variants	16.1GB
2023-02-08T16:53:01.003+0000	beacon2.Variants	16.1GB
2023-02-08T16:53:03.998+0000	beacon2.Variants	16.2GB
2023-02-08T16:53:07.002+0000	beacon2.Variants	16.2GB
2023-02-08T16:53:09.999+0000	beacon2.Variants	16.2GB
2023-02-08T16:53:13.005+0000	beacon2.Variants	16.3GB
2023-02-08T16:53:16.001+0000	beacon2.Variants	16.3GB
2023-02-08T16:53:19.005+0000	beacon2.Variants	16.4GB
2023-02-08T16:53:22.000+0000	beacon2.Variants	16.4GB
2023-02-08T16:53:24.998+0000	beacon2.Variants	16.4GB
2023-02-08T16:53:27.999+0000	beacon2.Variants	16.5GB
2023-02-08T16:53:30.999+0000	beacon2.Variants	16.5GB
2023-02-08T16:53:33.998+0000	beacon2.Variants	16.5GB
2023-02-08T16:53:37.009+0000	beacon2.Variants	16.6GB
2023-02-08T16:53:39.998+0000	beacon2.Variants	16.6GB
2023-02-08T16:53:42.999+0000	beacon2.Variants	16.6GB
2023-02-08T16:53:46.004+0000	beacon2.Variants	16.7GB
2023-02-08T16:53:49.001+0000	beacon2.Variants	16.7GB
2023-02-08T16:53:51.998+0000	beacon2.Variants	16.8GB
2023-02-08T16:53:55.002+0000	beacon2.Variants	16.8GB
2023-02-08T16:53:57.999+0000	beacon2.Variants	16.8GB
2023-02-08T16:54:01.009+0000	beacon2.Variants	16.9GB
2023-02-08T16:54:04.000+0000	beacon2.Variants	16.9GB
2023-02-08T16:54:06.998+0000	beacon2.Variants	17.0GB
2023-02-08T16:54:09.999+0000	beacon2.Variants	17.0GB
2023-02-08T16:54:13.009+0000	beacon2.Variants	17.0GB
2023-02-08T16:54:16.003+0000	beacon2.Variants	17.1GB
2023-02-08T16:54:19.002+0000	beacon2.Variants	17.1GB
2023-02-08T16:54:22.003+0000	beacon2.Variants	17.1GB
2023-02-08T16:54:25.006+0000	beacon2.Variants	17.2GB
2023-02-08T16:54:27.998+0000	beacon2.Variants	17.2GB
2023-02-08T16:54:31.011+0000	beacon2.Variants	17.3GB
2023-02-08T16:54:34.002+0000	beacon2.Variants	17.3GB
2023-02-08T16:54:36.998+0000	beacon2.Variants	17.3GB
2023-02-08T16:54:39.998+0000	beacon2.Variants	17.4GB
2023-02-08T16:54:43.007+0000	beacon2.Variants	17.4GB
2023-02-08T16:54:46.002+0000	beacon2.Variants	17.4GB
2023-02-08T16:54:48.998+0000	beacon2.Variants	17.5GB
2023-02-08T16:54:52.003+0000	beacon2.Variants	17.5GB
2023-02-08T16:54:55.007+0000	beacon2.Variants	17.6GB
2023-02-08T16:54:58.001+0000	beacon2.Variants	17.6GB
2023-02-08T16:55:01.001+0000	beacon2.Variants	17.6GB
2023-02-08T16:55:03.999+0000	beacon2.Variants	17.7GB
2023-02-08T16:55:06.999+0000	beacon2.Variants	17.7GB
2023-02-08T16:55:10.002+0000	beacon2.Variants	17.8GB
2023-02-08T16:55:12.998+0000	beacon2.Variants	17.8GB
2023-02-08T16:55:16.001+0000	beacon2.Variants	17.8GB
2023-02-08T16:55:19.010+0000	beacon2.Variants	17.9GB
2023-02-08T16:55:21.999+0000	beacon2.Variants	17.9GB
2023-02-08T16:55:25.006+0000	beacon2.Variants	17.9GB
2023-02-08T16:55:27.998+0000	beacon2.Variants	18.0GB
2023-02-08T16:55:31.001+0000	beacon2.Variants	18.0GB
2023-02-08T16:55:34.005+0000	beacon2.Variants	18.1GB
2023-02-08T16:55:37.006+0000	beacon2.Variants	18.1GB
2023-02-08T16:55:39.998+0000	beacon2.Variants	18.1GB
2023-02-08T16:55:43.001+0000	beacon2.Variants	18.2GB
2023-02-08T16:55:46.000+0000	beacon2.Variants	18.2GB
2023-02-08T16:55:49.004+0000	beacon2.Variants	18.2GB
2023-02-08T16:55:51.999+0000	beacon2.Variants	18.3GB
2023-02-08T16:55:55.006+0000	beacon2.Variants	18.3GB
2023-02-08T16:55:57.999+0000	beacon2.Variants	18.4GB
2023-02-08T16:56:01.017+0000	beacon2.Variants	18.4GB
2023-02-08T16:56:03.998+0000	beacon2.Variants	18.4GB
2023-02-08T16:56:07.007+0000	beacon2.Variants	18.5GB
2023-02-08T16:56:10.010+0000	beacon2.Variants	18.5GB
2023-02-08T16:56:12.999+0000	beacon2.Variants	18.5GB
2023-02-08T16:56:16.003+0000	beacon2.Variants	18.6GB
2023-02-08T16:56:19.017+0000	beacon2.Variants	18.6GB
2023-02-08T16:56:21.998+0000	beacon2.Variants	18.6GB
2023-02-08T16:56:25.001+0000	beacon2.Variants	18.7GB
2023-02-08T16:56:27.998+0000	beacon2.Variants	18.7GB
2023-02-08T16:56:31.001+0000	beacon2.Variants	18.8GB
2023-02-08T16:56:34.004+0000	beacon2.Variants	18.8GB
2023-02-08T16:56:37.000+0000	beacon2.Variants	18.8GB
2023-02-08T16:56:40.003+0000	beacon2.Variants	18.9GB
2023-02-08T16:56:43.004+0000	beacon2.Variants	18.9GB
2023-02-08T16:56:46.007+0000	beacon2.Variants	18.9GB
2023-02-08T16:56:49.004+0000	beacon2.Variants	19.0GB
2023-02-08T16:56:51.999+0000	beacon2.Variants	19.0GB
2023-02-08T16:56:54.998+0000	beacon2.Variants	19.1GB
2023-02-08T16:56:57.999+0000	beacon2.Variants	19.1GB
2023-02-08T16:57:01.001+0000	beacon2.Variants	19.1GB
2023-02-08T16:57:04.000+0000	beacon2.Variants	19.2GB
2023-02-08T16:57:07.002+0000	beacon2.Variants	19.2GB
2023-02-08T16:57:09.999+0000	beacon2.Variants	19.2GB
2023-02-08T16:57:13.004+0000	beacon2.Variants	19.3GB
2023-02-08T16:57:15.999+0000	beacon2.Variants	19.3GB
2023-02-08T16:57:18.999+0000	beacon2.Variants	19.4GB
2023-02-08T16:57:21.999+0000	beacon2.Variants	19.4GB
2023-02-08T16:57:25.006+0000	beacon2.Variants	19.4GB
2023-02-08T16:57:27.998+0000	beacon2.Variants	19.5GB
2023-02-08T16:57:31.001+0000	beacon2.Variants	19.5GB
2023-02-08T16:57:34.005+0000	beacon2.Variants	19.6GB
2023-02-08T16:57:37.003+0000	beacon2.Variants	19.6GB
2023-02-08T16:57:39.999+0000	beacon2.Variants	19.6GB
2023-02-08T16:57:43.000+0000	beacon2.Variants	19.7GB
2023-02-08T16:57:46.004+0000	beacon2.Variants	19.7GB
2023-02-08T16:57:49.002+0000	beacon2.Variants	19.8GB
2023-02-08T16:57:52.004+0000	beacon2.Variants	19.8GB
2023-02-08T16:57:55.004+0000	beacon2.Variants	19.8GB
2023-02-08T16:57:57.999+0000	beacon2.Variants	19.9GB
2023-02-08T16:58:01.002+0000	beacon2.Variants	19.9GB
2023-02-08T16:58:04.004+0000	beacon2.Variants	19.9GB
2023-02-08T16:58:06.999+0000	beacon2.Variants	20.0GB
2023-02-08T16:58:09.999+0000	beacon2.Variants	20.0GB
2023-02-08T16:58:12.999+0000	beacon2.Variants	20.1GB
2023-02-08T16:58:15.999+0000	beacon2.Variants	20.1GB
2023-02-08T16:58:18.998+0000	beacon2.Variants	20.1GB
2023-02-08T16:58:22.004+0000	beacon2.Variants	20.2GB
2023-02-08T16:58:25.002+0000	beacon2.Variants	20.2GB
2023-02-08T16:58:27.999+0000	beacon2.Variants	20.2GB
2023-02-08T16:58:30.999+0000	beacon2.Variants	20.3GB
2023-02-08T16:58:34.001+0000	beacon2.Variants	20.3GB
2023-02-08T16:58:36.998+0000	beacon2.Variants	20.4GB
2023-02-08T16:58:40.003+0000	beacon2.Variants	20.4GB
2023-02-08T16:58:43.004+0000	beacon2.Variants	20.4GB
2023-02-08T16:58:46.006+0000	beacon2.Variants	20.5GB
2023-02-08T16:58:49.011+0000	beacon2.Variants	20.5GB
2023-02-08T16:58:51.998+0000	beacon2.Variants	20.6GB
2023-02-08T16:58:55.003+0000	beacon2.Variants	20.6GB
2023-02-08T16:58:57.999+0000	beacon2.Variants	20.6GB
2023-02-08T16:59:01.014+0000	beacon2.Variants	20.7GB
2023-02-08T16:59:03.998+0000	beacon2.Variants	20.7GB
2023-02-08T16:59:06.998+0000	beacon2.Variants	20.7GB
2023-02-08T16:59:09.999+0000	beacon2.Variants	20.8GB
2023-02-08T16:59:13.001+0000	beacon2.Variants	20.8GB
2023-02-08T16:59:16.002+0000	beacon2.Variants	20.9GB
2023-02-08T16:59:19.004+0000	beacon2.Variants	20.9GB
2023-02-08T16:59:22.011+0000	beacon2.Variants	20.9GB
2023-02-08T16:59:25.005+0000	beacon2.Variants	21.0GB
2023-02-08T16:59:27.999+0000	beacon2.Variants	21.0GB
2023-02-08T16:59:30.999+0000	beacon2.Variants	21.0GB
2023-02-08T16:59:34.004+0000	beacon2.Variants	21.1GB
2023-02-08T16:59:37.001+0000	beacon2.Variants	21.1GB
2023-02-08T16:59:39.999+0000	beacon2.Variants	21.1GB
2023-02-08T16:59:42.999+0000	beacon2.Variants	21.2GB
2023-02-08T16:59:45.998+0000	beacon2.Variants	21.2GB
2023-02-08T16:59:49.011+0000	beacon2.Variants	21.3GB
2023-02-08T16:59:51.999+0000	beacon2.Variants	21.3GB
2023-02-08T16:59:55.011+0000	beacon2.Variants	21.3GB
2023-02-08T16:59:58.007+0000	beacon2.Variants	21.4GB
2023-02-08T17:00:00.999+0000	beacon2.Variants	21.4GB
2023-02-08T17:00:04.002+0000	beacon2.Variants	21.5GB
2023-02-08T17:00:07.007+0000	beacon2.Variants	21.5GB
2023-02-08T17:00:10.006+0000	beacon2.Variants	21.5GB
2023-02-08T17:00:13.004+0000	beacon2.Variants	21.6GB
2023-02-08T17:00:15.999+0000	beacon2.Variants	21.6GB
2023-02-08T17:00:19.003+0000	beacon2.Variants	21.6GB
2023-02-08T17:00:22.007+0000	beacon2.Variants	21.7GB
2023-02-08T17:00:24.999+0000	beacon2.Variants	21.7GB
2023-02-08T17:00:28.003+0000	beacon2.Variants	21.8GB
2023-02-08T17:00:31.002+0000	beacon2.Variants	21.8GB
2023-02-08T17:00:34.000+0000	beacon2.Variants	21.8GB
2023-02-08T17:00:36.999+0000	beacon2.Variants	21.9GB
2023-02-08T17:00:40.007+0000	beacon2.Variants	21.9GB
2023-02-08T17:00:43.006+0000	beacon2.Variants	21.9GB
2023-02-08T17:00:45.998+0000	beacon2.Variants	22.0GB
2023-02-08T17:00:49.008+0000	beacon2.Variants	22.0GB
2023-02-08T17:00:52.001+0000	beacon2.Variants	22.1GB
2023-02-08T17:00:55.003+0000	beacon2.Variants	22.1GB
2023-02-08T17:00:58.000+0000	beacon2.Variants	22.1GB
2023-02-08T17:01:01.006+0000	beacon2.Variants	22.2GB
2023-02-08T17:01:04.006+0000	beacon2.Variants	22.2GB
2023-02-08T17:01:06.998+0000	beacon2.Variants	22.2GB
2023-02-08T17:01:09.998+0000	beacon2.Variants	22.3GB
2023-02-08T17:01:13.006+0000	beacon2.Variants	22.3GB
2023-02-08T17:01:15.999+0000	beacon2.Variants	22.4GB
2023-02-08T17:01:19.007+0000	beacon2.Variants	22.4GB
2023-02-08T17:01:22.002+0000	beacon2.Variants	22.4GB
2023-02-08T17:01:25.008+0000	beacon2.Variants	22.5GB
2023-02-08T17:01:28.008+0000	beacon2.Variants	22.5GB
2023-02-08T17:01:30.998+0000	beacon2.Variants	22.6GB
2023-02-08T17:01:33.998+0000	beacon2.Variants	22.6GB
2023-02-08T17:01:37.000+0000	beacon2.Variants	22.6GB
2023-02-08T17:01:39.998+0000	beacon2.Variants	22.7GB
2023-02-08T17:01:42.999+0000	beacon2.Variants	22.7GB
2023-02-08T17:01:46.007+0000	beacon2.Variants	22.7GB
2023-02-08T17:01:49.008+0000	beacon2.Variants	22.8GB
2023-02-08T17:01:52.006+0000	beacon2.Variants	22.8GB
2023-02-08T17:01:54.999+0000	beacon2.Variants	22.9GB
2023-02-08T17:01:58.001+0000	beacon2.Variants	22.9GB
2023-02-08T17:02:00.998+0000	beacon2.Variants	22.9GB
2023-02-08T17:02:04.003+0000	beacon2.Variants	23.0GB
2023-02-08T17:02:06.998+0000	beacon2.Variants	23.0GB
2023-02-08T17:02:10.005+0000	beacon2.Variants	23.1GB
2023-02-08T17:02:13.001+0000	beacon2.Variants	23.1GB
2023-02-08T17:02:15.999+0000	beacon2.Variants	23.1GB
2023-02-08T17:02:18.999+0000	beacon2.Variants	23.2GB
2023-02-08T17:02:22.002+0000	beacon2.Variants	23.2GB
2023-02-08T17:02:25.002+0000	beacon2.Variants	23.2GB
2023-02-08T17:02:27.999+0000	beacon2.Variants	23.3GB
2023-02-08T17:02:31.001+0000	beacon2.Variants	23.3GB
2023-02-08T17:02:33.998+0000	beacon2.Variants	23.4GB
2023-02-08T17:02:36.999+0000	beacon2.Variants	23.4GB
2023-02-08T17:02:39.999+0000	beacon2.Variants	23.4GB
2023-02-08T17:02:43.007+0000	beacon2.Variants	23.5GB
2023-02-08T17:02:46.003+0000	beacon2.Variants	23.5GB
2023-02-08T17:02:49.003+0000	beacon2.Variants	23.5GB
2023-02-08T17:02:52.001+0000	beacon2.Variants	23.6GB
2023-02-08T17:02:54.999+0000	beacon2.Variants	23.6GB
2023-02-08T17:02:58.001+0000	beacon2.Variants	23.6GB
2023-02-08T17:03:00.999+0000	beacon2.Variants	23.7GB
2023-02-08T17:03:04.004+0000	beacon2.Variants	23.7GB
2023-02-08T17:03:06.999+0000	beacon2.Variants	23.8GB
2023-02-08T17:03:10.006+0000	beacon2.Variants	23.8GB
2023-02-08T17:03:12.999+0000	beacon2.Variants	23.8GB
2023-02-08T17:03:16.003+0000	beacon2.Variants	23.9GB
2023-02-08T17:03:19.002+0000	beacon2.Variants	23.9GB
2023-02-08T17:03:21.999+0000	beacon2.Variants	23.9GB
2023-02-08T17:03:24.998+0000	beacon2.Variants	24.0GB
2023-02-08T17:03:27.998+0000	beacon2.Variants	24.0GB
2023-02-08T17:03:30.999+0000	beacon2.Variants	24.1GB
2023-02-08T17:03:33.998+0000	beacon2.Variants	24.1GB
2023-02-08T17:03:36.999+0000	beacon2.Variants	24.1GB
2023-02-08T17:03:39.999+0000	beacon2.Variants	24.2GB
2023-02-08T17:03:42.999+0000	beacon2.Variants	24.2GB
2023-02-08T17:03:45.999+0000	beacon2.Variants	24.2GB
2023-02-08T17:03:48.999+0000	beacon2.Variants	24.3GB
2023-02-08T17:03:52.006+0000	beacon2.Variants	24.3GB
2023-02-08T17:03:55.006+0000	beacon2.Variants	24.4GB
2023-02-08T17:03:58.005+0000	beacon2.Variants	24.4GB
2023-02-08T17:04:00.999+0000	beacon2.Variants	24.4GB
2023-02-08T17:04:03.999+0000	beacon2.Variants	24.5GB
2023-02-08T17:04:06.998+0000	beacon2.Variants	24.5GB
2023-02-08T17:04:09.998+0000	beacon2.Variants	24.6GB
2023-02-08T17:04:13.012+0000	beacon2.Variants	24.6GB
2023-02-08T17:04:16.002+0000	beacon2.Variants	24.6GB
2023-02-08T17:04:18.999+0000	beacon2.Variants	24.7GB
2023-02-08T17:04:22.004+0000	beacon2.Variants	24.7GB
2023-02-08T17:04:25.001+0000	beacon2.Variants	24.7GB
2023-02-08T17:04:28.001+0000	beacon2.Variants	24.8GB
2023-02-08T17:04:31.001+0000	beacon2.Variants	24.8GB
2023-02-08T17:04:33.999+0000	beacon2.Variants	24.9GB
2023-02-08T17:04:36.999+0000	beacon2.Variants	24.9GB
2023-02-08T17:04:40.002+0000	beacon2.Variants	24.9GB
2023-02-08T17:04:42.999+0000	beacon2.Variants	25.0GB
2023-02-08T17:04:45.999+0000	beacon2.Variants	25.0GB
2023-02-08T17:04:49.005+0000	beacon2.Variants	25.1GB
2023-02-08T17:04:51.999+0000	beacon2.Variants	25.1GB
2023-02-08T17:04:55.003+0000	beacon2.Variants	25.1GB
2023-02-08T17:04:58.011+0000	beacon2.Variants	25.2GB
2023-02-08T17:05:01.001+0000	beacon2.Variants	25.2GB
2023-02-08T17:05:03.999+0000	beacon2.Variants	25.2GB
2023-02-08T17:05:06.998+0000	beacon2.Variants	25.3GB
2023-02-08T17:05:09.999+0000	beacon2.Variants	25.3GB
2023-02-08T17:05:12.998+0000	beacon2.Variants	25.4GB
2023-02-08T17:05:16.007+0000	beacon2.Variants	25.4GB
2023-02-08T17:05:18.999+0000	beacon2.Variants	25.4GB
2023-02-08T17:05:21.998+0000	beacon2.Variants	25.5GB
2023-02-08T17:05:25.003+0000	beacon2.Variants	25.5GB
2023-02-08T17:05:28.006+0000	beacon2.Variants	25.5GB
2023-02-08T17:05:31.002+0000	beacon2.Variants	25.6GB
2023-02-08T17:05:34.007+0000	beacon2.Variants	25.6GB
2023-02-08T17:05:36.999+0000	beacon2.Variants	25.6GB
2023-02-08T17:05:39.999+0000	beacon2.Variants	25.7GB
2023-02-08T17:05:42.999+0000	beacon2.Variants	25.7GB
2023-02-08T17:05:46.001+0000	beacon2.Variants	25.8GB
2023-02-08T17:05:48.998+0000	beacon2.Variants	25.8GB
2023-02-08T17:05:51.999+0000	beacon2.Variants	25.8GB
2023-02-08T17:05:54.999+0000	beacon2.Variants	25.9GB
2023-02-08T17:05:58.001+0000	beacon2.Variants	25.9GB
2023-02-08T17:06:01.007+0000	beacon2.Variants	26.0GB
2023-02-08T17:06:04.003+0000	beacon2.Variants	26.0GB
2023-02-08T17:06:07.023+0000	beacon2.Variants	26.0GB
2023-02-08T17:06:09.998+0000	beacon2.Variants	26.1GB
2023-02-08T17:06:13.003+0000	beacon2.Variants	26.1GB
2023-02-08T17:06:16.000+0000	beacon2.Variants	26.1GB
2023-02-08T17:06:18.999+0000	beacon2.Variants	26.2GB
2023-02-08T17:06:22.000+0000	beacon2.Variants	26.2GB
2023-02-08T17:06:25.000+0000	beacon2.Variants	26.3GB
2023-02-08T17:06:27.999+0000	beacon2.Variants	26.3GB
2023-02-08T17:06:31.002+0000	beacon2.Variants	26.3GB
2023-02-08T17:06:34.001+0000	beacon2.Variants	26.4GB
2023-02-08T17:06:37.007+0000	beacon2.Variants	26.4GB
2023-02-08T17:06:39.999+0000	beacon2.Variants	26.4GB
2023-02-08T17:06:43.007+0000	beacon2.Variants	26.5GB
2023-02-08T17:06:45.999+0000	beacon2.Variants	26.5GB
2023-02-08T17:06:48.999+0000	beacon2.Variants	26.6GB
2023-02-08T17:06:52.003+0000	beacon2.Variants	26.6GB
2023-02-08T17:06:55.003+0000	beacon2.Variants	26.6GB
2023-02-08T17:06:58.006+0000	beacon2.Variants	26.7GB
2023-02-08T17:07:01.004+0000	beacon2.Variants	26.7GB
2023-02-08T17:07:04.002+0000	beacon2.Variants	26.8GB
2023-02-08T17:07:06.998+0000	beacon2.Variants	26.8GB
2023-02-08T17:07:10.004+0000	beacon2.Variants	26.8GB
2023-02-08T17:07:12.998+0000	beacon2.Variants	26.9GB
2023-02-08T17:07:15.999+0000	beacon2.Variants	26.9GB
2023-02-08T17:07:18.999+0000	beacon2.Variants	26.9GB
2023-02-08T17:07:21.998+0000	beacon2.Variants	27.0GB
2023-02-08T17:07:25.000+0000	beacon2.Variants	27.0GB
2023-02-08T17:07:27.999+0000	beacon2.Variants	27.1GB
2023-02-08T17:07:31.000+0000	beacon2.Variants	27.1GB
2023-02-08T17:07:34.009+0000	beacon2.Variants	27.1GB
2023-02-08T17:07:37.012+0000	beacon2.Variants	27.2GB
2023-02-08T17:07:39.999+0000	beacon2.Variants	27.2GB
2023-02-08T17:07:43.004+0000	beacon2.Variants	27.2GB
2023-02-08T17:07:45.999+0000	beacon2.Variants	27.3GB
2023-02-08T17:07:49.014+0000	beacon2.Variants	27.3GB
2023-02-08T17:07:51.999+0000	beacon2.Variants	27.4GB
2023-02-08T17:07:54.998+0000	beacon2.Variants	27.4GB
2023-02-08T17:07:58.002+0000	beacon2.Variants	27.4GB
2023-02-08T17:08:00.999+0000	beacon2.Variants	27.5GB
2023-02-08T17:08:03.999+0000	beacon2.Variants	27.5GB
2023-02-08T17:08:07.000+0000	beacon2.Variants	27.6GB
2023-02-08T17:08:09.998+0000	beacon2.Variants	27.6GB
2023-02-08T17:08:12.998+0000	beacon2.Variants	27.6GB
2023-02-08T17:08:15.998+0000	beacon2.Variants	27.7GB
2023-02-08T17:08:19.003+0000	beacon2.Variants	27.7GB
2023-02-08T17:08:22.001+0000	beacon2.Variants	27.7GB
2023-02-08T17:08:24.999+0000	beacon2.Variants	27.8GB
2023-02-08T17:08:27.998+0000	beacon2.Variants	27.8GB
2023-02-08T17:08:31.005+0000	beacon2.Variants	27.9GB
2023-02-08T17:08:34.004+0000	beacon2.Variants	27.9GB
2023-02-08T17:08:36.999+0000	beacon2.Variants	27.9GB
2023-02-08T17:08:39.998+0000	beacon2.Variants	28.0GB
2023-02-08T17:08:42.998+0000	beacon2.Variants	28.0GB
2023-02-08T17:08:46.000+0000	beacon2.Variants	28.0GB
2023-02-08T17:08:48.999+0000	beacon2.Variants	28.1GB
2023-02-08T17:08:51.999+0000	beacon2.Variants	28.1GB
2023-02-08T17:08:55.007+0000	beacon2.Variants	28.1GB
2023-02-08T17:08:57.999+0000	beacon2.Variants	28.2GB
2023-02-08T17:09:01.005+0000	beacon2.Variants	28.2GB
2023-02-08T17:09:03.998+0000	beacon2.Variants	28.3GB
2023-02-08T17:09:07.007+0000	beacon2.Variants	28.3GB
2023-02-08T17:09:09.999+0000	beacon2.Variants	28.3GB
2023-02-08T17:09:13.010+0000	beacon2.Variants	28.4GB
2023-02-08T17:09:16.002+0000	beacon2.Variants	28.4GB
2023-02-08T17:09:19.001+0000	beacon2.Variants	28.4GB
2023-02-08T17:09:22.005+0000	beacon2.Variants	28.5GB
2023-02-08T17:09:24.999+0000	beacon2.Variants	28.5GB
2023-02-08T17:09:28.005+0000	beacon2.Variants	28.6GB
2023-02-08T17:09:31.001+0000	beacon2.Variants	28.6GB
2023-02-08T17:09:34.002+0000	beacon2.Variants	28.6GB
2023-02-08T17:09:37.008+0000	beacon2.Variants	28.7GB
2023-02-08T17:09:40.000+0000	beacon2.Variants	28.7GB
2023-02-08T17:09:43.015+0000	beacon2.Variants	28.8GB
2023-02-08T17:09:46.001+0000	beacon2.Variants	28.8GB
2023-02-08T17:09:49.003+0000	beacon2.Variants	28.8GB
2023-02-08T17:09:52.001+0000	beacon2.Variants	28.9GB
2023-02-08T17:09:54.999+0000	beacon2.Variants	28.9GB
2023-02-08T17:09:57.998+0000	beacon2.Variants	28.9GB
2023-02-08T17:10:00.999+0000	beacon2.Variants	29.0GB
2023-02-08T17:10:03.998+0000	beacon2.Variants	29.0GB
2023-02-08T17:10:07.007+0000	beacon2.Variants	29.1GB
2023-02-08T17:10:09.999+0000	beacon2.Variants	29.1GB
2023-02-08T17:10:13.001+0000	beacon2.Variants	29.1GB
2023-02-08T17:10:16.004+0000	beacon2.Variants	29.2GB
2023-02-08T17:10:19.002+0000	beacon2.Variants	29.2GB
2023-02-08T17:10:21.998+0000	beacon2.Variants	29.2GB
2023-02-08T17:10:25.000+0000	beacon2.Variants	29.3GB
2023-02-08T17:10:27.998+0000	beacon2.Variants	29.3GB
2023-02-08T17:10:30.999+0000	beacon2.Variants	29.4GB
2023-02-08T17:10:34.004+0000	beacon2.Variants	29.4GB
2023-02-08T17:10:36.999+0000	beacon2.Variants	29.4GB
2023-02-08T17:10:40.005+0000	beacon2.Variants	29.5GB
2023-02-08T17:10:43.001+0000	beacon2.Variants	29.5GB
2023-02-08T17:10:45.999+0000	beacon2.Variants	29.6GB
2023-02-08T17:10:49.003+0000	beacon2.Variants	29.6GB
2023-02-08T17:10:52.038+0000	beacon2.Variants	29.6GB
2023-02-08T17:10:55.006+0000	beacon2.Variants	29.7GB
2023-02-08T17:10:57.999+0000	beacon2.Variants	29.7GB
2023-02-08T17:11:00.999+0000	beacon2.Variants	29.7GB
2023-02-08T17:11:04.003+0000	beacon2.Variants	29.8GB
2023-02-08T17:11:07.006+0000	beacon2.Variants	29.8GB
2023-02-08T17:11:10.007+0000	beacon2.Variants	29.9GB
2023-02-08T17:11:13.001+0000	beacon2.Variants	29.9GB
2023-02-08T17:11:16.008+0000	beacon2.Variants	29.9GB
2023-02-08T17:11:19.003+0000	beacon2.Variants	30.0GB
2023-02-08T17:11:22.001+0000	beacon2.Variants	30.0GB
2023-02-08T17:11:24.998+0000	beacon2.Variants	30.0GB
2023-02-08T17:11:27.999+0000	beacon2.Variants	30.1GB
2023-02-08T17:11:31.007+0000	beacon2.Variants	30.1GB
2023-02-08T17:11:33.999+0000	beacon2.Variants	30.2GB
2023-02-08T17:11:36.998+0000	beacon2.Variants	30.2GB
2023-02-08T17:11:39.998+0000	beacon2.Variants	30.2GB
2023-02-08T17:11:43.001+0000	beacon2.Variants	30.3GB
2023-02-08T17:11:46.001+0000	beacon2.Variants	30.3GB
2023-02-08T17:11:49.000+0000	beacon2.Variants	30.4GB
2023-02-08T17:11:52.000+0000	beacon2.Variants	30.4GB
2023-02-08T17:11:55.006+0000	beacon2.Variants	30.4GB
2023-02-08T17:11:58.014+0000	beacon2.Variants	30.5GB
2023-02-08T17:12:00.998+0000	beacon2.Variants	30.5GB
2023-02-08T17:12:03.998+0000	beacon2.Variants	30.5GB
2023-02-08T17:12:07.000+0000	beacon2.Variants	30.6GB
2023-02-08T17:12:10.007+0000	beacon2.Variants	30.6GB
2023-02-08T17:12:13.003+0000	beacon2.Variants	30.6GB
2023-02-08T17:12:16.027+0000	beacon2.Variants	30.7GB
2023-02-08T17:12:19.007+0000	beacon2.Variants	30.7GB
2023-02-08T17:12:21.999+0000	beacon2.Variants	30.8GB
2023-02-08T17:12:24.999+0000	beacon2.Variants	30.8GB
2023-02-08T17:12:28.010+0000	beacon2.Variants	30.8GB
2023-02-08T17:12:31.018+0000	beacon2.Variants	30.9GB
2023-02-08T17:12:34.004+0000	beacon2.Variants	30.9GB
2023-02-08T17:12:36.998+0000	beacon2.Variants	30.9GB
2023-02-08T17:12:40.006+0000	beacon2.Variants	31.0GB
2023-02-08T17:12:42.999+0000	beacon2.Variants	31.0GB
2023-02-08T17:12:46.008+0000	beacon2.Variants	31.1GB
2023-02-08T17:12:49.005+0000	beacon2.Variants	31.1GB
2023-02-08T17:12:52.001+0000	beacon2.Variants	31.1GB
2023-02-08T17:12:54.999+0000	beacon2.Variants	31.2GB
2023-02-08T17:12:58.003+0000	beacon2.Variants	31.2GB
2023-02-08T17:13:01.004+0000	beacon2.Variants	31.2GB
2023-02-08T17:13:04.007+0000	beacon2.Variants	31.3GB
2023-02-08T17:13:07.000+0000	beacon2.Variants	31.3GB
2023-02-08T17:13:09.998+0000	beacon2.Variants	31.4GB
2023-02-08T17:13:12.999+0000	beacon2.Variants	31.4GB
2023-02-08T17:13:16.002+0000	beacon2.Variants	31.4GB
2023-02-08T17:13:19.007+0000	beacon2.Variants	31.5GB
2023-02-08T17:13:21.999+0000	beacon2.Variants	31.5GB
2023-02-08T17:13:24.999+0000	beacon2.Variants	31.6GB
2023-02-08T17:13:27.999+0000	beacon2.Variants	31.6GB
2023-02-08T17:13:30.999+0000	beacon2.Variants	31.6GB
2023-02-08T17:13:34.007+0000	beacon2.Variants	31.7GB
2023-02-08T17:13:36.999+0000	beacon2.Variants	31.7GB
2023-02-08T17:13:39.999+0000	beacon2.Variants	31.7GB
2023-02-08T17:13:42.998+0000	beacon2.Variants	31.8GB
2023-02-08T17:13:45.999+0000	beacon2.Variants	31.8GB
2023-02-08T17:13:48.998+0000	beacon2.Variants	31.9GB
2023-02-08T17:13:51.999+0000	beacon2.Variants	31.9GB
2023-02-08T17:13:54.998+0000	beacon2.Variants	31.9GB
2023-02-08T17:13:58.001+0000	beacon2.Variants	32.0GB
2023-02-08T17:14:01.003+0000	beacon2.Variants	32.0GB
2023-02-08T17:14:04.006+0000	beacon2.Variants	32.0GB
2023-02-08T17:14:07.008+0000	beacon2.Variants	32.1GB
2023-02-08T17:14:10.001+0000	beacon2.Variants	32.1GB
2023-02-08T17:14:12.999+0000	beacon2.Variants	32.2GB
2023-02-08T17:14:16.005+0000	beacon2.Variants	32.2GB
2023-02-08T17:14:19.013+0000	beacon2.Variants	32.2GB
2023-02-08T17:14:22.004+0000	beacon2.Variants	32.3GB
2023-02-08T17:14:25.002+0000	beacon2.Variants	32.3GB
2023-02-08T17:14:28.002+0000	beacon2.Variants	32.4GB
2023-02-08T17:14:31.019+0000	beacon2.Variants	32.4GB
2023-02-08T17:14:33.999+0000	beacon2.Variants	32.4GB
2023-02-08T17:14:36.998+0000	beacon2.Variants	32.5GB
2023-02-08T17:14:39.998+0000	beacon2.Variants	32.5GB
2023-02-08T17:14:43.002+0000	beacon2.Variants	32.5GB
2023-02-08T17:14:45.999+0000	beacon2.Variants	32.6GB
2023-02-08T17:14:49.000+0000	beacon2.Variants	32.6GB
2023-02-08T17:14:52.001+0000	beacon2.Variants	32.6GB
2023-02-08T17:14:55.001+0000	beacon2.Variants	32.7GB
2023-02-08T17:14:57.999+0000	beacon2.Variants	32.7GB
2023-02-08T17:15:00.999+0000	beacon2.Variants	32.8GB
2023-02-08T17:15:04.001+0000	beacon2.Variants	32.8GB
2023-02-08T17:15:07.004+0000	beacon2.Variants	32.8GB
2023-02-08T17:15:10.000+0000	beacon2.Variants	32.9GB
2023-02-08T17:15:13.000+0000	beacon2.Variants	32.9GB
2023-02-08T17:15:16.009+0000	beacon2.Variants	33.0GB
2023-02-08T17:15:19.003+0000	beacon2.Variants	33.0GB
2023-02-08T17:15:22.001+0000	beacon2.Variants	33.0GB
2023-02-08T17:15:25.006+0000	beacon2.Variants	33.1GB
2023-02-08T17:15:27.998+0000	beacon2.Variants	33.1GB
2023-02-08T17:15:31.001+0000	beacon2.Variants	33.1GB
2023-02-08T17:15:34.006+0000	beacon2.Variants	33.2GB
2023-02-08T17:15:36.998+0000	beacon2.Variants	33.2GB
2023-02-08T17:15:39.998+0000	beacon2.Variants	33.2GB
2023-02-08T17:15:42.998+0000	beacon2.Variants	33.3GB
2023-02-08T17:15:45.999+0000	beacon2.Variants	33.3GB
2023-02-08T17:15:49.000+0000	beacon2.Variants	33.4GB
2023-02-08T17:15:51.998+0000	beacon2.Variants	33.4GB
2023-02-08T17:15:55.009+0000	beacon2.Variants	33.4GB
2023-02-08T17:15:58.002+0000	beacon2.Variants	33.5GB
2023-02-08T17:16:00.999+0000	beacon2.Variants	33.5GB
2023-02-08T17:16:03.999+0000	beacon2.Variants	33.5GB
2023-02-08T17:16:06.998+0000	beacon2.Variants	33.6GB
2023-02-08T17:16:09.999+0000	beacon2.Variants	33.6GB
2023-02-08T17:16:13.007+0000	beacon2.Variants	33.7GB
2023-02-08T17:16:15.998+0000	beacon2.Variants	33.7GB
2023-02-08T17:16:19.002+0000	beacon2.Variants	33.7GB
2023-02-08T17:16:22.001+0000	beacon2.Variants	33.8GB
2023-02-08T17:16:25.002+0000	beacon2.Variants	33.8GB
2023-02-08T17:16:28.007+0000	beacon2.Variants	33.9GB
2023-02-08T17:16:31.003+0000	beacon2.Variants	33.9GB
2023-02-08T17:16:34.003+0000	beacon2.Variants	33.9GB
2023-02-08T17:16:37.001+0000	beacon2.Variants	34.0GB
2023-02-08T17:16:40.009+0000	beacon2.Variants	34.0GB
2023-02-08T17:16:43.004+0000	beacon2.Variants	34.0GB
2023-02-08T17:16:46.003+0000	beacon2.Variants	34.1GB
2023-02-08T17:16:49.003+0000	beacon2.Variants	34.1GB
2023-02-08T17:16:52.002+0000	beacon2.Variants	34.2GB
2023-02-08T17:16:55.003+0000	beacon2.Variants	34.2GB
2023-02-08T17:16:57.999+0000	beacon2.Variants	34.2GB
2023-02-08T17:17:01.002+0000	beacon2.Variants	34.3GB
2023-02-08T17:17:03.999+0000	beacon2.Variants	34.3GB
2023-02-08T17:17:07.005+0000	beacon2.Variants	34.4GB
2023-02-08T17:17:10.001+0000	beacon2.Variants	34.4GB
2023-02-08T17:17:12.999+0000	beacon2.Variants	34.4GB
2023-02-08T17:17:15.999+0000	beacon2.Variants	34.5GB
2023-02-08T17:17:18.998+0000	beacon2.Variants	34.5GB
2023-02-08T17:17:22.000+0000	beacon2.Variants	34.5GB
2023-02-08T17:17:25.000+0000	beacon2.Variants	34.6GB
2023-02-08T17:17:27.998+0000	beacon2.Variants	34.6GB
2023-02-08T17:17:30.998+0000	beacon2.Variants	34.6GB
2023-02-08T17:17:34.005+0000	beacon2.Variants	34.7GB
2023-02-08T17:17:37.004+0000	beacon2.Variants	34.7GB
2023-02-08T17:17:40.004+0000	beacon2.Variants	34.8GB
2023-02-08T17:17:43.004+0000	beacon2.Variants	34.8GB
2023-02-08T17:17:45.999+0000	beacon2.Variants	34.8GB
2023-02-08T17:17:49.001+0000	beacon2.Variants	34.9GB
2023-02-08T17:17:52.008+0000	beacon2.Variants	34.9GB
2023-02-08T17:17:54.999+0000	beacon2.Variants	35.0GB
2023-02-08T17:17:58.000+0000	beacon2.Variants	35.0GB
2023-02-08T17:18:01.003+0000	beacon2.Variants	35.0GB
2023-02-08T17:18:04.008+0000	beacon2.Variants	35.1GB
2023-02-08T17:18:07.002+0000	beacon2.Variants	35.1GB
2023-02-08T17:18:10.002+0000	beacon2.Variants	35.1GB
2023-02-08T17:18:12.999+0000	beacon2.Variants	35.2GB
2023-02-08T17:18:16.004+0000	beacon2.Variants	35.2GB
2023-02-08T17:18:19.004+0000	beacon2.Variants	35.3GB
2023-02-08T17:18:21.998+0000	beacon2.Variants	35.3GB
2023-02-08T17:18:24.999+0000	beacon2.Variants	35.3GB
2023-02-08T17:18:27.998+0000	beacon2.Variants	35.4GB
2023-02-08T17:18:30.999+0000	beacon2.Variants	35.4GB
2023-02-08T17:18:34.002+0000	beacon2.Variants	35.5GB
2023-02-08T17:18:36.998+0000	beacon2.Variants	35.5GB
2023-02-08T17:18:39.999+0000	beacon2.Variants	35.5GB
2023-02-08T17:18:43.012+0000	beacon2.Variants	35.6GB
2023-02-08T17:18:45.999+0000	beacon2.Variants	35.6GB
2023-02-08T17:18:49.004+0000	beacon2.Variants	35.6GB
2023-02-08T17:18:52.003+0000	beacon2.Variants	35.7GB
2023-02-08T17:18:55.007+0000	beacon2.Variants	35.7GB
2023-02-08T17:18:57.999+0000	beacon2.Variants	35.8GB
2023-02-08T17:19:00.998+0000	beacon2.Variants	35.8GB
2023-02-08T17:19:04.001+0000	beacon2.Variants	35.8GB
2023-02-08T17:19:06.998+0000	beacon2.Variants	35.9GB
2023-02-08T17:19:10.004+0000	beacon2.Variants	35.9GB
2023-02-08T17:19:12.999+0000	beacon2.Variants	35.9GB
2023-02-08T17:19:16.002+0000	beacon2.Variants	36.0GB
2023-02-08T17:19:18.998+0000	beacon2.Variants	36.0GB
2023-02-08T17:19:22.009+0000	beacon2.Variants	36.1GB
2023-02-08T17:19:25.012+0000	beacon2.Variants	36.1GB
2023-02-08T17:19:27.998+0000	beacon2.Variants	36.1GB
2023-02-08T17:19:31.003+0000	beacon2.Variants	36.2GB
2023-02-08T17:19:33.998+0000	beacon2.Variants	36.2GB
2023-02-08T17:19:37.004+0000	beacon2.Variants	36.2GB
2023-02-08T17:19:40.003+0000	beacon2.Variants	36.3GB
2023-02-08T17:19:43.005+0000	beacon2.Variants	36.3GB
2023-02-08T17:19:45.999+0000	beacon2.Variants	36.4GB
2023-02-08T17:19:48.999+0000	beacon2.Variants	36.4GB
2023-02-08T17:19:52.013+0000	beacon2.Variants	36.4GB
2023-02-08T17:19:55.003+0000	beacon2.Variants	36.5GB
2023-02-08T17:19:58.002+0000	beacon2.Variants	36.5GB
2023-02-08T17:20:01.009+0000	beacon2.Variants	36.5GB
2023-02-08T17:20:04.000+0000	beacon2.Variants	36.6GB
2023-02-08T17:20:07.015+0000	beacon2.Variants	36.6GB
2023-02-08T17:20:09.998+0000	beacon2.Variants	36.7GB
2023-02-08T17:20:13.002+0000	beacon2.Variants	36.7GB
2023-02-08T17:20:16.007+0000	beacon2.Variants	36.7GB
2023-02-08T17:20:19.006+0000	beacon2.Variants	36.8GB
2023-02-08T17:20:22.002+0000	beacon2.Variants	36.8GB
2023-02-08T17:20:25.001+0000	beacon2.Variants	36.9GB
2023-02-08T17:20:28.004+0000	beacon2.Variants	36.9GB
2023-02-08T17:20:31.008+0000	beacon2.Variants	36.9GB
2023-02-08T17:20:33.999+0000	beacon2.Variants	37.0GB
2023-02-08T17:20:36.999+0000	beacon2.Variants	37.0GB
2023-02-08T17:20:40.007+0000	beacon2.Variants	37.0GB
2023-02-08T17:20:43.006+0000	beacon2.Variants	37.1GB
2023-02-08T17:20:45.999+0000	beacon2.Variants	37.1GB
2023-02-08T17:20:48.998+0000	beacon2.Variants	37.1GB
2023-02-08T17:20:52.009+0000	beacon2.Variants	37.2GB
2023-02-08T17:20:55.015+0000	beacon2.Variants	37.2GB
2023-02-08T17:20:58.001+0000	beacon2.Variants	37.3GB
2023-02-08T17:21:01.004+0000	beacon2.Variants	37.3GB
2023-02-08T17:21:03.999+0000	beacon2.Variants	37.3GB
2023-02-08T17:21:07.000+0000	beacon2.Variants	37.4GB
2023-02-08T17:21:10.001+0000	beacon2.Variants	37.4GB
2023-02-08T17:21:13.002+0000	beacon2.Variants	37.5GB
2023-02-08T17:21:15.999+0000	beacon2.Variants	37.5GB
2023-02-08T17:21:18.999+0000	beacon2.Variants	37.5GB
2023-02-08T17:21:22.000+0000	beacon2.Variants	37.6GB
2023-02-08T17:21:25.003+0000	beacon2.Variants	37.6GB
2023-02-08T17:21:28.002+0000	beacon2.Variants	37.6GB
2023-02-08T17:21:30.999+0000	beacon2.Variants	37.7GB
2023-02-08T17:21:34.004+0000	beacon2.Variants	37.7GB
2023-02-08T17:21:36.999+0000	beacon2.Variants	37.8GB
2023-02-08T17:21:40.002+0000	beacon2.Variants	37.8GB
2023-02-08T17:21:43.002+0000	beacon2.Variants	37.8GB
2023-02-08T17:21:45.998+0000	beacon2.Variants	37.9GB
2023-02-08T17:21:48.998+0000	beacon2.Variants	37.9GB
2023-02-08T17:21:51.999+0000	beacon2.Variants	38.0GB
2023-02-08T17:21:55.003+0000	beacon2.Variants	38.0GB
2023-02-08T17:21:58.001+0000	beacon2.Variants	38.0GB
2023-02-08T17:22:00.999+0000	beacon2.Variants	38.1GB
2023-02-08T17:22:03.999+0000	beacon2.Variants	38.1GB
2023-02-08T17:22:06.998+0000	beacon2.Variants	38.1GB
2023-02-08T17:22:10.002+0000	beacon2.Variants	38.2GB
2023-02-08T17:22:13.014+0000	beacon2.Variants	38.2GB
2023-02-08T17:22:15.998+0000	beacon2.Variants	38.2GB
2023-02-08T17:22:18.998+0000	beacon2.Variants	38.3GB
2023-02-08T17:22:21.999+0000	beacon2.Variants	38.3GB
2023-02-08T17:22:24.999+0000	beacon2.Variants	38.4GB
2023-02-08T17:22:28.003+0000	beacon2.Variants	38.4GB
2023-02-08T17:22:31.002+0000	beacon2.Variants	38.4GB
2023-02-08T17:22:33.998+0000	beacon2.Variants	38.5GB
2023-02-08T17:22:36.999+0000	beacon2.Variants	38.5GB
2023-02-08T17:22:39.998+0000	beacon2.Variants	38.5GB
2023-02-08T17:22:42.999+0000	beacon2.Variants	38.6GB
2023-02-08T17:22:46.003+0000	beacon2.Variants	38.6GB
2023-02-08T17:22:49.003+0000	beacon2.Variants	38.7GB
2023-02-08T17:22:51.999+0000	beacon2.Variants	38.7GB
2023-02-08T17:22:54.999+0000	beacon2.Variants	38.7GB
2023-02-08T17:22:58.013+0000	beacon2.Variants	38.8GB
2023-02-08T17:23:01.003+0000	beacon2.Variants	38.8GB
2023-02-08T17:23:04.001+0000	beacon2.Variants	38.9GB
2023-02-08T17:23:07.000+0000	beacon2.Variants	38.9GB
2023-02-08T17:23:09.998+0000	beacon2.Variants	38.9GB
2023-02-08T17:23:12.999+0000	beacon2.Variants	39.0GB
2023-02-08T17:23:16.004+0000	beacon2.Variants	39.0GB
2023-02-08T17:23:19.003+0000	beacon2.Variants	39.0GB
2023-02-08T17:23:21.999+0000	beacon2.Variants	39.1GB
2023-02-08T17:23:25.006+0000	beacon2.Variants	39.1GB
2023-02-08T17:23:28.008+0000	beacon2.Variants	39.2GB
2023-02-08T17:23:30.999+0000	beacon2.Variants	39.2GB
2023-02-08T17:23:34.001+0000	beacon2.Variants	39.2GB
2023-02-08T17:23:37.007+0000	beacon2.Variants	39.3GB
2023-02-08T17:23:40.010+0000	beacon2.Variants	39.3GB
2023-02-08T17:23:42.999+0000	beacon2.Variants	39.4GB
2023-02-08T17:23:46.000+0000	beacon2.Variants	39.4GB
2023-02-08T17:23:49.005+0000	beacon2.Variants	39.4GB
2023-02-08T17:23:51.998+0000	beacon2.Variants	39.5GB
2023-02-08T17:23:54.998+0000	beacon2.Variants	39.5GB
2023-02-08T17:23:58.004+0000	beacon2.Variants	39.5GB
2023-02-08T17:24:01.004+0000	beacon2.Variants	39.6GB
2023-02-08T17:24:03.999+0000	beacon2.Variants	39.6GB
2023-02-08T17:24:06.999+0000	beacon2.Variants	39.6GB
2023-02-08T17:24:09.999+0000	beacon2.Variants	39.7GB
2023-02-08T17:24:13.003+0000	beacon2.Variants	39.7GB
2023-02-08T17:24:15.998+0000	beacon2.Variants	39.8GB
2023-02-08T17:24:18.998+0000	beacon2.Variants	39.8GB
2023-02-08T17:24:22.000+0000	beacon2.Variants	39.9GB
2023-02-08T17:24:24.999+0000	beacon2.Variants	39.9GB
2023-02-08T17:24:27.999+0000	beacon2.Variants	39.9GB
2023-02-08T17:24:31.019+0000	beacon2.Variants	40.0GB
2023-02-08T17:24:34.002+0000	beacon2.Variants	40.0GB
2023-02-08T17:24:36.999+0000	beacon2.Variants	40.0GB
2023-02-08T17:24:39.999+0000	beacon2.Variants	40.1GB
2023-02-08T17:24:43.001+0000	beacon2.Variants	40.1GB
2023-02-08T17:24:46.002+0000	beacon2.Variants	40.1GB
2023-02-08T17:24:49.006+0000	beacon2.Variants	40.2GB
2023-02-08T17:24:52.004+0000	beacon2.Variants	40.2GB
2023-02-08T17:24:55.006+0000	beacon2.Variants	40.3GB
2023-02-08T17:24:57.999+0000	beacon2.Variants	40.3GB
2023-02-08T17:25:00.999+0000	beacon2.Variants	40.3GB
2023-02-08T17:25:03.998+0000	beacon2.Variants	40.4GB
2023-02-08T17:25:07.012+0000	beacon2.Variants	40.4GB
2023-02-08T17:25:10.006+0000	beacon2.Variants	40.5GB
2023-02-08T17:25:13.004+0000	beacon2.Variants	40.5GB
2023-02-08T17:25:16.003+0000	beacon2.Variants	40.5GB
2023-02-08T17:25:18.999+0000	beacon2.Variants	40.6GB
2023-02-08T17:25:22.002+0000	beacon2.Variants	40.6GB
2023-02-08T17:25:25.000+0000	beacon2.Variants	40.6GB
2023-02-08T17:25:27.999+0000	beacon2.Variants	40.7GB
2023-02-08T17:25:31.007+0000	beacon2.Variants	40.7GB
2023-02-08T17:25:34.004+0000	beacon2.Variants	40.8GB
2023-02-08T17:25:37.001+0000	beacon2.Variants	40.8GB
2023-02-08T17:25:40.004+0000	beacon2.Variants	40.8GB
2023-02-08T17:25:42.998+0000	beacon2.Variants	40.9GB
2023-02-08T17:25:46.002+0000	beacon2.Variants	40.9GB
2023-02-08T17:25:48.999+0000	beacon2.Variants	40.9GB
2023-02-08T17:25:51.998+0000	beacon2.Variants	41.0GB
2023-02-08T17:25:55.002+0000	beacon2.Variants	41.0GB
2023-02-08T17:25:58.003+0000	beacon2.Variants	41.1GB
2023-02-08T17:26:01.005+0000	beacon2.Variants	41.1GB
2023-02-08T17:26:03.999+0000	beacon2.Variants	41.1GB
2023-02-08T17:26:07.013+0000	beacon2.Variants	41.2GB
2023-02-08T17:26:09.998+0000	beacon2.Variants	41.2GB
2023-02-08T17:26:12.998+0000	beacon2.Variants	41.2GB
2023-02-08T17:26:15.998+0000	beacon2.Variants	41.3GB
2023-02-08T17:26:19.003+0000	beacon2.Variants	41.3GB
2023-02-08T17:26:22.000+0000	beacon2.Variants	41.4GB
2023-02-08T17:26:24.999+0000	beacon2.Variants	41.4GB
2023-02-08T17:26:27.999+0000	beacon2.Variants	41.4GB
2023-02-08T17:26:30.999+0000	beacon2.Variants	41.5GB
2023-02-08T17:26:34.005+0000	beacon2.Variants	41.5GB
2023-02-08T17:26:37.001+0000	beacon2.Variants	41.5GB
2023-02-08T17:26:39.998+0000	beacon2.Variants	41.6GB
2023-02-08T17:26:43.002+0000	beacon2.Variants	41.6GB
2023-02-08T17:26:45.998+0000	beacon2.Variants	41.7GB
2023-02-08T17:26:49.007+0000	beacon2.Variants	41.7GB
2023-02-08T17:26:52.004+0000	beacon2.Variants	41.7GB
2023-02-08T17:26:55.013+0000	beacon2.Variants	41.8GB
2023-02-08T17:26:57.999+0000	beacon2.Variants	41.8GB
2023-02-08T17:27:01.008+0000	beacon2.Variants	41.9GB
2023-02-08T17:27:04.001+0000	beacon2.Variants	41.9GB
2023-02-08T17:27:06.999+0000	beacon2.Variants	41.9GB
2023-02-08T17:27:10.001+0000	beacon2.Variants	42.0GB
2023-02-08T17:27:13.018+0000	beacon2.Variants	42.0GB
2023-02-08T17:27:15.999+0000	beacon2.Variants	42.0GB
2023-02-08T17:27:18.999+0000	beacon2.Variants	42.1GB
2023-02-08T17:27:22.011+0000	beacon2.Variants	42.1GB
2023-02-08T17:27:25.002+0000	beacon2.Variants	42.2GB
2023-02-08T17:27:27.999+0000	beacon2.Variants	42.2GB
2023-02-08T17:27:31.001+0000	beacon2.Variants	42.2GB
2023-02-08T17:27:34.005+0000	beacon2.Variants	42.3GB
2023-02-08T17:27:36.999+0000	beacon2.Variants	42.3GB
2023-02-08T17:27:40.007+0000	beacon2.Variants	42.4GB
2023-02-08T17:27:42.999+0000	beacon2.Variants	42.4GB
2023-02-08T17:27:45.999+0000	beacon2.Variants	42.4GB
2023-02-08T17:27:49.004+0000	beacon2.Variants	42.5GB
2023-02-08T17:27:52.000+0000	beacon2.Variants	42.5GB
2023-02-08T17:27:54.999+0000	beacon2.Variants	42.5GB
2023-02-08T17:27:58.003+0000	beacon2.Variants	42.6GB
2023-02-08T17:28:00.999+0000	beacon2.Variants	42.6GB
2023-02-08T17:28:04.001+0000	beacon2.Variants	42.6GB
2023-02-08T17:28:06.998+0000	beacon2.Variants	42.7GB
2023-02-08T17:28:10.003+0000	beacon2.Variants	42.7GB
2023-02-08T17:28:13.002+0000	beacon2.Variants	42.8GB
2023-02-08T17:28:15.998+0000	beacon2.Variants	42.8GB
2023-02-08T17:28:18.999+0000	beacon2.Variants	42.8GB
2023-02-08T17:28:21.998+0000	beacon2.Variants	42.9GB
2023-02-08T17:28:25.002+0000	beacon2.Variants	42.9GB
2023-02-08T17:28:27.999+0000	beacon2.Variants	43.0GB
2023-02-08T17:28:31.002+0000	beacon2.Variants	43.0GB
2023-02-08T17:28:34.000+0000	beacon2.Variants	43.0GB
2023-02-08T17:28:37.008+0000	beacon2.Variants	43.1GB
2023-02-08T17:28:40.008+0000	beacon2.Variants	43.1GB
2023-02-08T17:28:42.999+0000	beacon2.Variants	43.1GB
2023-02-08T17:28:45.999+0000	beacon2.Variants	43.2GB
2023-02-08T17:28:49.004+0000	beacon2.Variants	43.2GB
2023-02-08T17:28:51.999+0000	beacon2.Variants	43.3GB
2023-02-08T17:28:55.000+0000	beacon2.Variants	43.3GB
2023-02-08T17:28:58.002+0000	beacon2.Variants	43.3GB
2023-02-08T17:29:01.005+0000	beacon2.Variants	43.4GB
2023-02-08T17:29:03.998+0000	beacon2.Variants	43.4GB
2023-02-08T17:29:07.008+0000	beacon2.Variants	43.5GB
2023-02-08T17:29:10.001+0000	beacon2.Variants	43.5GB
2023-02-08T17:29:12.999+0000	beacon2.Variants	43.5GB
2023-02-08T17:29:16.002+0000	beacon2.Variants	43.6GB
2023-02-08T17:29:18.999+0000	beacon2.Variants	43.6GB
2023-02-08T17:29:21.999+0000	beacon2.Variants	43.6GB
2023-02-08T17:29:25.000+0000	beacon2.Variants	43.7GB
2023-02-08T17:29:28.000+0000	beacon2.Variants	43.7GB
2023-02-08T17:29:30.998+0000	beacon2.Variants	43.8GB
2023-02-08T17:29:34.009+0000	beacon2.Variants	43.8GB
2023-02-08T17:29:37.000+0000	beacon2.Variants	43.8GB
2023-02-08T17:29:40.002+0000	beacon2.Variants	43.9GB
2023-02-08T17:29:43.006+0000	beacon2.Variants	43.9GB
2023-02-08T17:29:45.999+0000	beacon2.Variants	43.9GB
2023-02-08T17:29:49.000+0000	beacon2.Variants	44.0GB
2023-02-08T17:29:52.003+0000	beacon2.Variants	44.0GB
2023-02-08T17:29:54.999+0000	beacon2.Variants	44.1GB
2023-02-08T17:29:58.001+0000	beacon2.Variants	44.1GB
2023-02-08T17:30:00.998+0000	beacon2.Variants	44.1GB
2023-02-08T17:30:03.998+0000	beacon2.Variants	44.2GB
2023-02-08T17:30:07.003+0000	beacon2.Variants	44.2GB
2023-02-08T17:30:09.998+0000	beacon2.Variants	44.2GB
2023-02-08T17:30:12.999+0000	beacon2.Variants	44.3GB
2023-02-08T17:30:16.007+0000	beacon2.Variants	44.3GB
2023-02-08T17:30:18.999+0000	beacon2.Variants	44.4GB
2023-02-08T17:30:22.013+0000	beacon2.Variants	44.4GB
2023-02-08T17:30:25.007+0000	beacon2.Variants	44.4GB
2023-02-08T17:30:28.007+0000	beacon2.Variants	44.5GB
2023-02-08T17:30:30.999+0000	beacon2.Variants	44.5GB
2023-02-08T17:30:34.000+0000	beacon2.Variants	44.5GB
2023-02-08T17:30:36.998+0000	beacon2.Variants	44.6GB
2023-02-08T17:30:39.998+0000	beacon2.Variants	44.6GB
2023-02-08T17:30:42.999+0000	beacon2.Variants	44.7GB
2023-02-08T17:30:46.004+0000	beacon2.Variants	44.7GB
2023-02-08T17:30:48.998+0000	beacon2.Variants	44.7GB
2023-02-08T17:30:52.003+0000	beacon2.Variants	44.8GB
2023-02-08T17:30:55.002+0000	beacon2.Variants	44.8GB
2023-02-08T17:30:58.002+0000	beacon2.Variants	44.9GB
2023-02-08T17:31:00.998+0000	beacon2.Variants	44.9GB
2023-02-08T17:31:03.999+0000	beacon2.Variants	44.9GB
2023-02-08T17:31:07.001+0000	beacon2.Variants	45.0GB
2023-02-08T17:31:10.004+0000	beacon2.Variants	45.0GB
2023-02-08T17:31:13.002+0000	beacon2.Variants	45.0GB
2023-02-08T17:31:15.999+0000	beacon2.Variants	45.1GB
2023-02-08T17:31:18.998+0000	beacon2.Variants	45.1GB
2023-02-08T17:31:21.999+0000	beacon2.Variants	45.2GB
2023-02-08T17:31:24.999+0000	beacon2.Variants	45.2GB
2023-02-08T17:31:28.000+0000	beacon2.Variants	45.2GB
2023-02-08T17:31:31.003+0000	beacon2.Variants	45.3GB
2023-02-08T17:31:34.002+0000	beacon2.Variants	45.3GB
2023-02-08T17:31:37.013+0000	beacon2.Variants	45.4GB
2023-02-08T17:31:40.001+0000	beacon2.Variants	45.4GB
2023-02-08T17:31:43.001+0000	beacon2.Variants	45.4GB
2023-02-08T17:31:45.999+0000	beacon2.Variants	45.5GB
2023-02-08T17:31:49.005+0000	beacon2.Variants	45.5GB
2023-02-08T17:31:52.005+0000	beacon2.Variants	45.5GB
2023-02-08T17:31:55.002+0000	beacon2.Variants	45.6GB
2023-02-08T17:31:57.998+0000	beacon2.Variants	45.6GB
2023-02-08T17:32:01.000+0000	beacon2.Variants	45.7GB
2023-02-08T17:32:04.013+0000	beacon2.Variants	45.7GB
2023-02-08T17:32:07.005+0000	beacon2.Variants	45.7GB
2023-02-08T17:32:09.999+0000	beacon2.Variants	45.8GB
2023-02-08T17:32:13.002+0000	beacon2.Variants	45.8GB
2023-02-08T17:32:16.001+0000	beacon2.Variants	45.9GB
2023-02-08T17:32:19.002+0000	beacon2.Variants	45.9GB
2023-02-08T17:32:22.004+0000	beacon2.Variants	45.9GB
2023-02-08T17:32:25.002+0000	beacon2.Variants	46.0GB
2023-02-08T17:32:27.999+0000	beacon2.Variants	46.0GB
2023-02-08T17:32:31.000+0000	beacon2.Variants	46.0GB
2023-02-08T17:32:33.999+0000	beacon2.Variants	46.1GB
2023-02-08T17:32:37.000+0000	beacon2.Variants	46.1GB
2023-02-08T17:32:39.998+0000	beacon2.Variants	46.1GB
2023-02-08T17:32:42.999+0000	beacon2.Variants	46.2GB
2023-02-08T17:32:46.003+0000	beacon2.Variants	46.2GB
2023-02-08T17:32:49.001+0000	beacon2.Variants	46.3GB
2023-02-08T17:32:52.001+0000	beacon2.Variants	46.3GB
2023-02-08T17:32:54.999+0000	beacon2.Variants	46.3GB
2023-02-08T17:32:58.007+0000	beacon2.Variants	46.4GB
2023-02-08T17:33:01.009+0000	beacon2.Variants	46.4GB
2023-02-08T17:33:03.999+0000	beacon2.Variants	46.5GB
2023-02-08T17:33:06.999+0000	beacon2.Variants	46.5GB
2023-02-08T17:33:10.019+0000	beacon2.Variants	46.5GB
2023-02-08T17:33:12.999+0000	beacon2.Variants	46.6GB
2023-02-08T17:33:16.006+0000	beacon2.Variants	46.6GB
2023-02-08T17:33:18.999+0000	beacon2.Variants	46.6GB
2023-02-08T17:33:22.002+0000	beacon2.Variants	46.7GB
2023-02-08T17:33:24.999+0000	beacon2.Variants	46.7GB
2023-02-08T17:33:28.016+0000	beacon2.Variants	46.8GB
2023-02-08T17:33:30.998+0000	beacon2.Variants	46.8GB
2023-02-08T17:33:34.007+0000	beacon2.Variants	46.8GB
2023-02-08T17:33:36.999+0000	beacon2.Variants	46.9GB
2023-02-08T17:33:39.999+0000	beacon2.Variants	46.9GB
2023-02-08T17:33:43.003+0000	beacon2.Variants	47.0GB
2023-02-08T17:33:46.009+0000	beacon2.Variants	47.0GB
2023-02-08T17:33:48.999+0000	beacon2.Variants	47.0GB
2023-02-08T17:33:52.000+0000	beacon2.Variants	47.1GB
2023-02-08T17:33:55.003+0000	beacon2.Variants	47.1GB
2023-02-08T17:33:58.001+0000	beacon2.Variants	47.1GB
2023-02-08T17:34:01.007+0000	beacon2.Variants	47.2GB
2023-02-08T17:34:04.007+0000	beacon2.Variants	47.2GB
2023-02-08T17:34:07.009+0000	beacon2.Variants	47.2GB
2023-02-08T17:34:10.003+0000	beacon2.Variants	47.3GB
2023-02-08T17:34:13.002+0000	beacon2.Variants	47.3GB
2023-02-08T17:34:16.004+0000	beacon2.Variants	47.4GB
2023-02-08T17:34:18.999+0000	beacon2.Variants	47.4GB
2023-02-08T17:34:22.012+0000	beacon2.Variants	47.5GB
2023-02-08T17:34:25.007+0000	beacon2.Variants	47.5GB
2023-02-08T17:34:28.007+0000	beacon2.Variants	47.5GB
2023-02-08T17:34:31.002+0000	beacon2.Variants	47.6GB
2023-02-08T17:34:34.000+0000	beacon2.Variants	47.6GB
2023-02-08T17:34:36.999+0000	beacon2.Variants	47.6GB
2023-02-08T17:34:40.006+0000	beacon2.Variants	47.7GB
2023-02-08T17:34:42.999+0000	beacon2.Variants	47.7GB
2023-02-08T17:34:46.007+0000	beacon2.Variants	47.8GB
2023-02-08T17:34:49.001+0000	beacon2.Variants	47.8GB
2023-02-08T17:34:49.347+0000	beacon2.Variants	47.8GB
2023-02-08T17:34:49.347+0000	4616537 document(s) imported successfully. 0 document(s) failed to import.

real	63m3.372s
user	112m1.368s
sys	1m50.344s
