2023-02-08T15:41:53.307+0000	connected to: mongodb://[**REDACTED**]@localhost:27017/beacon2?authSource=admin
2023-02-08T15:41:56.311+0000	beacon2.Variants	39.2MB
2023-02-08T15:41:59.319+0000	beacon2.Variants	78.6MB
2023-02-08T15:42:02.308+0000	beacon2.Variants	118MB
2023-02-08T15:42:05.310+0000	beacon2.Variants	157MB
2023-02-08T15:42:08.308+0000	beacon2.Variants	197MB
2023-02-08T15:42:11.313+0000	beacon2.Variants	235MB
2023-02-08T15:42:14.313+0000	beacon2.Variants	273MB
2023-02-08T15:42:17.308+0000	beacon2.Variants	312MB
2023-02-08T15:42:20.313+0000	beacon2.Variants	351MB
2023-02-08T15:42:23.310+0000	beacon2.Variants	388MB
2023-02-08T15:42:26.313+0000	beacon2.Variants	427MB
2023-02-08T15:42:29.314+0000	beacon2.Variants	468MB
2023-02-08T15:42:32.314+0000	beacon2.Variants	506MB
2023-02-08T15:42:35.313+0000	beacon2.Variants	544MB
2023-02-08T15:42:38.309+0000	beacon2.Variants	584MB
2023-02-08T15:42:41.311+0000	beacon2.Variants	623MB
2023-02-08T15:42:44.308+0000	beacon2.Variants	661MB
2023-02-08T15:42:47.321+0000	beacon2.Variants	700MB
2023-02-08T15:42:50.308+0000	beacon2.Variants	738MB
2023-02-08T15:42:53.321+0000	beacon2.Variants	777MB
2023-02-08T15:42:56.321+0000	beacon2.Variants	817MB
2023-02-08T15:42:59.314+0000	beacon2.Variants	854MB
2023-02-08T15:43:02.309+0000	beacon2.Variants	894MB
2023-02-08T15:43:05.308+0000	beacon2.Variants	933MB
2023-02-08T15:43:08.309+0000	beacon2.Variants	970MB
2023-02-08T15:43:11.318+0000	beacon2.Variants	1009MB
2023-02-08T15:43:14.310+0000	beacon2.Variants	1.02GB
2023-02-08T15:43:17.308+0000	beacon2.Variants	1.06GB
2023-02-08T15:43:20.311+0000	beacon2.Variants	1.10GB
2023-02-08T15:43:23.316+0000	beacon2.Variants	1.13GB
2023-02-08T15:43:26.315+0000	beacon2.Variants	1.17GB
2023-02-08T15:43:29.321+0000	beacon2.Variants	1.21GB
2023-02-08T15:43:32.308+0000	beacon2.Variants	1.25GB
2023-02-08T15:43:35.310+0000	beacon2.Variants	1.29GB
2023-02-08T15:43:38.313+0000	beacon2.Variants	1.33GB
2023-02-08T15:43:41.309+0000	beacon2.Variants	1.36GB
2023-02-08T15:43:44.308+0000	beacon2.Variants	1.40GB
2023-02-08T15:43:47.310+0000	beacon2.Variants	1.44GB
2023-02-08T15:43:50.320+0000	beacon2.Variants	1.48GB
2023-02-08T15:43:53.323+0000	beacon2.Variants	1.52GB
2023-02-08T15:43:56.308+0000	beacon2.Variants	1.55GB
2023-02-08T15:43:59.308+0000	beacon2.Variants	1.59GB
2023-02-08T15:44:02.312+0000	beacon2.Variants	1.63GB
2023-02-08T15:44:05.309+0000	beacon2.Variants	1.67GB
2023-02-08T15:44:08.326+0000	beacon2.Variants	1.70GB
2023-02-08T15:44:11.320+0000	beacon2.Variants	1.74GB
2023-02-08T15:44:14.308+0000	beacon2.Variants	1.78GB
2023-02-08T15:44:17.309+0000	beacon2.Variants	1.82GB
2023-02-08T15:44:20.318+0000	beacon2.Variants	1.85GB
2023-02-08T15:44:23.319+0000	beacon2.Variants	1.89GB
2023-02-08T15:44:26.316+0000	beacon2.Variants	1.93GB
2023-02-08T15:44:29.316+0000	beacon2.Variants	1.97GB
2023-02-08T15:44:32.317+0000	beacon2.Variants	2.01GB
2023-02-08T15:44:35.313+0000	beacon2.Variants	2.04GB
2023-02-08T15:44:38.308+0000	beacon2.Variants	2.08GB
2023-02-08T15:44:41.313+0000	beacon2.Variants	2.12GB
2023-02-08T15:44:44.313+0000	beacon2.Variants	2.16GB
2023-02-08T15:44:47.315+0000	beacon2.Variants	2.19GB
2023-02-08T15:44:50.319+0000	beacon2.Variants	2.23GB
2023-02-08T15:44:53.312+0000	beacon2.Variants	2.27GB
2023-02-08T15:44:56.308+0000	beacon2.Variants	2.31GB
2023-02-08T15:44:59.308+0000	beacon2.Variants	2.35GB
2023-02-08T15:45:02.310+0000	beacon2.Variants	2.38GB
2023-02-08T15:45:05.310+0000	beacon2.Variants	2.42GB
2023-02-08T15:45:08.310+0000	beacon2.Variants	2.46GB
2023-02-08T15:45:11.318+0000	beacon2.Variants	2.50GB
2023-02-08T15:45:14.308+0000	beacon2.Variants	2.53GB
2023-02-08T15:45:17.308+0000	beacon2.Variants	2.57GB
2023-02-08T15:45:20.314+0000	beacon2.Variants	2.61GB
2023-02-08T15:45:23.308+0000	beacon2.Variants	2.65GB
2023-02-08T15:45:26.308+0000	beacon2.Variants	2.68GB
2023-02-08T15:45:29.308+0000	beacon2.Variants	2.72GB
2023-02-08T15:45:32.320+0000	beacon2.Variants	2.76GB
2023-02-08T15:45:35.319+0000	beacon2.Variants	2.80GB
2023-02-08T15:45:38.309+0000	beacon2.Variants	2.84GB
2023-02-08T15:45:41.308+0000	beacon2.Variants	2.87GB
2023-02-08T15:45:44.322+0000	beacon2.Variants	2.91GB
2023-02-08T15:45:47.308+0000	beacon2.Variants	2.95GB
2023-02-08T15:45:50.317+0000	beacon2.Variants	2.99GB
2023-02-08T15:45:53.311+0000	beacon2.Variants	3.02GB
2023-02-08T15:45:56.308+0000	beacon2.Variants	3.06GB
2023-02-08T15:45:59.308+0000	beacon2.Variants	3.10GB
2023-02-08T15:46:02.308+0000	beacon2.Variants	3.14GB
2023-02-08T15:46:05.308+0000	beacon2.Variants	3.18GB
2023-02-08T15:46:08.315+0000	beacon2.Variants	3.21GB
2023-02-08T15:46:11.309+0000	beacon2.Variants	3.25GB
2023-02-08T15:46:14.311+0000	beacon2.Variants	3.29GB
2023-02-08T15:46:17.319+0000	beacon2.Variants	3.33GB
2023-02-08T15:46:20.308+0000	beacon2.Variants	3.36GB
2023-02-08T15:46:23.308+0000	beacon2.Variants	3.40GB
2023-02-08T15:46:26.309+0000	beacon2.Variants	3.44GB
2023-02-08T15:46:29.308+0000	beacon2.Variants	3.48GB
2023-02-08T15:46:32.309+0000	beacon2.Variants	3.52GB
2023-02-08T15:46:35.309+0000	beacon2.Variants	3.55GB
2023-02-08T15:46:38.309+0000	beacon2.Variants	3.59GB
2023-02-08T15:46:41.308+0000	beacon2.Variants	3.63GB
2023-02-08T15:46:44.313+0000	beacon2.Variants	3.67GB
2023-02-08T15:46:47.321+0000	beacon2.Variants	3.71GB
2023-02-08T15:46:50.308+0000	beacon2.Variants	3.74GB
2023-02-08T15:46:53.308+0000	beacon2.Variants	3.78GB
2023-02-08T15:46:56.308+0000	beacon2.Variants	3.82GB
2023-02-08T15:46:59.322+0000	beacon2.Variants	3.86GB
2023-02-08T15:47:02.313+0000	beacon2.Variants	3.89GB
2023-02-08T15:47:05.309+0000	beacon2.Variants	3.93GB
2023-02-08T15:47:08.308+0000	beacon2.Variants	3.97GB
2023-02-08T15:47:11.318+0000	beacon2.Variants	4.01GB
2023-02-08T15:47:14.312+0000	beacon2.Variants	4.04GB
2023-02-08T15:47:17.321+0000	beacon2.Variants	4.08GB
2023-02-08T15:47:20.308+0000	beacon2.Variants	4.12GB
2023-02-08T15:47:23.317+0000	beacon2.Variants	4.16GB
2023-02-08T15:47:26.317+0000	beacon2.Variants	4.19GB
2023-02-08T15:47:29.313+0000	beacon2.Variants	4.23GB
2023-02-08T15:47:32.308+0000	beacon2.Variants	4.27GB
2023-02-08T15:47:35.313+0000	beacon2.Variants	4.31GB
2023-02-08T15:47:38.322+0000	beacon2.Variants	4.34GB
2023-02-08T15:47:41.310+0000	beacon2.Variants	4.38GB
2023-02-08T15:47:44.308+0000	beacon2.Variants	4.42GB
2023-02-08T15:47:47.309+0000	beacon2.Variants	4.46GB
2023-02-08T15:47:50.310+0000	beacon2.Variants	4.50GB
2023-02-08T15:47:53.308+0000	beacon2.Variants	4.53GB
2023-02-08T15:47:56.322+0000	beacon2.Variants	4.57GB
2023-02-08T15:47:59.310+0000	beacon2.Variants	4.61GB
2023-02-08T15:48:02.311+0000	beacon2.Variants	4.65GB
2023-02-08T15:48:05.308+0000	beacon2.Variants	4.69GB
2023-02-08T15:48:08.325+0000	beacon2.Variants	4.72GB
2023-02-08T15:48:11.308+0000	beacon2.Variants	4.76GB
2023-02-08T15:48:14.317+0000	beacon2.Variants	4.80GB
2023-02-08T15:48:17.309+0000	beacon2.Variants	4.84GB
2023-02-08T15:48:20.308+0000	beacon2.Variants	4.88GB
2023-02-08T15:48:23.308+0000	beacon2.Variants	4.91GB
2023-02-08T15:48:26.311+0000	beacon2.Variants	4.95GB
2023-02-08T15:48:29.309+0000	beacon2.Variants	4.99GB
2023-02-08T15:48:32.312+0000	beacon2.Variants	5.03GB
2023-02-08T15:48:35.312+0000	beacon2.Variants	5.06GB
2023-02-08T15:48:38.309+0000	beacon2.Variants	5.10GB
2023-02-08T15:48:41.310+0000	beacon2.Variants	5.14GB
2023-02-08T15:48:44.313+0000	beacon2.Variants	5.18GB
2023-02-08T15:48:47.308+0000	beacon2.Variants	5.21GB
2023-02-08T15:48:50.314+0000	beacon2.Variants	5.25GB
2023-02-08T15:48:53.316+0000	beacon2.Variants	5.29GB
2023-02-08T15:48:56.319+0000	beacon2.Variants	5.33GB
2023-02-08T15:48:59.308+0000	beacon2.Variants	5.37GB
2023-02-08T15:49:02.308+0000	beacon2.Variants	5.40GB
2023-02-08T15:49:05.321+0000	beacon2.Variants	5.44GB
2023-02-08T15:49:08.308+0000	beacon2.Variants	5.48GB
2023-02-08T15:49:11.310+0000	beacon2.Variants	5.52GB
2023-02-08T15:49:14.308+0000	beacon2.Variants	5.56GB
2023-02-08T15:49:17.315+0000	beacon2.Variants	5.59GB
2023-02-08T15:49:20.317+0000	beacon2.Variants	5.63GB
2023-02-08T15:49:23.308+0000	beacon2.Variants	5.67GB
2023-02-08T15:49:26.308+0000	beacon2.Variants	5.71GB
2023-02-08T15:49:29.308+0000	beacon2.Variants	5.74GB
2023-02-08T15:49:32.308+0000	beacon2.Variants	5.78GB
2023-02-08T15:49:35.309+0000	beacon2.Variants	5.82GB
2023-02-08T15:49:38.308+0000	beacon2.Variants	5.86GB
2023-02-08T15:49:41.308+0000	beacon2.Variants	5.89GB
2023-02-08T15:49:44.310+0000	beacon2.Variants	5.93GB
2023-02-08T15:49:47.319+0000	beacon2.Variants	5.97GB
2023-02-08T15:49:50.316+0000	beacon2.Variants	6.01GB
2023-02-08T15:49:53.313+0000	beacon2.Variants	6.05GB
2023-02-08T15:49:56.310+0000	beacon2.Variants	6.08GB
2023-02-08T15:49:59.312+0000	beacon2.Variants	6.12GB
2023-02-08T15:50:02.308+0000	beacon2.Variants	6.16GB
2023-02-08T15:50:05.308+0000	beacon2.Variants	6.20GB
2023-02-08T15:50:08.312+0000	beacon2.Variants	6.23GB
2023-02-08T15:50:11.310+0000	beacon2.Variants	6.27GB
2023-02-08T15:50:14.308+0000	beacon2.Variants	6.31GB
2023-02-08T15:50:17.308+0000	beacon2.Variants	6.35GB
2023-02-08T15:50:20.308+0000	beacon2.Variants	6.39GB
2023-02-08T15:50:23.319+0000	beacon2.Variants	6.42GB
2023-02-08T15:50:26.308+0000	beacon2.Variants	6.46GB
2023-02-08T15:50:29.308+0000	beacon2.Variants	6.50GB
2023-02-08T15:50:32.311+0000	beacon2.Variants	6.54GB
2023-02-08T15:50:35.313+0000	beacon2.Variants	6.57GB
2023-02-08T15:50:38.308+0000	beacon2.Variants	6.61GB
2023-02-08T15:50:41.321+0000	beacon2.Variants	6.65GB
2023-02-08T15:50:44.312+0000	beacon2.Variants	6.69GB
2023-02-08T15:50:47.314+0000	beacon2.Variants	6.73GB
2023-02-08T15:50:50.316+0000	beacon2.Variants	6.76GB
2023-02-08T15:50:53.317+0000	beacon2.Variants	6.80GB
2023-02-08T15:50:56.310+0000	beacon2.Variants	6.84GB
2023-02-08T15:50:59.308+0000	beacon2.Variants	6.88GB
2023-02-08T15:51:02.308+0000	beacon2.Variants	6.91GB
2023-02-08T15:51:05.311+0000	beacon2.Variants	6.95GB
2023-02-08T15:51:08.309+0000	beacon2.Variants	6.99GB
2023-02-08T15:51:11.317+0000	beacon2.Variants	7.03GB
2023-02-08T15:51:14.313+0000	beacon2.Variants	7.07GB
2023-02-08T15:51:17.308+0000	beacon2.Variants	7.10GB
2023-02-08T15:51:20.308+0000	beacon2.Variants	7.14GB
2023-02-08T15:51:23.308+0000	beacon2.Variants	7.18GB
2023-02-08T15:51:26.310+0000	beacon2.Variants	7.21GB
2023-02-08T15:51:29.308+0000	beacon2.Variants	7.25GB
2023-02-08T15:51:32.314+0000	beacon2.Variants	7.29GB
2023-02-08T15:51:35.311+0000	beacon2.Variants	7.33GB
2023-02-08T15:51:38.316+0000	beacon2.Variants	7.37GB
2023-02-08T15:51:41.308+0000	beacon2.Variants	7.40GB
2023-02-08T15:51:44.308+0000	beacon2.Variants	7.44GB
2023-02-08T15:51:47.308+0000	beacon2.Variants	7.48GB
2023-02-08T15:51:50.314+0000	beacon2.Variants	7.52GB
2023-02-08T15:51:53.313+0000	beacon2.Variants	7.56GB
2023-02-08T15:51:56.308+0000	beacon2.Variants	7.59GB
2023-02-08T15:51:59.311+0000	beacon2.Variants	7.63GB
2023-02-08T15:52:02.308+0000	beacon2.Variants	7.67GB
2023-02-08T15:52:05.316+0000	beacon2.Variants	7.71GB
2023-02-08T15:52:08.308+0000	beacon2.Variants	7.74GB
2023-02-08T15:52:11.308+0000	beacon2.Variants	7.78GB
2023-02-08T15:52:14.308+0000	beacon2.Variants	7.82GB
2023-02-08T15:52:17.316+0000	beacon2.Variants	7.86GB
2023-02-08T15:52:20.308+0000	beacon2.Variants	7.89GB
2023-02-08T15:52:23.318+0000	beacon2.Variants	7.93GB
2023-02-08T15:52:26.309+0000	beacon2.Variants	7.97GB
2023-02-08T15:52:29.321+0000	beacon2.Variants	8.01GB
2023-02-08T15:52:32.308+0000	beacon2.Variants	8.04GB
2023-02-08T15:52:35.308+0000	beacon2.Variants	8.08GB
2023-02-08T15:52:38.310+0000	beacon2.Variants	8.12GB
2023-02-08T15:52:41.310+0000	beacon2.Variants	8.16GB
2023-02-08T15:52:44.308+0000	beacon2.Variants	8.20GB
2023-02-08T15:52:47.312+0000	beacon2.Variants	8.23GB
2023-02-08T15:52:50.309+0000	beacon2.Variants	8.27GB
2023-02-08T15:52:53.308+0000	beacon2.Variants	8.31GB
2023-02-08T15:52:56.308+0000	beacon2.Variants	8.35GB
2023-02-08T15:52:59.311+0000	beacon2.Variants	8.38GB
2023-02-08T15:53:02.310+0000	beacon2.Variants	8.42GB
2023-02-08T15:53:05.310+0000	beacon2.Variants	8.46GB
2023-02-08T15:53:08.311+0000	beacon2.Variants	8.50GB
2023-02-08T15:53:11.309+0000	beacon2.Variants	8.54GB
2023-02-08T15:53:14.308+0000	beacon2.Variants	8.57GB
2023-02-08T15:53:17.310+0000	beacon2.Variants	8.61GB
2023-02-08T15:53:20.311+0000	beacon2.Variants	8.65GB
2023-02-08T15:53:23.321+0000	beacon2.Variants	8.68GB
2023-02-08T15:53:26.309+0000	beacon2.Variants	8.72GB
2023-02-08T15:53:29.311+0000	beacon2.Variants	8.76GB
2023-02-08T15:53:32.309+0000	beacon2.Variants	8.79GB
2023-02-08T15:53:35.308+0000	beacon2.Variants	8.83GB
2023-02-08T15:53:38.322+0000	beacon2.Variants	8.87GB
2023-02-08T15:53:41.312+0000	beacon2.Variants	8.91GB
2023-02-08T15:53:44.310+0000	beacon2.Variants	8.95GB
2023-02-08T15:53:47.308+0000	beacon2.Variants	8.98GB
2023-02-08T15:53:50.309+0000	beacon2.Variants	9.02GB
2023-02-08T15:53:53.311+0000	beacon2.Variants	9.06GB
2023-02-08T15:53:56.315+0000	beacon2.Variants	9.10GB
2023-02-08T15:53:59.309+0000	beacon2.Variants	9.13GB
2023-02-08T15:54:02.308+0000	beacon2.Variants	9.17GB
2023-02-08T15:54:05.309+0000	beacon2.Variants	9.21GB
2023-02-08T15:54:08.310+0000	beacon2.Variants	9.25GB
2023-02-08T15:54:11.317+0000	beacon2.Variants	9.28GB
2023-02-08T15:54:14.315+0000	beacon2.Variants	9.32GB
2023-02-08T15:54:17.321+0000	beacon2.Variants	9.36GB
2023-02-08T15:54:20.308+0000	beacon2.Variants	9.40GB
2023-02-08T15:54:23.308+0000	beacon2.Variants	9.43GB
2023-02-08T15:54:26.310+0000	beacon2.Variants	9.47GB
2023-02-08T15:54:29.314+0000	beacon2.Variants	9.51GB
2023-02-08T15:54:32.311+0000	beacon2.Variants	9.55GB
2023-02-08T15:54:35.308+0000	beacon2.Variants	9.58GB
2023-02-08T15:54:38.308+0000	beacon2.Variants	9.62GB
2023-02-08T15:54:41.310+0000	beacon2.Variants	9.66GB
2023-02-08T15:54:44.319+0000	beacon2.Variants	9.70GB
2023-02-08T15:54:47.308+0000	beacon2.Variants	9.73GB
2023-02-08T15:54:50.308+0000	beacon2.Variants	9.77GB
2023-02-08T15:54:53.308+0000	beacon2.Variants	9.81GB
2023-02-08T15:54:56.308+0000	beacon2.Variants	9.85GB
2023-02-08T15:54:59.308+0000	beacon2.Variants	9.88GB
2023-02-08T15:55:02.308+0000	beacon2.Variants	9.92GB
2023-02-08T15:55:05.310+0000	beacon2.Variants	9.96GB
2023-02-08T15:55:08.314+0000	beacon2.Variants	9.99GB
2023-02-08T15:55:11.314+0000	beacon2.Variants	10.0GB
2023-02-08T15:55:14.321+0000	beacon2.Variants	10.1GB
2023-02-08T15:55:17.310+0000	beacon2.Variants	10.1GB
2023-02-08T15:55:20.315+0000	beacon2.Variants	10.1GB
2023-02-08T15:55:23.313+0000	beacon2.Variants	10.2GB
2023-02-08T15:55:26.309+0000	beacon2.Variants	10.2GB
2023-02-08T15:55:29.309+0000	beacon2.Variants	10.3GB
2023-02-08T15:55:32.310+0000	beacon2.Variants	10.3GB
2023-02-08T15:55:35.314+0000	beacon2.Variants	10.3GB
2023-02-08T15:55:38.310+0000	beacon2.Variants	10.4GB
2023-02-08T15:55:41.314+0000	beacon2.Variants	10.4GB
2023-02-08T15:55:44.310+0000	beacon2.Variants	10.4GB
2023-02-08T15:55:47.310+0000	beacon2.Variants	10.5GB
2023-02-08T15:55:50.315+0000	beacon2.Variants	10.5GB
2023-02-08T15:55:53.313+0000	beacon2.Variants	10.6GB
2023-02-08T15:55:56.308+0000	beacon2.Variants	10.6GB
2023-02-08T15:55:59.308+0000	beacon2.Variants	10.6GB
2023-02-08T15:56:02.308+0000	beacon2.Variants	10.7GB
2023-02-08T15:56:05.308+0000	beacon2.Variants	10.7GB
2023-02-08T15:56:08.325+0000	beacon2.Variants	10.8GB
2023-02-08T15:56:11.312+0000	beacon2.Variants	10.8GB
2023-02-08T15:56:14.308+0000	beacon2.Variants	10.8GB
2023-02-08T15:56:17.308+0000	beacon2.Variants	10.9GB
2023-02-08T15:56:20.317+0000	beacon2.Variants	10.9GB
2023-02-08T15:56:23.308+0000	beacon2.Variants	10.9GB
2023-02-08T15:56:26.308+0000	beacon2.Variants	11.0GB
2023-02-08T15:56:29.308+0000	beacon2.Variants	11.0GB
2023-02-08T15:56:32.308+0000	beacon2.Variants	11.1GB
2023-02-08T15:56:35.308+0000	beacon2.Variants	11.1GB
2023-02-08T15:56:38.308+0000	beacon2.Variants	11.1GB
2023-02-08T15:56:41.309+0000	beacon2.Variants	11.2GB
2023-02-08T15:56:44.315+0000	beacon2.Variants	11.2GB
2023-02-08T15:56:47.308+0000	beacon2.Variants	11.2GB
2023-02-08T15:56:50.309+0000	beacon2.Variants	11.3GB
2023-02-08T15:56:53.308+0000	beacon2.Variants	11.3GB
2023-02-08T15:56:56.311+0000	beacon2.Variants	11.3GB
2023-02-08T15:56:59.310+0000	beacon2.Variants	11.4GB
2023-02-08T15:57:02.309+0000	beacon2.Variants	11.4GB
2023-02-08T15:57:05.308+0000	beacon2.Variants	11.5GB
2023-02-08T15:57:08.308+0000	beacon2.Variants	11.5GB
2023-02-08T15:57:11.320+0000	beacon2.Variants	11.5GB
2023-02-08T15:57:14.318+0000	beacon2.Variants	11.6GB
2023-02-08T15:57:17.318+0000	beacon2.Variants	11.6GB
2023-02-08T15:57:20.308+0000	beacon2.Variants	11.7GB
2023-02-08T15:57:23.313+0000	beacon2.Variants	11.7GB
2023-02-08T15:57:26.309+0000	beacon2.Variants	11.7GB
2023-02-08T15:57:29.309+0000	beacon2.Variants	11.8GB
2023-02-08T15:57:32.308+0000	beacon2.Variants	11.8GB
2023-02-08T15:57:35.308+0000	beacon2.Variants	11.8GB
2023-02-08T15:57:38.312+0000	beacon2.Variants	11.9GB
2023-02-08T15:57:41.314+0000	beacon2.Variants	11.9GB
2023-02-08T15:57:44.312+0000	beacon2.Variants	12.0GB
2023-02-08T15:57:47.315+0000	beacon2.Variants	12.0GB
2023-02-08T15:57:50.309+0000	beacon2.Variants	12.0GB
2023-02-08T15:57:53.310+0000	beacon2.Variants	12.1GB
2023-02-08T15:57:56.308+0000	beacon2.Variants	12.1GB
2023-02-08T15:57:59.316+0000	beacon2.Variants	12.1GB
2023-02-08T15:58:02.310+0000	beacon2.Variants	12.2GB
2023-02-08T15:58:05.316+0000	beacon2.Variants	12.2GB
2023-02-08T15:58:08.313+0000	beacon2.Variants	12.3GB
2023-02-08T15:58:11.317+0000	beacon2.Variants	12.3GB
2023-02-08T15:58:14.313+0000	beacon2.Variants	12.3GB
2023-02-08T15:58:17.308+0000	beacon2.Variants	12.4GB
2023-02-08T15:58:20.310+0000	beacon2.Variants	12.4GB
2023-02-08T15:58:23.310+0000	beacon2.Variants	12.4GB
2023-02-08T15:58:26.311+0000	beacon2.Variants	12.5GB
2023-02-08T15:58:29.310+0000	beacon2.Variants	12.5GB
2023-02-08T15:58:32.319+0000	beacon2.Variants	12.6GB
2023-02-08T15:58:35.317+0000	beacon2.Variants	12.6GB
2023-02-08T15:58:38.310+0000	beacon2.Variants	12.6GB
2023-02-08T15:58:41.308+0000	beacon2.Variants	12.7GB
2023-02-08T15:58:44.324+0000	beacon2.Variants	12.7GB
2023-02-08T15:58:47.319+0000	beacon2.Variants	12.8GB
2023-02-08T15:58:50.314+0000	beacon2.Variants	12.8GB
2023-02-08T15:58:53.319+0000	beacon2.Variants	12.8GB
2023-02-08T15:58:56.310+0000	beacon2.Variants	12.9GB
2023-02-08T15:58:59.309+0000	beacon2.Variants	12.9GB
2023-02-08T15:59:02.320+0000	beacon2.Variants	12.9GB
2023-02-08T15:59:05.320+0000	beacon2.Variants	13.0GB
2023-02-08T15:59:08.313+0000	beacon2.Variants	13.0GB
2023-02-08T15:59:11.308+0000	beacon2.Variants	13.1GB
2023-02-08T15:59:14.308+0000	beacon2.Variants	13.1GB
2023-02-08T15:59:17.309+0000	beacon2.Variants	13.1GB
2023-02-08T15:59:20.308+0000	beacon2.Variants	13.2GB
2023-02-08T15:59:23.309+0000	beacon2.Variants	13.2GB
2023-02-08T15:59:26.316+0000	beacon2.Variants	13.2GB
2023-02-08T15:59:29.309+0000	beacon2.Variants	13.3GB
2023-02-08T15:59:32.309+0000	beacon2.Variants	13.3GB
2023-02-08T15:59:35.308+0000	beacon2.Variants	13.4GB
2023-02-08T15:59:38.311+0000	beacon2.Variants	13.4GB
2023-02-08T15:59:41.309+0000	beacon2.Variants	13.4GB
2023-02-08T15:59:44.313+0000	beacon2.Variants	13.5GB
2023-02-08T15:59:47.311+0000	beacon2.Variants	13.5GB
2023-02-08T15:59:50.314+0000	beacon2.Variants	13.6GB
2023-02-08T15:59:53.313+0000	beacon2.Variants	13.6GB
2023-02-08T15:59:56.308+0000	beacon2.Variants	13.6GB
2023-02-08T15:59:59.310+0000	beacon2.Variants	13.7GB
2023-02-08T16:00:02.309+0000	beacon2.Variants	13.7GB
2023-02-08T16:00:05.308+0000	beacon2.Variants	13.7GB
2023-02-08T16:00:08.323+0000	beacon2.Variants	13.8GB
2023-02-08T16:00:11.315+0000	beacon2.Variants	13.8GB
2023-02-08T16:00:14.308+0000	beacon2.Variants	13.8GB
2023-02-08T16:00:17.308+0000	beacon2.Variants	13.9GB
2023-02-08T16:00:20.313+0000	beacon2.Variants	13.9GB
2023-02-08T16:00:23.309+0000	beacon2.Variants	14.0GB
2023-02-08T16:00:26.308+0000	beacon2.Variants	14.0GB
2023-02-08T16:00:29.308+0000	beacon2.Variants	14.0GB
2023-02-08T16:00:32.314+0000	beacon2.Variants	14.1GB
2023-02-08T16:00:35.308+0000	beacon2.Variants	14.1GB
2023-02-08T16:00:38.308+0000	beacon2.Variants	14.2GB
2023-02-08T16:00:41.309+0000	beacon2.Variants	14.2GB
2023-02-08T16:00:44.324+0000	beacon2.Variants	14.2GB
2023-02-08T16:00:47.309+0000	beacon2.Variants	14.3GB
2023-02-08T16:00:50.315+0000	beacon2.Variants	14.3GB
2023-02-08T16:00:53.308+0000	beacon2.Variants	14.3GB
2023-02-08T16:00:56.308+0000	beacon2.Variants	14.4GB
2023-02-08T16:00:59.309+0000	beacon2.Variants	14.4GB
2023-02-08T16:01:02.311+0000	beacon2.Variants	14.4GB
2023-02-08T16:01:05.309+0000	beacon2.Variants	14.5GB
2023-02-08T16:01:08.311+0000	beacon2.Variants	14.5GB
2023-02-08T16:01:11.309+0000	beacon2.Variants	14.6GB
2023-02-08T16:01:14.308+0000	beacon2.Variants	14.6GB
2023-02-08T16:01:17.311+0000	beacon2.Variants	14.6GB
2023-02-08T16:01:20.308+0000	beacon2.Variants	14.7GB
2023-02-08T16:01:23.310+0000	beacon2.Variants	14.7GB
2023-02-08T16:01:26.308+0000	beacon2.Variants	14.8GB
2023-02-08T16:01:29.313+0000	beacon2.Variants	14.8GB
2023-02-08T16:01:32.310+0000	beacon2.Variants	14.8GB
2023-02-08T16:01:35.308+0000	beacon2.Variants	14.9GB
2023-02-08T16:01:38.308+0000	beacon2.Variants	14.9GB
2023-02-08T16:01:41.312+0000	beacon2.Variants	14.9GB
2023-02-08T16:01:44.308+0000	beacon2.Variants	15.0GB
2023-02-08T16:01:47.314+0000	beacon2.Variants	15.0GB
2023-02-08T16:01:50.313+0000	beacon2.Variants	15.1GB
2023-02-08T16:01:53.321+0000	beacon2.Variants	15.1GB
2023-02-08T16:01:56.308+0000	beacon2.Variants	15.1GB
2023-02-08T16:01:59.316+0000	beacon2.Variants	15.2GB
2023-02-08T16:02:02.308+0000	beacon2.Variants	15.2GB
2023-02-08T16:02:05.314+0000	beacon2.Variants	15.2GB
2023-02-08T16:02:08.308+0000	beacon2.Variants	15.3GB
2023-02-08T16:02:11.308+0000	beacon2.Variants	15.3GB
2023-02-08T16:02:14.308+0000	beacon2.Variants	15.3GB
2023-02-08T16:02:17.308+0000	beacon2.Variants	15.4GB
2023-02-08T16:02:20.308+0000	beacon2.Variants	15.4GB
2023-02-08T16:02:23.309+0000	beacon2.Variants	15.5GB
2023-02-08T16:02:26.315+0000	beacon2.Variants	15.5GB
2023-02-08T16:02:29.308+0000	beacon2.Variants	15.5GB
2023-02-08T16:02:32.316+0000	beacon2.Variants	15.6GB
2023-02-08T16:02:35.309+0000	beacon2.Variants	15.6GB
2023-02-08T16:02:38.308+0000	beacon2.Variants	15.7GB
2023-02-08T16:02:41.308+0000	beacon2.Variants	15.7GB
2023-02-08T16:02:44.308+0000	beacon2.Variants	15.7GB
2023-02-08T16:02:47.314+0000	beacon2.Variants	15.8GB
2023-02-08T16:02:50.310+0000	beacon2.Variants	15.8GB
2023-02-08T16:02:53.308+0000	beacon2.Variants	15.8GB
2023-02-08T16:02:56.320+0000	beacon2.Variants	15.9GB
2023-02-08T16:02:59.322+0000	beacon2.Variants	15.9GB
2023-02-08T16:03:02.314+0000	beacon2.Variants	15.9GB
2023-02-08T16:03:05.310+0000	beacon2.Variants	16.0GB
2023-02-08T16:03:08.321+0000	beacon2.Variants	16.0GB
2023-02-08T16:03:11.324+0000	beacon2.Variants	16.1GB
2023-02-08T16:03:14.308+0000	beacon2.Variants	16.1GB
2023-02-08T16:03:17.308+0000	beacon2.Variants	16.1GB
2023-02-08T16:03:20.308+0000	beacon2.Variants	16.2GB
2023-02-08T16:03:23.308+0000	beacon2.Variants	16.2GB
2023-02-08T16:03:26.314+0000	beacon2.Variants	16.2GB
2023-02-08T16:03:29.308+0000	beacon2.Variants	16.3GB
2023-02-08T16:03:32.309+0000	beacon2.Variants	16.3GB
2023-02-08T16:03:35.308+0000	beacon2.Variants	16.4GB
2023-02-08T16:03:38.313+0000	beacon2.Variants	16.4GB
2023-02-08T16:03:41.315+0000	beacon2.Variants	16.4GB
2023-02-08T16:03:44.320+0000	beacon2.Variants	16.5GB
2023-02-08T16:03:47.308+0000	beacon2.Variants	16.5GB
2023-02-08T16:03:50.312+0000	beacon2.Variants	16.6GB
2023-02-08T16:03:53.309+0000	beacon2.Variants	16.6GB
2023-02-08T16:03:56.314+0000	beacon2.Variants	16.6GB
2023-02-08T16:03:59.308+0000	beacon2.Variants	16.7GB
2023-02-08T16:04:02.314+0000	beacon2.Variants	16.7GB
2023-02-08T16:04:05.314+0000	beacon2.Variants	16.8GB
2023-02-08T16:04:08.311+0000	beacon2.Variants	16.8GB
2023-02-08T16:04:11.308+0000	beacon2.Variants	16.8GB
2023-02-08T16:04:14.312+0000	beacon2.Variants	16.9GB
2023-02-08T16:04:17.313+0000	beacon2.Variants	16.9GB
2023-02-08T16:04:20.309+0000	beacon2.Variants	16.9GB
2023-02-08T16:04:23.308+0000	beacon2.Variants	17.0GB
2023-02-08T16:04:26.309+0000	beacon2.Variants	17.0GB
2023-02-08T16:04:29.308+0000	beacon2.Variants	17.1GB
2023-02-08T16:04:32.308+0000	beacon2.Variants	17.1GB
2023-02-08T16:04:35.308+0000	beacon2.Variants	17.1GB
2023-02-08T16:04:38.310+0000	beacon2.Variants	17.2GB
2023-02-08T16:04:41.315+0000	beacon2.Variants	17.2GB
2023-02-08T16:04:44.308+0000	beacon2.Variants	17.2GB
2023-02-08T16:04:47.309+0000	beacon2.Variants	17.3GB
2023-02-08T16:04:50.308+0000	beacon2.Variants	17.3GB
2023-02-08T16:04:53.310+0000	beacon2.Variants	17.4GB
2023-02-08T16:04:56.311+0000	beacon2.Variants	17.4GB
2023-02-08T16:04:59.312+0000	beacon2.Variants	17.4GB
2023-02-08T16:05:02.311+0000	beacon2.Variants	17.5GB
2023-02-08T16:05:05.309+0000	beacon2.Variants	17.5GB
2023-02-08T16:05:08.309+0000	beacon2.Variants	17.5GB
2023-02-08T16:05:11.308+0000	beacon2.Variants	17.6GB
2023-02-08T16:05:14.319+0000	beacon2.Variants	17.6GB
2023-02-08T16:05:17.308+0000	beacon2.Variants	17.6GB
2023-02-08T16:05:20.308+0000	beacon2.Variants	17.7GB
2023-02-08T16:05:23.308+0000	beacon2.Variants	17.7GB
2023-02-08T16:05:26.325+0000	beacon2.Variants	17.8GB
2023-02-08T16:05:29.308+0000	beacon2.Variants	17.8GB
2023-02-08T16:05:32.308+0000	beacon2.Variants	17.8GB
2023-02-08T16:05:35.308+0000	beacon2.Variants	17.9GB
2023-02-08T16:05:38.309+0000	beacon2.Variants	17.9GB
2023-02-08T16:05:41.313+0000	beacon2.Variants	17.9GB
2023-02-08T16:05:44.308+0000	beacon2.Variants	18.0GB
2023-02-08T16:05:47.310+0000	beacon2.Variants	18.0GB
2023-02-08T16:05:50.310+0000	beacon2.Variants	18.1GB
2023-02-08T16:05:53.313+0000	beacon2.Variants	18.1GB
2023-02-08T16:05:56.328+0000	beacon2.Variants	18.1GB
2023-02-08T16:05:59.309+0000	beacon2.Variants	18.2GB
2023-02-08T16:06:02.308+0000	beacon2.Variants	18.2GB
2023-02-08T16:06:05.314+0000	beacon2.Variants	18.2GB
2023-02-08T16:06:08.308+0000	beacon2.Variants	18.3GB
2023-02-08T16:06:11.318+0000	beacon2.Variants	18.3GB
2023-02-08T16:06:14.317+0000	beacon2.Variants	18.4GB
2023-02-08T16:06:17.308+0000	beacon2.Variants	18.4GB
2023-02-08T16:06:20.315+0000	beacon2.Variants	18.4GB
2023-02-08T16:06:23.308+0000	beacon2.Variants	18.5GB
2023-02-08T16:06:26.315+0000	beacon2.Variants	18.5GB
2023-02-08T16:06:29.310+0000	beacon2.Variants	18.6GB
2023-02-08T16:06:32.308+0000	beacon2.Variants	18.6GB
2023-02-08T16:06:35.308+0000	beacon2.Variants	18.6GB
2023-02-08T16:06:38.308+0000	beacon2.Variants	18.7GB
2023-02-08T16:06:41.309+0000	beacon2.Variants	18.7GB
2023-02-08T16:06:44.311+0000	beacon2.Variants	18.7GB
2023-02-08T16:06:47.310+0000	beacon2.Variants	18.8GB
2023-02-08T16:06:50.324+0000	beacon2.Variants	18.8GB
2023-02-08T16:06:53.308+0000	beacon2.Variants	18.9GB
2023-02-08T16:06:56.312+0000	beacon2.Variants	18.9GB
2023-02-08T16:06:59.308+0000	beacon2.Variants	18.9GB
2023-02-08T16:07:02.309+0000	beacon2.Variants	19.0GB
2023-02-08T16:07:05.319+0000	beacon2.Variants	19.0GB
2023-02-08T16:07:08.308+0000	beacon2.Variants	19.0GB
2023-02-08T16:07:11.312+0000	beacon2.Variants	19.1GB
2023-02-08T16:07:14.312+0000	beacon2.Variants	19.1GB
2023-02-08T16:07:17.309+0000	beacon2.Variants	19.2GB
2023-02-08T16:07:20.308+0000	beacon2.Variants	19.2GB
2023-02-08T16:07:23.315+0000	beacon2.Variants	19.2GB
2023-02-08T16:07:26.311+0000	beacon2.Variants	19.3GB
2023-02-08T16:07:29.309+0000	beacon2.Variants	19.3GB
2023-02-08T16:07:32.309+0000	beacon2.Variants	19.4GB
2023-02-08T16:07:35.309+0000	beacon2.Variants	19.4GB
2023-02-08T16:07:38.308+0000	beacon2.Variants	19.4GB
2023-02-08T16:07:41.317+0000	beacon2.Variants	19.5GB
2023-02-08T16:07:44.313+0000	beacon2.Variants	19.5GB
2023-02-08T16:07:47.308+0000	beacon2.Variants	19.5GB
2023-02-08T16:07:50.320+0000	beacon2.Variants	19.6GB
2023-02-08T16:07:53.316+0000	beacon2.Variants	19.6GB
2023-02-08T16:07:56.319+0000	beacon2.Variants	19.6GB
2023-02-08T16:07:59.309+0000	beacon2.Variants	19.7GB
2023-02-08T16:08:02.308+0000	beacon2.Variants	19.7GB
2023-02-08T16:08:05.311+0000	beacon2.Variants	19.8GB
2023-02-08T16:08:08.310+0000	beacon2.Variants	19.8GB
2023-02-08T16:08:11.308+0000	beacon2.Variants	19.8GB
2023-02-08T16:08:14.309+0000	beacon2.Variants	19.9GB
2023-02-08T16:08:17.310+0000	beacon2.Variants	19.9GB
2023-02-08T16:08:20.308+0000	beacon2.Variants	19.9GB
2023-02-08T16:08:23.315+0000	beacon2.Variants	20.0GB
2023-02-08T16:08:26.327+0000	beacon2.Variants	20.0GB
2023-02-08T16:08:29.314+0000	beacon2.Variants	20.1GB
2023-02-08T16:08:32.322+0000	beacon2.Variants	20.1GB
2023-02-08T16:08:35.316+0000	beacon2.Variants	20.1GB
2023-02-08T16:08:38.310+0000	beacon2.Variants	20.2GB
2023-02-08T16:08:41.311+0000	beacon2.Variants	20.2GB
2023-02-08T16:08:44.310+0000	beacon2.Variants	20.2GB
2023-02-08T16:08:47.311+0000	beacon2.Variants	20.3GB
2023-02-08T16:08:50.308+0000	beacon2.Variants	20.3GB
2023-02-08T16:08:53.308+0000	beacon2.Variants	20.4GB
2023-02-08T16:08:56.313+0000	beacon2.Variants	20.4GB
2023-02-08T16:08:59.309+0000	beacon2.Variants	20.4GB
2023-02-08T16:09:02.308+0000	beacon2.Variants	20.5GB
2023-02-08T16:09:05.313+0000	beacon2.Variants	20.5GB
2023-02-08T16:09:08.308+0000	beacon2.Variants	20.6GB
2023-02-08T16:09:11.308+0000	beacon2.Variants	20.6GB
2023-02-08T16:09:14.309+0000	beacon2.Variants	20.6GB
2023-02-08T16:09:17.314+0000	beacon2.Variants	20.7GB
2023-02-08T16:09:20.312+0000	beacon2.Variants	20.7GB
2023-02-08T16:09:23.308+0000	beacon2.Variants	20.8GB
2023-02-08T16:09:26.317+0000	beacon2.Variants	20.8GB
2023-02-08T16:09:29.315+0000	beacon2.Variants	20.8GB
2023-02-08T16:09:32.312+0000	beacon2.Variants	20.9GB
2023-02-08T16:09:35.312+0000	beacon2.Variants	20.9GB
2023-02-08T16:09:38.318+0000	beacon2.Variants	20.9GB
2023-02-08T16:09:41.308+0000	beacon2.Variants	21.0GB
2023-02-08T16:09:44.310+0000	beacon2.Variants	21.0GB
2023-02-08T16:09:47.315+0000	beacon2.Variants	21.1GB
2023-02-08T16:09:50.309+0000	beacon2.Variants	21.1GB
2023-02-08T16:09:53.314+0000	beacon2.Variants	21.1GB
2023-02-08T16:09:56.312+0000	beacon2.Variants	21.2GB
2023-02-08T16:09:59.315+0000	beacon2.Variants	21.2GB
2023-02-08T16:10:02.308+0000	beacon2.Variants	21.2GB
2023-02-08T16:10:05.308+0000	beacon2.Variants	21.3GB
2023-02-08T16:10:08.308+0000	beacon2.Variants	21.3GB
2023-02-08T16:10:11.315+0000	beacon2.Variants	21.4GB
2023-02-08T16:10:14.308+0000	beacon2.Variants	21.4GB
2023-02-08T16:10:17.309+0000	beacon2.Variants	21.4GB
2023-02-08T16:10:20.308+0000	beacon2.Variants	21.5GB
2023-02-08T16:10:23.316+0000	beacon2.Variants	21.5GB
2023-02-08T16:10:26.312+0000	beacon2.Variants	21.5GB
2023-02-08T16:10:29.308+0000	beacon2.Variants	21.6GB
2023-02-08T16:10:32.315+0000	beacon2.Variants	21.6GB
2023-02-08T16:10:35.308+0000	beacon2.Variants	21.6GB
2023-02-08T16:10:38.326+0000	beacon2.Variants	21.7GB
2023-02-08T16:10:41.308+0000	beacon2.Variants	21.7GB
2023-02-08T16:10:44.309+0000	beacon2.Variants	21.8GB
2023-02-08T16:10:47.308+0000	beacon2.Variants	21.8GB
2023-02-08T16:10:50.308+0000	beacon2.Variants	21.8GB
2023-02-08T16:10:53.308+0000	beacon2.Variants	21.9GB
2023-02-08T16:10:56.308+0000	beacon2.Variants	21.9GB
2023-02-08T16:10:59.309+0000	beacon2.Variants	22.0GB
2023-02-08T16:11:02.309+0000	beacon2.Variants	22.0GB
2023-02-08T16:11:05.310+0000	beacon2.Variants	22.0GB
2023-02-08T16:11:08.308+0000	beacon2.Variants	22.1GB
2023-02-08T16:11:11.308+0000	beacon2.Variants	22.1GB
2023-02-08T16:11:14.308+0000	beacon2.Variants	22.1GB
2023-02-08T16:11:17.310+0000	beacon2.Variants	22.2GB
2023-02-08T16:11:20.308+0000	beacon2.Variants	22.2GB
2023-02-08T16:11:23.309+0000	beacon2.Variants	22.3GB
2023-02-08T16:11:26.317+0000	beacon2.Variants	22.3GB
2023-02-08T16:11:29.315+0000	beacon2.Variants	22.3GB
2023-02-08T16:11:32.310+0000	beacon2.Variants	22.4GB
2023-02-08T16:11:35.309+0000	beacon2.Variants	22.4GB
2023-02-08T16:11:38.311+0000	beacon2.Variants	22.4GB
2023-02-08T16:11:41.312+0000	beacon2.Variants	22.5GB
2023-02-08T16:11:44.308+0000	beacon2.Variants	22.5GB
2023-02-08T16:11:47.310+0000	beacon2.Variants	22.6GB
2023-02-08T16:11:50.308+0000	beacon2.Variants	22.6GB
2023-02-08T16:11:53.312+0000	beacon2.Variants	22.6GB
2023-02-08T16:11:56.308+0000	beacon2.Variants	22.7GB
2023-02-08T16:11:59.309+0000	beacon2.Variants	22.7GB
2023-02-08T16:12:02.309+0000	beacon2.Variants	22.8GB
2023-02-08T16:12:05.314+0000	beacon2.Variants	22.8GB
2023-02-08T16:12:08.309+0000	beacon2.Variants	22.8GB
2023-02-08T16:12:11.308+0000	beacon2.Variants	22.9GB
2023-02-08T16:12:14.315+0000	beacon2.Variants	22.9GB
2023-02-08T16:12:17.310+0000	beacon2.Variants	22.9GB
2023-02-08T16:12:20.316+0000	beacon2.Variants	23.0GB
2023-02-08T16:12:23.309+0000	beacon2.Variants	23.0GB
2023-02-08T16:12:26.315+0000	beacon2.Variants	23.1GB
2023-02-08T16:12:29.310+0000	beacon2.Variants	23.1GB
2023-02-08T16:12:32.308+0000	beacon2.Variants	23.1GB
2023-02-08T16:12:35.310+0000	beacon2.Variants	23.2GB
2023-02-08T16:12:38.317+0000	beacon2.Variants	23.2GB
2023-02-08T16:12:41.313+0000	beacon2.Variants	23.2GB
2023-02-08T16:12:44.308+0000	beacon2.Variants	23.3GB
2023-02-08T16:12:47.308+0000	beacon2.Variants	23.3GB
2023-02-08T16:12:50.309+0000	beacon2.Variants	23.4GB
2023-02-08T16:12:53.310+0000	beacon2.Variants	23.4GB
2023-02-08T16:12:56.312+0000	beacon2.Variants	23.4GB
2023-02-08T16:12:59.308+0000	beacon2.Variants	23.5GB
2023-02-08T16:13:02.312+0000	beacon2.Variants	23.5GB
2023-02-08T16:13:05.317+0000	beacon2.Variants	23.5GB
2023-02-08T16:13:08.317+0000	beacon2.Variants	23.6GB
2023-02-08T16:13:11.312+0000	beacon2.Variants	23.6GB
2023-02-08T16:13:14.311+0000	beacon2.Variants	23.6GB
2023-02-08T16:13:17.311+0000	beacon2.Variants	23.7GB
2023-02-08T16:13:20.308+0000	beacon2.Variants	23.7GB
2023-02-08T16:13:23.312+0000	beacon2.Variants	23.8GB
2023-02-08T16:13:26.308+0000	beacon2.Variants	23.8GB
2023-02-08T16:13:29.308+0000	beacon2.Variants	23.8GB
2023-02-08T16:13:32.310+0000	beacon2.Variants	23.9GB
2023-02-08T16:13:35.315+0000	beacon2.Variants	23.9GB
2023-02-08T16:13:38.308+0000	beacon2.Variants	24.0GB
2023-02-08T16:13:41.308+0000	beacon2.Variants	24.0GB
2023-02-08T16:13:44.308+0000	beacon2.Variants	24.0GB
2023-02-08T16:13:47.311+0000	beacon2.Variants	24.1GB
2023-02-08T16:13:50.308+0000	beacon2.Variants	24.1GB
2023-02-08T16:13:53.308+0000	beacon2.Variants	24.1GB
2023-02-08T16:13:56.308+0000	beacon2.Variants	24.2GB
2023-02-08T16:13:59.311+0000	beacon2.Variants	24.2GB
2023-02-08T16:14:02.317+0000	beacon2.Variants	24.3GB
2023-02-08T16:14:05.320+0000	beacon2.Variants	24.3GB
2023-02-08T16:14:08.312+0000	beacon2.Variants	24.3GB
2023-02-08T16:14:11.327+0000	beacon2.Variants	24.4GB
2023-02-08T16:14:14.319+0000	beacon2.Variants	24.4GB
2023-02-08T16:14:17.309+0000	beacon2.Variants	24.4GB
2023-02-08T16:14:20.313+0000	beacon2.Variants	24.5GB
2023-02-08T16:14:23.308+0000	beacon2.Variants	24.5GB
2023-02-08T16:14:26.311+0000	beacon2.Variants	24.6GB
2023-02-08T16:14:29.314+0000	beacon2.Variants	24.6GB
2023-02-08T16:14:32.308+0000	beacon2.Variants	24.6GB
2023-02-08T16:14:35.314+0000	beacon2.Variants	24.7GB
2023-02-08T16:14:38.315+0000	beacon2.Variants	24.7GB
2023-02-08T16:14:41.312+0000	beacon2.Variants	24.8GB
2023-02-08T16:14:44.308+0000	beacon2.Variants	24.8GB
2023-02-08T16:14:47.309+0000	beacon2.Variants	24.8GB
2023-02-08T16:14:50.308+0000	beacon2.Variants	24.9GB
2023-02-08T16:14:53.332+0000	beacon2.Variants	24.9GB
2023-02-08T16:14:56.308+0000	beacon2.Variants	24.9GB
2023-02-08T16:14:59.308+0000	beacon2.Variants	25.0GB
2023-02-08T16:15:02.308+0000	beacon2.Variants	25.0GB
2023-02-08T16:15:05.325+0000	beacon2.Variants	25.1GB
2023-02-08T16:15:08.308+0000	beacon2.Variants	25.1GB
2023-02-08T16:15:11.319+0000	beacon2.Variants	25.1GB
2023-02-08T16:15:14.308+0000	beacon2.Variants	25.2GB
2023-02-08T16:15:17.308+0000	beacon2.Variants	25.2GB
2023-02-08T16:15:20.308+0000	beacon2.Variants	25.2GB
2023-02-08T16:15:23.314+0000	beacon2.Variants	25.3GB
2023-02-08T16:15:26.310+0000	beacon2.Variants	25.3GB
2023-02-08T16:15:29.308+0000	beacon2.Variants	25.4GB
2023-02-08T16:15:32.308+0000	beacon2.Variants	25.4GB
2023-02-08T16:15:35.323+0000	beacon2.Variants	25.4GB
2023-02-08T16:15:38.312+0000	beacon2.Variants	25.5GB
2023-02-08T16:15:41.312+0000	beacon2.Variants	25.5GB
2023-02-08T16:15:44.308+0000	beacon2.Variants	25.5GB
2023-02-08T16:15:47.315+0000	beacon2.Variants	25.6GB
2023-02-08T16:15:50.309+0000	beacon2.Variants	25.6GB
2023-02-08T16:15:53.315+0000	beacon2.Variants	25.7GB
2023-02-08T16:15:56.308+0000	beacon2.Variants	25.7GB
2023-02-08T16:15:59.322+0000	beacon2.Variants	25.7GB
2023-02-08T16:16:02.314+0000	beacon2.Variants	25.8GB
2023-02-08T16:16:05.312+0000	beacon2.Variants	25.8GB
2023-02-08T16:16:08.315+0000	beacon2.Variants	25.8GB
2023-02-08T16:16:11.312+0000	beacon2.Variants	25.9GB
2023-02-08T16:16:14.313+0000	beacon2.Variants	25.9GB
2023-02-08T16:16:17.308+0000	beacon2.Variants	26.0GB
2023-02-08T16:16:20.311+0000	beacon2.Variants	26.0GB
2023-02-08T16:16:23.308+0000	beacon2.Variants	26.0GB
2023-02-08T16:16:26.308+0000	beacon2.Variants	26.1GB
2023-02-08T16:16:29.311+0000	beacon2.Variants	26.1GB
2023-02-08T16:16:32.309+0000	beacon2.Variants	26.1GB
2023-02-08T16:16:35.313+0000	beacon2.Variants	26.2GB
2023-02-08T16:16:38.322+0000	beacon2.Variants	26.2GB
2023-02-08T16:16:41.308+0000	beacon2.Variants	26.3GB
2023-02-08T16:16:44.309+0000	beacon2.Variants	26.3GB
2023-02-08T16:16:47.317+0000	beacon2.Variants	26.3GB
2023-02-08T16:16:50.313+0000	beacon2.Variants	26.4GB
2023-02-08T16:16:53.318+0000	beacon2.Variants	26.4GB
2023-02-08T16:16:56.314+0000	beacon2.Variants	26.4GB
2023-02-08T16:16:59.308+0000	beacon2.Variants	26.5GB
2023-02-08T16:17:02.309+0000	beacon2.Variants	26.5GB
2023-02-08T16:17:05.308+0000	beacon2.Variants	26.6GB
2023-02-08T16:17:08.308+0000	beacon2.Variants	26.6GB
2023-02-08T16:17:11.308+0000	beacon2.Variants	26.6GB
2023-02-08T16:17:14.308+0000	beacon2.Variants	26.7GB
2023-02-08T16:17:17.308+0000	beacon2.Variants	26.7GB
2023-02-08T16:17:20.309+0000	beacon2.Variants	26.8GB
2023-02-08T16:17:23.310+0000	beacon2.Variants	26.8GB
2023-02-08T16:17:26.309+0000	beacon2.Variants	26.8GB
2023-02-08T16:17:29.312+0000	beacon2.Variants	26.9GB
2023-02-08T16:17:32.321+0000	beacon2.Variants	26.9GB
2023-02-08T16:17:35.316+0000	beacon2.Variants	26.9GB
2023-02-08T16:17:38.329+0000	beacon2.Variants	27.0GB
2023-02-08T16:17:41.311+0000	beacon2.Variants	27.0GB
2023-02-08T16:17:44.308+0000	beacon2.Variants	27.1GB
2023-02-08T16:17:47.317+0000	beacon2.Variants	27.1GB
2023-02-08T16:17:50.324+0000	beacon2.Variants	27.1GB
2023-02-08T16:17:53.312+0000	beacon2.Variants	27.2GB
2023-02-08T16:17:56.313+0000	beacon2.Variants	27.2GB
2023-02-08T16:17:59.315+0000	beacon2.Variants	27.2GB
2023-02-08T16:18:02.311+0000	beacon2.Variants	27.3GB
2023-02-08T16:18:05.309+0000	beacon2.Variants	27.3GB
2023-02-08T16:18:08.308+0000	beacon2.Variants	27.4GB
2023-02-08T16:18:11.328+0000	beacon2.Variants	27.4GB
2023-02-08T16:18:14.310+0000	beacon2.Variants	27.4GB
2023-02-08T16:18:17.311+0000	beacon2.Variants	27.5GB
2023-02-08T16:18:20.309+0000	beacon2.Variants	27.5GB
2023-02-08T16:18:23.315+0000	beacon2.Variants	27.6GB
2023-02-08T16:18:26.310+0000	beacon2.Variants	27.6GB
2023-02-08T16:18:29.308+0000	beacon2.Variants	27.6GB
2023-02-08T16:18:32.308+0000	beacon2.Variants	27.7GB
2023-02-08T16:18:35.309+0000	beacon2.Variants	27.7GB
2023-02-08T16:18:38.308+0000	beacon2.Variants	27.7GB
2023-02-08T16:18:41.308+0000	beacon2.Variants	27.8GB
2023-02-08T16:18:44.310+0000	beacon2.Variants	27.8GB
2023-02-08T16:18:47.311+0000	beacon2.Variants	27.9GB
2023-02-08T16:18:50.308+0000	beacon2.Variants	27.9GB
2023-02-08T16:18:53.313+0000	beacon2.Variants	27.9GB
2023-02-08T16:18:56.308+0000	beacon2.Variants	28.0GB
2023-02-08T16:18:59.308+0000	beacon2.Variants	28.0GB
2023-02-08T16:19:02.314+0000	beacon2.Variants	28.0GB
2023-02-08T16:19:05.314+0000	beacon2.Variants	28.1GB
2023-02-08T16:19:08.308+0000	beacon2.Variants	28.1GB
2023-02-08T16:19:11.310+0000	beacon2.Variants	28.1GB
2023-02-08T16:19:14.308+0000	beacon2.Variants	28.2GB
2023-02-08T16:19:17.309+0000	beacon2.Variants	28.2GB
2023-02-08T16:19:20.308+0000	beacon2.Variants	28.3GB
2023-02-08T16:19:23.311+0000	beacon2.Variants	28.3GB
2023-02-08T16:19:26.311+0000	beacon2.Variants	28.3GB
2023-02-08T16:19:29.313+0000	beacon2.Variants	28.4GB
2023-02-08T16:19:32.310+0000	beacon2.Variants	28.4GB
2023-02-08T16:19:35.309+0000	beacon2.Variants	28.4GB
2023-02-08T16:19:38.311+0000	beacon2.Variants	28.5GB
2023-02-08T16:19:41.313+0000	beacon2.Variants	28.5GB
2023-02-08T16:19:44.309+0000	beacon2.Variants	28.6GB
2023-02-08T16:19:47.311+0000	beacon2.Variants	28.6GB
2023-02-08T16:19:50.309+0000	beacon2.Variants	28.6GB
2023-02-08T16:19:53.308+0000	beacon2.Variants	28.7GB
2023-02-08T16:19:56.310+0000	beacon2.Variants	28.7GB
2023-02-08T16:19:59.310+0000	beacon2.Variants	28.8GB
2023-02-08T16:20:02.310+0000	beacon2.Variants	28.8GB
2023-02-08T16:20:05.308+0000	beacon2.Variants	28.8GB
2023-02-08T16:20:08.309+0000	beacon2.Variants	28.9GB
2023-02-08T16:20:11.313+0000	beacon2.Variants	28.9GB
2023-02-08T16:20:14.311+0000	beacon2.Variants	28.9GB
2023-02-08T16:20:17.308+0000	beacon2.Variants	29.0GB
2023-02-08T16:20:20.312+0000	beacon2.Variants	29.0GB
2023-02-08T16:20:23.309+0000	beacon2.Variants	29.1GB
2023-02-08T16:20:26.308+0000	beacon2.Variants	29.1GB
2023-02-08T16:20:29.311+0000	beacon2.Variants	29.1GB
2023-02-08T16:20:32.308+0000	beacon2.Variants	29.2GB
2023-02-08T16:20:35.318+0000	beacon2.Variants	29.2GB
2023-02-08T16:20:38.323+0000	beacon2.Variants	29.2GB
2023-02-08T16:20:41.308+0000	beacon2.Variants	29.3GB
2023-02-08T16:20:44.311+0000	beacon2.Variants	29.3GB
2023-02-08T16:20:47.310+0000	beacon2.Variants	29.4GB
2023-02-08T16:20:50.322+0000	beacon2.Variants	29.4GB
2023-02-08T16:20:53.308+0000	beacon2.Variants	29.4GB
2023-02-08T16:20:56.309+0000	beacon2.Variants	29.5GB
2023-02-08T16:20:59.309+0000	beacon2.Variants	29.5GB
2023-02-08T16:21:02.323+0000	beacon2.Variants	29.6GB
2023-02-08T16:21:05.310+0000	beacon2.Variants	29.6GB
2023-02-08T16:21:08.310+0000	beacon2.Variants	29.6GB
2023-02-08T16:21:11.308+0000	beacon2.Variants	29.7GB
2023-02-08T16:21:14.308+0000	beacon2.Variants	29.7GB
2023-02-08T16:21:17.309+0000	beacon2.Variants	29.7GB
2023-02-08T16:21:20.308+0000	beacon2.Variants	29.8GB
2023-02-08T16:21:23.309+0000	beacon2.Variants	29.8GB
2023-02-08T16:21:26.312+0000	beacon2.Variants	29.9GB
2023-02-08T16:21:29.310+0000	beacon2.Variants	29.9GB
2023-02-08T16:21:32.309+0000	beacon2.Variants	29.9GB
2023-02-08T16:21:35.316+0000	beacon2.Variants	30.0GB
2023-02-08T16:21:38.323+0000	beacon2.Variants	30.0GB
2023-02-08T16:21:41.308+0000	beacon2.Variants	30.1GB
2023-02-08T16:21:44.308+0000	beacon2.Variants	30.1GB
2023-02-08T16:21:47.318+0000	beacon2.Variants	30.1GB
2023-02-08T16:21:50.308+0000	beacon2.Variants	30.2GB
2023-02-08T16:21:53.311+0000	beacon2.Variants	30.2GB
2023-02-08T16:21:56.309+0000	beacon2.Variants	30.2GB
2023-02-08T16:21:59.309+0000	beacon2.Variants	30.3GB
2023-02-08T16:22:02.317+0000	beacon2.Variants	30.3GB
2023-02-08T16:22:05.308+0000	beacon2.Variants	30.4GB
2023-02-08T16:22:08.311+0000	beacon2.Variants	30.4GB
2023-02-08T16:22:11.309+0000	beacon2.Variants	30.4GB
2023-02-08T16:22:14.308+0000	beacon2.Variants	30.5GB
2023-02-08T16:22:17.313+0000	beacon2.Variants	30.5GB
2023-02-08T16:22:20.308+0000	beacon2.Variants	30.5GB
2023-02-08T16:22:23.308+0000	beacon2.Variants	30.6GB
2023-02-08T16:22:26.308+0000	beacon2.Variants	30.6GB
2023-02-08T16:22:29.308+0000	beacon2.Variants	30.6GB
2023-02-08T16:22:32.310+0000	beacon2.Variants	30.7GB
2023-02-08T16:22:35.311+0000	beacon2.Variants	30.7GB
2023-02-08T16:22:38.308+0000	beacon2.Variants	30.8GB
2023-02-08T16:22:41.308+0000	beacon2.Variants	30.8GB
2023-02-08T16:22:44.314+0000	beacon2.Variants	30.8GB
2023-02-08T16:22:47.308+0000	beacon2.Variants	30.9GB
2023-02-08T16:22:50.311+0000	beacon2.Variants	30.9GB
2023-02-08T16:22:53.309+0000	beacon2.Variants	31.0GB
2023-02-08T16:22:56.312+0000	beacon2.Variants	31.0GB
2023-02-08T16:22:59.308+0000	beacon2.Variants	31.0GB
2023-02-08T16:23:02.308+0000	beacon2.Variants	31.1GB
2023-02-08T16:23:05.311+0000	beacon2.Variants	31.1GB
2023-02-08T16:23:08.308+0000	beacon2.Variants	31.1GB
2023-02-08T16:23:11.317+0000	beacon2.Variants	31.2GB
2023-02-08T16:23:14.310+0000	beacon2.Variants	31.2GB
2023-02-08T16:23:17.310+0000	beacon2.Variants	31.3GB
2023-02-08T16:23:20.308+0000	beacon2.Variants	31.3GB
2023-02-08T16:23:23.311+0000	beacon2.Variants	31.3GB
2023-02-08T16:23:26.312+0000	beacon2.Variants	31.4GB
2023-02-08T16:23:29.309+0000	beacon2.Variants	31.4GB
2023-02-08T16:23:32.309+0000	beacon2.Variants	31.4GB
2023-02-08T16:23:35.311+0000	beacon2.Variants	31.5GB
2023-02-08T16:23:38.308+0000	beacon2.Variants	31.5GB
2023-02-08T16:23:41.315+0000	beacon2.Variants	31.6GB
2023-02-08T16:23:44.308+0000	beacon2.Variants	31.6GB
2023-02-08T16:23:47.320+0000	beacon2.Variants	31.6GB
2023-02-08T16:23:50.308+0000	beacon2.Variants	31.7GB
2023-02-08T16:23:53.316+0000	beacon2.Variants	31.7GB
2023-02-08T16:23:56.313+0000	beacon2.Variants	31.8GB
2023-02-08T16:23:59.316+0000	beacon2.Variants	31.8GB
2023-02-08T16:24:02.309+0000	beacon2.Variants	31.8GB
2023-02-08T16:24:05.308+0000	beacon2.Variants	31.9GB
2023-02-08T16:24:08.308+0000	beacon2.Variants	31.9GB
2023-02-08T16:24:11.310+0000	beacon2.Variants	31.9GB
2023-02-08T16:24:14.320+0000	beacon2.Variants	32.0GB
2023-02-08T16:24:17.308+0000	beacon2.Variants	32.0GB
2023-02-08T16:24:20.308+0000	beacon2.Variants	32.0GB
2023-02-08T16:24:23.308+0000	beacon2.Variants	32.1GB
2023-02-08T16:24:26.309+0000	beacon2.Variants	32.1GB
2023-02-08T16:24:29.310+0000	beacon2.Variants	32.2GB
2023-02-08T16:24:32.312+0000	beacon2.Variants	32.2GB
2023-02-08T16:24:35.311+0000	beacon2.Variants	32.2GB
2023-02-08T16:24:38.315+0000	beacon2.Variants	32.3GB
2023-02-08T16:24:41.308+0000	beacon2.Variants	32.3GB
2023-02-08T16:24:44.309+0000	beacon2.Variants	32.4GB
2023-02-08T16:24:47.308+0000	beacon2.Variants	32.4GB
2023-02-08T16:24:50.318+0000	beacon2.Variants	32.4GB
2023-02-08T16:24:53.313+0000	beacon2.Variants	32.5GB
2023-02-08T16:24:56.308+0000	beacon2.Variants	32.5GB
2023-02-08T16:24:59.309+0000	beacon2.Variants	32.5GB
2023-02-08T16:25:02.320+0000	beacon2.Variants	32.6GB
2023-02-08T16:25:05.313+0000	beacon2.Variants	32.6GB
2023-02-08T16:25:08.308+0000	beacon2.Variants	32.6GB
2023-02-08T16:25:11.309+0000	beacon2.Variants	32.7GB
2023-02-08T16:25:14.322+0000	beacon2.Variants	32.7GB
2023-02-08T16:25:17.310+0000	beacon2.Variants	32.8GB
2023-02-08T16:25:20.308+0000	beacon2.Variants	32.8GB
2023-02-08T16:25:23.310+0000	beacon2.Variants	32.8GB
2023-02-08T16:25:26.316+0000	beacon2.Variants	32.9GB
2023-02-08T16:25:29.310+0000	beacon2.Variants	32.9GB
2023-02-08T16:25:32.308+0000	beacon2.Variants	33.0GB
2023-02-08T16:25:35.308+0000	beacon2.Variants	33.0GB
2023-02-08T16:25:38.308+0000	beacon2.Variants	33.0GB
2023-02-08T16:25:41.312+0000	beacon2.Variants	33.1GB
2023-02-08T16:25:44.311+0000	beacon2.Variants	33.1GB
2023-02-08T16:25:47.308+0000	beacon2.Variants	33.1GB
2023-02-08T16:25:50.308+0000	beacon2.Variants	33.2GB
2023-02-08T16:25:53.309+0000	beacon2.Variants	33.2GB
2023-02-08T16:25:56.310+0000	beacon2.Variants	33.2GB
2023-02-08T16:25:59.308+0000	beacon2.Variants	33.3GB
2023-02-08T16:26:02.309+0000	beacon2.Variants	33.3GB
2023-02-08T16:26:05.308+0000	beacon2.Variants	33.4GB
2023-02-08T16:26:08.310+0000	beacon2.Variants	33.4GB
2023-02-08T16:26:11.308+0000	beacon2.Variants	33.4GB
2023-02-08T16:26:14.308+0000	beacon2.Variants	33.5GB
2023-02-08T16:26:17.309+0000	beacon2.Variants	33.5GB
2023-02-08T16:26:20.308+0000	beacon2.Variants	33.6GB
2023-02-08T16:26:23.313+0000	beacon2.Variants	33.6GB
2023-02-08T16:26:26.308+0000	beacon2.Variants	33.6GB
2023-02-08T16:26:29.308+0000	beacon2.Variants	33.7GB
2023-02-08T16:26:32.311+0000	beacon2.Variants	33.7GB
2023-02-08T16:26:35.309+0000	beacon2.Variants	33.8GB
2023-02-08T16:26:38.309+0000	beacon2.Variants	33.8GB
2023-02-08T16:26:41.312+0000	beacon2.Variants	33.8GB
2023-02-08T16:26:44.308+0000	beacon2.Variants	33.9GB
2023-02-08T16:26:47.317+0000	beacon2.Variants	33.9GB
2023-02-08T16:26:50.308+0000	beacon2.Variants	33.9GB
2023-02-08T16:26:53.312+0000	beacon2.Variants	34.0GB
2023-02-08T16:26:56.308+0000	beacon2.Variants	34.0GB
2023-02-08T16:26:59.309+0000	beacon2.Variants	34.0GB
2023-02-08T16:27:02.309+0000	beacon2.Variants	34.1GB
2023-02-08T16:27:05.313+0000	beacon2.Variants	34.1GB
2023-02-08T16:27:08.309+0000	beacon2.Variants	34.2GB
2023-02-08T16:27:11.317+0000	beacon2.Variants	34.2GB
2023-02-08T16:27:14.313+0000	beacon2.Variants	34.2GB
2023-02-08T16:27:17.316+0000	beacon2.Variants	34.3GB
2023-02-08T16:27:20.312+0000	beacon2.Variants	34.3GB
2023-02-08T16:27:23.308+0000	beacon2.Variants	34.4GB
2023-02-08T16:27:26.308+0000	beacon2.Variants	34.4GB
2023-02-08T16:27:29.310+0000	beacon2.Variants	34.4GB
2023-02-08T16:27:32.316+0000	beacon2.Variants	34.5GB
2023-02-08T16:27:35.319+0000	beacon2.Variants	34.5GB
2023-02-08T16:27:38.308+0000	beacon2.Variants	34.5GB
2023-02-08T16:27:41.315+0000	beacon2.Variants	34.6GB
2023-02-08T16:27:44.318+0000	beacon2.Variants	34.6GB
2023-02-08T16:27:47.308+0000	beacon2.Variants	34.6GB
2023-02-08T16:27:50.310+0000	beacon2.Variants	34.7GB
2023-02-08T16:27:53.308+0000	beacon2.Variants	34.7GB
2023-02-08T16:27:56.316+0000	beacon2.Variants	34.8GB
2023-02-08T16:27:59.308+0000	beacon2.Variants	34.8GB
2023-02-08T16:28:02.320+0000	beacon2.Variants	34.8GB
2023-02-08T16:28:05.311+0000	beacon2.Variants	34.9GB
2023-02-08T16:28:08.310+0000	beacon2.Variants	34.9GB
2023-02-08T16:28:11.309+0000	beacon2.Variants	35.0GB
2023-02-08T16:28:14.309+0000	beacon2.Variants	35.0GB
2023-02-08T16:28:17.320+0000	beacon2.Variants	35.0GB
2023-02-08T16:28:20.309+0000	beacon2.Variants	35.1GB
2023-02-08T16:28:23.308+0000	beacon2.Variants	35.1GB
2023-02-08T16:28:26.317+0000	beacon2.Variants	35.1GB
2023-02-08T16:28:29.321+0000	beacon2.Variants	35.2GB
2023-02-08T16:28:32.317+0000	beacon2.Variants	35.2GB
2023-02-08T16:28:35.308+0000	beacon2.Variants	35.3GB
2023-02-08T16:28:38.314+0000	beacon2.Variants	35.3GB
2023-02-08T16:28:41.315+0000	beacon2.Variants	35.3GB
2023-02-08T16:28:44.315+0000	beacon2.Variants	35.4GB
2023-02-08T16:28:47.308+0000	beacon2.Variants	35.4GB
2023-02-08T16:28:50.316+0000	beacon2.Variants	35.4GB
2023-02-08T16:28:53.313+0000	beacon2.Variants	35.5GB
2023-02-08T16:28:56.310+0000	beacon2.Variants	35.5GB
2023-02-08T16:28:59.308+0000	beacon2.Variants	35.6GB
2023-02-08T16:29:02.308+0000	beacon2.Variants	35.6GB
2023-02-08T16:29:05.308+0000	beacon2.Variants	35.6GB
2023-02-08T16:29:08.308+0000	beacon2.Variants	35.7GB
2023-02-08T16:29:11.313+0000	beacon2.Variants	35.7GB
2023-02-08T16:29:14.317+0000	beacon2.Variants	35.8GB
2023-02-08T16:29:17.309+0000	beacon2.Variants	35.8GB
2023-02-08T16:29:20.314+0000	beacon2.Variants	35.8GB
2023-02-08T16:29:23.309+0000	beacon2.Variants	35.9GB
2023-02-08T16:29:26.314+0000	beacon2.Variants	35.9GB
2023-02-08T16:29:29.308+0000	beacon2.Variants	35.9GB
2023-02-08T16:29:32.308+0000	beacon2.Variants	36.0GB
2023-02-08T16:29:35.309+0000	beacon2.Variants	36.0GB
2023-02-08T16:29:38.314+0000	beacon2.Variants	36.0GB
2023-02-08T16:29:41.319+0000	beacon2.Variants	36.1GB
2023-02-08T16:29:44.308+0000	beacon2.Variants	36.1GB
2023-02-08T16:29:47.312+0000	beacon2.Variants	36.2GB
2023-02-08T16:29:50.315+0000	beacon2.Variants	36.2GB
2023-02-08T16:29:53.317+0000	beacon2.Variants	36.2GB
2023-02-08T16:29:56.312+0000	beacon2.Variants	36.3GB
2023-02-08T16:29:59.308+0000	beacon2.Variants	36.3GB
2023-02-08T16:30:02.314+0000	beacon2.Variants	36.4GB
2023-02-08T16:30:05.311+0000	beacon2.Variants	36.4GB
2023-02-08T16:30:08.310+0000	beacon2.Variants	36.4GB
2023-02-08T16:30:11.310+0000	beacon2.Variants	36.5GB
2023-02-08T16:30:14.308+0000	beacon2.Variants	36.5GB
2023-02-08T16:30:17.308+0000	beacon2.Variants	36.5GB
2023-02-08T16:30:20.311+0000	beacon2.Variants	36.6GB
2023-02-08T16:30:23.309+0000	beacon2.Variants	36.6GB
2023-02-08T16:30:26.312+0000	beacon2.Variants	36.7GB
2023-02-08T16:30:29.310+0000	beacon2.Variants	36.7GB
2023-02-08T16:30:32.311+0000	beacon2.Variants	36.7GB
2023-02-08T16:30:35.309+0000	beacon2.Variants	36.8GB
2023-02-08T16:30:38.315+0000	beacon2.Variants	36.8GB
2023-02-08T16:30:41.312+0000	beacon2.Variants	36.9GB
2023-02-08T16:30:44.315+0000	beacon2.Variants	36.9GB
2023-02-08T16:30:47.309+0000	beacon2.Variants	36.9GB
2023-02-08T16:30:50.308+0000	beacon2.Variants	37.0GB
2023-02-08T16:30:53.310+0000	beacon2.Variants	37.0GB
2023-02-08T16:30:56.308+0000	beacon2.Variants	37.0GB
2023-02-08T16:30:59.310+0000	beacon2.Variants	37.1GB
2023-02-08T16:31:02.317+0000	beacon2.Variants	37.1GB
2023-02-08T16:31:05.312+0000	beacon2.Variants	37.1GB
2023-02-08T16:31:08.308+0000	beacon2.Variants	37.2GB
2023-02-08T16:31:11.316+0000	beacon2.Variants	37.2GB
2023-02-08T16:31:14.315+0000	beacon2.Variants	37.3GB
2023-02-08T16:31:17.309+0000	beacon2.Variants	37.3GB
2023-02-08T16:31:20.320+0000	beacon2.Variants	37.3GB
2023-02-08T16:31:23.317+0000	beacon2.Variants	37.4GB
2023-02-08T16:31:26.310+0000	beacon2.Variants	37.4GB
2023-02-08T16:31:29.313+0000	beacon2.Variants	37.5GB
2023-02-08T16:31:32.308+0000	beacon2.Variants	37.5GB
2023-02-08T16:31:35.317+0000	beacon2.Variants	37.5GB
2023-02-08T16:31:38.312+0000	beacon2.Variants	37.6GB
2023-02-08T16:31:41.308+0000	beacon2.Variants	37.6GB
2023-02-08T16:31:44.309+0000	beacon2.Variants	37.6GB
2023-02-08T16:31:45.971+0000	beacon2.Variants	37.6GB
2023-02-08T16:31:45.971+0000	3575640 document(s) imported successfully. 0 document(s) failed to import.

real	49m52.690s
user	88m37.621s
sys	1m26.908s
