2023-02-08T19:58:25.355+0000	connected to: mongodb://[**REDACTED**]@localhost:27017/beacon2?authSource=admin
2023-02-08T19:58:28.355+0000	beacon2.Variants	38.4MB
2023-02-08T19:58:31.355+0000	beacon2.Variants	76.8MB
2023-02-08T19:58:34.355+0000	beacon2.Variants	116MB
2023-02-08T19:58:37.360+0000	beacon2.Variants	156MB
2023-02-08T19:58:40.368+0000	beacon2.Variants	196MB
2023-02-08T19:58:43.357+0000	beacon2.Variants	234MB
2023-02-08T19:58:46.355+0000	beacon2.Variants	273MB
2023-02-08T19:58:49.356+0000	beacon2.Variants	313MB
2023-02-08T19:58:52.355+0000	beacon2.Variants	353MB
2023-02-08T19:58:55.357+0000	beacon2.Variants	391MB
2023-02-08T19:58:58.365+0000	beacon2.Variants	431MB
2023-02-08T19:59:01.355+0000	beacon2.Variants	468MB
2023-02-08T19:59:04.360+0000	beacon2.Variants	506MB
2023-02-08T19:59:07.356+0000	beacon2.Variants	545MB
2023-02-08T19:59:10.355+0000	beacon2.Variants	584MB
2023-02-08T19:59:13.370+0000	beacon2.Variants	624MB
2023-02-08T19:59:16.357+0000	beacon2.Variants	663MB
2023-02-08T19:59:19.359+0000	beacon2.Variants	703MB
2023-02-08T19:59:22.356+0000	beacon2.Variants	740MB
2023-02-08T19:59:25.355+0000	beacon2.Variants	780MB
2023-02-08T19:59:28.357+0000	beacon2.Variants	819MB
2023-02-08T19:59:31.372+0000	beacon2.Variants	858MB
2023-02-08T19:59:34.368+0000	beacon2.Variants	896MB
2023-02-08T19:59:37.360+0000	beacon2.Variants	934MB
2023-02-08T19:59:40.358+0000	beacon2.Variants	975MB
2023-02-08T19:59:43.359+0000	beacon2.Variants	1014MB
2023-02-08T19:59:46.357+0000	beacon2.Variants	1.03GB
2023-02-08T19:59:49.358+0000	beacon2.Variants	1.07GB
2023-02-08T19:59:52.357+0000	beacon2.Variants	1.10GB
2023-02-08T19:59:55.364+0000	beacon2.Variants	1.14GB
2023-02-08T19:59:58.355+0000	beacon2.Variants	1.18GB
2023-02-08T20:00:01.356+0000	beacon2.Variants	1.22GB
2023-02-08T20:00:04.355+0000	beacon2.Variants	1.25GB
2023-02-08T20:00:07.356+0000	beacon2.Variants	1.29GB
2023-02-08T20:00:10.359+0000	beacon2.Variants	1.33GB
2023-02-08T20:00:13.362+0000	beacon2.Variants	1.37GB
2023-02-08T20:00:16.355+0000	beacon2.Variants	1.41GB
2023-02-08T20:00:19.355+0000	beacon2.Variants	1.45GB
2023-02-08T20:00:22.355+0000	beacon2.Variants	1.48GB
2023-02-08T20:00:25.367+0000	beacon2.Variants	1.52GB
2023-02-08T20:00:28.355+0000	beacon2.Variants	1.56GB
2023-02-08T20:00:31.359+0000	beacon2.Variants	1.60GB
2023-02-08T20:00:34.355+0000	beacon2.Variants	1.64GB
2023-02-08T20:00:37.358+0000	beacon2.Variants	1.68GB
2023-02-08T20:00:40.356+0000	beacon2.Variants	1.72GB
2023-02-08T20:00:43.355+0000	beacon2.Variants	1.75GB
2023-02-08T20:00:46.358+0000	beacon2.Variants	1.79GB
2023-02-08T20:00:49.356+0000	beacon2.Variants	1.83GB
2023-02-08T20:00:52.355+0000	beacon2.Variants	1.87GB
2023-02-08T20:00:55.367+0000	beacon2.Variants	1.91GB
2023-02-08T20:00:58.358+0000	beacon2.Variants	1.94GB
2023-02-08T20:01:01.356+0000	beacon2.Variants	1.98GB
2023-02-08T20:01:04.372+0000	beacon2.Variants	2.02GB
2023-02-08T20:01:07.358+0000	beacon2.Variants	2.06GB
2023-02-08T20:01:10.356+0000	beacon2.Variants	2.09GB
2023-02-08T20:01:13.355+0000	beacon2.Variants	2.13GB
2023-02-08T20:01:16.355+0000	beacon2.Variants	2.17GB
2023-02-08T20:01:19.368+0000	beacon2.Variants	2.21GB
2023-02-08T20:01:22.356+0000	beacon2.Variants	2.25GB
2023-02-08T20:01:25.355+0000	beacon2.Variants	2.29GB
2023-02-08T20:01:28.356+0000	beacon2.Variants	2.32GB
2023-02-08T20:01:31.357+0000	beacon2.Variants	2.36GB
2023-02-08T20:01:34.355+0000	beacon2.Variants	2.40GB
2023-02-08T20:01:37.355+0000	beacon2.Variants	2.44GB
2023-02-08T20:01:40.356+0000	beacon2.Variants	2.48GB
2023-02-08T20:01:43.357+0000	beacon2.Variants	2.51GB
2023-02-08T20:01:46.364+0000	beacon2.Variants	2.55GB
2023-02-08T20:01:49.356+0000	beacon2.Variants	2.59GB
2023-02-08T20:01:52.358+0000	beacon2.Variants	2.63GB
2023-02-08T20:01:55.356+0000	beacon2.Variants	2.67GB
2023-02-08T20:01:58.355+0000	beacon2.Variants	2.71GB
2023-02-08T20:02:01.359+0000	beacon2.Variants	2.74GB
2023-02-08T20:02:04.358+0000	beacon2.Variants	2.78GB
2023-02-08T20:02:07.361+0000	beacon2.Variants	2.82GB
2023-02-08T20:02:10.357+0000	beacon2.Variants	2.86GB
2023-02-08T20:02:13.358+0000	beacon2.Variants	2.89GB
2023-02-08T20:02:16.357+0000	beacon2.Variants	2.93GB
2023-02-08T20:02:19.369+0000	beacon2.Variants	2.97GB
2023-02-08T20:02:22.358+0000	beacon2.Variants	3.01GB
2023-02-08T20:02:25.358+0000	beacon2.Variants	3.05GB
2023-02-08T20:02:28.363+0000	beacon2.Variants	3.09GB
2023-02-08T20:02:31.359+0000	beacon2.Variants	3.12GB
2023-02-08T20:02:34.358+0000	beacon2.Variants	3.16GB
2023-02-08T20:02:37.357+0000	beacon2.Variants	3.20GB
2023-02-08T20:02:40.359+0000	beacon2.Variants	3.24GB
2023-02-08T20:02:43.356+0000	beacon2.Variants	3.28GB
2023-02-08T20:02:46.357+0000	beacon2.Variants	3.31GB
2023-02-08T20:02:49.355+0000	beacon2.Variants	3.35GB
2023-02-08T20:02:52.355+0000	beacon2.Variants	3.39GB
2023-02-08T20:02:55.371+0000	beacon2.Variants	3.43GB
2023-02-08T20:02:58.356+0000	beacon2.Variants	3.47GB
2023-02-08T20:03:01.356+0000	beacon2.Variants	3.51GB
2023-02-08T20:03:04.355+0000	beacon2.Variants	3.54GB
2023-02-08T20:03:07.357+0000	beacon2.Variants	3.58GB
2023-02-08T20:03:10.358+0000	beacon2.Variants	3.62GB
2023-02-08T20:03:13.358+0000	beacon2.Variants	3.66GB
2023-02-08T20:03:16.355+0000	beacon2.Variants	3.70GB
2023-02-08T20:03:19.356+0000	beacon2.Variants	3.73GB
2023-02-08T20:03:22.362+0000	beacon2.Variants	3.77GB
2023-02-08T20:03:25.364+0000	beacon2.Variants	3.81GB
2023-02-08T20:03:28.361+0000	beacon2.Variants	3.85GB
2023-02-08T20:03:31.367+0000	beacon2.Variants	3.89GB
2023-02-08T20:03:34.356+0000	beacon2.Variants	3.92GB
2023-02-08T20:03:37.360+0000	beacon2.Variants	3.96GB
2023-02-08T20:03:40.366+0000	beacon2.Variants	4.00GB
2023-02-08T20:03:43.365+0000	beacon2.Variants	4.04GB
2023-02-08T20:03:46.366+0000	beacon2.Variants	4.08GB
2023-02-08T20:03:49.355+0000	beacon2.Variants	4.11GB
2023-02-08T20:03:52.356+0000	beacon2.Variants	4.15GB
2023-02-08T20:03:55.359+0000	beacon2.Variants	4.19GB
2023-02-08T20:03:58.358+0000	beacon2.Variants	4.23GB
2023-02-08T20:04:01.357+0000	beacon2.Variants	4.27GB
2023-02-08T20:04:04.358+0000	beacon2.Variants	4.31GB
2023-02-08T20:04:07.355+0000	beacon2.Variants	4.34GB
2023-02-08T20:04:10.355+0000	beacon2.Variants	4.38GB
2023-02-08T20:04:13.369+0000	beacon2.Variants	4.42GB
2023-02-08T20:04:16.358+0000	beacon2.Variants	4.46GB
2023-02-08T20:04:19.359+0000	beacon2.Variants	4.50GB
2023-02-08T20:04:22.356+0000	beacon2.Variants	4.53GB
2023-02-08T20:04:25.355+0000	beacon2.Variants	4.57GB
2023-02-08T20:04:28.356+0000	beacon2.Variants	4.61GB
2023-02-08T20:04:31.355+0000	beacon2.Variants	4.65GB
2023-02-08T20:04:34.356+0000	beacon2.Variants	4.68GB
2023-02-08T20:04:37.355+0000	beacon2.Variants	4.72GB
2023-02-08T20:04:40.355+0000	beacon2.Variants	4.76GB
2023-02-08T20:04:43.356+0000	beacon2.Variants	4.80GB
2023-02-08T20:04:46.356+0000	beacon2.Variants	4.84GB
2023-02-08T20:04:49.361+0000	beacon2.Variants	4.87GB
2023-02-08T20:04:52.358+0000	beacon2.Variants	4.91GB
2023-02-08T20:04:55.362+0000	beacon2.Variants	4.95GB
2023-02-08T20:04:58.364+0000	beacon2.Variants	4.99GB
2023-02-08T20:05:01.355+0000	beacon2.Variants	5.03GB
2023-02-08T20:05:04.363+0000	beacon2.Variants	5.06GB
2023-02-08T20:05:07.369+0000	beacon2.Variants	5.10GB
2023-02-08T20:05:10.356+0000	beacon2.Variants	5.14GB
2023-02-08T20:05:13.360+0000	beacon2.Variants	5.18GB
2023-02-08T20:05:16.366+0000	beacon2.Variants	5.21GB
2023-02-08T20:05:19.370+0000	beacon2.Variants	5.25GB
2023-02-08T20:05:22.358+0000	beacon2.Variants	5.29GB
2023-02-08T20:05:25.355+0000	beacon2.Variants	5.33GB
2023-02-08T20:05:28.355+0000	beacon2.Variants	5.37GB
2023-02-08T20:05:31.360+0000	beacon2.Variants	5.40GB
2023-02-08T20:05:34.363+0000	beacon2.Variants	5.44GB
2023-02-08T20:05:37.356+0000	beacon2.Variants	5.48GB
2023-02-08T20:05:40.361+0000	beacon2.Variants	5.52GB
2023-02-08T20:05:43.361+0000	beacon2.Variants	5.56GB
2023-02-08T20:05:46.358+0000	beacon2.Variants	5.59GB
2023-02-08T20:05:49.357+0000	beacon2.Variants	5.63GB
2023-02-08T20:05:52.355+0000	beacon2.Variants	5.67GB
2023-02-08T20:05:55.357+0000	beacon2.Variants	5.71GB
2023-02-08T20:05:58.360+0000	beacon2.Variants	5.75GB
2023-02-08T20:06:01.356+0000	beacon2.Variants	5.78GB
2023-02-08T20:06:04.358+0000	beacon2.Variants	5.82GB
2023-02-08T20:06:07.355+0000	beacon2.Variants	5.86GB
2023-02-08T20:06:10.355+0000	beacon2.Variants	5.90GB
2023-02-08T20:06:13.366+0000	beacon2.Variants	5.93GB
2023-02-08T20:06:16.355+0000	beacon2.Variants	5.97GB
2023-02-08T20:06:19.366+0000	beacon2.Variants	6.01GB
2023-02-08T20:06:22.360+0000	beacon2.Variants	6.05GB
2023-02-08T20:06:25.365+0000	beacon2.Variants	6.08GB
2023-02-08T20:06:28.372+0000	beacon2.Variants	6.12GB
2023-02-08T20:06:31.357+0000	beacon2.Variants	6.16GB
2023-02-08T20:06:34.357+0000	beacon2.Variants	6.20GB
2023-02-08T20:06:37.359+0000	beacon2.Variants	6.24GB
2023-02-08T20:06:40.361+0000	beacon2.Variants	6.28GB
2023-02-08T20:06:43.355+0000	beacon2.Variants	6.31GB
2023-02-08T20:06:46.358+0000	beacon2.Variants	6.35GB
2023-02-08T20:06:49.357+0000	beacon2.Variants	6.39GB
2023-02-08T20:06:52.357+0000	beacon2.Variants	6.43GB
2023-02-08T20:06:55.362+0000	beacon2.Variants	6.46GB
2023-02-08T20:06:58.355+0000	beacon2.Variants	6.50GB
2023-02-08T20:07:01.366+0000	beacon2.Variants	6.54GB
2023-02-08T20:07:04.355+0000	beacon2.Variants	6.58GB
2023-02-08T20:07:07.355+0000	beacon2.Variants	6.61GB
2023-02-08T20:07:10.363+0000	beacon2.Variants	6.65GB
2023-02-08T20:07:13.366+0000	beacon2.Variants	6.69GB
2023-02-08T20:07:16.365+0000	beacon2.Variants	6.73GB
2023-02-08T20:07:19.358+0000	beacon2.Variants	6.77GB
2023-02-08T20:07:22.361+0000	beacon2.Variants	6.81GB
2023-02-08T20:07:25.361+0000	beacon2.Variants	6.84GB
2023-02-08T20:07:28.358+0000	beacon2.Variants	6.88GB
2023-02-08T20:07:31.355+0000	beacon2.Variants	6.92GB
2023-02-08T20:07:34.356+0000	beacon2.Variants	6.96GB
2023-02-08T20:07:37.356+0000	beacon2.Variants	7.00GB
2023-02-08T20:07:40.356+0000	beacon2.Variants	7.03GB
2023-02-08T20:07:43.355+0000	beacon2.Variants	7.07GB
2023-02-08T20:07:46.355+0000	beacon2.Variants	7.11GB
2023-02-08T20:07:49.356+0000	beacon2.Variants	7.15GB
2023-02-08T20:07:52.356+0000	beacon2.Variants	7.19GB
2023-02-08T20:07:55.355+0000	beacon2.Variants	7.22GB
2023-02-08T20:07:58.362+0000	beacon2.Variants	7.26GB
2023-02-08T20:08:01.358+0000	beacon2.Variants	7.30GB
2023-02-08T20:08:04.355+0000	beacon2.Variants	7.34GB
2023-02-08T20:08:07.362+0000	beacon2.Variants	7.38GB
2023-02-08T20:08:10.355+0000	beacon2.Variants	7.41GB
2023-02-08T20:08:13.355+0000	beacon2.Variants	7.45GB
2023-02-08T20:08:16.362+0000	beacon2.Variants	7.49GB
2023-02-08T20:08:19.355+0000	beacon2.Variants	7.53GB
2023-02-08T20:08:22.358+0000	beacon2.Variants	7.57GB
2023-02-08T20:08:25.365+0000	beacon2.Variants	7.60GB
2023-02-08T20:08:28.357+0000	beacon2.Variants	7.64GB
2023-02-08T20:08:31.357+0000	beacon2.Variants	7.68GB
2023-02-08T20:08:34.356+0000	beacon2.Variants	7.72GB
2023-02-08T20:08:37.355+0000	beacon2.Variants	7.75GB
2023-02-08T20:08:40.363+0000	beacon2.Variants	7.79GB
2023-02-08T20:08:43.374+0000	beacon2.Variants	7.83GB
2023-02-08T20:08:46.357+0000	beacon2.Variants	7.87GB
2023-02-08T20:08:49.366+0000	beacon2.Variants	7.91GB
2023-02-08T20:08:52.355+0000	beacon2.Variants	7.95GB
2023-02-08T20:08:55.355+0000	beacon2.Variants	7.98GB
2023-02-08T20:08:58.355+0000	beacon2.Variants	8.02GB
2023-02-08T20:09:01.358+0000	beacon2.Variants	8.06GB
2023-02-08T20:09:04.355+0000	beacon2.Variants	8.10GB
2023-02-08T20:09:07.355+0000	beacon2.Variants	8.13GB
2023-02-08T20:09:10.356+0000	beacon2.Variants	8.17GB
2023-02-08T20:09:13.358+0000	beacon2.Variants	8.21GB
2023-02-08T20:09:16.356+0000	beacon2.Variants	8.25GB
2023-02-08T20:09:19.360+0000	beacon2.Variants	8.29GB
2023-02-08T20:09:22.363+0000	beacon2.Variants	8.32GB
2023-02-08T20:09:25.358+0000	beacon2.Variants	8.36GB
2023-02-08T20:09:28.362+0000	beacon2.Variants	8.40GB
2023-02-08T20:09:31.355+0000	beacon2.Variants	8.44GB
2023-02-08T20:09:34.355+0000	beacon2.Variants	8.48GB
2023-02-08T20:09:37.362+0000	beacon2.Variants	8.51GB
2023-02-08T20:09:40.355+0000	beacon2.Variants	8.55GB
2023-02-08T20:09:43.356+0000	beacon2.Variants	8.59GB
2023-02-08T20:09:46.356+0000	beacon2.Variants	8.63GB
2023-02-08T20:09:49.357+0000	beacon2.Variants	8.67GB
2023-02-08T20:09:52.363+0000	beacon2.Variants	8.71GB
2023-02-08T20:09:55.357+0000	beacon2.Variants	8.74GB
2023-02-08T20:09:58.357+0000	beacon2.Variants	8.78GB
2023-02-08T20:10:01.355+0000	beacon2.Variants	8.82GB
2023-02-08T20:10:04.372+0000	beacon2.Variants	8.86GB
2023-02-08T20:10:07.357+0000	beacon2.Variants	8.89GB
2023-02-08T20:10:10.356+0000	beacon2.Variants	8.93GB
2023-02-08T20:10:13.359+0000	beacon2.Variants	8.97GB
2023-02-08T20:10:16.356+0000	beacon2.Variants	9.01GB
2023-02-08T20:10:19.357+0000	beacon2.Variants	9.05GB
2023-02-08T20:10:22.355+0000	beacon2.Variants	9.08GB
2023-02-08T20:10:25.356+0000	beacon2.Variants	9.12GB
2023-02-08T20:10:28.362+0000	beacon2.Variants	9.16GB
2023-02-08T20:10:31.356+0000	beacon2.Variants	9.20GB
2023-02-08T20:10:34.355+0000	beacon2.Variants	9.24GB
2023-02-08T20:10:37.359+0000	beacon2.Variants	9.27GB
2023-02-08T20:10:40.358+0000	beacon2.Variants	9.31GB
2023-02-08T20:10:43.358+0000	beacon2.Variants	9.35GB
2023-02-08T20:10:46.356+0000	beacon2.Variants	9.39GB
2023-02-08T20:10:49.370+0000	beacon2.Variants	9.43GB
2023-02-08T20:10:52.364+0000	beacon2.Variants	9.46GB
2023-02-08T20:10:55.356+0000	beacon2.Variants	9.50GB
2023-02-08T20:10:58.355+0000	beacon2.Variants	9.54GB
2023-02-08T20:11:01.355+0000	beacon2.Variants	9.58GB
2023-02-08T20:11:04.374+0000	beacon2.Variants	9.62GB
2023-02-08T20:11:07.355+0000	beacon2.Variants	9.65GB
2023-02-08T20:11:10.359+0000	beacon2.Variants	9.69GB
2023-02-08T20:11:13.355+0000	beacon2.Variants	9.73GB
2023-02-08T20:11:16.360+0000	beacon2.Variants	9.77GB
2023-02-08T20:11:19.355+0000	beacon2.Variants	9.81GB
2023-02-08T20:11:22.368+0000	beacon2.Variants	9.85GB
2023-02-08T20:11:25.356+0000	beacon2.Variants	9.88GB
2023-02-08T20:11:28.371+0000	beacon2.Variants	9.92GB
2023-02-08T20:11:31.360+0000	beacon2.Variants	9.96GB
2023-02-08T20:11:34.357+0000	beacon2.Variants	10.0GB
2023-02-08T20:11:37.357+0000	beacon2.Variants	10.0GB
2023-02-08T20:11:40.356+0000	beacon2.Variants	10.1GB
2023-02-08T20:11:43.371+0000	beacon2.Variants	10.1GB
2023-02-08T20:11:46.360+0000	beacon2.Variants	10.2GB
2023-02-08T20:11:49.356+0000	beacon2.Variants	10.2GB
2023-02-08T20:11:52.360+0000	beacon2.Variants	10.2GB
2023-02-08T20:11:55.355+0000	beacon2.Variants	10.3GB
2023-02-08T20:11:58.356+0000	beacon2.Variants	10.3GB
2023-02-08T20:12:01.355+0000	beacon2.Variants	10.3GB
2023-02-08T20:12:04.356+0000	beacon2.Variants	10.4GB
2023-02-08T20:12:07.356+0000	beacon2.Variants	10.4GB
2023-02-08T20:12:10.357+0000	beacon2.Variants	10.4GB
2023-02-08T20:12:13.357+0000	beacon2.Variants	10.5GB
2023-02-08T20:12:16.357+0000	beacon2.Variants	10.5GB
2023-02-08T20:12:19.361+0000	beacon2.Variants	10.6GB
2023-02-08T20:12:22.355+0000	beacon2.Variants	10.6GB
2023-02-08T20:12:25.355+0000	beacon2.Variants	10.6GB
2023-02-08T20:12:28.357+0000	beacon2.Variants	10.7GB
2023-02-08T20:12:31.355+0000	beacon2.Variants	10.7GB
2023-02-08T20:12:34.357+0000	beacon2.Variants	10.8GB
2023-02-08T20:12:37.357+0000	beacon2.Variants	10.8GB
2023-02-08T20:12:40.355+0000	beacon2.Variants	10.8GB
2023-02-08T20:12:43.359+0000	beacon2.Variants	10.9GB
2023-02-08T20:12:46.358+0000	beacon2.Variants	10.9GB
2023-02-08T20:12:49.355+0000	beacon2.Variants	10.9GB
2023-02-08T20:12:52.355+0000	beacon2.Variants	11.0GB
2023-02-08T20:12:55.355+0000	beacon2.Variants	11.0GB
2023-02-08T20:12:58.355+0000	beacon2.Variants	11.1GB
2023-02-08T20:13:01.355+0000	beacon2.Variants	11.1GB
2023-02-08T20:13:04.355+0000	beacon2.Variants	11.1GB
2023-02-08T20:13:07.358+0000	beacon2.Variants	11.2GB
2023-02-08T20:13:10.355+0000	beacon2.Variants	11.2GB
2023-02-08T20:13:13.361+0000	beacon2.Variants	11.2GB
2023-02-08T20:13:16.356+0000	beacon2.Variants	11.3GB
2023-02-08T20:13:19.358+0000	beacon2.Variants	11.3GB
2023-02-08T20:13:22.358+0000	beacon2.Variants	11.4GB
2023-02-08T20:13:25.356+0000	beacon2.Variants	11.4GB
2023-02-08T20:13:28.355+0000	beacon2.Variants	11.4GB
2023-02-08T20:13:31.357+0000	beacon2.Variants	11.5GB
2023-02-08T20:13:34.364+0000	beacon2.Variants	11.5GB
2023-02-08T20:13:37.360+0000	beacon2.Variants	11.6GB
2023-02-08T20:13:40.356+0000	beacon2.Variants	11.6GB
2023-02-08T20:13:43.357+0000	beacon2.Variants	11.6GB
2023-02-08T20:13:46.364+0000	beacon2.Variants	11.7GB
2023-02-08T20:13:49.360+0000	beacon2.Variants	11.7GB
2023-02-08T20:13:52.356+0000	beacon2.Variants	11.8GB
2023-02-08T20:13:55.368+0000	beacon2.Variants	11.8GB
2023-02-08T20:13:58.356+0000	beacon2.Variants	11.8GB
2023-02-08T20:14:01.355+0000	beacon2.Variants	11.9GB
2023-02-08T20:14:04.357+0000	beacon2.Variants	11.9GB
2023-02-08T20:14:07.356+0000	beacon2.Variants	11.9GB
2023-02-08T20:14:10.355+0000	beacon2.Variants	12.0GB
2023-02-08T20:14:13.357+0000	beacon2.Variants	12.0GB
2023-02-08T20:14:16.355+0000	beacon2.Variants	12.1GB
2023-02-08T20:14:19.359+0000	beacon2.Variants	12.1GB
2023-02-08T20:14:22.367+0000	beacon2.Variants	12.1GB
2023-02-08T20:14:25.357+0000	beacon2.Variants	12.2GB
2023-02-08T20:14:28.355+0000	beacon2.Variants	12.2GB
2023-02-08T20:14:31.361+0000	beacon2.Variants	12.2GB
2023-02-08T20:14:34.367+0000	beacon2.Variants	12.3GB
2023-02-08T20:14:37.360+0000	beacon2.Variants	12.3GB
2023-02-08T20:14:40.356+0000	beacon2.Variants	12.4GB
2023-02-08T20:14:43.363+0000	beacon2.Variants	12.4GB
2023-02-08T20:14:46.360+0000	beacon2.Variants	12.4GB
2023-02-08T20:14:49.355+0000	beacon2.Variants	12.5GB
2023-02-08T20:14:52.359+0000	beacon2.Variants	12.5GB
2023-02-08T20:14:55.360+0000	beacon2.Variants	12.6GB
2023-02-08T20:14:58.363+0000	beacon2.Variants	12.6GB
2023-02-08T20:15:01.361+0000	beacon2.Variants	12.6GB
2023-02-08T20:15:04.357+0000	beacon2.Variants	12.7GB
2023-02-08T20:15:07.359+0000	beacon2.Variants	12.7GB
2023-02-08T20:15:10.355+0000	beacon2.Variants	12.7GB
2023-02-08T20:15:13.355+0000	beacon2.Variants	12.8GB
2023-02-08T20:15:16.357+0000	beacon2.Variants	12.8GB
2023-02-08T20:15:19.360+0000	beacon2.Variants	12.9GB
2023-02-08T20:15:22.367+0000	beacon2.Variants	12.9GB
2023-02-08T20:15:25.362+0000	beacon2.Variants	12.9GB
2023-02-08T20:15:28.365+0000	beacon2.Variants	13.0GB
2023-02-08T20:15:31.367+0000	beacon2.Variants	13.0GB
2023-02-08T20:15:34.359+0000	beacon2.Variants	13.1GB
2023-02-08T20:15:37.356+0000	beacon2.Variants	13.1GB
2023-02-08T20:15:40.359+0000	beacon2.Variants	13.1GB
2023-02-08T20:15:43.357+0000	beacon2.Variants	13.2GB
2023-02-08T20:15:46.355+0000	beacon2.Variants	13.2GB
2023-02-08T20:15:49.356+0000	beacon2.Variants	13.2GB
2023-02-08T20:15:52.356+0000	beacon2.Variants	13.3GB
2023-02-08T20:15:55.356+0000	beacon2.Variants	13.3GB
2023-02-08T20:15:58.355+0000	beacon2.Variants	13.3GB
2023-02-08T20:16:01.355+0000	beacon2.Variants	13.4GB
2023-02-08T20:16:04.365+0000	beacon2.Variants	13.4GB
2023-02-08T20:16:07.355+0000	beacon2.Variants	13.5GB
2023-02-08T20:16:10.358+0000	beacon2.Variants	13.5GB
2023-02-08T20:16:13.366+0000	beacon2.Variants	13.5GB
2023-02-08T20:16:16.359+0000	beacon2.Variants	13.6GB
2023-02-08T20:16:19.358+0000	beacon2.Variants	13.6GB
2023-02-08T20:16:22.355+0000	beacon2.Variants	13.7GB
2023-02-08T20:16:25.355+0000	beacon2.Variants	13.7GB
2023-02-08T20:16:28.357+0000	beacon2.Variants	13.7GB
2023-02-08T20:16:31.357+0000	beacon2.Variants	13.8GB
2023-02-08T20:16:34.355+0000	beacon2.Variants	13.8GB
2023-02-08T20:16:37.360+0000	beacon2.Variants	13.8GB
2023-02-08T20:16:40.358+0000	beacon2.Variants	13.9GB
2023-02-08T20:16:43.360+0000	beacon2.Variants	13.9GB
2023-02-08T20:16:46.357+0000	beacon2.Variants	13.9GB
2023-02-08T20:16:49.355+0000	beacon2.Variants	14.0GB
2023-02-08T20:16:52.355+0000	beacon2.Variants	14.0GB
2023-02-08T20:16:55.357+0000	beacon2.Variants	14.1GB
2023-02-08T20:16:58.356+0000	beacon2.Variants	14.1GB
2023-02-08T20:17:01.355+0000	beacon2.Variants	14.1GB
2023-02-08T20:17:04.356+0000	beacon2.Variants	14.2GB
2023-02-08T20:17:07.357+0000	beacon2.Variants	14.2GB
2023-02-08T20:17:10.359+0000	beacon2.Variants	14.2GB
2023-02-08T20:17:13.360+0000	beacon2.Variants	14.3GB
2023-02-08T20:17:16.363+0000	beacon2.Variants	14.3GB
2023-02-08T20:17:19.355+0000	beacon2.Variants	14.4GB
2023-02-08T20:17:22.357+0000	beacon2.Variants	14.4GB
2023-02-08T20:17:25.360+0000	beacon2.Variants	14.4GB
2023-02-08T20:17:28.355+0000	beacon2.Variants	14.5GB
2023-02-08T20:17:31.356+0000	beacon2.Variants	14.5GB
2023-02-08T20:17:34.361+0000	beacon2.Variants	14.6GB
2023-02-08T20:17:37.358+0000	beacon2.Variants	14.6GB
2023-02-08T20:17:40.365+0000	beacon2.Variants	14.6GB
2023-02-08T20:17:43.363+0000	beacon2.Variants	14.7GB
2023-02-08T20:17:46.357+0000	beacon2.Variants	14.7GB
2023-02-08T20:17:49.355+0000	beacon2.Variants	14.8GB
2023-02-08T20:17:52.356+0000	beacon2.Variants	14.8GB
2023-02-08T20:17:55.355+0000	beacon2.Variants	14.8GB
2023-02-08T20:17:58.356+0000	beacon2.Variants	14.9GB
2023-02-08T20:18:01.362+0000	beacon2.Variants	14.9GB
2023-02-08T20:18:04.356+0000	beacon2.Variants	14.9GB
2023-02-08T20:18:07.366+0000	beacon2.Variants	15.0GB
2023-02-08T20:18:10.365+0000	beacon2.Variants	15.0GB
2023-02-08T20:18:13.355+0000	beacon2.Variants	15.1GB
2023-02-08T20:18:16.355+0000	beacon2.Variants	15.1GB
2023-02-08T20:18:19.361+0000	beacon2.Variants	15.1GB
2023-02-08T20:18:22.355+0000	beacon2.Variants	15.2GB
2023-02-08T20:18:25.356+0000	beacon2.Variants	15.2GB
2023-02-08T20:18:28.370+0000	beacon2.Variants	15.2GB
2023-02-08T20:18:31.356+0000	beacon2.Variants	15.3GB
2023-02-08T20:18:34.356+0000	beacon2.Variants	15.3GB
2023-02-08T20:18:37.355+0000	beacon2.Variants	15.3GB
2023-02-08T20:18:40.357+0000	beacon2.Variants	15.4GB
2023-02-08T20:18:43.356+0000	beacon2.Variants	15.4GB
2023-02-08T20:18:46.355+0000	beacon2.Variants	15.5GB
2023-02-08T20:18:49.355+0000	beacon2.Variants	15.5GB
2023-02-08T20:18:52.355+0000	beacon2.Variants	15.5GB
2023-02-08T20:18:55.357+0000	beacon2.Variants	15.6GB
2023-02-08T20:18:58.359+0000	beacon2.Variants	15.6GB
2023-02-08T20:19:01.363+0000	beacon2.Variants	15.7GB
2023-02-08T20:19:04.366+0000	beacon2.Variants	15.7GB
2023-02-08T20:19:07.357+0000	beacon2.Variants	15.7GB
2023-02-08T20:19:10.368+0000	beacon2.Variants	15.8GB
2023-02-08T20:19:13.359+0000	beacon2.Variants	15.8GB
2023-02-08T20:19:16.356+0000	beacon2.Variants	15.8GB
2023-02-08T20:19:19.360+0000	beacon2.Variants	15.9GB
2023-02-08T20:19:22.356+0000	beacon2.Variants	15.9GB
2023-02-08T20:19:25.356+0000	beacon2.Variants	15.9GB
2023-02-08T20:19:28.367+0000	beacon2.Variants	16.0GB
2023-02-08T20:19:31.359+0000	beacon2.Variants	16.0GB
2023-02-08T20:19:34.367+0000	beacon2.Variants	16.1GB
2023-02-08T20:19:37.357+0000	beacon2.Variants	16.1GB
2023-02-08T20:19:40.355+0000	beacon2.Variants	16.1GB
2023-02-08T20:19:43.357+0000	beacon2.Variants	16.2GB
2023-02-08T20:19:46.355+0000	beacon2.Variants	16.2GB
2023-02-08T20:19:49.364+0000	beacon2.Variants	16.3GB
2023-02-08T20:19:52.358+0000	beacon2.Variants	16.3GB
2023-02-08T20:19:55.357+0000	beacon2.Variants	16.3GB
2023-02-08T20:19:58.356+0000	beacon2.Variants	16.4GB
2023-02-08T20:20:01.358+0000	beacon2.Variants	16.4GB
2023-02-08T20:20:04.361+0000	beacon2.Variants	16.4GB
2023-02-08T20:20:07.355+0000	beacon2.Variants	16.5GB
2023-02-08T20:20:10.366+0000	beacon2.Variants	16.5GB
2023-02-08T20:20:13.359+0000	beacon2.Variants	16.6GB
2023-02-08T20:20:16.364+0000	beacon2.Variants	16.6GB
2023-02-08T20:20:19.355+0000	beacon2.Variants	16.6GB
2023-02-08T20:20:22.360+0000	beacon2.Variants	16.7GB
2023-02-08T20:20:25.361+0000	beacon2.Variants	16.7GB
2023-02-08T20:20:28.363+0000	beacon2.Variants	16.7GB
2023-02-08T20:20:31.370+0000	beacon2.Variants	16.8GB
2023-02-08T20:20:34.360+0000	beacon2.Variants	16.8GB
2023-02-08T20:20:37.355+0000	beacon2.Variants	16.9GB
2023-02-08T20:20:40.366+0000	beacon2.Variants	16.9GB
2023-02-08T20:20:43.362+0000	beacon2.Variants	16.9GB
2023-02-08T20:20:46.355+0000	beacon2.Variants	17.0GB
2023-02-08T20:20:49.356+0000	beacon2.Variants	17.0GB
2023-02-08T20:20:52.357+0000	beacon2.Variants	17.1GB
2023-02-08T20:20:55.362+0000	beacon2.Variants	17.1GB
2023-02-08T20:20:58.358+0000	beacon2.Variants	17.1GB
2023-02-08T20:21:01.356+0000	beacon2.Variants	17.2GB
2023-02-08T20:21:04.355+0000	beacon2.Variants	17.2GB
2023-02-08T20:21:07.356+0000	beacon2.Variants	17.2GB
2023-02-08T20:21:10.364+0000	beacon2.Variants	17.3GB
2023-02-08T20:21:13.359+0000	beacon2.Variants	17.3GB
2023-02-08T20:21:16.356+0000	beacon2.Variants	17.4GB
2023-02-08T20:21:19.356+0000	beacon2.Variants	17.4GB
2023-02-08T20:21:22.357+0000	beacon2.Variants	17.4GB
2023-02-08T20:21:25.358+0000	beacon2.Variants	17.5GB
2023-02-08T20:21:28.356+0000	beacon2.Variants	17.5GB
2023-02-08T20:21:31.360+0000	beacon2.Variants	17.5GB
2023-02-08T20:21:34.359+0000	beacon2.Variants	17.6GB
2023-02-08T20:21:37.355+0000	beacon2.Variants	17.6GB
2023-02-08T20:21:40.357+0000	beacon2.Variants	17.6GB
2023-02-08T20:21:43.356+0000	beacon2.Variants	17.7GB
2023-02-08T20:21:46.361+0000	beacon2.Variants	17.7GB
2023-02-08T20:21:49.366+0000	beacon2.Variants	17.8GB
2023-02-08T20:21:52.360+0000	beacon2.Variants	17.8GB
2023-02-08T20:21:55.360+0000	beacon2.Variants	17.8GB
2023-02-08T20:21:58.356+0000	beacon2.Variants	17.9GB
2023-02-08T20:22:01.356+0000	beacon2.Variants	17.9GB
2023-02-08T20:22:04.358+0000	beacon2.Variants	18.0GB
2023-02-08T20:22:07.357+0000	beacon2.Variants	18.0GB
2023-02-08T20:22:10.359+0000	beacon2.Variants	18.0GB
2023-02-08T20:22:13.355+0000	beacon2.Variants	18.1GB
2023-02-08T20:22:16.364+0000	beacon2.Variants	18.1GB
2023-02-08T20:22:19.357+0000	beacon2.Variants	18.1GB
2023-02-08T20:22:22.356+0000	beacon2.Variants	18.2GB
2023-02-08T20:22:25.356+0000	beacon2.Variants	18.2GB
2023-02-08T20:22:28.355+0000	beacon2.Variants	18.3GB
2023-02-08T20:22:31.355+0000	beacon2.Variants	18.3GB
2023-02-08T20:22:34.355+0000	beacon2.Variants	18.3GB
2023-02-08T20:22:37.369+0000	beacon2.Variants	18.4GB
2023-02-08T20:22:40.355+0000	beacon2.Variants	18.4GB
2023-02-08T20:22:43.356+0000	beacon2.Variants	18.4GB
2023-02-08T20:22:46.358+0000	beacon2.Variants	18.5GB
2023-02-08T20:22:49.366+0000	beacon2.Variants	18.5GB
2023-02-08T20:22:52.365+0000	beacon2.Variants	18.6GB
2023-02-08T20:22:55.358+0000	beacon2.Variants	18.6GB
2023-02-08T20:22:58.355+0000	beacon2.Variants	18.6GB
2023-02-08T20:23:01.361+0000	beacon2.Variants	18.7GB
2023-02-08T20:23:04.355+0000	beacon2.Variants	18.7GB
2023-02-08T20:23:07.355+0000	beacon2.Variants	18.8GB
2023-02-08T20:23:10.363+0000	beacon2.Variants	18.8GB
2023-02-08T20:23:13.356+0000	beacon2.Variants	18.8GB
2023-02-08T20:23:16.358+0000	beacon2.Variants	18.9GB
2023-02-08T20:23:19.363+0000	beacon2.Variants	18.9GB
2023-02-08T20:23:22.360+0000	beacon2.Variants	18.9GB
2023-02-08T20:23:25.361+0000	beacon2.Variants	19.0GB
2023-02-08T20:23:28.356+0000	beacon2.Variants	19.0GB
2023-02-08T20:23:31.356+0000	beacon2.Variants	19.1GB
2023-02-08T20:23:34.356+0000	beacon2.Variants	19.1GB
2023-02-08T20:23:37.355+0000	beacon2.Variants	19.1GB
2023-02-08T20:23:40.359+0000	beacon2.Variants	19.2GB
2023-02-08T20:23:43.357+0000	beacon2.Variants	19.2GB
2023-02-08T20:23:46.357+0000	beacon2.Variants	19.2GB
2023-02-08T20:23:49.356+0000	beacon2.Variants	19.3GB
2023-02-08T20:23:52.357+0000	beacon2.Variants	19.3GB
2023-02-08T20:23:55.357+0000	beacon2.Variants	19.4GB
2023-02-08T20:23:58.356+0000	beacon2.Variants	19.4GB
2023-02-08T20:24:01.356+0000	beacon2.Variants	19.4GB
2023-02-08T20:24:04.384+0000	beacon2.Variants	19.5GB
2023-02-08T20:24:07.358+0000	beacon2.Variants	19.5GB
2023-02-08T20:24:10.357+0000	beacon2.Variants	19.6GB
2023-02-08T20:24:13.355+0000	beacon2.Variants	19.6GB
2023-02-08T20:24:16.356+0000	beacon2.Variants	19.6GB
2023-02-08T20:24:19.362+0000	beacon2.Variants	19.7GB
2023-02-08T20:24:22.355+0000	beacon2.Variants	19.7GB
2023-02-08T20:24:25.356+0000	beacon2.Variants	19.7GB
2023-02-08T20:24:28.364+0000	beacon2.Variants	19.8GB
2023-02-08T20:24:31.358+0000	beacon2.Variants	19.8GB
2023-02-08T20:24:34.356+0000	beacon2.Variants	19.9GB
2023-02-08T20:24:37.355+0000	beacon2.Variants	19.9GB
2023-02-08T20:24:40.357+0000	beacon2.Variants	19.9GB
2023-02-08T20:24:43.356+0000	beacon2.Variants	20.0GB
2023-02-08T20:24:46.356+0000	beacon2.Variants	20.0GB
2023-02-08T20:24:49.358+0000	beacon2.Variants	20.0GB
2023-02-08T20:24:52.355+0000	beacon2.Variants	20.1GB
2023-02-08T20:24:55.357+0000	beacon2.Variants	20.1GB
2023-02-08T20:24:58.360+0000	beacon2.Variants	20.2GB
2023-02-08T20:25:01.355+0000	beacon2.Variants	20.2GB
2023-02-08T20:25:04.355+0000	beacon2.Variants	20.2GB
2023-02-08T20:25:07.358+0000	beacon2.Variants	20.3GB
2023-02-08T20:25:10.356+0000	beacon2.Variants	20.3GB
2023-02-08T20:25:13.357+0000	beacon2.Variants	20.3GB
2023-02-08T20:25:16.364+0000	beacon2.Variants	20.4GB
2023-02-08T20:25:19.358+0000	beacon2.Variants	20.4GB
2023-02-08T20:25:22.355+0000	beacon2.Variants	20.5GB
2023-02-08T20:25:25.358+0000	beacon2.Variants	20.5GB
2023-02-08T20:25:28.355+0000	beacon2.Variants	20.5GB
2023-02-08T20:25:31.356+0000	beacon2.Variants	20.6GB
2023-02-08T20:25:34.357+0000	beacon2.Variants	20.6GB
2023-02-08T20:25:37.355+0000	beacon2.Variants	20.6GB
2023-02-08T20:25:40.358+0000	beacon2.Variants	20.7GB
2023-02-08T20:25:43.355+0000	beacon2.Variants	20.7GB
2023-02-08T20:25:46.355+0000	beacon2.Variants	20.8GB
2023-02-08T20:25:49.361+0000	beacon2.Variants	20.8GB
2023-02-08T20:25:52.357+0000	beacon2.Variants	20.8GB
2023-02-08T20:25:55.360+0000	beacon2.Variants	20.9GB
2023-02-08T20:25:58.357+0000	beacon2.Variants	20.9GB
2023-02-08T20:26:01.359+0000	beacon2.Variants	20.9GB
2023-02-08T20:26:04.356+0000	beacon2.Variants	21.0GB
2023-02-08T20:26:07.357+0000	beacon2.Variants	21.0GB
2023-02-08T20:26:10.365+0000	beacon2.Variants	21.1GB
2023-02-08T20:26:13.379+0000	beacon2.Variants	21.1GB
2023-02-08T20:26:16.363+0000	beacon2.Variants	21.1GB
2023-02-08T20:26:19.355+0000	beacon2.Variants	21.2GB
2023-02-08T20:26:22.363+0000	beacon2.Variants	21.2GB
2023-02-08T20:26:25.356+0000	beacon2.Variants	21.2GB
2023-02-08T20:26:28.357+0000	beacon2.Variants	21.3GB
2023-02-08T20:26:31.355+0000	beacon2.Variants	21.3GB
2023-02-08T20:26:34.358+0000	beacon2.Variants	21.4GB
2023-02-08T20:26:37.358+0000	beacon2.Variants	21.4GB
2023-02-08T20:26:40.355+0000	beacon2.Variants	21.4GB
2023-02-08T20:26:43.356+0000	beacon2.Variants	21.5GB
2023-02-08T20:26:46.355+0000	beacon2.Variants	21.5GB
2023-02-08T20:26:49.364+0000	beacon2.Variants	21.6GB
2023-02-08T20:26:52.369+0000	beacon2.Variants	21.6GB
2023-02-08T20:26:55.365+0000	beacon2.Variants	21.6GB
2023-02-08T20:26:58.355+0000	beacon2.Variants	21.7GB
2023-02-08T20:27:01.368+0000	beacon2.Variants	21.7GB
2023-02-08T20:27:04.365+0000	beacon2.Variants	21.7GB
2023-02-08T20:27:07.356+0000	beacon2.Variants	21.8GB
2023-02-08T20:27:10.383+0000	beacon2.Variants	21.8GB
2023-02-08T20:27:13.355+0000	beacon2.Variants	21.9GB
2023-02-08T20:27:16.355+0000	beacon2.Variants	21.9GB
2023-02-08T20:27:19.364+0000	beacon2.Variants	21.9GB
2023-02-08T20:27:22.358+0000	beacon2.Variants	22.0GB
2023-02-08T20:27:25.370+0000	beacon2.Variants	22.0GB
2023-02-08T20:27:28.366+0000	beacon2.Variants	22.1GB
2023-02-08T20:27:31.357+0000	beacon2.Variants	22.1GB
2023-02-08T20:27:34.357+0000	beacon2.Variants	22.1GB
2023-02-08T20:27:37.359+0000	beacon2.Variants	22.2GB
2023-02-08T20:27:40.356+0000	beacon2.Variants	22.2GB
2023-02-08T20:27:43.356+0000	beacon2.Variants	22.2GB
2023-02-08T20:27:46.361+0000	beacon2.Variants	22.3GB
2023-02-08T20:27:49.358+0000	beacon2.Variants	22.3GB
2023-02-08T20:27:52.366+0000	beacon2.Variants	22.4GB
2023-02-08T20:27:55.355+0000	beacon2.Variants	22.4GB
2023-02-08T20:27:58.356+0000	beacon2.Variants	22.4GB
2023-02-08T20:28:01.355+0000	beacon2.Variants	22.5GB
2023-02-08T20:28:04.361+0000	beacon2.Variants	22.5GB
2023-02-08T20:28:07.365+0000	beacon2.Variants	22.5GB
2023-02-08T20:28:10.360+0000	beacon2.Variants	22.6GB
2023-02-08T20:28:13.358+0000	beacon2.Variants	22.6GB
2023-02-08T20:28:16.359+0000	beacon2.Variants	22.6GB
2023-02-08T20:28:19.365+0000	beacon2.Variants	22.7GB
2023-02-08T20:28:22.356+0000	beacon2.Variants	22.7GB
2023-02-08T20:28:25.356+0000	beacon2.Variants	22.8GB
2023-02-08T20:28:28.355+0000	beacon2.Variants	22.8GB
2023-02-08T20:28:31.365+0000	beacon2.Variants	22.8GB
2023-02-08T20:28:34.361+0000	beacon2.Variants	22.9GB
2023-02-08T20:28:37.358+0000	beacon2.Variants	22.9GB
2023-02-08T20:28:40.356+0000	beacon2.Variants	23.0GB
2023-02-08T20:28:43.355+0000	beacon2.Variants	23.0GB
2023-02-08T20:28:46.374+0000	beacon2.Variants	23.0GB
2023-02-08T20:28:49.356+0000	beacon2.Variants	23.1GB
2023-02-08T20:28:52.361+0000	beacon2.Variants	23.1GB
2023-02-08T20:28:55.355+0000	beacon2.Variants	23.1GB
2023-02-08T20:28:58.358+0000	beacon2.Variants	23.2GB
2023-02-08T20:29:01.356+0000	beacon2.Variants	23.2GB
2023-02-08T20:29:04.361+0000	beacon2.Variants	23.3GB
2023-02-08T20:29:07.362+0000	beacon2.Variants	23.3GB
2023-02-08T20:29:10.367+0000	beacon2.Variants	23.3GB
2023-02-08T20:29:13.362+0000	beacon2.Variants	23.4GB
2023-02-08T20:29:16.356+0000	beacon2.Variants	23.4GB
2023-02-08T20:29:19.355+0000	beacon2.Variants	23.4GB
2023-02-08T20:29:22.355+0000	beacon2.Variants	23.5GB
2023-02-08T20:29:25.357+0000	beacon2.Variants	23.5GB
2023-02-08T20:29:28.356+0000	beacon2.Variants	23.6GB
2023-02-08T20:29:31.356+0000	beacon2.Variants	23.6GB
2023-02-08T20:29:34.359+0000	beacon2.Variants	23.6GB
2023-02-08T20:29:37.355+0000	beacon2.Variants	23.7GB
2023-02-08T20:29:40.359+0000	beacon2.Variants	23.7GB
2023-02-08T20:29:43.355+0000	beacon2.Variants	23.8GB
2023-02-08T20:29:46.356+0000	beacon2.Variants	23.8GB
2023-02-08T20:29:49.358+0000	beacon2.Variants	23.8GB
2023-02-08T20:29:52.356+0000	beacon2.Variants	23.9GB
2023-02-08T20:29:55.355+0000	beacon2.Variants	23.9GB
2023-02-08T20:29:58.374+0000	beacon2.Variants	23.9GB
2023-02-08T20:30:01.358+0000	beacon2.Variants	24.0GB
2023-02-08T20:30:04.359+0000	beacon2.Variants	24.0GB
2023-02-08T20:30:07.359+0000	beacon2.Variants	24.1GB
2023-02-08T20:30:10.355+0000	beacon2.Variants	24.1GB
2023-02-08T20:30:13.362+0000	beacon2.Variants	24.1GB
2023-02-08T20:30:16.355+0000	beacon2.Variants	24.2GB
2023-02-08T20:30:19.355+0000	beacon2.Variants	24.2GB
2023-02-08T20:30:22.355+0000	beacon2.Variants	24.2GB
2023-02-08T20:30:25.357+0000	beacon2.Variants	24.3GB
2023-02-08T20:30:28.360+0000	beacon2.Variants	24.3GB
2023-02-08T20:30:31.356+0000	beacon2.Variants	24.4GB
2023-02-08T20:30:34.355+0000	beacon2.Variants	24.4GB
2023-02-08T20:30:37.358+0000	beacon2.Variants	24.4GB
2023-02-08T20:30:40.357+0000	beacon2.Variants	24.5GB
2023-02-08T20:30:43.373+0000	beacon2.Variants	24.5GB
2023-02-08T20:30:46.357+0000	beacon2.Variants	24.6GB
2023-02-08T20:30:49.356+0000	beacon2.Variants	24.6GB
2023-02-08T20:30:52.356+0000	beacon2.Variants	24.6GB
2023-02-08T20:30:55.355+0000	beacon2.Variants	24.7GB
2023-02-08T20:30:58.355+0000	beacon2.Variants	24.7GB
2023-02-08T20:31:01.356+0000	beacon2.Variants	24.7GB
2023-02-08T20:31:04.361+0000	beacon2.Variants	24.8GB
2023-02-08T20:31:07.363+0000	beacon2.Variants	24.8GB
2023-02-08T20:31:10.355+0000	beacon2.Variants	24.9GB
2023-02-08T20:31:13.355+0000	beacon2.Variants	24.9GB
2023-02-08T20:31:16.359+0000	beacon2.Variants	24.9GB
2023-02-08T20:31:19.365+0000	beacon2.Variants	25.0GB
2023-02-08T20:31:22.357+0000	beacon2.Variants	25.0GB
2023-02-08T20:31:25.363+0000	beacon2.Variants	25.0GB
2023-02-08T20:31:28.363+0000	beacon2.Variants	25.1GB
2023-02-08T20:31:31.366+0000	beacon2.Variants	25.1GB
2023-02-08T20:31:34.361+0000	beacon2.Variants	25.1GB
2023-02-08T20:31:37.355+0000	beacon2.Variants	25.2GB
2023-02-08T20:31:40.357+0000	beacon2.Variants	25.2GB
2023-02-08T20:31:43.358+0000	beacon2.Variants	25.3GB
2023-02-08T20:31:46.356+0000	beacon2.Variants	25.3GB
2023-02-08T20:31:49.369+0000	beacon2.Variants	25.3GB
2023-02-08T20:31:52.361+0000	beacon2.Variants	25.4GB
2023-02-08T20:31:55.357+0000	beacon2.Variants	25.4GB
2023-02-08T20:31:58.355+0000	beacon2.Variants	25.5GB
2023-02-08T20:32:01.356+0000	beacon2.Variants	25.5GB
2023-02-08T20:32:04.355+0000	beacon2.Variants	25.5GB
2023-02-08T20:32:07.359+0000	beacon2.Variants	25.6GB
2023-02-08T20:32:10.357+0000	beacon2.Variants	25.6GB
2023-02-08T20:32:13.357+0000	beacon2.Variants	25.6GB
2023-02-08T20:32:16.356+0000	beacon2.Variants	25.7GB
2023-02-08T20:32:19.355+0000	beacon2.Variants	25.7GB
2023-02-08T20:32:22.359+0000	beacon2.Variants	25.8GB
2023-02-08T20:32:25.355+0000	beacon2.Variants	25.8GB
2023-02-08T20:32:28.359+0000	beacon2.Variants	25.8GB
2023-02-08T20:32:31.357+0000	beacon2.Variants	25.9GB
2023-02-08T20:32:34.358+0000	beacon2.Variants	25.9GB
2023-02-08T20:32:37.355+0000	beacon2.Variants	25.9GB
2023-02-08T20:32:40.358+0000	beacon2.Variants	26.0GB
2023-02-08T20:32:43.362+0000	beacon2.Variants	26.0GB
2023-02-08T20:32:46.355+0000	beacon2.Variants	26.1GB
2023-02-08T20:32:49.361+0000	beacon2.Variants	26.1GB
2023-02-08T20:32:52.356+0000	beacon2.Variants	26.1GB
2023-02-08T20:32:55.358+0000	beacon2.Variants	26.2GB
2023-02-08T20:32:58.364+0000	beacon2.Variants	26.2GB
2023-02-08T20:33:01.360+0000	beacon2.Variants	26.3GB
2023-02-08T20:33:04.360+0000	beacon2.Variants	26.3GB
2023-02-08T20:33:07.355+0000	beacon2.Variants	26.3GB
2023-02-08T20:33:10.359+0000	beacon2.Variants	26.4GB
2023-02-08T20:33:13.359+0000	beacon2.Variants	26.4GB
2023-02-08T20:33:16.356+0000	beacon2.Variants	26.4GB
2023-02-08T20:33:19.355+0000	beacon2.Variants	26.5GB
2023-02-08T20:33:22.362+0000	beacon2.Variants	26.5GB
2023-02-08T20:33:25.358+0000	beacon2.Variants	26.6GB
2023-02-08T20:33:28.362+0000	beacon2.Variants	26.6GB
2023-02-08T20:33:31.360+0000	beacon2.Variants	26.6GB
2023-02-08T20:33:34.358+0000	beacon2.Variants	26.7GB
2023-02-08T20:33:37.355+0000	beacon2.Variants	26.7GB
2023-02-08T20:33:40.355+0000	beacon2.Variants	26.8GB
2023-02-08T20:33:43.355+0000	beacon2.Variants	26.8GB
2023-02-08T20:33:46.355+0000	beacon2.Variants	26.8GB
2023-02-08T20:33:49.357+0000	beacon2.Variants	26.9GB
2023-02-08T20:33:52.356+0000	beacon2.Variants	26.9GB
2023-02-08T20:33:55.356+0000	beacon2.Variants	26.9GB
2023-02-08T20:33:58.359+0000	beacon2.Variants	27.0GB
2023-02-08T20:34:01.357+0000	beacon2.Variants	27.0GB
2023-02-08T20:34:04.355+0000	beacon2.Variants	27.1GB
2023-02-08T20:34:07.357+0000	beacon2.Variants	27.1GB
2023-02-08T20:34:10.357+0000	beacon2.Variants	27.1GB
2023-02-08T20:34:13.367+0000	beacon2.Variants	27.2GB
2023-02-08T20:34:16.356+0000	beacon2.Variants	27.2GB
2023-02-08T20:34:19.368+0000	beacon2.Variants	27.2GB
2023-02-08T20:34:22.356+0000	beacon2.Variants	27.3GB
2023-02-08T20:34:25.355+0000	beacon2.Variants	27.3GB
2023-02-08T20:34:28.356+0000	beacon2.Variants	27.4GB
2023-02-08T20:34:31.356+0000	beacon2.Variants	27.4GB
2023-02-08T20:34:34.355+0000	beacon2.Variants	27.4GB
2023-02-08T20:34:37.355+0000	beacon2.Variants	27.5GB
2023-02-08T20:34:40.357+0000	beacon2.Variants	27.5GB
2023-02-08T20:34:43.357+0000	beacon2.Variants	27.5GB
2023-02-08T20:34:46.356+0000	beacon2.Variants	27.6GB
2023-02-08T20:34:49.355+0000	beacon2.Variants	27.6GB
2023-02-08T20:34:52.355+0000	beacon2.Variants	27.6GB
2023-02-08T20:34:55.356+0000	beacon2.Variants	27.7GB
2023-02-08T20:34:58.364+0000	beacon2.Variants	27.7GB
2023-02-08T20:35:01.365+0000	beacon2.Variants	27.8GB
2023-02-08T20:35:04.355+0000	beacon2.Variants	27.8GB
2023-02-08T20:35:07.356+0000	beacon2.Variants	27.8GB
2023-02-08T20:35:10.358+0000	beacon2.Variants	27.9GB
2023-02-08T20:35:13.355+0000	beacon2.Variants	27.9GB
2023-02-08T20:35:16.359+0000	beacon2.Variants	27.9GB
2023-02-08T20:35:19.355+0000	beacon2.Variants	28.0GB
2023-02-08T20:35:22.360+0000	beacon2.Variants	28.0GB
2023-02-08T20:35:25.357+0000	beacon2.Variants	28.1GB
2023-02-08T20:35:28.360+0000	beacon2.Variants	28.1GB
2023-02-08T20:35:31.357+0000	beacon2.Variants	28.1GB
2023-02-08T20:35:34.355+0000	beacon2.Variants	28.2GB
2023-02-08T20:35:37.355+0000	beacon2.Variants	28.2GB
2023-02-08T20:35:40.357+0000	beacon2.Variants	28.2GB
2023-02-08T20:35:43.355+0000	beacon2.Variants	28.3GB
2023-02-08T20:35:46.356+0000	beacon2.Variants	28.3GB
2023-02-08T20:35:49.355+0000	beacon2.Variants	28.4GB
2023-02-08T20:35:52.355+0000	beacon2.Variants	28.4GB
2023-02-08T20:35:55.368+0000	beacon2.Variants	28.4GB
2023-02-08T20:35:58.373+0000	beacon2.Variants	28.5GB
2023-02-08T20:36:01.357+0000	beacon2.Variants	28.5GB
2023-02-08T20:36:04.357+0000	beacon2.Variants	28.6GB
2023-02-08T20:36:07.356+0000	beacon2.Variants	28.6GB
2023-02-08T20:36:10.356+0000	beacon2.Variants	28.6GB
2023-02-08T20:36:13.364+0000	beacon2.Variants	28.7GB
2023-02-08T20:36:16.355+0000	beacon2.Variants	28.7GB
2023-02-08T20:36:19.356+0000	beacon2.Variants	28.7GB
2023-02-08T20:36:22.367+0000	beacon2.Variants	28.8GB
2023-02-08T20:36:25.357+0000	beacon2.Variants	28.8GB
2023-02-08T20:36:28.359+0000	beacon2.Variants	28.9GB
2023-02-08T20:36:31.357+0000	beacon2.Variants	28.9GB
2023-02-08T20:36:34.355+0000	beacon2.Variants	28.9GB
2023-02-08T20:36:37.357+0000	beacon2.Variants	29.0GB
2023-02-08T20:36:40.355+0000	beacon2.Variants	29.0GB
2023-02-08T20:36:43.356+0000	beacon2.Variants	29.1GB
2023-02-08T20:36:46.364+0000	beacon2.Variants	29.1GB
2023-02-08T20:36:49.361+0000	beacon2.Variants	29.1GB
2023-02-08T20:36:52.355+0000	beacon2.Variants	29.2GB
2023-02-08T20:36:55.356+0000	beacon2.Variants	29.2GB
2023-02-08T20:36:58.358+0000	beacon2.Variants	29.2GB
2023-02-08T20:37:01.355+0000	beacon2.Variants	29.3GB
2023-02-08T20:37:04.355+0000	beacon2.Variants	29.3GB
2023-02-08T20:37:07.362+0000	beacon2.Variants	29.4GB
2023-02-08T20:37:10.365+0000	beacon2.Variants	29.4GB
2023-02-08T20:37:13.361+0000	beacon2.Variants	29.4GB
2023-02-08T20:37:16.365+0000	beacon2.Variants	29.5GB
2023-02-08T20:37:19.355+0000	beacon2.Variants	29.5GB
2023-02-08T20:37:22.362+0000	beacon2.Variants	29.5GB
2023-02-08T20:37:25.358+0000	beacon2.Variants	29.6GB
2023-02-08T20:37:28.357+0000	beacon2.Variants	29.6GB
2023-02-08T20:37:31.365+0000	beacon2.Variants	29.7GB
2023-02-08T20:37:34.355+0000	beacon2.Variants	29.7GB
2023-02-08T20:37:37.358+0000	beacon2.Variants	29.7GB
2023-02-08T20:37:40.357+0000	beacon2.Variants	29.8GB
2023-02-08T20:37:43.362+0000	beacon2.Variants	29.8GB
2023-02-08T20:37:46.365+0000	beacon2.Variants	29.9GB
2023-02-08T20:37:49.357+0000	beacon2.Variants	29.9GB
2023-02-08T20:37:52.355+0000	beacon2.Variants	29.9GB
2023-02-08T20:37:55.360+0000	beacon2.Variants	30.0GB
2023-02-08T20:37:58.362+0000	beacon2.Variants	30.0GB
2023-02-08T20:38:01.355+0000	beacon2.Variants	30.0GB
2023-02-08T20:38:04.356+0000	beacon2.Variants	30.1GB
2023-02-08T20:38:07.360+0000	beacon2.Variants	30.1GB
2023-02-08T20:38:10.367+0000	beacon2.Variants	30.1GB
2023-02-08T20:38:13.360+0000	beacon2.Variants	30.2GB
2023-02-08T20:38:16.361+0000	beacon2.Variants	30.2GB
2023-02-08T20:38:19.356+0000	beacon2.Variants	30.3GB
2023-02-08T20:38:22.356+0000	beacon2.Variants	30.3GB
2023-02-08T20:38:25.371+0000	beacon2.Variants	30.3GB
2023-02-08T20:38:28.359+0000	beacon2.Variants	30.4GB
2023-02-08T20:38:31.355+0000	beacon2.Variants	30.4GB
2023-02-08T20:38:34.355+0000	beacon2.Variants	30.4GB
2023-02-08T20:38:37.363+0000	beacon2.Variants	30.5GB
2023-02-08T20:38:40.369+0000	beacon2.Variants	30.5GB
2023-02-08T20:38:43.367+0000	beacon2.Variants	30.6GB
2023-02-08T20:38:46.357+0000	beacon2.Variants	30.6GB
2023-02-08T20:38:49.355+0000	beacon2.Variants	30.6GB
2023-02-08T20:38:52.356+0000	beacon2.Variants	30.7GB
2023-02-08T20:38:55.362+0000	beacon2.Variants	30.7GB
2023-02-08T20:38:58.358+0000	beacon2.Variants	30.8GB
2023-02-08T20:39:01.355+0000	beacon2.Variants	30.8GB
2023-02-08T20:39:04.355+0000	beacon2.Variants	30.8GB
2023-02-08T20:39:07.355+0000	beacon2.Variants	30.9GB
2023-02-08T20:39:10.356+0000	beacon2.Variants	30.9GB
2023-02-08T20:39:13.355+0000	beacon2.Variants	30.9GB
2023-02-08T20:39:16.356+0000	beacon2.Variants	31.0GB
2023-02-08T20:39:19.361+0000	beacon2.Variants	31.0GB
2023-02-08T20:39:22.356+0000	beacon2.Variants	31.1GB
2023-02-08T20:39:25.361+0000	beacon2.Variants	31.1GB
2023-02-08T20:39:28.363+0000	beacon2.Variants	31.1GB
2023-02-08T20:39:31.358+0000	beacon2.Variants	31.2GB
2023-02-08T20:39:34.358+0000	beacon2.Variants	31.2GB
2023-02-08T20:39:37.357+0000	beacon2.Variants	31.2GB
2023-02-08T20:39:40.355+0000	beacon2.Variants	31.3GB
2023-02-08T20:39:43.357+0000	beacon2.Variants	31.3GB
2023-02-08T20:39:46.364+0000	beacon2.Variants	31.4GB
2023-02-08T20:39:49.355+0000	beacon2.Variants	31.4GB
2023-02-08T20:39:52.356+0000	beacon2.Variants	31.4GB
2023-02-08T20:39:55.359+0000	beacon2.Variants	31.5GB
2023-02-08T20:39:58.355+0000	beacon2.Variants	31.5GB
2023-02-08T20:40:01.358+0000	beacon2.Variants	31.6GB
2023-02-08T20:40:04.357+0000	beacon2.Variants	31.6GB
2023-02-08T20:40:07.357+0000	beacon2.Variants	31.6GB
2023-02-08T20:40:10.356+0000	beacon2.Variants	31.7GB
2023-02-08T20:40:13.359+0000	beacon2.Variants	31.7GB
2023-02-08T20:40:16.363+0000	beacon2.Variants	31.7GB
2023-02-08T20:40:19.356+0000	beacon2.Variants	31.8GB
2023-02-08T20:40:22.363+0000	beacon2.Variants	31.8GB
2023-02-08T20:40:25.373+0000	beacon2.Variants	31.9GB
2023-02-08T20:40:28.358+0000	beacon2.Variants	31.9GB
2023-02-08T20:40:31.355+0000	beacon2.Variants	31.9GB
2023-02-08T20:40:34.358+0000	beacon2.Variants	32.0GB
2023-02-08T20:40:37.355+0000	beacon2.Variants	32.0GB
2023-02-08T20:40:40.358+0000	beacon2.Variants	32.0GB
2023-02-08T20:40:43.356+0000	beacon2.Variants	32.1GB
2023-02-08T20:40:46.371+0000	beacon2.Variants	32.1GB
2023-02-08T20:40:49.355+0000	beacon2.Variants	32.1GB
2023-02-08T20:40:52.356+0000	beacon2.Variants	32.2GB
2023-02-08T20:40:55.358+0000	beacon2.Variants	32.2GB
2023-02-08T20:40:58.362+0000	beacon2.Variants	32.3GB
2023-02-08T20:41:01.355+0000	beacon2.Variants	32.3GB
2023-02-08T20:41:04.370+0000	beacon2.Variants	32.3GB
2023-02-08T20:41:07.357+0000	beacon2.Variants	32.4GB
2023-02-08T20:41:10.360+0000	beacon2.Variants	32.4GB
2023-02-08T20:41:13.355+0000	beacon2.Variants	32.5GB
2023-02-08T20:41:16.355+0000	beacon2.Variants	32.5GB
2023-02-08T20:41:19.358+0000	beacon2.Variants	32.5GB
2023-02-08T20:41:22.357+0000	beacon2.Variants	32.6GB
2023-02-08T20:41:25.366+0000	beacon2.Variants	32.6GB
2023-02-08T20:41:28.355+0000	beacon2.Variants	32.6GB
2023-02-08T20:41:31.357+0000	beacon2.Variants	32.7GB
2023-02-08T20:41:34.361+0000	beacon2.Variants	32.7GB
2023-02-08T20:41:37.357+0000	beacon2.Variants	32.8GB
2023-02-08T20:41:40.360+0000	beacon2.Variants	32.8GB
2023-02-08T20:41:43.357+0000	beacon2.Variants	32.8GB
2023-02-08T20:41:46.355+0000	beacon2.Variants	32.9GB
2023-02-08T20:41:49.367+0000	beacon2.Variants	32.9GB
2023-02-08T20:41:52.357+0000	beacon2.Variants	32.9GB
2023-02-08T20:41:55.356+0000	beacon2.Variants	33.0GB
2023-02-08T20:41:58.360+0000	beacon2.Variants	33.0GB
2023-02-08T20:42:01.359+0000	beacon2.Variants	33.1GB
2023-02-08T20:42:04.356+0000	beacon2.Variants	33.1GB
2023-02-08T20:42:07.357+0000	beacon2.Variants	33.1GB
2023-02-08T20:42:10.357+0000	beacon2.Variants	33.2GB
2023-02-08T20:42:13.356+0000	beacon2.Variants	33.2GB
2023-02-08T20:42:16.357+0000	beacon2.Variants	33.2GB
2023-02-08T20:42:19.358+0000	beacon2.Variants	33.3GB
2023-02-08T20:42:22.355+0000	beacon2.Variants	33.3GB
2023-02-08T20:42:25.366+0000	beacon2.Variants	33.4GB
2023-02-08T20:42:28.355+0000	beacon2.Variants	33.4GB
2023-02-08T20:42:31.355+0000	beacon2.Variants	33.4GB
2023-02-08T20:42:34.356+0000	beacon2.Variants	33.5GB
2023-02-08T20:42:37.359+0000	beacon2.Variants	33.5GB
2023-02-08T20:42:40.360+0000	beacon2.Variants	33.5GB
2023-02-08T20:42:43.366+0000	beacon2.Variants	33.6GB
2023-02-08T20:42:46.358+0000	beacon2.Variants	33.6GB
2023-02-08T20:42:49.358+0000	beacon2.Variants	33.7GB
2023-02-08T20:42:52.362+0000	beacon2.Variants	33.7GB
2023-02-08T20:42:55.355+0000	beacon2.Variants	33.7GB
2023-02-08T20:42:58.375+0000	beacon2.Variants	33.8GB
2023-02-08T20:43:01.356+0000	beacon2.Variants	33.8GB
2023-02-08T20:43:04.359+0000	beacon2.Variants	33.9GB
2023-02-08T20:43:07.360+0000	beacon2.Variants	33.9GB
2023-02-08T20:43:10.356+0000	beacon2.Variants	33.9GB
2023-02-08T20:43:13.358+0000	beacon2.Variants	34.0GB
2023-02-08T20:43:16.356+0000	beacon2.Variants	34.0GB
2023-02-08T20:43:19.361+0000	beacon2.Variants	34.0GB
2023-02-08T20:43:22.356+0000	beacon2.Variants	34.1GB
2023-02-08T20:43:25.367+0000	beacon2.Variants	34.1GB
2023-02-08T20:43:28.356+0000	beacon2.Variants	34.2GB
2023-02-08T20:43:31.356+0000	beacon2.Variants	34.2GB
2023-02-08T20:43:34.357+0000	beacon2.Variants	34.2GB
2023-02-08T20:43:37.356+0000	beacon2.Variants	34.3GB
2023-02-08T20:43:40.356+0000	beacon2.Variants	34.3GB
2023-02-08T20:43:43.359+0000	beacon2.Variants	34.4GB
2023-02-08T20:43:46.356+0000	beacon2.Variants	34.4GB
2023-02-08T20:43:49.356+0000	beacon2.Variants	34.4GB
2023-02-08T20:43:52.355+0000	beacon2.Variants	34.5GB
2023-02-08T20:43:55.355+0000	beacon2.Variants	34.5GB
2023-02-08T20:43:58.370+0000	beacon2.Variants	34.5GB
2023-02-08T20:44:01.358+0000	beacon2.Variants	34.6GB
2023-02-08T20:44:04.356+0000	beacon2.Variants	34.6GB
2023-02-08T20:44:07.359+0000	beacon2.Variants	34.6GB
2023-02-08T20:44:10.368+0000	beacon2.Variants	34.7GB
2023-02-08T20:44:13.361+0000	beacon2.Variants	34.7GB
2023-02-08T20:44:16.355+0000	beacon2.Variants	34.8GB
2023-02-08T20:44:19.357+0000	beacon2.Variants	34.8GB
2023-02-08T20:44:22.363+0000	beacon2.Variants	34.8GB
2023-02-08T20:44:25.357+0000	beacon2.Variants	34.9GB
2023-02-08T20:44:28.359+0000	beacon2.Variants	34.9GB
2023-02-08T20:44:31.357+0000	beacon2.Variants	35.0GB
2023-02-08T20:44:34.357+0000	beacon2.Variants	35.0GB
2023-02-08T20:44:37.357+0000	beacon2.Variants	35.0GB
2023-02-08T20:44:40.359+0000	beacon2.Variants	35.1GB
2023-02-08T20:44:43.355+0000	beacon2.Variants	35.1GB
2023-02-08T20:44:46.360+0000	beacon2.Variants	35.1GB
2023-02-08T20:44:49.355+0000	beacon2.Variants	35.2GB
2023-02-08T20:44:52.355+0000	beacon2.Variants	35.2GB
2023-02-08T20:44:55.361+0000	beacon2.Variants	35.3GB
2023-02-08T20:44:58.357+0000	beacon2.Variants	35.3GB
2023-02-08T20:45:01.361+0000	beacon2.Variants	35.3GB
2023-02-08T20:45:04.355+0000	beacon2.Variants	35.4GB
2023-02-08T20:45:07.356+0000	beacon2.Variants	35.4GB
2023-02-08T20:45:10.356+0000	beacon2.Variants	35.5GB
2023-02-08T20:45:13.359+0000	beacon2.Variants	35.5GB
2023-02-08T20:45:16.355+0000	beacon2.Variants	35.5GB
2023-02-08T20:45:19.357+0000	beacon2.Variants	35.6GB
2023-02-08T20:45:22.355+0000	beacon2.Variants	35.6GB
2023-02-08T20:45:25.355+0000	beacon2.Variants	35.6GB
2023-02-08T20:45:28.359+0000	beacon2.Variants	35.7GB
2023-02-08T20:45:31.369+0000	beacon2.Variants	35.7GB
2023-02-08T20:45:34.368+0000	beacon2.Variants	35.8GB
2023-02-08T20:45:37.356+0000	beacon2.Variants	35.8GB
2023-02-08T20:45:40.357+0000	beacon2.Variants	35.8GB
2023-02-08T20:45:43.357+0000	beacon2.Variants	35.9GB
2023-02-08T20:45:46.362+0000	beacon2.Variants	35.9GB
2023-02-08T20:45:49.360+0000	beacon2.Variants	35.9GB
2023-02-08T20:45:52.356+0000	beacon2.Variants	36.0GB
2023-02-08T20:45:55.365+0000	beacon2.Variants	36.0GB
2023-02-08T20:45:58.357+0000	beacon2.Variants	36.0GB
2023-02-08T20:46:01.361+0000	beacon2.Variants	36.1GB
2023-02-08T20:46:04.360+0000	beacon2.Variants	36.1GB
2023-02-08T20:46:07.356+0000	beacon2.Variants	36.2GB
2023-02-08T20:46:10.362+0000	beacon2.Variants	36.2GB
2023-02-08T20:46:13.358+0000	beacon2.Variants	36.2GB
2023-02-08T20:46:16.357+0000	beacon2.Variants	36.3GB
2023-02-08T20:46:19.358+0000	beacon2.Variants	36.3GB
2023-02-08T20:46:22.362+0000	beacon2.Variants	36.4GB
2023-02-08T20:46:25.367+0000	beacon2.Variants	36.4GB
2023-02-08T20:46:28.355+0000	beacon2.Variants	36.4GB
2023-02-08T20:46:31.355+0000	beacon2.Variants	36.5GB
2023-02-08T20:46:34.355+0000	beacon2.Variants	36.5GB
2023-02-08T20:46:37.363+0000	beacon2.Variants	36.5GB
2023-02-08T20:46:40.363+0000	beacon2.Variants	36.6GB
2023-02-08T20:46:43.359+0000	beacon2.Variants	36.6GB
2023-02-08T20:46:46.370+0000	beacon2.Variants	36.6GB
2023-02-08T20:46:49.362+0000	beacon2.Variants	36.7GB
2023-02-08T20:46:52.362+0000	beacon2.Variants	36.7GB
2023-02-08T20:46:55.356+0000	beacon2.Variants	36.8GB
2023-02-08T20:46:58.358+0000	beacon2.Variants	36.8GB
2023-02-08T20:47:01.359+0000	beacon2.Variants	36.8GB
2023-02-08T20:47:04.355+0000	beacon2.Variants	36.9GB
2023-02-08T20:47:07.357+0000	beacon2.Variants	36.9GB
2023-02-08T20:47:10.363+0000	beacon2.Variants	37.0GB
2023-02-08T20:47:13.365+0000	beacon2.Variants	37.0GB
2023-02-08T20:47:16.356+0000	beacon2.Variants	37.0GB
2023-02-08T20:47:19.355+0000	beacon2.Variants	37.1GB
2023-02-08T20:47:22.365+0000	beacon2.Variants	37.1GB
2023-02-08T20:47:25.356+0000	beacon2.Variants	37.1GB
2023-02-08T20:47:28.362+0000	beacon2.Variants	37.2GB
2023-02-08T20:47:31.355+0000	beacon2.Variants	37.2GB
2023-02-08T20:47:34.355+0000	beacon2.Variants	37.3GB
2023-02-08T20:47:37.361+0000	beacon2.Variants	37.3GB
2023-02-08T20:47:40.355+0000	beacon2.Variants	37.3GB
2023-02-08T20:47:43.356+0000	beacon2.Variants	37.4GB
2023-02-08T20:47:46.365+0000	beacon2.Variants	37.4GB
2023-02-08T20:47:49.359+0000	beacon2.Variants	37.5GB
2023-02-08T20:47:52.355+0000	beacon2.Variants	37.5GB
2023-02-08T20:47:55.356+0000	beacon2.Variants	37.5GB
2023-02-08T20:47:58.355+0000	beacon2.Variants	37.6GB
2023-02-08T20:48:01.355+0000	beacon2.Variants	37.6GB
2023-02-08T20:48:04.356+0000	beacon2.Variants	37.6GB
2023-02-08T20:48:07.355+0000	beacon2.Variants	37.7GB
2023-02-08T20:48:10.358+0000	beacon2.Variants	37.7GB
2023-02-08T20:48:13.355+0000	beacon2.Variants	37.8GB
2023-02-08T20:48:16.356+0000	beacon2.Variants	37.8GB
2023-02-08T20:48:19.355+0000	beacon2.Variants	37.8GB
2023-02-08T20:48:22.356+0000	beacon2.Variants	37.9GB
2023-02-08T20:48:25.366+0000	beacon2.Variants	37.9GB
2023-02-08T20:48:28.355+0000	beacon2.Variants	37.9GB
2023-02-08T20:48:31.358+0000	beacon2.Variants	38.0GB
2023-02-08T20:48:34.364+0000	beacon2.Variants	38.0GB
2023-02-08T20:48:37.358+0000	beacon2.Variants	38.1GB
2023-02-08T20:48:40.359+0000	beacon2.Variants	38.1GB
2023-02-08T20:48:43.355+0000	beacon2.Variants	38.1GB
2023-02-08T20:48:46.358+0000	beacon2.Variants	38.2GB
2023-02-08T20:48:49.357+0000	beacon2.Variants	38.2GB
2023-02-08T20:48:52.364+0000	beacon2.Variants	38.2GB
2023-02-08T20:48:55.359+0000	beacon2.Variants	38.3GB
2023-02-08T20:48:58.357+0000	beacon2.Variants	38.3GB
2023-02-08T20:49:01.359+0000	beacon2.Variants	38.4GB
2023-02-08T20:49:04.355+0000	beacon2.Variants	38.4GB
2023-02-08T20:49:07.356+0000	beacon2.Variants	38.4GB
2023-02-08T20:49:10.355+0000	beacon2.Variants	38.5GB
2023-02-08T20:49:13.355+0000	beacon2.Variants	38.5GB
2023-02-08T20:49:16.365+0000	beacon2.Variants	38.5GB
2023-02-08T20:49:19.355+0000	beacon2.Variants	38.6GB
2023-02-08T20:49:22.355+0000	beacon2.Variants	38.6GB
2023-02-08T20:49:25.356+0000	beacon2.Variants	38.7GB
2023-02-08T20:49:28.356+0000	beacon2.Variants	38.7GB
2023-02-08T20:49:31.356+0000	beacon2.Variants	38.7GB
2023-02-08T20:49:34.371+0000	beacon2.Variants	38.8GB
2023-02-08T20:49:37.369+0000	beacon2.Variants	38.8GB
2023-02-08T20:49:40.356+0000	beacon2.Variants	38.9GB
2023-02-08T20:49:43.357+0000	beacon2.Variants	38.9GB
2023-02-08T20:49:46.355+0000	beacon2.Variants	38.9GB
2023-02-08T20:49:49.355+0000	beacon2.Variants	39.0GB
2023-02-08T20:49:52.359+0000	beacon2.Variants	39.0GB
2023-02-08T20:49:55.373+0000	beacon2.Variants	39.0GB
2023-02-08T20:49:58.357+0000	beacon2.Variants	39.1GB
2023-02-08T20:50:01.364+0000	beacon2.Variants	39.1GB
2023-02-08T20:50:04.360+0000	beacon2.Variants	39.1GB
2023-02-08T20:50:07.355+0000	beacon2.Variants	39.2GB
2023-02-08T20:50:10.356+0000	beacon2.Variants	39.2GB
2023-02-08T20:50:13.356+0000	beacon2.Variants	39.3GB
2023-02-08T20:50:16.355+0000	beacon2.Variants	39.3GB
2023-02-08T20:50:19.355+0000	beacon2.Variants	39.3GB
2023-02-08T20:50:22.357+0000	beacon2.Variants	39.4GB
2023-02-08T20:50:25.355+0000	beacon2.Variants	39.4GB
2023-02-08T20:50:28.362+0000	beacon2.Variants	39.5GB
2023-02-08T20:50:31.355+0000	beacon2.Variants	39.5GB
2023-02-08T20:50:34.364+0000	beacon2.Variants	39.5GB
2023-02-08T20:50:37.359+0000	beacon2.Variants	39.6GB
2023-02-08T20:50:40.360+0000	beacon2.Variants	39.6GB
2023-02-08T20:50:43.355+0000	beacon2.Variants	39.6GB
2023-02-08T20:50:46.362+0000	beacon2.Variants	39.7GB
2023-02-08T20:50:49.356+0000	beacon2.Variants	39.7GB
2023-02-08T20:50:52.356+0000	beacon2.Variants	39.8GB
2023-02-08T20:50:55.356+0000	beacon2.Variants	39.8GB
2023-02-08T20:50:58.357+0000	beacon2.Variants	39.8GB
2023-02-08T20:51:01.355+0000	beacon2.Variants	39.9GB
2023-02-08T20:51:04.361+0000	beacon2.Variants	39.9GB
2023-02-08T20:51:07.355+0000	beacon2.Variants	40.0GB
2023-02-08T20:51:10.357+0000	beacon2.Variants	40.0GB
2023-02-08T20:51:13.355+0000	beacon2.Variants	40.0GB
2023-02-08T20:51:16.357+0000	beacon2.Variants	40.1GB
2023-02-08T20:51:19.362+0000	beacon2.Variants	40.1GB
2023-02-08T20:51:22.359+0000	beacon2.Variants	40.1GB
2023-02-08T20:51:25.355+0000	beacon2.Variants	40.2GB
2023-02-08T20:51:28.369+0000	beacon2.Variants	40.2GB
2023-02-08T20:51:31.356+0000	beacon2.Variants	40.2GB
2023-02-08T20:51:34.356+0000	beacon2.Variants	40.3GB
2023-02-08T20:51:37.355+0000	beacon2.Variants	40.3GB
2023-02-08T20:51:40.356+0000	beacon2.Variants	40.4GB
2023-02-08T20:51:43.359+0000	beacon2.Variants	40.4GB
2023-02-08T20:51:46.356+0000	beacon2.Variants	40.4GB
2023-02-08T20:51:49.363+0000	beacon2.Variants	40.5GB
2023-02-08T20:51:52.359+0000	beacon2.Variants	40.5GB
2023-02-08T20:51:55.365+0000	beacon2.Variants	40.5GB
2023-02-08T20:51:58.362+0000	beacon2.Variants	40.6GB
2023-02-08T20:52:01.360+0000	beacon2.Variants	40.6GB
2023-02-08T20:52:04.363+0000	beacon2.Variants	40.7GB
2023-02-08T20:52:07.357+0000	beacon2.Variants	40.7GB
2023-02-08T20:52:10.358+0000	beacon2.Variants	40.7GB
2023-02-08T20:52:13.358+0000	beacon2.Variants	40.8GB
2023-02-08T20:52:16.373+0000	beacon2.Variants	40.8GB
2023-02-08T20:52:19.355+0000	beacon2.Variants	40.9GB
2023-02-08T20:52:22.355+0000	beacon2.Variants	40.9GB
2023-02-08T20:52:25.355+0000	beacon2.Variants	40.9GB
2023-02-08T20:52:28.355+0000	beacon2.Variants	41.0GB
2023-02-08T20:52:31.360+0000	beacon2.Variants	41.0GB
2023-02-08T20:52:34.359+0000	beacon2.Variants	41.0GB
2023-02-08T20:52:37.356+0000	beacon2.Variants	41.1GB
2023-02-08T20:52:40.360+0000	beacon2.Variants	41.1GB
2023-02-08T20:52:43.360+0000	beacon2.Variants	41.1GB
2023-02-08T20:52:46.360+0000	beacon2.Variants	41.2GB
2023-02-08T20:52:49.355+0000	beacon2.Variants	41.2GB
2023-02-08T20:52:52.368+0000	beacon2.Variants	41.3GB
2023-02-08T20:52:55.355+0000	beacon2.Variants	41.3GB
2023-02-08T20:52:58.359+0000	beacon2.Variants	41.3GB
2023-02-08T20:53:01.356+0000	beacon2.Variants	41.4GB
2023-02-08T20:53:04.356+0000	beacon2.Variants	41.4GB
2023-02-08T20:53:07.355+0000	beacon2.Variants	41.5GB
2023-02-08T20:53:10.358+0000	beacon2.Variants	41.5GB
2023-02-08T20:53:13.355+0000	beacon2.Variants	41.5GB
2023-02-08T20:53:16.363+0000	beacon2.Variants	41.6GB
2023-02-08T20:53:19.356+0000	beacon2.Variants	41.6GB
2023-02-08T20:53:22.355+0000	beacon2.Variants	41.6GB
2023-02-08T20:53:25.363+0000	beacon2.Variants	41.7GB
2023-02-08T20:53:28.355+0000	beacon2.Variants	41.7GB
2023-02-08T20:53:31.356+0000	beacon2.Variants	41.8GB
2023-02-08T20:53:34.355+0000	beacon2.Variants	41.8GB
2023-02-08T20:53:37.357+0000	beacon2.Variants	41.8GB
2023-02-08T20:53:40.355+0000	beacon2.Variants	41.9GB
2023-02-08T20:53:43.360+0000	beacon2.Variants	41.9GB
2023-02-08T20:53:46.356+0000	beacon2.Variants	41.9GB
2023-02-08T20:53:49.359+0000	beacon2.Variants	42.0GB
2023-02-08T20:53:52.357+0000	beacon2.Variants	42.0GB
2023-02-08T20:53:55.357+0000	beacon2.Variants	42.1GB
2023-02-08T20:53:58.358+0000	beacon2.Variants	42.1GB
2023-02-08T20:54:01.356+0000	beacon2.Variants	42.1GB
2023-02-08T20:54:04.356+0000	beacon2.Variants	42.2GB
2023-02-08T20:54:07.355+0000	beacon2.Variants	42.2GB
2023-02-08T20:54:10.355+0000	beacon2.Variants	42.2GB
2023-02-08T20:54:13.356+0000	beacon2.Variants	42.3GB
2023-02-08T20:54:16.355+0000	beacon2.Variants	42.3GB
2023-02-08T20:54:19.358+0000	beacon2.Variants	42.4GB
2023-02-08T20:54:22.356+0000	beacon2.Variants	42.4GB
2023-02-08T20:54:25.355+0000	beacon2.Variants	42.4GB
2023-02-08T20:54:28.355+0000	beacon2.Variants	42.5GB
2023-02-08T20:54:31.359+0000	beacon2.Variants	42.5GB
2023-02-08T20:54:34.360+0000	beacon2.Variants	42.5GB
2023-02-08T20:54:37.362+0000	beacon2.Variants	42.6GB
2023-02-08T20:54:40.355+0000	beacon2.Variants	42.6GB
2023-02-08T20:54:43.358+0000	beacon2.Variants	42.7GB
2023-02-08T20:54:46.361+0000	beacon2.Variants	42.7GB
2023-02-08T20:54:49.361+0000	beacon2.Variants	42.7GB
2023-02-08T20:54:52.361+0000	beacon2.Variants	42.8GB
2023-02-08T20:54:55.358+0000	beacon2.Variants	42.8GB
2023-02-08T20:54:58.358+0000	beacon2.Variants	42.9GB
2023-02-08T20:55:01.355+0000	beacon2.Variants	42.9GB
2023-02-08T20:55:04.356+0000	beacon2.Variants	42.9GB
2023-02-08T20:55:07.360+0000	beacon2.Variants	43.0GB
2023-02-08T20:55:10.355+0000	beacon2.Variants	43.0GB
2023-02-08T20:55:13.356+0000	beacon2.Variants	43.0GB
2023-02-08T20:55:16.358+0000	beacon2.Variants	43.1GB
2023-02-08T20:55:19.367+0000	beacon2.Variants	43.1GB
2023-02-08T20:55:22.359+0000	beacon2.Variants	43.2GB
2023-02-08T20:55:25.356+0000	beacon2.Variants	43.2GB
2023-02-08T20:55:28.358+0000	beacon2.Variants	43.2GB
2023-02-08T20:55:31.355+0000	beacon2.Variants	43.3GB
2023-02-08T20:55:34.369+0000	beacon2.Variants	43.3GB
2023-02-08T20:55:37.365+0000	beacon2.Variants	43.4GB
2023-02-08T20:55:40.356+0000	beacon2.Variants	43.4GB
2023-02-08T20:55:43.356+0000	beacon2.Variants	43.4GB
2023-02-08T20:55:46.362+0000	beacon2.Variants	43.5GB
2023-02-08T20:55:49.357+0000	beacon2.Variants	43.5GB
2023-02-08T20:55:52.358+0000	beacon2.Variants	43.5GB
2023-02-08T20:55:55.357+0000	beacon2.Variants	43.6GB
2023-02-08T20:55:58.355+0000	beacon2.Variants	43.6GB
2023-02-08T20:56:01.356+0000	beacon2.Variants	43.6GB
2023-02-08T20:56:04.356+0000	beacon2.Variants	43.7GB
2023-02-08T20:56:07.362+0000	beacon2.Variants	43.7GB
2023-02-08T20:56:10.356+0000	beacon2.Variants	43.8GB
2023-02-08T20:56:13.355+0000	beacon2.Variants	43.8GB
2023-02-08T20:56:16.355+0000	beacon2.Variants	43.8GB
2023-02-08T20:56:19.360+0000	beacon2.Variants	43.9GB
2023-02-08T20:56:22.365+0000	beacon2.Variants	43.9GB
2023-02-08T20:56:25.360+0000	beacon2.Variants	44.0GB
2023-02-08T20:56:28.355+0000	beacon2.Variants	44.0GB
2023-02-08T20:56:31.370+0000	beacon2.Variants	44.0GB
2023-02-08T20:56:34.366+0000	beacon2.Variants	44.1GB
2023-02-08T20:56:37.357+0000	beacon2.Variants	44.1GB
2023-02-08T20:56:40.358+0000	beacon2.Variants	44.1GB
2023-02-08T20:56:43.355+0000	beacon2.Variants	44.2GB
2023-02-08T20:56:46.359+0000	beacon2.Variants	44.2GB
2023-02-08T20:56:49.355+0000	beacon2.Variants	44.3GB
2023-02-08T20:56:52.360+0000	beacon2.Variants	44.3GB
2023-02-08T20:56:55.355+0000	beacon2.Variants	44.3GB
2023-02-08T20:56:58.360+0000	beacon2.Variants	44.4GB
2023-02-08T20:57:01.358+0000	beacon2.Variants	44.4GB
2023-02-08T20:57:04.365+0000	beacon2.Variants	44.5GB
2023-02-08T20:57:07.355+0000	beacon2.Variants	44.5GB
2023-02-08T20:57:10.356+0000	beacon2.Variants	44.5GB
2023-02-08T20:57:13.356+0000	beacon2.Variants	44.6GB
2023-02-08T20:57:16.360+0000	beacon2.Variants	44.6GB
2023-02-08T20:57:19.364+0000	beacon2.Variants	44.6GB
2023-02-08T20:57:22.360+0000	beacon2.Variants	44.7GB
2023-02-08T20:57:25.366+0000	beacon2.Variants	44.7GB
2023-02-08T20:57:28.363+0000	beacon2.Variants	44.8GB
2023-02-08T20:57:31.374+0000	beacon2.Variants	44.8GB
2023-02-08T20:57:34.355+0000	beacon2.Variants	44.8GB
2023-02-08T20:57:37.364+0000	beacon2.Variants	44.9GB
2023-02-08T20:57:40.355+0000	beacon2.Variants	44.9GB
2023-02-08T20:57:43.356+0000	beacon2.Variants	44.9GB
2023-02-08T20:57:46.355+0000	beacon2.Variants	45.0GB
2023-02-08T20:57:49.356+0000	beacon2.Variants	45.0GB
2023-02-08T20:57:52.355+0000	beacon2.Variants	45.1GB
2023-02-08T20:57:55.356+0000	beacon2.Variants	45.1GB
2023-02-08T20:57:58.357+0000	beacon2.Variants	45.1GB
2023-02-08T20:58:01.364+0000	beacon2.Variants	45.2GB
2023-02-08T20:58:04.357+0000	beacon2.Variants	45.2GB
2023-02-08T20:58:07.359+0000	beacon2.Variants	45.2GB
2023-02-08T20:58:10.357+0000	beacon2.Variants	45.3GB
2023-02-08T20:58:13.355+0000	beacon2.Variants	45.3GB
2023-02-08T20:58:16.363+0000	beacon2.Variants	45.4GB
2023-02-08T20:58:19.359+0000	beacon2.Variants	45.4GB
2023-02-08T20:58:22.355+0000	beacon2.Variants	45.4GB
2023-02-08T20:58:25.369+0000	beacon2.Variants	45.5GB
2023-02-08T20:58:28.355+0000	beacon2.Variants	45.5GB
2023-02-08T20:58:31.357+0000	beacon2.Variants	45.5GB
2023-02-08T20:58:34.359+0000	beacon2.Variants	45.6GB
2023-02-08T20:58:37.355+0000	beacon2.Variants	45.6GB
2023-02-08T20:58:40.357+0000	beacon2.Variants	45.7GB
2023-02-08T20:58:43.370+0000	beacon2.Variants	45.7GB
2023-02-08T20:58:46.356+0000	beacon2.Variants	45.7GB
2023-02-08T20:58:49.360+0000	beacon2.Variants	45.8GB
2023-02-08T20:58:52.356+0000	beacon2.Variants	45.8GB
2023-02-08T20:58:55.365+0000	beacon2.Variants	45.9GB
2023-02-08T20:58:58.357+0000	beacon2.Variants	45.9GB
2023-02-08T20:59:01.369+0000	beacon2.Variants	45.9GB
2023-02-08T20:59:04.357+0000	beacon2.Variants	46.0GB
2023-02-08T20:59:07.357+0000	beacon2.Variants	46.0GB
2023-02-08T20:59:10.366+0000	beacon2.Variants	46.0GB
2023-02-08T20:59:13.357+0000	beacon2.Variants	46.1GB
2023-02-08T20:59:16.357+0000	beacon2.Variants	46.1GB
2023-02-08T20:59:19.365+0000	beacon2.Variants	46.1GB
2023-02-08T20:59:22.356+0000	beacon2.Variants	46.2GB
2023-02-08T20:59:25.355+0000	beacon2.Variants	46.2GB
2023-02-08T20:59:28.355+0000	beacon2.Variants	46.3GB
2023-02-08T20:59:31.356+0000	beacon2.Variants	46.3GB
2023-02-08T20:59:34.358+0000	beacon2.Variants	46.3GB
2023-02-08T20:59:37.368+0000	beacon2.Variants	46.4GB
2023-02-08T20:59:40.358+0000	beacon2.Variants	46.4GB
2023-02-08T20:59:43.355+0000	beacon2.Variants	46.5GB
2023-02-08T20:59:46.358+0000	beacon2.Variants	46.5GB
2023-02-08T20:59:49.355+0000	beacon2.Variants	46.5GB
2023-02-08T20:59:52.365+0000	beacon2.Variants	46.6GB
2023-02-08T20:59:55.355+0000	beacon2.Variants	46.6GB
2023-02-08T20:59:58.355+0000	beacon2.Variants	46.6GB
2023-02-08T21:00:01.360+0000	beacon2.Variants	46.7GB
2023-02-08T21:00:04.359+0000	beacon2.Variants	46.7GB
2023-02-08T21:00:07.358+0000	beacon2.Variants	46.8GB
2023-02-08T21:00:10.358+0000	beacon2.Variants	46.8GB
2023-02-08T21:00:13.365+0000	beacon2.Variants	46.8GB
2023-02-08T21:00:16.358+0000	beacon2.Variants	46.9GB
2023-02-08T21:00:19.355+0000	beacon2.Variants	46.9GB
2023-02-08T21:00:22.359+0000	beacon2.Variants	47.0GB
2023-02-08T21:00:25.360+0000	beacon2.Variants	47.0GB
2023-02-08T21:00:28.360+0000	beacon2.Variants	47.0GB
2023-02-08T21:00:31.362+0000	beacon2.Variants	47.1GB
2023-02-08T21:00:34.356+0000	beacon2.Variants	47.1GB
2023-02-08T21:00:37.357+0000	beacon2.Variants	47.1GB
2023-02-08T21:00:40.358+0000	beacon2.Variants	47.2GB
2023-02-08T21:00:43.358+0000	beacon2.Variants	47.2GB
2023-02-08T21:00:46.359+0000	beacon2.Variants	47.2GB
2023-02-08T21:00:49.360+0000	beacon2.Variants	47.3GB
2023-02-08T21:00:52.358+0000	beacon2.Variants	47.3GB
2023-02-08T21:00:55.355+0000	beacon2.Variants	47.4GB
2023-02-08T21:00:58.356+0000	beacon2.Variants	47.4GB
2023-02-08T21:01:01.356+0000	beacon2.Variants	47.4GB
2023-02-08T21:01:04.358+0000	beacon2.Variants	47.5GB
2023-02-08T21:01:07.357+0000	beacon2.Variants	47.5GB
2023-02-08T21:01:10.357+0000	beacon2.Variants	47.5GB
2023-02-08T21:01:13.359+0000	beacon2.Variants	47.6GB
2023-02-08T21:01:16.356+0000	beacon2.Variants	47.6GB
2023-02-08T21:01:19.355+0000	beacon2.Variants	47.7GB
2023-02-08T21:01:22.355+0000	beacon2.Variants	47.7GB
2023-02-08T21:01:25.357+0000	beacon2.Variants	47.7GB
2023-02-08T21:01:28.356+0000	beacon2.Variants	47.8GB
2023-02-08T21:01:31.355+0000	beacon2.Variants	47.8GB
2023-02-08T21:01:34.358+0000	beacon2.Variants	47.9GB
2023-02-08T21:01:37.358+0000	beacon2.Variants	47.9GB
2023-02-08T21:01:40.357+0000	beacon2.Variants	47.9GB
2023-02-08T21:01:43.357+0000	beacon2.Variants	48.0GB
2023-02-08T21:01:46.355+0000	beacon2.Variants	48.0GB
2023-02-08T21:01:49.365+0000	beacon2.Variants	48.0GB
2023-02-08T21:01:52.360+0000	beacon2.Variants	48.1GB
2023-02-08T21:01:55.361+0000	beacon2.Variants	48.1GB
2023-02-08T21:01:58.357+0000	beacon2.Variants	48.1GB
2023-02-08T21:02:01.355+0000	beacon2.Variants	48.2GB
2023-02-08T21:02:04.360+0000	beacon2.Variants	48.2GB
2023-02-08T21:02:07.357+0000	beacon2.Variants	48.3GB
2023-02-08T21:02:10.357+0000	beacon2.Variants	48.3GB
2023-02-08T21:02:13.361+0000	beacon2.Variants	48.4GB
2023-02-08T21:02:16.356+0000	beacon2.Variants	48.4GB
2023-02-08T21:02:19.355+0000	beacon2.Variants	48.4GB
2023-02-08T21:02:22.357+0000	beacon2.Variants	48.5GB
2023-02-08T21:02:25.374+0000	beacon2.Variants	48.5GB
2023-02-08T21:02:28.370+0000	beacon2.Variants	48.5GB
2023-02-08T21:02:31.360+0000	beacon2.Variants	48.6GB
2023-02-08T21:02:34.355+0000	beacon2.Variants	48.6GB
2023-02-08T21:02:37.358+0000	beacon2.Variants	48.6GB
2023-02-08T21:02:40.359+0000	beacon2.Variants	48.7GB
2023-02-08T21:02:43.375+0000	beacon2.Variants	48.7GB
2023-02-08T21:02:46.356+0000	beacon2.Variants	48.8GB
2023-02-08T21:02:49.363+0000	beacon2.Variants	48.8GB
2023-02-08T21:02:52.357+0000	beacon2.Variants	48.8GB
2023-02-08T21:02:55.358+0000	beacon2.Variants	48.9GB
2023-02-08T21:02:58.359+0000	beacon2.Variants	48.9GB
2023-02-08T21:03:01.356+0000	beacon2.Variants	49.0GB
2023-02-08T21:03:04.355+0000	beacon2.Variants	49.0GB
2023-02-08T21:03:07.360+0000	beacon2.Variants	49.0GB
2023-02-08T21:03:10.355+0000	beacon2.Variants	49.1GB
2023-02-08T21:03:13.356+0000	beacon2.Variants	49.1GB
2023-02-08T21:03:16.357+0000	beacon2.Variants	49.1GB
2023-02-08T21:03:19.355+0000	beacon2.Variants	49.2GB
2023-02-08T21:03:22.355+0000	beacon2.Variants	49.2GB
2023-02-08T21:03:25.356+0000	beacon2.Variants	49.3GB
2023-02-08T21:03:28.361+0000	beacon2.Variants	49.3GB
2023-02-08T21:03:31.355+0000	beacon2.Variants	49.3GB
2023-02-08T21:03:34.369+0000	beacon2.Variants	49.4GB
2023-02-08T21:03:37.362+0000	beacon2.Variants	49.4GB
2023-02-08T21:03:40.357+0000	beacon2.Variants	49.4GB
2023-02-08T21:03:43.355+0000	beacon2.Variants	49.5GB
2023-02-08T21:03:46.360+0000	beacon2.Variants	49.5GB
2023-02-08T21:03:49.356+0000	beacon2.Variants	49.6GB
2023-02-08T21:03:52.365+0000	beacon2.Variants	49.6GB
2023-02-08T21:03:55.364+0000	beacon2.Variants	49.6GB
2023-02-08T21:03:58.357+0000	beacon2.Variants	49.7GB
2023-02-08T21:04:01.359+0000	beacon2.Variants	49.7GB
2023-02-08T21:04:04.355+0000	beacon2.Variants	49.8GB
2023-02-08T21:04:07.356+0000	beacon2.Variants	49.8GB
2023-02-08T21:04:10.359+0000	beacon2.Variants	49.8GB
2023-02-08T21:04:13.356+0000	beacon2.Variants	49.9GB
2023-02-08T21:04:16.357+0000	beacon2.Variants	49.9GB
2023-02-08T21:04:19.361+0000	beacon2.Variants	49.9GB
2023-02-08T21:04:22.355+0000	beacon2.Variants	50.0GB
2023-02-08T21:04:25.357+0000	beacon2.Variants	50.0GB
2023-02-08T21:04:28.355+0000	beacon2.Variants	50.0GB
2023-02-08T21:04:31.355+0000	beacon2.Variants	50.1GB
2023-02-08T21:04:34.357+0000	beacon2.Variants	50.1GB
2023-02-08T21:04:37.357+0000	beacon2.Variants	50.2GB
2023-02-08T21:04:40.359+0000	beacon2.Variants	50.2GB
2023-02-08T21:04:43.361+0000	beacon2.Variants	50.2GB
2023-02-08T21:04:46.355+0000	beacon2.Variants	50.3GB
2023-02-08T21:04:49.357+0000	beacon2.Variants	50.3GB
2023-02-08T21:04:52.365+0000	beacon2.Variants	50.4GB
2023-02-08T21:04:55.355+0000	beacon2.Variants	50.4GB
2023-02-08T21:04:58.363+0000	beacon2.Variants	50.4GB
2023-02-08T21:05:01.359+0000	beacon2.Variants	50.5GB
2023-02-08T21:05:04.355+0000	beacon2.Variants	50.5GB
2023-02-08T21:05:07.356+0000	beacon2.Variants	50.5GB
2023-02-08T21:05:10.356+0000	beacon2.Variants	50.6GB
2023-02-08T21:05:13.358+0000	beacon2.Variants	50.6GB
2023-02-08T21:05:16.355+0000	beacon2.Variants	50.6GB
2023-02-08T21:05:19.355+0000	beacon2.Variants	50.7GB
2023-02-08T21:05:22.356+0000	beacon2.Variants	50.7GB
2023-02-08T21:05:25.356+0000	beacon2.Variants	50.8GB
2023-02-08T21:05:28.355+0000	beacon2.Variants	50.8GB
2023-02-08T21:05:31.355+0000	beacon2.Variants	50.8GB
2023-02-08T21:05:34.355+0000	beacon2.Variants	50.9GB
2023-02-08T21:05:37.360+0000	beacon2.Variants	50.9GB
2023-02-08T21:05:40.355+0000	beacon2.Variants	51.0GB
2023-02-08T21:05:43.357+0000	beacon2.Variants	51.0GB
2023-02-08T21:05:46.356+0000	beacon2.Variants	51.0GB
2023-02-08T21:05:49.363+0000	beacon2.Variants	51.1GB
2023-02-08T21:05:52.357+0000	beacon2.Variants	51.1GB
2023-02-08T21:05:55.365+0000	beacon2.Variants	51.1GB
2023-02-08T21:05:58.356+0000	beacon2.Variants	51.2GB
2023-02-08T21:06:01.355+0000	beacon2.Variants	51.2GB
2023-02-08T21:06:04.355+0000	beacon2.Variants	51.3GB
2023-02-08T21:06:07.355+0000	beacon2.Variants	51.3GB
2023-02-08T21:06:10.355+0000	beacon2.Variants	51.3GB
2023-02-08T21:06:13.356+0000	beacon2.Variants	51.4GB
2023-02-08T21:06:16.362+0000	beacon2.Variants	51.4GB
2023-02-08T21:06:19.361+0000	beacon2.Variants	51.5GB
2023-02-08T21:06:22.355+0000	beacon2.Variants	51.5GB
2023-02-08T21:06:25.355+0000	beacon2.Variants	51.5GB
2023-02-08T21:06:28.364+0000	beacon2.Variants	51.6GB
2023-02-08T21:06:31.358+0000	beacon2.Variants	51.6GB
2023-02-08T21:06:34.355+0000	beacon2.Variants	51.6GB
2023-02-08T21:06:37.356+0000	beacon2.Variants	51.7GB
2023-02-08T21:06:40.356+0000	beacon2.Variants	51.7GB
2023-02-08T21:06:43.358+0000	beacon2.Variants	51.8GB
2023-02-08T21:06:46.363+0000	beacon2.Variants	51.8GB
2023-02-08T21:06:49.367+0000	beacon2.Variants	51.8GB
2023-02-08T21:06:52.360+0000	beacon2.Variants	51.9GB
2023-02-08T21:06:55.356+0000	beacon2.Variants	51.9GB
2023-02-08T21:06:58.361+0000	beacon2.Variants	51.9GB
2023-02-08T21:07:01.355+0000	beacon2.Variants	52.0GB
2023-02-08T21:07:04.356+0000	beacon2.Variants	52.0GB
2023-02-08T21:07:07.355+0000	beacon2.Variants	52.1GB
2023-02-08T21:07:10.364+0000	beacon2.Variants	52.1GB
2023-02-08T21:07:13.355+0000	beacon2.Variants	52.1GB
2023-02-08T21:07:16.356+0000	beacon2.Variants	52.2GB
2023-02-08T21:07:19.362+0000	beacon2.Variants	52.2GB
2023-02-08T21:07:22.355+0000	beacon2.Variants	52.2GB
2023-02-08T21:07:25.355+0000	beacon2.Variants	52.3GB
2023-02-08T21:07:28.355+0000	beacon2.Variants	52.3GB
2023-02-08T21:07:31.355+0000	beacon2.Variants	52.4GB
2023-02-08T21:07:34.355+0000	beacon2.Variants	52.4GB
2023-02-08T21:07:37.358+0000	beacon2.Variants	52.4GB
2023-02-08T21:07:40.358+0000	beacon2.Variants	52.5GB
2023-02-08T21:07:43.356+0000	beacon2.Variants	52.5GB
2023-02-08T21:07:46.356+0000	beacon2.Variants	52.5GB
2023-02-08T21:07:49.360+0000	beacon2.Variants	52.6GB
2023-02-08T21:07:52.357+0000	beacon2.Variants	52.6GB
2023-02-08T21:07:55.359+0000	beacon2.Variants	52.7GB
2023-02-08T21:07:58.363+0000	beacon2.Variants	52.7GB
2023-02-08T21:08:01.355+0000	beacon2.Variants	52.7GB
2023-02-08T21:08:04.356+0000	beacon2.Variants	52.8GB
2023-02-08T21:08:07.356+0000	beacon2.Variants	52.8GB
2023-02-08T21:08:10.359+0000	beacon2.Variants	52.9GB
2023-02-08T21:08:13.363+0000	beacon2.Variants	52.9GB
2023-02-08T21:08:16.364+0000	beacon2.Variants	52.9GB
2023-02-08T21:08:19.373+0000	beacon2.Variants	53.0GB
2023-02-08T21:08:22.367+0000	beacon2.Variants	53.0GB
2023-02-08T21:08:25.355+0000	beacon2.Variants	53.0GB
2023-02-08T21:08:28.356+0000	beacon2.Variants	53.1GB
2023-02-08T21:08:31.358+0000	beacon2.Variants	53.1GB
2023-02-08T21:08:34.366+0000	beacon2.Variants	53.2GB
2023-02-08T21:08:37.355+0000	beacon2.Variants	53.2GB
2023-02-08T21:08:40.355+0000	beacon2.Variants	53.2GB
2023-02-08T21:08:43.356+0000	beacon2.Variants	53.3GB
2023-02-08T21:08:46.356+0000	beacon2.Variants	53.3GB
2023-02-08T21:08:49.384+0000	beacon2.Variants	53.4GB
2023-02-08T21:08:52.363+0000	beacon2.Variants	53.4GB
2023-02-08T21:08:55.358+0000	beacon2.Variants	53.4GB
2023-02-08T21:08:58.355+0000	beacon2.Variants	53.5GB
2023-02-08T21:09:01.367+0000	beacon2.Variants	53.5GB
2023-02-08T21:09:04.365+0000	beacon2.Variants	53.5GB
2023-02-08T21:09:07.373+0000	beacon2.Variants	53.6GB
2023-02-08T21:09:10.358+0000	beacon2.Variants	53.6GB
2023-02-08T21:09:13.357+0000	beacon2.Variants	53.6GB
2023-02-08T21:09:16.356+0000	beacon2.Variants	53.7GB
2023-02-08T21:09:19.355+0000	beacon2.Variants	53.7GB
2023-02-08T21:09:22.359+0000	beacon2.Variants	53.8GB
2023-02-08T21:09:25.355+0000	beacon2.Variants	53.8GB
2023-02-08T21:09:28.361+0000	beacon2.Variants	53.8GB
2023-02-08T21:09:31.357+0000	beacon2.Variants	53.9GB
2023-02-08T21:09:34.357+0000	beacon2.Variants	53.9GB
2023-02-08T21:09:37.357+0000	beacon2.Variants	54.0GB
2023-02-08T21:09:40.355+0000	beacon2.Variants	54.0GB
2023-02-08T21:09:43.355+0000	beacon2.Variants	54.0GB
2023-02-08T21:09:46.355+0000	beacon2.Variants	54.1GB
2023-02-08T21:09:49.358+0000	beacon2.Variants	54.1GB
2023-02-08T21:09:52.360+0000	beacon2.Variants	54.1GB
2023-02-08T21:09:55.357+0000	beacon2.Variants	54.2GB
2023-02-08T21:09:58.362+0000	beacon2.Variants	54.2GB
2023-02-08T21:10:01.366+0000	beacon2.Variants	54.3GB
2023-02-08T21:10:04.355+0000	beacon2.Variants	54.3GB
2023-02-08T21:10:07.355+0000	beacon2.Variants	54.3GB
2023-02-08T21:10:08.978+0000	beacon2.Variants	54.4GB
2023-02-08T21:10:08.978+0000	5290047 document(s) imported successfully. 0 document(s) failed to import.

real	71m43.648s
user	127m22.117s
sys	2m4.576s
