2023-02-09T03:07:06.181+0000	connected to: mongodb://[**REDACTED**]@localhost:27017/beacon2?authSource=admin
2023-02-09T03:07:09.181+0000	beacon2.Variants	38.4MB
2023-02-09T03:07:12.186+0000	beacon2.Variants	78.5MB
2023-02-09T03:07:15.182+0000	beacon2.Variants	118MB
2023-02-09T03:07:18.182+0000	beacon2.Variants	157MB
2023-02-09T03:07:21.198+0000	beacon2.Variants	196MB
2023-02-09T03:07:24.192+0000	beacon2.Variants	234MB
2023-02-09T03:07:27.187+0000	beacon2.Variants	274MB
2023-02-09T03:07:30.185+0000	beacon2.Variants	314MB
2023-02-09T03:07:33.192+0000	beacon2.Variants	353MB
2023-02-09T03:07:36.181+0000	beacon2.Variants	391MB
2023-02-09T03:07:39.181+0000	beacon2.Variants	432MB
2023-02-09T03:07:42.182+0000	beacon2.Variants	472MB
2023-02-09T03:07:45.182+0000	beacon2.Variants	509MB
2023-02-09T03:07:48.184+0000	beacon2.Variants	548MB
2023-02-09T03:07:51.185+0000	beacon2.Variants	587MB
2023-02-09T03:07:54.184+0000	beacon2.Variants	625MB
2023-02-09T03:07:57.187+0000	beacon2.Variants	666MB
2023-02-09T03:08:00.188+0000	beacon2.Variants	703MB
2023-02-09T03:08:03.182+0000	beacon2.Variants	743MB
2023-02-09T03:08:06.182+0000	beacon2.Variants	783MB
2023-02-09T03:08:09.184+0000	beacon2.Variants	822MB
2023-02-09T03:08:12.183+0000	beacon2.Variants	862MB
2023-02-09T03:08:15.182+0000	beacon2.Variants	901MB
2023-02-09T03:08:18.181+0000	beacon2.Variants	941MB
2023-02-09T03:08:21.185+0000	beacon2.Variants	981MB
2023-02-09T03:08:24.186+0000	beacon2.Variants	1020MB
2023-02-09T03:08:27.183+0000	beacon2.Variants	1.03GB
2023-02-09T03:08:30.183+0000	beacon2.Variants	1.07GB
2023-02-09T03:08:33.183+0000	beacon2.Variants	1.11GB
2023-02-09T03:08:36.184+0000	beacon2.Variants	1.15GB
2023-02-09T03:08:39.185+0000	beacon2.Variants	1.19GB
2023-02-09T03:08:42.181+0000	beacon2.Variants	1.23GB
2023-02-09T03:08:45.182+0000	beacon2.Variants	1.26GB
2023-02-09T03:08:48.189+0000	beacon2.Variants	1.30GB
2023-02-09T03:08:51.182+0000	beacon2.Variants	1.34GB
2023-02-09T03:08:54.188+0000	beacon2.Variants	1.38GB
2023-02-09T03:08:57.183+0000	beacon2.Variants	1.42GB
2023-02-09T03:09:00.186+0000	beacon2.Variants	1.45GB
2023-02-09T03:09:03.184+0000	beacon2.Variants	1.49GB
2023-02-09T03:09:06.182+0000	beacon2.Variants	1.53GB
2023-02-09T03:09:09.187+0000	beacon2.Variants	1.57GB
2023-02-09T03:09:12.182+0000	beacon2.Variants	1.61GB
2023-02-09T03:09:15.188+0000	beacon2.Variants	1.65GB
2023-02-09T03:09:18.183+0000	beacon2.Variants	1.68GB
2023-02-09T03:09:21.190+0000	beacon2.Variants	1.72GB
2023-02-09T03:09:24.182+0000	beacon2.Variants	1.76GB
2023-02-09T03:09:27.187+0000	beacon2.Variants	1.80GB
2023-02-09T03:09:30.182+0000	beacon2.Variants	1.83GB
2023-02-09T03:09:33.187+0000	beacon2.Variants	1.87GB
2023-02-09T03:09:36.181+0000	beacon2.Variants	1.91GB
2023-02-09T03:09:39.183+0000	beacon2.Variants	1.95GB
2023-02-09T03:09:42.185+0000	beacon2.Variants	1.98GB
2023-02-09T03:09:45.181+0000	beacon2.Variants	2.02GB
2023-02-09T03:09:48.181+0000	beacon2.Variants	2.06GB
2023-02-09T03:09:51.181+0000	beacon2.Variants	2.09GB
2023-02-09T03:09:54.181+0000	beacon2.Variants	2.13GB
2023-02-09T03:09:57.181+0000	beacon2.Variants	2.17GB
2023-02-09T03:10:00.192+0000	beacon2.Variants	2.21GB
2023-02-09T03:10:03.185+0000	beacon2.Variants	2.24GB
2023-02-09T03:10:06.184+0000	beacon2.Variants	2.28GB
2023-02-09T03:10:09.181+0000	beacon2.Variants	2.32GB
2023-02-09T03:10:12.181+0000	beacon2.Variants	2.35GB
2023-02-09T03:10:15.182+0000	beacon2.Variants	2.39GB
2023-02-09T03:10:18.181+0000	beacon2.Variants	2.43GB
2023-02-09T03:10:21.195+0000	beacon2.Variants	2.47GB
2023-02-09T03:10:24.186+0000	beacon2.Variants	2.50GB
2023-02-09T03:10:27.181+0000	beacon2.Variants	2.54GB
2023-02-09T03:10:30.183+0000	beacon2.Variants	2.58GB
2023-02-09T03:10:33.182+0000	beacon2.Variants	2.61GB
2023-02-09T03:10:36.183+0000	beacon2.Variants	2.65GB
2023-02-09T03:10:39.183+0000	beacon2.Variants	2.69GB
2023-02-09T03:10:42.181+0000	beacon2.Variants	2.73GB
2023-02-09T03:10:45.191+0000	beacon2.Variants	2.76GB
2023-02-09T03:10:48.181+0000	beacon2.Variants	2.80GB
2023-02-09T03:10:51.193+0000	beacon2.Variants	2.83GB
2023-02-09T03:10:54.182+0000	beacon2.Variants	2.87GB
2023-02-09T03:10:57.190+0000	beacon2.Variants	2.91GB
2023-02-09T03:11:00.192+0000	beacon2.Variants	2.95GB
2023-02-09T03:11:03.200+0000	beacon2.Variants	2.98GB
2023-02-09T03:11:06.181+0000	beacon2.Variants	3.02GB
2023-02-09T03:11:09.182+0000	beacon2.Variants	3.06GB
2023-02-09T03:11:12.186+0000	beacon2.Variants	3.09GB
2023-02-09T03:11:15.181+0000	beacon2.Variants	3.13GB
2023-02-09T03:11:18.182+0000	beacon2.Variants	3.17GB
2023-02-09T03:11:21.181+0000	beacon2.Variants	3.21GB
2023-02-09T03:11:24.181+0000	beacon2.Variants	3.24GB
2023-02-09T03:11:27.182+0000	beacon2.Variants	3.28GB
2023-02-09T03:11:30.182+0000	beacon2.Variants	3.32GB
2023-02-09T03:11:33.191+0000	beacon2.Variants	3.35GB
2023-02-09T03:11:36.182+0000	beacon2.Variants	3.39GB
2023-02-09T03:11:39.190+0000	beacon2.Variants	3.43GB
2023-02-09T03:11:42.182+0000	beacon2.Variants	3.46GB
2023-02-09T03:11:45.199+0000	beacon2.Variants	3.50GB
2023-02-09T03:11:48.188+0000	beacon2.Variants	3.54GB
2023-02-09T03:11:51.186+0000	beacon2.Variants	3.57GB
2023-02-09T03:11:54.182+0000	beacon2.Variants	3.61GB
2023-02-09T03:11:57.186+0000	beacon2.Variants	3.65GB
2023-02-09T03:12:00.184+0000	beacon2.Variants	3.68GB
2023-02-09T03:12:03.196+0000	beacon2.Variants	3.72GB
2023-02-09T03:12:06.186+0000	beacon2.Variants	3.76GB
2023-02-09T03:12:09.181+0000	beacon2.Variants	3.79GB
2023-02-09T03:12:12.188+0000	beacon2.Variants	3.83GB
2023-02-09T03:12:15.184+0000	beacon2.Variants	3.87GB
2023-02-09T03:12:18.183+0000	beacon2.Variants	3.91GB
2023-02-09T03:12:21.187+0000	beacon2.Variants	3.94GB
2023-02-09T03:12:24.188+0000	beacon2.Variants	3.98GB
2023-02-09T03:12:27.198+0000	beacon2.Variants	4.02GB
2023-02-09T03:12:30.193+0000	beacon2.Variants	4.05GB
2023-02-09T03:12:33.183+0000	beacon2.Variants	4.09GB
2023-02-09T03:12:36.185+0000	beacon2.Variants	4.13GB
2023-02-09T03:12:39.183+0000	beacon2.Variants	4.17GB
2023-02-09T03:12:42.184+0000	beacon2.Variants	4.20GB
2023-02-09T03:12:45.191+0000	beacon2.Variants	4.24GB
2023-02-09T03:12:48.188+0000	beacon2.Variants	4.28GB
2023-02-09T03:12:51.185+0000	beacon2.Variants	4.31GB
2023-02-09T03:12:54.183+0000	beacon2.Variants	4.35GB
2023-02-09T03:12:57.182+0000	beacon2.Variants	4.39GB
2023-02-09T03:13:00.181+0000	beacon2.Variants	4.42GB
2023-02-09T03:13:03.181+0000	beacon2.Variants	4.46GB
2023-02-09T03:13:06.187+0000	beacon2.Variants	4.50GB
2023-02-09T03:13:09.182+0000	beacon2.Variants	4.53GB
2023-02-09T03:13:12.191+0000	beacon2.Variants	4.57GB
2023-02-09T03:13:15.182+0000	beacon2.Variants	4.61GB
2023-02-09T03:13:18.181+0000	beacon2.Variants	4.64GB
2023-02-09T03:13:21.181+0000	beacon2.Variants	4.68GB
2023-02-09T03:13:24.186+0000	beacon2.Variants	4.72GB
2023-02-09T03:13:27.188+0000	beacon2.Variants	4.75GB
2023-02-09T03:13:30.192+0000	beacon2.Variants	4.79GB
2023-02-09T03:13:33.181+0000	beacon2.Variants	4.83GB
2023-02-09T03:13:36.181+0000	beacon2.Variants	4.86GB
2023-02-09T03:13:39.187+0000	beacon2.Variants	4.90GB
2023-02-09T03:13:42.185+0000	beacon2.Variants	4.93GB
2023-02-09T03:13:45.187+0000	beacon2.Variants	4.97GB
2023-02-09T03:13:48.184+0000	beacon2.Variants	5.01GB
2023-02-09T03:13:51.184+0000	beacon2.Variants	5.04GB
2023-02-09T03:13:54.181+0000	beacon2.Variants	5.08GB
2023-02-09T03:13:57.201+0000	beacon2.Variants	5.12GB
2023-02-09T03:14:00.182+0000	beacon2.Variants	5.16GB
2023-02-09T03:14:03.184+0000	beacon2.Variants	5.20GB
2023-02-09T03:14:06.184+0000	beacon2.Variants	5.23GB
2023-02-09T03:14:09.181+0000	beacon2.Variants	5.27GB
2023-02-09T03:14:12.185+0000	beacon2.Variants	5.31GB
2023-02-09T03:14:15.192+0000	beacon2.Variants	5.34GB
2023-02-09T03:14:18.188+0000	beacon2.Variants	5.38GB
2023-02-09T03:14:21.181+0000	beacon2.Variants	5.42GB
2023-02-09T03:14:24.185+0000	beacon2.Variants	5.45GB
2023-02-09T03:14:27.184+0000	beacon2.Variants	5.49GB
2023-02-09T03:14:30.181+0000	beacon2.Variants	5.53GB
2023-02-09T03:14:33.184+0000	beacon2.Variants	5.57GB
2023-02-09T03:14:36.189+0000	beacon2.Variants	5.60GB
2023-02-09T03:14:39.182+0000	beacon2.Variants	5.64GB
2023-02-09T03:14:42.182+0000	beacon2.Variants	5.68GB
2023-02-09T03:14:45.183+0000	beacon2.Variants	5.71GB
2023-02-09T03:14:48.182+0000	beacon2.Variants	5.75GB
2023-02-09T03:14:51.182+0000	beacon2.Variants	5.79GB
2023-02-09T03:14:54.191+0000	beacon2.Variants	5.82GB
2023-02-09T03:14:57.181+0000	beacon2.Variants	5.86GB
2023-02-09T03:15:00.192+0000	beacon2.Variants	5.90GB
2023-02-09T03:15:03.182+0000	beacon2.Variants	5.94GB
2023-02-09T03:15:06.200+0000	beacon2.Variants	5.97GB
2023-02-09T03:15:09.181+0000	beacon2.Variants	6.01GB
2023-02-09T03:15:12.182+0000	beacon2.Variants	6.05GB
2023-02-09T03:15:15.181+0000	beacon2.Variants	6.09GB
2023-02-09T03:15:18.182+0000	beacon2.Variants	6.12GB
2023-02-09T03:15:21.190+0000	beacon2.Variants	6.16GB
2023-02-09T03:15:24.184+0000	beacon2.Variants	6.20GB
2023-02-09T03:15:27.186+0000	beacon2.Variants	6.23GB
2023-02-09T03:15:30.192+0000	beacon2.Variants	6.27GB
2023-02-09T03:15:33.190+0000	beacon2.Variants	6.31GB
2023-02-09T03:15:36.181+0000	beacon2.Variants	6.34GB
2023-02-09T03:15:39.194+0000	beacon2.Variants	6.38GB
2023-02-09T03:15:42.181+0000	beacon2.Variants	6.42GB
2023-02-09T03:15:45.181+0000	beacon2.Variants	6.45GB
2023-02-09T03:15:48.183+0000	beacon2.Variants	6.49GB
2023-02-09T03:15:51.214+0000	beacon2.Variants	6.53GB
2023-02-09T03:15:54.181+0000	beacon2.Variants	6.57GB
2023-02-09T03:15:57.181+0000	beacon2.Variants	6.60GB
2023-02-09T03:16:00.182+0000	beacon2.Variants	6.64GB
2023-02-09T03:16:03.184+0000	beacon2.Variants	6.68GB
2023-02-09T03:16:06.181+0000	beacon2.Variants	6.71GB
2023-02-09T03:16:09.181+0000	beacon2.Variants	6.75GB
2023-02-09T03:16:12.189+0000	beacon2.Variants	6.79GB
2023-02-09T03:16:15.184+0000	beacon2.Variants	6.82GB
2023-02-09T03:16:18.188+0000	beacon2.Variants	6.86GB
2023-02-09T03:16:21.183+0000	beacon2.Variants	6.90GB
2023-02-09T03:16:24.182+0000	beacon2.Variants	6.94GB
2023-02-09T03:16:27.181+0000	beacon2.Variants	6.97GB
2023-02-09T03:16:30.181+0000	beacon2.Variants	7.01GB
2023-02-09T03:16:33.181+0000	beacon2.Variants	7.05GB
2023-02-09T03:16:36.185+0000	beacon2.Variants	7.08GB
2023-02-09T03:16:39.184+0000	beacon2.Variants	7.12GB
2023-02-09T03:16:42.181+0000	beacon2.Variants	7.16GB
2023-02-09T03:16:45.183+0000	beacon2.Variants	7.19GB
2023-02-09T03:16:48.188+0000	beacon2.Variants	7.23GB
2023-02-09T03:16:51.183+0000	beacon2.Variants	7.27GB
2023-02-09T03:16:54.184+0000	beacon2.Variants	7.30GB
2023-02-09T03:16:57.186+0000	beacon2.Variants	7.34GB
2023-02-09T03:17:00.186+0000	beacon2.Variants	7.38GB
2023-02-09T03:17:03.182+0000	beacon2.Variants	7.42GB
2023-02-09T03:17:06.182+0000	beacon2.Variants	7.45GB
2023-02-09T03:17:09.186+0000	beacon2.Variants	7.49GB
2023-02-09T03:17:12.181+0000	beacon2.Variants	7.53GB
2023-02-09T03:17:15.183+0000	beacon2.Variants	7.56GB
2023-02-09T03:17:18.184+0000	beacon2.Variants	7.60GB
2023-02-09T03:17:21.184+0000	beacon2.Variants	7.64GB
2023-02-09T03:17:24.182+0000	beacon2.Variants	7.67GB
2023-02-09T03:17:27.188+0000	beacon2.Variants	7.71GB
2023-02-09T03:17:30.182+0000	beacon2.Variants	7.75GB
2023-02-09T03:17:33.187+0000	beacon2.Variants	7.79GB
2023-02-09T03:17:36.186+0000	beacon2.Variants	7.82GB
2023-02-09T03:17:39.188+0000	beacon2.Variants	7.86GB
2023-02-09T03:17:42.182+0000	beacon2.Variants	7.89GB
2023-02-09T03:17:45.183+0000	beacon2.Variants	7.93GB
2023-02-09T03:17:48.182+0000	beacon2.Variants	7.97GB
2023-02-09T03:17:51.181+0000	beacon2.Variants	8.01GB
2023-02-09T03:17:54.181+0000	beacon2.Variants	8.04GB
2023-02-09T03:17:57.186+0000	beacon2.Variants	8.08GB
2023-02-09T03:18:00.187+0000	beacon2.Variants	8.11GB
2023-02-09T03:18:03.183+0000	beacon2.Variants	8.15GB
2023-02-09T03:18:06.181+0000	beacon2.Variants	8.19GB
2023-02-09T03:18:09.186+0000	beacon2.Variants	8.23GB
2023-02-09T03:18:12.183+0000	beacon2.Variants	8.26GB
2023-02-09T03:18:15.191+0000	beacon2.Variants	8.30GB
2023-02-09T03:18:18.187+0000	beacon2.Variants	8.34GB
2023-02-09T03:18:21.181+0000	beacon2.Variants	8.37GB
2023-02-09T03:18:24.181+0000	beacon2.Variants	8.41GB
2023-02-09T03:18:27.185+0000	beacon2.Variants	8.45GB
2023-02-09T03:18:30.186+0000	beacon2.Variants	8.48GB
2023-02-09T03:18:33.186+0000	beacon2.Variants	8.52GB
2023-02-09T03:18:36.183+0000	beacon2.Variants	8.56GB
2023-02-09T03:18:39.190+0000	beacon2.Variants	8.59GB
2023-02-09T03:18:42.191+0000	beacon2.Variants	8.63GB
2023-02-09T03:18:45.181+0000	beacon2.Variants	8.67GB
2023-02-09T03:18:48.183+0000	beacon2.Variants	8.70GB
2023-02-09T03:18:51.183+0000	beacon2.Variants	8.74GB
2023-02-09T03:18:54.181+0000	beacon2.Variants	8.78GB
2023-02-09T03:18:57.185+0000	beacon2.Variants	8.81GB
2023-02-09T03:19:00.181+0000	beacon2.Variants	8.85GB
2023-02-09T03:19:03.182+0000	beacon2.Variants	8.89GB
2023-02-09T03:19:06.185+0000	beacon2.Variants	8.93GB
2023-02-09T03:19:09.186+0000	beacon2.Variants	8.96GB
2023-02-09T03:19:12.184+0000	beacon2.Variants	9.00GB
2023-02-09T03:19:15.182+0000	beacon2.Variants	9.04GB
2023-02-09T03:19:18.185+0000	beacon2.Variants	9.07GB
2023-02-09T03:19:21.184+0000	beacon2.Variants	9.11GB
2023-02-09T03:19:24.184+0000	beacon2.Variants	9.15GB
2023-02-09T03:19:27.186+0000	beacon2.Variants	9.18GB
2023-02-09T03:19:30.187+0000	beacon2.Variants	9.22GB
2023-02-09T03:19:33.181+0000	beacon2.Variants	9.26GB
2023-02-09T03:19:36.192+0000	beacon2.Variants	9.30GB
2023-02-09T03:19:39.183+0000	beacon2.Variants	9.33GB
2023-02-09T03:19:42.207+0000	beacon2.Variants	9.37GB
2023-02-09T03:19:45.184+0000	beacon2.Variants	9.41GB
2023-02-09T03:19:48.187+0000	beacon2.Variants	9.44GB
2023-02-09T03:19:51.182+0000	beacon2.Variants	9.48GB
2023-02-09T03:19:54.182+0000	beacon2.Variants	9.52GB
2023-02-09T03:19:57.187+0000	beacon2.Variants	9.55GB
2023-02-09T03:20:00.192+0000	beacon2.Variants	9.59GB
2023-02-09T03:20:03.185+0000	beacon2.Variants	9.63GB
2023-02-09T03:20:06.184+0000	beacon2.Variants	9.66GB
2023-02-09T03:20:09.181+0000	beacon2.Variants	9.70GB
2023-02-09T03:20:12.181+0000	beacon2.Variants	9.74GB
2023-02-09T03:20:15.184+0000	beacon2.Variants	9.77GB
2023-02-09T03:20:18.185+0000	beacon2.Variants	9.81GB
2023-02-09T03:20:21.187+0000	beacon2.Variants	9.85GB
2023-02-09T03:20:24.182+0000	beacon2.Variants	9.88GB
2023-02-09T03:20:27.183+0000	beacon2.Variants	9.92GB
2023-02-09T03:20:30.193+0000	beacon2.Variants	9.96GB
2023-02-09T03:20:33.181+0000	beacon2.Variants	9.99GB
2023-02-09T03:20:36.184+0000	beacon2.Variants	10.0GB
2023-02-09T03:20:39.182+0000	beacon2.Variants	10.1GB
2023-02-09T03:20:42.188+0000	beacon2.Variants	10.1GB
2023-02-09T03:20:45.183+0000	beacon2.Variants	10.1GB
2023-02-09T03:20:48.182+0000	beacon2.Variants	10.2GB
2023-02-09T03:20:51.181+0000	beacon2.Variants	10.2GB
2023-02-09T03:20:54.183+0000	beacon2.Variants	10.2GB
2023-02-09T03:20:57.182+0000	beacon2.Variants	10.3GB
2023-02-09T03:21:00.182+0000	beacon2.Variants	10.3GB
2023-02-09T03:21:03.184+0000	beacon2.Variants	10.4GB
2023-02-09T03:21:06.186+0000	beacon2.Variants	10.4GB
2023-02-09T03:21:09.182+0000	beacon2.Variants	10.4GB
2023-02-09T03:21:12.196+0000	beacon2.Variants	10.5GB
2023-02-09T03:21:15.181+0000	beacon2.Variants	10.5GB
2023-02-09T03:21:18.183+0000	beacon2.Variants	10.5GB
2023-02-09T03:21:21.187+0000	beacon2.Variants	10.6GB
2023-02-09T03:21:24.186+0000	beacon2.Variants	10.6GB
2023-02-09T03:21:27.187+0000	beacon2.Variants	10.7GB
2023-02-09T03:21:30.181+0000	beacon2.Variants	10.7GB
2023-02-09T03:21:33.185+0000	beacon2.Variants	10.7GB
2023-02-09T03:21:36.181+0000	beacon2.Variants	10.8GB
2023-02-09T03:21:39.193+0000	beacon2.Variants	10.8GB
2023-02-09T03:21:42.182+0000	beacon2.Variants	10.8GB
2023-02-09T03:21:45.185+0000	beacon2.Variants	10.9GB
2023-02-09T03:21:48.182+0000	beacon2.Variants	10.9GB
2023-02-09T03:21:51.185+0000	beacon2.Variants	10.9GB
2023-02-09T03:21:54.182+0000	beacon2.Variants	11.0GB
2023-02-09T03:21:57.182+0000	beacon2.Variants	11.0GB
2023-02-09T03:22:00.181+0000	beacon2.Variants	11.1GB
2023-02-09T03:22:03.184+0000	beacon2.Variants	11.1GB
2023-02-09T03:22:06.185+0000	beacon2.Variants	11.1GB
2023-02-09T03:22:09.184+0000	beacon2.Variants	11.2GB
2023-02-09T03:22:12.181+0000	beacon2.Variants	11.2GB
2023-02-09T03:22:15.181+0000	beacon2.Variants	11.2GB
2023-02-09T03:22:18.182+0000	beacon2.Variants	11.3GB
2023-02-09T03:22:21.191+0000	beacon2.Variants	11.3GB
2023-02-09T03:22:24.183+0000	beacon2.Variants	11.3GB
2023-02-09T03:22:27.191+0000	beacon2.Variants	11.4GB
2023-02-09T03:22:30.186+0000	beacon2.Variants	11.4GB
2023-02-09T03:22:33.186+0000	beacon2.Variants	11.4GB
2023-02-09T03:22:36.183+0000	beacon2.Variants	11.5GB
2023-02-09T03:22:39.181+0000	beacon2.Variants	11.5GB
2023-02-09T03:22:42.193+0000	beacon2.Variants	11.6GB
2023-02-09T03:22:45.181+0000	beacon2.Variants	11.6GB
2023-02-09T03:22:48.183+0000	beacon2.Variants	11.6GB
2023-02-09T03:22:51.184+0000	beacon2.Variants	11.7GB
2023-02-09T03:22:54.184+0000	beacon2.Variants	11.7GB
2023-02-09T03:22:57.181+0000	beacon2.Variants	11.8GB
2023-02-09T03:23:00.190+0000	beacon2.Variants	11.8GB
2023-02-09T03:23:03.182+0000	beacon2.Variants	11.8GB
2023-02-09T03:23:06.181+0000	beacon2.Variants	11.8GB
2023-02-09T03:23:09.189+0000	beacon2.Variants	11.9GB
2023-02-09T03:23:12.190+0000	beacon2.Variants	11.9GB
2023-02-09T03:23:15.183+0000	beacon2.Variants	12.0GB
2023-02-09T03:23:18.185+0000	beacon2.Variants	12.0GB
2023-02-09T03:23:21.182+0000	beacon2.Variants	12.0GB
2023-02-09T03:23:24.182+0000	beacon2.Variants	12.1GB
2023-02-09T03:23:27.182+0000	beacon2.Variants	12.1GB
2023-02-09T03:23:30.183+0000	beacon2.Variants	12.2GB
2023-02-09T03:23:33.182+0000	beacon2.Variants	12.2GB
2023-02-09T03:23:36.189+0000	beacon2.Variants	12.2GB
2023-02-09T03:23:39.181+0000	beacon2.Variants	12.3GB
2023-02-09T03:23:42.183+0000	beacon2.Variants	12.3GB
2023-02-09T03:23:45.186+0000	beacon2.Variants	12.3GB
2023-02-09T03:23:48.182+0000	beacon2.Variants	12.4GB
2023-02-09T03:23:51.185+0000	beacon2.Variants	12.4GB
2023-02-09T03:23:54.181+0000	beacon2.Variants	12.4GB
2023-02-09T03:23:57.187+0000	beacon2.Variants	12.5GB
2023-02-09T03:24:00.184+0000	beacon2.Variants	12.5GB
2023-02-09T03:24:03.184+0000	beacon2.Variants	12.6GB
2023-02-09T03:24:06.182+0000	beacon2.Variants	12.6GB
2023-02-09T03:24:09.183+0000	beacon2.Variants	12.6GB
2023-02-09T03:24:12.185+0000	beacon2.Variants	12.7GB
2023-02-09T03:24:15.182+0000	beacon2.Variants	12.7GB
2023-02-09T03:24:18.181+0000	beacon2.Variants	12.7GB
2023-02-09T03:24:21.183+0000	beacon2.Variants	12.8GB
2023-02-09T03:24:24.186+0000	beacon2.Variants	12.8GB
2023-02-09T03:24:27.182+0000	beacon2.Variants	12.8GB
2023-02-09T03:24:30.181+0000	beacon2.Variants	12.9GB
2023-02-09T03:24:33.182+0000	beacon2.Variants	12.9GB
2023-02-09T03:24:36.183+0000	beacon2.Variants	13.0GB
2023-02-09T03:24:39.188+0000	beacon2.Variants	13.0GB
2023-02-09T03:24:42.181+0000	beacon2.Variants	13.0GB
2023-02-09T03:24:45.182+0000	beacon2.Variants	13.1GB
2023-02-09T03:24:48.190+0000	beacon2.Variants	13.1GB
2023-02-09T03:24:51.188+0000	beacon2.Variants	13.1GB
2023-02-09T03:24:54.186+0000	beacon2.Variants	13.2GB
2023-02-09T03:24:57.181+0000	beacon2.Variants	13.2GB
2023-02-09T03:25:00.191+0000	beacon2.Variants	13.2GB
2023-02-09T03:25:03.182+0000	beacon2.Variants	13.3GB
2023-02-09T03:25:06.181+0000	beacon2.Variants	13.3GB
2023-02-09T03:25:09.184+0000	beacon2.Variants	13.4GB
2023-02-09T03:25:12.182+0000	beacon2.Variants	13.4GB
2023-02-09T03:25:15.183+0000	beacon2.Variants	13.4GB
2023-02-09T03:25:18.193+0000	beacon2.Variants	13.5GB
2023-02-09T03:25:21.181+0000	beacon2.Variants	13.5GB
2023-02-09T03:25:24.181+0000	beacon2.Variants	13.6GB
2023-02-09T03:25:27.181+0000	beacon2.Variants	13.6GB
2023-02-09T03:25:30.184+0000	beacon2.Variants	13.6GB
2023-02-09T03:25:33.188+0000	beacon2.Variants	13.7GB
2023-02-09T03:25:36.187+0000	beacon2.Variants	13.7GB
2023-02-09T03:25:39.184+0000	beacon2.Variants	13.7GB
2023-02-09T03:25:42.181+0000	beacon2.Variants	13.8GB
2023-02-09T03:25:45.183+0000	beacon2.Variants	13.8GB
2023-02-09T03:25:48.188+0000	beacon2.Variants	13.8GB
2023-02-09T03:25:51.183+0000	beacon2.Variants	13.9GB
2023-02-09T03:25:54.181+0000	beacon2.Variants	13.9GB
2023-02-09T03:25:57.183+0000	beacon2.Variants	13.9GB
2023-02-09T03:26:00.181+0000	beacon2.Variants	14.0GB
2023-02-09T03:26:03.181+0000	beacon2.Variants	14.0GB
2023-02-09T03:26:06.181+0000	beacon2.Variants	14.1GB
2023-02-09T03:26:09.181+0000	beacon2.Variants	14.1GB
2023-02-09T03:26:12.182+0000	beacon2.Variants	14.1GB
2023-02-09T03:26:15.181+0000	beacon2.Variants	14.2GB
2023-02-09T03:26:18.182+0000	beacon2.Variants	14.2GB
2023-02-09T03:26:21.181+0000	beacon2.Variants	14.2GB
2023-02-09T03:26:24.182+0000	beacon2.Variants	14.3GB
2023-02-09T03:26:27.185+0000	beacon2.Variants	14.3GB
2023-02-09T03:26:30.190+0000	beacon2.Variants	14.4GB
2023-02-09T03:26:33.188+0000	beacon2.Variants	14.4GB
2023-02-09T03:26:36.183+0000	beacon2.Variants	14.4GB
2023-02-09T03:26:39.181+0000	beacon2.Variants	14.5GB
2023-02-09T03:26:42.183+0000	beacon2.Variants	14.5GB
2023-02-09T03:26:45.182+0000	beacon2.Variants	14.5GB
2023-02-09T03:26:48.183+0000	beacon2.Variants	14.6GB
2023-02-09T03:26:51.181+0000	beacon2.Variants	14.6GB
2023-02-09T03:26:54.181+0000	beacon2.Variants	14.7GB
2023-02-09T03:26:57.185+0000	beacon2.Variants	14.7GB
2023-02-09T03:27:00.185+0000	beacon2.Variants	14.7GB
2023-02-09T03:27:03.183+0000	beacon2.Variants	14.8GB
2023-02-09T03:27:06.186+0000	beacon2.Variants	14.8GB
2023-02-09T03:27:09.184+0000	beacon2.Variants	14.8GB
2023-02-09T03:27:12.186+0000	beacon2.Variants	14.9GB
2023-02-09T03:27:15.182+0000	beacon2.Variants	14.9GB
2023-02-09T03:27:18.187+0000	beacon2.Variants	14.9GB
2023-02-09T03:27:21.181+0000	beacon2.Variants	15.0GB
2023-02-09T03:27:24.184+0000	beacon2.Variants	15.0GB
2023-02-09T03:27:27.181+0000	beacon2.Variants	15.1GB
2023-02-09T03:27:30.181+0000	beacon2.Variants	15.1GB
2023-02-09T03:27:33.183+0000	beacon2.Variants	15.1GB
2023-02-09T03:27:36.182+0000	beacon2.Variants	15.2GB
2023-02-09T03:27:39.189+0000	beacon2.Variants	15.2GB
2023-02-09T03:27:42.189+0000	beacon2.Variants	15.2GB
2023-02-09T03:27:45.181+0000	beacon2.Variants	15.3GB
2023-02-09T03:27:48.181+0000	beacon2.Variants	15.3GB
2023-02-09T03:27:51.188+0000	beacon2.Variants	15.4GB
2023-02-09T03:27:54.184+0000	beacon2.Variants	15.4GB
2023-02-09T03:27:57.182+0000	beacon2.Variants	15.4GB
2023-02-09T03:28:00.183+0000	beacon2.Variants	15.5GB
2023-02-09T03:28:03.182+0000	beacon2.Variants	15.5GB
2023-02-09T03:28:06.183+0000	beacon2.Variants	15.5GB
2023-02-09T03:28:09.182+0000	beacon2.Variants	15.6GB
2023-02-09T03:28:12.181+0000	beacon2.Variants	15.6GB
2023-02-09T03:28:15.185+0000	beacon2.Variants	15.7GB
2023-02-09T03:28:18.184+0000	beacon2.Variants	15.7GB
2023-02-09T03:28:21.188+0000	beacon2.Variants	15.7GB
2023-02-09T03:28:24.181+0000	beacon2.Variants	15.8GB
2023-02-09T03:28:27.182+0000	beacon2.Variants	15.8GB
2023-02-09T03:28:30.185+0000	beacon2.Variants	15.8GB
2023-02-09T03:28:33.185+0000	beacon2.Variants	15.9GB
2023-02-09T03:28:36.181+0000	beacon2.Variants	15.9GB
2023-02-09T03:28:39.181+0000	beacon2.Variants	15.9GB
2023-02-09T03:28:42.181+0000	beacon2.Variants	16.0GB
2023-02-09T03:28:45.181+0000	beacon2.Variants	16.0GB
2023-02-09T03:28:48.189+0000	beacon2.Variants	16.1GB
2023-02-09T03:28:51.193+0000	beacon2.Variants	16.1GB
2023-02-09T03:28:54.181+0000	beacon2.Variants	16.1GB
2023-02-09T03:28:57.181+0000	beacon2.Variants	16.2GB
2023-02-09T03:29:00.183+0000	beacon2.Variants	16.2GB
2023-02-09T03:29:03.182+0000	beacon2.Variants	16.2GB
2023-02-09T03:29:06.185+0000	beacon2.Variants	16.3GB
2023-02-09T03:29:09.183+0000	beacon2.Variants	16.3GB
2023-02-09T03:29:12.183+0000	beacon2.Variants	16.4GB
2023-02-09T03:29:15.188+0000	beacon2.Variants	16.4GB
2023-02-09T03:29:18.181+0000	beacon2.Variants	16.4GB
2023-02-09T03:29:21.184+0000	beacon2.Variants	16.5GB
2023-02-09T03:29:24.184+0000	beacon2.Variants	16.5GB
2023-02-09T03:29:27.183+0000	beacon2.Variants	16.6GB
2023-02-09T03:29:30.182+0000	beacon2.Variants	16.6GB
2023-02-09T03:29:33.188+0000	beacon2.Variants	16.6GB
2023-02-09T03:29:36.187+0000	beacon2.Variants	16.7GB
2023-02-09T03:29:39.182+0000	beacon2.Variants	16.7GB
2023-02-09T03:29:42.189+0000	beacon2.Variants	16.7GB
2023-02-09T03:29:45.199+0000	beacon2.Variants	16.8GB
2023-02-09T03:29:48.181+0000	beacon2.Variants	16.8GB
2023-02-09T03:29:51.182+0000	beacon2.Variants	16.9GB
2023-02-09T03:29:54.183+0000	beacon2.Variants	16.9GB
2023-02-09T03:29:57.186+0000	beacon2.Variants	16.9GB
2023-02-09T03:30:00.183+0000	beacon2.Variants	17.0GB
2023-02-09T03:30:03.184+0000	beacon2.Variants	17.0GB
2023-02-09T03:30:06.182+0000	beacon2.Variants	17.0GB
2023-02-09T03:30:09.182+0000	beacon2.Variants	17.1GB
2023-02-09T03:30:12.181+0000	beacon2.Variants	17.1GB
2023-02-09T03:30:15.183+0000	beacon2.Variants	17.1GB
2023-02-09T03:30:18.181+0000	beacon2.Variants	17.2GB
2023-02-09T03:30:21.182+0000	beacon2.Variants	17.2GB
2023-02-09T03:30:24.184+0000	beacon2.Variants	17.3GB
2023-02-09T03:30:27.191+0000	beacon2.Variants	17.3GB
2023-02-09T03:30:30.183+0000	beacon2.Variants	17.3GB
2023-02-09T03:30:33.186+0000	beacon2.Variants	17.4GB
2023-02-09T03:30:36.182+0000	beacon2.Variants	17.4GB
2023-02-09T03:30:39.187+0000	beacon2.Variants	17.4GB
2023-02-09T03:30:42.187+0000	beacon2.Variants	17.5GB
2023-02-09T03:30:45.183+0000	beacon2.Variants	17.5GB
2023-02-09T03:30:48.182+0000	beacon2.Variants	17.6GB
2023-02-09T03:30:51.194+0000	beacon2.Variants	17.6GB
2023-02-09T03:30:54.191+0000	beacon2.Variants	17.6GB
2023-02-09T03:30:57.186+0000	beacon2.Variants	17.7GB
2023-02-09T03:31:00.183+0000	beacon2.Variants	17.7GB
2023-02-09T03:31:03.182+0000	beacon2.Variants	17.7GB
2023-02-09T03:31:06.185+0000	beacon2.Variants	17.8GB
2023-02-09T03:31:09.196+0000	beacon2.Variants	17.8GB
2023-02-09T03:31:12.182+0000	beacon2.Variants	17.9GB
2023-02-09T03:31:15.182+0000	beacon2.Variants	17.9GB
2023-02-09T03:31:18.183+0000	beacon2.Variants	17.9GB
2023-02-09T03:31:21.182+0000	beacon2.Variants	18.0GB
2023-02-09T03:31:24.182+0000	beacon2.Variants	18.0GB
2023-02-09T03:31:27.185+0000	beacon2.Variants	18.0GB
2023-02-09T03:31:30.181+0000	beacon2.Variants	18.1GB
2023-02-09T03:31:33.187+0000	beacon2.Variants	18.1GB
2023-02-09T03:31:36.189+0000	beacon2.Variants	18.1GB
2023-02-09T03:31:39.187+0000	beacon2.Variants	18.2GB
2023-02-09T03:31:42.185+0000	beacon2.Variants	18.2GB
2023-02-09T03:31:45.188+0000	beacon2.Variants	18.2GB
2023-02-09T03:31:48.186+0000	beacon2.Variants	18.3GB
2023-02-09T03:31:51.191+0000	beacon2.Variants	18.3GB
2023-02-09T03:31:54.182+0000	beacon2.Variants	18.4GB
2023-02-09T03:31:57.183+0000	beacon2.Variants	18.4GB
2023-02-09T03:32:00.182+0000	beacon2.Variants	18.4GB
2023-02-09T03:32:03.186+0000	beacon2.Variants	18.5GB
2023-02-09T03:32:06.189+0000	beacon2.Variants	18.5GB
2023-02-09T03:32:09.181+0000	beacon2.Variants	18.6GB
2023-02-09T03:32:12.184+0000	beacon2.Variants	18.6GB
2023-02-09T03:32:15.181+0000	beacon2.Variants	18.6GB
2023-02-09T03:32:18.181+0000	beacon2.Variants	18.7GB
2023-02-09T03:32:21.182+0000	beacon2.Variants	18.7GB
2023-02-09T03:32:24.184+0000	beacon2.Variants	18.7GB
2023-02-09T03:32:27.181+0000	beacon2.Variants	18.8GB
2023-02-09T03:32:30.183+0000	beacon2.Variants	18.8GB
2023-02-09T03:32:33.181+0000	beacon2.Variants	18.8GB
2023-02-09T03:32:36.181+0000	beacon2.Variants	18.9GB
2023-02-09T03:32:39.181+0000	beacon2.Variants	18.9GB
2023-02-09T03:32:42.187+0000	beacon2.Variants	18.9GB
2023-02-09T03:32:45.185+0000	beacon2.Variants	19.0GB
2023-02-09T03:32:48.181+0000	beacon2.Variants	19.0GB
2023-02-09T03:32:51.186+0000	beacon2.Variants	19.1GB
2023-02-09T03:32:54.181+0000	beacon2.Variants	19.1GB
2023-02-09T03:32:57.181+0000	beacon2.Variants	19.1GB
2023-02-09T03:33:00.182+0000	beacon2.Variants	19.2GB
2023-02-09T03:33:03.184+0000	beacon2.Variants	19.2GB
2023-02-09T03:33:06.181+0000	beacon2.Variants	19.2GB
2023-02-09T03:33:09.181+0000	beacon2.Variants	19.3GB
2023-02-09T03:33:12.183+0000	beacon2.Variants	19.3GB
2023-02-09T03:33:15.183+0000	beacon2.Variants	19.4GB
2023-02-09T03:33:18.192+0000	beacon2.Variants	19.4GB
2023-02-09T03:33:21.181+0000	beacon2.Variants	19.4GB
2023-02-09T03:33:24.183+0000	beacon2.Variants	19.5GB
2023-02-09T03:33:27.185+0000	beacon2.Variants	19.5GB
2023-02-09T03:33:30.181+0000	beacon2.Variants	19.5GB
2023-02-09T03:33:33.181+0000	beacon2.Variants	19.6GB
2023-02-09T03:33:36.182+0000	beacon2.Variants	19.6GB
2023-02-09T03:33:39.181+0000	beacon2.Variants	19.6GB
2023-02-09T03:33:42.187+0000	beacon2.Variants	19.7GB
2023-02-09T03:33:45.186+0000	beacon2.Variants	19.7GB
2023-02-09T03:33:48.182+0000	beacon2.Variants	19.8GB
2023-02-09T03:33:51.183+0000	beacon2.Variants	19.8GB
2023-02-09T03:33:54.187+0000	beacon2.Variants	19.8GB
2023-02-09T03:33:57.181+0000	beacon2.Variants	19.9GB
2023-02-09T03:34:00.182+0000	beacon2.Variants	19.9GB
2023-02-09T03:34:03.181+0000	beacon2.Variants	19.9GB
2023-02-09T03:34:06.181+0000	beacon2.Variants	20.0GB
2023-02-09T03:34:09.181+0000	beacon2.Variants	20.0GB
2023-02-09T03:34:12.183+0000	beacon2.Variants	20.1GB
2023-02-09T03:34:15.187+0000	beacon2.Variants	20.1GB
2023-02-09T03:34:18.184+0000	beacon2.Variants	20.1GB
2023-02-09T03:34:21.182+0000	beacon2.Variants	20.2GB
2023-02-09T03:34:24.182+0000	beacon2.Variants	20.2GB
2023-02-09T03:34:27.182+0000	beacon2.Variants	20.2GB
2023-02-09T03:34:30.181+0000	beacon2.Variants	20.3GB
2023-02-09T03:34:33.182+0000	beacon2.Variants	20.3GB
2023-02-09T03:34:36.184+0000	beacon2.Variants	20.4GB
2023-02-09T03:34:39.187+0000	beacon2.Variants	20.4GB
2023-02-09T03:34:42.190+0000	beacon2.Variants	20.4GB
2023-02-09T03:34:45.197+0000	beacon2.Variants	20.5GB
2023-02-09T03:34:48.187+0000	beacon2.Variants	20.5GB
2023-02-09T03:34:51.198+0000	beacon2.Variants	20.5GB
2023-02-09T03:34:54.185+0000	beacon2.Variants	20.6GB
2023-02-09T03:34:57.182+0000	beacon2.Variants	20.6GB
2023-02-09T03:35:00.182+0000	beacon2.Variants	20.6GB
2023-02-09T03:35:03.182+0000	beacon2.Variants	20.7GB
2023-02-09T03:35:06.183+0000	beacon2.Variants	20.7GB
2023-02-09T03:35:09.186+0000	beacon2.Variants	20.8GB
2023-02-09T03:35:12.183+0000	beacon2.Variants	20.8GB
2023-02-09T03:35:15.181+0000	beacon2.Variants	20.8GB
2023-02-09T03:35:18.181+0000	beacon2.Variants	20.9GB
2023-02-09T03:35:21.187+0000	beacon2.Variants	20.9GB
2023-02-09T03:35:24.182+0000	beacon2.Variants	20.9GB
2023-02-09T03:35:27.182+0000	beacon2.Variants	21.0GB
2023-02-09T03:35:30.183+0000	beacon2.Variants	21.0GB
2023-02-09T03:35:33.183+0000	beacon2.Variants	21.1GB
2023-02-09T03:35:36.181+0000	beacon2.Variants	21.1GB
2023-02-09T03:35:39.181+0000	beacon2.Variants	21.1GB
2023-02-09T03:35:42.191+0000	beacon2.Variants	21.2GB
2023-02-09T03:35:45.182+0000	beacon2.Variants	21.2GB
2023-02-09T03:35:48.181+0000	beacon2.Variants	21.2GB
2023-02-09T03:35:51.183+0000	beacon2.Variants	21.3GB
2023-02-09T03:35:54.183+0000	beacon2.Variants	21.3GB
2023-02-09T03:35:57.184+0000	beacon2.Variants	21.4GB
2023-02-09T03:36:00.191+0000	beacon2.Variants	21.4GB
2023-02-09T03:36:03.188+0000	beacon2.Variants	21.4GB
2023-02-09T03:36:06.184+0000	beacon2.Variants	21.5GB
2023-02-09T03:36:09.187+0000	beacon2.Variants	21.5GB
2023-02-09T03:36:12.182+0000	beacon2.Variants	21.5GB
2023-02-09T03:36:15.181+0000	beacon2.Variants	21.6GB
2023-02-09T03:36:18.182+0000	beacon2.Variants	21.6GB
2023-02-09T03:36:21.183+0000	beacon2.Variants	21.6GB
2023-02-09T03:36:24.189+0000	beacon2.Variants	21.7GB
2023-02-09T03:36:27.198+0000	beacon2.Variants	21.7GB
2023-02-09T03:36:30.192+0000	beacon2.Variants	21.8GB
2023-02-09T03:36:33.182+0000	beacon2.Variants	21.8GB
2023-02-09T03:36:36.182+0000	beacon2.Variants	21.8GB
2023-02-09T03:36:39.182+0000	beacon2.Variants	21.9GB
2023-02-09T03:36:42.181+0000	beacon2.Variants	21.9GB
2023-02-09T03:36:45.187+0000	beacon2.Variants	21.9GB
2023-02-09T03:36:48.183+0000	beacon2.Variants	22.0GB
2023-02-09T03:36:51.183+0000	beacon2.Variants	22.0GB
2023-02-09T03:36:54.186+0000	beacon2.Variants	22.1GB
2023-02-09T03:36:57.188+0000	beacon2.Variants	22.1GB
2023-02-09T03:37:00.181+0000	beacon2.Variants	22.1GB
2023-02-09T03:37:03.182+0000	beacon2.Variants	22.2GB
2023-02-09T03:37:06.182+0000	beacon2.Variants	22.2GB
2023-02-09T03:37:09.188+0000	beacon2.Variants	22.2GB
2023-02-09T03:37:12.193+0000	beacon2.Variants	22.3GB
2023-02-09T03:37:15.181+0000	beacon2.Variants	22.3GB
2023-02-09T03:37:18.182+0000	beacon2.Variants	22.4GB
2023-02-09T03:37:21.181+0000	beacon2.Variants	22.4GB
2023-02-09T03:37:24.188+0000	beacon2.Variants	22.4GB
2023-02-09T03:37:27.182+0000	beacon2.Variants	22.5GB
2023-02-09T03:37:30.182+0000	beacon2.Variants	22.5GB
2023-02-09T03:37:33.197+0000	beacon2.Variants	22.5GB
2023-02-09T03:37:36.186+0000	beacon2.Variants	22.6GB
2023-02-09T03:37:39.181+0000	beacon2.Variants	22.6GB
2023-02-09T03:37:42.185+0000	beacon2.Variants	22.6GB
2023-02-09T03:37:45.184+0000	beacon2.Variants	22.7GB
2023-02-09T03:37:48.185+0000	beacon2.Variants	22.7GB
2023-02-09T03:37:51.181+0000	beacon2.Variants	22.8GB
2023-02-09T03:37:54.183+0000	beacon2.Variants	22.8GB
2023-02-09T03:37:57.189+0000	beacon2.Variants	22.8GB
2023-02-09T03:38:00.183+0000	beacon2.Variants	22.9GB
2023-02-09T03:38:03.182+0000	beacon2.Variants	22.9GB
2023-02-09T03:38:06.186+0000	beacon2.Variants	22.9GB
2023-02-09T03:38:09.181+0000	beacon2.Variants	23.0GB
2023-02-09T03:38:12.182+0000	beacon2.Variants	23.0GB
2023-02-09T03:38:15.184+0000	beacon2.Variants	23.1GB
2023-02-09T03:38:18.187+0000	beacon2.Variants	23.1GB
2023-02-09T03:38:21.181+0000	beacon2.Variants	23.1GB
2023-02-09T03:38:24.192+0000	beacon2.Variants	23.2GB
2023-02-09T03:38:27.188+0000	beacon2.Variants	23.2GB
2023-02-09T03:38:30.182+0000	beacon2.Variants	23.2GB
2023-02-09T03:38:33.182+0000	beacon2.Variants	23.3GB
2023-02-09T03:38:36.198+0000	beacon2.Variants	23.3GB
2023-02-09T03:38:39.183+0000	beacon2.Variants	23.4GB
2023-02-09T03:38:42.184+0000	beacon2.Variants	23.4GB
2023-02-09T03:38:45.181+0000	beacon2.Variants	23.4GB
2023-02-09T03:38:48.181+0000	beacon2.Variants	23.5GB
2023-02-09T03:38:51.185+0000	beacon2.Variants	23.5GB
2023-02-09T03:38:54.182+0000	beacon2.Variants	23.5GB
2023-02-09T03:38:57.185+0000	beacon2.Variants	23.6GB
2023-02-09T03:39:00.183+0000	beacon2.Variants	23.6GB
2023-02-09T03:39:03.182+0000	beacon2.Variants	23.6GB
2023-02-09T03:39:06.183+0000	beacon2.Variants	23.7GB
2023-02-09T03:39:09.182+0000	beacon2.Variants	23.7GB
2023-02-09T03:39:12.182+0000	beacon2.Variants	23.8GB
2023-02-09T03:39:15.182+0000	beacon2.Variants	23.8GB
2023-02-09T03:39:18.181+0000	beacon2.Variants	23.8GB
2023-02-09T03:39:21.181+0000	beacon2.Variants	23.9GB
2023-02-09T03:39:24.188+0000	beacon2.Variants	23.9GB
2023-02-09T03:39:27.197+0000	beacon2.Variants	23.9GB
2023-02-09T03:39:30.184+0000	beacon2.Variants	24.0GB
2023-02-09T03:39:33.182+0000	beacon2.Variants	24.0GB
2023-02-09T03:39:36.182+0000	beacon2.Variants	24.1GB
2023-02-09T03:39:39.181+0000	beacon2.Variants	24.1GB
2023-02-09T03:39:42.187+0000	beacon2.Variants	24.1GB
2023-02-09T03:39:45.181+0000	beacon2.Variants	24.2GB
2023-02-09T03:39:48.184+0000	beacon2.Variants	24.2GB
2023-02-09T03:39:51.182+0000	beacon2.Variants	24.2GB
2023-02-09T03:39:54.182+0000	beacon2.Variants	24.3GB
2023-02-09T03:39:57.192+0000	beacon2.Variants	24.3GB
2023-02-09T03:40:00.181+0000	beacon2.Variants	24.3GB
2023-02-09T03:40:03.182+0000	beacon2.Variants	24.4GB
2023-02-09T03:40:06.183+0000	beacon2.Variants	24.4GB
2023-02-09T03:40:09.181+0000	beacon2.Variants	24.4GB
2023-02-09T03:40:12.186+0000	beacon2.Variants	24.5GB
2023-02-09T03:40:15.181+0000	beacon2.Variants	24.5GB
2023-02-09T03:40:18.184+0000	beacon2.Variants	24.6GB
2023-02-09T03:40:21.188+0000	beacon2.Variants	24.6GB
2023-02-09T03:40:24.197+0000	beacon2.Variants	24.6GB
2023-02-09T03:40:27.182+0000	beacon2.Variants	24.7GB
2023-02-09T03:40:30.192+0000	beacon2.Variants	24.7GB
2023-02-09T03:40:33.181+0000	beacon2.Variants	24.8GB
2023-02-09T03:40:36.183+0000	beacon2.Variants	24.8GB
2023-02-09T03:40:39.181+0000	beacon2.Variants	24.8GB
2023-02-09T03:40:42.185+0000	beacon2.Variants	24.9GB
2023-02-09T03:40:45.185+0000	beacon2.Variants	24.9GB
2023-02-09T03:40:48.181+0000	beacon2.Variants	24.9GB
2023-02-09T03:40:51.183+0000	beacon2.Variants	25.0GB
2023-02-09T03:40:54.185+0000	beacon2.Variants	25.0GB
2023-02-09T03:40:57.183+0000	beacon2.Variants	25.1GB
2023-02-09T03:41:00.182+0000	beacon2.Variants	25.1GB
2023-02-09T03:41:03.181+0000	beacon2.Variants	25.1GB
2023-02-09T03:41:06.182+0000	beacon2.Variants	25.2GB
2023-02-09T03:41:09.181+0000	beacon2.Variants	25.2GB
2023-02-09T03:41:12.181+0000	beacon2.Variants	25.2GB
2023-02-09T03:41:15.181+0000	beacon2.Variants	25.3GB
2023-02-09T03:41:18.186+0000	beacon2.Variants	25.3GB
2023-02-09T03:41:21.183+0000	beacon2.Variants	25.4GB
2023-02-09T03:41:24.183+0000	beacon2.Variants	25.4GB
2023-02-09T03:41:27.185+0000	beacon2.Variants	25.4GB
2023-02-09T03:41:30.181+0000	beacon2.Variants	25.5GB
2023-02-09T03:41:33.189+0000	beacon2.Variants	25.5GB
2023-02-09T03:41:36.196+0000	beacon2.Variants	25.5GB
2023-02-09T03:41:39.181+0000	beacon2.Variants	25.6GB
2023-02-09T03:41:42.181+0000	beacon2.Variants	25.6GB
2023-02-09T03:41:45.181+0000	beacon2.Variants	25.6GB
2023-02-09T03:41:48.181+0000	beacon2.Variants	25.7GB
2023-02-09T03:41:51.181+0000	beacon2.Variants	25.7GB
2023-02-09T03:41:54.182+0000	beacon2.Variants	25.8GB
2023-02-09T03:41:57.188+0000	beacon2.Variants	25.8GB
2023-02-09T03:42:00.183+0000	beacon2.Variants	25.8GB
2023-02-09T03:42:03.182+0000	beacon2.Variants	25.9GB
2023-02-09T03:42:06.194+0000	beacon2.Variants	25.9GB
2023-02-09T03:42:09.181+0000	beacon2.Variants	25.9GB
2023-02-09T03:42:12.181+0000	beacon2.Variants	26.0GB
2023-02-09T03:42:15.189+0000	beacon2.Variants	26.0GB
2023-02-09T03:42:18.184+0000	beacon2.Variants	26.1GB
2023-02-09T03:42:21.183+0000	beacon2.Variants	26.1GB
2023-02-09T03:42:24.184+0000	beacon2.Variants	26.1GB
2023-02-09T03:42:27.182+0000	beacon2.Variants	26.2GB
2023-02-09T03:42:30.187+0000	beacon2.Variants	26.2GB
2023-02-09T03:42:33.181+0000	beacon2.Variants	26.2GB
2023-02-09T03:42:36.182+0000	beacon2.Variants	26.3GB
2023-02-09T03:42:39.182+0000	beacon2.Variants	26.3GB
2023-02-09T03:42:42.184+0000	beacon2.Variants	26.4GB
2023-02-09T03:42:45.183+0000	beacon2.Variants	26.4GB
2023-02-09T03:42:48.184+0000	beacon2.Variants	26.4GB
2023-02-09T03:42:51.184+0000	beacon2.Variants	26.5GB
2023-02-09T03:42:54.181+0000	beacon2.Variants	26.5GB
2023-02-09T03:42:57.181+0000	beacon2.Variants	26.5GB
2023-02-09T03:43:00.181+0000	beacon2.Variants	26.6GB
2023-02-09T03:43:03.184+0000	beacon2.Variants	26.6GB
2023-02-09T03:43:06.187+0000	beacon2.Variants	26.6GB
2023-02-09T03:43:09.181+0000	beacon2.Variants	26.7GB
2023-02-09T03:43:12.190+0000	beacon2.Variants	26.7GB
2023-02-09T03:43:15.194+0000	beacon2.Variants	26.8GB
2023-02-09T03:43:18.182+0000	beacon2.Variants	26.8GB
2023-02-09T03:43:21.182+0000	beacon2.Variants	26.8GB
2023-02-09T03:43:24.181+0000	beacon2.Variants	26.9GB
2023-02-09T03:43:27.182+0000	beacon2.Variants	26.9GB
2023-02-09T03:43:30.182+0000	beacon2.Variants	26.9GB
2023-02-09T03:43:33.182+0000	beacon2.Variants	27.0GB
2023-02-09T03:43:36.181+0000	beacon2.Variants	27.0GB
2023-02-09T03:43:39.183+0000	beacon2.Variants	27.1GB
2023-02-09T03:43:42.182+0000	beacon2.Variants	27.1GB
2023-02-09T03:43:45.193+0000	beacon2.Variants	27.1GB
2023-02-09T03:43:48.182+0000	beacon2.Variants	27.2GB
2023-02-09T03:43:51.181+0000	beacon2.Variants	27.2GB
2023-02-09T03:43:54.181+0000	beacon2.Variants	27.2GB
2023-02-09T03:43:57.187+0000	beacon2.Variants	27.3GB
2023-02-09T03:44:00.184+0000	beacon2.Variants	27.3GB
2023-02-09T03:44:03.183+0000	beacon2.Variants	27.4GB
2023-02-09T03:44:06.189+0000	beacon2.Variants	27.4GB
2023-02-09T03:44:09.182+0000	beacon2.Variants	27.4GB
2023-02-09T03:44:12.182+0000	beacon2.Variants	27.5GB
2023-02-09T03:44:15.188+0000	beacon2.Variants	27.5GB
2023-02-09T03:44:18.181+0000	beacon2.Variants	27.5GB
2023-02-09T03:44:21.192+0000	beacon2.Variants	27.6GB
2023-02-09T03:44:24.181+0000	beacon2.Variants	27.6GB
2023-02-09T03:44:27.182+0000	beacon2.Variants	27.6GB
2023-02-09T03:44:30.181+0000	beacon2.Variants	27.7GB
2023-02-09T03:44:30.797+0000	beacon2.Variants	27.7GB
2023-02-09T03:44:30.797+0000	3497305 document(s) imported successfully. 0 document(s) failed to import.

real	37m24.643s
user	65m56.683s
sys	1m7.562s
