2023-02-09T01:36:00.723+0000	connected to: mongodb://[**REDACTED**]@localhost:27017/beacon2?authSource=admin
2023-02-09T01:36:03.726+0000	beacon2.Variants	38.8MB
2023-02-09T01:36:06.729+0000	beacon2.Variants	77.6MB
2023-02-09T01:36:09.723+0000	beacon2.Variants	118MB
2023-02-09T01:36:12.726+0000	beacon2.Variants	156MB
2023-02-09T01:36:15.729+0000	beacon2.Variants	193MB
2023-02-09T01:36:18.724+0000	beacon2.Variants	232MB
2023-02-09T01:36:21.725+0000	beacon2.Variants	271MB
2023-02-09T01:36:24.730+0000	beacon2.Variants	310MB
2023-02-09T01:36:27.729+0000	beacon2.Variants	349MB
2023-02-09T01:36:30.723+0000	beacon2.Variants	387MB
2023-02-09T01:36:33.725+0000	beacon2.Variants	426MB
2023-02-09T01:36:36.723+0000	beacon2.Variants	460MB
2023-02-09T01:36:39.725+0000	beacon2.Variants	500MB
2023-02-09T01:36:42.723+0000	beacon2.Variants	537MB
2023-02-09T01:36:45.723+0000	beacon2.Variants	577MB
2023-02-09T01:36:48.724+0000	beacon2.Variants	615MB
2023-02-09T01:36:51.728+0000	beacon2.Variants	653MB
2023-02-09T01:36:54.723+0000	beacon2.Variants	691MB
2023-02-09T01:36:57.727+0000	beacon2.Variants	727MB
2023-02-09T01:37:00.729+0000	beacon2.Variants	766MB
2023-02-09T01:37:03.724+0000	beacon2.Variants	802MB
2023-02-09T01:37:06.723+0000	beacon2.Variants	841MB
2023-02-09T01:37:09.723+0000	beacon2.Variants	871MB
2023-02-09T01:37:12.724+0000	beacon2.Variants	892MB
2023-02-09T01:37:15.727+0000	beacon2.Variants	917MB
2023-02-09T01:37:18.735+0000	beacon2.Variants	937MB
2023-02-09T01:37:21.731+0000	beacon2.Variants	958MB
2023-02-09T01:37:24.728+0000	beacon2.Variants	992MB
2023-02-09T01:37:27.730+0000	beacon2.Variants	1.01GB
2023-02-09T01:37:30.737+0000	beacon2.Variants	1.04GB
2023-02-09T01:37:33.725+0000	beacon2.Variants	1.08GB
2023-02-09T01:37:36.725+0000	beacon2.Variants	1.12GB
2023-02-09T01:37:39.727+0000	beacon2.Variants	1.16GB
2023-02-09T01:37:42.723+0000	beacon2.Variants	1.20GB
2023-02-09T01:37:45.724+0000	beacon2.Variants	1.23GB
2023-02-09T01:37:48.724+0000	beacon2.Variants	1.27GB
2023-02-09T01:37:51.734+0000	beacon2.Variants	1.31GB
2023-02-09T01:37:54.727+0000	beacon2.Variants	1.35GB
2023-02-09T01:37:57.728+0000	beacon2.Variants	1.39GB
2023-02-09T01:38:00.723+0000	beacon2.Variants	1.43GB
2023-02-09T01:38:03.728+0000	beacon2.Variants	1.46GB
2023-02-09T01:38:06.727+0000	beacon2.Variants	1.50GB
2023-02-09T01:38:09.729+0000	beacon2.Variants	1.54GB
2023-02-09T01:38:12.724+0000	beacon2.Variants	1.58GB
2023-02-09T01:38:15.723+0000	beacon2.Variants	1.62GB
2023-02-09T01:38:18.723+0000	beacon2.Variants	1.66GB
2023-02-09T01:38:21.725+0000	beacon2.Variants	1.69GB
2023-02-09T01:38:24.724+0000	beacon2.Variants	1.73GB
2023-02-09T01:38:27.731+0000	beacon2.Variants	1.77GB
2023-02-09T01:38:30.729+0000	beacon2.Variants	1.81GB
2023-02-09T01:38:33.723+0000	beacon2.Variants	1.84GB
2023-02-09T01:38:36.725+0000	beacon2.Variants	1.88GB
2023-02-09T01:38:39.723+0000	beacon2.Variants	1.92GB
2023-02-09T01:38:42.723+0000	beacon2.Variants	1.96GB
2023-02-09T01:38:45.725+0000	beacon2.Variants	2.00GB
2023-02-09T01:38:48.724+0000	beacon2.Variants	2.03GB
2023-02-09T01:38:51.723+0000	beacon2.Variants	2.07GB
2023-02-09T01:38:54.723+0000	beacon2.Variants	2.11GB
2023-02-09T01:38:57.724+0000	beacon2.Variants	2.15GB
2023-02-09T01:39:00.723+0000	beacon2.Variants	2.19GB
2023-02-09T01:39:03.725+0000	beacon2.Variants	2.22GB
2023-02-09T01:39:06.733+0000	beacon2.Variants	2.26GB
2023-02-09T01:39:09.733+0000	beacon2.Variants	2.30GB
2023-02-09T01:39:12.723+0000	beacon2.Variants	2.34GB
2023-02-09T01:39:15.729+0000	beacon2.Variants	2.37GB
2023-02-09T01:39:18.725+0000	beacon2.Variants	2.41GB
2023-02-09T01:39:21.723+0000	beacon2.Variants	2.45GB
2023-02-09T01:39:24.724+0000	beacon2.Variants	2.49GB
2023-02-09T01:39:27.731+0000	beacon2.Variants	2.53GB
2023-02-09T01:39:30.726+0000	beacon2.Variants	2.56GB
2023-02-09T01:39:33.729+0000	beacon2.Variants	2.60GB
2023-02-09T01:39:36.723+0000	beacon2.Variants	2.64GB
2023-02-09T01:39:39.723+0000	beacon2.Variants	2.68GB
2023-02-09T01:39:42.726+0000	beacon2.Variants	2.72GB
2023-02-09T01:39:45.723+0000	beacon2.Variants	2.75GB
2023-02-09T01:39:48.728+0000	beacon2.Variants	2.79GB
2023-02-09T01:39:51.726+0000	beacon2.Variants	2.83GB
2023-02-09T01:39:54.723+0000	beacon2.Variants	2.87GB
2023-02-09T01:39:57.726+0000	beacon2.Variants	2.91GB
2023-02-09T01:40:00.723+0000	beacon2.Variants	2.95GB
2023-02-09T01:40:03.726+0000	beacon2.Variants	2.98GB
2023-02-09T01:40:06.735+0000	beacon2.Variants	3.02GB
2023-02-09T01:40:09.723+0000	beacon2.Variants	3.06GB
2023-02-09T01:40:12.726+0000	beacon2.Variants	3.10GB
2023-02-09T01:40:15.724+0000	beacon2.Variants	3.14GB
2023-02-09T01:40:18.731+0000	beacon2.Variants	3.17GB
2023-02-09T01:40:21.724+0000	beacon2.Variants	3.21GB
2023-02-09T01:40:24.723+0000	beacon2.Variants	3.25GB
2023-02-09T01:40:27.724+0000	beacon2.Variants	3.29GB
2023-02-09T01:40:30.724+0000	beacon2.Variants	3.32GB
2023-02-09T01:40:33.729+0000	beacon2.Variants	3.36GB
2023-02-09T01:40:36.732+0000	beacon2.Variants	3.40GB
2023-02-09T01:40:39.726+0000	beacon2.Variants	3.44GB
2023-02-09T01:40:42.726+0000	beacon2.Variants	3.47GB
2023-02-09T01:40:45.725+0000	beacon2.Variants	3.51GB
2023-02-09T01:40:48.723+0000	beacon2.Variants	3.55GB
2023-02-09T01:40:51.723+0000	beacon2.Variants	3.59GB
2023-02-09T01:40:54.725+0000	beacon2.Variants	3.63GB
2023-02-09T01:40:57.734+0000	beacon2.Variants	3.66GB
2023-02-09T01:41:00.723+0000	beacon2.Variants	3.70GB
2023-02-09T01:41:03.723+0000	beacon2.Variants	3.74GB
2023-02-09T01:41:06.724+0000	beacon2.Variants	3.78GB
2023-02-09T01:41:09.725+0000	beacon2.Variants	3.82GB
2023-02-09T01:41:12.725+0000	beacon2.Variants	3.85GB
2023-02-09T01:41:15.726+0000	beacon2.Variants	3.89GB
2023-02-09T01:41:18.727+0000	beacon2.Variants	3.93GB
2023-02-09T01:41:21.723+0000	beacon2.Variants	3.97GB
2023-02-09T01:41:24.729+0000	beacon2.Variants	4.01GB
2023-02-09T01:41:27.723+0000	beacon2.Variants	4.04GB
2023-02-09T01:41:30.723+0000	beacon2.Variants	4.08GB
2023-02-09T01:41:33.724+0000	beacon2.Variants	4.12GB
2023-02-09T01:41:36.723+0000	beacon2.Variants	4.16GB
2023-02-09T01:41:39.724+0000	beacon2.Variants	4.19GB
2023-02-09T01:41:42.725+0000	beacon2.Variants	4.23GB
2023-02-09T01:41:45.724+0000	beacon2.Variants	4.27GB
2023-02-09T01:41:48.723+0000	beacon2.Variants	4.31GB
2023-02-09T01:41:51.723+0000	beacon2.Variants	4.35GB
2023-02-09T01:41:54.724+0000	beacon2.Variants	4.38GB
2023-02-09T01:41:57.730+0000	beacon2.Variants	4.42GB
2023-02-09T01:42:00.723+0000	beacon2.Variants	4.46GB
2023-02-09T01:42:03.728+0000	beacon2.Variants	4.50GB
2023-02-09T01:42:06.741+0000	beacon2.Variants	4.54GB
2023-02-09T01:42:09.723+0000	beacon2.Variants	4.57GB
2023-02-09T01:42:12.724+0000	beacon2.Variants	4.61GB
2023-02-09T01:42:15.724+0000	beacon2.Variants	4.65GB
2023-02-09T01:42:18.725+0000	beacon2.Variants	4.69GB
2023-02-09T01:42:21.737+0000	beacon2.Variants	4.72GB
2023-02-09T01:42:24.738+0000	beacon2.Variants	4.76GB
2023-02-09T01:42:27.734+0000	beacon2.Variants	4.80GB
2023-02-09T01:42:30.733+0000	beacon2.Variants	4.84GB
2023-02-09T01:42:33.734+0000	beacon2.Variants	4.88GB
2023-02-09T01:42:36.723+0000	beacon2.Variants	4.92GB
2023-02-09T01:42:39.739+0000	beacon2.Variants	4.96GB
2023-02-09T01:42:42.723+0000	beacon2.Variants	4.99GB
2023-02-09T01:42:45.723+0000	beacon2.Variants	5.03GB
2023-02-09T01:42:48.729+0000	beacon2.Variants	5.07GB
2023-02-09T01:42:51.738+0000	beacon2.Variants	5.10GB
2023-02-09T01:42:54.723+0000	beacon2.Variants	5.14GB
2023-02-09T01:42:57.732+0000	beacon2.Variants	5.18GB
2023-02-09T01:43:00.723+0000	beacon2.Variants	5.22GB
2023-02-09T01:43:03.728+0000	beacon2.Variants	5.26GB
2023-02-09T01:43:06.723+0000	beacon2.Variants	5.29GB
2023-02-09T01:43:09.728+0000	beacon2.Variants	5.33GB
2023-02-09T01:43:12.724+0000	beacon2.Variants	5.37GB
2023-02-09T01:43:15.723+0000	beacon2.Variants	5.41GB
2023-02-09T01:43:18.727+0000	beacon2.Variants	5.45GB
2023-02-09T01:43:21.723+0000	beacon2.Variants	5.48GB
2023-02-09T01:43:24.723+0000	beacon2.Variants	5.52GB
2023-02-09T01:43:27.727+0000	beacon2.Variants	5.56GB
2023-02-09T01:43:30.724+0000	beacon2.Variants	5.60GB
2023-02-09T01:43:33.729+0000	beacon2.Variants	5.64GB
2023-02-09T01:43:36.725+0000	beacon2.Variants	5.68GB
2023-02-09T01:43:39.723+0000	beacon2.Variants	5.71GB
2023-02-09T01:43:42.725+0000	beacon2.Variants	5.75GB
2023-02-09T01:43:45.723+0000	beacon2.Variants	5.79GB
2023-02-09T01:43:48.723+0000	beacon2.Variants	5.83GB
2023-02-09T01:43:51.724+0000	beacon2.Variants	5.87GB
2023-02-09T01:43:54.725+0000	beacon2.Variants	5.90GB
2023-02-09T01:43:57.729+0000	beacon2.Variants	5.94GB
2023-02-09T01:44:00.734+0000	beacon2.Variants	5.98GB
2023-02-09T01:44:03.723+0000	beacon2.Variants	6.02GB
2023-02-09T01:44:06.729+0000	beacon2.Variants	6.06GB
2023-02-09T01:44:09.732+0000	beacon2.Variants	6.09GB
2023-02-09T01:44:12.739+0000	beacon2.Variants	6.13GB
2023-02-09T01:44:15.723+0000	beacon2.Variants	6.17GB
2023-02-09T01:44:18.732+0000	beacon2.Variants	6.21GB
2023-02-09T01:44:21.727+0000	beacon2.Variants	6.24GB
2023-02-09T01:44:24.730+0000	beacon2.Variants	6.28GB
2023-02-09T01:44:27.723+0000	beacon2.Variants	6.32GB
2023-02-09T01:44:30.724+0000	beacon2.Variants	6.36GB
2023-02-09T01:44:33.723+0000	beacon2.Variants	6.40GB
2023-02-09T01:44:36.730+0000	beacon2.Variants	6.44GB
2023-02-09T01:44:39.725+0000	beacon2.Variants	6.47GB
2023-02-09T01:44:42.734+0000	beacon2.Variants	6.51GB
2023-02-09T01:44:45.726+0000	beacon2.Variants	6.55GB
2023-02-09T01:44:48.724+0000	beacon2.Variants	6.59GB
2023-02-09T01:44:51.723+0000	beacon2.Variants	6.62GB
2023-02-09T01:44:54.729+0000	beacon2.Variants	6.66GB
2023-02-09T01:44:57.729+0000	beacon2.Variants	6.70GB
2023-02-09T01:45:00.723+0000	beacon2.Variants	6.74GB
2023-02-09T01:45:03.723+0000	beacon2.Variants	6.78GB
2023-02-09T01:45:06.724+0000	beacon2.Variants	6.81GB
2023-02-09T01:45:09.726+0000	beacon2.Variants	6.85GB
2023-02-09T01:45:12.724+0000	beacon2.Variants	6.89GB
2023-02-09T01:45:15.726+0000	beacon2.Variants	6.93GB
2023-02-09T01:45:18.726+0000	beacon2.Variants	6.97GB
2023-02-09T01:45:21.724+0000	beacon2.Variants	7.00GB
2023-02-09T01:45:24.756+0000	beacon2.Variants	7.04GB
2023-02-09T01:45:27.725+0000	beacon2.Variants	7.08GB
2023-02-09T01:45:30.730+0000	beacon2.Variants	7.12GB
2023-02-09T01:45:33.735+0000	beacon2.Variants	7.16GB
2023-02-09T01:45:36.723+0000	beacon2.Variants	7.20GB
2023-02-09T01:45:39.727+0000	beacon2.Variants	7.23GB
2023-02-09T01:45:42.725+0000	beacon2.Variants	7.27GB
2023-02-09T01:45:45.756+0000	beacon2.Variants	7.31GB
2023-02-09T01:45:48.723+0000	beacon2.Variants	7.35GB
2023-02-09T01:45:51.723+0000	beacon2.Variants	7.39GB
2023-02-09T01:45:54.727+0000	beacon2.Variants	7.43GB
2023-02-09T01:45:57.723+0000	beacon2.Variants	7.46GB
2023-02-09T01:46:00.729+0000	beacon2.Variants	7.50GB
2023-02-09T01:46:03.723+0000	beacon2.Variants	7.54GB
2023-02-09T01:46:06.723+0000	beacon2.Variants	7.58GB
2023-02-09T01:46:09.727+0000	beacon2.Variants	7.61GB
2023-02-09T01:46:12.726+0000	beacon2.Variants	7.65GB
2023-02-09T01:46:15.731+0000	beacon2.Variants	7.69GB
2023-02-09T01:46:18.737+0000	beacon2.Variants	7.73GB
2023-02-09T01:46:21.725+0000	beacon2.Variants	7.76GB
2023-02-09T01:46:24.724+0000	beacon2.Variants	7.80GB
2023-02-09T01:46:27.740+0000	beacon2.Variants	7.84GB
2023-02-09T01:46:30.727+0000	beacon2.Variants	7.88GB
2023-02-09T01:46:33.740+0000	beacon2.Variants	7.92GB
2023-02-09T01:46:36.729+0000	beacon2.Variants	7.95GB
2023-02-09T01:46:39.727+0000	beacon2.Variants	7.99GB
2023-02-09T01:46:42.723+0000	beacon2.Variants	8.03GB
2023-02-09T01:46:45.738+0000	beacon2.Variants	8.07GB
2023-02-09T01:46:48.723+0000	beacon2.Variants	8.11GB
2023-02-09T01:46:51.727+0000	beacon2.Variants	8.15GB
2023-02-09T01:46:54.723+0000	beacon2.Variants	8.18GB
2023-02-09T01:46:57.724+0000	beacon2.Variants	8.22GB
2023-02-09T01:47:00.724+0000	beacon2.Variants	8.26GB
2023-02-09T01:47:03.729+0000	beacon2.Variants	8.30GB
2023-02-09T01:47:06.723+0000	beacon2.Variants	8.34GB
2023-02-09T01:47:09.723+0000	beacon2.Variants	8.37GB
2023-02-09T01:47:12.723+0000	beacon2.Variants	8.41GB
2023-02-09T01:47:15.723+0000	beacon2.Variants	8.45GB
2023-02-09T01:47:18.727+0000	beacon2.Variants	8.49GB
2023-02-09T01:47:21.730+0000	beacon2.Variants	8.52GB
2023-02-09T01:47:24.726+0000	beacon2.Variants	8.56GB
2023-02-09T01:47:27.723+0000	beacon2.Variants	8.60GB
2023-02-09T01:47:30.724+0000	beacon2.Variants	8.64GB
2023-02-09T01:47:33.725+0000	beacon2.Variants	8.68GB
2023-02-09T01:47:36.727+0000	beacon2.Variants	8.71GB
2023-02-09T01:47:39.723+0000	beacon2.Variants	8.75GB
2023-02-09T01:47:42.723+0000	beacon2.Variants	8.79GB
2023-02-09T01:47:45.730+0000	beacon2.Variants	8.83GB
2023-02-09T01:47:48.729+0000	beacon2.Variants	8.86GB
2023-02-09T01:47:51.724+0000	beacon2.Variants	8.90GB
2023-02-09T01:47:54.724+0000	beacon2.Variants	8.94GB
2023-02-09T01:47:57.731+0000	beacon2.Variants	8.98GB
2023-02-09T01:48:00.724+0000	beacon2.Variants	9.01GB
2023-02-09T01:48:03.739+0000	beacon2.Variants	9.05GB
2023-02-09T01:48:06.723+0000	beacon2.Variants	9.09GB
2023-02-09T01:48:09.728+0000	beacon2.Variants	9.13GB
2023-02-09T01:48:12.733+0000	beacon2.Variants	9.16GB
2023-02-09T01:48:15.723+0000	beacon2.Variants	9.20GB
2023-02-09T01:48:18.725+0000	beacon2.Variants	9.24GB
2023-02-09T01:48:21.723+0000	beacon2.Variants	9.28GB
2023-02-09T01:48:24.727+0000	beacon2.Variants	9.31GB
2023-02-09T01:48:27.729+0000	beacon2.Variants	9.35GB
2023-02-09T01:48:30.723+0000	beacon2.Variants	9.39GB
2023-02-09T01:48:33.724+0000	beacon2.Variants	9.43GB
2023-02-09T01:48:36.723+0000	beacon2.Variants	9.47GB
2023-02-09T01:48:39.723+0000	beacon2.Variants	9.50GB
2023-02-09T01:48:42.724+0000	beacon2.Variants	9.54GB
2023-02-09T01:48:45.726+0000	beacon2.Variants	9.58GB
2023-02-09T01:48:48.723+0000	beacon2.Variants	9.62GB
2023-02-09T01:48:51.726+0000	beacon2.Variants	9.66GB
2023-02-09T01:48:54.728+0000	beacon2.Variants	9.70GB
2023-02-09T01:48:57.727+0000	beacon2.Variants	9.73GB
2023-02-09T01:49:00.724+0000	beacon2.Variants	9.77GB
2023-02-09T01:49:03.725+0000	beacon2.Variants	9.81GB
2023-02-09T01:49:06.723+0000	beacon2.Variants	9.85GB
2023-02-09T01:49:09.723+0000	beacon2.Variants	9.89GB
2023-02-09T01:49:12.736+0000	beacon2.Variants	9.93GB
2023-02-09T01:49:15.725+0000	beacon2.Variants	9.96GB
2023-02-09T01:49:18.724+0000	beacon2.Variants	10.0GB
2023-02-09T01:49:21.729+0000	beacon2.Variants	10.0GB
2023-02-09T01:49:24.724+0000	beacon2.Variants	10.1GB
2023-02-09T01:49:27.744+0000	beacon2.Variants	10.1GB
2023-02-09T01:49:30.725+0000	beacon2.Variants	10.2GB
2023-02-09T01:49:33.724+0000	beacon2.Variants	10.2GB
2023-02-09T01:49:36.725+0000	beacon2.Variants	10.2GB
2023-02-09T01:49:39.726+0000	beacon2.Variants	10.3GB
2023-02-09T01:49:42.723+0000	beacon2.Variants	10.3GB
2023-02-09T01:49:45.736+0000	beacon2.Variants	10.3GB
2023-02-09T01:49:48.730+0000	beacon2.Variants	10.4GB
2023-02-09T01:49:51.724+0000	beacon2.Variants	10.4GB
2023-02-09T01:49:54.724+0000	beacon2.Variants	10.5GB
2023-02-09T01:49:57.729+0000	beacon2.Variants	10.5GB
2023-02-09T01:50:00.732+0000	beacon2.Variants	10.5GB
2023-02-09T01:50:03.728+0000	beacon2.Variants	10.6GB
2023-02-09T01:50:06.723+0000	beacon2.Variants	10.6GB
2023-02-09T01:50:09.723+0000	beacon2.Variants	10.6GB
2023-02-09T01:50:12.724+0000	beacon2.Variants	10.7GB
2023-02-09T01:50:15.727+0000	beacon2.Variants	10.7GB
2023-02-09T01:50:18.724+0000	beacon2.Variants	10.8GB
2023-02-09T01:50:21.723+0000	beacon2.Variants	10.8GB
2023-02-09T01:50:24.736+0000	beacon2.Variants	10.8GB
2023-02-09T01:50:27.725+0000	beacon2.Variants	10.9GB
2023-02-09T01:50:30.727+0000	beacon2.Variants	10.9GB
2023-02-09T01:50:33.725+0000	beacon2.Variants	10.9GB
2023-02-09T01:50:36.729+0000	beacon2.Variants	11.0GB
2023-02-09T01:50:39.724+0000	beacon2.Variants	11.0GB
2023-02-09T01:50:42.723+0000	beacon2.Variants	11.1GB
2023-02-09T01:50:45.725+0000	beacon2.Variants	11.1GB
2023-02-09T01:50:48.723+0000	beacon2.Variants	11.1GB
2023-02-09T01:50:51.724+0000	beacon2.Variants	11.2GB
2023-02-09T01:50:54.723+0000	beacon2.Variants	11.2GB
2023-02-09T01:50:57.723+0000	beacon2.Variants	11.2GB
2023-02-09T01:51:00.727+0000	beacon2.Variants	11.3GB
2023-02-09T01:51:03.724+0000	beacon2.Variants	11.3GB
2023-02-09T01:51:06.725+0000	beacon2.Variants	11.4GB
2023-02-09T01:51:09.723+0000	beacon2.Variants	11.4GB
2023-02-09T01:51:12.725+0000	beacon2.Variants	11.4GB
2023-02-09T01:51:15.723+0000	beacon2.Variants	11.5GB
2023-02-09T01:51:18.737+0000	beacon2.Variants	11.5GB
2023-02-09T01:51:21.725+0000	beacon2.Variants	11.6GB
2023-02-09T01:51:24.723+0000	beacon2.Variants	11.6GB
2023-02-09T01:51:27.723+0000	beacon2.Variants	11.6GB
2023-02-09T01:51:30.723+0000	beacon2.Variants	11.7GB
2023-02-09T01:51:33.726+0000	beacon2.Variants	11.7GB
2023-02-09T01:51:36.724+0000	beacon2.Variants	11.7GB
2023-02-09T01:51:39.723+0000	beacon2.Variants	11.8GB
2023-02-09T01:51:42.723+0000	beacon2.Variants	11.8GB
2023-02-09T01:51:45.726+0000	beacon2.Variants	11.8GB
2023-02-09T01:51:48.724+0000	beacon2.Variants	11.9GB
2023-02-09T01:51:51.726+0000	beacon2.Variants	11.9GB
2023-02-09T01:51:54.725+0000	beacon2.Variants	12.0GB
2023-02-09T01:51:57.724+0000	beacon2.Variants	12.0GB
2023-02-09T01:52:00.723+0000	beacon2.Variants	12.0GB
2023-02-09T01:52:03.729+0000	beacon2.Variants	12.1GB
2023-02-09T01:52:06.723+0000	beacon2.Variants	12.1GB
2023-02-09T01:52:09.725+0000	beacon2.Variants	12.2GB
2023-02-09T01:52:12.726+0000	beacon2.Variants	12.2GB
2023-02-09T01:52:15.723+0000	beacon2.Variants	12.2GB
2023-02-09T01:52:18.733+0000	beacon2.Variants	12.3GB
2023-02-09T01:52:21.723+0000	beacon2.Variants	12.3GB
2023-02-09T01:52:24.728+0000	beacon2.Variants	12.3GB
2023-02-09T01:52:27.723+0000	beacon2.Variants	12.4GB
2023-02-09T01:52:30.723+0000	beacon2.Variants	12.4GB
2023-02-09T01:52:33.729+0000	beacon2.Variants	12.5GB
2023-02-09T01:52:36.727+0000	beacon2.Variants	12.5GB
2023-02-09T01:52:39.724+0000	beacon2.Variants	12.5GB
2023-02-09T01:52:42.735+0000	beacon2.Variants	12.6GB
2023-02-09T01:52:45.731+0000	beacon2.Variants	12.6GB
2023-02-09T01:52:48.725+0000	beacon2.Variants	12.7GB
2023-02-09T01:52:51.728+0000	beacon2.Variants	12.7GB
2023-02-09T01:52:54.733+0000	beacon2.Variants	12.7GB
2023-02-09T01:52:57.724+0000	beacon2.Variants	12.8GB
2023-02-09T01:53:00.729+0000	beacon2.Variants	12.8GB
2023-02-09T01:53:03.723+0000	beacon2.Variants	12.8GB
2023-02-09T01:53:06.738+0000	beacon2.Variants	12.9GB
2023-02-09T01:53:09.727+0000	beacon2.Variants	12.9GB
2023-02-09T01:53:12.727+0000	beacon2.Variants	12.9GB
2023-02-09T01:53:15.730+0000	beacon2.Variants	13.0GB
2023-02-09T01:53:18.727+0000	beacon2.Variants	13.0GB
2023-02-09T01:53:21.723+0000	beacon2.Variants	13.1GB
2023-02-09T01:53:24.724+0000	beacon2.Variants	13.1GB
2023-02-09T01:53:27.730+0000	beacon2.Variants	13.1GB
2023-02-09T01:53:30.724+0000	beacon2.Variants	13.2GB
2023-02-09T01:53:33.726+0000	beacon2.Variants	13.2GB
2023-02-09T01:53:36.729+0000	beacon2.Variants	13.3GB
2023-02-09T01:53:39.724+0000	beacon2.Variants	13.3GB
2023-02-09T01:53:42.725+0000	beacon2.Variants	13.3GB
2023-02-09T01:53:45.725+0000	beacon2.Variants	13.4GB
2023-02-09T01:53:48.730+0000	beacon2.Variants	13.4GB
2023-02-09T01:53:51.724+0000	beacon2.Variants	13.4GB
2023-02-09T01:53:54.723+0000	beacon2.Variants	13.5GB
2023-02-09T01:53:57.723+0000	beacon2.Variants	13.5GB
2023-02-09T01:54:00.731+0000	beacon2.Variants	13.6GB
2023-02-09T01:54:03.728+0000	beacon2.Variants	13.6GB
2023-02-09T01:54:06.727+0000	beacon2.Variants	13.6GB
2023-02-09T01:54:09.723+0000	beacon2.Variants	13.7GB
2023-02-09T01:54:12.726+0000	beacon2.Variants	13.7GB
2023-02-09T01:54:15.723+0000	beacon2.Variants	13.8GB
2023-02-09T01:54:18.723+0000	beacon2.Variants	13.8GB
2023-02-09T01:54:21.723+0000	beacon2.Variants	13.8GB
2023-02-09T01:54:24.723+0000	beacon2.Variants	13.9GB
2023-02-09T01:54:27.726+0000	beacon2.Variants	13.9GB
2023-02-09T01:54:30.726+0000	beacon2.Variants	13.9GB
2023-02-09T01:54:33.728+0000	beacon2.Variants	14.0GB
2023-02-09T01:54:36.729+0000	beacon2.Variants	14.0GB
2023-02-09T01:54:39.723+0000	beacon2.Variants	14.1GB
2023-02-09T01:54:42.729+0000	beacon2.Variants	14.1GB
2023-02-09T01:54:45.726+0000	beacon2.Variants	14.1GB
2023-02-09T01:54:48.723+0000	beacon2.Variants	14.2GB
2023-02-09T01:54:51.737+0000	beacon2.Variants	14.2GB
2023-02-09T01:54:54.729+0000	beacon2.Variants	14.2GB
2023-02-09T01:54:57.733+0000	beacon2.Variants	14.3GB
2023-02-09T01:55:00.726+0000	beacon2.Variants	14.3GB
2023-02-09T01:55:03.723+0000	beacon2.Variants	14.3GB
2023-02-09T01:55:06.726+0000	beacon2.Variants	14.4GB
2023-02-09T01:55:09.723+0000	beacon2.Variants	14.4GB
2023-02-09T01:55:12.725+0000	beacon2.Variants	14.5GB
2023-02-09T01:55:15.725+0000	beacon2.Variants	14.5GB
2023-02-09T01:55:18.727+0000	beacon2.Variants	14.6GB
2023-02-09T01:55:21.724+0000	beacon2.Variants	14.6GB
2023-02-09T01:55:24.723+0000	beacon2.Variants	14.6GB
2023-02-09T01:55:27.726+0000	beacon2.Variants	14.7GB
2023-02-09T01:55:30.728+0000	beacon2.Variants	14.7GB
2023-02-09T01:55:33.724+0000	beacon2.Variants	14.7GB
2023-02-09T01:55:36.733+0000	beacon2.Variants	14.8GB
2023-02-09T01:55:39.730+0000	beacon2.Variants	14.8GB
2023-02-09T01:55:42.729+0000	beacon2.Variants	14.8GB
2023-02-09T01:55:45.724+0000	beacon2.Variants	14.9GB
2023-02-09T01:55:48.723+0000	beacon2.Variants	14.9GB
2023-02-09T01:55:51.723+0000	beacon2.Variants	15.0GB
2023-02-09T01:55:54.724+0000	beacon2.Variants	15.0GB
2023-02-09T01:55:57.728+0000	beacon2.Variants	15.0GB
2023-02-09T01:56:00.728+0000	beacon2.Variants	15.1GB
2023-02-09T01:56:03.723+0000	beacon2.Variants	15.1GB
2023-02-09T01:56:06.725+0000	beacon2.Variants	15.1GB
2023-02-09T01:56:09.723+0000	beacon2.Variants	15.2GB
2023-02-09T01:56:12.723+0000	beacon2.Variants	15.2GB
2023-02-09T01:56:15.727+0000	beacon2.Variants	15.2GB
2023-02-09T01:56:18.723+0000	beacon2.Variants	15.3GB
2023-02-09T01:56:21.730+0000	beacon2.Variants	15.3GB
2023-02-09T01:56:24.730+0000	beacon2.Variants	15.4GB
2023-02-09T01:56:27.723+0000	beacon2.Variants	15.4GB
2023-02-09T01:56:30.723+0000	beacon2.Variants	15.4GB
2023-02-09T01:56:33.723+0000	beacon2.Variants	15.5GB
2023-02-09T01:56:36.726+0000	beacon2.Variants	15.5GB
2023-02-09T01:56:39.728+0000	beacon2.Variants	15.6GB
2023-02-09T01:56:42.726+0000	beacon2.Variants	15.6GB
2023-02-09T01:56:45.723+0000	beacon2.Variants	15.6GB
2023-02-09T01:56:48.724+0000	beacon2.Variants	15.7GB
2023-02-09T01:56:51.723+0000	beacon2.Variants	15.7GB
2023-02-09T01:56:54.730+0000	beacon2.Variants	15.7GB
2023-02-09T01:56:57.725+0000	beacon2.Variants	15.8GB
2023-02-09T01:57:00.725+0000	beacon2.Variants	15.8GB
2023-02-09T01:57:03.738+0000	beacon2.Variants	15.9GB
2023-02-09T01:57:06.734+0000	beacon2.Variants	15.9GB
2023-02-09T01:57:09.732+0000	beacon2.Variants	15.9GB
2023-02-09T01:57:12.723+0000	beacon2.Variants	16.0GB
2023-02-09T01:57:15.735+0000	beacon2.Variants	16.0GB
2023-02-09T01:57:18.734+0000	beacon2.Variants	16.1GB
2023-02-09T01:57:21.732+0000	beacon2.Variants	16.1GB
2023-02-09T01:57:24.725+0000	beacon2.Variants	16.1GB
2023-02-09T01:57:27.727+0000	beacon2.Variants	16.2GB
2023-02-09T01:57:30.723+0000	beacon2.Variants	16.2GB
2023-02-09T01:57:33.724+0000	beacon2.Variants	16.2GB
2023-02-09T01:57:36.734+0000	beacon2.Variants	16.3GB
2023-02-09T01:57:39.734+0000	beacon2.Variants	16.3GB
2023-02-09T01:57:42.731+0000	beacon2.Variants	16.4GB
2023-02-09T01:57:45.724+0000	beacon2.Variants	16.4GB
2023-02-09T01:57:48.723+0000	beacon2.Variants	16.4GB
2023-02-09T01:57:51.723+0000	beacon2.Variants	16.5GB
2023-02-09T01:57:54.726+0000	beacon2.Variants	16.5GB
2023-02-09T01:57:57.724+0000	beacon2.Variants	16.5GB
2023-02-09T01:58:00.724+0000	beacon2.Variants	16.6GB
2023-02-09T01:58:03.723+0000	beacon2.Variants	16.6GB
2023-02-09T01:58:06.732+0000	beacon2.Variants	16.7GB
2023-02-09T01:58:09.734+0000	beacon2.Variants	16.7GB
2023-02-09T01:58:12.723+0000	beacon2.Variants	16.7GB
2023-02-09T01:58:15.723+0000	beacon2.Variants	16.8GB
2023-02-09T01:58:18.731+0000	beacon2.Variants	16.8GB
2023-02-09T01:58:21.728+0000	beacon2.Variants	16.9GB
2023-02-09T01:58:24.729+0000	beacon2.Variants	16.9GB
2023-02-09T01:58:27.725+0000	beacon2.Variants	16.9GB
2023-02-09T01:58:30.724+0000	beacon2.Variants	17.0GB
2023-02-09T01:58:33.729+0000	beacon2.Variants	17.0GB
2023-02-09T01:58:36.743+0000	beacon2.Variants	17.0GB
2023-02-09T01:58:39.728+0000	beacon2.Variants	17.1GB
2023-02-09T01:58:42.724+0000	beacon2.Variants	17.1GB
2023-02-09T01:58:45.725+0000	beacon2.Variants	17.1GB
2023-02-09T01:58:48.726+0000	beacon2.Variants	17.2GB
2023-02-09T01:58:51.723+0000	beacon2.Variants	17.2GB
2023-02-09T01:58:54.723+0000	beacon2.Variants	17.3GB
2023-02-09T01:58:57.723+0000	beacon2.Variants	17.3GB
2023-02-09T01:59:00.731+0000	beacon2.Variants	17.3GB
2023-02-09T01:59:03.724+0000	beacon2.Variants	17.4GB
2023-02-09T01:59:06.724+0000	beacon2.Variants	17.4GB
2023-02-09T01:59:09.723+0000	beacon2.Variants	17.4GB
2023-02-09T01:59:12.727+0000	beacon2.Variants	17.5GB
2023-02-09T01:59:15.723+0000	beacon2.Variants	17.5GB
2023-02-09T01:59:18.739+0000	beacon2.Variants	17.6GB
2023-02-09T01:59:21.723+0000	beacon2.Variants	17.6GB
2023-02-09T01:59:24.723+0000	beacon2.Variants	17.6GB
2023-02-09T01:59:27.724+0000	beacon2.Variants	17.7GB
2023-02-09T01:59:30.724+0000	beacon2.Variants	17.7GB
2023-02-09T01:59:33.723+0000	beacon2.Variants	17.8GB
2023-02-09T01:59:36.725+0000	beacon2.Variants	17.8GB
2023-02-09T01:59:39.723+0000	beacon2.Variants	17.8GB
2023-02-09T01:59:42.732+0000	beacon2.Variants	17.9GB
2023-02-09T01:59:45.723+0000	beacon2.Variants	17.9GB
2023-02-09T01:59:48.724+0000	beacon2.Variants	17.9GB
2023-02-09T01:59:51.724+0000	beacon2.Variants	18.0GB
2023-02-09T01:59:54.731+0000	beacon2.Variants	18.0GB
2023-02-09T01:59:57.723+0000	beacon2.Variants	18.1GB
2023-02-09T02:00:00.723+0000	beacon2.Variants	18.1GB
2023-02-09T02:00:03.732+0000	beacon2.Variants	18.1GB
2023-02-09T02:00:06.724+0000	beacon2.Variants	18.2GB
2023-02-09T02:00:09.724+0000	beacon2.Variants	18.2GB
2023-02-09T02:00:12.730+0000	beacon2.Variants	18.2GB
2023-02-09T02:00:15.723+0000	beacon2.Variants	18.3GB
2023-02-09T02:00:18.724+0000	beacon2.Variants	18.3GB
2023-02-09T02:00:21.724+0000	beacon2.Variants	18.4GB
2023-02-09T02:00:24.723+0000	beacon2.Variants	18.4GB
2023-02-09T02:00:27.724+0000	beacon2.Variants	18.4GB
2023-02-09T02:00:30.725+0000	beacon2.Variants	18.5GB
2023-02-09T02:00:33.731+0000	beacon2.Variants	18.5GB
2023-02-09T02:00:36.723+0000	beacon2.Variants	18.6GB
2023-02-09T02:00:39.725+0000	beacon2.Variants	18.6GB
2023-02-09T02:00:42.739+0000	beacon2.Variants	18.6GB
2023-02-09T02:00:45.723+0000	beacon2.Variants	18.7GB
2023-02-09T02:00:48.724+0000	beacon2.Variants	18.7GB
2023-02-09T02:00:51.725+0000	beacon2.Variants	18.7GB
2023-02-09T02:00:54.726+0000	beacon2.Variants	18.8GB
2023-02-09T02:00:57.723+0000	beacon2.Variants	18.8GB
2023-02-09T02:01:00.729+0000	beacon2.Variants	18.9GB
2023-02-09T02:01:03.726+0000	beacon2.Variants	18.9GB
2023-02-09T02:01:06.723+0000	beacon2.Variants	18.9GB
2023-02-09T02:01:09.735+0000	beacon2.Variants	19.0GB
2023-02-09T02:01:12.723+0000	beacon2.Variants	19.0GB
2023-02-09T02:01:15.729+0000	beacon2.Variants	19.0GB
2023-02-09T02:01:18.724+0000	beacon2.Variants	19.1GB
2023-02-09T02:01:21.723+0000	beacon2.Variants	19.1GB
2023-02-09T02:01:24.727+0000	beacon2.Variants	19.2GB
2023-02-09T02:01:27.724+0000	beacon2.Variants	19.2GB
2023-02-09T02:01:30.725+0000	beacon2.Variants	19.2GB
2023-02-09T02:01:33.731+0000	beacon2.Variants	19.3GB
2023-02-09T02:01:36.732+0000	beacon2.Variants	19.3GB
2023-02-09T02:01:39.723+0000	beacon2.Variants	19.4GB
2023-02-09T02:01:42.727+0000	beacon2.Variants	19.4GB
2023-02-09T02:01:45.729+0000	beacon2.Variants	19.4GB
2023-02-09T02:01:48.725+0000	beacon2.Variants	19.5GB
2023-02-09T02:01:51.723+0000	beacon2.Variants	19.5GB
2023-02-09T02:01:54.724+0000	beacon2.Variants	19.5GB
2023-02-09T02:01:57.740+0000	beacon2.Variants	19.6GB
2023-02-09T02:02:00.724+0000	beacon2.Variants	19.6GB
2023-02-09T02:02:03.734+0000	beacon2.Variants	19.6GB
2023-02-09T02:02:06.724+0000	beacon2.Variants	19.7GB
2023-02-09T02:02:09.728+0000	beacon2.Variants	19.7GB
2023-02-09T02:02:12.725+0000	beacon2.Variants	19.8GB
2023-02-09T02:02:15.734+0000	beacon2.Variants	19.8GB
2023-02-09T02:02:18.723+0000	beacon2.Variants	19.8GB
2023-02-09T02:02:21.724+0000	beacon2.Variants	19.9GB
2023-02-09T02:02:24.723+0000	beacon2.Variants	19.9GB
2023-02-09T02:02:27.723+0000	beacon2.Variants	19.9GB
2023-02-09T02:02:30.728+0000	beacon2.Variants	20.0GB
2023-02-09T02:02:33.723+0000	beacon2.Variants	20.0GB
2023-02-09T02:02:36.729+0000	beacon2.Variants	20.1GB
2023-02-09T02:02:39.725+0000	beacon2.Variants	20.1GB
2023-02-09T02:02:42.724+0000	beacon2.Variants	20.1GB
2023-02-09T02:02:45.724+0000	beacon2.Variants	20.2GB
2023-02-09T02:02:48.723+0000	beacon2.Variants	20.2GB
2023-02-09T02:02:51.729+0000	beacon2.Variants	20.3GB
2023-02-09T02:02:54.724+0000	beacon2.Variants	20.3GB
2023-02-09T02:02:57.723+0000	beacon2.Variants	20.3GB
2023-02-09T02:03:00.723+0000	beacon2.Variants	20.4GB
2023-02-09T02:03:03.723+0000	beacon2.Variants	20.4GB
2023-02-09T02:03:06.735+0000	beacon2.Variants	20.4GB
2023-02-09T02:03:09.727+0000	beacon2.Variants	20.5GB
2023-02-09T02:03:12.727+0000	beacon2.Variants	20.5GB
2023-02-09T02:03:15.723+0000	beacon2.Variants	20.6GB
2023-02-09T02:03:18.741+0000	beacon2.Variants	20.6GB
2023-02-09T02:03:21.723+0000	beacon2.Variants	20.6GB
2023-02-09T02:03:24.723+0000	beacon2.Variants	20.7GB
2023-02-09T02:03:27.725+0000	beacon2.Variants	20.7GB
2023-02-09T02:03:30.723+0000	beacon2.Variants	20.8GB
2023-02-09T02:03:33.723+0000	beacon2.Variants	20.8GB
2023-02-09T02:03:36.725+0000	beacon2.Variants	20.8GB
2023-02-09T02:03:39.727+0000	beacon2.Variants	20.9GB
2023-02-09T02:03:42.723+0000	beacon2.Variants	20.9GB
2023-02-09T02:03:45.727+0000	beacon2.Variants	20.9GB
2023-02-09T02:03:48.731+0000	beacon2.Variants	21.0GB
2023-02-09T02:03:51.728+0000	beacon2.Variants	21.0GB
2023-02-09T02:03:54.732+0000	beacon2.Variants	21.1GB
2023-02-09T02:03:57.723+0000	beacon2.Variants	21.1GB
2023-02-09T02:04:00.723+0000	beacon2.Variants	21.1GB
2023-02-09T02:04:03.723+0000	beacon2.Variants	21.2GB
2023-02-09T02:04:06.725+0000	beacon2.Variants	21.2GB
2023-02-09T02:04:09.723+0000	beacon2.Variants	21.2GB
2023-02-09T02:04:12.735+0000	beacon2.Variants	21.3GB
2023-02-09T02:04:15.725+0000	beacon2.Variants	21.3GB
2023-02-09T02:04:18.727+0000	beacon2.Variants	21.4GB
2023-02-09T02:04:21.725+0000	beacon2.Variants	21.4GB
2023-02-09T02:04:24.731+0000	beacon2.Variants	21.4GB
2023-02-09T02:04:27.733+0000	beacon2.Variants	21.5GB
2023-02-09T02:04:30.732+0000	beacon2.Variants	21.5GB
2023-02-09T02:04:33.724+0000	beacon2.Variants	21.5GB
2023-02-09T02:04:36.727+0000	beacon2.Variants	21.6GB
2023-02-09T02:04:39.725+0000	beacon2.Variants	21.6GB
2023-02-09T02:04:42.723+0000	beacon2.Variants	21.7GB
2023-02-09T02:04:45.723+0000	beacon2.Variants	21.7GB
2023-02-09T02:04:48.730+0000	beacon2.Variants	21.7GB
2023-02-09T02:04:51.735+0000	beacon2.Variants	21.8GB
2023-02-09T02:04:54.726+0000	beacon2.Variants	21.8GB
2023-02-09T02:04:57.730+0000	beacon2.Variants	21.9GB
2023-02-09T02:05:00.723+0000	beacon2.Variants	21.9GB
2023-02-09T02:05:03.723+0000	beacon2.Variants	21.9GB
2023-02-09T02:05:06.724+0000	beacon2.Variants	22.0GB
2023-02-09T02:05:09.723+0000	beacon2.Variants	22.0GB
2023-02-09T02:05:12.725+0000	beacon2.Variants	22.0GB
2023-02-09T02:05:15.723+0000	beacon2.Variants	22.1GB
2023-02-09T02:05:18.733+0000	beacon2.Variants	22.1GB
2023-02-09T02:05:21.728+0000	beacon2.Variants	22.1GB
2023-02-09T02:05:24.723+0000	beacon2.Variants	22.2GB
2023-02-09T02:05:27.735+0000	beacon2.Variants	22.2GB
2023-02-09T02:05:30.723+0000	beacon2.Variants	22.3GB
2023-02-09T02:05:33.726+0000	beacon2.Variants	22.3GB
2023-02-09T02:05:36.729+0000	beacon2.Variants	22.3GB
2023-02-09T02:05:39.726+0000	beacon2.Variants	22.4GB
2023-02-09T02:05:42.727+0000	beacon2.Variants	22.4GB
2023-02-09T02:05:45.724+0000	beacon2.Variants	22.5GB
2023-02-09T02:05:48.724+0000	beacon2.Variants	22.5GB
2023-02-09T02:05:51.728+0000	beacon2.Variants	22.5GB
2023-02-09T02:05:54.724+0000	beacon2.Variants	22.6GB
2023-02-09T02:05:57.724+0000	beacon2.Variants	22.6GB
2023-02-09T02:06:00.723+0000	beacon2.Variants	22.6GB
2023-02-09T02:06:03.733+0000	beacon2.Variants	22.7GB
2023-02-09T02:06:06.733+0000	beacon2.Variants	22.7GB
2023-02-09T02:06:09.728+0000	beacon2.Variants	22.8GB
2023-02-09T02:06:12.736+0000	beacon2.Variants	22.8GB
2023-02-09T02:06:15.733+0000	beacon2.Variants	22.8GB
2023-02-09T02:06:18.727+0000	beacon2.Variants	22.9GB
2023-02-09T02:06:21.724+0000	beacon2.Variants	22.9GB
2023-02-09T02:06:24.726+0000	beacon2.Variants	22.9GB
2023-02-09T02:06:27.727+0000	beacon2.Variants	23.0GB
2023-02-09T02:06:30.723+0000	beacon2.Variants	23.0GB
2023-02-09T02:06:33.734+0000	beacon2.Variants	23.1GB
2023-02-09T02:06:36.724+0000	beacon2.Variants	23.1GB
2023-02-09T02:06:39.724+0000	beacon2.Variants	23.1GB
2023-02-09T02:06:42.724+0000	beacon2.Variants	23.2GB
2023-02-09T02:06:45.724+0000	beacon2.Variants	23.2GB
2023-02-09T02:06:48.727+0000	beacon2.Variants	23.2GB
2023-02-09T02:06:51.736+0000	beacon2.Variants	23.3GB
2023-02-09T02:06:54.724+0000	beacon2.Variants	23.3GB
2023-02-09T02:06:57.726+0000	beacon2.Variants	23.4GB
2023-02-09T02:07:00.723+0000	beacon2.Variants	23.4GB
2023-02-09T02:07:03.726+0000	beacon2.Variants	23.4GB
2023-02-09T02:07:06.723+0000	beacon2.Variants	23.5GB
2023-02-09T02:07:09.725+0000	beacon2.Variants	23.5GB
2023-02-09T02:07:12.723+0000	beacon2.Variants	23.6GB
2023-02-09T02:07:15.728+0000	beacon2.Variants	23.6GB
2023-02-09T02:07:18.726+0000	beacon2.Variants	23.6GB
2023-02-09T02:07:21.736+0000	beacon2.Variants	23.7GB
2023-02-09T02:07:24.727+0000	beacon2.Variants	23.7GB
2023-02-09T02:07:27.728+0000	beacon2.Variants	23.8GB
2023-02-09T02:07:30.723+0000	beacon2.Variants	23.8GB
2023-02-09T02:07:33.731+0000	beacon2.Variants	23.8GB
2023-02-09T02:07:36.723+0000	beacon2.Variants	23.9GB
2023-02-09T02:07:39.727+0000	beacon2.Variants	23.9GB
2023-02-09T02:07:42.735+0000	beacon2.Variants	23.9GB
2023-02-09T02:07:45.723+0000	beacon2.Variants	24.0GB
2023-02-09T02:07:48.736+0000	beacon2.Variants	24.0GB
2023-02-09T02:07:51.724+0000	beacon2.Variants	24.1GB
2023-02-09T02:07:54.723+0000	beacon2.Variants	24.1GB
2023-02-09T02:07:57.725+0000	beacon2.Variants	24.1GB
2023-02-09T02:08:00.724+0000	beacon2.Variants	24.2GB
2023-02-09T02:08:03.723+0000	beacon2.Variants	24.2GB
2023-02-09T02:08:06.731+0000	beacon2.Variants	24.2GB
2023-02-09T02:08:09.736+0000	beacon2.Variants	24.3GB
2023-02-09T02:08:12.733+0000	beacon2.Variants	24.3GB
2023-02-09T02:08:15.723+0000	beacon2.Variants	24.4GB
2023-02-09T02:08:18.726+0000	beacon2.Variants	24.4GB
2023-02-09T02:08:21.730+0000	beacon2.Variants	24.4GB
2023-02-09T02:08:24.724+0000	beacon2.Variants	24.5GB
2023-02-09T02:08:27.726+0000	beacon2.Variants	24.5GB
2023-02-09T02:08:30.723+0000	beacon2.Variants	24.6GB
2023-02-09T02:08:33.724+0000	beacon2.Variants	24.6GB
2023-02-09T02:08:36.725+0000	beacon2.Variants	24.6GB
2023-02-09T02:08:39.732+0000	beacon2.Variants	24.7GB
2023-02-09T02:08:42.740+0000	beacon2.Variants	24.7GB
2023-02-09T02:08:45.723+0000	beacon2.Variants	24.7GB
2023-02-09T02:08:48.723+0000	beacon2.Variants	24.8GB
2023-02-09T02:08:51.725+0000	beacon2.Variants	24.8GB
2023-02-09T02:08:54.730+0000	beacon2.Variants	24.9GB
2023-02-09T02:08:57.723+0000	beacon2.Variants	24.9GB
2023-02-09T02:09:00.723+0000	beacon2.Variants	24.9GB
2023-02-09T02:09:03.724+0000	beacon2.Variants	25.0GB
2023-02-09T02:09:06.723+0000	beacon2.Variants	25.0GB
2023-02-09T02:09:09.723+0000	beacon2.Variants	25.0GB
2023-02-09T02:09:12.735+0000	beacon2.Variants	25.1GB
2023-02-09T02:09:15.724+0000	beacon2.Variants	25.1GB
2023-02-09T02:09:18.723+0000	beacon2.Variants	25.2GB
2023-02-09T02:09:21.727+0000	beacon2.Variants	25.2GB
2023-02-09T02:09:24.726+0000	beacon2.Variants	25.2GB
2023-02-09T02:09:27.723+0000	beacon2.Variants	25.3GB
2023-02-09T02:09:30.725+0000	beacon2.Variants	25.3GB
2023-02-09T02:09:33.725+0000	beacon2.Variants	25.4GB
2023-02-09T02:09:36.726+0000	beacon2.Variants	25.4GB
2023-02-09T02:09:39.723+0000	beacon2.Variants	25.4GB
2023-02-09T02:09:42.724+0000	beacon2.Variants	25.5GB
2023-02-09T02:09:45.723+0000	beacon2.Variants	25.5GB
2023-02-09T02:09:48.723+0000	beacon2.Variants	25.5GB
2023-02-09T02:09:51.726+0000	beacon2.Variants	25.6GB
2023-02-09T02:09:54.731+0000	beacon2.Variants	25.6GB
2023-02-09T02:09:57.724+0000	beacon2.Variants	25.6GB
2023-02-09T02:10:00.723+0000	beacon2.Variants	25.7GB
2023-02-09T02:10:03.726+0000	beacon2.Variants	25.7GB
2023-02-09T02:10:06.723+0000	beacon2.Variants	25.8GB
2023-02-09T02:10:09.739+0000	beacon2.Variants	25.8GB
2023-02-09T02:10:12.727+0000	beacon2.Variants	25.8GB
2023-02-09T02:10:15.725+0000	beacon2.Variants	25.9GB
2023-02-09T02:10:18.726+0000	beacon2.Variants	25.9GB
2023-02-09T02:10:21.727+0000	beacon2.Variants	26.0GB
2023-02-09T02:10:24.726+0000	beacon2.Variants	26.0GB
2023-02-09T02:10:27.725+0000	beacon2.Variants	26.0GB
2023-02-09T02:10:30.727+0000	beacon2.Variants	26.1GB
2023-02-09T02:10:33.724+0000	beacon2.Variants	26.1GB
2023-02-09T02:10:36.724+0000	beacon2.Variants	26.1GB
2023-02-09T02:10:39.731+0000	beacon2.Variants	26.2GB
2023-02-09T02:10:42.724+0000	beacon2.Variants	26.2GB
2023-02-09T02:10:45.734+0000	beacon2.Variants	26.3GB
2023-02-09T02:10:48.724+0000	beacon2.Variants	26.3GB
2023-02-09T02:10:51.731+0000	beacon2.Variants	26.3GB
2023-02-09T02:10:54.725+0000	beacon2.Variants	26.4GB
2023-02-09T02:10:57.727+0000	beacon2.Variants	26.4GB
2023-02-09T02:11:00.724+0000	beacon2.Variants	26.4GB
2023-02-09T02:11:03.723+0000	beacon2.Variants	26.5GB
2023-02-09T02:11:06.724+0000	beacon2.Variants	26.5GB
2023-02-09T02:11:09.727+0000	beacon2.Variants	26.6GB
2023-02-09T02:11:12.729+0000	beacon2.Variants	26.6GB
2023-02-09T02:11:15.731+0000	beacon2.Variants	26.6GB
2023-02-09T02:11:18.734+0000	beacon2.Variants	26.7GB
2023-02-09T02:11:21.724+0000	beacon2.Variants	26.7GB
2023-02-09T02:11:24.727+0000	beacon2.Variants	26.8GB
2023-02-09T02:11:27.733+0000	beacon2.Variants	26.8GB
2023-02-09T02:11:30.724+0000	beacon2.Variants	26.8GB
2023-02-09T02:11:33.723+0000	beacon2.Variants	26.9GB
2023-02-09T02:11:36.724+0000	beacon2.Variants	26.9GB
2023-02-09T02:11:39.724+0000	beacon2.Variants	26.9GB
2023-02-09T02:11:42.727+0000	beacon2.Variants	27.0GB
2023-02-09T02:11:45.742+0000	beacon2.Variants	27.0GB
2023-02-09T02:11:48.729+0000	beacon2.Variants	27.1GB
2023-02-09T02:11:51.723+0000	beacon2.Variants	27.1GB
2023-02-09T02:11:54.723+0000	beacon2.Variants	27.1GB
2023-02-09T02:11:57.723+0000	beacon2.Variants	27.2GB
2023-02-09T02:12:00.723+0000	beacon2.Variants	27.2GB
2023-02-09T02:12:03.723+0000	beacon2.Variants	27.2GB
2023-02-09T02:12:06.724+0000	beacon2.Variants	27.3GB
2023-02-09T02:12:09.729+0000	beacon2.Variants	27.3GB
2023-02-09T02:12:12.723+0000	beacon2.Variants	27.4GB
2023-02-09T02:12:15.728+0000	beacon2.Variants	27.4GB
2023-02-09T02:12:18.725+0000	beacon2.Variants	27.4GB
2023-02-09T02:12:21.735+0000	beacon2.Variants	27.5GB
2023-02-09T02:12:24.731+0000	beacon2.Variants	27.5GB
2023-02-09T02:12:27.726+0000	beacon2.Variants	27.6GB
2023-02-09T02:12:30.723+0000	beacon2.Variants	27.6GB
2023-02-09T02:12:33.732+0000	beacon2.Variants	27.6GB
2023-02-09T02:12:36.723+0000	beacon2.Variants	27.7GB
2023-02-09T02:12:39.723+0000	beacon2.Variants	27.7GB
2023-02-09T02:12:42.723+0000	beacon2.Variants	27.7GB
2023-02-09T02:12:45.723+0000	beacon2.Variants	27.8GB
2023-02-09T02:12:48.726+0000	beacon2.Variants	27.8GB
2023-02-09T02:12:51.723+0000	beacon2.Variants	27.9GB
2023-02-09T02:12:54.732+0000	beacon2.Variants	27.9GB
2023-02-09T02:12:57.723+0000	beacon2.Variants	27.9GB
2023-02-09T02:13:00.732+0000	beacon2.Variants	28.0GB
2023-02-09T02:13:03.723+0000	beacon2.Variants	28.0GB
2023-02-09T02:13:06.724+0000	beacon2.Variants	28.1GB
2023-02-09T02:13:09.728+0000	beacon2.Variants	28.1GB
2023-02-09T02:13:12.725+0000	beacon2.Variants	28.1GB
2023-02-09T02:13:15.723+0000	beacon2.Variants	28.2GB
2023-02-09T02:13:18.723+0000	beacon2.Variants	28.2GB
2023-02-09T02:13:21.727+0000	beacon2.Variants	28.2GB
2023-02-09T02:13:24.725+0000	beacon2.Variants	28.3GB
2023-02-09T02:13:27.733+0000	beacon2.Variants	28.3GB
2023-02-09T02:13:30.735+0000	beacon2.Variants	28.4GB
2023-02-09T02:13:33.723+0000	beacon2.Variants	28.4GB
2023-02-09T02:13:36.738+0000	beacon2.Variants	28.4GB
2023-02-09T02:13:39.734+0000	beacon2.Variants	28.5GB
2023-02-09T02:13:42.725+0000	beacon2.Variants	28.5GB
2023-02-09T02:13:45.723+0000	beacon2.Variants	28.5GB
2023-02-09T02:13:48.726+0000	beacon2.Variants	28.6GB
2023-02-09T02:13:51.733+0000	beacon2.Variants	28.6GB
2023-02-09T02:13:54.723+0000	beacon2.Variants	28.6GB
2023-02-09T02:13:57.724+0000	beacon2.Variants	28.7GB
2023-02-09T02:14:00.723+0000	beacon2.Variants	28.7GB
2023-02-09T02:14:03.731+0000	beacon2.Variants	28.8GB
2023-02-09T02:14:06.743+0000	beacon2.Variants	28.8GB
2023-02-09T02:14:09.728+0000	beacon2.Variants	28.8GB
2023-02-09T02:14:12.724+0000	beacon2.Variants	28.9GB
2023-02-09T02:14:15.723+0000	beacon2.Variants	28.9GB
2023-02-09T02:14:18.723+0000	beacon2.Variants	29.0GB
2023-02-09T02:14:21.728+0000	beacon2.Variants	29.0GB
2023-02-09T02:14:24.724+0000	beacon2.Variants	29.0GB
2023-02-09T02:14:27.730+0000	beacon2.Variants	29.1GB
2023-02-09T02:14:30.723+0000	beacon2.Variants	29.1GB
2023-02-09T02:14:33.724+0000	beacon2.Variants	29.1GB
2023-02-09T02:14:36.724+0000	beacon2.Variants	29.2GB
2023-02-09T02:14:39.723+0000	beacon2.Variants	29.2GB
2023-02-09T02:14:42.728+0000	beacon2.Variants	29.3GB
2023-02-09T02:14:45.723+0000	beacon2.Variants	29.3GB
2023-02-09T02:14:48.731+0000	beacon2.Variants	29.3GB
2023-02-09T02:14:51.725+0000	beacon2.Variants	29.4GB
2023-02-09T02:14:54.727+0000	beacon2.Variants	29.4GB
2023-02-09T02:14:57.725+0000	beacon2.Variants	29.4GB
2023-02-09T02:15:00.729+0000	beacon2.Variants	29.5GB
2023-02-09T02:15:03.724+0000	beacon2.Variants	29.5GB
2023-02-09T02:15:06.725+0000	beacon2.Variants	29.6GB
2023-02-09T02:15:09.725+0000	beacon2.Variants	29.6GB
2023-02-09T02:15:12.724+0000	beacon2.Variants	29.6GB
2023-02-09T02:15:15.728+0000	beacon2.Variants	29.7GB
2023-02-09T02:15:18.735+0000	beacon2.Variants	29.7GB
2023-02-09T02:15:21.732+0000	beacon2.Variants	29.8GB
2023-02-09T02:15:24.724+0000	beacon2.Variants	29.8GB
2023-02-09T02:15:27.723+0000	beacon2.Variants	29.8GB
2023-02-09T02:15:30.731+0000	beacon2.Variants	29.9GB
2023-02-09T02:15:33.734+0000	beacon2.Variants	29.9GB
2023-02-09T02:15:36.726+0000	beacon2.Variants	29.9GB
2023-02-09T02:15:39.731+0000	beacon2.Variants	30.0GB
2023-02-09T02:15:42.726+0000	beacon2.Variants	30.0GB
2023-02-09T02:15:45.727+0000	beacon2.Variants	30.1GB
2023-02-09T02:15:48.726+0000	beacon2.Variants	30.1GB
2023-02-09T02:15:51.723+0000	beacon2.Variants	30.1GB
2023-02-09T02:15:54.734+0000	beacon2.Variants	30.2GB
2023-02-09T02:15:57.723+0000	beacon2.Variants	30.2GB
2023-02-09T02:16:00.735+0000	beacon2.Variants	30.2GB
2023-02-09T02:16:03.724+0000	beacon2.Variants	30.3GB
2023-02-09T02:16:06.724+0000	beacon2.Variants	30.3GB
2023-02-09T02:16:09.729+0000	beacon2.Variants	30.4GB
2023-02-09T02:16:12.726+0000	beacon2.Variants	30.4GB
2023-02-09T02:16:15.723+0000	beacon2.Variants	30.4GB
2023-02-09T02:16:18.723+0000	beacon2.Variants	30.5GB
2023-02-09T02:16:21.723+0000	beacon2.Variants	30.5GB
2023-02-09T02:16:24.725+0000	beacon2.Variants	30.6GB
2023-02-09T02:16:27.727+0000	beacon2.Variants	30.6GB
2023-02-09T02:16:30.734+0000	beacon2.Variants	30.6GB
2023-02-09T02:16:33.733+0000	beacon2.Variants	30.7GB
2023-02-09T02:16:36.735+0000	beacon2.Variants	30.7GB
2023-02-09T02:16:39.723+0000	beacon2.Variants	30.7GB
2023-02-09T02:16:42.724+0000	beacon2.Variants	30.8GB
2023-02-09T02:16:45.723+0000	beacon2.Variants	30.8GB
2023-02-09T02:16:48.725+0000	beacon2.Variants	30.9GB
2023-02-09T02:16:51.724+0000	beacon2.Variants	30.9GB
2023-02-09T02:16:54.730+0000	beacon2.Variants	30.9GB
2023-02-09T02:16:57.723+0000	beacon2.Variants	31.0GB
2023-02-09T02:17:00.723+0000	beacon2.Variants	31.0GB
2023-02-09T02:17:03.724+0000	beacon2.Variants	31.1GB
2023-02-09T02:17:06.726+0000	beacon2.Variants	31.1GB
2023-02-09T02:17:09.723+0000	beacon2.Variants	31.1GB
2023-02-09T02:17:12.727+0000	beacon2.Variants	31.2GB
2023-02-09T02:17:15.729+0000	beacon2.Variants	31.2GB
2023-02-09T02:17:18.723+0000	beacon2.Variants	31.2GB
2023-02-09T02:17:21.723+0000	beacon2.Variants	31.3GB
2023-02-09T02:17:24.736+0000	beacon2.Variants	31.3GB
2023-02-09T02:17:27.728+0000	beacon2.Variants	31.4GB
2023-02-09T02:17:30.724+0000	beacon2.Variants	31.4GB
2023-02-09T02:17:33.728+0000	beacon2.Variants	31.4GB
2023-02-09T02:17:36.734+0000	beacon2.Variants	31.5GB
2023-02-09T02:17:39.730+0000	beacon2.Variants	31.5GB
2023-02-09T02:17:42.728+0000	beacon2.Variants	31.5GB
2023-02-09T02:17:45.725+0000	beacon2.Variants	31.6GB
2023-02-09T02:17:48.723+0000	beacon2.Variants	31.6GB
2023-02-09T02:17:51.732+0000	beacon2.Variants	31.6GB
2023-02-09T02:17:54.733+0000	beacon2.Variants	31.7GB
2023-02-09T02:17:57.723+0000	beacon2.Variants	31.7GB
2023-02-09T02:18:00.724+0000	beacon2.Variants	31.8GB
2023-02-09T02:18:03.724+0000	beacon2.Variants	31.8GB
2023-02-09T02:18:06.725+0000	beacon2.Variants	31.9GB
2023-02-09T02:18:09.724+0000	beacon2.Variants	31.9GB
2023-02-09T02:18:12.724+0000	beacon2.Variants	31.9GB
2023-02-09T02:18:15.729+0000	beacon2.Variants	32.0GB
2023-02-09T02:18:18.729+0000	beacon2.Variants	32.0GB
2023-02-09T02:18:21.728+0000	beacon2.Variants	32.0GB
2023-02-09T02:18:24.729+0000	beacon2.Variants	32.1GB
2023-02-09T02:18:27.723+0000	beacon2.Variants	32.1GB
2023-02-09T02:18:30.723+0000	beacon2.Variants	32.1GB
2023-02-09T02:18:33.734+0000	beacon2.Variants	32.2GB
2023-02-09T02:18:36.723+0000	beacon2.Variants	32.2GB
2023-02-09T02:18:39.724+0000	beacon2.Variants	32.3GB
2023-02-09T02:18:42.726+0000	beacon2.Variants	32.3GB
2023-02-09T02:18:45.727+0000	beacon2.Variants	32.3GB
2023-02-09T02:18:48.728+0000	beacon2.Variants	32.4GB
2023-02-09T02:18:51.725+0000	beacon2.Variants	32.4GB
2023-02-09T02:18:54.723+0000	beacon2.Variants	32.5GB
2023-02-09T02:18:57.724+0000	beacon2.Variants	32.5GB
2023-02-09T02:19:00.723+0000	beacon2.Variants	32.5GB
2023-02-09T02:19:03.727+0000	beacon2.Variants	32.6GB
2023-02-09T02:19:06.727+0000	beacon2.Variants	32.6GB
2023-02-09T02:19:09.723+0000	beacon2.Variants	32.6GB
2023-02-09T02:19:12.734+0000	beacon2.Variants	32.7GB
2023-02-09T02:19:15.723+0000	beacon2.Variants	32.7GB
2023-02-09T02:19:18.723+0000	beacon2.Variants	32.8GB
2023-02-09T02:19:21.723+0000	beacon2.Variants	32.8GB
2023-02-09T02:19:24.724+0000	beacon2.Variants	32.8GB
2023-02-09T02:19:27.728+0000	beacon2.Variants	32.9GB
2023-02-09T02:19:30.728+0000	beacon2.Variants	32.9GB
2023-02-09T02:19:33.725+0000	beacon2.Variants	33.0GB
2023-02-09T02:19:36.723+0000	beacon2.Variants	33.0GB
2023-02-09T02:19:39.724+0000	beacon2.Variants	33.0GB
2023-02-09T02:19:42.724+0000	beacon2.Variants	33.1GB
2023-02-09T02:19:45.726+0000	beacon2.Variants	33.1GB
2023-02-09T02:19:48.723+0000	beacon2.Variants	33.1GB
2023-02-09T02:19:51.723+0000	beacon2.Variants	33.2GB
2023-02-09T02:19:54.726+0000	beacon2.Variants	33.2GB
2023-02-09T02:19:57.729+0000	beacon2.Variants	33.2GB
2023-02-09T02:20:00.732+0000	beacon2.Variants	33.3GB
2023-02-09T02:20:03.729+0000	beacon2.Variants	33.3GB
2023-02-09T02:20:06.723+0000	beacon2.Variants	33.4GB
2023-02-09T02:20:09.724+0000	beacon2.Variants	33.4GB
2023-02-09T02:20:12.723+0000	beacon2.Variants	33.4GB
2023-02-09T02:20:15.723+0000	beacon2.Variants	33.5GB
2023-02-09T02:20:18.725+0000	beacon2.Variants	33.5GB
2023-02-09T02:20:21.728+0000	beacon2.Variants	33.5GB
2023-02-09T02:20:24.725+0000	beacon2.Variants	33.6GB
2023-02-09T02:20:27.729+0000	beacon2.Variants	33.6GB
2023-02-09T02:20:30.736+0000	beacon2.Variants	33.7GB
2023-02-09T02:20:33.724+0000	beacon2.Variants	33.7GB
2023-02-09T02:20:36.726+0000	beacon2.Variants	33.7GB
2023-02-09T02:20:39.727+0000	beacon2.Variants	33.8GB
2023-02-09T02:20:42.723+0000	beacon2.Variants	33.8GB
2023-02-09T02:20:45.723+0000	beacon2.Variants	33.9GB
2023-02-09T02:20:48.725+0000	beacon2.Variants	33.9GB
2023-02-09T02:20:51.723+0000	beacon2.Variants	33.9GB
2023-02-09T02:20:54.725+0000	beacon2.Variants	34.0GB
2023-02-09T02:20:57.725+0000	beacon2.Variants	34.0GB
2023-02-09T02:21:00.730+0000	beacon2.Variants	34.0GB
2023-02-09T02:21:03.734+0000	beacon2.Variants	34.1GB
2023-02-09T02:21:06.725+0000	beacon2.Variants	34.1GB
2023-02-09T02:21:09.726+0000	beacon2.Variants	34.2GB
2023-02-09T02:21:12.728+0000	beacon2.Variants	34.2GB
2023-02-09T02:21:15.723+0000	beacon2.Variants	34.2GB
2023-02-09T02:21:18.724+0000	beacon2.Variants	34.3GB
2023-02-09T02:21:21.731+0000	beacon2.Variants	34.3GB
2023-02-09T02:21:24.723+0000	beacon2.Variants	34.4GB
2023-02-09T02:21:27.724+0000	beacon2.Variants	34.4GB
2023-02-09T02:21:30.730+0000	beacon2.Variants	34.4GB
2023-02-09T02:21:33.725+0000	beacon2.Variants	34.5GB
2023-02-09T02:21:36.729+0000	beacon2.Variants	34.5GB
2023-02-09T02:21:39.725+0000	beacon2.Variants	34.5GB
2023-02-09T02:21:42.723+0000	beacon2.Variants	34.6GB
2023-02-09T02:21:45.723+0000	beacon2.Variants	34.6GB
2023-02-09T02:21:48.723+0000	beacon2.Variants	34.7GB
2023-02-09T02:21:51.727+0000	beacon2.Variants	34.7GB
2023-02-09T02:21:54.733+0000	beacon2.Variants	34.7GB
2023-02-09T02:21:57.724+0000	beacon2.Variants	34.8GB
2023-02-09T02:22:00.723+0000	beacon2.Variants	34.8GB
2023-02-09T02:22:03.746+0000	beacon2.Variants	34.8GB
2023-02-09T02:22:06.725+0000	beacon2.Variants	34.9GB
2023-02-09T02:22:09.723+0000	beacon2.Variants	34.9GB
2023-02-09T02:22:12.730+0000	beacon2.Variants	35.0GB
2023-02-09T02:22:15.723+0000	beacon2.Variants	35.0GB
2023-02-09T02:22:18.723+0000	beacon2.Variants	35.0GB
2023-02-09T02:22:21.724+0000	beacon2.Variants	35.1GB
2023-02-09T02:22:24.725+0000	beacon2.Variants	35.1GB
2023-02-09T02:22:27.725+0000	beacon2.Variants	35.1GB
2023-02-09T02:22:30.723+0000	beacon2.Variants	35.2GB
2023-02-09T02:22:33.723+0000	beacon2.Variants	35.2GB
2023-02-09T02:22:36.723+0000	beacon2.Variants	35.3GB
2023-02-09T02:22:39.723+0000	beacon2.Variants	35.3GB
2023-02-09T02:22:42.723+0000	beacon2.Variants	35.3GB
2023-02-09T02:22:45.724+0000	beacon2.Variants	35.4GB
2023-02-09T02:22:48.724+0000	beacon2.Variants	35.4GB
2023-02-09T02:22:51.729+0000	beacon2.Variants	35.5GB
2023-02-09T02:22:54.729+0000	beacon2.Variants	35.5GB
2023-02-09T02:22:57.723+0000	beacon2.Variants	35.5GB
2023-02-09T02:23:00.724+0000	beacon2.Variants	35.6GB
2023-02-09T02:23:03.723+0000	beacon2.Variants	35.6GB
2023-02-09T02:23:06.735+0000	beacon2.Variants	35.6GB
2023-02-09T02:23:09.723+0000	beacon2.Variants	35.7GB
2023-02-09T02:23:12.723+0000	beacon2.Variants	35.7GB
2023-02-09T02:23:15.724+0000	beacon2.Variants	35.8GB
2023-02-09T02:23:18.723+0000	beacon2.Variants	35.8GB
2023-02-09T02:23:21.723+0000	beacon2.Variants	35.8GB
2023-02-09T02:23:24.723+0000	beacon2.Variants	35.9GB
2023-02-09T02:23:27.725+0000	beacon2.Variants	35.9GB
2023-02-09T02:23:30.727+0000	beacon2.Variants	35.9GB
2023-02-09T02:23:33.725+0000	beacon2.Variants	36.0GB
2023-02-09T02:23:36.725+0000	beacon2.Variants	36.0GB
2023-02-09T02:23:39.736+0000	beacon2.Variants	36.1GB
2023-02-09T02:23:42.726+0000	beacon2.Variants	36.1GB
2023-02-09T02:23:45.724+0000	beacon2.Variants	36.1GB
2023-02-09T02:23:48.725+0000	beacon2.Variants	36.2GB
2023-02-09T02:23:51.726+0000	beacon2.Variants	36.2GB
2023-02-09T02:23:54.734+0000	beacon2.Variants	36.2GB
2023-02-09T02:23:57.727+0000	beacon2.Variants	36.3GB
2023-02-09T02:24:00.744+0000	beacon2.Variants	36.3GB
2023-02-09T02:24:03.728+0000	beacon2.Variants	36.4GB
2023-02-09T02:24:06.724+0000	beacon2.Variants	36.4GB
2023-02-09T02:24:09.723+0000	beacon2.Variants	36.4GB
2023-02-09T02:24:12.723+0000	beacon2.Variants	36.5GB
2023-02-09T02:24:15.724+0000	beacon2.Variants	36.5GB
2023-02-09T02:24:18.726+0000	beacon2.Variants	36.5GB
2023-02-09T02:24:21.724+0000	beacon2.Variants	36.6GB
2023-02-09T02:24:24.726+0000	beacon2.Variants	36.6GB
2023-02-09T02:24:27.726+0000	beacon2.Variants	36.7GB
2023-02-09T02:24:30.724+0000	beacon2.Variants	36.7GB
2023-02-09T02:24:33.723+0000	beacon2.Variants	36.7GB
2023-02-09T02:24:36.726+0000	beacon2.Variants	36.8GB
2023-02-09T02:24:39.727+0000	beacon2.Variants	36.8GB
2023-02-09T02:24:42.725+0000	beacon2.Variants	36.9GB
2023-02-09T02:24:45.732+0000	beacon2.Variants	36.9GB
2023-02-09T02:24:48.723+0000	beacon2.Variants	36.9GB
2023-02-09T02:24:51.724+0000	beacon2.Variants	37.0GB
2023-02-09T02:24:54.723+0000	beacon2.Variants	37.0GB
2023-02-09T02:24:57.734+0000	beacon2.Variants	37.0GB
2023-02-09T02:25:00.731+0000	beacon2.Variants	37.1GB
2023-02-09T02:25:03.736+0000	beacon2.Variants	37.1GB
2023-02-09T02:25:06.723+0000	beacon2.Variants	37.1GB
2023-02-09T02:25:09.723+0000	beacon2.Variants	37.2GB
2023-02-09T02:25:12.726+0000	beacon2.Variants	37.2GB
2023-02-09T02:25:15.732+0000	beacon2.Variants	37.3GB
2023-02-09T02:25:18.723+0000	beacon2.Variants	37.3GB
2023-02-09T02:25:21.723+0000	beacon2.Variants	37.3GB
2023-02-09T02:25:24.725+0000	beacon2.Variants	37.4GB
2023-02-09T02:25:27.726+0000	beacon2.Variants	37.4GB
2023-02-09T02:25:30.724+0000	beacon2.Variants	37.5GB
2023-02-09T02:25:33.731+0000	beacon2.Variants	37.5GB
2023-02-09T02:25:36.724+0000	beacon2.Variants	37.5GB
2023-02-09T02:25:39.723+0000	beacon2.Variants	37.6GB
2023-02-09T02:25:42.723+0000	beacon2.Variants	37.6GB
2023-02-09T02:25:45.726+0000	beacon2.Variants	37.6GB
2023-02-09T02:25:48.729+0000	beacon2.Variants	37.7GB
2023-02-09T02:25:51.724+0000	beacon2.Variants	37.7GB
2023-02-09T02:25:54.723+0000	beacon2.Variants	37.8GB
2023-02-09T02:25:57.733+0000	beacon2.Variants	37.8GB
2023-02-09T02:26:00.734+0000	beacon2.Variants	37.8GB
2023-02-09T02:26:03.727+0000	beacon2.Variants	37.9GB
2023-02-09T02:26:06.723+0000	beacon2.Variants	37.9GB
2023-02-09T02:26:09.725+0000	beacon2.Variants	37.9GB
2023-02-09T02:26:12.725+0000	beacon2.Variants	38.0GB
2023-02-09T02:26:15.734+0000	beacon2.Variants	38.0GB
2023-02-09T02:26:18.724+0000	beacon2.Variants	38.1GB
2023-02-09T02:26:21.725+0000	beacon2.Variants	38.1GB
2023-02-09T02:26:24.724+0000	beacon2.Variants	38.1GB
2023-02-09T02:26:27.723+0000	beacon2.Variants	38.2GB
2023-02-09T02:26:30.729+0000	beacon2.Variants	38.2GB
2023-02-09T02:26:33.723+0000	beacon2.Variants	38.2GB
2023-02-09T02:26:36.724+0000	beacon2.Variants	38.3GB
2023-02-09T02:26:39.724+0000	beacon2.Variants	38.3GB
2023-02-09T02:26:42.723+0000	beacon2.Variants	38.4GB
2023-02-09T02:26:45.726+0000	beacon2.Variants	38.4GB
2023-02-09T02:26:48.724+0000	beacon2.Variants	38.4GB
2023-02-09T02:26:51.736+0000	beacon2.Variants	38.5GB
2023-02-09T02:26:54.723+0000	beacon2.Variants	38.5GB
2023-02-09T02:26:57.728+0000	beacon2.Variants	38.5GB
2023-02-09T02:27:00.724+0000	beacon2.Variants	38.6GB
2023-02-09T02:27:03.724+0000	beacon2.Variants	38.6GB
2023-02-09T02:27:06.723+0000	beacon2.Variants	38.7GB
2023-02-09T02:27:09.731+0000	beacon2.Variants	38.7GB
2023-02-09T02:27:12.725+0000	beacon2.Variants	38.7GB
2023-02-09T02:27:15.725+0000	beacon2.Variants	38.8GB
2023-02-09T02:27:18.725+0000	beacon2.Variants	38.8GB
2023-02-09T02:27:21.725+0000	beacon2.Variants	38.9GB
2023-02-09T02:27:24.725+0000	beacon2.Variants	38.9GB
2023-02-09T02:27:27.723+0000	beacon2.Variants	38.9GB
2023-02-09T02:27:30.725+0000	beacon2.Variants	39.0GB
2023-02-09T02:27:33.733+0000	beacon2.Variants	39.0GB
2023-02-09T02:27:36.723+0000	beacon2.Variants	39.0GB
2023-02-09T02:27:39.725+0000	beacon2.Variants	39.1GB
2023-02-09T02:27:42.734+0000	beacon2.Variants	39.1GB
2023-02-09T02:27:45.724+0000	beacon2.Variants	39.1GB
2023-02-09T02:27:48.723+0000	beacon2.Variants	39.2GB
2023-02-09T02:27:51.724+0000	beacon2.Variants	39.2GB
2023-02-09T02:27:54.723+0000	beacon2.Variants	39.3GB
2023-02-09T02:27:57.730+0000	beacon2.Variants	39.3GB
2023-02-09T02:28:00.735+0000	beacon2.Variants	39.3GB
2023-02-09T02:28:03.730+0000	beacon2.Variants	39.4GB
2023-02-09T02:28:06.732+0000	beacon2.Variants	39.4GB
2023-02-09T02:28:09.724+0000	beacon2.Variants	39.5GB
2023-02-09T02:28:12.727+0000	beacon2.Variants	39.5GB
2023-02-09T02:28:15.724+0000	beacon2.Variants	39.5GB
2023-02-09T02:28:18.724+0000	beacon2.Variants	39.6GB
2023-02-09T02:28:21.723+0000	beacon2.Variants	39.6GB
2023-02-09T02:28:24.732+0000	beacon2.Variants	39.6GB
2023-02-09T02:28:27.723+0000	beacon2.Variants	39.7GB
2023-02-09T02:28:30.776+0000	beacon2.Variants	39.7GB
2023-02-09T02:28:33.725+0000	beacon2.Variants	39.8GB
2023-02-09T02:28:36.734+0000	beacon2.Variants	39.8GB
2023-02-09T02:28:39.735+0000	beacon2.Variants	39.8GB
2023-02-09T02:28:42.726+0000	beacon2.Variants	39.9GB
2023-02-09T02:28:45.726+0000	beacon2.Variants	39.9GB
2023-02-09T02:28:48.725+0000	beacon2.Variants	40.0GB
2023-02-09T02:28:51.728+0000	beacon2.Variants	40.0GB
2023-02-09T02:28:54.723+0000	beacon2.Variants	40.0GB
2023-02-09T02:28:57.724+0000	beacon2.Variants	40.1GB
2023-02-09T02:29:00.732+0000	beacon2.Variants	40.1GB
2023-02-09T02:29:03.723+0000	beacon2.Variants	40.1GB
2023-02-09T02:29:06.723+0000	beacon2.Variants	40.2GB
2023-02-09T02:29:09.724+0000	beacon2.Variants	40.2GB
2023-02-09T02:29:12.723+0000	beacon2.Variants	40.2GB
2023-02-09T02:29:15.724+0000	beacon2.Variants	40.3GB
2023-02-09T02:29:18.723+0000	beacon2.Variants	40.3GB
2023-02-09T02:29:21.726+0000	beacon2.Variants	40.4GB
2023-02-09T02:29:24.728+0000	beacon2.Variants	40.4GB
2023-02-09T02:29:27.726+0000	beacon2.Variants	40.4GB
2023-02-09T02:29:30.725+0000	beacon2.Variants	40.5GB
2023-02-09T02:29:33.725+0000	beacon2.Variants	40.5GB
2023-02-09T02:29:36.724+0000	beacon2.Variants	40.6GB
2023-02-09T02:29:39.724+0000	beacon2.Variants	40.6GB
2023-02-09T02:29:42.723+0000	beacon2.Variants	40.6GB
2023-02-09T02:29:45.733+0000	beacon2.Variants	40.7GB
2023-02-09T02:29:48.729+0000	beacon2.Variants	40.7GB
2023-02-09T02:29:51.736+0000	beacon2.Variants	40.8GB
2023-02-09T02:29:54.726+0000	beacon2.Variants	40.8GB
2023-02-09T02:29:57.730+0000	beacon2.Variants	40.8GB
2023-02-09T02:30:00.723+0000	beacon2.Variants	40.9GB
2023-02-09T02:30:03.724+0000	beacon2.Variants	40.9GB
2023-02-09T02:30:06.723+0000	beacon2.Variants	40.9GB
2023-02-09T02:30:09.728+0000	beacon2.Variants	41.0GB
2023-02-09T02:30:12.734+0000	beacon2.Variants	41.0GB
2023-02-09T02:30:15.724+0000	beacon2.Variants	41.0GB
2023-02-09T02:30:18.726+0000	beacon2.Variants	41.1GB
2023-02-09T02:30:21.723+0000	beacon2.Variants	41.1GB
2023-02-09T02:30:24.725+0000	beacon2.Variants	41.2GB
2023-02-09T02:30:27.730+0000	beacon2.Variants	41.2GB
2023-02-09T02:30:30.729+0000	beacon2.Variants	41.2GB
2023-02-09T02:30:33.734+0000	beacon2.Variants	41.3GB
2023-02-09T02:30:36.723+0000	beacon2.Variants	41.3GB
2023-02-09T02:30:39.731+0000	beacon2.Variants	41.4GB
2023-02-09T02:30:42.732+0000	beacon2.Variants	41.4GB
2023-02-09T02:30:45.729+0000	beacon2.Variants	41.4GB
2023-02-09T02:30:48.728+0000	beacon2.Variants	41.5GB
2023-02-09T02:30:51.739+0000	beacon2.Variants	41.5GB
2023-02-09T02:30:54.729+0000	beacon2.Variants	41.5GB
2023-02-09T02:30:57.723+0000	beacon2.Variants	41.6GB
2023-02-09T02:31:00.723+0000	beacon2.Variants	41.6GB
2023-02-09T02:31:03.724+0000	beacon2.Variants	41.7GB
2023-02-09T02:31:06.733+0000	beacon2.Variants	41.7GB
2023-02-09T02:31:09.723+0000	beacon2.Variants	41.7GB
2023-02-09T02:31:12.727+0000	beacon2.Variants	41.8GB
2023-02-09T02:31:15.725+0000	beacon2.Variants	41.8GB
2023-02-09T02:31:18.731+0000	beacon2.Variants	41.9GB
2023-02-09T02:31:21.724+0000	beacon2.Variants	41.9GB
2023-02-09T02:31:24.726+0000	beacon2.Variants	41.9GB
2023-02-09T02:31:27.724+0000	beacon2.Variants	42.0GB
2023-02-09T02:31:30.733+0000	beacon2.Variants	42.0GB
2023-02-09T02:31:33.723+0000	beacon2.Variants	42.0GB
2023-02-09T02:31:36.729+0000	beacon2.Variants	42.1GB
2023-02-09T02:31:39.723+0000	beacon2.Variants	42.1GB
2023-02-09T02:31:42.723+0000	beacon2.Variants	42.1GB
2023-02-09T02:31:45.725+0000	beacon2.Variants	42.2GB
2023-02-09T02:31:48.724+0000	beacon2.Variants	42.2GB
2023-02-09T02:31:51.727+0000	beacon2.Variants	42.3GB
2023-02-09T02:31:54.727+0000	beacon2.Variants	42.3GB
2023-02-09T02:31:57.726+0000	beacon2.Variants	42.3GB
2023-02-09T02:32:00.732+0000	beacon2.Variants	42.4GB
2023-02-09T02:32:03.724+0000	beacon2.Variants	42.4GB
2023-02-09T02:32:06.730+0000	beacon2.Variants	42.5GB
2023-02-09T02:32:09.731+0000	beacon2.Variants	42.5GB
2023-02-09T02:32:12.726+0000	beacon2.Variants	42.5GB
2023-02-09T02:32:15.729+0000	beacon2.Variants	42.6GB
2023-02-09T02:32:18.723+0000	beacon2.Variants	42.6GB
2023-02-09T02:32:21.723+0000	beacon2.Variants	42.6GB
2023-02-09T02:32:24.723+0000	beacon2.Variants	42.7GB
2023-02-09T02:32:27.731+0000	beacon2.Variants	42.7GB
2023-02-09T02:32:30.723+0000	beacon2.Variants	42.8GB
2023-02-09T02:32:33.737+0000	beacon2.Variants	42.8GB
2023-02-09T02:32:36.723+0000	beacon2.Variants	42.8GB
2023-02-09T02:32:39.731+0000	beacon2.Variants	42.9GB
2023-02-09T02:32:42.735+0000	beacon2.Variants	42.9GB
2023-02-09T02:32:45.723+0000	beacon2.Variants	43.0GB
2023-02-09T02:32:48.734+0000	beacon2.Variants	43.0GB
2023-02-09T02:32:51.724+0000	beacon2.Variants	43.0GB
2023-02-09T02:32:54.729+0000	beacon2.Variants	43.1GB
2023-02-09T02:32:57.724+0000	beacon2.Variants	43.1GB
2023-02-09T02:33:00.726+0000	beacon2.Variants	43.1GB
2023-02-09T02:33:03.724+0000	beacon2.Variants	43.2GB
2023-02-09T02:33:06.726+0000	beacon2.Variants	43.2GB
2023-02-09T02:33:09.728+0000	beacon2.Variants	43.2GB
2023-02-09T02:33:12.728+0000	beacon2.Variants	43.3GB
2023-02-09T02:33:15.726+0000	beacon2.Variants	43.3GB
2023-02-09T02:33:18.724+0000	beacon2.Variants	43.4GB
2023-02-09T02:33:21.723+0000	beacon2.Variants	43.4GB
2023-02-09T02:33:24.723+0000	beacon2.Variants	43.4GB
2023-02-09T02:33:27.737+0000	beacon2.Variants	43.5GB
2023-02-09T02:33:30.723+0000	beacon2.Variants	43.5GB
2023-02-09T02:33:33.725+0000	beacon2.Variants	43.6GB
2023-02-09T02:33:36.743+0000	beacon2.Variants	43.6GB
2023-02-09T02:33:39.731+0000	beacon2.Variants	43.6GB
2023-02-09T02:33:42.741+0000	beacon2.Variants	43.7GB
2023-02-09T02:33:45.724+0000	beacon2.Variants	43.7GB
2023-02-09T02:33:48.723+0000	beacon2.Variants	43.8GB
2023-02-09T02:33:51.726+0000	beacon2.Variants	43.8GB
2023-02-09T02:33:54.724+0000	beacon2.Variants	43.8GB
2023-02-09T02:33:57.723+0000	beacon2.Variants	43.9GB
2023-02-09T02:34:00.726+0000	beacon2.Variants	43.9GB
2023-02-09T02:34:03.723+0000	beacon2.Variants	43.9GB
2023-02-09T02:34:06.730+0000	beacon2.Variants	44.0GB
2023-02-09T02:34:09.723+0000	beacon2.Variants	44.0GB
2023-02-09T02:34:12.724+0000	beacon2.Variants	44.0GB
2023-02-09T02:34:15.736+0000	beacon2.Variants	44.1GB
2023-02-09T02:34:18.730+0000	beacon2.Variants	44.1GB
2023-02-09T02:34:21.723+0000	beacon2.Variants	44.2GB
2023-02-09T02:34:24.727+0000	beacon2.Variants	44.2GB
2023-02-09T02:34:27.725+0000	beacon2.Variants	44.2GB
2023-02-09T02:34:30.738+0000	beacon2.Variants	44.3GB
2023-02-09T02:34:33.725+0000	beacon2.Variants	44.3GB
2023-02-09T02:34:36.724+0000	beacon2.Variants	44.4GB
2023-02-09T02:34:39.732+0000	beacon2.Variants	44.4GB
2023-02-09T02:34:42.732+0000	beacon2.Variants	44.4GB
2023-02-09T02:34:45.730+0000	beacon2.Variants	44.5GB
2023-02-09T02:34:48.734+0000	beacon2.Variants	44.5GB
2023-02-09T02:34:51.723+0000	beacon2.Variants	44.5GB
2023-02-09T02:34:54.725+0000	beacon2.Variants	44.6GB
2023-02-09T02:34:57.726+0000	beacon2.Variants	44.6GB
2023-02-09T02:35:00.724+0000	beacon2.Variants	44.7GB
2023-02-09T02:35:03.723+0000	beacon2.Variants	44.7GB
2023-02-09T02:35:06.724+0000	beacon2.Variants	44.7GB
2023-02-09T02:35:09.724+0000	beacon2.Variants	44.8GB
2023-02-09T02:35:12.729+0000	beacon2.Variants	44.8GB
2023-02-09T02:35:15.724+0000	beacon2.Variants	44.9GB
2023-02-09T02:35:18.726+0000	beacon2.Variants	44.9GB
2023-02-09T02:35:21.723+0000	beacon2.Variants	44.9GB
2023-02-09T02:35:24.726+0000	beacon2.Variants	45.0GB
2023-02-09T02:35:27.730+0000	beacon2.Variants	45.0GB
2023-02-09T02:35:30.725+0000	beacon2.Variants	45.0GB
2023-02-09T02:35:33.726+0000	beacon2.Variants	45.1GB
2023-02-09T02:35:36.726+0000	beacon2.Variants	45.1GB
2023-02-09T02:35:39.729+0000	beacon2.Variants	45.1GB
2023-02-09T02:35:42.723+0000	beacon2.Variants	45.2GB
2023-02-09T02:35:45.723+0000	beacon2.Variants	45.2GB
2023-02-09T02:35:48.723+0000	beacon2.Variants	45.3GB
2023-02-09T02:35:51.726+0000	beacon2.Variants	45.3GB
2023-02-09T02:35:54.724+0000	beacon2.Variants	45.3GB
2023-02-09T02:35:57.731+0000	beacon2.Variants	45.4GB
2023-02-09T02:36:00.730+0000	beacon2.Variants	45.4GB
2023-02-09T02:36:03.723+0000	beacon2.Variants	45.5GB
2023-02-09T02:36:06.724+0000	beacon2.Variants	45.5GB
2023-02-09T02:36:09.723+0000	beacon2.Variants	45.5GB
2023-02-09T02:36:12.724+0000	beacon2.Variants	45.6GB
2023-02-09T02:36:15.723+0000	beacon2.Variants	45.6GB
2023-02-09T02:36:18.724+0000	beacon2.Variants	45.6GB
2023-02-09T02:36:21.723+0000	beacon2.Variants	45.7GB
2023-02-09T02:36:24.725+0000	beacon2.Variants	45.7GB
2023-02-09T02:36:27.724+0000	beacon2.Variants	45.8GB
2023-02-09T02:36:30.723+0000	beacon2.Variants	45.8GB
2023-02-09T02:36:33.723+0000	beacon2.Variants	45.8GB
2023-02-09T02:36:36.737+0000	beacon2.Variants	45.9GB
2023-02-09T02:36:39.727+0000	beacon2.Variants	45.9GB
2023-02-09T02:36:42.731+0000	beacon2.Variants	45.9GB
2023-02-09T02:36:45.730+0000	beacon2.Variants	46.0GB
2023-02-09T02:36:48.728+0000	beacon2.Variants	46.0GB
2023-02-09T02:36:51.726+0000	beacon2.Variants	46.1GB
2023-02-09T02:36:54.728+0000	beacon2.Variants	46.1GB
2023-02-09T02:36:57.727+0000	beacon2.Variants	46.1GB
2023-02-09T02:37:00.723+0000	beacon2.Variants	46.2GB
2023-02-09T02:37:03.723+0000	beacon2.Variants	46.2GB
2023-02-09T02:37:06.723+0000	beacon2.Variants	46.2GB
2023-02-09T02:37:09.724+0000	beacon2.Variants	46.3GB
2023-02-09T02:37:12.725+0000	beacon2.Variants	46.3GB
2023-02-09T02:37:15.723+0000	beacon2.Variants	46.4GB
2023-02-09T02:37:18.724+0000	beacon2.Variants	46.4GB
2023-02-09T02:37:21.744+0000	beacon2.Variants	46.4GB
2023-02-09T02:37:24.723+0000	beacon2.Variants	46.5GB
2023-02-09T02:37:27.733+0000	beacon2.Variants	46.5GB
2023-02-09T02:37:30.724+0000	beacon2.Variants	46.5GB
2023-02-09T02:37:33.733+0000	beacon2.Variants	46.6GB
2023-02-09T02:37:36.732+0000	beacon2.Variants	46.6GB
2023-02-09T02:37:39.723+0000	beacon2.Variants	46.7GB
2023-02-09T02:37:42.723+0000	beacon2.Variants	46.7GB
2023-02-09T02:37:45.723+0000	beacon2.Variants	46.7GB
2023-02-09T02:37:48.724+0000	beacon2.Variants	46.8GB
2023-02-09T02:37:51.723+0000	beacon2.Variants	46.8GB
2023-02-09T02:37:54.731+0000	beacon2.Variants	46.9GB
2023-02-09T02:37:57.725+0000	beacon2.Variants	46.9GB
2023-02-09T02:38:00.724+0000	beacon2.Variants	46.9GB
2023-02-09T02:38:03.723+0000	beacon2.Variants	47.0GB
2023-02-09T02:38:06.733+0000	beacon2.Variants	47.0GB
2023-02-09T02:38:09.723+0000	beacon2.Variants	47.0GB
2023-02-09T02:38:12.727+0000	beacon2.Variants	47.1GB
2023-02-09T02:38:15.723+0000	beacon2.Variants	47.1GB
2023-02-09T02:38:18.725+0000	beacon2.Variants	47.2GB
2023-02-09T02:38:21.723+0000	beacon2.Variants	47.2GB
2023-02-09T02:38:24.727+0000	beacon2.Variants	47.2GB
2023-02-09T02:38:27.723+0000	beacon2.Variants	47.3GB
2023-02-09T02:38:30.723+0000	beacon2.Variants	47.3GB
2023-02-09T02:38:33.739+0000	beacon2.Variants	47.4GB
2023-02-09T02:38:36.736+0000	beacon2.Variants	47.4GB
2023-02-09T02:38:39.723+0000	beacon2.Variants	47.4GB
2023-02-09T02:38:42.724+0000	beacon2.Variants	47.5GB
2023-02-09T02:38:45.727+0000	beacon2.Variants	47.5GB
2023-02-09T02:38:48.726+0000	beacon2.Variants	47.5GB
2023-02-09T02:38:51.726+0000	beacon2.Variants	47.6GB
2023-02-09T02:38:54.727+0000	beacon2.Variants	47.6GB
2023-02-09T02:38:57.723+0000	beacon2.Variants	47.6GB
2023-02-09T02:39:00.724+0000	beacon2.Variants	47.7GB
2023-02-09T02:39:03.723+0000	beacon2.Variants	47.7GB
2023-02-09T02:39:06.726+0000	beacon2.Variants	47.8GB
2023-02-09T02:39:09.723+0000	beacon2.Variants	47.8GB
2023-02-09T02:39:12.726+0000	beacon2.Variants	47.8GB
2023-02-09T02:39:15.724+0000	beacon2.Variants	47.9GB
2023-02-09T02:39:18.723+0000	beacon2.Variants	47.9GB
2023-02-09T02:39:21.724+0000	beacon2.Variants	48.0GB
2023-02-09T02:39:24.723+0000	beacon2.Variants	48.0GB
2023-02-09T02:39:27.723+0000	beacon2.Variants	48.0GB
2023-02-09T02:39:30.723+0000	beacon2.Variants	48.1GB
2023-02-09T02:39:33.726+0000	beacon2.Variants	48.1GB
2023-02-09T02:39:36.725+0000	beacon2.Variants	48.1GB
2023-02-09T02:39:39.728+0000	beacon2.Variants	48.2GB
2023-02-09T02:39:42.733+0000	beacon2.Variants	48.2GB
2023-02-09T02:39:45.728+0000	beacon2.Variants	48.2GB
2023-02-09T02:39:48.723+0000	beacon2.Variants	48.3GB
2023-02-09T02:39:51.732+0000	beacon2.Variants	48.3GB
2023-02-09T02:39:54.728+0000	beacon2.Variants	48.4GB
2023-02-09T02:39:57.727+0000	beacon2.Variants	48.4GB
2023-02-09T02:40:00.723+0000	beacon2.Variants	48.4GB
2023-02-09T02:40:03.727+0000	beacon2.Variants	48.5GB
2023-02-09T02:40:06.724+0000	beacon2.Variants	48.5GB
2023-02-09T02:40:09.723+0000	beacon2.Variants	48.6GB
2023-02-09T02:40:12.725+0000	beacon2.Variants	48.6GB
2023-02-09T02:40:15.724+0000	beacon2.Variants	48.6GB
2023-02-09T02:40:18.724+0000	beacon2.Variants	48.7GB
2023-02-09T02:40:21.724+0000	beacon2.Variants	48.7GB
2023-02-09T02:40:24.734+0000	beacon2.Variants	48.8GB
2023-02-09T02:40:27.724+0000	beacon2.Variants	48.8GB
2023-02-09T02:40:30.728+0000	beacon2.Variants	48.8GB
2023-02-09T02:40:33.723+0000	beacon2.Variants	48.9GB
2023-02-09T02:40:36.728+0000	beacon2.Variants	48.9GB
2023-02-09T02:40:39.724+0000	beacon2.Variants	48.9GB
2023-02-09T02:40:42.727+0000	beacon2.Variants	49.0GB
2023-02-09T02:40:45.723+0000	beacon2.Variants	49.0GB
2023-02-09T02:40:48.723+0000	beacon2.Variants	49.1GB
2023-02-09T02:40:51.723+0000	beacon2.Variants	49.1GB
2023-02-09T02:40:54.725+0000	beacon2.Variants	49.1GB
2023-02-09T02:40:57.727+0000	beacon2.Variants	49.2GB
2023-02-09T02:41:00.723+0000	beacon2.Variants	49.2GB
2023-02-09T02:41:03.730+0000	beacon2.Variants	49.2GB
2023-02-09T02:41:06.724+0000	beacon2.Variants	49.3GB
2023-02-09T02:41:09.736+0000	beacon2.Variants	49.3GB
2023-02-09T02:41:12.723+0000	beacon2.Variants	49.4GB
2023-02-09T02:41:15.726+0000	beacon2.Variants	49.4GB
2023-02-09T02:41:18.723+0000	beacon2.Variants	49.4GB
2023-02-09T02:41:21.723+0000	beacon2.Variants	49.5GB
2023-02-09T02:41:24.727+0000	beacon2.Variants	49.5GB
2023-02-09T02:41:27.726+0000	beacon2.Variants	49.5GB
2023-02-09T02:41:30.723+0000	beacon2.Variants	49.6GB
2023-02-09T02:41:33.730+0000	beacon2.Variants	49.6GB
2023-02-09T02:41:36.723+0000	beacon2.Variants	49.7GB
2023-02-09T02:41:39.725+0000	beacon2.Variants	49.7GB
2023-02-09T02:41:42.726+0000	beacon2.Variants	49.7GB
2023-02-09T02:41:45.724+0000	beacon2.Variants	49.8GB
2023-02-09T02:41:48.725+0000	beacon2.Variants	49.8GB
2023-02-09T02:41:51.723+0000	beacon2.Variants	49.9GB
2023-02-09T02:41:54.728+0000	beacon2.Variants	49.9GB
2023-02-09T02:41:57.728+0000	beacon2.Variants	49.9GB
2023-02-09T02:42:00.723+0000	beacon2.Variants	50.0GB
2023-02-09T02:42:03.726+0000	beacon2.Variants	50.0GB
2023-02-09T02:42:06.723+0000	beacon2.Variants	50.0GB
2023-02-09T02:42:09.723+0000	beacon2.Variants	50.1GB
2023-02-09T02:42:12.726+0000	beacon2.Variants	50.1GB
2023-02-09T02:42:15.728+0000	beacon2.Variants	50.2GB
2023-02-09T02:42:18.724+0000	beacon2.Variants	50.2GB
2023-02-09T02:42:21.723+0000	beacon2.Variants	50.2GB
2023-02-09T02:42:24.733+0000	beacon2.Variants	50.3GB
2023-02-09T02:42:27.725+0000	beacon2.Variants	50.3GB
2023-02-09T02:42:30.726+0000	beacon2.Variants	50.3GB
2023-02-09T02:42:33.723+0000	beacon2.Variants	50.4GB
2023-02-09T02:42:36.723+0000	beacon2.Variants	50.4GB
2023-02-09T02:42:39.729+0000	beacon2.Variants	50.5GB
2023-02-09T02:42:42.733+0000	beacon2.Variants	50.5GB
2023-02-09T02:42:45.723+0000	beacon2.Variants	50.5GB
2023-02-09T02:42:48.733+0000	beacon2.Variants	50.6GB
2023-02-09T02:42:51.725+0000	beacon2.Variants	50.6GB
2023-02-09T02:42:54.727+0000	beacon2.Variants	50.6GB
2023-02-09T02:42:57.727+0000	beacon2.Variants	50.7GB
2023-02-09T02:43:00.723+0000	beacon2.Variants	50.7GB
2023-02-09T02:43:03.726+0000	beacon2.Variants	50.8GB
2023-02-09T02:43:06.725+0000	beacon2.Variants	50.8GB
2023-02-09T02:43:09.724+0000	beacon2.Variants	50.8GB
2023-02-09T02:43:12.726+0000	beacon2.Variants	50.9GB
2023-02-09T02:43:15.725+0000	beacon2.Variants	50.9GB
2023-02-09T02:43:18.723+0000	beacon2.Variants	51.0GB
2023-02-09T02:43:21.728+0000	beacon2.Variants	51.0GB
2023-02-09T02:43:24.725+0000	beacon2.Variants	51.0GB
2023-02-09T02:43:27.730+0000	beacon2.Variants	51.1GB
2023-02-09T02:43:30.735+0000	beacon2.Variants	51.1GB
2023-02-09T02:43:33.723+0000	beacon2.Variants	51.1GB
2023-02-09T02:43:36.723+0000	beacon2.Variants	51.2GB
2023-02-09T02:43:39.732+0000	beacon2.Variants	51.2GB
2023-02-09T02:43:42.723+0000	beacon2.Variants	51.2GB
2023-02-09T02:43:45.724+0000	beacon2.Variants	51.3GB
2023-02-09T02:43:48.730+0000	beacon2.Variants	51.3GB
2023-02-09T02:43:51.726+0000	beacon2.Variants	51.4GB
2023-02-09T02:43:54.725+0000	beacon2.Variants	51.4GB
2023-02-09T02:43:57.726+0000	beacon2.Variants	51.5GB
2023-02-09T02:44:00.732+0000	beacon2.Variants	51.5GB
2023-02-09T02:44:03.723+0000	beacon2.Variants	51.5GB
2023-02-09T02:44:06.729+0000	beacon2.Variants	51.6GB
2023-02-09T02:44:09.723+0000	beacon2.Variants	51.6GB
2023-02-09T02:44:12.733+0000	beacon2.Variants	51.6GB
2023-02-09T02:44:15.730+0000	beacon2.Variants	51.7GB
2023-02-09T02:44:18.728+0000	beacon2.Variants	51.7GB
2023-02-09T02:44:21.724+0000	beacon2.Variants	51.8GB
2023-02-09T02:44:24.723+0000	beacon2.Variants	51.8GB
2023-02-09T02:44:27.723+0000	beacon2.Variants	51.8GB
2023-02-09T02:44:30.724+0000	beacon2.Variants	51.9GB
2023-02-09T02:44:33.726+0000	beacon2.Variants	51.9GB
2023-02-09T02:44:36.725+0000	beacon2.Variants	51.9GB
2023-02-09T02:44:39.730+0000	beacon2.Variants	52.0GB
2023-02-09T02:44:42.730+0000	beacon2.Variants	52.0GB
2023-02-09T02:44:45.723+0000	beacon2.Variants	52.0GB
2023-02-09T02:44:48.723+0000	beacon2.Variants	52.1GB
2023-02-09T02:44:51.725+0000	beacon2.Variants	52.1GB
2023-02-09T02:44:54.727+0000	beacon2.Variants	52.2GB
2023-02-09T02:44:57.732+0000	beacon2.Variants	52.2GB
2023-02-09T02:45:00.723+0000	beacon2.Variants	52.2GB
2023-02-09T02:45:03.726+0000	beacon2.Variants	52.3GB
2023-02-09T02:45:06.723+0000	beacon2.Variants	52.3GB
2023-02-09T02:45:09.723+0000	beacon2.Variants	52.4GB
2023-02-09T02:45:12.724+0000	beacon2.Variants	52.4GB
2023-02-09T02:45:15.723+0000	beacon2.Variants	52.4GB
2023-02-09T02:45:18.737+0000	beacon2.Variants	52.5GB
2023-02-09T02:45:21.723+0000	beacon2.Variants	52.5GB
2023-02-09T02:45:24.724+0000	beacon2.Variants	52.5GB
2023-02-09T02:45:27.729+0000	beacon2.Variants	52.6GB
2023-02-09T02:45:30.726+0000	beacon2.Variants	52.6GB
2023-02-09T02:45:33.725+0000	beacon2.Variants	52.7GB
2023-02-09T02:45:36.730+0000	beacon2.Variants	52.7GB
2023-02-09T02:45:39.723+0000	beacon2.Variants	52.7GB
2023-02-09T02:45:42.730+0000	beacon2.Variants	52.8GB
2023-02-09T02:45:45.723+0000	beacon2.Variants	52.8GB
2023-02-09T02:45:48.724+0000	beacon2.Variants	52.9GB
2023-02-09T02:45:51.723+0000	beacon2.Variants	52.9GB
2023-02-09T02:45:54.725+0000	beacon2.Variants	52.9GB
2023-02-09T02:45:57.726+0000	beacon2.Variants	53.0GB
2023-02-09T02:46:00.729+0000	beacon2.Variants	53.0GB
2023-02-09T02:46:03.723+0000	beacon2.Variants	53.0GB
2023-02-09T02:46:06.725+0000	beacon2.Variants	53.1GB
2023-02-09T02:46:09.723+0000	beacon2.Variants	53.1GB
2023-02-09T02:46:12.731+0000	beacon2.Variants	53.1GB
2023-02-09T02:46:15.723+0000	beacon2.Variants	53.2GB
2023-02-09T02:46:18.723+0000	beacon2.Variants	53.2GB
2023-02-09T02:46:21.725+0000	beacon2.Variants	53.3GB
2023-02-09T02:46:24.723+0000	beacon2.Variants	53.3GB
2023-02-09T02:46:27.734+0000	beacon2.Variants	53.3GB
2023-02-09T02:46:30.727+0000	beacon2.Variants	53.4GB
2023-02-09T02:46:33.723+0000	beacon2.Variants	53.4GB
2023-02-09T02:46:36.726+0000	beacon2.Variants	53.5GB
2023-02-09T02:46:39.726+0000	beacon2.Variants	53.5GB
2023-02-09T02:46:42.731+0000	beacon2.Variants	53.5GB
2023-02-09T02:46:45.726+0000	beacon2.Variants	53.6GB
2023-02-09T02:46:48.727+0000	beacon2.Variants	53.6GB
2023-02-09T02:46:51.723+0000	beacon2.Variants	53.6GB
2023-02-09T02:46:54.726+0000	beacon2.Variants	53.7GB
2023-02-09T02:46:57.723+0000	beacon2.Variants	53.7GB
2023-02-09T02:47:00.723+0000	beacon2.Variants	53.8GB
2023-02-09T02:47:03.726+0000	beacon2.Variants	53.8GB
2023-02-09T02:47:06.723+0000	beacon2.Variants	53.8GB
2023-02-09T02:47:09.723+0000	beacon2.Variants	53.9GB
2023-02-09T02:47:12.723+0000	beacon2.Variants	53.9GB
2023-02-09T02:47:15.727+0000	beacon2.Variants	54.0GB
2023-02-09T02:47:18.728+0000	beacon2.Variants	54.0GB
2023-02-09T02:47:21.727+0000	beacon2.Variants	54.0GB
2023-02-09T02:47:24.724+0000	beacon2.Variants	54.1GB
2023-02-09T02:47:27.723+0000	beacon2.Variants	54.1GB
2023-02-09T02:47:30.723+0000	beacon2.Variants	54.1GB
2023-02-09T02:47:33.740+0000	beacon2.Variants	54.2GB
2023-02-09T02:47:36.727+0000	beacon2.Variants	54.2GB
2023-02-09T02:47:39.749+0000	beacon2.Variants	54.2GB
2023-02-09T02:47:42.735+0000	beacon2.Variants	54.3GB
2023-02-09T02:47:45.724+0000	beacon2.Variants	54.3GB
2023-02-09T02:47:48.728+0000	beacon2.Variants	54.4GB
2023-02-09T02:47:51.723+0000	beacon2.Variants	54.4GB
2023-02-09T02:47:54.725+0000	beacon2.Variants	54.4GB
2023-02-09T02:47:57.736+0000	beacon2.Variants	54.5GB
2023-02-09T02:48:00.724+0000	beacon2.Variants	54.5GB
2023-02-09T02:48:03.723+0000	beacon2.Variants	54.5GB
2023-02-09T02:48:06.732+0000	beacon2.Variants	54.6GB
2023-02-09T02:48:09.724+0000	beacon2.Variants	54.6GB
2023-02-09T02:48:12.731+0000	beacon2.Variants	54.7GB
2023-02-09T02:48:15.724+0000	beacon2.Variants	54.7GB
2023-02-09T02:48:18.727+0000	beacon2.Variants	54.7GB
2023-02-09T02:48:21.733+0000	beacon2.Variants	54.8GB
2023-02-09T02:48:24.727+0000	beacon2.Variants	54.8GB
2023-02-09T02:48:27.734+0000	beacon2.Variants	54.9GB
2023-02-09T02:48:30.726+0000	beacon2.Variants	54.9GB
2023-02-09T02:48:33.723+0000	beacon2.Variants	54.9GB
2023-02-09T02:48:36.730+0000	beacon2.Variants	55.0GB
2023-02-09T02:48:39.732+0000	beacon2.Variants	55.0GB
2023-02-09T02:48:42.725+0000	beacon2.Variants	55.0GB
2023-02-09T02:48:45.723+0000	beacon2.Variants	55.1GB
2023-02-09T02:48:48.723+0000	beacon2.Variants	55.1GB
2023-02-09T02:48:51.723+0000	beacon2.Variants	55.2GB
2023-02-09T02:48:54.724+0000	beacon2.Variants	55.2GB
2023-02-09T02:48:57.723+0000	beacon2.Variants	55.2GB
2023-02-09T02:49:00.723+0000	beacon2.Variants	55.3GB
2023-02-09T02:49:03.727+0000	beacon2.Variants	55.3GB
2023-02-09T02:49:06.723+0000	beacon2.Variants	55.4GB
2023-02-09T02:49:09.723+0000	beacon2.Variants	55.4GB
2023-02-09T02:49:12.724+0000	beacon2.Variants	55.4GB
2023-02-09T02:49:15.728+0000	beacon2.Variants	55.5GB
2023-02-09T02:49:18.726+0000	beacon2.Variants	55.5GB
2023-02-09T02:49:21.723+0000	beacon2.Variants	55.5GB
2023-02-09T02:49:24.727+0000	beacon2.Variants	55.6GB
2023-02-09T02:49:27.730+0000	beacon2.Variants	55.6GB
2023-02-09T02:49:30.727+0000	beacon2.Variants	55.6GB
2023-02-09T02:49:33.724+0000	beacon2.Variants	55.7GB
2023-02-09T02:49:36.723+0000	beacon2.Variants	55.7GB
2023-02-09T02:49:39.724+0000	beacon2.Variants	55.8GB
2023-02-09T02:49:42.732+0000	beacon2.Variants	55.8GB
2023-02-09T02:49:45.725+0000	beacon2.Variants	55.8GB
2023-02-09T02:49:48.723+0000	beacon2.Variants	55.9GB
2023-02-09T02:49:51.735+0000	beacon2.Variants	55.9GB
2023-02-09T02:49:54.734+0000	beacon2.Variants	56.0GB
2023-02-09T02:49:57.724+0000	beacon2.Variants	56.0GB
2023-02-09T02:50:00.723+0000	beacon2.Variants	56.0GB
2023-02-09T02:50:03.723+0000	beacon2.Variants	56.1GB
2023-02-09T02:50:06.727+0000	beacon2.Variants	56.1GB
2023-02-09T02:50:09.723+0000	beacon2.Variants	56.1GB
2023-02-09T02:50:12.726+0000	beacon2.Variants	56.2GB
2023-02-09T02:50:15.727+0000	beacon2.Variants	56.2GB
2023-02-09T02:50:18.723+0000	beacon2.Variants	56.3GB
2023-02-09T02:50:21.730+0000	beacon2.Variants	56.3GB
2023-02-09T02:50:24.723+0000	beacon2.Variants	56.3GB
2023-02-09T02:50:27.726+0000	beacon2.Variants	56.4GB
2023-02-09T02:50:30.727+0000	beacon2.Variants	56.4GB
2023-02-09T02:50:33.725+0000	beacon2.Variants	56.5GB
2023-02-09T02:50:36.728+0000	beacon2.Variants	56.5GB
2023-02-09T02:50:39.723+0000	beacon2.Variants	56.5GB
2023-02-09T02:50:42.735+0000	beacon2.Variants	56.6GB
2023-02-09T02:50:45.734+0000	beacon2.Variants	56.6GB
2023-02-09T02:50:48.730+0000	beacon2.Variants	56.6GB
2023-02-09T02:50:51.726+0000	beacon2.Variants	56.7GB
2023-02-09T02:50:54.723+0000	beacon2.Variants	56.7GB
2023-02-09T02:50:57.727+0000	beacon2.Variants	56.8GB
2023-02-09T02:51:00.724+0000	beacon2.Variants	56.8GB
2023-02-09T02:51:03.723+0000	beacon2.Variants	56.8GB
2023-02-09T02:51:06.725+0000	beacon2.Variants	56.9GB
2023-02-09T02:51:09.725+0000	beacon2.Variants	56.9GB
2023-02-09T02:51:12.723+0000	beacon2.Variants	56.9GB
2023-02-09T02:51:15.736+0000	beacon2.Variants	57.0GB
2023-02-09T02:51:18.723+0000	beacon2.Variants	57.0GB
2023-02-09T02:51:21.728+0000	beacon2.Variants	57.0GB
2023-02-09T02:51:24.733+0000	beacon2.Variants	57.1GB
2023-02-09T02:51:27.726+0000	beacon2.Variants	57.1GB
2023-02-09T02:51:30.732+0000	beacon2.Variants	57.2GB
2023-02-09T02:51:33.723+0000	beacon2.Variants	57.2GB
2023-02-09T02:51:36.730+0000	beacon2.Variants	57.2GB
2023-02-09T02:51:39.729+0000	beacon2.Variants	57.3GB
2023-02-09T02:51:42.725+0000	beacon2.Variants	57.3GB
2023-02-09T02:51:45.729+0000	beacon2.Variants	57.4GB
2023-02-09T02:51:48.723+0000	beacon2.Variants	57.4GB
2023-02-09T02:51:51.725+0000	beacon2.Variants	57.4GB
2023-02-09T02:51:54.733+0000	beacon2.Variants	57.5GB
2023-02-09T02:51:57.726+0000	beacon2.Variants	57.5GB
2023-02-09T02:52:00.728+0000	beacon2.Variants	57.5GB
2023-02-09T02:52:03.723+0000	beacon2.Variants	57.6GB
2023-02-09T02:52:06.725+0000	beacon2.Variants	57.6GB
2023-02-09T02:52:09.727+0000	beacon2.Variants	57.7GB
2023-02-09T02:52:12.723+0000	beacon2.Variants	57.7GB
2023-02-09T02:52:15.727+0000	beacon2.Variants	57.7GB
2023-02-09T02:52:18.724+0000	beacon2.Variants	57.8GB
2023-02-09T02:52:21.724+0000	beacon2.Variants	57.8GB
2023-02-09T02:52:24.723+0000	beacon2.Variants	57.9GB
2023-02-09T02:52:27.725+0000	beacon2.Variants	57.9GB
2023-02-09T02:52:30.725+0000	beacon2.Variants	57.9GB
2023-02-09T02:52:33.723+0000	beacon2.Variants	58.0GB
2023-02-09T02:52:36.723+0000	beacon2.Variants	58.0GB
2023-02-09T02:52:39.724+0000	beacon2.Variants	58.0GB
2023-02-09T02:52:42.734+0000	beacon2.Variants	58.1GB
2023-02-09T02:52:45.727+0000	beacon2.Variants	58.1GB
2023-02-09T02:52:48.724+0000	beacon2.Variants	58.1GB
2023-02-09T02:52:51.732+0000	beacon2.Variants	58.2GB
2023-02-09T02:52:54.723+0000	beacon2.Variants	58.2GB
2023-02-09T02:52:57.723+0000	beacon2.Variants	58.3GB
2023-02-09T02:53:00.724+0000	beacon2.Variants	58.3GB
2023-02-09T02:53:03.723+0000	beacon2.Variants	58.4GB
2023-02-09T02:53:06.724+0000	beacon2.Variants	58.4GB
2023-02-09T02:53:09.726+0000	beacon2.Variants	58.4GB
2023-02-09T02:53:12.727+0000	beacon2.Variants	58.5GB
2023-02-09T02:53:15.733+0000	beacon2.Variants	58.5GB
2023-02-09T02:53:18.723+0000	beacon2.Variants	58.5GB
2023-02-09T02:53:21.724+0000	beacon2.Variants	58.6GB
2023-02-09T02:53:24.738+0000	beacon2.Variants	58.6GB
2023-02-09T02:53:27.728+0000	beacon2.Variants	58.6GB
2023-02-09T02:53:30.730+0000	beacon2.Variants	58.7GB
2023-02-09T02:53:33.724+0000	beacon2.Variants	58.7GB
2023-02-09T02:53:36.723+0000	beacon2.Variants	58.8GB
2023-02-09T02:53:39.724+0000	beacon2.Variants	58.8GB
2023-02-09T02:53:42.726+0000	beacon2.Variants	58.8GB
2023-02-09T02:53:45.745+0000	beacon2.Variants	58.9GB
2023-02-09T02:53:48.727+0000	beacon2.Variants	58.9GB
2023-02-09T02:53:51.725+0000	beacon2.Variants	59.0GB
2023-02-09T02:53:54.728+0000	beacon2.Variants	59.0GB
2023-02-09T02:53:57.734+0000	beacon2.Variants	59.0GB
2023-02-09T02:54:00.738+0000	beacon2.Variants	59.1GB
2023-02-09T02:54:03.723+0000	beacon2.Variants	59.1GB
2023-02-09T02:54:06.738+0000	beacon2.Variants	59.1GB
2023-02-09T02:54:09.727+0000	beacon2.Variants	59.2GB
2023-02-09T02:54:12.723+0000	beacon2.Variants	59.2GB
2023-02-09T02:54:15.723+0000	beacon2.Variants	59.3GB
2023-02-09T02:54:18.723+0000	beacon2.Variants	59.3GB
2023-02-09T02:54:21.726+0000	beacon2.Variants	59.3GB
2023-02-09T02:54:24.727+0000	beacon2.Variants	59.4GB
2023-02-09T02:54:27.723+0000	beacon2.Variants	59.4GB
2023-02-09T02:54:30.723+0000	beacon2.Variants	59.5GB
2023-02-09T02:54:33.724+0000	beacon2.Variants	59.5GB
2023-02-09T02:54:36.731+0000	beacon2.Variants	59.5GB
2023-02-09T02:54:39.728+0000	beacon2.Variants	59.6GB
2023-02-09T02:54:42.725+0000	beacon2.Variants	59.6GB
2023-02-09T02:54:45.725+0000	beacon2.Variants	59.6GB
2023-02-09T02:54:48.727+0000	beacon2.Variants	59.7GB
2023-02-09T02:54:51.723+0000	beacon2.Variants	59.7GB
2023-02-09T02:54:54.723+0000	beacon2.Variants	59.8GB
2023-02-09T02:54:57.724+0000	beacon2.Variants	59.8GB
2023-02-09T02:55:00.724+0000	beacon2.Variants	59.8GB
2023-02-09T02:55:03.726+0000	beacon2.Variants	59.9GB
2023-02-09T02:55:06.732+0000	beacon2.Variants	59.9GB
2023-02-09T02:55:09.735+0000	beacon2.Variants	59.9GB
2023-02-09T02:55:12.730+0000	beacon2.Variants	60.0GB
2023-02-09T02:55:15.730+0000	beacon2.Variants	60.0GB
2023-02-09T02:55:18.726+0000	beacon2.Variants	60.1GB
2023-02-09T02:55:21.726+0000	beacon2.Variants	60.1GB
2023-02-09T02:55:24.728+0000	beacon2.Variants	60.1GB
2023-02-09T02:55:27.723+0000	beacon2.Variants	60.2GB
2023-02-09T02:55:30.741+0000	beacon2.Variants	60.2GB
2023-02-09T02:55:33.724+0000	beacon2.Variants	60.2GB
2023-02-09T02:55:36.726+0000	beacon2.Variants	60.3GB
2023-02-09T02:55:39.723+0000	beacon2.Variants	60.3GB
2023-02-09T02:55:42.727+0000	beacon2.Variants	60.4GB
2023-02-09T02:55:45.723+0000	beacon2.Variants	60.4GB
2023-02-09T02:55:48.731+0000	beacon2.Variants	60.4GB
2023-02-09T02:55:51.725+0000	beacon2.Variants	60.5GB
2023-02-09T02:55:54.723+0000	beacon2.Variants	60.5GB
2023-02-09T02:55:57.732+0000	beacon2.Variants	60.5GB
2023-02-09T02:56:00.727+0000	beacon2.Variants	60.6GB
2023-02-09T02:56:03.723+0000	beacon2.Variants	60.6GB
2023-02-09T02:56:06.723+0000	beacon2.Variants	60.7GB
2023-02-09T02:56:09.726+0000	beacon2.Variants	60.7GB
2023-02-09T02:56:12.724+0000	beacon2.Variants	60.7GB
2023-02-09T02:56:15.726+0000	beacon2.Variants	60.8GB
2023-02-09T02:56:18.731+0000	beacon2.Variants	60.8GB
2023-02-09T02:56:21.726+0000	beacon2.Variants	60.9GB
2023-02-09T02:56:24.726+0000	beacon2.Variants	60.9GB
2023-02-09T02:56:27.729+0000	beacon2.Variants	60.9GB
2023-02-09T02:56:30.732+0000	beacon2.Variants	61.0GB
2023-02-09T02:56:33.723+0000	beacon2.Variants	61.0GB
2023-02-09T02:56:36.728+0000	beacon2.Variants	61.0GB
2023-02-09T02:56:39.723+0000	beacon2.Variants	61.1GB
2023-02-09T02:56:42.724+0000	beacon2.Variants	61.1GB
2023-02-09T02:56:45.729+0000	beacon2.Variants	61.2GB
2023-02-09T02:56:48.726+0000	beacon2.Variants	61.2GB
2023-02-09T02:56:51.723+0000	beacon2.Variants	61.2GB
2023-02-09T02:56:54.725+0000	beacon2.Variants	61.3GB
2023-02-09T02:56:57.723+0000	beacon2.Variants	61.3GB
2023-02-09T02:57:00.728+0000	beacon2.Variants	61.4GB
2023-02-09T02:57:03.728+0000	beacon2.Variants	61.4GB
2023-02-09T02:57:06.739+0000	beacon2.Variants	61.4GB
2023-02-09T02:57:09.725+0000	beacon2.Variants	61.5GB
2023-02-09T02:57:12.723+0000	beacon2.Variants	61.5GB
2023-02-09T02:57:15.723+0000	beacon2.Variants	61.5GB
2023-02-09T02:57:18.723+0000	beacon2.Variants	61.6GB
2023-02-09T02:57:21.723+0000	beacon2.Variants	61.6GB
2023-02-09T02:57:24.723+0000	beacon2.Variants	61.6GB
2023-02-09T02:57:27.724+0000	beacon2.Variants	61.7GB
2023-02-09T02:57:30.723+0000	beacon2.Variants	61.7GB
2023-02-09T02:57:33.724+0000	beacon2.Variants	61.8GB
2023-02-09T02:57:36.724+0000	beacon2.Variants	61.8GB
2023-02-09T02:57:39.728+0000	beacon2.Variants	61.8GB
2023-02-09T02:57:42.726+0000	beacon2.Variants	61.9GB
2023-02-09T02:57:45.727+0000	beacon2.Variants	61.9GB
2023-02-09T02:57:48.723+0000	beacon2.Variants	62.0GB
2023-02-09T02:57:51.730+0000	beacon2.Variants	62.0GB
2023-02-09T02:57:54.724+0000	beacon2.Variants	62.0GB
2023-02-09T02:57:57.730+0000	beacon2.Variants	62.1GB
2023-02-09T02:58:00.732+0000	beacon2.Variants	62.1GB
2023-02-09T02:58:03.725+0000	beacon2.Variants	62.1GB
2023-02-09T02:58:06.729+0000	beacon2.Variants	62.2GB
2023-02-09T02:58:09.723+0000	beacon2.Variants	62.2GB
2023-02-09T02:58:12.725+0000	beacon2.Variants	62.2GB
2023-02-09T02:58:15.724+0000	beacon2.Variants	62.3GB
2023-02-09T02:58:18.736+0000	beacon2.Variants	62.3GB
2023-02-09T02:58:21.725+0000	beacon2.Variants	62.4GB
2023-02-09T02:58:24.723+0000	beacon2.Variants	62.4GB
2023-02-09T02:58:27.724+0000	beacon2.Variants	62.4GB
2023-02-09T02:58:30.726+0000	beacon2.Variants	62.5GB
2023-02-09T02:58:33.734+0000	beacon2.Variants	62.5GB
2023-02-09T02:58:36.723+0000	beacon2.Variants	62.6GB
2023-02-09T02:58:39.725+0000	beacon2.Variants	62.6GB
2023-02-09T02:58:42.732+0000	beacon2.Variants	62.6GB
2023-02-09T02:58:45.724+0000	beacon2.Variants	62.7GB
2023-02-09T02:58:48.723+0000	beacon2.Variants	62.7GB
2023-02-09T02:58:51.723+0000	beacon2.Variants	62.8GB
2023-02-09T02:58:54.723+0000	beacon2.Variants	62.8GB
2023-02-09T02:58:57.741+0000	beacon2.Variants	62.8GB
2023-02-09T02:59:00.725+0000	beacon2.Variants	62.9GB
2023-02-09T02:59:03.729+0000	beacon2.Variants	62.9GB
2023-02-09T02:59:06.723+0000	beacon2.Variants	62.9GB
2023-02-09T02:59:09.723+0000	beacon2.Variants	63.0GB
2023-02-09T02:59:12.723+0000	beacon2.Variants	63.0GB
2023-02-09T02:59:15.723+0000	beacon2.Variants	63.0GB
2023-02-09T02:59:18.723+0000	beacon2.Variants	63.1GB
2023-02-09T02:59:21.723+0000	beacon2.Variants	63.1GB
2023-02-09T02:59:24.728+0000	beacon2.Variants	63.2GB
2023-02-09T02:59:27.732+0000	beacon2.Variants	63.2GB
2023-02-09T02:59:30.724+0000	beacon2.Variants	63.2GB
2023-02-09T02:59:33.733+0000	beacon2.Variants	63.3GB
2023-02-09T02:59:36.725+0000	beacon2.Variants	63.3GB
2023-02-09T02:59:39.723+0000	beacon2.Variants	63.4GB
2023-02-09T02:59:42.725+0000	beacon2.Variants	63.4GB
2023-02-09T02:59:45.728+0000	beacon2.Variants	63.4GB
2023-02-09T02:59:48.729+0000	beacon2.Variants	63.5GB
2023-02-09T02:59:51.723+0000	beacon2.Variants	63.5GB
2023-02-09T02:59:54.723+0000	beacon2.Variants	63.5GB
2023-02-09T02:59:57.723+0000	beacon2.Variants	63.6GB
2023-02-09T03:00:00.726+0000	beacon2.Variants	63.6GB
2023-02-09T03:00:03.723+0000	beacon2.Variants	63.7GB
2023-02-09T03:00:06.732+0000	beacon2.Variants	63.7GB
2023-02-09T03:00:09.728+0000	beacon2.Variants	63.7GB
2023-02-09T03:00:12.726+0000	beacon2.Variants	63.8GB
2023-02-09T03:00:15.724+0000	beacon2.Variants	63.8GB
2023-02-09T03:00:18.724+0000	beacon2.Variants	63.9GB
2023-02-09T03:00:21.729+0000	beacon2.Variants	63.9GB
2023-02-09T03:00:24.725+0000	beacon2.Variants	63.9GB
2023-02-09T03:00:27.723+0000	beacon2.Variants	64.0GB
2023-02-09T03:00:30.738+0000	beacon2.Variants	64.0GB
2023-02-09T03:00:33.723+0000	beacon2.Variants	64.0GB
2023-02-09T03:00:36.723+0000	beacon2.Variants	64.1GB
2023-02-09T03:00:39.727+0000	beacon2.Variants	64.1GB
2023-02-09T03:00:42.727+0000	beacon2.Variants	64.2GB
2023-02-09T03:00:45.723+0000	beacon2.Variants	64.2GB
2023-02-09T03:00:48.729+0000	beacon2.Variants	64.2GB
2023-02-09T03:00:51.725+0000	beacon2.Variants	64.3GB
2023-02-09T03:00:54.726+0000	beacon2.Variants	64.3GB
2023-02-09T03:00:57.729+0000	beacon2.Variants	64.3GB
2023-02-09T03:01:00.725+0000	beacon2.Variants	64.4GB
2023-02-09T03:01:03.731+0000	beacon2.Variants	64.4GB
2023-02-09T03:01:06.723+0000	beacon2.Variants	64.5GB
2023-02-09T03:01:09.730+0000	beacon2.Variants	64.5GB
2023-02-09T03:01:12.723+0000	beacon2.Variants	64.5GB
2023-02-09T03:01:15.723+0000	beacon2.Variants	64.6GB
2023-02-09T03:01:18.725+0000	beacon2.Variants	64.6GB
2023-02-09T03:01:21.723+0000	beacon2.Variants	64.7GB
2023-02-09T03:01:24.723+0000	beacon2.Variants	64.7GB
2023-02-09T03:01:27.725+0000	beacon2.Variants	64.7GB
2023-02-09T03:01:30.724+0000	beacon2.Variants	64.8GB
2023-02-09T03:01:33.731+0000	beacon2.Variants	64.8GB
2023-02-09T03:01:36.724+0000	beacon2.Variants	64.8GB
2023-02-09T03:01:39.724+0000	beacon2.Variants	64.9GB
2023-02-09T03:01:42.723+0000	beacon2.Variants	64.9GB
2023-02-09T03:01:45.724+0000	beacon2.Variants	65.0GB
2023-02-09T03:01:48.728+0000	beacon2.Variants	65.0GB
2023-02-09T03:01:51.732+0000	beacon2.Variants	65.0GB
2023-02-09T03:01:54.724+0000	beacon2.Variants	65.1GB
2023-02-09T03:01:57.733+0000	beacon2.Variants	65.1GB
2023-02-09T03:02:00.725+0000	beacon2.Variants	65.1GB
2023-02-09T03:02:03.723+0000	beacon2.Variants	65.2GB
2023-02-09T03:02:06.723+0000	beacon2.Variants	65.2GB
2023-02-09T03:02:09.727+0000	beacon2.Variants	65.3GB
2023-02-09T03:02:12.723+0000	beacon2.Variants	65.3GB
2023-02-09T03:02:15.725+0000	beacon2.Variants	65.3GB
2023-02-09T03:02:18.734+0000	beacon2.Variants	65.4GB
2023-02-09T03:02:21.724+0000	beacon2.Variants	65.4GB
2023-02-09T03:02:24.732+0000	beacon2.Variants	65.5GB
2023-02-09T03:02:27.738+0000	beacon2.Variants	65.5GB
2023-02-09T03:02:30.734+0000	beacon2.Variants	65.5GB
2023-02-09T03:02:33.723+0000	beacon2.Variants	65.6GB
2023-02-09T03:02:36.723+0000	beacon2.Variants	65.6GB
2023-02-09T03:02:39.723+0000	beacon2.Variants	65.6GB
2023-02-09T03:02:42.724+0000	beacon2.Variants	65.7GB
2023-02-09T03:02:45.735+0000	beacon2.Variants	65.7GB
2023-02-09T03:02:48.728+0000	beacon2.Variants	65.8GB
2023-02-09T03:02:51.726+0000	beacon2.Variants	65.8GB
2023-02-09T03:02:54.723+0000	beacon2.Variants	65.8GB
2023-02-09T03:02:57.725+0000	beacon2.Variants	65.9GB
2023-02-09T03:03:00.735+0000	beacon2.Variants	65.9GB
2023-02-09T03:03:03.723+0000	beacon2.Variants	65.9GB
2023-02-09T03:03:06.723+0000	beacon2.Variants	66.0GB
2023-02-09T03:03:09.728+0000	beacon2.Variants	66.0GB
2023-02-09T03:03:12.725+0000	beacon2.Variants	66.1GB
2023-02-09T03:03:15.727+0000	beacon2.Variants	66.1GB
2023-02-09T03:03:18.751+0000	beacon2.Variants	66.1GB
2023-02-09T03:03:21.723+0000	beacon2.Variants	66.2GB
2023-02-09T03:03:24.723+0000	beacon2.Variants	66.2GB
2023-02-09T03:03:27.726+0000	beacon2.Variants	66.2GB
2023-02-09T03:03:30.727+0000	beacon2.Variants	66.3GB
2023-02-09T03:03:33.728+0000	beacon2.Variants	66.3GB
2023-02-09T03:03:36.724+0000	beacon2.Variants	66.4GB
2023-02-09T03:03:39.723+0000	beacon2.Variants	66.4GB
2023-02-09T03:03:42.731+0000	beacon2.Variants	66.4GB
2023-02-09T03:03:45.723+0000	beacon2.Variants	66.5GB
2023-02-09T03:03:48.732+0000	beacon2.Variants	66.5GB
2023-02-09T03:03:51.723+0000	beacon2.Variants	66.5GB
2023-02-09T03:03:54.736+0000	beacon2.Variants	66.6GB
2023-02-09T03:03:57.723+0000	beacon2.Variants	66.6GB
2023-02-09T03:04:00.723+0000	beacon2.Variants	66.7GB
2023-02-09T03:04:03.723+0000	beacon2.Variants	66.7GB
2023-02-09T03:04:06.723+0000	beacon2.Variants	66.7GB
2023-02-09T03:04:09.728+0000	beacon2.Variants	66.8GB
2023-02-09T03:04:12.723+0000	beacon2.Variants	66.8GB
2023-02-09T03:04:15.725+0000	beacon2.Variants	66.8GB
2023-02-09T03:04:18.723+0000	beacon2.Variants	66.9GB
2023-02-09T03:04:21.723+0000	beacon2.Variants	66.9GB
2023-02-09T03:04:24.735+0000	beacon2.Variants	67.0GB
2023-02-09T03:04:27.725+0000	beacon2.Variants	67.0GB
2023-02-09T03:04:30.725+0000	beacon2.Variants	67.0GB
2023-02-09T03:04:33.724+0000	beacon2.Variants	67.1GB
2023-02-09T03:04:36.724+0000	beacon2.Variants	67.1GB
2023-02-09T03:04:39.724+0000	beacon2.Variants	67.2GB
2023-02-09T03:04:42.724+0000	beacon2.Variants	67.2GB
2023-02-09T03:04:45.723+0000	beacon2.Variants	67.2GB
2023-02-09T03:04:48.724+0000	beacon2.Variants	67.3GB
2023-02-09T03:04:51.723+0000	beacon2.Variants	67.3GB
2023-02-09T03:04:54.723+0000	beacon2.Variants	67.3GB
2023-02-09T03:04:57.724+0000	beacon2.Variants	67.4GB
2023-02-09T03:05:00.723+0000	beacon2.Variants	67.4GB
2023-02-09T03:05:03.733+0000	beacon2.Variants	67.5GB
2023-02-09T03:05:06.724+0000	beacon2.Variants	67.5GB
2023-02-09T03:05:09.723+0000	beacon2.Variants	67.5GB
2023-02-09T03:05:12.731+0000	beacon2.Variants	67.6GB
2023-02-09T03:05:15.723+0000	beacon2.Variants	67.6GB
2023-02-09T03:05:18.736+0000	beacon2.Variants	67.7GB
2023-02-09T03:05:21.729+0000	beacon2.Variants	67.7GB
2023-02-09T03:05:24.723+0000	beacon2.Variants	67.7GB
2023-02-09T03:05:27.723+0000	beacon2.Variants	67.8GB
2023-02-09T03:05:30.727+0000	beacon2.Variants	67.8GB
2023-02-09T03:05:33.731+0000	beacon2.Variants	67.8GB
2023-02-09T03:05:36.735+0000	beacon2.Variants	67.9GB
2023-02-09T03:05:39.724+0000	beacon2.Variants	67.9GB
2023-02-09T03:05:42.723+0000	beacon2.Variants	68.0GB
2023-02-09T03:05:45.723+0000	beacon2.Variants	68.0GB
2023-02-09T03:05:48.724+0000	beacon2.Variants	68.0GB
2023-02-09T03:05:51.724+0000	beacon2.Variants	68.1GB
2023-02-09T03:05:54.725+0000	beacon2.Variants	68.1GB
2023-02-09T03:05:57.724+0000	beacon2.Variants	68.2GB
2023-02-09T03:06:00.724+0000	beacon2.Variants	68.2GB
2023-02-09T03:06:03.724+0000	beacon2.Variants	68.2GB
2023-02-09T03:06:06.725+0000	beacon2.Variants	68.3GB
2023-02-09T03:06:09.727+0000	beacon2.Variants	68.3GB
2023-02-09T03:06:12.723+0000	beacon2.Variants	68.3GB
2023-02-09T03:06:15.723+0000	beacon2.Variants	68.4GB
2023-02-09T03:06:18.723+0000	beacon2.Variants	68.4GB
2023-02-09T03:06:21.727+0000	beacon2.Variants	68.5GB
2023-02-09T03:06:24.724+0000	beacon2.Variants	68.5GB
2023-02-09T03:06:27.723+0000	beacon2.Variants	68.5GB
2023-02-09T03:06:30.723+0000	beacon2.Variants	68.6GB
2023-02-09T03:06:33.725+0000	beacon2.Variants	68.6GB
2023-02-09T03:06:36.729+0000	beacon2.Variants	68.7GB
2023-02-09T03:06:39.728+0000	beacon2.Variants	68.7GB
2023-02-09T03:06:42.725+0000	beacon2.Variants	68.7GB
2023-02-09T03:06:45.725+0000	beacon2.Variants	68.8GB
2023-02-09T03:06:48.723+0000	beacon2.Variants	68.8GB
2023-02-09T03:06:51.740+0000	beacon2.Variants	68.8GB
2023-02-09T03:06:54.724+0000	beacon2.Variants	68.9GB
2023-02-09T03:06:57.733+0000	beacon2.Variants	68.9GB
2023-02-09T03:07:00.733+0000	beacon2.Variants	69.0GB
2023-02-09T03:07:03.723+0000	beacon2.Variants	69.0GB
2023-02-09T03:07:06.154+0000	beacon2.Variants	69.0GB
2023-02-09T03:07:06.154+0000	6473891 document(s) imported successfully. 0 document(s) failed to import.

real	91m5.456s
user	161m40.900s
sys	2m34.983s
