2023-02-08T14:43:07.861+0000	connected to: mongodb://[**REDACTED**]@localhost:27017/beacon2?authSource=admin
2023-02-08T14:43:10.866+0000	beacon2.Variants	37.4MB
2023-02-08T14:43:13.861+0000	beacon2.Variants	76.7MB
2023-02-08T14:43:16.871+0000	beacon2.Variants	116MB
2023-02-08T14:43:19.862+0000	beacon2.Variants	155MB
2023-02-08T14:43:22.864+0000	beacon2.Variants	193MB
2023-02-08T14:43:25.861+0000	beacon2.Variants	232MB
2023-02-08T14:43:28.861+0000	beacon2.Variants	271MB
2023-02-08T14:43:31.864+0000	beacon2.Variants	310MB
2023-02-08T14:43:34.862+0000	beacon2.Variants	348MB
2023-02-08T14:43:37.862+0000	beacon2.Variants	387MB
2023-02-08T14:43:40.864+0000	beacon2.Variants	426MB
2023-02-08T14:43:43.862+0000	beacon2.Variants	465MB
2023-02-08T14:43:46.863+0000	beacon2.Variants	504MB
2023-02-08T14:43:49.861+0000	beacon2.Variants	544MB
2023-02-08T14:43:52.862+0000	beacon2.Variants	583MB
2023-02-08T14:43:55.863+0000	beacon2.Variants	623MB
2023-02-08T14:43:58.864+0000	beacon2.Variants	663MB
2023-02-08T14:44:01.863+0000	beacon2.Variants	699MB
2023-02-08T14:44:04.869+0000	beacon2.Variants	738MB
2023-02-08T14:44:07.864+0000	beacon2.Variants	779MB
2023-02-08T14:44:10.868+0000	beacon2.Variants	816MB
2023-02-08T14:44:13.865+0000	beacon2.Variants	857MB
2023-02-08T14:44:16.863+0000	beacon2.Variants	896MB
2023-02-08T14:44:19.862+0000	beacon2.Variants	935MB
2023-02-08T14:44:22.867+0000	beacon2.Variants	974MB
2023-02-08T14:44:25.865+0000	beacon2.Variants	1014MB
2023-02-08T14:44:28.862+0000	beacon2.Variants	1.03GB
2023-02-08T14:44:31.862+0000	beacon2.Variants	1.07GB
2023-02-08T14:44:34.866+0000	beacon2.Variants	1.10GB
2023-02-08T14:44:37.861+0000	beacon2.Variants	1.14GB
2023-02-08T14:44:40.863+0000	beacon2.Variants	1.18GB
2023-02-08T14:44:43.861+0000	beacon2.Variants	1.22GB
2023-02-08T14:44:46.863+0000	beacon2.Variants	1.26GB
2023-02-08T14:44:49.864+0000	beacon2.Variants	1.30GB
2023-02-08T14:44:52.861+0000	beacon2.Variants	1.33GB
2023-02-08T14:44:55.864+0000	beacon2.Variants	1.37GB
2023-02-08T14:44:58.863+0000	beacon2.Variants	1.41GB
2023-02-08T14:45:01.863+0000	beacon2.Variants	1.45GB
2023-02-08T14:45:04.862+0000	beacon2.Variants	1.49GB
2023-02-08T14:45:07.872+0000	beacon2.Variants	1.53GB
2023-02-08T14:45:10.867+0000	beacon2.Variants	1.56GB
2023-02-08T14:45:13.878+0000	beacon2.Variants	1.60GB
2023-02-08T14:45:16.872+0000	beacon2.Variants	1.64GB
2023-02-08T14:45:19.870+0000	beacon2.Variants	1.68GB
2023-02-08T14:45:22.878+0000	beacon2.Variants	1.72GB
2023-02-08T14:45:25.871+0000	beacon2.Variants	1.76GB
2023-02-08T14:45:28.871+0000	beacon2.Variants	1.79GB
2023-02-08T14:45:31.862+0000	beacon2.Variants	1.83GB
2023-02-08T14:45:34.861+0000	beacon2.Variants	1.87GB
2023-02-08T14:45:37.863+0000	beacon2.Variants	1.91GB
2023-02-08T14:45:40.862+0000	beacon2.Variants	1.94GB
2023-02-08T14:45:43.865+0000	beacon2.Variants	1.98GB
2023-02-08T14:45:46.866+0000	beacon2.Variants	2.02GB
2023-02-08T14:45:49.862+0000	beacon2.Variants	2.06GB
2023-02-08T14:45:52.865+0000	beacon2.Variants	2.10GB
2023-02-08T14:45:55.861+0000	beacon2.Variants	2.14GB
2023-02-08T14:45:58.871+0000	beacon2.Variants	2.17GB
2023-02-08T14:46:01.864+0000	beacon2.Variants	2.21GB
2023-02-08T14:46:04.872+0000	beacon2.Variants	2.25GB
2023-02-08T14:46:07.865+0000	beacon2.Variants	2.29GB
2023-02-08T14:46:10.865+0000	beacon2.Variants	2.33GB
2023-02-08T14:46:13.866+0000	beacon2.Variants	2.37GB
2023-02-08T14:46:16.863+0000	beacon2.Variants	2.40GB
2023-02-08T14:46:19.861+0000	beacon2.Variants	2.44GB
2023-02-08T14:46:22.861+0000	beacon2.Variants	2.48GB
2023-02-08T14:46:25.861+0000	beacon2.Variants	2.52GB
2023-02-08T14:46:28.862+0000	beacon2.Variants	2.56GB
2023-02-08T14:46:31.861+0000	beacon2.Variants	2.59GB
2023-02-08T14:46:34.865+0000	beacon2.Variants	2.63GB
2023-02-08T14:46:37.862+0000	beacon2.Variants	2.67GB
2023-02-08T14:46:40.862+0000	beacon2.Variants	2.71GB
2023-02-08T14:46:43.871+0000	beacon2.Variants	2.75GB
2023-02-08T14:46:46.862+0000	beacon2.Variants	2.79GB
2023-02-08T14:46:49.863+0000	beacon2.Variants	2.82GB
2023-02-08T14:46:52.865+0000	beacon2.Variants	2.86GB
2023-02-08T14:46:55.864+0000	beacon2.Variants	2.90GB
2023-02-08T14:46:58.871+0000	beacon2.Variants	2.94GB
2023-02-08T14:47:01.865+0000	beacon2.Variants	2.98GB
2023-02-08T14:47:04.875+0000	beacon2.Variants	3.01GB
2023-02-08T14:47:07.862+0000	beacon2.Variants	3.05GB
2023-02-08T14:47:10.872+0000	beacon2.Variants	3.09GB
2023-02-08T14:47:13.867+0000	beacon2.Variants	3.13GB
2023-02-08T14:47:16.862+0000	beacon2.Variants	3.17GB
2023-02-08T14:47:19.866+0000	beacon2.Variants	3.21GB
2023-02-08T14:47:22.868+0000	beacon2.Variants	3.24GB
2023-02-08T14:47:25.861+0000	beacon2.Variants	3.28GB
2023-02-08T14:47:28.864+0000	beacon2.Variants	3.32GB
2023-02-08T14:47:31.861+0000	beacon2.Variants	3.36GB
2023-02-08T14:47:34.862+0000	beacon2.Variants	3.40GB
2023-02-08T14:47:37.881+0000	beacon2.Variants	3.43GB
2023-02-08T14:47:40.868+0000	beacon2.Variants	3.47GB
2023-02-08T14:47:43.867+0000	beacon2.Variants	3.51GB
2023-02-08T14:47:46.863+0000	beacon2.Variants	3.55GB
2023-02-08T14:47:49.861+0000	beacon2.Variants	3.59GB
2023-02-08T14:47:52.864+0000	beacon2.Variants	3.62GB
2023-02-08T14:47:55.869+0000	beacon2.Variants	3.66GB
2023-02-08T14:47:58.861+0000	beacon2.Variants	3.70GB
2023-02-08T14:48:01.862+0000	beacon2.Variants	3.74GB
2023-02-08T14:48:04.868+0000	beacon2.Variants	3.78GB
2023-02-08T14:48:07.862+0000	beacon2.Variants	3.81GB
2023-02-08T14:48:10.869+0000	beacon2.Variants	3.85GB
2023-02-08T14:48:13.863+0000	beacon2.Variants	3.89GB
2023-02-08T14:48:16.864+0000	beacon2.Variants	3.93GB
2023-02-08T14:48:19.868+0000	beacon2.Variants	3.97GB
2023-02-08T14:48:22.863+0000	beacon2.Variants	4.01GB
2023-02-08T14:48:25.863+0000	beacon2.Variants	4.04GB
2023-02-08T14:48:28.875+0000	beacon2.Variants	4.08GB
2023-02-08T14:48:31.866+0000	beacon2.Variants	4.12GB
2023-02-08T14:48:34.866+0000	beacon2.Variants	4.16GB
2023-02-08T14:48:37.861+0000	beacon2.Variants	4.20GB
2023-02-08T14:48:40.861+0000	beacon2.Variants	4.23GB
2023-02-08T14:48:43.863+0000	beacon2.Variants	4.27GB
2023-02-08T14:48:46.861+0000	beacon2.Variants	4.31GB
2023-02-08T14:48:49.881+0000	beacon2.Variants	4.35GB
2023-02-08T14:48:52.862+0000	beacon2.Variants	4.39GB
2023-02-08T14:48:55.864+0000	beacon2.Variants	4.42GB
2023-02-08T14:48:58.863+0000	beacon2.Variants	4.46GB
2023-02-08T14:49:01.871+0000	beacon2.Variants	4.50GB
2023-02-08T14:49:04.866+0000	beacon2.Variants	4.54GB
2023-02-08T14:49:07.861+0000	beacon2.Variants	4.58GB
2023-02-08T14:49:10.867+0000	beacon2.Variants	4.61GB
2023-02-08T14:49:13.861+0000	beacon2.Variants	4.65GB
2023-02-08T14:49:16.863+0000	beacon2.Variants	4.69GB
2023-02-08T14:49:19.863+0000	beacon2.Variants	4.73GB
2023-02-08T14:49:22.862+0000	beacon2.Variants	4.77GB
2023-02-08T14:49:25.881+0000	beacon2.Variants	4.80GB
2023-02-08T14:49:28.862+0000	beacon2.Variants	4.84GB
2023-02-08T14:49:31.865+0000	beacon2.Variants	4.88GB
2023-02-08T14:49:34.862+0000	beacon2.Variants	4.92GB
2023-02-08T14:49:37.865+0000	beacon2.Variants	4.96GB
2023-02-08T14:49:40.873+0000	beacon2.Variants	5.00GB
2023-02-08T14:49:43.862+0000	beacon2.Variants	5.03GB
2023-02-08T14:49:46.861+0000	beacon2.Variants	5.07GB
2023-02-08T14:49:49.867+0000	beacon2.Variants	5.11GB
2023-02-08T14:49:52.865+0000	beacon2.Variants	5.15GB
2023-02-08T14:49:55.867+0000	beacon2.Variants	5.19GB
2023-02-08T14:49:58.862+0000	beacon2.Variants	5.22GB
2023-02-08T14:50:01.864+0000	beacon2.Variants	5.26GB
2023-02-08T14:50:04.865+0000	beacon2.Variants	5.30GB
2023-02-08T14:50:07.861+0000	beacon2.Variants	5.34GB
2023-02-08T14:50:10.862+0000	beacon2.Variants	5.38GB
2023-02-08T14:50:13.862+0000	beacon2.Variants	5.42GB
2023-02-08T14:50:16.864+0000	beacon2.Variants	5.45GB
2023-02-08T14:50:19.861+0000	beacon2.Variants	5.49GB
2023-02-08T14:50:22.865+0000	beacon2.Variants	5.53GB
2023-02-08T14:50:25.868+0000	beacon2.Variants	5.57GB
2023-02-08T14:50:28.865+0000	beacon2.Variants	5.61GB
2023-02-08T14:50:31.864+0000	beacon2.Variants	5.64GB
2023-02-08T14:50:34.872+0000	beacon2.Variants	5.68GB
2023-02-08T14:50:37.863+0000	beacon2.Variants	5.72GB
2023-02-08T14:50:40.862+0000	beacon2.Variants	5.76GB
2023-02-08T14:50:43.865+0000	beacon2.Variants	5.80GB
2023-02-08T14:50:46.865+0000	beacon2.Variants	5.83GB
2023-02-08T14:50:49.861+0000	beacon2.Variants	5.87GB
2023-02-08T14:50:52.863+0000	beacon2.Variants	5.91GB
2023-02-08T14:50:55.862+0000	beacon2.Variants	5.95GB
2023-02-08T14:50:58.862+0000	beacon2.Variants	5.99GB
2023-02-08T14:51:01.867+0000	beacon2.Variants	6.03GB
2023-02-08T14:51:04.864+0000	beacon2.Variants	6.06GB
2023-02-08T14:51:07.861+0000	beacon2.Variants	6.10GB
2023-02-08T14:51:10.862+0000	beacon2.Variants	6.14GB
2023-02-08T14:51:13.861+0000	beacon2.Variants	6.18GB
2023-02-08T14:51:16.866+0000	beacon2.Variants	6.21GB
2023-02-08T14:51:19.863+0000	beacon2.Variants	6.25GB
2023-02-08T14:51:22.883+0000	beacon2.Variants	6.29GB
2023-02-08T14:51:25.861+0000	beacon2.Variants	6.33GB
2023-02-08T14:51:28.865+0000	beacon2.Variants	6.37GB
2023-02-08T14:51:31.861+0000	beacon2.Variants	6.41GB
2023-02-08T14:51:34.863+0000	beacon2.Variants	6.44GB
2023-02-08T14:51:37.861+0000	beacon2.Variants	6.48GB
2023-02-08T14:51:40.870+0000	beacon2.Variants	6.52GB
2023-02-08T14:51:43.869+0000	beacon2.Variants	6.56GB
2023-02-08T14:51:46.871+0000	beacon2.Variants	6.60GB
2023-02-08T14:51:49.864+0000	beacon2.Variants	6.63GB
2023-02-08T14:51:52.886+0000	beacon2.Variants	6.67GB
2023-02-08T14:51:55.862+0000	beacon2.Variants	6.71GB
2023-02-08T14:51:58.864+0000	beacon2.Variants	6.75GB
2023-02-08T14:52:01.870+0000	beacon2.Variants	6.79GB
2023-02-08T14:52:04.861+0000	beacon2.Variants	6.82GB
2023-02-08T14:52:07.861+0000	beacon2.Variants	6.86GB
2023-02-08T14:52:10.866+0000	beacon2.Variants	6.90GB
2023-02-08T14:52:13.872+0000	beacon2.Variants	6.94GB
2023-02-08T14:52:16.861+0000	beacon2.Variants	6.97GB
2023-02-08T14:52:19.864+0000	beacon2.Variants	7.01GB
2023-02-08T14:52:22.861+0000	beacon2.Variants	7.05GB
2023-02-08T14:52:25.870+0000	beacon2.Variants	7.09GB
2023-02-08T14:52:28.865+0000	beacon2.Variants	7.13GB
2023-02-08T14:52:31.862+0000	beacon2.Variants	7.17GB
2023-02-08T14:52:34.864+0000	beacon2.Variants	7.20GB
2023-02-08T14:52:37.861+0000	beacon2.Variants	7.24GB
2023-02-08T14:52:40.862+0000	beacon2.Variants	7.28GB
2023-02-08T14:52:43.867+0000	beacon2.Variants	7.32GB
2023-02-08T14:52:46.867+0000	beacon2.Variants	7.36GB
2023-02-08T14:52:49.861+0000	beacon2.Variants	7.39GB
2023-02-08T14:52:52.861+0000	beacon2.Variants	7.43GB
2023-02-08T14:52:55.862+0000	beacon2.Variants	7.47GB
2023-02-08T14:52:58.861+0000	beacon2.Variants	7.51GB
2023-02-08T14:53:01.863+0000	beacon2.Variants	7.55GB
2023-02-08T14:53:04.866+0000	beacon2.Variants	7.58GB
2023-02-08T14:53:07.862+0000	beacon2.Variants	7.62GB
2023-02-08T14:53:10.861+0000	beacon2.Variants	7.66GB
2023-02-08T14:53:13.872+0000	beacon2.Variants	7.70GB
2023-02-08T14:53:16.869+0000	beacon2.Variants	7.74GB
2023-02-08T14:53:19.862+0000	beacon2.Variants	7.77GB
2023-02-08T14:53:22.866+0000	beacon2.Variants	7.81GB
2023-02-08T14:53:25.861+0000	beacon2.Variants	7.85GB
2023-02-08T14:53:28.861+0000	beacon2.Variants	7.89GB
2023-02-08T14:53:31.862+0000	beacon2.Variants	7.93GB
2023-02-08T14:53:34.868+0000	beacon2.Variants	7.97GB
2023-02-08T14:53:37.874+0000	beacon2.Variants	8.00GB
2023-02-08T14:53:40.874+0000	beacon2.Variants	8.04GB
2023-02-08T14:53:43.865+0000	beacon2.Variants	8.08GB
2023-02-08T14:53:46.866+0000	beacon2.Variants	8.12GB
2023-02-08T14:53:49.862+0000	beacon2.Variants	8.16GB
2023-02-08T14:53:52.862+0000	beacon2.Variants	8.19GB
2023-02-08T14:53:55.861+0000	beacon2.Variants	8.23GB
2023-02-08T14:53:58.863+0000	beacon2.Variants	8.27GB
2023-02-08T14:54:01.865+0000	beacon2.Variants	8.31GB
2023-02-08T14:54:04.865+0000	beacon2.Variants	8.34GB
2023-02-08T14:54:07.863+0000	beacon2.Variants	8.38GB
2023-02-08T14:54:10.863+0000	beacon2.Variants	8.42GB
2023-02-08T14:54:13.863+0000	beacon2.Variants	8.46GB
2023-02-08T14:54:16.864+0000	beacon2.Variants	8.50GB
2023-02-08T14:54:19.864+0000	beacon2.Variants	8.53GB
2023-02-08T14:54:22.863+0000	beacon2.Variants	8.57GB
2023-02-08T14:54:25.868+0000	beacon2.Variants	8.61GB
2023-02-08T14:54:28.863+0000	beacon2.Variants	8.65GB
2023-02-08T14:54:31.867+0000	beacon2.Variants	8.69GB
2023-02-08T14:54:34.863+0000	beacon2.Variants	8.72GB
2023-02-08T14:54:37.865+0000	beacon2.Variants	8.76GB
2023-02-08T14:54:40.867+0000	beacon2.Variants	8.80GB
2023-02-08T14:54:43.861+0000	beacon2.Variants	8.84GB
2023-02-08T14:54:46.861+0000	beacon2.Variants	8.87GB
2023-02-08T14:54:49.861+0000	beacon2.Variants	8.91GB
2023-02-08T14:54:52.861+0000	beacon2.Variants	8.95GB
2023-02-08T14:54:55.863+0000	beacon2.Variants	8.98GB
2023-02-08T14:54:58.862+0000	beacon2.Variants	9.02GB
2023-02-08T14:55:01.861+0000	beacon2.Variants	9.06GB
2023-02-08T14:55:04.863+0000	beacon2.Variants	9.10GB
2023-02-08T14:55:07.862+0000	beacon2.Variants	9.13GB
2023-02-08T14:55:10.875+0000	beacon2.Variants	9.17GB
2023-02-08T14:55:13.863+0000	beacon2.Variants	9.21GB
2023-02-08T14:55:16.861+0000	beacon2.Variants	9.25GB
2023-02-08T14:55:19.864+0000	beacon2.Variants	9.29GB
2023-02-08T14:55:22.866+0000	beacon2.Variants	9.32GB
2023-02-08T14:55:25.862+0000	beacon2.Variants	9.36GB
2023-02-08T14:55:28.865+0000	beacon2.Variants	9.40GB
2023-02-08T14:55:31.867+0000	beacon2.Variants	9.44GB
2023-02-08T14:55:34.867+0000	beacon2.Variants	9.48GB
2023-02-08T14:55:37.861+0000	beacon2.Variants	9.51GB
2023-02-08T14:55:40.866+0000	beacon2.Variants	9.55GB
2023-02-08T14:55:43.875+0000	beacon2.Variants	9.59GB
2023-02-08T14:55:46.861+0000	beacon2.Variants	9.63GB
2023-02-08T14:55:49.866+0000	beacon2.Variants	9.66GB
2023-02-08T14:55:52.862+0000	beacon2.Variants	9.70GB
2023-02-08T14:55:55.865+0000	beacon2.Variants	9.74GB
2023-02-08T14:55:58.862+0000	beacon2.Variants	9.78GB
2023-02-08T14:56:01.862+0000	beacon2.Variants	9.82GB
2023-02-08T14:56:04.868+0000	beacon2.Variants	9.85GB
2023-02-08T14:56:07.871+0000	beacon2.Variants	9.89GB
2023-02-08T14:56:10.865+0000	beacon2.Variants	9.93GB
2023-02-08T14:56:13.867+0000	beacon2.Variants	9.97GB
2023-02-08T14:56:16.861+0000	beacon2.Variants	10.0GB
2023-02-08T14:56:19.864+0000	beacon2.Variants	10.1GB
2023-02-08T14:56:22.862+0000	beacon2.Variants	10.1GB
2023-02-08T14:56:25.863+0000	beacon2.Variants	10.1GB
2023-02-08T14:56:28.862+0000	beacon2.Variants	10.2GB
2023-02-08T14:56:31.868+0000	beacon2.Variants	10.2GB
2023-02-08T14:56:34.865+0000	beacon2.Variants	10.2GB
2023-02-08T14:56:37.861+0000	beacon2.Variants	10.3GB
2023-02-08T14:56:40.864+0000	beacon2.Variants	10.3GB
2023-02-08T14:56:43.869+0000	beacon2.Variants	10.3GB
2023-02-08T14:56:46.862+0000	beacon2.Variants	10.4GB
2023-02-08T14:56:49.861+0000	beacon2.Variants	10.4GB
2023-02-08T14:56:52.862+0000	beacon2.Variants	10.5GB
2023-02-08T14:56:55.861+0000	beacon2.Variants	10.5GB
2023-02-08T14:56:58.877+0000	beacon2.Variants	10.5GB
2023-02-08T14:57:01.864+0000	beacon2.Variants	10.6GB
2023-02-08T14:57:04.876+0000	beacon2.Variants	10.6GB
2023-02-08T14:57:07.861+0000	beacon2.Variants	10.7GB
2023-02-08T14:57:10.871+0000	beacon2.Variants	10.7GB
2023-02-08T14:57:13.867+0000	beacon2.Variants	10.7GB
2023-02-08T14:57:16.862+0000	beacon2.Variants	10.8GB
2023-02-08T14:57:19.865+0000	beacon2.Variants	10.8GB
2023-02-08T14:57:22.863+0000	beacon2.Variants	10.8GB
2023-02-08T14:57:25.867+0000	beacon2.Variants	10.9GB
2023-02-08T14:57:28.861+0000	beacon2.Variants	10.9GB
2023-02-08T14:57:31.861+0000	beacon2.Variants	11.0GB
2023-02-08T14:57:34.865+0000	beacon2.Variants	11.0GB
2023-02-08T14:57:37.869+0000	beacon2.Variants	11.0GB
2023-02-08T14:57:40.872+0000	beacon2.Variants	11.1GB
2023-02-08T14:57:43.861+0000	beacon2.Variants	11.1GB
2023-02-08T14:57:46.864+0000	beacon2.Variants	11.2GB
2023-02-08T14:57:49.868+0000	beacon2.Variants	11.2GB
2023-02-08T14:57:52.862+0000	beacon2.Variants	11.2GB
2023-02-08T14:57:55.861+0000	beacon2.Variants	11.3GB
2023-02-08T14:57:58.861+0000	beacon2.Variants	11.3GB
2023-02-08T14:58:01.871+0000	beacon2.Variants	11.3GB
2023-02-08T14:58:04.863+0000	beacon2.Variants	11.4GB
2023-02-08T14:58:07.869+0000	beacon2.Variants	11.4GB
2023-02-08T14:58:10.861+0000	beacon2.Variants	11.5GB
2023-02-08T14:58:13.862+0000	beacon2.Variants	11.5GB
2023-02-08T14:58:16.862+0000	beacon2.Variants	11.5GB
2023-02-08T14:58:19.862+0000	beacon2.Variants	11.6GB
2023-02-08T14:58:22.861+0000	beacon2.Variants	11.6GB
2023-02-08T14:58:25.862+0000	beacon2.Variants	11.7GB
2023-02-08T14:58:28.887+0000	beacon2.Variants	11.7GB
2023-02-08T14:58:31.861+0000	beacon2.Variants	11.7GB
2023-02-08T14:58:34.862+0000	beacon2.Variants	11.8GB
2023-02-08T14:58:37.864+0000	beacon2.Variants	11.8GB
2023-02-08T14:58:40.874+0000	beacon2.Variants	11.8GB
2023-02-08T14:58:43.862+0000	beacon2.Variants	11.9GB
2023-02-08T14:58:46.861+0000	beacon2.Variants	11.9GB
2023-02-08T14:58:49.863+0000	beacon2.Variants	12.0GB
2023-02-08T14:58:52.862+0000	beacon2.Variants	12.0GB
2023-02-08T14:58:55.877+0000	beacon2.Variants	12.0GB
2023-02-08T14:58:58.863+0000	beacon2.Variants	12.1GB
2023-02-08T14:59:01.864+0000	beacon2.Variants	12.1GB
2023-02-08T14:59:04.869+0000	beacon2.Variants	12.2GB
2023-02-08T14:59:07.875+0000	beacon2.Variants	12.2GB
2023-02-08T14:59:10.862+0000	beacon2.Variants	12.2GB
2023-02-08T14:59:13.861+0000	beacon2.Variants	12.3GB
2023-02-08T14:59:16.861+0000	beacon2.Variants	12.3GB
2023-02-08T14:59:19.868+0000	beacon2.Variants	12.3GB
2023-02-08T14:59:22.861+0000	beacon2.Variants	12.4GB
2023-02-08T14:59:25.866+0000	beacon2.Variants	12.4GB
2023-02-08T14:59:28.862+0000	beacon2.Variants	12.4GB
2023-02-08T14:59:31.862+0000	beacon2.Variants	12.5GB
2023-02-08T14:59:34.863+0000	beacon2.Variants	12.5GB
2023-02-08T14:59:37.868+0000	beacon2.Variants	12.6GB
2023-02-08T14:59:40.864+0000	beacon2.Variants	12.6GB
2023-02-08T14:59:43.862+0000	beacon2.Variants	12.6GB
2023-02-08T14:59:46.861+0000	beacon2.Variants	12.7GB
2023-02-08T14:59:49.861+0000	beacon2.Variants	12.7GB
2023-02-08T14:59:52.864+0000	beacon2.Variants	12.8GB
2023-02-08T14:59:55.861+0000	beacon2.Variants	12.8GB
2023-02-08T14:59:58.862+0000	beacon2.Variants	12.8GB
2023-02-08T15:00:01.868+0000	beacon2.Variants	12.9GB
2023-02-08T15:00:04.861+0000	beacon2.Variants	12.9GB
2023-02-08T15:00:07.861+0000	beacon2.Variants	12.9GB
2023-02-08T15:00:10.861+0000	beacon2.Variants	13.0GB
2023-02-08T15:00:13.866+0000	beacon2.Variants	13.0GB
2023-02-08T15:00:16.868+0000	beacon2.Variants	13.1GB
2023-02-08T15:00:19.863+0000	beacon2.Variants	13.1GB
2023-02-08T15:00:22.861+0000	beacon2.Variants	13.1GB
2023-02-08T15:00:25.862+0000	beacon2.Variants	13.2GB
2023-02-08T15:00:28.862+0000	beacon2.Variants	13.2GB
2023-02-08T15:00:31.861+0000	beacon2.Variants	13.2GB
2023-02-08T15:00:34.861+0000	beacon2.Variants	13.3GB
2023-02-08T15:00:37.861+0000	beacon2.Variants	13.3GB
2023-02-08T15:00:40.861+0000	beacon2.Variants	13.4GB
2023-02-08T15:00:43.861+0000	beacon2.Variants	13.4GB
2023-02-08T15:00:46.865+0000	beacon2.Variants	13.4GB
2023-02-08T15:00:49.865+0000	beacon2.Variants	13.5GB
2023-02-08T15:00:52.863+0000	beacon2.Variants	13.5GB
2023-02-08T15:00:55.866+0000	beacon2.Variants	13.6GB
2023-02-08T15:00:58.869+0000	beacon2.Variants	13.6GB
2023-02-08T15:01:01.873+0000	beacon2.Variants	13.6GB
2023-02-08T15:01:04.876+0000	beacon2.Variants	13.7GB
2023-02-08T15:01:07.867+0000	beacon2.Variants	13.7GB
2023-02-08T15:01:10.862+0000	beacon2.Variants	13.7GB
2023-02-08T15:01:13.862+0000	beacon2.Variants	13.8GB
2023-02-08T15:01:16.864+0000	beacon2.Variants	13.8GB
2023-02-08T15:01:19.864+0000	beacon2.Variants	13.8GB
2023-02-08T15:01:22.865+0000	beacon2.Variants	13.9GB
2023-02-08T15:01:25.861+0000	beacon2.Variants	13.9GB
2023-02-08T15:01:28.862+0000	beacon2.Variants	14.0GB
2023-02-08T15:01:31.864+0000	beacon2.Variants	14.0GB
2023-02-08T15:01:34.875+0000	beacon2.Variants	14.0GB
2023-02-08T15:01:37.864+0000	beacon2.Variants	14.1GB
2023-02-08T15:01:40.891+0000	beacon2.Variants	14.1GB
2023-02-08T15:01:43.867+0000	beacon2.Variants	14.2GB
2023-02-08T15:01:46.870+0000	beacon2.Variants	14.2GB
2023-02-08T15:01:49.870+0000	beacon2.Variants	14.2GB
2023-02-08T15:01:52.863+0000	beacon2.Variants	14.3GB
2023-02-08T15:01:55.862+0000	beacon2.Variants	14.3GB
2023-02-08T15:01:58.861+0000	beacon2.Variants	14.3GB
2023-02-08T15:02:01.875+0000	beacon2.Variants	14.4GB
2023-02-08T15:02:04.861+0000	beacon2.Variants	14.4GB
2023-02-08T15:02:07.862+0000	beacon2.Variants	14.4GB
2023-02-08T15:02:10.867+0000	beacon2.Variants	14.5GB
2023-02-08T15:02:13.861+0000	beacon2.Variants	14.5GB
2023-02-08T15:02:16.861+0000	beacon2.Variants	14.6GB
2023-02-08T15:02:19.867+0000	beacon2.Variants	14.6GB
2023-02-08T15:02:22.867+0000	beacon2.Variants	14.7GB
2023-02-08T15:02:25.864+0000	beacon2.Variants	14.7GB
2023-02-08T15:02:28.863+0000	beacon2.Variants	14.7GB
2023-02-08T15:02:31.861+0000	beacon2.Variants	14.8GB
2023-02-08T15:02:34.868+0000	beacon2.Variants	14.8GB
2023-02-08T15:02:37.863+0000	beacon2.Variants	14.8GB
2023-02-08T15:02:40.864+0000	beacon2.Variants	14.9GB
2023-02-08T15:02:43.863+0000	beacon2.Variants	14.9GB
2023-02-08T15:02:46.861+0000	beacon2.Variants	14.9GB
2023-02-08T15:02:49.868+0000	beacon2.Variants	15.0GB
2023-02-08T15:02:52.863+0000	beacon2.Variants	15.0GB
2023-02-08T15:02:55.864+0000	beacon2.Variants	15.1GB
2023-02-08T15:02:58.868+0000	beacon2.Variants	15.1GB
2023-02-08T15:03:01.863+0000	beacon2.Variants	15.1GB
2023-02-08T15:03:04.862+0000	beacon2.Variants	15.2GB
2023-02-08T15:03:07.874+0000	beacon2.Variants	15.2GB
2023-02-08T15:03:10.861+0000	beacon2.Variants	15.2GB
2023-02-08T15:03:13.869+0000	beacon2.Variants	15.3GB
2023-02-08T15:03:16.863+0000	beacon2.Variants	15.3GB
2023-02-08T15:03:19.862+0000	beacon2.Variants	15.4GB
2023-02-08T15:03:22.863+0000	beacon2.Variants	15.4GB
2023-02-08T15:03:25.861+0000	beacon2.Variants	15.4GB
2023-02-08T15:03:28.869+0000	beacon2.Variants	15.5GB
2023-02-08T15:03:31.862+0000	beacon2.Variants	15.5GB
2023-02-08T15:03:34.866+0000	beacon2.Variants	15.6GB
2023-02-08T15:03:37.861+0000	beacon2.Variants	15.6GB
2023-02-08T15:03:40.861+0000	beacon2.Variants	15.6GB
2023-02-08T15:03:43.861+0000	beacon2.Variants	15.7GB
2023-02-08T15:03:46.861+0000	beacon2.Variants	15.7GB
2023-02-08T15:03:49.871+0000	beacon2.Variants	15.8GB
2023-02-08T15:03:52.861+0000	beacon2.Variants	15.8GB
2023-02-08T15:03:55.868+0000	beacon2.Variants	15.8GB
2023-02-08T15:03:58.863+0000	beacon2.Variants	15.9GB
2023-02-08T15:04:01.866+0000	beacon2.Variants	15.9GB
2023-02-08T15:04:04.870+0000	beacon2.Variants	15.9GB
2023-02-08T15:04:07.861+0000	beacon2.Variants	16.0GB
2023-02-08T15:04:10.865+0000	beacon2.Variants	16.0GB
2023-02-08T15:04:13.862+0000	beacon2.Variants	16.1GB
2023-02-08T15:04:16.876+0000	beacon2.Variants	16.1GB
2023-02-08T15:04:19.869+0000	beacon2.Variants	16.1GB
2023-02-08T15:04:22.868+0000	beacon2.Variants	16.2GB
2023-02-08T15:04:25.863+0000	beacon2.Variants	16.2GB
2023-02-08T15:04:28.866+0000	beacon2.Variants	16.2GB
2023-02-08T15:04:31.871+0000	beacon2.Variants	16.3GB
2023-02-08T15:04:34.861+0000	beacon2.Variants	16.3GB
2023-02-08T15:04:37.878+0000	beacon2.Variants	16.4GB
2023-02-08T15:04:40.861+0000	beacon2.Variants	16.4GB
2023-02-08T15:04:43.863+0000	beacon2.Variants	16.4GB
2023-02-08T15:04:46.870+0000	beacon2.Variants	16.5GB
2023-02-08T15:04:49.863+0000	beacon2.Variants	16.5GB
2023-02-08T15:04:52.861+0000	beacon2.Variants	16.5GB
2023-02-08T15:04:55.863+0000	beacon2.Variants	16.6GB
2023-02-08T15:04:58.865+0000	beacon2.Variants	16.6GB
2023-02-08T15:05:01.866+0000	beacon2.Variants	16.6GB
2023-02-08T15:05:04.861+0000	beacon2.Variants	16.7GB
2023-02-08T15:05:07.861+0000	beacon2.Variants	16.7GB
2023-02-08T15:05:10.861+0000	beacon2.Variants	16.8GB
2023-02-08T15:05:13.862+0000	beacon2.Variants	16.8GB
2023-02-08T15:05:16.877+0000	beacon2.Variants	16.8GB
2023-02-08T15:05:19.861+0000	beacon2.Variants	16.9GB
2023-02-08T15:05:22.870+0000	beacon2.Variants	16.9GB
2023-02-08T15:05:25.865+0000	beacon2.Variants	17.0GB
2023-02-08T15:05:28.867+0000	beacon2.Variants	17.0GB
2023-02-08T15:05:31.864+0000	beacon2.Variants	17.0GB
2023-02-08T15:05:34.863+0000	beacon2.Variants	17.1GB
2023-02-08T15:05:37.885+0000	beacon2.Variants	17.1GB
2023-02-08T15:05:40.863+0000	beacon2.Variants	17.1GB
2023-02-08T15:05:43.861+0000	beacon2.Variants	17.2GB
2023-02-08T15:05:46.861+0000	beacon2.Variants	17.2GB
2023-02-08T15:05:49.863+0000	beacon2.Variants	17.3GB
2023-02-08T15:05:52.868+0000	beacon2.Variants	17.3GB
2023-02-08T15:05:55.863+0000	beacon2.Variants	17.3GB
2023-02-08T15:05:58.862+0000	beacon2.Variants	17.4GB
2023-02-08T15:06:01.862+0000	beacon2.Variants	17.4GB
2023-02-08T15:06:04.862+0000	beacon2.Variants	17.4GB
2023-02-08T15:06:07.861+0000	beacon2.Variants	17.5GB
2023-02-08T15:06:10.861+0000	beacon2.Variants	17.5GB
2023-02-08T15:06:13.864+0000	beacon2.Variants	17.6GB
2023-02-08T15:06:16.863+0000	beacon2.Variants	17.6GB
2023-02-08T15:06:19.864+0000	beacon2.Variants	17.6GB
2023-02-08T15:06:22.861+0000	beacon2.Variants	17.7GB
2023-02-08T15:06:25.874+0000	beacon2.Variants	17.7GB
2023-02-08T15:06:28.861+0000	beacon2.Variants	17.8GB
2023-02-08T15:06:31.870+0000	beacon2.Variants	17.8GB
2023-02-08T15:06:34.875+0000	beacon2.Variants	17.8GB
2023-02-08T15:06:37.866+0000	beacon2.Variants	17.9GB
2023-02-08T15:06:40.862+0000	beacon2.Variants	17.9GB
2023-02-08T15:06:43.861+0000	beacon2.Variants	17.9GB
2023-02-08T15:06:46.867+0000	beacon2.Variants	18.0GB
2023-02-08T15:06:49.866+0000	beacon2.Variants	18.0GB
2023-02-08T15:06:52.866+0000	beacon2.Variants	18.1GB
2023-02-08T15:06:55.862+0000	beacon2.Variants	18.1GB
2023-02-08T15:06:58.869+0000	beacon2.Variants	18.1GB
2023-02-08T15:07:01.879+0000	beacon2.Variants	18.2GB
2023-02-08T15:07:04.878+0000	beacon2.Variants	18.2GB
2023-02-08T15:07:07.874+0000	beacon2.Variants	18.2GB
2023-02-08T15:07:10.862+0000	beacon2.Variants	18.3GB
2023-02-08T15:07:13.862+0000	beacon2.Variants	18.3GB
2023-02-08T15:07:16.862+0000	beacon2.Variants	18.4GB
2023-02-08T15:07:19.863+0000	beacon2.Variants	18.4GB
2023-02-08T15:07:22.865+0000	beacon2.Variants	18.4GB
2023-02-08T15:07:25.865+0000	beacon2.Variants	18.5GB
2023-02-08T15:07:28.862+0000	beacon2.Variants	18.5GB
2023-02-08T15:07:31.864+0000	beacon2.Variants	18.6GB
2023-02-08T15:07:34.869+0000	beacon2.Variants	18.6GB
2023-02-08T15:07:37.864+0000	beacon2.Variants	18.6GB
2023-02-08T15:07:40.861+0000	beacon2.Variants	18.7GB
2023-02-08T15:07:43.861+0000	beacon2.Variants	18.7GB
2023-02-08T15:07:46.871+0000	beacon2.Variants	18.8GB
2023-02-08T15:07:49.863+0000	beacon2.Variants	18.8GB
2023-02-08T15:07:52.861+0000	beacon2.Variants	18.8GB
2023-02-08T15:07:55.867+0000	beacon2.Variants	18.9GB
2023-02-08T15:07:58.869+0000	beacon2.Variants	18.9GB
2023-02-08T15:08:01.866+0000	beacon2.Variants	18.9GB
2023-02-08T15:08:04.861+0000	beacon2.Variants	19.0GB
2023-02-08T15:08:07.869+0000	beacon2.Variants	19.0GB
2023-02-08T15:08:10.861+0000	beacon2.Variants	19.1GB
2023-02-08T15:08:13.868+0000	beacon2.Variants	19.1GB
2023-02-08T15:08:16.863+0000	beacon2.Variants	19.1GB
2023-02-08T15:08:19.868+0000	beacon2.Variants	19.2GB
2023-02-08T15:08:22.867+0000	beacon2.Variants	19.2GB
2023-02-08T15:08:25.861+0000	beacon2.Variants	19.2GB
2023-02-08T15:08:28.868+0000	beacon2.Variants	19.3GB
2023-02-08T15:08:31.867+0000	beacon2.Variants	19.3GB
2023-02-08T15:08:34.861+0000	beacon2.Variants	19.4GB
2023-02-08T15:08:37.861+0000	beacon2.Variants	19.4GB
2023-02-08T15:08:40.861+0000	beacon2.Variants	19.4GB
2023-02-08T15:08:43.863+0000	beacon2.Variants	19.5GB
2023-02-08T15:08:46.863+0000	beacon2.Variants	19.5GB
2023-02-08T15:08:49.861+0000	beacon2.Variants	19.6GB
2023-02-08T15:08:52.865+0000	beacon2.Variants	19.6GB
2023-02-08T15:08:55.864+0000	beacon2.Variants	19.6GB
2023-02-08T15:08:58.871+0000	beacon2.Variants	19.7GB
2023-02-08T15:09:01.862+0000	beacon2.Variants	19.7GB
2023-02-08T15:09:04.862+0000	beacon2.Variants	19.7GB
2023-02-08T15:09:07.861+0000	beacon2.Variants	19.8GB
2023-02-08T15:09:10.869+0000	beacon2.Variants	19.8GB
2023-02-08T15:09:13.861+0000	beacon2.Variants	19.9GB
2023-02-08T15:09:16.861+0000	beacon2.Variants	19.9GB
2023-02-08T15:09:19.862+0000	beacon2.Variants	19.9GB
2023-02-08T15:09:22.862+0000	beacon2.Variants	20.0GB
2023-02-08T15:09:25.861+0000	beacon2.Variants	20.0GB
2023-02-08T15:09:28.863+0000	beacon2.Variants	20.0GB
2023-02-08T15:09:31.861+0000	beacon2.Variants	20.1GB
2023-02-08T15:09:34.871+0000	beacon2.Variants	20.1GB
2023-02-08T15:09:37.863+0000	beacon2.Variants	20.2GB
2023-02-08T15:09:40.866+0000	beacon2.Variants	20.2GB
2023-02-08T15:09:43.862+0000	beacon2.Variants	20.2GB
2023-02-08T15:09:46.865+0000	beacon2.Variants	20.3GB
2023-02-08T15:09:49.865+0000	beacon2.Variants	20.3GB
2023-02-08T15:09:52.861+0000	beacon2.Variants	20.4GB
2023-02-08T15:09:55.866+0000	beacon2.Variants	20.4GB
2023-02-08T15:09:58.862+0000	beacon2.Variants	20.4GB
2023-02-08T15:10:01.864+0000	beacon2.Variants	20.5GB
2023-02-08T15:10:04.862+0000	beacon2.Variants	20.5GB
2023-02-08T15:10:07.861+0000	beacon2.Variants	20.5GB
2023-02-08T15:10:10.866+0000	beacon2.Variants	20.6GB
2023-02-08T15:10:13.875+0000	beacon2.Variants	20.6GB
2023-02-08T15:10:16.861+0000	beacon2.Variants	20.6GB
2023-02-08T15:10:19.861+0000	beacon2.Variants	20.7GB
2023-02-08T15:10:22.861+0000	beacon2.Variants	20.7GB
2023-02-08T15:10:25.861+0000	beacon2.Variants	20.8GB
2023-02-08T15:10:28.864+0000	beacon2.Variants	20.8GB
2023-02-08T15:10:31.862+0000	beacon2.Variants	20.9GB
2023-02-08T15:10:34.862+0000	beacon2.Variants	20.9GB
2023-02-08T15:10:37.863+0000	beacon2.Variants	20.9GB
2023-02-08T15:10:40.863+0000	beacon2.Variants	21.0GB
2023-02-08T15:10:43.886+0000	beacon2.Variants	21.0GB
2023-02-08T15:10:46.864+0000	beacon2.Variants	21.0GB
2023-02-08T15:10:49.861+0000	beacon2.Variants	21.1GB
2023-02-08T15:10:52.866+0000	beacon2.Variants	21.1GB
2023-02-08T15:10:55.862+0000	beacon2.Variants	21.1GB
2023-02-08T15:10:58.863+0000	beacon2.Variants	21.2GB
2023-02-08T15:11:01.861+0000	beacon2.Variants	21.2GB
2023-02-08T15:11:04.864+0000	beacon2.Variants	21.3GB
2023-02-08T15:11:07.863+0000	beacon2.Variants	21.3GB
2023-02-08T15:11:10.861+0000	beacon2.Variants	21.3GB
2023-02-08T15:11:13.862+0000	beacon2.Variants	21.4GB
2023-02-08T15:11:16.861+0000	beacon2.Variants	21.4GB
2023-02-08T15:11:19.864+0000	beacon2.Variants	21.4GB
2023-02-08T15:11:22.873+0000	beacon2.Variants	21.5GB
2023-02-08T15:11:25.863+0000	beacon2.Variants	21.5GB
2023-02-08T15:11:28.862+0000	beacon2.Variants	21.6GB
2023-02-08T15:11:31.861+0000	beacon2.Variants	21.6GB
2023-02-08T15:11:34.861+0000	beacon2.Variants	21.6GB
2023-02-08T15:11:37.868+0000	beacon2.Variants	21.7GB
2023-02-08T15:11:40.861+0000	beacon2.Variants	21.7GB
2023-02-08T15:11:43.866+0000	beacon2.Variants	21.8GB
2023-02-08T15:11:46.863+0000	beacon2.Variants	21.8GB
2023-02-08T15:11:49.867+0000	beacon2.Variants	21.8GB
2023-02-08T15:11:52.865+0000	beacon2.Variants	21.9GB
2023-02-08T15:11:55.861+0000	beacon2.Variants	21.9GB
2023-02-08T15:11:58.862+0000	beacon2.Variants	21.9GB
2023-02-08T15:12:01.867+0000	beacon2.Variants	22.0GB
2023-02-08T15:12:04.861+0000	beacon2.Variants	22.0GB
2023-02-08T15:12:07.861+0000	beacon2.Variants	22.1GB
2023-02-08T15:12:10.880+0000	beacon2.Variants	22.1GB
2023-02-08T15:12:13.865+0000	beacon2.Variants	22.1GB
2023-02-08T15:12:16.864+0000	beacon2.Variants	22.2GB
2023-02-08T15:12:19.863+0000	beacon2.Variants	22.2GB
2023-02-08T15:12:22.868+0000	beacon2.Variants	22.2GB
2023-02-08T15:12:25.868+0000	beacon2.Variants	22.3GB
2023-02-08T15:12:28.861+0000	beacon2.Variants	22.3GB
2023-02-08T15:12:31.863+0000	beacon2.Variants	22.4GB
2023-02-08T15:12:34.864+0000	beacon2.Variants	22.4GB
2023-02-08T15:12:37.861+0000	beacon2.Variants	22.4GB
2023-02-08T15:12:40.867+0000	beacon2.Variants	22.5GB
2023-02-08T15:12:43.871+0000	beacon2.Variants	22.5GB
2023-02-08T15:12:46.865+0000	beacon2.Variants	22.6GB
2023-02-08T15:12:49.861+0000	beacon2.Variants	22.6GB
2023-02-08T15:12:52.865+0000	beacon2.Variants	22.6GB
2023-02-08T15:12:55.865+0000	beacon2.Variants	22.7GB
2023-02-08T15:12:58.863+0000	beacon2.Variants	22.7GB
2023-02-08T15:13:01.874+0000	beacon2.Variants	22.7GB
2023-02-08T15:13:04.867+0000	beacon2.Variants	22.8GB
2023-02-08T15:13:07.865+0000	beacon2.Variants	22.8GB
2023-02-08T15:13:10.867+0000	beacon2.Variants	22.9GB
2023-02-08T15:13:13.862+0000	beacon2.Variants	22.9GB
2023-02-08T15:13:16.862+0000	beacon2.Variants	22.9GB
2023-02-08T15:13:19.861+0000	beacon2.Variants	23.0GB
2023-02-08T15:13:22.864+0000	beacon2.Variants	23.0GB
2023-02-08T15:13:25.864+0000	beacon2.Variants	23.1GB
2023-02-08T15:13:28.863+0000	beacon2.Variants	23.1GB
2023-02-08T15:13:31.872+0000	beacon2.Variants	23.1GB
2023-02-08T15:13:34.863+0000	beacon2.Variants	23.2GB
2023-02-08T15:13:37.862+0000	beacon2.Variants	23.2GB
2023-02-08T15:13:40.861+0000	beacon2.Variants	23.2GB
2023-02-08T15:13:43.861+0000	beacon2.Variants	23.3GB
2023-02-08T15:13:46.865+0000	beacon2.Variants	23.3GB
2023-02-08T15:13:49.862+0000	beacon2.Variants	23.4GB
2023-02-08T15:13:52.862+0000	beacon2.Variants	23.4GB
2023-02-08T15:13:55.862+0000	beacon2.Variants	23.4GB
2023-02-08T15:13:58.867+0000	beacon2.Variants	23.5GB
2023-02-08T15:14:01.873+0000	beacon2.Variants	23.5GB
2023-02-08T15:14:04.867+0000	beacon2.Variants	23.5GB
2023-02-08T15:14:07.861+0000	beacon2.Variants	23.6GB
2023-02-08T15:14:10.861+0000	beacon2.Variants	23.6GB
2023-02-08T15:14:13.862+0000	beacon2.Variants	23.6GB
2023-02-08T15:14:16.861+0000	beacon2.Variants	23.7GB
2023-02-08T15:14:19.867+0000	beacon2.Variants	23.7GB
2023-02-08T15:14:22.861+0000	beacon2.Variants	23.8GB
2023-02-08T15:14:25.862+0000	beacon2.Variants	23.8GB
2023-02-08T15:14:28.861+0000	beacon2.Variants	23.8GB
2023-02-08T15:14:31.865+0000	beacon2.Variants	23.9GB
2023-02-08T15:14:34.861+0000	beacon2.Variants	23.9GB
2023-02-08T15:14:37.865+0000	beacon2.Variants	24.0GB
2023-02-08T15:14:40.867+0000	beacon2.Variants	24.0GB
2023-02-08T15:14:43.899+0000	beacon2.Variants	24.0GB
2023-02-08T15:14:46.866+0000	beacon2.Variants	24.1GB
2023-02-08T15:14:49.864+0000	beacon2.Variants	24.1GB
2023-02-08T15:14:52.865+0000	beacon2.Variants	24.1GB
2023-02-08T15:14:55.871+0000	beacon2.Variants	24.2GB
2023-02-08T15:14:58.873+0000	beacon2.Variants	24.2GB
2023-02-08T15:15:01.868+0000	beacon2.Variants	24.3GB
2023-02-08T15:15:04.861+0000	beacon2.Variants	24.3GB
2023-02-08T15:15:07.869+0000	beacon2.Variants	24.3GB
2023-02-08T15:15:10.875+0000	beacon2.Variants	24.4GB
2023-02-08T15:15:13.868+0000	beacon2.Variants	24.4GB
2023-02-08T15:15:16.869+0000	beacon2.Variants	24.4GB
2023-02-08T15:15:19.870+0000	beacon2.Variants	24.5GB
2023-02-08T15:15:22.867+0000	beacon2.Variants	24.5GB
2023-02-08T15:15:25.862+0000	beacon2.Variants	24.6GB
2023-02-08T15:15:28.864+0000	beacon2.Variants	24.6GB
2023-02-08T15:15:31.864+0000	beacon2.Variants	24.6GB
2023-02-08T15:15:34.864+0000	beacon2.Variants	24.7GB
2023-02-08T15:15:37.862+0000	beacon2.Variants	24.7GB
2023-02-08T15:15:40.863+0000	beacon2.Variants	24.8GB
2023-02-08T15:15:43.863+0000	beacon2.Variants	24.8GB
2023-02-08T15:15:46.862+0000	beacon2.Variants	24.8GB
2023-02-08T15:15:49.861+0000	beacon2.Variants	24.9GB
2023-02-08T15:15:52.863+0000	beacon2.Variants	24.9GB
2023-02-08T15:15:55.862+0000	beacon2.Variants	24.9GB
2023-02-08T15:15:58.861+0000	beacon2.Variants	25.0GB
2023-02-08T15:16:01.866+0000	beacon2.Variants	25.0GB
2023-02-08T15:16:04.867+0000	beacon2.Variants	25.1GB
2023-02-08T15:16:07.870+0000	beacon2.Variants	25.1GB
2023-02-08T15:16:10.872+0000	beacon2.Variants	25.1GB
2023-02-08T15:16:13.865+0000	beacon2.Variants	25.2GB
2023-02-08T15:16:16.861+0000	beacon2.Variants	25.2GB
2023-02-08T15:16:19.861+0000	beacon2.Variants	25.2GB
2023-02-08T15:16:22.867+0000	beacon2.Variants	25.3GB
2023-02-08T15:16:25.862+0000	beacon2.Variants	25.3GB
2023-02-08T15:16:28.861+0000	beacon2.Variants	25.4GB
2023-02-08T15:16:31.869+0000	beacon2.Variants	25.4GB
2023-02-08T15:16:34.869+0000	beacon2.Variants	25.4GB
2023-02-08T15:16:37.861+0000	beacon2.Variants	25.5GB
2023-02-08T15:16:40.866+0000	beacon2.Variants	25.5GB
2023-02-08T15:16:43.863+0000	beacon2.Variants	25.6GB
2023-02-08T15:16:46.862+0000	beacon2.Variants	25.6GB
2023-02-08T15:16:49.862+0000	beacon2.Variants	25.6GB
2023-02-08T15:16:52.867+0000	beacon2.Variants	25.7GB
2023-02-08T15:16:55.861+0000	beacon2.Variants	25.7GB
2023-02-08T15:16:58.877+0000	beacon2.Variants	25.7GB
2023-02-08T15:17:01.863+0000	beacon2.Variants	25.8GB
2023-02-08T15:17:04.867+0000	beacon2.Variants	25.8GB
2023-02-08T15:17:07.877+0000	beacon2.Variants	25.9GB
2023-02-08T15:17:10.862+0000	beacon2.Variants	25.9GB
2023-02-08T15:17:13.861+0000	beacon2.Variants	25.9GB
2023-02-08T15:17:16.862+0000	beacon2.Variants	26.0GB
2023-02-08T15:17:19.863+0000	beacon2.Variants	26.0GB
2023-02-08T15:17:22.865+0000	beacon2.Variants	26.0GB
2023-02-08T15:17:25.863+0000	beacon2.Variants	26.1GB
2023-02-08T15:17:28.861+0000	beacon2.Variants	26.1GB
2023-02-08T15:17:31.865+0000	beacon2.Variants	26.1GB
2023-02-08T15:17:34.870+0000	beacon2.Variants	26.2GB
2023-02-08T15:17:37.862+0000	beacon2.Variants	26.2GB
2023-02-08T15:17:40.866+0000	beacon2.Variants	26.3GB
2023-02-08T15:17:43.863+0000	beacon2.Variants	26.3GB
2023-02-08T15:17:46.861+0000	beacon2.Variants	26.3GB
2023-02-08T15:17:49.863+0000	beacon2.Variants	26.4GB
2023-02-08T15:17:52.861+0000	beacon2.Variants	26.4GB
2023-02-08T15:17:55.861+0000	beacon2.Variants	26.4GB
2023-02-08T15:17:58.870+0000	beacon2.Variants	26.5GB
2023-02-08T15:18:01.868+0000	beacon2.Variants	26.5GB
2023-02-08T15:18:04.861+0000	beacon2.Variants	26.6GB
2023-02-08T15:18:07.862+0000	beacon2.Variants	26.6GB
2023-02-08T15:18:10.867+0000	beacon2.Variants	26.6GB
2023-02-08T15:18:13.862+0000	beacon2.Variants	26.7GB
2023-02-08T15:18:16.863+0000	beacon2.Variants	26.7GB
2023-02-08T15:18:19.871+0000	beacon2.Variants	26.8GB
2023-02-08T15:18:22.864+0000	beacon2.Variants	26.8GB
2023-02-08T15:18:25.869+0000	beacon2.Variants	26.8GB
2023-02-08T15:18:28.861+0000	beacon2.Variants	26.9GB
2023-02-08T15:18:31.866+0000	beacon2.Variants	26.9GB
2023-02-08T15:18:34.862+0000	beacon2.Variants	26.9GB
2023-02-08T15:18:37.872+0000	beacon2.Variants	27.0GB
2023-02-08T15:18:40.869+0000	beacon2.Variants	27.0GB
2023-02-08T15:18:43.862+0000	beacon2.Variants	27.1GB
2023-02-08T15:18:46.863+0000	beacon2.Variants	27.1GB
2023-02-08T15:18:49.865+0000	beacon2.Variants	27.1GB
2023-02-08T15:18:52.861+0000	beacon2.Variants	27.2GB
2023-02-08T15:18:55.863+0000	beacon2.Variants	27.2GB
2023-02-08T15:18:58.865+0000	beacon2.Variants	27.2GB
2023-02-08T15:19:01.862+0000	beacon2.Variants	27.3GB
2023-02-08T15:19:04.864+0000	beacon2.Variants	27.3GB
2023-02-08T15:19:07.862+0000	beacon2.Variants	27.4GB
2023-02-08T15:19:10.862+0000	beacon2.Variants	27.4GB
2023-02-08T15:19:13.865+0000	beacon2.Variants	27.4GB
2023-02-08T15:19:16.867+0000	beacon2.Variants	27.5GB
2023-02-08T15:19:19.861+0000	beacon2.Variants	27.5GB
2023-02-08T15:19:22.862+0000	beacon2.Variants	27.6GB
2023-02-08T15:19:25.870+0000	beacon2.Variants	27.6GB
2023-02-08T15:19:28.869+0000	beacon2.Variants	27.6GB
2023-02-08T15:19:31.861+0000	beacon2.Variants	27.7GB
2023-02-08T15:19:34.865+0000	beacon2.Variants	27.7GB
2023-02-08T15:19:37.865+0000	beacon2.Variants	27.7GB
2023-02-08T15:19:40.861+0000	beacon2.Variants	27.8GB
2023-02-08T15:19:43.877+0000	beacon2.Variants	27.8GB
2023-02-08T15:19:46.866+0000	beacon2.Variants	27.9GB
2023-02-08T15:19:49.861+0000	beacon2.Variants	27.9GB
2023-02-08T15:19:52.864+0000	beacon2.Variants	27.9GB
2023-02-08T15:19:55.861+0000	beacon2.Variants	28.0GB
2023-02-08T15:19:58.861+0000	beacon2.Variants	28.0GB
2023-02-08T15:20:01.869+0000	beacon2.Variants	28.1GB
2023-02-08T15:20:04.862+0000	beacon2.Variants	28.1GB
2023-02-08T15:20:07.864+0000	beacon2.Variants	28.1GB
2023-02-08T15:20:10.861+0000	beacon2.Variants	28.2GB
2023-02-08T15:20:13.865+0000	beacon2.Variants	28.2GB
2023-02-08T15:20:16.861+0000	beacon2.Variants	28.2GB
2023-02-08T15:20:19.861+0000	beacon2.Variants	28.3GB
2023-02-08T15:20:22.862+0000	beacon2.Variants	28.3GB
2023-02-08T15:20:25.876+0000	beacon2.Variants	28.4GB
2023-02-08T15:20:28.861+0000	beacon2.Variants	28.4GB
2023-02-08T15:20:31.861+0000	beacon2.Variants	28.4GB
2023-02-08T15:20:34.877+0000	beacon2.Variants	28.5GB
2023-02-08T15:20:37.861+0000	beacon2.Variants	28.5GB
2023-02-08T15:20:40.862+0000	beacon2.Variants	28.5GB
2023-02-08T15:20:43.861+0000	beacon2.Variants	28.6GB
2023-02-08T15:20:46.864+0000	beacon2.Variants	28.6GB
2023-02-08T15:20:49.862+0000	beacon2.Variants	28.6GB
2023-02-08T15:20:52.862+0000	beacon2.Variants	28.7GB
2023-02-08T15:20:55.862+0000	beacon2.Variants	28.7GB
2023-02-08T15:20:58.865+0000	beacon2.Variants	28.8GB
2023-02-08T15:21:01.875+0000	beacon2.Variants	28.8GB
2023-02-08T15:21:04.862+0000	beacon2.Variants	28.8GB
2023-02-08T15:21:07.861+0000	beacon2.Variants	28.9GB
2023-02-08T15:21:10.861+0000	beacon2.Variants	28.9GB
2023-02-08T15:21:13.867+0000	beacon2.Variants	29.0GB
2023-02-08T15:21:16.877+0000	beacon2.Variants	29.0GB
2023-02-08T15:21:19.862+0000	beacon2.Variants	29.0GB
2023-02-08T15:21:22.861+0000	beacon2.Variants	29.1GB
2023-02-08T15:21:25.861+0000	beacon2.Variants	29.1GB
2023-02-08T15:21:28.863+0000	beacon2.Variants	29.1GB
2023-02-08T15:21:31.861+0000	beacon2.Variants	29.2GB
2023-02-08T15:21:34.878+0000	beacon2.Variants	29.2GB
2023-02-08T15:21:37.873+0000	beacon2.Variants	29.3GB
2023-02-08T15:21:40.866+0000	beacon2.Variants	29.3GB
2023-02-08T15:21:43.861+0000	beacon2.Variants	29.3GB
2023-02-08T15:21:46.862+0000	beacon2.Variants	29.4GB
2023-02-08T15:21:49.864+0000	beacon2.Variants	29.4GB
2023-02-08T15:21:52.865+0000	beacon2.Variants	29.4GB
2023-02-08T15:21:55.868+0000	beacon2.Variants	29.5GB
2023-02-08T15:21:58.867+0000	beacon2.Variants	29.5GB
2023-02-08T15:22:01.865+0000	beacon2.Variants	29.6GB
2023-02-08T15:22:04.861+0000	beacon2.Variants	29.6GB
2023-02-08T15:22:07.864+0000	beacon2.Variants	29.6GB
2023-02-08T15:22:10.864+0000	beacon2.Variants	29.7GB
2023-02-08T15:22:13.861+0000	beacon2.Variants	29.7GB
2023-02-08T15:22:16.867+0000	beacon2.Variants	29.8GB
2023-02-08T15:22:19.872+0000	beacon2.Variants	29.8GB
2023-02-08T15:22:22.861+0000	beacon2.Variants	29.8GB
2023-02-08T15:22:25.863+0000	beacon2.Variants	29.9GB
2023-02-08T15:22:28.863+0000	beacon2.Variants	29.9GB
2023-02-08T15:22:31.866+0000	beacon2.Variants	29.9GB
2023-02-08T15:22:34.867+0000	beacon2.Variants	30.0GB
2023-02-08T15:22:37.865+0000	beacon2.Variants	30.0GB
2023-02-08T15:22:40.862+0000	beacon2.Variants	30.1GB
2023-02-08T15:22:43.867+0000	beacon2.Variants	30.1GB
2023-02-08T15:22:46.862+0000	beacon2.Variants	30.1GB
2023-02-08T15:22:49.861+0000	beacon2.Variants	30.2GB
2023-02-08T15:22:52.864+0000	beacon2.Variants	30.2GB
2023-02-08T15:22:55.861+0000	beacon2.Variants	30.2GB
2023-02-08T15:22:58.863+0000	beacon2.Variants	30.3GB
2023-02-08T15:23:01.861+0000	beacon2.Variants	30.3GB
2023-02-08T15:23:04.870+0000	beacon2.Variants	30.4GB
2023-02-08T15:23:07.861+0000	beacon2.Variants	30.4GB
2023-02-08T15:23:10.861+0000	beacon2.Variants	30.4GB
2023-02-08T15:23:13.871+0000	beacon2.Variants	30.5GB
2023-02-08T15:23:16.872+0000	beacon2.Variants	30.5GB
2023-02-08T15:23:19.861+0000	beacon2.Variants	30.6GB
2023-02-08T15:23:22.862+0000	beacon2.Variants	30.6GB
2023-02-08T15:23:25.864+0000	beacon2.Variants	30.6GB
2023-02-08T15:23:28.861+0000	beacon2.Variants	30.7GB
2023-02-08T15:23:31.862+0000	beacon2.Variants	30.7GB
2023-02-08T15:23:34.863+0000	beacon2.Variants	30.7GB
2023-02-08T15:23:37.862+0000	beacon2.Variants	30.8GB
2023-02-08T15:23:40.865+0000	beacon2.Variants	30.8GB
2023-02-08T15:23:43.865+0000	beacon2.Variants	30.9GB
2023-02-08T15:23:46.876+0000	beacon2.Variants	30.9GB
2023-02-08T15:23:49.862+0000	beacon2.Variants	30.9GB
2023-02-08T15:23:52.863+0000	beacon2.Variants	31.0GB
2023-02-08T15:23:55.862+0000	beacon2.Variants	31.0GB
2023-02-08T15:23:58.861+0000	beacon2.Variants	31.0GB
2023-02-08T15:24:01.863+0000	beacon2.Variants	31.1GB
2023-02-08T15:24:04.867+0000	beacon2.Variants	31.1GB
2023-02-08T15:24:07.861+0000	beacon2.Variants	31.1GB
2023-02-08T15:24:10.870+0000	beacon2.Variants	31.2GB
2023-02-08T15:24:13.873+0000	beacon2.Variants	31.2GB
2023-02-08T15:24:16.862+0000	beacon2.Variants	31.3GB
2023-02-08T15:24:19.874+0000	beacon2.Variants	31.3GB
2023-02-08T15:24:22.861+0000	beacon2.Variants	31.3GB
2023-02-08T15:24:25.874+0000	beacon2.Variants	31.4GB
2023-02-08T15:24:28.864+0000	beacon2.Variants	31.4GB
2023-02-08T15:24:31.862+0000	beacon2.Variants	31.5GB
2023-02-08T15:24:34.861+0000	beacon2.Variants	31.5GB
2023-02-08T15:24:37.862+0000	beacon2.Variants	31.5GB
2023-02-08T15:24:40.863+0000	beacon2.Variants	31.6GB
2023-02-08T15:24:43.866+0000	beacon2.Variants	31.6GB
2023-02-08T15:24:46.862+0000	beacon2.Variants	31.6GB
2023-02-08T15:24:49.861+0000	beacon2.Variants	31.7GB
2023-02-08T15:24:52.861+0000	beacon2.Variants	31.7GB
2023-02-08T15:24:55.870+0000	beacon2.Variants	31.8GB
2023-02-08T15:24:58.861+0000	beacon2.Variants	31.8GB
2023-02-08T15:25:01.861+0000	beacon2.Variants	31.8GB
2023-02-08T15:25:04.873+0000	beacon2.Variants	31.9GB
2023-02-08T15:25:07.862+0000	beacon2.Variants	31.9GB
2023-02-08T15:25:10.862+0000	beacon2.Variants	31.9GB
2023-02-08T15:25:13.862+0000	beacon2.Variants	32.0GB
2023-02-08T15:25:16.863+0000	beacon2.Variants	32.0GB
2023-02-08T15:25:19.862+0000	beacon2.Variants	32.1GB
2023-02-08T15:25:22.864+0000	beacon2.Variants	32.1GB
2023-02-08T15:25:25.867+0000	beacon2.Variants	32.1GB
2023-02-08T15:25:28.868+0000	beacon2.Variants	32.2GB
2023-02-08T15:25:31.861+0000	beacon2.Variants	32.2GB
2023-02-08T15:25:34.861+0000	beacon2.Variants	32.2GB
2023-02-08T15:25:37.861+0000	beacon2.Variants	32.3GB
2023-02-08T15:25:40.863+0000	beacon2.Variants	32.3GB
2023-02-08T15:25:43.867+0000	beacon2.Variants	32.4GB
2023-02-08T15:25:46.862+0000	beacon2.Variants	32.4GB
2023-02-08T15:25:49.863+0000	beacon2.Variants	32.4GB
2023-02-08T15:25:52.861+0000	beacon2.Variants	32.5GB
2023-02-08T15:25:55.862+0000	beacon2.Variants	32.5GB
2023-02-08T15:25:58.861+0000	beacon2.Variants	32.5GB
2023-02-08T15:26:01.861+0000	beacon2.Variants	32.6GB
2023-02-08T15:26:04.862+0000	beacon2.Variants	32.6GB
2023-02-08T15:26:07.866+0000	beacon2.Variants	32.7GB
2023-02-08T15:26:10.861+0000	beacon2.Variants	32.7GB
2023-02-08T15:26:13.865+0000	beacon2.Variants	32.7GB
2023-02-08T15:26:16.864+0000	beacon2.Variants	32.8GB
2023-02-08T15:26:19.862+0000	beacon2.Variants	32.8GB
2023-02-08T15:26:22.868+0000	beacon2.Variants	32.9GB
2023-02-08T15:26:25.862+0000	beacon2.Variants	32.9GB
2023-02-08T15:26:28.868+0000	beacon2.Variants	32.9GB
2023-02-08T15:26:31.861+0000	beacon2.Variants	33.0GB
2023-02-08T15:26:34.862+0000	beacon2.Variants	33.0GB
2023-02-08T15:26:37.863+0000	beacon2.Variants	33.0GB
2023-02-08T15:26:40.880+0000	beacon2.Variants	33.1GB
2023-02-08T15:26:43.862+0000	beacon2.Variants	33.1GB
2023-02-08T15:26:46.861+0000	beacon2.Variants	33.2GB
2023-02-08T15:26:49.862+0000	beacon2.Variants	33.2GB
2023-02-08T15:26:52.863+0000	beacon2.Variants	33.2GB
2023-02-08T15:26:55.862+0000	beacon2.Variants	33.3GB
2023-02-08T15:26:58.862+0000	beacon2.Variants	33.3GB
2023-02-08T15:27:01.861+0000	beacon2.Variants	33.4GB
2023-02-08T15:27:04.861+0000	beacon2.Variants	33.4GB
2023-02-08T15:27:07.862+0000	beacon2.Variants	33.4GB
2023-02-08T15:27:10.864+0000	beacon2.Variants	33.5GB
2023-02-08T15:27:13.864+0000	beacon2.Variants	33.5GB
2023-02-08T15:27:16.861+0000	beacon2.Variants	33.5GB
2023-02-08T15:27:19.864+0000	beacon2.Variants	33.6GB
2023-02-08T15:27:22.865+0000	beacon2.Variants	33.6GB
2023-02-08T15:27:25.861+0000	beacon2.Variants	33.6GB
2023-02-08T15:27:28.871+0000	beacon2.Variants	33.7GB
2023-02-08T15:27:31.887+0000	beacon2.Variants	33.7GB
2023-02-08T15:27:34.861+0000	beacon2.Variants	33.8GB
2023-02-08T15:27:37.869+0000	beacon2.Variants	33.8GB
2023-02-08T15:27:40.861+0000	beacon2.Variants	33.8GB
2023-02-08T15:27:43.862+0000	beacon2.Variants	33.9GB
2023-02-08T15:27:46.863+0000	beacon2.Variants	33.9GB
2023-02-08T15:27:49.865+0000	beacon2.Variants	34.0GB
2023-02-08T15:27:52.863+0000	beacon2.Variants	34.0GB
2023-02-08T15:27:55.863+0000	beacon2.Variants	34.0GB
2023-02-08T15:27:58.861+0000	beacon2.Variants	34.1GB
2023-02-08T15:28:01.878+0000	beacon2.Variants	34.1GB
2023-02-08T15:28:04.863+0000	beacon2.Variants	34.1GB
2023-02-08T15:28:07.861+0000	beacon2.Variants	34.2GB
2023-02-08T15:28:10.864+0000	beacon2.Variants	34.2GB
2023-02-08T15:28:13.861+0000	beacon2.Variants	34.3GB
2023-02-08T15:28:16.864+0000	beacon2.Variants	34.3GB
2023-02-08T15:28:19.863+0000	beacon2.Variants	34.3GB
2023-02-08T15:28:22.863+0000	beacon2.Variants	34.4GB
2023-02-08T15:28:25.870+0000	beacon2.Variants	34.4GB
2023-02-08T15:28:28.869+0000	beacon2.Variants	34.5GB
2023-02-08T15:28:31.861+0000	beacon2.Variants	34.5GB
2023-02-08T15:28:34.864+0000	beacon2.Variants	34.5GB
2023-02-08T15:28:37.862+0000	beacon2.Variants	34.6GB
2023-02-08T15:28:40.862+0000	beacon2.Variants	34.6GB
2023-02-08T15:28:43.864+0000	beacon2.Variants	34.6GB
2023-02-08T15:28:46.861+0000	beacon2.Variants	34.7GB
2023-02-08T15:28:49.863+0000	beacon2.Variants	34.7GB
2023-02-08T15:28:52.864+0000	beacon2.Variants	34.8GB
2023-02-08T15:28:55.862+0000	beacon2.Variants	34.8GB
2023-02-08T15:28:58.862+0000	beacon2.Variants	34.8GB
2023-02-08T15:29:01.863+0000	beacon2.Variants	34.9GB
2023-02-08T15:29:04.863+0000	beacon2.Variants	34.9GB
2023-02-08T15:29:07.865+0000	beacon2.Variants	34.9GB
2023-02-08T15:29:10.866+0000	beacon2.Variants	35.0GB
2023-02-08T15:29:13.863+0000	beacon2.Variants	35.0GB
2023-02-08T15:29:16.885+0000	beacon2.Variants	35.1GB
2023-02-08T15:29:19.863+0000	beacon2.Variants	35.1GB
2023-02-08T15:29:22.864+0000	beacon2.Variants	35.1GB
2023-02-08T15:29:25.862+0000	beacon2.Variants	35.2GB
2023-02-08T15:29:28.868+0000	beacon2.Variants	35.2GB
2023-02-08T15:29:31.862+0000	beacon2.Variants	35.2GB
2023-02-08T15:29:34.863+0000	beacon2.Variants	35.3GB
2023-02-08T15:29:37.866+0000	beacon2.Variants	35.3GB
2023-02-08T15:29:40.863+0000	beacon2.Variants	35.4GB
2023-02-08T15:29:43.869+0000	beacon2.Variants	35.4GB
2023-02-08T15:29:46.862+0000	beacon2.Variants	35.4GB
2023-02-08T15:29:49.865+0000	beacon2.Variants	35.5GB
2023-02-08T15:29:52.872+0000	beacon2.Variants	35.5GB
2023-02-08T15:29:55.862+0000	beacon2.Variants	35.5GB
2023-02-08T15:29:58.862+0000	beacon2.Variants	35.6GB
2023-02-08T15:30:01.862+0000	beacon2.Variants	35.6GB
2023-02-08T15:30:04.869+0000	beacon2.Variants	35.7GB
2023-02-08T15:30:07.862+0000	beacon2.Variants	35.7GB
2023-02-08T15:30:10.861+0000	beacon2.Variants	35.7GB
2023-02-08T15:30:13.862+0000	beacon2.Variants	35.8GB
2023-02-08T15:30:16.862+0000	beacon2.Variants	35.8GB
2023-02-08T15:30:19.864+0000	beacon2.Variants	35.9GB
2023-02-08T15:30:22.861+0000	beacon2.Variants	35.9GB
2023-02-08T15:30:25.862+0000	beacon2.Variants	35.9GB
2023-02-08T15:30:28.861+0000	beacon2.Variants	36.0GB
2023-02-08T15:30:31.866+0000	beacon2.Variants	36.0GB
2023-02-08T15:30:34.872+0000	beacon2.Variants	36.0GB
2023-02-08T15:30:37.865+0000	beacon2.Variants	36.1GB
2023-02-08T15:30:40.868+0000	beacon2.Variants	36.1GB
2023-02-08T15:30:43.862+0000	beacon2.Variants	36.1GB
2023-02-08T15:30:46.863+0000	beacon2.Variants	36.2GB
2023-02-08T15:30:49.867+0000	beacon2.Variants	36.2GB
2023-02-08T15:30:52.871+0000	beacon2.Variants	36.3GB
2023-02-08T15:30:55.866+0000	beacon2.Variants	36.3GB
2023-02-08T15:30:58.861+0000	beacon2.Variants	36.3GB
2023-02-08T15:31:01.862+0000	beacon2.Variants	36.4GB
2023-02-08T15:31:04.861+0000	beacon2.Variants	36.4GB
2023-02-08T15:31:07.862+0000	beacon2.Variants	36.5GB
2023-02-08T15:31:10.861+0000	beacon2.Variants	36.5GB
2023-02-08T15:31:13.863+0000	beacon2.Variants	36.5GB
2023-02-08T15:31:16.871+0000	beacon2.Variants	36.6GB
2023-02-08T15:31:19.861+0000	beacon2.Variants	36.6GB
2023-02-08T15:31:22.861+0000	beacon2.Variants	36.6GB
2023-02-08T15:31:25.869+0000	beacon2.Variants	36.7GB
2023-02-08T15:31:28.868+0000	beacon2.Variants	36.7GB
2023-02-08T15:31:31.861+0000	beacon2.Variants	36.8GB
2023-02-08T15:31:34.868+0000	beacon2.Variants	36.8GB
2023-02-08T15:31:37.865+0000	beacon2.Variants	36.8GB
2023-02-08T15:31:40.864+0000	beacon2.Variants	36.9GB
2023-02-08T15:31:43.868+0000	beacon2.Variants	36.9GB
2023-02-08T15:31:46.861+0000	beacon2.Variants	36.9GB
2023-02-08T15:31:49.861+0000	beacon2.Variants	37.0GB
2023-02-08T15:31:52.864+0000	beacon2.Variants	37.0GB
2023-02-08T15:31:55.862+0000	beacon2.Variants	37.1GB
2023-02-08T15:31:58.864+0000	beacon2.Variants	37.1GB
2023-02-08T15:32:01.865+0000	beacon2.Variants	37.1GB
2023-02-08T15:32:04.868+0000	beacon2.Variants	37.2GB
2023-02-08T15:32:07.863+0000	beacon2.Variants	37.2GB
2023-02-08T15:32:10.864+0000	beacon2.Variants	37.2GB
2023-02-08T15:32:13.862+0000	beacon2.Variants	37.3GB
2023-02-08T15:32:16.873+0000	beacon2.Variants	37.3GB
2023-02-08T15:32:19.863+0000	beacon2.Variants	37.4GB
2023-02-08T15:32:22.862+0000	beacon2.Variants	37.4GB
2023-02-08T15:32:25.867+0000	beacon2.Variants	37.4GB
2023-02-08T15:32:28.861+0000	beacon2.Variants	37.5GB
2023-02-08T15:32:31.862+0000	beacon2.Variants	37.5GB
2023-02-08T15:32:34.861+0000	beacon2.Variants	37.5GB
2023-02-08T15:32:37.862+0000	beacon2.Variants	37.6GB
2023-02-08T15:32:40.863+0000	beacon2.Variants	37.6GB
2023-02-08T15:32:43.862+0000	beacon2.Variants	37.7GB
2023-02-08T15:32:46.879+0000	beacon2.Variants	37.7GB
2023-02-08T15:32:49.864+0000	beacon2.Variants	37.7GB
2023-02-08T15:32:52.874+0000	beacon2.Variants	37.8GB
2023-02-08T15:32:55.871+0000	beacon2.Variants	37.8GB
2023-02-08T15:32:58.861+0000	beacon2.Variants	37.9GB
2023-02-08T15:33:01.863+0000	beacon2.Variants	37.9GB
2023-02-08T15:33:04.862+0000	beacon2.Variants	37.9GB
2023-02-08T15:33:07.861+0000	beacon2.Variants	38.0GB
2023-02-08T15:33:10.874+0000	beacon2.Variants	38.0GB
2023-02-08T15:33:13.881+0000	beacon2.Variants	38.0GB
2023-02-08T15:33:16.864+0000	beacon2.Variants	38.1GB
2023-02-08T15:33:19.863+0000	beacon2.Variants	38.1GB
2023-02-08T15:33:22.865+0000	beacon2.Variants	38.1GB
2023-02-08T15:33:25.863+0000	beacon2.Variants	38.2GB
2023-02-08T15:33:28.868+0000	beacon2.Variants	38.2GB
2023-02-08T15:33:31.865+0000	beacon2.Variants	38.3GB
2023-02-08T15:33:34.861+0000	beacon2.Variants	38.3GB
2023-02-08T15:33:37.861+0000	beacon2.Variants	38.3GB
2023-02-08T15:33:40.863+0000	beacon2.Variants	38.4GB
2023-02-08T15:33:43.863+0000	beacon2.Variants	38.4GB
2023-02-08T15:33:46.864+0000	beacon2.Variants	38.5GB
2023-02-08T15:33:49.862+0000	beacon2.Variants	38.5GB
2023-02-08T15:33:52.861+0000	beacon2.Variants	38.5GB
2023-02-08T15:33:55.861+0000	beacon2.Variants	38.6GB
2023-02-08T15:33:58.862+0000	beacon2.Variants	38.6GB
2023-02-08T15:34:01.872+0000	beacon2.Variants	38.6GB
2023-02-08T15:34:04.863+0000	beacon2.Variants	38.7GB
2023-02-08T15:34:07.861+0000	beacon2.Variants	38.7GB
2023-02-08T15:34:10.862+0000	beacon2.Variants	38.8GB
2023-02-08T15:34:13.862+0000	beacon2.Variants	38.8GB
2023-02-08T15:34:16.871+0000	beacon2.Variants	38.8GB
2023-02-08T15:34:19.862+0000	beacon2.Variants	38.9GB
2023-02-08T15:34:22.864+0000	beacon2.Variants	38.9GB
2023-02-08T15:34:25.861+0000	beacon2.Variants	39.0GB
2023-02-08T15:34:28.861+0000	beacon2.Variants	39.0GB
2023-02-08T15:34:31.861+0000	beacon2.Variants	39.0GB
2023-02-08T15:34:34.861+0000	beacon2.Variants	39.1GB
2023-02-08T15:34:37.861+0000	beacon2.Variants	39.1GB
2023-02-08T15:34:40.863+0000	beacon2.Variants	39.1GB
2023-02-08T15:34:43.861+0000	beacon2.Variants	39.2GB
2023-02-08T15:34:46.862+0000	beacon2.Variants	39.2GB
2023-02-08T15:34:49.863+0000	beacon2.Variants	39.2GB
2023-02-08T15:34:52.867+0000	beacon2.Variants	39.3GB
2023-02-08T15:34:55.867+0000	beacon2.Variants	39.3GB
2023-02-08T15:34:58.862+0000	beacon2.Variants	39.4GB
2023-02-08T15:35:01.869+0000	beacon2.Variants	39.4GB
2023-02-08T15:35:04.861+0000	beacon2.Variants	39.5GB
2023-02-08T15:35:07.862+0000	beacon2.Variants	39.5GB
2023-02-08T15:35:10.871+0000	beacon2.Variants	39.5GB
2023-02-08T15:35:13.864+0000	beacon2.Variants	39.6GB
2023-02-08T15:35:16.878+0000	beacon2.Variants	39.6GB
2023-02-08T15:35:19.865+0000	beacon2.Variants	39.6GB
2023-02-08T15:35:22.868+0000	beacon2.Variants	39.7GB
2023-02-08T15:35:25.861+0000	beacon2.Variants	39.7GB
2023-02-08T15:35:28.864+0000	beacon2.Variants	39.8GB
2023-02-08T15:35:31.861+0000	beacon2.Variants	39.8GB
2023-02-08T15:35:34.866+0000	beacon2.Variants	39.8GB
2023-02-08T15:35:37.868+0000	beacon2.Variants	39.9GB
2023-02-08T15:35:40.862+0000	beacon2.Variants	39.9GB
2023-02-08T15:35:43.864+0000	beacon2.Variants	39.9GB
2023-02-08T15:35:46.863+0000	beacon2.Variants	40.0GB
2023-02-08T15:35:49.868+0000	beacon2.Variants	40.0GB
2023-02-08T15:35:52.862+0000	beacon2.Variants	40.1GB
2023-02-08T15:35:55.862+0000	beacon2.Variants	40.1GB
2023-02-08T15:35:58.861+0000	beacon2.Variants	40.1GB
2023-02-08T15:36:01.863+0000	beacon2.Variants	40.2GB
2023-02-08T15:36:04.861+0000	beacon2.Variants	40.2GB
2023-02-08T15:36:07.861+0000	beacon2.Variants	40.2GB
2023-02-08T15:36:10.861+0000	beacon2.Variants	40.3GB
2023-02-08T15:36:13.861+0000	beacon2.Variants	40.3GB
2023-02-08T15:36:16.865+0000	beacon2.Variants	40.4GB
2023-02-08T15:36:19.862+0000	beacon2.Variants	40.4GB
2023-02-08T15:36:22.862+0000	beacon2.Variants	40.4GB
2023-02-08T15:36:25.861+0000	beacon2.Variants	40.5GB
2023-02-08T15:36:28.869+0000	beacon2.Variants	40.5GB
2023-02-08T15:36:31.863+0000	beacon2.Variants	40.5GB
2023-02-08T15:36:34.863+0000	beacon2.Variants	40.6GB
2023-02-08T15:36:37.861+0000	beacon2.Variants	40.6GB
2023-02-08T15:36:40.871+0000	beacon2.Variants	40.7GB
2023-02-08T15:36:43.874+0000	beacon2.Variants	40.7GB
2023-02-08T15:36:46.869+0000	beacon2.Variants	40.7GB
2023-02-08T15:36:49.862+0000	beacon2.Variants	40.8GB
2023-02-08T15:36:52.868+0000	beacon2.Variants	40.8GB
2023-02-08T15:36:55.864+0000	beacon2.Variants	40.9GB
2023-02-08T15:36:58.861+0000	beacon2.Variants	40.9GB
2023-02-08T15:37:01.872+0000	beacon2.Variants	40.9GB
2023-02-08T15:37:04.861+0000	beacon2.Variants	41.0GB
2023-02-08T15:37:07.861+0000	beacon2.Variants	41.0GB
2023-02-08T15:37:10.864+0000	beacon2.Variants	41.0GB
2023-02-08T15:37:13.867+0000	beacon2.Variants	41.1GB
2023-02-08T15:37:16.866+0000	beacon2.Variants	41.1GB
2023-02-08T15:37:19.863+0000	beacon2.Variants	41.2GB
2023-02-08T15:37:22.864+0000	beacon2.Variants	41.2GB
2023-02-08T15:37:25.863+0000	beacon2.Variants	41.2GB
2023-02-08T15:37:28.864+0000	beacon2.Variants	41.3GB
2023-02-08T15:37:31.861+0000	beacon2.Variants	41.3GB
2023-02-08T15:37:34.861+0000	beacon2.Variants	41.4GB
2023-02-08T15:37:37.862+0000	beacon2.Variants	41.4GB
2023-02-08T15:37:40.861+0000	beacon2.Variants	41.4GB
2023-02-08T15:37:43.861+0000	beacon2.Variants	41.5GB
2023-02-08T15:37:46.862+0000	beacon2.Variants	41.5GB
2023-02-08T15:37:49.861+0000	beacon2.Variants	41.5GB
2023-02-08T15:37:52.864+0000	beacon2.Variants	41.6GB
2023-02-08T15:37:55.871+0000	beacon2.Variants	41.6GB
2023-02-08T15:37:58.869+0000	beacon2.Variants	41.6GB
2023-02-08T15:38:01.869+0000	beacon2.Variants	41.7GB
2023-02-08T15:38:04.861+0000	beacon2.Variants	41.7GB
2023-02-08T15:38:07.861+0000	beacon2.Variants	41.8GB
2023-02-08T15:38:10.861+0000	beacon2.Variants	41.8GB
2023-02-08T15:38:13.862+0000	beacon2.Variants	41.8GB
2023-02-08T15:38:16.863+0000	beacon2.Variants	41.9GB
2023-02-08T15:38:19.864+0000	beacon2.Variants	41.9GB
2023-02-08T15:38:22.867+0000	beacon2.Variants	42.0GB
2023-02-08T15:38:25.862+0000	beacon2.Variants	42.0GB
2023-02-08T15:38:28.873+0000	beacon2.Variants	42.0GB
2023-02-08T15:38:31.861+0000	beacon2.Variants	42.1GB
2023-02-08T15:38:34.869+0000	beacon2.Variants	42.1GB
2023-02-08T15:38:37.867+0000	beacon2.Variants	42.1GB
2023-02-08T15:38:40.876+0000	beacon2.Variants	42.2GB
2023-02-08T15:38:43.878+0000	beacon2.Variants	42.2GB
2023-02-08T15:38:46.862+0000	beacon2.Variants	42.3GB
2023-02-08T15:38:49.863+0000	beacon2.Variants	42.3GB
2023-02-08T15:38:52.864+0000	beacon2.Variants	42.3GB
2023-02-08T15:38:55.864+0000	beacon2.Variants	42.4GB
2023-02-08T15:38:58.861+0000	beacon2.Variants	42.4GB
2023-02-08T15:39:01.862+0000	beacon2.Variants	42.5GB
2023-02-08T15:39:04.870+0000	beacon2.Variants	42.5GB
2023-02-08T15:39:07.861+0000	beacon2.Variants	42.5GB
2023-02-08T15:39:10.861+0000	beacon2.Variants	42.6GB
2023-02-08T15:39:13.861+0000	beacon2.Variants	42.6GB
2023-02-08T15:39:16.861+0000	beacon2.Variants	42.6GB
2023-02-08T15:39:19.871+0000	beacon2.Variants	42.7GB
2023-02-08T15:39:22.869+0000	beacon2.Variants	42.7GB
2023-02-08T15:39:25.863+0000	beacon2.Variants	42.8GB
2023-02-08T15:39:28.862+0000	beacon2.Variants	42.8GB
2023-02-08T15:39:31.863+0000	beacon2.Variants	42.8GB
2023-02-08T15:39:34.873+0000	beacon2.Variants	42.9GB
2023-02-08T15:39:37.865+0000	beacon2.Variants	42.9GB
2023-02-08T15:39:40.868+0000	beacon2.Variants	43.0GB
2023-02-08T15:39:43.862+0000	beacon2.Variants	43.0GB
2023-02-08T15:39:46.862+0000	beacon2.Variants	43.0GB
2023-02-08T15:39:49.864+0000	beacon2.Variants	43.1GB
2023-02-08T15:39:52.861+0000	beacon2.Variants	43.1GB
2023-02-08T15:39:55.862+0000	beacon2.Variants	43.1GB
2023-02-08T15:39:58.861+0000	beacon2.Variants	43.2GB
2023-02-08T15:40:01.865+0000	beacon2.Variants	43.2GB
2023-02-08T15:40:04.869+0000	beacon2.Variants	43.2GB
2023-02-08T15:40:07.862+0000	beacon2.Variants	43.3GB
2023-02-08T15:40:10.873+0000	beacon2.Variants	43.3GB
2023-02-08T15:40:13.861+0000	beacon2.Variants	43.4GB
2023-02-08T15:40:16.868+0000	beacon2.Variants	43.4GB
2023-02-08T15:40:19.873+0000	beacon2.Variants	43.4GB
2023-02-08T15:40:22.870+0000	beacon2.Variants	43.5GB
2023-02-08T15:40:25.874+0000	beacon2.Variants	43.5GB
2023-02-08T15:40:28.864+0000	beacon2.Variants	43.6GB
2023-02-08T15:40:31.862+0000	beacon2.Variants	43.6GB
2023-02-08T15:40:34.861+0000	beacon2.Variants	43.6GB
2023-02-08T15:40:37.861+0000	beacon2.Variants	43.7GB
2023-02-08T15:40:40.863+0000	beacon2.Variants	43.7GB
2023-02-08T15:40:43.863+0000	beacon2.Variants	43.8GB
2023-02-08T15:40:46.875+0000	beacon2.Variants	43.8GB
2023-02-08T15:40:49.865+0000	beacon2.Variants	43.8GB
2023-02-08T15:40:52.866+0000	beacon2.Variants	43.9GB
2023-02-08T15:40:55.861+0000	beacon2.Variants	43.9GB
2023-02-08T15:40:58.869+0000	beacon2.Variants	43.9GB
2023-02-08T15:41:01.864+0000	beacon2.Variants	44.0GB
2023-02-08T15:41:04.868+0000	beacon2.Variants	44.0GB
2023-02-08T15:41:07.869+0000	beacon2.Variants	44.0GB
2023-02-08T15:41:10.861+0000	beacon2.Variants	44.1GB
2023-02-08T15:41:13.862+0000	beacon2.Variants	44.1GB
2023-02-08T15:41:16.864+0000	beacon2.Variants	44.2GB
2023-02-08T15:41:19.861+0000	beacon2.Variants	44.2GB
2023-02-08T15:41:22.862+0000	beacon2.Variants	44.2GB
2023-02-08T15:41:25.865+0000	beacon2.Variants	44.3GB
2023-02-08T15:41:28.863+0000	beacon2.Variants	44.3GB
2023-02-08T15:41:31.866+0000	beacon2.Variants	44.4GB
2023-02-08T15:41:34.863+0000	beacon2.Variants	44.4GB
2023-02-08T15:41:37.863+0000	beacon2.Variants	44.4GB
2023-02-08T15:41:40.861+0000	beacon2.Variants	44.5GB
2023-02-08T15:41:43.867+0000	beacon2.Variants	44.5GB
2023-02-08T15:41:46.862+0000	beacon2.Variants	44.5GB
2023-02-08T15:41:49.867+0000	beacon2.Variants	44.6GB
2023-02-08T15:41:52.861+0000	beacon2.Variants	44.6GB
2023-02-08T15:41:53.282+0000	beacon2.Variants	44.6GB
2023-02-08T15:41:53.282+0000	4010081 document(s) imported successfully. 0 document(s) failed to import.

real	58m45.446s
user	104m26.456s
sys	1m43.298s
