2023-02-08T12:05:01.472+0000	connected to: mongodb://[**REDACTED**]@localhost:27017/beacon2?authSource=admin
2023-02-08T12:05:04.478+0000	beacon2.Variants	39.6MB
2023-02-08T12:05:07.474+0000	beacon2.Variants	79.2MB
2023-02-08T12:05:10.484+0000	beacon2.Variants	119MB
2023-02-08T12:05:13.473+0000	beacon2.Variants	156MB
2023-02-08T12:05:16.479+0000	beacon2.Variants	196MB
2023-02-08T12:05:19.474+0000	beacon2.Variants	237MB
2023-02-08T12:05:22.477+0000	beacon2.Variants	274MB
2023-02-08T12:05:25.475+0000	beacon2.Variants	314MB
2023-02-08T12:05:28.473+0000	beacon2.Variants	352MB
2023-02-08T12:05:31.479+0000	beacon2.Variants	392MB
2023-02-08T12:05:34.480+0000	beacon2.Variants	434MB
2023-02-08T12:05:37.473+0000	beacon2.Variants	472MB
2023-02-08T12:05:40.474+0000	beacon2.Variants	512MB
2023-02-08T12:05:43.474+0000	beacon2.Variants	552MB
2023-02-08T12:05:46.472+0000	beacon2.Variants	591MB
2023-02-08T12:05:49.476+0000	beacon2.Variants	630MB
2023-02-08T12:05:52.472+0000	beacon2.Variants	669MB
2023-02-08T12:05:55.472+0000	beacon2.Variants	707MB
2023-02-08T12:05:58.477+0000	beacon2.Variants	747MB
2023-02-08T12:06:01.473+0000	beacon2.Variants	784MB
2023-02-08T12:06:04.477+0000	beacon2.Variants	824MB
2023-02-08T12:06:07.472+0000	beacon2.Variants	864MB
2023-02-08T12:06:10.478+0000	beacon2.Variants	903MB
2023-02-08T12:06:13.473+0000	beacon2.Variants	942MB
2023-02-08T12:06:16.477+0000	beacon2.Variants	982MB
2023-02-08T12:06:19.475+0000	beacon2.Variants	1022MB
2023-02-08T12:06:22.472+0000	beacon2.Variants	1.04GB
2023-02-08T12:06:25.477+0000	beacon2.Variants	1.07GB
2023-02-08T12:06:28.475+0000	beacon2.Variants	1.11GB
2023-02-08T12:06:31.472+0000	beacon2.Variants	1.15GB
2023-02-08T12:06:34.474+0000	beacon2.Variants	1.19GB
2023-02-08T12:06:37.476+0000	beacon2.Variants	1.23GB
2023-02-08T12:06:40.486+0000	beacon2.Variants	1.26GB
2023-02-08T12:06:43.472+0000	beacon2.Variants	1.30GB
2023-02-08T12:06:46.478+0000	beacon2.Variants	1.34GB
2023-02-08T12:06:49.486+0000	beacon2.Variants	1.38GB
2023-02-08T12:06:52.472+0000	beacon2.Variants	1.42GB
2023-02-08T12:06:55.472+0000	beacon2.Variants	1.46GB
2023-02-08T12:06:58.472+0000	beacon2.Variants	1.49GB
2023-02-08T12:07:01.476+0000	beacon2.Variants	1.53GB
2023-02-08T12:07:04.477+0000	beacon2.Variants	1.57GB
2023-02-08T12:07:07.488+0000	beacon2.Variants	1.61GB
2023-02-08T12:07:10.474+0000	beacon2.Variants	1.65GB
2023-02-08T12:07:13.472+0000	beacon2.Variants	1.68GB
2023-02-08T12:07:16.472+0000	beacon2.Variants	1.72GB
2023-02-08T12:07:19.477+0000	beacon2.Variants	1.76GB
2023-02-08T12:07:22.476+0000	beacon2.Variants	1.80GB
2023-02-08T12:07:25.472+0000	beacon2.Variants	1.84GB
2023-02-08T12:07:28.472+0000	beacon2.Variants	1.87GB
2023-02-08T12:07:31.473+0000	beacon2.Variants	1.91GB
2023-02-08T12:07:34.472+0000	beacon2.Variants	1.95GB
2023-02-08T12:07:37.473+0000	beacon2.Variants	1.99GB
2023-02-08T12:07:40.473+0000	beacon2.Variants	2.03GB
2023-02-08T12:07:43.483+0000	beacon2.Variants	2.07GB
2023-02-08T12:07:46.474+0000	beacon2.Variants	2.10GB
2023-02-08T12:07:49.472+0000	beacon2.Variants	2.14GB
2023-02-08T12:07:52.481+0000	beacon2.Variants	2.18GB
2023-02-08T12:07:55.473+0000	beacon2.Variants	2.22GB
2023-02-08T12:07:58.477+0000	beacon2.Variants	2.26GB
2023-02-08T12:08:01.486+0000	beacon2.Variants	2.29GB
2023-02-08T12:08:04.476+0000	beacon2.Variants	2.33GB
2023-02-08T12:08:07.475+0000	beacon2.Variants	2.37GB
2023-02-08T12:08:10.478+0000	beacon2.Variants	2.41GB
2023-02-08T12:08:13.475+0000	beacon2.Variants	2.45GB
2023-02-08T12:08:16.473+0000	beacon2.Variants	2.49GB
2023-02-08T12:08:19.477+0000	beacon2.Variants	2.53GB
2023-02-08T12:08:22.474+0000	beacon2.Variants	2.56GB
2023-02-08T12:08:25.477+0000	beacon2.Variants	2.60GB
2023-02-08T12:08:28.472+0000	beacon2.Variants	2.64GB
2023-02-08T12:08:31.472+0000	beacon2.Variants	2.68GB
2023-02-08T12:08:34.489+0000	beacon2.Variants	2.72GB
2023-02-08T12:08:37.472+0000	beacon2.Variants	2.76GB
2023-02-08T12:08:40.474+0000	beacon2.Variants	2.79GB
2023-02-08T12:08:43.474+0000	beacon2.Variants	2.83GB
2023-02-08T12:08:46.474+0000	beacon2.Variants	2.87GB
2023-02-08T12:08:49.475+0000	beacon2.Variants	2.91GB
2023-02-08T12:08:52.472+0000	beacon2.Variants	2.95GB
2023-02-08T12:08:55.486+0000	beacon2.Variants	2.99GB
2023-02-08T12:08:58.478+0000	beacon2.Variants	3.02GB
2023-02-08T12:09:01.473+0000	beacon2.Variants	3.06GB
2023-02-08T12:09:04.477+0000	beacon2.Variants	3.10GB
2023-02-08T12:09:07.478+0000	beacon2.Variants	3.14GB
2023-02-08T12:09:10.474+0000	beacon2.Variants	3.18GB
2023-02-08T12:09:13.474+0000	beacon2.Variants	3.21GB
2023-02-08T12:09:16.473+0000	beacon2.Variants	3.25GB
2023-02-08T12:09:19.474+0000	beacon2.Variants	3.29GB
2023-02-08T12:09:22.472+0000	beacon2.Variants	3.33GB
2023-02-08T12:09:25.487+0000	beacon2.Variants	3.37GB
2023-02-08T12:09:28.482+0000	beacon2.Variants	3.41GB
2023-02-08T12:09:31.477+0000	beacon2.Variants	3.44GB
2023-02-08T12:09:34.480+0000	beacon2.Variants	3.48GB
2023-02-08T12:09:37.474+0000	beacon2.Variants	3.52GB
2023-02-08T12:09:40.472+0000	beacon2.Variants	3.56GB
2023-02-08T12:09:43.474+0000	beacon2.Variants	3.60GB
2023-02-08T12:09:46.473+0000	beacon2.Variants	3.63GB
2023-02-08T12:09:49.475+0000	beacon2.Variants	3.67GB
2023-02-08T12:09:52.483+0000	beacon2.Variants	3.71GB
2023-02-08T12:09:55.473+0000	beacon2.Variants	3.75GB
2023-02-08T12:09:58.472+0000	beacon2.Variants	3.79GB
2023-02-08T12:10:01.473+0000	beacon2.Variants	3.82GB
2023-02-08T12:10:04.475+0000	beacon2.Variants	3.86GB
2023-02-08T12:10:07.473+0000	beacon2.Variants	3.90GB
2023-02-08T12:10:10.476+0000	beacon2.Variants	3.94GB
2023-02-08T12:10:13.474+0000	beacon2.Variants	3.98GB
2023-02-08T12:10:16.472+0000	beacon2.Variants	4.01GB
2023-02-08T12:10:19.473+0000	beacon2.Variants	4.05GB
2023-02-08T12:10:22.478+0000	beacon2.Variants	4.09GB
2023-02-08T12:10:25.472+0000	beacon2.Variants	4.13GB
2023-02-08T12:10:28.474+0000	beacon2.Variants	4.17GB
2023-02-08T12:10:31.476+0000	beacon2.Variants	4.21GB
2023-02-08T12:10:34.476+0000	beacon2.Variants	4.24GB
2023-02-08T12:10:37.473+0000	beacon2.Variants	4.28GB
2023-02-08T12:10:40.474+0000	beacon2.Variants	4.32GB
2023-02-08T12:10:43.473+0000	beacon2.Variants	4.36GB
2023-02-08T12:10:46.473+0000	beacon2.Variants	4.40GB
2023-02-08T12:10:49.473+0000	beacon2.Variants	4.44GB
2023-02-08T12:10:52.476+0000	beacon2.Variants	4.47GB
2023-02-08T12:10:55.477+0000	beacon2.Variants	4.51GB
2023-02-08T12:10:58.475+0000	beacon2.Variants	4.55GB
2023-02-08T12:11:01.491+0000	beacon2.Variants	4.59GB
2023-02-08T12:11:04.472+0000	beacon2.Variants	4.62GB
2023-02-08T12:11:07.481+0000	beacon2.Variants	4.66GB
2023-02-08T12:11:10.473+0000	beacon2.Variants	4.70GB
2023-02-08T12:11:13.479+0000	beacon2.Variants	4.74GB
2023-02-08T12:11:16.474+0000	beacon2.Variants	4.78GB
2023-02-08T12:11:19.477+0000	beacon2.Variants	4.81GB
2023-02-08T12:11:22.474+0000	beacon2.Variants	4.85GB
2023-02-08T12:11:25.473+0000	beacon2.Variants	4.89GB
2023-02-08T12:11:28.476+0000	beacon2.Variants	4.93GB
2023-02-08T12:11:31.482+0000	beacon2.Variants	4.97GB
2023-02-08T12:11:34.472+0000	beacon2.Variants	5.01GB
2023-02-08T12:11:37.472+0000	beacon2.Variants	5.05GB
2023-02-08T12:11:40.473+0000	beacon2.Variants	5.08GB
2023-02-08T12:11:43.475+0000	beacon2.Variants	5.12GB
2023-02-08T12:11:46.472+0000	beacon2.Variants	5.16GB
2023-02-08T12:11:49.474+0000	beacon2.Variants	5.20GB
2023-02-08T12:11:52.479+0000	beacon2.Variants	5.23GB
2023-02-08T12:11:55.473+0000	beacon2.Variants	5.27GB
2023-02-08T12:11:58.492+0000	beacon2.Variants	5.31GB
2023-02-08T12:12:01.483+0000	beacon2.Variants	5.35GB
2023-02-08T12:12:04.472+0000	beacon2.Variants	5.38GB
2023-02-08T12:12:07.474+0000	beacon2.Variants	5.42GB
2023-02-08T12:12:10.475+0000	beacon2.Variants	5.46GB
2023-02-08T12:12:13.473+0000	beacon2.Variants	5.50GB
2023-02-08T12:12:16.477+0000	beacon2.Variants	5.54GB
2023-02-08T12:12:19.473+0000	beacon2.Variants	5.58GB
2023-02-08T12:12:22.475+0000	beacon2.Variants	5.61GB
2023-02-08T12:12:25.473+0000	beacon2.Variants	5.65GB
2023-02-08T12:12:28.475+0000	beacon2.Variants	5.69GB
2023-02-08T12:12:31.474+0000	beacon2.Variants	5.73GB
2023-02-08T12:12:34.475+0000	beacon2.Variants	5.77GB
2023-02-08T12:12:37.481+0000	beacon2.Variants	5.80GB
2023-02-08T12:12:40.478+0000	beacon2.Variants	5.84GB
2023-02-08T12:12:43.472+0000	beacon2.Variants	5.88GB
2023-02-08T12:12:46.478+0000	beacon2.Variants	5.92GB
2023-02-08T12:12:49.473+0000	beacon2.Variants	5.96GB
2023-02-08T12:12:52.477+0000	beacon2.Variants	5.99GB
2023-02-08T12:12:55.472+0000	beacon2.Variants	6.03GB
2023-02-08T12:12:58.474+0000	beacon2.Variants	6.07GB
2023-02-08T12:13:01.478+0000	beacon2.Variants	6.11GB
2023-02-08T12:13:04.474+0000	beacon2.Variants	6.15GB
2023-02-08T12:13:07.474+0000	beacon2.Variants	6.18GB
2023-02-08T12:13:10.473+0000	beacon2.Variants	6.22GB
2023-02-08T12:13:13.474+0000	beacon2.Variants	6.26GB
2023-02-08T12:13:16.474+0000	beacon2.Variants	6.30GB
2023-02-08T12:13:19.474+0000	beacon2.Variants	6.34GB
2023-02-08T12:13:22.472+0000	beacon2.Variants	6.38GB
2023-02-08T12:13:25.478+0000	beacon2.Variants	6.41GB
2023-02-08T12:13:28.482+0000	beacon2.Variants	6.45GB
2023-02-08T12:13:31.476+0000	beacon2.Variants	6.49GB
2023-02-08T12:13:34.504+0000	beacon2.Variants	6.53GB
2023-02-08T12:13:37.472+0000	beacon2.Variants	6.57GB
2023-02-08T12:13:40.473+0000	beacon2.Variants	6.60GB
2023-02-08T12:13:43.475+0000	beacon2.Variants	6.64GB
2023-02-08T12:13:46.472+0000	beacon2.Variants	6.68GB
2023-02-08T12:13:49.472+0000	beacon2.Variants	6.72GB
2023-02-08T12:13:52.475+0000	beacon2.Variants	6.76GB
2023-02-08T12:13:55.472+0000	beacon2.Variants	6.79GB
2023-02-08T12:13:58.472+0000	beacon2.Variants	6.83GB
2023-02-08T12:14:01.472+0000	beacon2.Variants	6.87GB
2023-02-08T12:14:04.474+0000	beacon2.Variants	6.91GB
2023-02-08T12:14:07.473+0000	beacon2.Variants	6.95GB
2023-02-08T12:14:10.480+0000	beacon2.Variants	6.98GB
2023-02-08T12:14:13.473+0000	beacon2.Variants	7.02GB
2023-02-08T12:14:16.475+0000	beacon2.Variants	7.06GB
2023-02-08T12:14:19.472+0000	beacon2.Variants	7.10GB
2023-02-08T12:14:22.474+0000	beacon2.Variants	7.14GB
2023-02-08T12:14:25.474+0000	beacon2.Variants	7.17GB
2023-02-08T12:14:28.476+0000	beacon2.Variants	7.21GB
2023-02-08T12:14:31.487+0000	beacon2.Variants	7.25GB
2023-02-08T12:14:34.484+0000	beacon2.Variants	7.29GB
2023-02-08T12:14:37.474+0000	beacon2.Variants	7.33GB
2023-02-08T12:14:40.473+0000	beacon2.Variants	7.37GB
2023-02-08T12:14:43.473+0000	beacon2.Variants	7.40GB
2023-02-08T12:14:46.473+0000	beacon2.Variants	7.44GB
2023-02-08T12:14:49.474+0000	beacon2.Variants	7.48GB
2023-02-08T12:14:52.480+0000	beacon2.Variants	7.52GB
2023-02-08T12:14:55.487+0000	beacon2.Variants	7.56GB
2023-02-08T12:14:58.486+0000	beacon2.Variants	7.60GB
2023-02-08T12:15:01.473+0000	beacon2.Variants	7.63GB
2023-02-08T12:15:04.475+0000	beacon2.Variants	7.67GB
2023-02-08T12:15:07.474+0000	beacon2.Variants	7.71GB
2023-02-08T12:15:10.473+0000	beacon2.Variants	7.75GB
2023-02-08T12:15:13.472+0000	beacon2.Variants	7.79GB
2023-02-08T12:15:16.473+0000	beacon2.Variants	7.82GB
2023-02-08T12:15:19.473+0000	beacon2.Variants	7.86GB
2023-02-08T12:15:22.473+0000	beacon2.Variants	7.90GB
2023-02-08T12:15:25.473+0000	beacon2.Variants	7.94GB
2023-02-08T12:15:28.478+0000	beacon2.Variants	7.98GB
2023-02-08T12:15:31.480+0000	beacon2.Variants	8.01GB
2023-02-08T12:15:34.472+0000	beacon2.Variants	8.05GB
2023-02-08T12:15:37.473+0000	beacon2.Variants	8.09GB
2023-02-08T12:15:40.472+0000	beacon2.Variants	8.13GB
2023-02-08T12:15:43.479+0000	beacon2.Variants	8.17GB
2023-02-08T12:15:46.476+0000	beacon2.Variants	8.21GB
2023-02-08T12:15:49.472+0000	beacon2.Variants	8.24GB
2023-02-08T12:15:52.476+0000	beacon2.Variants	8.28GB
2023-02-08T12:15:55.473+0000	beacon2.Variants	8.32GB
2023-02-08T12:15:58.474+0000	beacon2.Variants	8.36GB
2023-02-08T12:16:01.488+0000	beacon2.Variants	8.40GB
2023-02-08T12:16:04.477+0000	beacon2.Variants	8.43GB
2023-02-08T12:16:07.474+0000	beacon2.Variants	8.47GB
2023-02-08T12:16:10.472+0000	beacon2.Variants	8.51GB
2023-02-08T12:16:13.479+0000	beacon2.Variants	8.55GB
2023-02-08T12:16:16.473+0000	beacon2.Variants	8.59GB
2023-02-08T12:16:19.474+0000	beacon2.Variants	8.62GB
2023-02-08T12:16:22.488+0000	beacon2.Variants	8.66GB
2023-02-08T12:16:25.479+0000	beacon2.Variants	8.70GB
2023-02-08T12:16:28.472+0000	beacon2.Variants	8.74GB
2023-02-08T12:16:31.472+0000	beacon2.Variants	8.78GB
2023-02-08T12:16:34.475+0000	beacon2.Variants	8.81GB
2023-02-08T12:16:37.473+0000	beacon2.Variants	8.85GB
2023-02-08T12:16:40.473+0000	beacon2.Variants	8.89GB
2023-02-08T12:16:43.472+0000	beacon2.Variants	8.93GB
2023-02-08T12:16:46.476+0000	beacon2.Variants	8.97GB
2023-02-08T12:16:49.473+0000	beacon2.Variants	9.00GB
2023-02-08T12:16:52.475+0000	beacon2.Variants	9.04GB
2023-02-08T12:16:55.473+0000	beacon2.Variants	9.08GB
2023-02-08T12:16:58.475+0000	beacon2.Variants	9.12GB
2023-02-08T12:17:01.479+0000	beacon2.Variants	9.16GB
2023-02-08T12:17:04.473+0000	beacon2.Variants	9.19GB
2023-02-08T12:17:07.494+0000	beacon2.Variants	9.23GB
2023-02-08T12:17:10.473+0000	beacon2.Variants	9.27GB
2023-02-08T12:17:13.474+0000	beacon2.Variants	9.31GB
2023-02-08T12:17:16.485+0000	beacon2.Variants	9.35GB
2023-02-08T12:17:19.473+0000	beacon2.Variants	9.38GB
2023-02-08T12:17:22.472+0000	beacon2.Variants	9.42GB
2023-02-08T12:17:25.472+0000	beacon2.Variants	9.46GB
2023-02-08T12:17:28.477+0000	beacon2.Variants	9.50GB
2023-02-08T12:17:31.476+0000	beacon2.Variants	9.54GB
2023-02-08T12:17:34.474+0000	beacon2.Variants	9.57GB
2023-02-08T12:17:37.476+0000	beacon2.Variants	9.61GB
2023-02-08T12:17:40.472+0000	beacon2.Variants	9.65GB
2023-02-08T12:17:43.477+0000	beacon2.Variants	9.69GB
2023-02-08T12:17:46.472+0000	beacon2.Variants	9.73GB
2023-02-08T12:17:49.472+0000	beacon2.Variants	9.76GB
2023-02-08T12:17:52.479+0000	beacon2.Variants	9.80GB
2023-02-08T12:17:55.479+0000	beacon2.Variants	9.84GB
2023-02-08T12:17:58.472+0000	beacon2.Variants	9.88GB
2023-02-08T12:18:01.473+0000	beacon2.Variants	9.92GB
2023-02-08T12:18:04.477+0000	beacon2.Variants	9.95GB
2023-02-08T12:18:07.473+0000	beacon2.Variants	9.99GB
2023-02-08T12:18:10.473+0000	beacon2.Variants	10.0GB
2023-02-08T12:18:13.473+0000	beacon2.Variants	10.1GB
2023-02-08T12:18:16.474+0000	beacon2.Variants	10.1GB
2023-02-08T12:18:19.478+0000	beacon2.Variants	10.1GB
2023-02-08T12:18:22.473+0000	beacon2.Variants	10.2GB
2023-02-08T12:18:25.479+0000	beacon2.Variants	10.2GB
2023-02-08T12:18:28.478+0000	beacon2.Variants	10.3GB
2023-02-08T12:18:31.474+0000	beacon2.Variants	10.3GB
2023-02-08T12:18:34.479+0000	beacon2.Variants	10.3GB
2023-02-08T12:18:37.475+0000	beacon2.Variants	10.4GB
2023-02-08T12:18:40.479+0000	beacon2.Variants	10.4GB
2023-02-08T12:18:43.476+0000	beacon2.Variants	10.4GB
2023-02-08T12:18:46.473+0000	beacon2.Variants	10.5GB
2023-02-08T12:18:49.473+0000	beacon2.Variants	10.5GB
2023-02-08T12:18:52.484+0000	beacon2.Variants	10.6GB
2023-02-08T12:18:55.475+0000	beacon2.Variants	10.6GB
2023-02-08T12:18:58.483+0000	beacon2.Variants	10.6GB
2023-02-08T12:19:01.474+0000	beacon2.Variants	10.7GB
2023-02-08T12:19:04.473+0000	beacon2.Variants	10.7GB
2023-02-08T12:19:07.472+0000	beacon2.Variants	10.8GB
2023-02-08T12:19:10.489+0000	beacon2.Variants	10.8GB
2023-02-08T12:19:13.475+0000	beacon2.Variants	10.8GB
2023-02-08T12:19:16.475+0000	beacon2.Variants	10.9GB
2023-02-08T12:19:19.475+0000	beacon2.Variants	10.9GB
2023-02-08T12:19:22.475+0000	beacon2.Variants	10.9GB
2023-02-08T12:19:25.472+0000	beacon2.Variants	11.0GB
2023-02-08T12:19:28.475+0000	beacon2.Variants	11.0GB
2023-02-08T12:19:31.476+0000	beacon2.Variants	11.1GB
2023-02-08T12:19:34.472+0000	beacon2.Variants	11.1GB
2023-02-08T12:19:37.474+0000	beacon2.Variants	11.1GB
2023-02-08T12:19:40.473+0000	beacon2.Variants	11.2GB
2023-02-08T12:19:43.475+0000	beacon2.Variants	11.2GB
2023-02-08T12:19:46.480+0000	beacon2.Variants	11.2GB
2023-02-08T12:19:49.472+0000	beacon2.Variants	11.3GB
2023-02-08T12:19:52.474+0000	beacon2.Variants	11.3GB
2023-02-08T12:19:55.473+0000	beacon2.Variants	11.4GB
2023-02-08T12:19:58.485+0000	beacon2.Variants	11.4GB
2023-02-08T12:20:01.478+0000	beacon2.Variants	11.4GB
2023-02-08T12:20:04.472+0000	beacon2.Variants	11.5GB
2023-02-08T12:20:07.476+0000	beacon2.Variants	11.5GB
2023-02-08T12:20:10.472+0000	beacon2.Variants	11.6GB
2023-02-08T12:20:13.478+0000	beacon2.Variants	11.6GB
2023-02-08T12:20:16.473+0000	beacon2.Variants	11.6GB
2023-02-08T12:20:19.472+0000	beacon2.Variants	11.7GB
2023-02-08T12:20:22.480+0000	beacon2.Variants	11.7GB
2023-02-08T12:20:25.479+0000	beacon2.Variants	11.7GB
2023-02-08T12:20:28.476+0000	beacon2.Variants	11.8GB
2023-02-08T12:20:31.472+0000	beacon2.Variants	11.8GB
2023-02-08T12:20:34.472+0000	beacon2.Variants	11.9GB
2023-02-08T12:20:37.472+0000	beacon2.Variants	11.9GB
2023-02-08T12:20:40.473+0000	beacon2.Variants	11.9GB
2023-02-08T12:20:43.473+0000	beacon2.Variants	12.0GB
2023-02-08T12:20:46.472+0000	beacon2.Variants	12.0GB
2023-02-08T12:20:49.477+0000	beacon2.Variants	12.0GB
2023-02-08T12:20:52.481+0000	beacon2.Variants	12.1GB
2023-02-08T12:20:55.472+0000	beacon2.Variants	12.1GB
2023-02-08T12:20:58.482+0000	beacon2.Variants	12.2GB
2023-02-08T12:21:01.472+0000	beacon2.Variants	12.2GB
2023-02-08T12:21:04.475+0000	beacon2.Variants	12.2GB
2023-02-08T12:21:07.472+0000	beacon2.Variants	12.3GB
2023-02-08T12:21:10.474+0000	beacon2.Variants	12.3GB
2023-02-08T12:21:13.483+0000	beacon2.Variants	12.3GB
2023-02-08T12:21:16.477+0000	beacon2.Variants	12.4GB
2023-02-08T12:21:19.473+0000	beacon2.Variants	12.4GB
2023-02-08T12:21:22.472+0000	beacon2.Variants	12.5GB
2023-02-08T12:21:25.476+0000	beacon2.Variants	12.5GB
2023-02-08T12:21:28.479+0000	beacon2.Variants	12.5GB
2023-02-08T12:21:31.473+0000	beacon2.Variants	12.6GB
2023-02-08T12:21:34.475+0000	beacon2.Variants	12.6GB
2023-02-08T12:21:37.475+0000	beacon2.Variants	12.7GB
2023-02-08T12:21:40.486+0000	beacon2.Variants	12.7GB
2023-02-08T12:21:43.475+0000	beacon2.Variants	12.7GB
2023-02-08T12:21:46.480+0000	beacon2.Variants	12.8GB
2023-02-08T12:21:49.478+0000	beacon2.Variants	12.8GB
2023-02-08T12:21:52.474+0000	beacon2.Variants	12.8GB
2023-02-08T12:21:55.472+0000	beacon2.Variants	12.9GB
2023-02-08T12:21:58.472+0000	beacon2.Variants	12.9GB
2023-02-08T12:22:01.486+0000	beacon2.Variants	13.0GB
2023-02-08T12:22:04.472+0000	beacon2.Variants	13.0GB
2023-02-08T12:22:07.480+0000	beacon2.Variants	13.0GB
2023-02-08T12:22:10.472+0000	beacon2.Variants	13.1GB
2023-02-08T12:22:13.472+0000	beacon2.Variants	13.1GB
2023-02-08T12:22:16.473+0000	beacon2.Variants	13.2GB
2023-02-08T12:22:19.473+0000	beacon2.Variants	13.2GB
2023-02-08T12:22:22.473+0000	beacon2.Variants	13.2GB
2023-02-08T12:22:25.473+0000	beacon2.Variants	13.3GB
2023-02-08T12:22:28.476+0000	beacon2.Variants	13.3GB
2023-02-08T12:22:31.475+0000	beacon2.Variants	13.3GB
2023-02-08T12:22:34.476+0000	beacon2.Variants	13.4GB
2023-02-08T12:22:37.477+0000	beacon2.Variants	13.4GB
2023-02-08T12:22:40.473+0000	beacon2.Variants	13.4GB
2023-02-08T12:22:43.483+0000	beacon2.Variants	13.5GB
2023-02-08T12:22:46.473+0000	beacon2.Variants	13.5GB
2023-02-08T12:22:49.491+0000	beacon2.Variants	13.6GB
2023-02-08T12:22:52.478+0000	beacon2.Variants	13.6GB
2023-02-08T12:22:55.473+0000	beacon2.Variants	13.6GB
2023-02-08T12:22:58.473+0000	beacon2.Variants	13.7GB
2023-02-08T12:23:01.479+0000	beacon2.Variants	13.7GB
2023-02-08T12:23:04.474+0000	beacon2.Variants	13.8GB
2023-02-08T12:23:07.473+0000	beacon2.Variants	13.8GB
2023-02-08T12:23:10.472+0000	beacon2.Variants	13.8GB
2023-02-08T12:23:13.474+0000	beacon2.Variants	13.9GB
2023-02-08T12:23:16.486+0000	beacon2.Variants	13.9GB
2023-02-08T12:23:19.473+0000	beacon2.Variants	13.9GB
2023-02-08T12:23:22.472+0000	beacon2.Variants	14.0GB
2023-02-08T12:23:25.479+0000	beacon2.Variants	14.0GB
2023-02-08T12:23:28.472+0000	beacon2.Variants	14.1GB
2023-02-08T12:23:31.473+0000	beacon2.Variants	14.1GB
2023-02-08T12:23:34.476+0000	beacon2.Variants	14.1GB
2023-02-08T12:23:37.472+0000	beacon2.Variants	14.2GB
2023-02-08T12:23:40.475+0000	beacon2.Variants	14.2GB
2023-02-08T12:23:43.474+0000	beacon2.Variants	14.2GB
2023-02-08T12:23:46.476+0000	beacon2.Variants	14.3GB
2023-02-08T12:23:49.473+0000	beacon2.Variants	14.3GB
2023-02-08T12:23:52.474+0000	beacon2.Variants	14.4GB
2023-02-08T12:23:55.472+0000	beacon2.Variants	14.4GB
2023-02-08T12:23:58.492+0000	beacon2.Variants	14.4GB
2023-02-08T12:24:01.473+0000	beacon2.Variants	14.5GB
2023-02-08T12:24:04.474+0000	beacon2.Variants	14.5GB
2023-02-08T12:24:07.483+0000	beacon2.Variants	14.6GB
2023-02-08T12:24:10.475+0000	beacon2.Variants	14.6GB
2023-02-08T12:24:13.472+0000	beacon2.Variants	14.6GB
2023-02-08T12:24:16.474+0000	beacon2.Variants	14.7GB
2023-02-08T12:24:19.473+0000	beacon2.Variants	14.7GB
2023-02-08T12:24:22.473+0000	beacon2.Variants	14.8GB
2023-02-08T12:24:25.475+0000	beacon2.Variants	14.8GB
2023-02-08T12:24:28.474+0000	beacon2.Variants	14.8GB
2023-02-08T12:24:31.473+0000	beacon2.Variants	14.9GB
2023-02-08T12:24:34.474+0000	beacon2.Variants	14.9GB
2023-02-08T12:24:37.473+0000	beacon2.Variants	14.9GB
2023-02-08T12:24:40.474+0000	beacon2.Variants	15.0GB
2023-02-08T12:24:43.475+0000	beacon2.Variants	15.0GB
2023-02-08T12:24:46.479+0000	beacon2.Variants	15.1GB
2023-02-08T12:24:49.479+0000	beacon2.Variants	15.1GB
2023-02-08T12:24:52.474+0000	beacon2.Variants	15.1GB
2023-02-08T12:24:55.472+0000	beacon2.Variants	15.2GB
2023-02-08T12:24:58.472+0000	beacon2.Variants	15.2GB
2023-02-08T12:25:01.478+0000	beacon2.Variants	15.2GB
2023-02-08T12:25:04.478+0000	beacon2.Variants	15.3GB
2023-02-08T12:25:07.476+0000	beacon2.Variants	15.3GB
2023-02-08T12:25:10.473+0000	beacon2.Variants	15.4GB
2023-02-08T12:25:13.475+0000	beacon2.Variants	15.4GB
2023-02-08T12:25:16.475+0000	beacon2.Variants	15.4GB
2023-02-08T12:25:19.472+0000	beacon2.Variants	15.5GB
2023-02-08T12:25:22.475+0000	beacon2.Variants	15.5GB
2023-02-08T12:25:25.479+0000	beacon2.Variants	15.6GB
2023-02-08T12:25:28.472+0000	beacon2.Variants	15.6GB
2023-02-08T12:25:31.474+0000	beacon2.Variants	15.6GB
2023-02-08T12:25:34.474+0000	beacon2.Variants	15.7GB
2023-02-08T12:25:37.477+0000	beacon2.Variants	15.7GB
2023-02-08T12:25:40.494+0000	beacon2.Variants	15.7GB
2023-02-08T12:25:43.476+0000	beacon2.Variants	15.8GB
2023-02-08T12:25:46.473+0000	beacon2.Variants	15.8GB
2023-02-08T12:25:49.472+0000	beacon2.Variants	15.8GB
2023-02-08T12:25:52.475+0000	beacon2.Variants	15.9GB
2023-02-08T12:25:55.476+0000	beacon2.Variants	15.9GB
2023-02-08T12:25:58.472+0000	beacon2.Variants	16.0GB
2023-02-08T12:26:01.490+0000	beacon2.Variants	16.0GB
2023-02-08T12:26:04.472+0000	beacon2.Variants	16.1GB
2023-02-08T12:26:07.490+0000	beacon2.Variants	16.1GB
2023-02-08T12:26:10.475+0000	beacon2.Variants	16.1GB
2023-02-08T12:26:13.476+0000	beacon2.Variants	16.2GB
2023-02-08T12:26:16.479+0000	beacon2.Variants	16.2GB
2023-02-08T12:26:19.472+0000	beacon2.Variants	16.2GB
2023-02-08T12:26:22.478+0000	beacon2.Variants	16.3GB
2023-02-08T12:26:25.472+0000	beacon2.Variants	16.3GB
2023-02-08T12:26:28.502+0000	beacon2.Variants	16.4GB
2023-02-08T12:26:31.473+0000	beacon2.Variants	16.4GB
2023-02-08T12:26:34.473+0000	beacon2.Variants	16.4GB
2023-02-08T12:26:37.472+0000	beacon2.Variants	16.5GB
2023-02-08T12:26:40.475+0000	beacon2.Variants	16.5GB
2023-02-08T12:26:43.475+0000	beacon2.Variants	16.5GB
2023-02-08T12:26:46.473+0000	beacon2.Variants	16.6GB
2023-02-08T12:26:49.491+0000	beacon2.Variants	16.6GB
2023-02-08T12:26:52.477+0000	beacon2.Variants	16.6GB
2023-02-08T12:26:55.474+0000	beacon2.Variants	16.7GB
2023-02-08T12:26:58.474+0000	beacon2.Variants	16.7GB
2023-02-08T12:27:01.472+0000	beacon2.Variants	16.8GB
2023-02-08T12:27:04.473+0000	beacon2.Variants	16.8GB
2023-02-08T12:27:07.473+0000	beacon2.Variants	16.8GB
2023-02-08T12:27:10.476+0000	beacon2.Variants	16.9GB
2023-02-08T12:27:13.472+0000	beacon2.Variants	16.9GB
2023-02-08T12:27:16.472+0000	beacon2.Variants	17.0GB
2023-02-08T12:27:19.477+0000	beacon2.Variants	17.0GB
2023-02-08T12:27:22.485+0000	beacon2.Variants	17.0GB
2023-02-08T12:27:25.476+0000	beacon2.Variants	17.1GB
2023-02-08T12:27:28.472+0000	beacon2.Variants	17.1GB
2023-02-08T12:27:31.475+0000	beacon2.Variants	17.1GB
2023-02-08T12:27:34.481+0000	beacon2.Variants	17.2GB
2023-02-08T12:27:37.472+0000	beacon2.Variants	17.2GB
2023-02-08T12:27:40.474+0000	beacon2.Variants	17.3GB
2023-02-08T12:27:43.474+0000	beacon2.Variants	17.3GB
2023-02-08T12:27:46.473+0000	beacon2.Variants	17.3GB
2023-02-08T12:27:49.473+0000	beacon2.Variants	17.4GB
2023-02-08T12:27:52.480+0000	beacon2.Variants	17.4GB
2023-02-08T12:27:55.473+0000	beacon2.Variants	17.4GB
2023-02-08T12:27:58.486+0000	beacon2.Variants	17.5GB
2023-02-08T12:28:01.475+0000	beacon2.Variants	17.5GB
2023-02-08T12:28:04.473+0000	beacon2.Variants	17.6GB
2023-02-08T12:28:07.474+0000	beacon2.Variants	17.6GB
2023-02-08T12:28:10.480+0000	beacon2.Variants	17.6GB
2023-02-08T12:28:13.477+0000	beacon2.Variants	17.7GB
2023-02-08T12:28:16.476+0000	beacon2.Variants	17.7GB
2023-02-08T12:28:19.472+0000	beacon2.Variants	17.8GB
2023-02-08T12:28:22.473+0000	beacon2.Variants	17.8GB
2023-02-08T12:28:25.479+0000	beacon2.Variants	17.8GB
2023-02-08T12:28:28.472+0000	beacon2.Variants	17.9GB
2023-02-08T12:28:31.482+0000	beacon2.Variants	17.9GB
2023-02-08T12:28:34.472+0000	beacon2.Variants	17.9GB
2023-02-08T12:28:37.475+0000	beacon2.Variants	18.0GB
2023-02-08T12:28:40.472+0000	beacon2.Variants	18.0GB
2023-02-08T12:28:43.481+0000	beacon2.Variants	18.1GB
2023-02-08T12:28:46.473+0000	beacon2.Variants	18.1GB
2023-02-08T12:28:49.480+0000	beacon2.Variants	18.1GB
2023-02-08T12:28:52.481+0000	beacon2.Variants	18.2GB
2023-02-08T12:28:55.472+0000	beacon2.Variants	18.2GB
2023-02-08T12:28:58.477+0000	beacon2.Variants	18.3GB
2023-02-08T12:29:01.474+0000	beacon2.Variants	18.3GB
2023-02-08T12:29:04.476+0000	beacon2.Variants	18.3GB
2023-02-08T12:29:07.472+0000	beacon2.Variants	18.4GB
2023-02-08T12:29:10.472+0000	beacon2.Variants	18.4GB
2023-02-08T12:29:13.474+0000	beacon2.Variants	18.4GB
2023-02-08T12:29:16.481+0000	beacon2.Variants	18.5GB
2023-02-08T12:29:19.474+0000	beacon2.Variants	18.5GB
2023-02-08T12:29:22.473+0000	beacon2.Variants	18.6GB
2023-02-08T12:29:25.477+0000	beacon2.Variants	18.6GB
2023-02-08T12:29:28.474+0000	beacon2.Variants	18.6GB
2023-02-08T12:29:31.478+0000	beacon2.Variants	18.7GB
2023-02-08T12:29:34.472+0000	beacon2.Variants	18.7GB
2023-02-08T12:29:37.473+0000	beacon2.Variants	18.8GB
2023-02-08T12:29:40.478+0000	beacon2.Variants	18.8GB
2023-02-08T12:29:43.474+0000	beacon2.Variants	18.8GB
2023-02-08T12:29:46.480+0000	beacon2.Variants	18.9GB
2023-02-08T12:29:49.480+0000	beacon2.Variants	18.9GB
2023-02-08T12:29:52.472+0000	beacon2.Variants	18.9GB
2023-02-08T12:29:55.473+0000	beacon2.Variants	19.0GB
2023-02-08T12:29:58.478+0000	beacon2.Variants	19.0GB
2023-02-08T12:30:01.476+0000	beacon2.Variants	19.1GB
2023-02-08T12:30:04.480+0000	beacon2.Variants	19.1GB
2023-02-08T12:30:07.474+0000	beacon2.Variants	19.1GB
2023-02-08T12:30:10.477+0000	beacon2.Variants	19.2GB
2023-02-08T12:30:13.478+0000	beacon2.Variants	19.2GB
2023-02-08T12:30:16.472+0000	beacon2.Variants	19.2GB
2023-02-08T12:30:19.472+0000	beacon2.Variants	19.3GB
2023-02-08T12:30:22.474+0000	beacon2.Variants	19.3GB
2023-02-08T12:30:25.480+0000	beacon2.Variants	19.4GB
2023-02-08T12:30:28.474+0000	beacon2.Variants	19.4GB
2023-02-08T12:30:31.472+0000	beacon2.Variants	19.4GB
2023-02-08T12:30:34.478+0000	beacon2.Variants	19.5GB
2023-02-08T12:30:37.473+0000	beacon2.Variants	19.5GB
2023-02-08T12:30:40.472+0000	beacon2.Variants	19.6GB
2023-02-08T12:30:43.484+0000	beacon2.Variants	19.6GB
2023-02-08T12:30:46.473+0000	beacon2.Variants	19.6GB
2023-02-08T12:30:49.472+0000	beacon2.Variants	19.7GB
2023-02-08T12:30:52.476+0000	beacon2.Variants	19.7GB
2023-02-08T12:30:55.473+0000	beacon2.Variants	19.7GB
2023-02-08T12:30:58.472+0000	beacon2.Variants	19.8GB
2023-02-08T12:31:01.482+0000	beacon2.Variants	19.8GB
2023-02-08T12:31:04.472+0000	beacon2.Variants	19.9GB
2023-02-08T12:31:07.473+0000	beacon2.Variants	19.9GB
2023-02-08T12:31:10.484+0000	beacon2.Variants	19.9GB
2023-02-08T12:31:13.473+0000	beacon2.Variants	20.0GB
2023-02-08T12:31:16.474+0000	beacon2.Variants	20.0GB
2023-02-08T12:31:19.472+0000	beacon2.Variants	20.1GB
2023-02-08T12:31:22.483+0000	beacon2.Variants	20.1GB
2023-02-08T12:31:25.475+0000	beacon2.Variants	20.1GB
2023-02-08T12:31:28.479+0000	beacon2.Variants	20.2GB
2023-02-08T12:31:31.479+0000	beacon2.Variants	20.2GB
2023-02-08T12:31:34.490+0000	beacon2.Variants	20.2GB
2023-02-08T12:31:37.485+0000	beacon2.Variants	20.3GB
2023-02-08T12:31:40.477+0000	beacon2.Variants	20.3GB
2023-02-08T12:31:43.476+0000	beacon2.Variants	20.4GB
2023-02-08T12:31:46.485+0000	beacon2.Variants	20.4GB
2023-02-08T12:31:49.474+0000	beacon2.Variants	20.4GB
2023-02-08T12:31:52.480+0000	beacon2.Variants	20.5GB
2023-02-08T12:31:55.481+0000	beacon2.Variants	20.5GB
2023-02-08T12:31:58.473+0000	beacon2.Variants	20.5GB
2023-02-08T12:32:01.480+0000	beacon2.Variants	20.6GB
2023-02-08T12:32:04.480+0000	beacon2.Variants	20.6GB
2023-02-08T12:32:07.482+0000	beacon2.Variants	20.7GB
2023-02-08T12:32:10.473+0000	beacon2.Variants	20.7GB
2023-02-08T12:32:13.475+0000	beacon2.Variants	20.7GB
2023-02-08T12:32:16.480+0000	beacon2.Variants	20.8GB
2023-02-08T12:32:19.483+0000	beacon2.Variants	20.8GB
2023-02-08T12:32:22.490+0000	beacon2.Variants	20.8GB
2023-02-08T12:32:25.473+0000	beacon2.Variants	20.9GB
2023-02-08T12:32:28.473+0000	beacon2.Variants	20.9GB
2023-02-08T12:32:31.474+0000	beacon2.Variants	21.0GB
2023-02-08T12:32:34.479+0000	beacon2.Variants	21.0GB
2023-02-08T12:32:37.474+0000	beacon2.Variants	21.0GB
2023-02-08T12:32:40.477+0000	beacon2.Variants	21.1GB
2023-02-08T12:32:43.472+0000	beacon2.Variants	21.1GB
2023-02-08T12:32:46.474+0000	beacon2.Variants	21.1GB
2023-02-08T12:32:49.473+0000	beacon2.Variants	21.2GB
2023-02-08T12:32:52.472+0000	beacon2.Variants	21.2GB
2023-02-08T12:32:55.478+0000	beacon2.Variants	21.3GB
2023-02-08T12:32:58.475+0000	beacon2.Variants	21.3GB
2023-02-08T12:33:01.472+0000	beacon2.Variants	21.3GB
2023-02-08T12:33:04.480+0000	beacon2.Variants	21.4GB
2023-02-08T12:33:07.480+0000	beacon2.Variants	21.4GB
2023-02-08T12:33:10.474+0000	beacon2.Variants	21.4GB
2023-02-08T12:33:13.473+0000	beacon2.Variants	21.5GB
2023-02-08T12:33:16.476+0000	beacon2.Variants	21.5GB
2023-02-08T12:33:19.477+0000	beacon2.Variants	21.6GB
2023-02-08T12:33:22.472+0000	beacon2.Variants	21.6GB
2023-02-08T12:33:25.474+0000	beacon2.Variants	21.6GB
2023-02-08T12:33:28.474+0000	beacon2.Variants	21.7GB
2023-02-08T12:33:31.473+0000	beacon2.Variants	21.7GB
2023-02-08T12:33:34.472+0000	beacon2.Variants	21.8GB
2023-02-08T12:33:37.473+0000	beacon2.Variants	21.8GB
2023-02-08T12:33:40.488+0000	beacon2.Variants	21.8GB
2023-02-08T12:33:43.483+0000	beacon2.Variants	21.9GB
2023-02-08T12:33:46.476+0000	beacon2.Variants	21.9GB
2023-02-08T12:33:49.480+0000	beacon2.Variants	21.9GB
2023-02-08T12:33:52.476+0000	beacon2.Variants	22.0GB
2023-02-08T12:33:55.473+0000	beacon2.Variants	22.0GB
2023-02-08T12:33:58.483+0000	beacon2.Variants	22.1GB
2023-02-08T12:34:01.475+0000	beacon2.Variants	22.1GB
2023-02-08T12:34:04.473+0000	beacon2.Variants	22.1GB
2023-02-08T12:34:07.475+0000	beacon2.Variants	22.2GB
2023-02-08T12:34:10.472+0000	beacon2.Variants	22.2GB
2023-02-08T12:34:13.476+0000	beacon2.Variants	22.2GB
2023-02-08T12:34:16.473+0000	beacon2.Variants	22.3GB
2023-02-08T12:34:19.477+0000	beacon2.Variants	22.3GB
2023-02-08T12:34:22.475+0000	beacon2.Variants	22.4GB
2023-02-08T12:34:25.472+0000	beacon2.Variants	22.4GB
2023-02-08T12:34:28.472+0000	beacon2.Variants	22.4GB
2023-02-08T12:34:31.474+0000	beacon2.Variants	22.5GB
2023-02-08T12:34:34.485+0000	beacon2.Variants	22.5GB
2023-02-08T12:34:37.475+0000	beacon2.Variants	22.6GB
2023-02-08T12:34:40.488+0000	beacon2.Variants	22.6GB
2023-02-08T12:34:43.475+0000	beacon2.Variants	22.6GB
2023-02-08T12:34:46.472+0000	beacon2.Variants	22.7GB
2023-02-08T12:34:49.474+0000	beacon2.Variants	22.7GB
2023-02-08T12:34:52.480+0000	beacon2.Variants	22.8GB
2023-02-08T12:34:55.477+0000	beacon2.Variants	22.8GB
2023-02-08T12:34:58.472+0000	beacon2.Variants	22.8GB
2023-02-08T12:35:01.472+0000	beacon2.Variants	22.9GB
2023-02-08T12:35:04.472+0000	beacon2.Variants	22.9GB
2023-02-08T12:35:07.474+0000	beacon2.Variants	22.9GB
2023-02-08T12:35:10.479+0000	beacon2.Variants	23.0GB
2023-02-08T12:35:13.485+0000	beacon2.Variants	23.0GB
2023-02-08T12:35:16.473+0000	beacon2.Variants	23.1GB
2023-02-08T12:35:19.473+0000	beacon2.Variants	23.1GB
2023-02-08T12:35:22.479+0000	beacon2.Variants	23.1GB
2023-02-08T12:35:25.481+0000	beacon2.Variants	23.2GB
2023-02-08T12:35:28.472+0000	beacon2.Variants	23.2GB
2023-02-08T12:35:31.478+0000	beacon2.Variants	23.2GB
2023-02-08T12:35:34.472+0000	beacon2.Variants	23.3GB
2023-02-08T12:35:37.472+0000	beacon2.Variants	23.3GB
2023-02-08T12:35:40.484+0000	beacon2.Variants	23.4GB
2023-02-08T12:35:43.472+0000	beacon2.Variants	23.4GB
2023-02-08T12:35:46.473+0000	beacon2.Variants	23.4GB
2023-02-08T12:35:49.482+0000	beacon2.Variants	23.5GB
2023-02-08T12:35:52.477+0000	beacon2.Variants	23.5GB
2023-02-08T12:35:55.477+0000	beacon2.Variants	23.6GB
2023-02-08T12:35:58.473+0000	beacon2.Variants	23.6GB
2023-02-08T12:36:01.477+0000	beacon2.Variants	23.6GB
2023-02-08T12:36:04.476+0000	beacon2.Variants	23.7GB
2023-02-08T12:36:07.474+0000	beacon2.Variants	23.7GB
2023-02-08T12:36:10.472+0000	beacon2.Variants	23.7GB
2023-02-08T12:36:13.472+0000	beacon2.Variants	23.8GB
2023-02-08T12:36:16.474+0000	beacon2.Variants	23.8GB
2023-02-08T12:36:19.473+0000	beacon2.Variants	23.9GB
2023-02-08T12:36:22.472+0000	beacon2.Variants	23.9GB
2023-02-08T12:36:25.473+0000	beacon2.Variants	23.9GB
2023-02-08T12:36:28.477+0000	beacon2.Variants	24.0GB
2023-02-08T12:36:31.473+0000	beacon2.Variants	24.0GB
2023-02-08T12:36:34.473+0000	beacon2.Variants	24.0GB
2023-02-08T12:36:37.474+0000	beacon2.Variants	24.1GB
2023-02-08T12:36:40.475+0000	beacon2.Variants	24.1GB
2023-02-08T12:36:43.474+0000	beacon2.Variants	24.2GB
2023-02-08T12:36:46.475+0000	beacon2.Variants	24.2GB
2023-02-08T12:36:49.479+0000	beacon2.Variants	24.2GB
2023-02-08T12:36:52.474+0000	beacon2.Variants	24.3GB
2023-02-08T12:36:55.473+0000	beacon2.Variants	24.3GB
2023-02-08T12:36:58.477+0000	beacon2.Variants	24.4GB
2023-02-08T12:37:01.475+0000	beacon2.Variants	24.4GB
2023-02-08T12:37:04.472+0000	beacon2.Variants	24.4GB
2023-02-08T12:37:07.473+0000	beacon2.Variants	24.5GB
2023-02-08T12:37:10.480+0000	beacon2.Variants	24.5GB
2023-02-08T12:37:13.472+0000	beacon2.Variants	24.5GB
2023-02-08T12:37:16.480+0000	beacon2.Variants	24.6GB
2023-02-08T12:37:19.474+0000	beacon2.Variants	24.6GB
2023-02-08T12:37:22.480+0000	beacon2.Variants	24.7GB
2023-02-08T12:37:25.473+0000	beacon2.Variants	24.7GB
2023-02-08T12:37:28.473+0000	beacon2.Variants	24.7GB
2023-02-08T12:37:31.476+0000	beacon2.Variants	24.8GB
2023-02-08T12:37:34.472+0000	beacon2.Variants	24.8GB
2023-02-08T12:37:37.472+0000	beacon2.Variants	24.9GB
2023-02-08T12:37:40.472+0000	beacon2.Variants	24.9GB
2023-02-08T12:37:43.477+0000	beacon2.Variants	24.9GB
2023-02-08T12:37:46.473+0000	beacon2.Variants	25.0GB
2023-02-08T12:37:49.472+0000	beacon2.Variants	25.0GB
2023-02-08T12:37:52.473+0000	beacon2.Variants	25.0GB
2023-02-08T12:37:55.474+0000	beacon2.Variants	25.1GB
2023-02-08T12:37:58.475+0000	beacon2.Variants	25.1GB
2023-02-08T12:38:01.503+0000	beacon2.Variants	25.1GB
2023-02-08T12:38:04.475+0000	beacon2.Variants	25.2GB
2023-02-08T12:38:07.473+0000	beacon2.Variants	25.2GB
2023-02-08T12:38:10.472+0000	beacon2.Variants	25.3GB
2023-02-08T12:38:13.472+0000	beacon2.Variants	25.3GB
2023-02-08T12:38:16.477+0000	beacon2.Variants	25.3GB
2023-02-08T12:38:19.472+0000	beacon2.Variants	25.4GB
2023-02-08T12:38:22.473+0000	beacon2.Variants	25.4GB
2023-02-08T12:38:25.472+0000	beacon2.Variants	25.5GB
2023-02-08T12:38:28.473+0000	beacon2.Variants	25.5GB
2023-02-08T12:38:31.476+0000	beacon2.Variants	25.5GB
2023-02-08T12:38:34.485+0000	beacon2.Variants	25.6GB
2023-02-08T12:38:37.475+0000	beacon2.Variants	25.6GB
2023-02-08T12:38:40.473+0000	beacon2.Variants	25.6GB
2023-02-08T12:38:43.473+0000	beacon2.Variants	25.7GB
2023-02-08T12:38:46.472+0000	beacon2.Variants	25.7GB
2023-02-08T12:38:49.482+0000	beacon2.Variants	25.8GB
2023-02-08T12:38:52.472+0000	beacon2.Variants	25.8GB
2023-02-08T12:38:55.472+0000	beacon2.Variants	25.8GB
2023-02-08T12:38:58.482+0000	beacon2.Variants	25.9GB
2023-02-08T12:39:01.473+0000	beacon2.Variants	25.9GB
2023-02-08T12:39:04.479+0000	beacon2.Variants	25.9GB
2023-02-08T12:39:07.472+0000	beacon2.Variants	26.0GB
2023-02-08T12:39:10.480+0000	beacon2.Variants	26.0GB
2023-02-08T12:39:13.472+0000	beacon2.Variants	26.1GB
2023-02-08T12:39:16.477+0000	beacon2.Variants	26.1GB
2023-02-08T12:39:19.472+0000	beacon2.Variants	26.1GB
2023-02-08T12:39:22.474+0000	beacon2.Variants	26.2GB
2023-02-08T12:39:25.474+0000	beacon2.Variants	26.2GB
2023-02-08T12:39:28.473+0000	beacon2.Variants	26.3GB
2023-02-08T12:39:31.472+0000	beacon2.Variants	26.3GB
2023-02-08T12:39:34.478+0000	beacon2.Variants	26.3GB
2023-02-08T12:39:37.472+0000	beacon2.Variants	26.4GB
2023-02-08T12:39:40.473+0000	beacon2.Variants	26.4GB
2023-02-08T12:39:43.473+0000	beacon2.Variants	26.4GB
2023-02-08T12:39:46.473+0000	beacon2.Variants	26.5GB
2023-02-08T12:39:49.478+0000	beacon2.Variants	26.5GB
2023-02-08T12:39:52.481+0000	beacon2.Variants	26.6GB
2023-02-08T12:39:55.472+0000	beacon2.Variants	26.6GB
2023-02-08T12:39:58.472+0000	beacon2.Variants	26.6GB
2023-02-08T12:40:01.472+0000	beacon2.Variants	26.7GB
2023-02-08T12:40:04.476+0000	beacon2.Variants	26.7GB
2023-02-08T12:40:07.472+0000	beacon2.Variants	26.8GB
2023-02-08T12:40:10.472+0000	beacon2.Variants	26.8GB
2023-02-08T12:40:13.472+0000	beacon2.Variants	26.8GB
2023-02-08T12:40:16.476+0000	beacon2.Variants	26.9GB
2023-02-08T12:40:19.473+0000	beacon2.Variants	26.9GB
2023-02-08T12:40:22.483+0000	beacon2.Variants	26.9GB
2023-02-08T12:40:25.475+0000	beacon2.Variants	27.0GB
2023-02-08T12:40:28.472+0000	beacon2.Variants	27.0GB
2023-02-08T12:40:31.476+0000	beacon2.Variants	27.1GB
2023-02-08T12:40:34.474+0000	beacon2.Variants	27.1GB
2023-02-08T12:40:37.472+0000	beacon2.Variants	27.1GB
2023-02-08T12:40:40.473+0000	beacon2.Variants	27.2GB
2023-02-08T12:40:43.472+0000	beacon2.Variants	27.2GB
2023-02-08T12:40:46.479+0000	beacon2.Variants	27.2GB
2023-02-08T12:40:49.490+0000	beacon2.Variants	27.3GB
2023-02-08T12:40:52.478+0000	beacon2.Variants	27.3GB
2023-02-08T12:40:55.478+0000	beacon2.Variants	27.4GB
2023-02-08T12:40:58.475+0000	beacon2.Variants	27.4GB
2023-02-08T12:41:01.483+0000	beacon2.Variants	27.4GB
2023-02-08T12:41:04.479+0000	beacon2.Variants	27.5GB
2023-02-08T12:41:07.473+0000	beacon2.Variants	27.5GB
2023-02-08T12:41:10.475+0000	beacon2.Variants	27.6GB
2023-02-08T12:41:13.472+0000	beacon2.Variants	27.6GB
2023-02-08T12:41:16.473+0000	beacon2.Variants	27.6GB
2023-02-08T12:41:19.476+0000	beacon2.Variants	27.7GB
2023-02-08T12:41:22.472+0000	beacon2.Variants	27.7GB
2023-02-08T12:41:25.478+0000	beacon2.Variants	27.7GB
2023-02-08T12:41:28.472+0000	beacon2.Variants	27.8GB
2023-02-08T12:41:31.477+0000	beacon2.Variants	27.8GB
2023-02-08T12:41:34.473+0000	beacon2.Variants	27.9GB
2023-02-08T12:41:37.475+0000	beacon2.Variants	27.9GB
2023-02-08T12:41:40.480+0000	beacon2.Variants	27.9GB
2023-02-08T12:41:43.474+0000	beacon2.Variants	28.0GB
2023-02-08T12:41:46.481+0000	beacon2.Variants	28.0GB
2023-02-08T12:41:49.479+0000	beacon2.Variants	28.0GB
2023-02-08T12:41:52.478+0000	beacon2.Variants	28.1GB
2023-02-08T12:41:55.489+0000	beacon2.Variants	28.1GB
2023-02-08T12:41:58.472+0000	beacon2.Variants	28.2GB
2023-02-08T12:42:01.475+0000	beacon2.Variants	28.2GB
2023-02-08T12:42:04.490+0000	beacon2.Variants	28.2GB
2023-02-08T12:42:07.473+0000	beacon2.Variants	28.3GB
2023-02-08T12:42:10.483+0000	beacon2.Variants	28.3GB
2023-02-08T12:42:13.473+0000	beacon2.Variants	28.4GB
2023-02-08T12:42:16.474+0000	beacon2.Variants	28.4GB
2023-02-08T12:42:19.472+0000	beacon2.Variants	28.4GB
2023-02-08T12:42:22.472+0000	beacon2.Variants	28.5GB
2023-02-08T12:42:25.485+0000	beacon2.Variants	28.5GB
2023-02-08T12:42:28.472+0000	beacon2.Variants	28.5GB
2023-02-08T12:42:31.484+0000	beacon2.Variants	28.6GB
2023-02-08T12:42:34.474+0000	beacon2.Variants	28.6GB
2023-02-08T12:42:37.476+0000	beacon2.Variants	28.6GB
2023-02-08T12:42:40.473+0000	beacon2.Variants	28.7GB
2023-02-08T12:42:43.472+0000	beacon2.Variants	28.7GB
2023-02-08T12:42:46.473+0000	beacon2.Variants	28.8GB
2023-02-08T12:42:49.473+0000	beacon2.Variants	28.8GB
2023-02-08T12:42:52.473+0000	beacon2.Variants	28.8GB
2023-02-08T12:42:55.473+0000	beacon2.Variants	28.9GB
2023-02-08T12:42:58.472+0000	beacon2.Variants	28.9GB
2023-02-08T12:43:01.472+0000	beacon2.Variants	29.0GB
2023-02-08T12:43:04.472+0000	beacon2.Variants	29.0GB
2023-02-08T12:43:07.485+0000	beacon2.Variants	29.0GB
2023-02-08T12:43:10.472+0000	beacon2.Variants	29.1GB
2023-02-08T12:43:13.474+0000	beacon2.Variants	29.1GB
2023-02-08T12:43:16.483+0000	beacon2.Variants	29.1GB
2023-02-08T12:43:19.481+0000	beacon2.Variants	29.2GB
2023-02-08T12:43:22.472+0000	beacon2.Variants	29.2GB
2023-02-08T12:43:25.475+0000	beacon2.Variants	29.3GB
2023-02-08T12:43:28.472+0000	beacon2.Variants	29.3GB
2023-02-08T12:43:31.478+0000	beacon2.Variants	29.3GB
2023-02-08T12:43:34.478+0000	beacon2.Variants	29.4GB
2023-02-08T12:43:37.481+0000	beacon2.Variants	29.4GB
2023-02-08T12:43:40.481+0000	beacon2.Variants	29.4GB
2023-02-08T12:43:43.477+0000	beacon2.Variants	29.5GB
2023-02-08T12:43:46.474+0000	beacon2.Variants	29.5GB
2023-02-08T12:43:49.480+0000	beacon2.Variants	29.6GB
2023-02-08T12:43:52.473+0000	beacon2.Variants	29.6GB
2023-02-08T12:43:55.472+0000	beacon2.Variants	29.6GB
2023-02-08T12:43:58.472+0000	beacon2.Variants	29.7GB
2023-02-08T12:44:01.474+0000	beacon2.Variants	29.7GB
2023-02-08T12:44:04.479+0000	beacon2.Variants	29.8GB
2023-02-08T12:44:07.479+0000	beacon2.Variants	29.8GB
2023-02-08T12:44:10.473+0000	beacon2.Variants	29.8GB
2023-02-08T12:44:13.490+0000	beacon2.Variants	29.9GB
2023-02-08T12:44:16.479+0000	beacon2.Variants	29.9GB
2023-02-08T12:44:19.483+0000	beacon2.Variants	29.9GB
2023-02-08T12:44:22.474+0000	beacon2.Variants	30.0GB
2023-02-08T12:44:25.473+0000	beacon2.Variants	30.0GB
2023-02-08T12:44:28.484+0000	beacon2.Variants	30.1GB
2023-02-08T12:44:31.472+0000	beacon2.Variants	30.1GB
2023-02-08T12:44:34.479+0000	beacon2.Variants	30.1GB
2023-02-08T12:44:37.472+0000	beacon2.Variants	30.2GB
2023-02-08T12:44:40.472+0000	beacon2.Variants	30.2GB
2023-02-08T12:44:43.475+0000	beacon2.Variants	30.3GB
2023-02-08T12:44:46.473+0000	beacon2.Variants	30.3GB
2023-02-08T12:44:49.483+0000	beacon2.Variants	30.3GB
2023-02-08T12:44:52.475+0000	beacon2.Variants	30.4GB
2023-02-08T12:44:55.473+0000	beacon2.Variants	30.4GB
2023-02-08T12:44:58.478+0000	beacon2.Variants	30.4GB
2023-02-08T12:45:01.473+0000	beacon2.Variants	30.5GB
2023-02-08T12:45:04.473+0000	beacon2.Variants	30.5GB
2023-02-08T12:45:07.473+0000	beacon2.Variants	30.6GB
2023-02-08T12:45:10.472+0000	beacon2.Variants	30.6GB
2023-02-08T12:45:13.473+0000	beacon2.Variants	30.6GB
2023-02-08T12:45:16.473+0000	beacon2.Variants	30.7GB
2023-02-08T12:45:19.478+0000	beacon2.Variants	30.7GB
2023-02-08T12:45:22.481+0000	beacon2.Variants	30.8GB
2023-02-08T12:45:25.477+0000	beacon2.Variants	30.8GB
2023-02-08T12:45:28.477+0000	beacon2.Variants	30.8GB
2023-02-08T12:45:31.472+0000	beacon2.Variants	30.9GB
2023-02-08T12:45:34.476+0000	beacon2.Variants	30.9GB
2023-02-08T12:45:37.473+0000	beacon2.Variants	30.9GB
2023-02-08T12:45:40.477+0000	beacon2.Variants	31.0GB
2023-02-08T12:45:43.473+0000	beacon2.Variants	31.0GB
2023-02-08T12:45:46.476+0000	beacon2.Variants	31.1GB
2023-02-08T12:45:49.472+0000	beacon2.Variants	31.1GB
2023-02-08T12:45:52.473+0000	beacon2.Variants	31.1GB
2023-02-08T12:45:55.477+0000	beacon2.Variants	31.2GB
2023-02-08T12:45:58.478+0000	beacon2.Variants	31.2GB
2023-02-08T12:46:01.480+0000	beacon2.Variants	31.2GB
2023-02-08T12:46:04.472+0000	beacon2.Variants	31.3GB
2023-02-08T12:46:07.474+0000	beacon2.Variants	31.3GB
2023-02-08T12:46:10.490+0000	beacon2.Variants	31.4GB
2023-02-08T12:46:13.472+0000	beacon2.Variants	31.4GB
2023-02-08T12:46:16.478+0000	beacon2.Variants	31.4GB
2023-02-08T12:46:19.474+0000	beacon2.Variants	31.5GB
2023-02-08T12:46:22.472+0000	beacon2.Variants	31.5GB
2023-02-08T12:46:25.476+0000	beacon2.Variants	31.6GB
2023-02-08T12:46:28.474+0000	beacon2.Variants	31.6GB
2023-02-08T12:46:31.474+0000	beacon2.Variants	31.6GB
2023-02-08T12:46:34.474+0000	beacon2.Variants	31.7GB
2023-02-08T12:46:37.473+0000	beacon2.Variants	31.7GB
2023-02-08T12:46:40.475+0000	beacon2.Variants	31.7GB
2023-02-08T12:46:43.474+0000	beacon2.Variants	31.8GB
2023-02-08T12:46:46.473+0000	beacon2.Variants	31.8GB
2023-02-08T12:46:49.478+0000	beacon2.Variants	31.9GB
2023-02-08T12:46:52.472+0000	beacon2.Variants	31.9GB
2023-02-08T12:46:55.483+0000	beacon2.Variants	31.9GB
2023-02-08T12:46:58.479+0000	beacon2.Variants	32.0GB
2023-02-08T12:47:01.484+0000	beacon2.Variants	32.0GB
2023-02-08T12:47:04.472+0000	beacon2.Variants	32.0GB
2023-02-08T12:47:07.472+0000	beacon2.Variants	32.1GB
2023-02-08T12:47:10.476+0000	beacon2.Variants	32.1GB
2023-02-08T12:47:13.488+0000	beacon2.Variants	32.2GB
2023-02-08T12:47:16.480+0000	beacon2.Variants	32.2GB
2023-02-08T12:47:19.482+0000	beacon2.Variants	32.2GB
2023-02-08T12:47:22.474+0000	beacon2.Variants	32.3GB
2023-02-08T12:47:25.481+0000	beacon2.Variants	32.3GB
2023-02-08T12:47:28.475+0000	beacon2.Variants	32.4GB
2023-02-08T12:47:31.494+0000	beacon2.Variants	32.4GB
2023-02-08T12:47:34.485+0000	beacon2.Variants	32.4GB
2023-02-08T12:47:37.472+0000	beacon2.Variants	32.5GB
2023-02-08T12:47:40.475+0000	beacon2.Variants	32.5GB
2023-02-08T12:47:43.472+0000	beacon2.Variants	32.5GB
2023-02-08T12:47:46.478+0000	beacon2.Variants	32.6GB
2023-02-08T12:47:49.478+0000	beacon2.Variants	32.6GB
2023-02-08T12:47:52.484+0000	beacon2.Variants	32.7GB
2023-02-08T12:47:55.474+0000	beacon2.Variants	32.7GB
2023-02-08T12:47:58.475+0000	beacon2.Variants	32.7GB
2023-02-08T12:48:01.487+0000	beacon2.Variants	32.8GB
2023-02-08T12:48:04.475+0000	beacon2.Variants	32.8GB
2023-02-08T12:48:07.481+0000	beacon2.Variants	32.9GB
2023-02-08T12:48:10.481+0000	beacon2.Variants	32.9GB
2023-02-08T12:48:13.473+0000	beacon2.Variants	32.9GB
2023-02-08T12:48:16.484+0000	beacon2.Variants	33.0GB
2023-02-08T12:48:19.476+0000	beacon2.Variants	33.0GB
2023-02-08T12:48:22.473+0000	beacon2.Variants	33.0GB
2023-02-08T12:48:25.472+0000	beacon2.Variants	33.1GB
2023-02-08T12:48:28.472+0000	beacon2.Variants	33.1GB
2023-02-08T12:48:31.486+0000	beacon2.Variants	33.1GB
2023-02-08T12:48:34.487+0000	beacon2.Variants	33.2GB
2023-02-08T12:48:37.472+0000	beacon2.Variants	33.2GB
2023-02-08T12:48:38.328+0000	beacon2.Variants	33.2GB
2023-02-08T12:48:38.328+0000	2870348 document(s) imported successfully. 0 document(s) failed to import.

real	43m36.882s
user	77m42.426s
sys	1m12.051s
