2023-02-08T09:44:38.090+0000	connected to: mongodb://[**REDACTED**]@localhost:27017/beacon2?authSource=admin
2023-02-08T09:44:41.090+0000	beacon2.Variants	39.5MB
2023-02-08T09:44:44.092+0000	beacon2.Variants	77.0MB
2023-02-08T09:44:47.092+0000	beacon2.Variants	117MB
2023-02-08T09:44:50.096+0000	beacon2.Variants	156MB
2023-02-08T09:44:53.093+0000	beacon2.Variants	194MB
2023-02-08T09:44:56.092+0000	beacon2.Variants	233MB
2023-02-08T09:44:59.093+0000	beacon2.Variants	272MB
2023-02-08T09:45:02.095+0000	beacon2.Variants	311MB
2023-02-08T09:45:05.091+0000	beacon2.Variants	349MB
2023-02-08T09:45:08.090+0000	beacon2.Variants	387MB
2023-02-08T09:45:11.103+0000	beacon2.Variants	428MB
2023-02-08T09:45:14.092+0000	beacon2.Variants	467MB
2023-02-08T09:45:17.098+0000	beacon2.Variants	506MB
2023-02-08T09:45:20.096+0000	beacon2.Variants	545MB
2023-02-08T09:45:23.092+0000	beacon2.Variants	584MB
2023-02-08T09:45:26.091+0000	beacon2.Variants	622MB
2023-02-08T09:45:29.101+0000	beacon2.Variants	662MB
2023-02-08T09:45:32.092+0000	beacon2.Variants	701MB
2023-02-08T09:45:35.091+0000	beacon2.Variants	739MB
2023-02-08T09:45:38.092+0000	beacon2.Variants	778MB
2023-02-08T09:45:41.095+0000	beacon2.Variants	817MB
2023-02-08T09:45:44.092+0000	beacon2.Variants	856MB
2023-02-08T09:45:47.091+0000	beacon2.Variants	895MB
2023-02-08T09:45:50.102+0000	beacon2.Variants	934MB
2023-02-08T09:45:53.091+0000	beacon2.Variants	971MB
2023-02-08T09:45:56.098+0000	beacon2.Variants	1011MB
2023-02-08T09:45:59.091+0000	beacon2.Variants	1.02GB
2023-02-08T09:46:02.090+0000	beacon2.Variants	1.06GB
2023-02-08T09:46:05.097+0000	beacon2.Variants	1.10GB
2023-02-08T09:46:08.093+0000	beacon2.Variants	1.14GB
2023-02-08T09:46:11.095+0000	beacon2.Variants	1.18GB
2023-02-08T09:46:14.091+0000	beacon2.Variants	1.21GB
2023-02-08T09:46:17.097+0000	beacon2.Variants	1.25GB
2023-02-08T09:46:20.090+0000	beacon2.Variants	1.29GB
2023-02-08T09:46:23.100+0000	beacon2.Variants	1.33GB
2023-02-08T09:46:26.091+0000	beacon2.Variants	1.37GB
2023-02-08T09:46:29.095+0000	beacon2.Variants	1.41GB
2023-02-08T09:46:32.091+0000	beacon2.Variants	1.44GB
2023-02-08T09:46:35.091+0000	beacon2.Variants	1.48GB
2023-02-08T09:46:38.092+0000	beacon2.Variants	1.52GB
2023-02-08T09:46:41.095+0000	beacon2.Variants	1.56GB
2023-02-08T09:46:44.091+0000	beacon2.Variants	1.60GB
2023-02-08T09:46:47.092+0000	beacon2.Variants	1.63GB
2023-02-08T09:46:50.094+0000	beacon2.Variants	1.67GB
2023-02-08T09:46:53.091+0000	beacon2.Variants	1.71GB
2023-02-08T09:46:56.098+0000	beacon2.Variants	1.75GB
2023-02-08T09:46:59.091+0000	beacon2.Variants	1.79GB
2023-02-08T09:47:02.095+0000	beacon2.Variants	1.82GB
2023-02-08T09:47:05.092+0000	beacon2.Variants	1.86GB
2023-02-08T09:47:08.106+0000	beacon2.Variants	1.90GB
2023-02-08T09:47:11.091+0000	beacon2.Variants	1.94GB
2023-02-08T09:47:14.090+0000	beacon2.Variants	1.98GB
2023-02-08T09:47:17.091+0000	beacon2.Variants	2.01GB
2023-02-08T09:47:20.090+0000	beacon2.Variants	2.05GB
2023-02-08T09:47:23.094+0000	beacon2.Variants	2.09GB
2023-02-08T09:47:26.092+0000	beacon2.Variants	2.13GB
2023-02-08T09:47:29.093+0000	beacon2.Variants	2.17GB
2023-02-08T09:47:32.090+0000	beacon2.Variants	2.20GB
2023-02-08T09:47:35.091+0000	beacon2.Variants	2.24GB
2023-02-08T09:47:38.094+0000	beacon2.Variants	2.28GB
2023-02-08T09:47:41.091+0000	beacon2.Variants	2.32GB
2023-02-08T09:47:44.093+0000	beacon2.Variants	2.36GB
2023-02-08T09:47:47.093+0000	beacon2.Variants	2.39GB
2023-02-08T09:47:50.092+0000	beacon2.Variants	2.43GB
2023-02-08T09:47:53.097+0000	beacon2.Variants	2.47GB
2023-02-08T09:47:56.091+0000	beacon2.Variants	2.51GB
2023-02-08T09:47:59.098+0000	beacon2.Variants	2.55GB
2023-02-08T09:48:02.095+0000	beacon2.Variants	2.58GB
2023-02-08T09:48:05.092+0000	beacon2.Variants	2.62GB
2023-02-08T09:48:08.096+0000	beacon2.Variants	2.66GB
2023-02-08T09:48:11.091+0000	beacon2.Variants	2.70GB
2023-02-08T09:48:14.103+0000	beacon2.Variants	2.74GB
2023-02-08T09:48:17.090+0000	beacon2.Variants	2.77GB
2023-02-08T09:48:20.090+0000	beacon2.Variants	2.81GB
2023-02-08T09:48:23.091+0000	beacon2.Variants	2.85GB
2023-02-08T09:48:26.095+0000	beacon2.Variants	2.89GB
2023-02-08T09:48:29.090+0000	beacon2.Variants	2.93GB
2023-02-08T09:48:32.093+0000	beacon2.Variants	2.96GB
2023-02-08T09:48:35.091+0000	beacon2.Variants	3.00GB
2023-02-08T09:48:38.092+0000	beacon2.Variants	3.04GB
2023-02-08T09:48:41.091+0000	beacon2.Variants	3.08GB
2023-02-08T09:48:44.095+0000	beacon2.Variants	3.12GB
2023-02-08T09:48:47.100+0000	beacon2.Variants	3.15GB
2023-02-08T09:48:50.091+0000	beacon2.Variants	3.19GB
2023-02-08T09:48:53.091+0000	beacon2.Variants	3.23GB
2023-02-08T09:48:56.094+0000	beacon2.Variants	3.27GB
2023-02-08T09:48:59.094+0000	beacon2.Variants	3.31GB
2023-02-08T09:49:02.092+0000	beacon2.Variants	3.34GB
2023-02-08T09:49:05.093+0000	beacon2.Variants	3.38GB
2023-02-08T09:49:08.093+0000	beacon2.Variants	3.42GB
2023-02-08T09:49:11.095+0000	beacon2.Variants	3.46GB
2023-02-08T09:49:14.092+0000	beacon2.Variants	3.50GB
2023-02-08T09:49:17.095+0000	beacon2.Variants	3.53GB
2023-02-08T09:49:20.090+0000	beacon2.Variants	3.57GB
2023-02-08T09:49:23.100+0000	beacon2.Variants	3.61GB
2023-02-08T09:49:26.092+0000	beacon2.Variants	3.65GB
2023-02-08T09:49:29.090+0000	beacon2.Variants	3.68GB
2023-02-08T09:49:32.091+0000	beacon2.Variants	3.72GB
2023-02-08T09:49:35.090+0000	beacon2.Variants	3.76GB
2023-02-08T09:49:38.090+0000	beacon2.Variants	3.80GB
2023-02-08T09:49:41.090+0000	beacon2.Variants	3.84GB
2023-02-08T09:49:44.103+0000	beacon2.Variants	3.87GB
2023-02-08T09:49:47.097+0000	beacon2.Variants	3.91GB
2023-02-08T09:49:50.092+0000	beacon2.Variants	3.95GB
2023-02-08T09:49:53.104+0000	beacon2.Variants	3.99GB
2023-02-08T09:49:56.100+0000	beacon2.Variants	4.03GB
2023-02-08T09:49:59.090+0000	beacon2.Variants	4.07GB
2023-02-08T09:50:02.096+0000	beacon2.Variants	4.10GB
2023-02-08T09:50:05.091+0000	beacon2.Variants	4.14GB
2023-02-08T09:50:08.091+0000	beacon2.Variants	4.18GB
2023-02-08T09:50:11.090+0000	beacon2.Variants	4.22GB
2023-02-08T09:50:14.095+0000	beacon2.Variants	4.26GB
2023-02-08T09:50:17.094+0000	beacon2.Variants	4.29GB
2023-02-08T09:50:20.100+0000	beacon2.Variants	4.33GB
2023-02-08T09:50:23.091+0000	beacon2.Variants	4.37GB
2023-02-08T09:50:26.092+0000	beacon2.Variants	4.41GB
2023-02-08T09:50:29.091+0000	beacon2.Variants	4.45GB
2023-02-08T09:50:32.093+0000	beacon2.Variants	4.48GB
2023-02-08T09:50:35.093+0000	beacon2.Variants	4.52GB
2023-02-08T09:50:38.090+0000	beacon2.Variants	4.56GB
2023-02-08T09:50:41.099+0000	beacon2.Variants	4.60GB
2023-02-08T09:50:44.091+0000	beacon2.Variants	4.64GB
2023-02-08T09:50:47.090+0000	beacon2.Variants	4.67GB
2023-02-08T09:50:50.090+0000	beacon2.Variants	4.71GB
2023-02-08T09:50:53.095+0000	beacon2.Variants	4.75GB
2023-02-08T09:50:56.092+0000	beacon2.Variants	4.79GB
2023-02-08T09:50:59.091+0000	beacon2.Variants	4.83GB
2023-02-08T09:51:02.091+0000	beacon2.Variants	4.86GB
2023-02-08T09:51:05.090+0000	beacon2.Variants	4.90GB
2023-02-08T09:51:08.092+0000	beacon2.Variants	4.94GB
2023-02-08T09:51:11.100+0000	beacon2.Variants	4.98GB
2023-02-08T09:51:14.090+0000	beacon2.Variants	5.02GB
2023-02-08T09:51:17.091+0000	beacon2.Variants	5.05GB
2023-02-08T09:51:20.091+0000	beacon2.Variants	5.09GB
2023-02-08T09:51:23.092+0000	beacon2.Variants	5.13GB
2023-02-08T09:51:26.098+0000	beacon2.Variants	5.17GB
2023-02-08T09:51:29.091+0000	beacon2.Variants	5.21GB
2023-02-08T09:51:32.091+0000	beacon2.Variants	5.25GB
2023-02-08T09:51:35.091+0000	beacon2.Variants	5.28GB
2023-02-08T09:51:38.100+0000	beacon2.Variants	5.32GB
2023-02-08T09:51:41.100+0000	beacon2.Variants	5.36GB
2023-02-08T09:51:44.095+0000	beacon2.Variants	5.40GB
2023-02-08T09:51:47.096+0000	beacon2.Variants	5.44GB
2023-02-08T09:51:50.095+0000	beacon2.Variants	5.48GB
2023-02-08T09:51:53.092+0000	beacon2.Variants	5.51GB
2023-02-08T09:51:56.094+0000	beacon2.Variants	5.55GB
2023-02-08T09:51:59.091+0000	beacon2.Variants	5.59GB
2023-02-08T09:52:02.094+0000	beacon2.Variants	5.63GB
2023-02-08T09:52:05.091+0000	beacon2.Variants	5.67GB
2023-02-08T09:52:08.091+0000	beacon2.Variants	5.70GB
2023-02-08T09:52:11.090+0000	beacon2.Variants	5.74GB
2023-02-08T09:52:14.093+0000	beacon2.Variants	5.78GB
2023-02-08T09:52:17.096+0000	beacon2.Variants	5.82GB
2023-02-08T09:52:20.100+0000	beacon2.Variants	5.86GB
2023-02-08T09:52:23.098+0000	beacon2.Variants	5.89GB
2023-02-08T09:52:26.090+0000	beacon2.Variants	5.93GB
2023-02-08T09:52:29.101+0000	beacon2.Variants	5.97GB
2023-02-08T09:52:32.091+0000	beacon2.Variants	6.01GB
2023-02-08T09:52:35.092+0000	beacon2.Variants	6.05GB
2023-02-08T09:52:38.100+0000	beacon2.Variants	6.09GB
2023-02-08T09:52:41.092+0000	beacon2.Variants	6.12GB
2023-02-08T09:52:44.096+0000	beacon2.Variants	6.16GB
2023-02-08T09:52:47.090+0000	beacon2.Variants	6.20GB
2023-02-08T09:52:50.099+0000	beacon2.Variants	6.24GB
2023-02-08T09:52:53.091+0000	beacon2.Variants	6.27GB
2023-02-08T09:52:56.092+0000	beacon2.Variants	6.31GB
2023-02-08T09:52:59.099+0000	beacon2.Variants	6.35GB
2023-02-08T09:53:02.091+0000	beacon2.Variants	6.39GB
2023-02-08T09:53:05.091+0000	beacon2.Variants	6.43GB
2023-02-08T09:53:08.090+0000	beacon2.Variants	6.46GB
2023-02-08T09:53:11.095+0000	beacon2.Variants	6.50GB
2023-02-08T09:53:14.090+0000	beacon2.Variants	6.54GB
2023-02-08T09:53:17.090+0000	beacon2.Variants	6.58GB
2023-02-08T09:53:20.095+0000	beacon2.Variants	6.62GB
2023-02-08T09:53:23.097+0000	beacon2.Variants	6.65GB
2023-02-08T09:53:26.090+0000	beacon2.Variants	6.69GB
2023-02-08T09:53:29.098+0000	beacon2.Variants	6.73GB
2023-02-08T09:53:32.092+0000	beacon2.Variants	6.77GB
2023-02-08T09:53:35.094+0000	beacon2.Variants	6.80GB
2023-02-08T09:53:38.095+0000	beacon2.Variants	6.84GB
2023-02-08T09:53:41.092+0000	beacon2.Variants	6.88GB
2023-02-08T09:53:44.091+0000	beacon2.Variants	6.92GB
2023-02-08T09:53:47.097+0000	beacon2.Variants	6.96GB
2023-02-08T09:53:50.090+0000	beacon2.Variants	6.99GB
2023-02-08T09:53:53.093+0000	beacon2.Variants	7.03GB
2023-02-08T09:53:56.090+0000	beacon2.Variants	7.07GB
2023-02-08T09:53:59.091+0000	beacon2.Variants	7.11GB
2023-02-08T09:54:02.093+0000	beacon2.Variants	7.14GB
2023-02-08T09:54:05.090+0000	beacon2.Variants	7.18GB
2023-02-08T09:54:08.091+0000	beacon2.Variants	7.22GB
2023-02-08T09:54:11.102+0000	beacon2.Variants	7.26GB
2023-02-08T09:54:14.091+0000	beacon2.Variants	7.29GB
2023-02-08T09:54:17.090+0000	beacon2.Variants	7.33GB
2023-02-08T09:54:20.090+0000	beacon2.Variants	7.37GB
2023-02-08T09:54:23.097+0000	beacon2.Variants	7.41GB
2023-02-08T09:54:26.090+0000	beacon2.Variants	7.44GB
2023-02-08T09:54:29.090+0000	beacon2.Variants	7.48GB
2023-02-08T09:54:32.093+0000	beacon2.Variants	7.52GB
2023-02-08T09:54:35.093+0000	beacon2.Variants	7.56GB
2023-02-08T09:54:38.098+0000	beacon2.Variants	7.60GB
2023-02-08T09:54:41.101+0000	beacon2.Variants	7.64GB
2023-02-08T09:54:44.093+0000	beacon2.Variants	7.67GB
2023-02-08T09:54:47.093+0000	beacon2.Variants	7.71GB
2023-02-08T09:54:50.091+0000	beacon2.Variants	7.75GB
2023-02-08T09:54:53.092+0000	beacon2.Variants	7.79GB
2023-02-08T09:54:56.094+0000	beacon2.Variants	7.82GB
2023-02-08T09:54:59.090+0000	beacon2.Variants	7.86GB
2023-02-08T09:55:02.096+0000	beacon2.Variants	7.90GB
2023-02-08T09:55:05.092+0000	beacon2.Variants	7.94GB
2023-02-08T09:55:08.093+0000	beacon2.Variants	7.98GB
2023-02-08T09:55:11.091+0000	beacon2.Variants	8.01GB
2023-02-08T09:55:14.092+0000	beacon2.Variants	8.05GB
2023-02-08T09:55:17.096+0000	beacon2.Variants	8.09GB
2023-02-08T09:55:20.090+0000	beacon2.Variants	8.13GB
2023-02-08T09:55:23.090+0000	beacon2.Variants	8.16GB
2023-02-08T09:55:26.092+0000	beacon2.Variants	8.20GB
2023-02-08T09:55:29.101+0000	beacon2.Variants	8.24GB
2023-02-08T09:55:32.093+0000	beacon2.Variants	8.27GB
2023-02-08T09:55:35.099+0000	beacon2.Variants	8.31GB
2023-02-08T09:55:38.090+0000	beacon2.Variants	8.35GB
2023-02-08T09:55:41.097+0000	beacon2.Variants	8.39GB
2023-02-08T09:55:44.090+0000	beacon2.Variants	8.43GB
2023-02-08T09:55:47.090+0000	beacon2.Variants	8.46GB
2023-02-08T09:55:50.091+0000	beacon2.Variants	8.50GB
2023-02-08T09:55:53.090+0000	beacon2.Variants	8.54GB
2023-02-08T09:55:56.092+0000	beacon2.Variants	8.58GB
2023-02-08T09:55:59.093+0000	beacon2.Variants	8.61GB
2023-02-08T09:56:02.096+0000	beacon2.Variants	8.65GB
2023-02-08T09:56:05.091+0000	beacon2.Variants	8.69GB
2023-02-08T09:56:08.105+0000	beacon2.Variants	8.73GB
2023-02-08T09:56:11.093+0000	beacon2.Variants	8.76GB
2023-02-08T09:56:14.095+0000	beacon2.Variants	8.80GB
2023-02-08T09:56:17.092+0000	beacon2.Variants	8.84GB
2023-02-08T09:56:20.095+0000	beacon2.Variants	8.88GB
2023-02-08T09:56:23.092+0000	beacon2.Variants	8.92GB
2023-02-08T09:56:26.091+0000	beacon2.Variants	8.95GB
2023-02-08T09:56:29.090+0000	beacon2.Variants	8.99GB
2023-02-08T09:56:32.092+0000	beacon2.Variants	9.03GB
2023-02-08T09:56:35.090+0000	beacon2.Variants	9.07GB
2023-02-08T09:56:38.095+0000	beacon2.Variants	9.10GB
2023-02-08T09:56:41.096+0000	beacon2.Variants	9.14GB
2023-02-08T09:56:44.094+0000	beacon2.Variants	9.18GB
2023-02-08T09:56:47.091+0000	beacon2.Variants	9.22GB
2023-02-08T09:56:50.095+0000	beacon2.Variants	9.26GB
2023-02-08T09:56:53.095+0000	beacon2.Variants	9.29GB
2023-02-08T09:56:56.090+0000	beacon2.Variants	9.33GB
2023-02-08T09:56:59.097+0000	beacon2.Variants	9.37GB
2023-02-08T09:57:02.098+0000	beacon2.Variants	9.41GB
2023-02-08T09:57:05.091+0000	beacon2.Variants	9.45GB
2023-02-08T09:57:08.091+0000	beacon2.Variants	9.49GB
2023-02-08T09:57:11.091+0000	beacon2.Variants	9.52GB
2023-02-08T09:57:14.103+0000	beacon2.Variants	9.56GB
2023-02-08T09:57:17.090+0000	beacon2.Variants	9.60GB
2023-02-08T09:57:20.090+0000	beacon2.Variants	9.64GB
2023-02-08T09:57:23.093+0000	beacon2.Variants	9.68GB
2023-02-08T09:57:26.097+0000	beacon2.Variants	9.71GB
2023-02-08T09:57:29.096+0000	beacon2.Variants	9.75GB
2023-02-08T09:57:32.094+0000	beacon2.Variants	9.79GB
2023-02-08T09:57:35.091+0000	beacon2.Variants	9.83GB
2023-02-08T09:57:38.096+0000	beacon2.Variants	9.86GB
2023-02-08T09:57:41.092+0000	beacon2.Variants	9.90GB
2023-02-08T09:57:44.092+0000	beacon2.Variants	9.94GB
2023-02-08T09:57:47.101+0000	beacon2.Variants	9.98GB
2023-02-08T09:57:50.093+0000	beacon2.Variants	10.0GB
2023-02-08T09:57:53.090+0000	beacon2.Variants	10.1GB
2023-02-08T09:57:56.095+0000	beacon2.Variants	10.1GB
2023-02-08T09:57:59.094+0000	beacon2.Variants	10.1GB
2023-02-08T09:58:02.091+0000	beacon2.Variants	10.2GB
2023-02-08T09:58:05.104+0000	beacon2.Variants	10.2GB
2023-02-08T09:58:08.105+0000	beacon2.Variants	10.2GB
2023-02-08T09:58:11.097+0000	beacon2.Variants	10.3GB
2023-02-08T09:58:14.091+0000	beacon2.Variants	10.3GB
2023-02-08T09:58:17.093+0000	beacon2.Variants	10.3GB
2023-02-08T09:58:20.090+0000	beacon2.Variants	10.4GB
2023-02-08T09:58:23.090+0000	beacon2.Variants	10.4GB
2023-02-08T09:58:26.092+0000	beacon2.Variants	10.5GB
2023-02-08T09:58:29.095+0000	beacon2.Variants	10.5GB
2023-02-08T09:58:32.094+0000	beacon2.Variants	10.5GB
2023-02-08T09:58:35.092+0000	beacon2.Variants	10.6GB
2023-02-08T09:58:38.091+0000	beacon2.Variants	10.6GB
2023-02-08T09:58:41.094+0000	beacon2.Variants	10.7GB
2023-02-08T09:58:44.090+0000	beacon2.Variants	10.7GB
2023-02-08T09:58:47.094+0000	beacon2.Variants	10.7GB
2023-02-08T09:58:50.091+0000	beacon2.Variants	10.8GB
2023-02-08T09:58:53.091+0000	beacon2.Variants	10.8GB
2023-02-08T09:58:56.090+0000	beacon2.Variants	10.8GB
2023-02-08T09:58:59.091+0000	beacon2.Variants	10.9GB
2023-02-08T09:59:02.095+0000	beacon2.Variants	10.9GB
2023-02-08T09:59:05.102+0000	beacon2.Variants	11.0GB
2023-02-08T09:59:08.090+0000	beacon2.Variants	11.0GB
2023-02-08T09:59:11.091+0000	beacon2.Variants	11.0GB
2023-02-08T09:59:14.091+0000	beacon2.Variants	11.1GB
2023-02-08T09:59:17.091+0000	beacon2.Variants	11.1GB
2023-02-08T09:59:20.093+0000	beacon2.Variants	11.2GB
2023-02-08T09:59:23.092+0000	beacon2.Variants	11.2GB
2023-02-08T09:59:26.090+0000	beacon2.Variants	11.2GB
2023-02-08T09:59:29.091+0000	beacon2.Variants	11.3GB
2023-02-08T09:59:32.092+0000	beacon2.Variants	11.3GB
2023-02-08T09:59:35.104+0000	beacon2.Variants	11.3GB
2023-02-08T09:59:38.115+0000	beacon2.Variants	11.4GB
2023-02-08T09:59:41.092+0000	beacon2.Variants	11.4GB
2023-02-08T09:59:44.094+0000	beacon2.Variants	11.4GB
2023-02-08T09:59:47.105+0000	beacon2.Variants	11.5GB
2023-02-08T09:59:50.090+0000	beacon2.Variants	11.5GB
2023-02-08T09:59:53.094+0000	beacon2.Variants	11.6GB
2023-02-08T09:59:56.094+0000	beacon2.Variants	11.6GB
2023-02-08T09:59:59.090+0000	beacon2.Variants	11.6GB
2023-02-08T10:00:02.092+0000	beacon2.Variants	11.7GB
2023-02-08T10:00:05.092+0000	beacon2.Variants	11.7GB
2023-02-08T10:00:08.095+0000	beacon2.Variants	11.8GB
2023-02-08T10:00:11.093+0000	beacon2.Variants	11.8GB
2023-02-08T10:00:14.096+0000	beacon2.Variants	11.8GB
2023-02-08T10:00:17.094+0000	beacon2.Variants	11.9GB
2023-02-08T10:00:20.098+0000	beacon2.Variants	11.9GB
2023-02-08T10:00:23.093+0000	beacon2.Variants	11.9GB
2023-02-08T10:00:26.095+0000	beacon2.Variants	12.0GB
2023-02-08T10:00:29.093+0000	beacon2.Variants	12.0GB
2023-02-08T10:00:32.091+0000	beacon2.Variants	12.1GB
2023-02-08T10:00:35.094+0000	beacon2.Variants	12.1GB
2023-02-08T10:00:38.096+0000	beacon2.Variants	12.1GB
2023-02-08T10:00:41.090+0000	beacon2.Variants	12.2GB
2023-02-08T10:00:44.106+0000	beacon2.Variants	12.2GB
2023-02-08T10:00:47.091+0000	beacon2.Variants	12.2GB
2023-02-08T10:00:50.098+0000	beacon2.Variants	12.3GB
2023-02-08T10:00:53.090+0000	beacon2.Variants	12.3GB
2023-02-08T10:00:56.093+0000	beacon2.Variants	12.4GB
2023-02-08T10:00:59.090+0000	beacon2.Variants	12.4GB
2023-02-08T10:01:02.090+0000	beacon2.Variants	12.4GB
2023-02-08T10:01:05.092+0000	beacon2.Variants	12.5GB
2023-02-08T10:01:08.094+0000	beacon2.Variants	12.5GB
2023-02-08T10:01:11.100+0000	beacon2.Variants	12.6GB
2023-02-08T10:01:14.091+0000	beacon2.Variants	12.6GB
2023-02-08T10:01:17.091+0000	beacon2.Variants	12.6GB
2023-02-08T10:01:20.091+0000	beacon2.Variants	12.7GB
2023-02-08T10:01:23.091+0000	beacon2.Variants	12.7GB
2023-02-08T10:01:26.096+0000	beacon2.Variants	12.7GB
2023-02-08T10:01:29.093+0000	beacon2.Variants	12.8GB
2023-02-08T10:01:32.090+0000	beacon2.Variants	12.8GB
2023-02-08T10:01:35.097+0000	beacon2.Variants	12.9GB
2023-02-08T10:01:38.091+0000	beacon2.Variants	12.9GB
2023-02-08T10:01:41.094+0000	beacon2.Variants	12.9GB
2023-02-08T10:01:44.102+0000	beacon2.Variants	13.0GB
2023-02-08T10:01:47.090+0000	beacon2.Variants	13.0GB
2023-02-08T10:01:50.091+0000	beacon2.Variants	13.1GB
2023-02-08T10:01:53.090+0000	beacon2.Variants	13.1GB
2023-02-08T10:01:56.091+0000	beacon2.Variants	13.1GB
2023-02-08T10:01:59.090+0000	beacon2.Variants	13.2GB
2023-02-08T10:02:02.099+0000	beacon2.Variants	13.2GB
2023-02-08T10:02:05.094+0000	beacon2.Variants	13.2GB
2023-02-08T10:02:08.092+0000	beacon2.Variants	13.3GB
2023-02-08T10:02:11.091+0000	beacon2.Variants	13.3GB
2023-02-08T10:02:14.090+0000	beacon2.Variants	13.3GB
2023-02-08T10:02:17.090+0000	beacon2.Variants	13.4GB
2023-02-08T10:02:20.091+0000	beacon2.Variants	13.4GB
2023-02-08T10:02:23.092+0000	beacon2.Variants	13.5GB
2023-02-08T10:02:26.096+0000	beacon2.Variants	13.5GB
2023-02-08T10:02:29.094+0000	beacon2.Variants	13.5GB
2023-02-08T10:02:32.091+0000	beacon2.Variants	13.6GB
2023-02-08T10:02:35.091+0000	beacon2.Variants	13.6GB
2023-02-08T10:02:38.094+0000	beacon2.Variants	13.7GB
2023-02-08T10:02:41.092+0000	beacon2.Variants	13.7GB
2023-02-08T10:02:44.090+0000	beacon2.Variants	13.7GB
2023-02-08T10:02:47.091+0000	beacon2.Variants	13.8GB
2023-02-08T10:02:50.096+0000	beacon2.Variants	13.8GB
2023-02-08T10:02:53.094+0000	beacon2.Variants	13.8GB
2023-02-08T10:02:56.091+0000	beacon2.Variants	13.9GB
2023-02-08T10:02:59.104+0000	beacon2.Variants	13.9GB
2023-02-08T10:03:02.092+0000	beacon2.Variants	14.0GB
2023-02-08T10:03:05.094+0000	beacon2.Variants	14.0GB
2023-02-08T10:03:08.096+0000	beacon2.Variants	14.0GB
2023-02-08T10:03:11.090+0000	beacon2.Variants	14.1GB
2023-02-08T10:03:14.095+0000	beacon2.Variants	14.1GB
2023-02-08T10:03:17.092+0000	beacon2.Variants	14.2GB
2023-02-08T10:03:20.091+0000	beacon2.Variants	14.2GB
2023-02-08T10:03:23.093+0000	beacon2.Variants	14.2GB
2023-02-08T10:03:26.094+0000	beacon2.Variants	14.3GB
2023-02-08T10:03:29.090+0000	beacon2.Variants	14.3GB
2023-02-08T10:03:32.091+0000	beacon2.Variants	14.3GB
2023-02-08T10:03:35.090+0000	beacon2.Variants	14.4GB
2023-02-08T10:03:38.091+0000	beacon2.Variants	14.4GB
2023-02-08T10:03:41.090+0000	beacon2.Variants	14.4GB
2023-02-08T10:03:44.091+0000	beacon2.Variants	14.5GB
2023-02-08T10:03:47.090+0000	beacon2.Variants	14.5GB
2023-02-08T10:03:50.093+0000	beacon2.Variants	14.6GB
2023-02-08T10:03:53.092+0000	beacon2.Variants	14.6GB
2023-02-08T10:03:56.093+0000	beacon2.Variants	14.6GB
2023-02-08T10:03:59.091+0000	beacon2.Variants	14.7GB
2023-02-08T10:04:02.091+0000	beacon2.Variants	14.7GB
2023-02-08T10:04:05.093+0000	beacon2.Variants	14.8GB
2023-02-08T10:04:08.090+0000	beacon2.Variants	14.8GB
2023-02-08T10:04:11.091+0000	beacon2.Variants	14.8GB
2023-02-08T10:04:14.092+0000	beacon2.Variants	14.9GB
2023-02-08T10:04:17.102+0000	beacon2.Variants	14.9GB
2023-02-08T10:04:20.091+0000	beacon2.Variants	14.9GB
2023-02-08T10:04:23.090+0000	beacon2.Variants	15.0GB
2023-02-08T10:04:26.091+0000	beacon2.Variants	15.0GB
2023-02-08T10:04:29.093+0000	beacon2.Variants	15.1GB
2023-02-08T10:04:32.091+0000	beacon2.Variants	15.1GB
2023-02-08T10:04:35.091+0000	beacon2.Variants	15.1GB
2023-02-08T10:04:38.090+0000	beacon2.Variants	15.2GB
2023-02-08T10:04:41.091+0000	beacon2.Variants	15.2GB
2023-02-08T10:04:44.093+0000	beacon2.Variants	15.2GB
2023-02-08T10:04:47.090+0000	beacon2.Variants	15.3GB
2023-02-08T10:04:50.094+0000	beacon2.Variants	15.3GB
2023-02-08T10:04:53.095+0000	beacon2.Variants	15.4GB
2023-02-08T10:04:56.091+0000	beacon2.Variants	15.4GB
2023-02-08T10:04:59.091+0000	beacon2.Variants	15.4GB
2023-02-08T10:05:02.093+0000	beacon2.Variants	15.5GB
2023-02-08T10:05:05.095+0000	beacon2.Variants	15.5GB
2023-02-08T10:05:08.099+0000	beacon2.Variants	15.6GB
2023-02-08T10:05:11.099+0000	beacon2.Variants	15.6GB
2023-02-08T10:05:14.090+0000	beacon2.Variants	15.6GB
2023-02-08T10:05:17.097+0000	beacon2.Variants	15.7GB
2023-02-08T10:05:20.098+0000	beacon2.Variants	15.7GB
2023-02-08T10:05:23.091+0000	beacon2.Variants	15.7GB
2023-02-08T10:05:26.095+0000	beacon2.Variants	15.8GB
2023-02-08T10:05:29.101+0000	beacon2.Variants	15.8GB
2023-02-08T10:05:32.090+0000	beacon2.Variants	15.9GB
2023-02-08T10:05:35.090+0000	beacon2.Variants	15.9GB
2023-02-08T10:05:38.091+0000	beacon2.Variants	15.9GB
2023-02-08T10:05:41.096+0000	beacon2.Variants	16.0GB
2023-02-08T10:05:44.091+0000	beacon2.Variants	16.0GB
2023-02-08T10:05:47.097+0000	beacon2.Variants	16.1GB
2023-02-08T10:05:50.105+0000	beacon2.Variants	16.1GB
2023-02-08T10:05:53.091+0000	beacon2.Variants	16.1GB
2023-02-08T10:05:56.090+0000	beacon2.Variants	16.2GB
2023-02-08T10:05:59.091+0000	beacon2.Variants	16.2GB
2023-02-08T10:06:02.096+0000	beacon2.Variants	16.2GB
2023-02-08T10:06:05.092+0000	beacon2.Variants	16.3GB
2023-02-08T10:06:08.103+0000	beacon2.Variants	16.3GB
2023-02-08T10:06:11.099+0000	beacon2.Variants	16.4GB
2023-02-08T10:06:14.097+0000	beacon2.Variants	16.4GB
2023-02-08T10:06:17.093+0000	beacon2.Variants	16.4GB
2023-02-08T10:06:20.101+0000	beacon2.Variants	16.5GB
2023-02-08T10:06:23.096+0000	beacon2.Variants	16.5GB
2023-02-08T10:06:26.093+0000	beacon2.Variants	16.5GB
2023-02-08T10:06:29.097+0000	beacon2.Variants	16.6GB
2023-02-08T10:06:32.093+0000	beacon2.Variants	16.6GB
2023-02-08T10:06:35.100+0000	beacon2.Variants	16.6GB
2023-02-08T10:06:38.094+0000	beacon2.Variants	16.7GB
2023-02-08T10:06:41.092+0000	beacon2.Variants	16.7GB
2023-02-08T10:06:44.090+0000	beacon2.Variants	16.8GB
2023-02-08T10:06:47.091+0000	beacon2.Variants	16.8GB
2023-02-08T10:06:50.091+0000	beacon2.Variants	16.8GB
2023-02-08T10:06:53.091+0000	beacon2.Variants	16.9GB
2023-02-08T10:06:56.091+0000	beacon2.Variants	16.9GB
2023-02-08T10:06:59.090+0000	beacon2.Variants	16.9GB
2023-02-08T10:07:02.090+0000	beacon2.Variants	17.0GB
2023-02-08T10:07:05.100+0000	beacon2.Variants	17.0GB
2023-02-08T10:07:08.096+0000	beacon2.Variants	17.1GB
2023-02-08T10:07:11.091+0000	beacon2.Variants	17.1GB
2023-02-08T10:07:14.092+0000	beacon2.Variants	17.1GB
2023-02-08T10:07:17.090+0000	beacon2.Variants	17.2GB
2023-02-08T10:07:20.090+0000	beacon2.Variants	17.2GB
2023-02-08T10:07:23.090+0000	beacon2.Variants	17.2GB
2023-02-08T10:07:26.090+0000	beacon2.Variants	17.3GB
2023-02-08T10:07:29.096+0000	beacon2.Variants	17.3GB
2023-02-08T10:07:32.093+0000	beacon2.Variants	17.4GB
2023-02-08T10:07:35.091+0000	beacon2.Variants	17.4GB
2023-02-08T10:07:38.096+0000	beacon2.Variants	17.4GB
2023-02-08T10:07:41.091+0000	beacon2.Variants	17.5GB
2023-02-08T10:07:44.093+0000	beacon2.Variants	17.5GB
2023-02-08T10:07:47.097+0000	beacon2.Variants	17.6GB
2023-02-08T10:07:50.095+0000	beacon2.Variants	17.6GB
2023-02-08T10:07:53.100+0000	beacon2.Variants	17.6GB
2023-02-08T10:07:56.098+0000	beacon2.Variants	17.7GB
2023-02-08T10:07:59.098+0000	beacon2.Variants	17.7GB
2023-02-08T10:08:02.092+0000	beacon2.Variants	17.8GB
2023-02-08T10:08:05.090+0000	beacon2.Variants	17.8GB
2023-02-08T10:08:08.090+0000	beacon2.Variants	17.8GB
2023-02-08T10:08:11.091+0000	beacon2.Variants	17.9GB
2023-02-08T10:08:14.093+0000	beacon2.Variants	17.9GB
2023-02-08T10:08:17.095+0000	beacon2.Variants	17.9GB
2023-02-08T10:08:20.093+0000	beacon2.Variants	18.0GB
2023-02-08T10:08:23.098+0000	beacon2.Variants	18.0GB
2023-02-08T10:08:26.098+0000	beacon2.Variants	18.1GB
2023-02-08T10:08:29.090+0000	beacon2.Variants	18.1GB
2023-02-08T10:08:32.091+0000	beacon2.Variants	18.1GB
2023-02-08T10:08:35.101+0000	beacon2.Variants	18.2GB
2023-02-08T10:08:38.092+0000	beacon2.Variants	18.2GB
2023-02-08T10:08:41.097+0000	beacon2.Variants	18.2GB
2023-02-08T10:08:44.104+0000	beacon2.Variants	18.3GB
2023-02-08T10:08:47.095+0000	beacon2.Variants	18.3GB
2023-02-08T10:08:50.091+0000	beacon2.Variants	18.4GB
2023-02-08T10:08:53.097+0000	beacon2.Variants	18.4GB
2023-02-08T10:08:56.090+0000	beacon2.Variants	18.4GB
2023-02-08T10:08:59.103+0000	beacon2.Variants	18.5GB
2023-02-08T10:09:02.096+0000	beacon2.Variants	18.5GB
2023-02-08T10:09:05.092+0000	beacon2.Variants	18.5GB
2023-02-08T10:09:08.095+0000	beacon2.Variants	18.6GB
2023-02-08T10:09:11.091+0000	beacon2.Variants	18.6GB
2023-02-08T10:09:14.097+0000	beacon2.Variants	18.6GB
2023-02-08T10:09:17.095+0000	beacon2.Variants	18.7GB
2023-02-08T10:09:20.090+0000	beacon2.Variants	18.7GB
2023-02-08T10:09:23.092+0000	beacon2.Variants	18.8GB
2023-02-08T10:09:26.093+0000	beacon2.Variants	18.8GB
2023-02-08T10:09:29.092+0000	beacon2.Variants	18.8GB
2023-02-08T10:09:32.105+0000	beacon2.Variants	18.9GB
2023-02-08T10:09:35.097+0000	beacon2.Variants	18.9GB
2023-02-08T10:09:38.093+0000	beacon2.Variants	19.0GB
2023-02-08T10:09:41.090+0000	beacon2.Variants	19.0GB
2023-02-08T10:09:44.091+0000	beacon2.Variants	19.0GB
2023-02-08T10:09:47.093+0000	beacon2.Variants	19.1GB
2023-02-08T10:09:50.097+0000	beacon2.Variants	19.1GB
2023-02-08T10:09:53.092+0000	beacon2.Variants	19.1GB
2023-02-08T10:09:56.098+0000	beacon2.Variants	19.2GB
2023-02-08T10:09:59.096+0000	beacon2.Variants	19.2GB
2023-02-08T10:10:02.092+0000	beacon2.Variants	19.3GB
2023-02-08T10:10:05.097+0000	beacon2.Variants	19.3GB
2023-02-08T10:10:08.099+0000	beacon2.Variants	19.3GB
2023-02-08T10:10:11.101+0000	beacon2.Variants	19.4GB
2023-02-08T10:10:14.111+0000	beacon2.Variants	19.4GB
2023-02-08T10:10:17.090+0000	beacon2.Variants	19.4GB
2023-02-08T10:10:20.092+0000	beacon2.Variants	19.5GB
2023-02-08T10:10:23.091+0000	beacon2.Variants	19.5GB
2023-02-08T10:10:26.096+0000	beacon2.Variants	19.6GB
2023-02-08T10:10:29.091+0000	beacon2.Variants	19.6GB
2023-02-08T10:10:32.097+0000	beacon2.Variants	19.6GB
2023-02-08T10:10:35.090+0000	beacon2.Variants	19.7GB
2023-02-08T10:10:38.091+0000	beacon2.Variants	19.7GB
2023-02-08T10:10:41.095+0000	beacon2.Variants	19.8GB
2023-02-08T10:10:44.109+0000	beacon2.Variants	19.8GB
2023-02-08T10:10:47.093+0000	beacon2.Variants	19.8GB
2023-02-08T10:10:50.091+0000	beacon2.Variants	19.9GB
2023-02-08T10:10:53.091+0000	beacon2.Variants	19.9GB
2023-02-08T10:10:56.093+0000	beacon2.Variants	19.9GB
2023-02-08T10:10:59.090+0000	beacon2.Variants	20.0GB
2023-02-08T10:11:02.096+0000	beacon2.Variants	20.0GB
2023-02-08T10:11:05.092+0000	beacon2.Variants	20.1GB
2023-02-08T10:11:08.095+0000	beacon2.Variants	20.1GB
2023-02-08T10:11:11.091+0000	beacon2.Variants	20.1GB
2023-02-08T10:11:14.098+0000	beacon2.Variants	20.2GB
2023-02-08T10:11:17.090+0000	beacon2.Variants	20.2GB
2023-02-08T10:11:20.098+0000	beacon2.Variants	20.2GB
2023-02-08T10:11:23.092+0000	beacon2.Variants	20.3GB
2023-02-08T10:11:26.100+0000	beacon2.Variants	20.3GB
2023-02-08T10:11:29.090+0000	beacon2.Variants	20.4GB
2023-02-08T10:11:32.090+0000	beacon2.Variants	20.4GB
2023-02-08T10:11:35.095+0000	beacon2.Variants	20.4GB
2023-02-08T10:11:38.098+0000	beacon2.Variants	20.5GB
2023-02-08T10:11:41.090+0000	beacon2.Variants	20.5GB
2023-02-08T10:11:44.095+0000	beacon2.Variants	20.6GB
2023-02-08T10:11:47.095+0000	beacon2.Variants	20.6GB
2023-02-08T10:11:50.091+0000	beacon2.Variants	20.6GB
2023-02-08T10:11:53.091+0000	beacon2.Variants	20.7GB
2023-02-08T10:11:56.092+0000	beacon2.Variants	20.7GB
2023-02-08T10:11:59.091+0000	beacon2.Variants	20.8GB
2023-02-08T10:12:02.096+0000	beacon2.Variants	20.8GB
2023-02-08T10:12:05.096+0000	beacon2.Variants	20.8GB
2023-02-08T10:12:08.092+0000	beacon2.Variants	20.9GB
2023-02-08T10:12:11.092+0000	beacon2.Variants	20.9GB
2023-02-08T10:12:14.090+0000	beacon2.Variants	20.9GB
2023-02-08T10:12:17.090+0000	beacon2.Variants	21.0GB
2023-02-08T10:12:20.096+0000	beacon2.Variants	21.0GB
2023-02-08T10:12:23.093+0000	beacon2.Variants	21.1GB
2023-02-08T10:12:26.091+0000	beacon2.Variants	21.1GB
2023-02-08T10:12:29.091+0000	beacon2.Variants	21.1GB
2023-02-08T10:12:32.091+0000	beacon2.Variants	21.2GB
2023-02-08T10:12:35.091+0000	beacon2.Variants	21.2GB
2023-02-08T10:12:38.091+0000	beacon2.Variants	21.2GB
2023-02-08T10:12:41.096+0000	beacon2.Variants	21.3GB
2023-02-08T10:12:44.109+0000	beacon2.Variants	21.3GB
2023-02-08T10:12:47.093+0000	beacon2.Variants	21.4GB
2023-02-08T10:12:50.099+0000	beacon2.Variants	21.4GB
2023-02-08T10:12:53.107+0000	beacon2.Variants	21.4GB
2023-02-08T10:12:56.091+0000	beacon2.Variants	21.5GB
2023-02-08T10:12:59.090+0000	beacon2.Variants	21.5GB
2023-02-08T10:13:02.090+0000	beacon2.Variants	21.5GB
2023-02-08T10:13:05.095+0000	beacon2.Variants	21.6GB
2023-02-08T10:13:08.090+0000	beacon2.Variants	21.6GB
2023-02-08T10:13:11.096+0000	beacon2.Variants	21.7GB
2023-02-08T10:13:14.096+0000	beacon2.Variants	21.7GB
2023-02-08T10:13:17.090+0000	beacon2.Variants	21.7GB
2023-02-08T10:13:20.091+0000	beacon2.Variants	21.8GB
2023-02-08T10:13:23.090+0000	beacon2.Variants	21.8GB
2023-02-08T10:13:26.091+0000	beacon2.Variants	21.9GB
2023-02-08T10:13:29.090+0000	beacon2.Variants	21.9GB
2023-02-08T10:13:32.096+0000	beacon2.Variants	21.9GB
2023-02-08T10:13:35.095+0000	beacon2.Variants	22.0GB
2023-02-08T10:13:38.091+0000	beacon2.Variants	22.0GB
2023-02-08T10:13:41.091+0000	beacon2.Variants	22.0GB
2023-02-08T10:13:44.095+0000	beacon2.Variants	22.1GB
2023-02-08T10:13:47.094+0000	beacon2.Variants	22.1GB
2023-02-08T10:13:50.097+0000	beacon2.Variants	22.2GB
2023-02-08T10:13:53.090+0000	beacon2.Variants	22.2GB
2023-02-08T10:13:56.091+0000	beacon2.Variants	22.2GB
2023-02-08T10:13:59.092+0000	beacon2.Variants	22.3GB
2023-02-08T10:14:02.092+0000	beacon2.Variants	22.3GB
2023-02-08T10:14:05.092+0000	beacon2.Variants	22.4GB
2023-02-08T10:14:08.098+0000	beacon2.Variants	22.4GB
2023-02-08T10:14:11.093+0000	beacon2.Variants	22.4GB
2023-02-08T10:14:14.091+0000	beacon2.Variants	22.5GB
2023-02-08T10:14:17.101+0000	beacon2.Variants	22.5GB
2023-02-08T10:14:20.090+0000	beacon2.Variants	22.5GB
2023-02-08T10:14:23.097+0000	beacon2.Variants	22.6GB
2023-02-08T10:14:26.091+0000	beacon2.Variants	22.6GB
2023-02-08T10:14:29.094+0000	beacon2.Variants	22.6GB
2023-02-08T10:14:32.102+0000	beacon2.Variants	22.7GB
2023-02-08T10:14:35.091+0000	beacon2.Variants	22.7GB
2023-02-08T10:14:38.109+0000	beacon2.Variants	22.8GB
2023-02-08T10:14:41.093+0000	beacon2.Variants	22.8GB
2023-02-08T10:14:44.090+0000	beacon2.Variants	22.8GB
2023-02-08T10:14:47.090+0000	beacon2.Variants	22.9GB
2023-02-08T10:14:50.091+0000	beacon2.Variants	22.9GB
2023-02-08T10:14:53.092+0000	beacon2.Variants	22.9GB
2023-02-08T10:14:56.093+0000	beacon2.Variants	23.0GB
2023-02-08T10:14:59.090+0000	beacon2.Variants	23.0GB
2023-02-08T10:15:02.090+0000	beacon2.Variants	23.1GB
2023-02-08T10:15:05.092+0000	beacon2.Variants	23.1GB
2023-02-08T10:15:08.091+0000	beacon2.Variants	23.1GB
2023-02-08T10:15:11.094+0000	beacon2.Variants	23.2GB
2023-02-08T10:15:14.098+0000	beacon2.Variants	23.2GB
2023-02-08T10:15:17.101+0000	beacon2.Variants	23.3GB
2023-02-08T10:15:20.091+0000	beacon2.Variants	23.3GB
2023-02-08T10:15:23.093+0000	beacon2.Variants	23.3GB
2023-02-08T10:15:26.092+0000	beacon2.Variants	23.4GB
2023-02-08T10:15:29.090+0000	beacon2.Variants	23.4GB
2023-02-08T10:15:32.095+0000	beacon2.Variants	23.4GB
2023-02-08T10:15:35.091+0000	beacon2.Variants	23.5GB
2023-02-08T10:15:38.097+0000	beacon2.Variants	23.5GB
2023-02-08T10:15:41.103+0000	beacon2.Variants	23.6GB
2023-02-08T10:15:44.090+0000	beacon2.Variants	23.6GB
2023-02-08T10:15:47.098+0000	beacon2.Variants	23.6GB
2023-02-08T10:15:50.090+0000	beacon2.Variants	23.7GB
2023-02-08T10:15:53.100+0000	beacon2.Variants	23.7GB
2023-02-08T10:15:56.090+0000	beacon2.Variants	23.8GB
2023-02-08T10:15:59.104+0000	beacon2.Variants	23.8GB
2023-02-08T10:16:02.095+0000	beacon2.Variants	23.8GB
2023-02-08T10:16:05.090+0000	beacon2.Variants	23.9GB
2023-02-08T10:16:08.092+0000	beacon2.Variants	23.9GB
2023-02-08T10:16:11.095+0000	beacon2.Variants	23.9GB
2023-02-08T10:16:14.094+0000	beacon2.Variants	24.0GB
2023-02-08T10:16:17.091+0000	beacon2.Variants	24.0GB
2023-02-08T10:16:20.093+0000	beacon2.Variants	24.1GB
2023-02-08T10:16:23.092+0000	beacon2.Variants	24.1GB
2023-02-08T10:16:26.093+0000	beacon2.Variants	24.1GB
2023-02-08T10:16:29.090+0000	beacon2.Variants	24.2GB
2023-02-08T10:16:32.091+0000	beacon2.Variants	24.2GB
2023-02-08T10:16:34.694+0000	beacon2.Variants	24.2GB
2023-02-08T10:16:34.694+0000	2338432 document(s) imported successfully. 0 document(s) failed to import.

real	31m56.629s
user	56m40.944s
sys	0m56.800s
