2023-02-08T18:42:35.976+0000	connected to: mongodb://[**REDACTED**]@localhost:27017/beacon2?authSource=admin
2023-02-08T18:42:38.985+0000	beacon2.Variants	39.9MB
2023-02-08T18:42:41.986+0000	beacon2.Variants	78.0MB
2023-02-08T18:42:44.990+0000	beacon2.Variants	117MB
2023-02-08T18:42:47.982+0000	beacon2.Variants	156MB
2023-02-08T18:42:50.978+0000	beacon2.Variants	195MB
2023-02-08T18:42:53.979+0000	beacon2.Variants	234MB
2023-02-08T18:42:56.985+0000	beacon2.Variants	273MB
2023-02-08T18:42:59.984+0000	beacon2.Variants	312MB
2023-02-08T18:43:02.988+0000	beacon2.Variants	351MB
2023-02-08T18:43:05.978+0000	beacon2.Variants	390MB
2023-02-08T18:43:08.977+0000	beacon2.Variants	429MB
2023-02-08T18:43:11.985+0000	beacon2.Variants	469MB
2023-02-08T18:43:14.984+0000	beacon2.Variants	507MB
2023-02-08T18:43:17.981+0000	beacon2.Variants	546MB
2023-02-08T18:43:20.978+0000	beacon2.Variants	585MB
2023-02-08T18:43:23.980+0000	beacon2.Variants	624MB
2023-02-08T18:43:26.983+0000	beacon2.Variants	664MB
2023-02-08T18:43:29.980+0000	beacon2.Variants	702MB
2023-02-08T18:43:32.978+0000	beacon2.Variants	741MB
2023-02-08T18:43:35.977+0000	beacon2.Variants	777MB
2023-02-08T18:43:38.982+0000	beacon2.Variants	816MB
2023-02-08T18:43:41.977+0000	beacon2.Variants	855MB
2023-02-08T18:43:44.996+0000	beacon2.Variants	894MB
2023-02-08T18:43:47.977+0000	beacon2.Variants	933MB
2023-02-08T18:43:50.985+0000	beacon2.Variants	973MB
2023-02-08T18:43:53.991+0000	beacon2.Variants	1012MB
2023-02-08T18:43:56.979+0000	beacon2.Variants	1.03GB
2023-02-08T18:43:59.977+0000	beacon2.Variants	1.07GB
2023-02-08T18:44:02.982+0000	beacon2.Variants	1.10GB
2023-02-08T18:44:05.979+0000	beacon2.Variants	1.14GB
2023-02-08T18:44:08.977+0000	beacon2.Variants	1.18GB
2023-02-08T18:44:11.977+0000	beacon2.Variants	1.22GB
2023-02-08T18:44:14.983+0000	beacon2.Variants	1.26GB
2023-02-08T18:44:17.977+0000	beacon2.Variants	1.29GB
2023-02-08T18:44:20.980+0000	beacon2.Variants	1.33GB
2023-02-08T18:44:23.982+0000	beacon2.Variants	1.37GB
2023-02-08T18:44:26.980+0000	beacon2.Variants	1.41GB
2023-02-08T18:44:29.977+0000	beacon2.Variants	1.44GB
2023-02-08T18:44:32.976+0000	beacon2.Variants	1.48GB
2023-02-08T18:44:35.977+0000	beacon2.Variants	1.52GB
2023-02-08T18:44:38.978+0000	beacon2.Variants	1.56GB
2023-02-08T18:44:41.990+0000	beacon2.Variants	1.60GB
2023-02-08T18:44:44.981+0000	beacon2.Variants	1.64GB
2023-02-08T18:44:47.985+0000	beacon2.Variants	1.67GB
2023-02-08T18:44:50.976+0000	beacon2.Variants	1.71GB
2023-02-08T18:44:53.977+0000	beacon2.Variants	1.75GB
2023-02-08T18:44:56.983+0000	beacon2.Variants	1.79GB
2023-02-08T18:44:59.977+0000	beacon2.Variants	1.83GB
2023-02-08T18:45:02.978+0000	beacon2.Variants	1.86GB
2023-02-08T18:45:05.984+0000	beacon2.Variants	1.90GB
2023-02-08T18:45:08.978+0000	beacon2.Variants	1.94GB
2023-02-08T18:45:11.976+0000	beacon2.Variants	1.98GB
2023-02-08T18:45:14.979+0000	beacon2.Variants	2.02GB
2023-02-08T18:45:17.980+0000	beacon2.Variants	2.06GB
2023-02-08T18:45:20.977+0000	beacon2.Variants	2.09GB
2023-02-08T18:45:23.981+0000	beacon2.Variants	2.13GB
2023-02-08T18:45:26.977+0000	beacon2.Variants	2.17GB
2023-02-08T18:45:29.978+0000	beacon2.Variants	2.21GB
2023-02-08T18:45:32.976+0000	beacon2.Variants	2.25GB
2023-02-08T18:45:35.984+0000	beacon2.Variants	2.28GB
2023-02-08T18:45:38.976+0000	beacon2.Variants	2.32GB
2023-02-08T18:45:41.987+0000	beacon2.Variants	2.36GB
2023-02-08T18:45:44.977+0000	beacon2.Variants	2.40GB
2023-02-08T18:45:47.981+0000	beacon2.Variants	2.43GB
2023-02-08T18:45:50.976+0000	beacon2.Variants	2.47GB
2023-02-08T18:45:53.977+0000	beacon2.Variants	2.51GB
2023-02-08T18:45:56.977+0000	beacon2.Variants	2.55GB
2023-02-08T18:45:59.977+0000	beacon2.Variants	2.59GB
2023-02-08T18:46:02.983+0000	beacon2.Variants	2.63GB
2023-02-08T18:46:05.978+0000	beacon2.Variants	2.66GB
2023-02-08T18:46:08.976+0000	beacon2.Variants	2.70GB
2023-02-08T18:46:11.976+0000	beacon2.Variants	2.74GB
2023-02-08T18:46:14.981+0000	beacon2.Variants	2.78GB
2023-02-08T18:46:17.978+0000	beacon2.Variants	2.82GB
2023-02-08T18:46:20.983+0000	beacon2.Variants	2.85GB
2023-02-08T18:46:23.976+0000	beacon2.Variants	2.89GB
2023-02-08T18:46:26.983+0000	beacon2.Variants	2.93GB
2023-02-08T18:46:29.979+0000	beacon2.Variants	2.97GB
2023-02-08T18:46:32.977+0000	beacon2.Variants	3.01GB
2023-02-08T18:46:35.977+0000	beacon2.Variants	3.04GB
2023-02-08T18:46:38.981+0000	beacon2.Variants	3.08GB
2023-02-08T18:46:41.992+0000	beacon2.Variants	3.12GB
2023-02-08T18:46:44.980+0000	beacon2.Variants	3.16GB
2023-02-08T18:46:47.981+0000	beacon2.Variants	3.20GB
2023-02-08T18:46:50.995+0000	beacon2.Variants	3.23GB
2023-02-08T18:46:53.977+0000	beacon2.Variants	3.27GB
2023-02-08T18:46:56.976+0000	beacon2.Variants	3.31GB
2023-02-08T18:46:59.980+0000	beacon2.Variants	3.35GB
2023-02-08T18:47:02.981+0000	beacon2.Variants	3.39GB
2023-02-08T18:47:05.988+0000	beacon2.Variants	3.43GB
2023-02-08T18:47:08.983+0000	beacon2.Variants	3.46GB
2023-02-08T18:47:11.977+0000	beacon2.Variants	3.50GB
2023-02-08T18:47:14.989+0000	beacon2.Variants	3.54GB
2023-02-08T18:47:17.984+0000	beacon2.Variants	3.58GB
2023-02-08T18:47:20.976+0000	beacon2.Variants	3.62GB
2023-02-08T18:47:23.978+0000	beacon2.Variants	3.65GB
2023-02-08T18:47:26.977+0000	beacon2.Variants	3.69GB
2023-02-08T18:47:29.977+0000	beacon2.Variants	3.73GB
2023-02-08T18:47:32.977+0000	beacon2.Variants	3.77GB
2023-02-08T18:47:35.982+0000	beacon2.Variants	3.80GB
2023-02-08T18:47:38.978+0000	beacon2.Variants	3.84GB
2023-02-08T18:47:41.981+0000	beacon2.Variants	3.88GB
2023-02-08T18:47:44.980+0000	beacon2.Variants	3.92GB
2023-02-08T18:47:47.977+0000	beacon2.Variants	3.96GB
2023-02-08T18:47:50.977+0000	beacon2.Variants	4.00GB
2023-02-08T18:47:53.981+0000	beacon2.Variants	4.03GB
2023-02-08T18:47:56.977+0000	beacon2.Variants	4.07GB
2023-02-08T18:47:59.977+0000	beacon2.Variants	4.11GB
2023-02-08T18:48:02.982+0000	beacon2.Variants	4.15GB
2023-02-08T18:48:05.980+0000	beacon2.Variants	4.19GB
2023-02-08T18:48:08.981+0000	beacon2.Variants	4.22GB
2023-02-08T18:48:11.976+0000	beacon2.Variants	4.26GB
2023-02-08T18:48:14.976+0000	beacon2.Variants	4.30GB
2023-02-08T18:48:17.978+0000	beacon2.Variants	4.34GB
2023-02-08T18:48:20.985+0000	beacon2.Variants	4.38GB
2023-02-08T18:48:23.983+0000	beacon2.Variants	4.41GB
2023-02-08T18:48:26.977+0000	beacon2.Variants	4.45GB
2023-02-08T18:48:29.977+0000	beacon2.Variants	4.49GB
2023-02-08T18:48:32.976+0000	beacon2.Variants	4.53GB
2023-02-08T18:48:35.976+0000	beacon2.Variants	4.56GB
2023-02-08T18:48:38.982+0000	beacon2.Variants	4.60GB
2023-02-08T18:48:41.976+0000	beacon2.Variants	4.64GB
2023-02-08T18:48:44.986+0000	beacon2.Variants	4.68GB
2023-02-08T18:48:47.978+0000	beacon2.Variants	4.72GB
2023-02-08T18:48:50.976+0000	beacon2.Variants	4.76GB
2023-02-08T18:48:53.977+0000	beacon2.Variants	4.79GB
2023-02-08T18:48:56.980+0000	beacon2.Variants	4.83GB
2023-02-08T18:48:59.976+0000	beacon2.Variants	4.87GB
2023-02-08T18:49:02.987+0000	beacon2.Variants	4.91GB
2023-02-08T18:49:05.977+0000	beacon2.Variants	4.94GB
2023-02-08T18:49:08.977+0000	beacon2.Variants	4.98GB
2023-02-08T18:49:11.990+0000	beacon2.Variants	5.02GB
2023-02-08T18:49:14.976+0000	beacon2.Variants	5.06GB
2023-02-08T18:49:17.979+0000	beacon2.Variants	5.10GB
2023-02-08T18:49:20.977+0000	beacon2.Variants	5.13GB
2023-02-08T18:49:23.984+0000	beacon2.Variants	5.17GB
2023-02-08T18:49:26.977+0000	beacon2.Variants	5.21GB
2023-02-08T18:49:29.987+0000	beacon2.Variants	5.25GB
2023-02-08T18:49:32.976+0000	beacon2.Variants	5.28GB
2023-02-08T18:49:35.980+0000	beacon2.Variants	5.32GB
2023-02-08T18:49:38.982+0000	beacon2.Variants	5.36GB
2023-02-08T18:49:41.979+0000	beacon2.Variants	5.40GB
2023-02-08T18:49:44.980+0000	beacon2.Variants	5.44GB
2023-02-08T18:49:47.980+0000	beacon2.Variants	5.47GB
2023-02-08T18:49:50.977+0000	beacon2.Variants	5.51GB
2023-02-08T18:49:53.977+0000	beacon2.Variants	5.55GB
2023-02-08T18:49:56.977+0000	beacon2.Variants	5.59GB
2023-02-08T18:49:59.977+0000	beacon2.Variants	5.63GB
2023-02-08T18:50:02.976+0000	beacon2.Variants	5.66GB
2023-02-08T18:50:05.977+0000	beacon2.Variants	5.70GB
2023-02-08T18:50:08.980+0000	beacon2.Variants	5.74GB
2023-02-08T18:50:11.980+0000	beacon2.Variants	5.78GB
2023-02-08T18:50:14.984+0000	beacon2.Variants	5.82GB
2023-02-08T18:50:17.976+0000	beacon2.Variants	5.85GB
2023-02-08T18:50:20.981+0000	beacon2.Variants	5.89GB
2023-02-08T18:50:23.985+0000	beacon2.Variants	5.93GB
2023-02-08T18:50:26.976+0000	beacon2.Variants	5.97GB
2023-02-08T18:50:29.981+0000	beacon2.Variants	6.00GB
2023-02-08T18:50:32.976+0000	beacon2.Variants	6.04GB
2023-02-08T18:50:35.976+0000	beacon2.Variants	6.08GB
2023-02-08T18:50:38.976+0000	beacon2.Variants	6.12GB
2023-02-08T18:50:41.977+0000	beacon2.Variants	6.15GB
2023-02-08T18:50:44.980+0000	beacon2.Variants	6.19GB
2023-02-08T18:50:47.977+0000	beacon2.Variants	6.23GB
2023-02-08T18:50:50.977+0000	beacon2.Variants	6.27GB
2023-02-08T18:50:53.977+0000	beacon2.Variants	6.31GB
2023-02-08T18:50:56.977+0000	beacon2.Variants	6.34GB
2023-02-08T18:50:59.983+0000	beacon2.Variants	6.38GB
2023-02-08T18:51:02.977+0000	beacon2.Variants	6.42GB
2023-02-08T18:51:05.977+0000	beacon2.Variants	6.46GB
2023-02-08T18:51:08.980+0000	beacon2.Variants	6.49GB
2023-02-08T18:51:11.986+0000	beacon2.Variants	6.53GB
2023-02-08T18:51:14.982+0000	beacon2.Variants	6.57GB
2023-02-08T18:51:17.985+0000	beacon2.Variants	6.61GB
2023-02-08T18:51:20.977+0000	beacon2.Variants	6.65GB
2023-02-08T18:51:23.976+0000	beacon2.Variants	6.69GB
2023-02-08T18:51:26.977+0000	beacon2.Variants	6.72GB
2023-02-08T18:51:29.981+0000	beacon2.Variants	6.76GB
2023-02-08T18:51:32.984+0000	beacon2.Variants	6.80GB
2023-02-08T18:51:35.977+0000	beacon2.Variants	6.84GB
2023-02-08T18:51:38.977+0000	beacon2.Variants	6.88GB
2023-02-08T18:51:41.976+0000	beacon2.Variants	6.91GB
2023-02-08T18:51:44.977+0000	beacon2.Variants	6.95GB
2023-02-08T18:51:47.982+0000	beacon2.Variants	6.99GB
2023-02-08T18:51:50.979+0000	beacon2.Variants	7.03GB
2023-02-08T18:51:53.980+0000	beacon2.Variants	7.07GB
2023-02-08T18:51:56.982+0000	beacon2.Variants	7.10GB
2023-02-08T18:51:59.977+0000	beacon2.Variants	7.14GB
2023-02-08T18:52:02.979+0000	beacon2.Variants	7.18GB
2023-02-08T18:52:05.985+0000	beacon2.Variants	7.22GB
2023-02-08T18:52:08.977+0000	beacon2.Variants	7.26GB
2023-02-08T18:52:11.980+0000	beacon2.Variants	7.29GB
2023-02-08T18:52:14.981+0000	beacon2.Variants	7.33GB
2023-02-08T18:52:17.985+0000	beacon2.Variants	7.37GB
2023-02-08T18:52:20.983+0000	beacon2.Variants	7.41GB
2023-02-08T18:52:23.979+0000	beacon2.Variants	7.45GB
2023-02-08T18:52:26.979+0000	beacon2.Variants	7.48GB
2023-02-08T18:52:29.977+0000	beacon2.Variants	7.52GB
2023-02-08T18:52:32.978+0000	beacon2.Variants	7.56GB
2023-02-08T18:52:35.989+0000	beacon2.Variants	7.60GB
2023-02-08T18:52:38.978+0000	beacon2.Variants	7.63GB
2023-02-08T18:52:41.984+0000	beacon2.Variants	7.67GB
2023-02-08T18:52:44.977+0000	beacon2.Variants	7.71GB
2023-02-08T18:52:47.980+0000	beacon2.Variants	7.75GB
2023-02-08T18:52:50.979+0000	beacon2.Variants	7.79GB
2023-02-08T18:52:53.981+0000	beacon2.Variants	7.82GB
2023-02-08T18:52:56.977+0000	beacon2.Variants	7.86GB
2023-02-08T18:52:59.977+0000	beacon2.Variants	7.90GB
2023-02-08T18:53:02.980+0000	beacon2.Variants	7.94GB
2023-02-08T18:53:05.995+0000	beacon2.Variants	7.98GB
2023-02-08T18:53:08.977+0000	beacon2.Variants	8.02GB
2023-02-08T18:53:11.982+0000	beacon2.Variants	8.05GB
2023-02-08T18:53:14.983+0000	beacon2.Variants	8.09GB
2023-02-08T18:53:17.980+0000	beacon2.Variants	8.13GB
2023-02-08T18:53:20.976+0000	beacon2.Variants	8.17GB
2023-02-08T18:53:23.982+0000	beacon2.Variants	8.21GB
2023-02-08T18:53:26.977+0000	beacon2.Variants	8.24GB
2023-02-08T18:53:29.980+0000	beacon2.Variants	8.28GB
2023-02-08T18:53:32.978+0000	beacon2.Variants	8.32GB
2023-02-08T18:53:35.976+0000	beacon2.Variants	8.36GB
2023-02-08T18:53:38.985+0000	beacon2.Variants	8.39GB
2023-02-08T18:53:41.978+0000	beacon2.Variants	8.43GB
2023-02-08T18:53:44.985+0000	beacon2.Variants	8.47GB
2023-02-08T18:53:47.995+0000	beacon2.Variants	8.51GB
2023-02-08T18:53:50.976+0000	beacon2.Variants	8.55GB
2023-02-08T18:53:53.980+0000	beacon2.Variants	8.59GB
2023-02-08T18:53:56.976+0000	beacon2.Variants	8.62GB
2023-02-08T18:53:59.976+0000	beacon2.Variants	8.66GB
2023-02-08T18:54:02.976+0000	beacon2.Variants	8.70GB
2023-02-08T18:54:05.981+0000	beacon2.Variants	8.74GB
2023-02-08T18:54:08.979+0000	beacon2.Variants	8.78GB
2023-02-08T18:54:11.976+0000	beacon2.Variants	8.81GB
2023-02-08T18:54:14.977+0000	beacon2.Variants	8.85GB
2023-02-08T18:54:17.976+0000	beacon2.Variants	8.89GB
2023-02-08T18:54:20.978+0000	beacon2.Variants	8.93GB
2023-02-08T18:54:23.976+0000	beacon2.Variants	8.97GB
2023-02-08T18:54:26.998+0000	beacon2.Variants	9.01GB
2023-02-08T18:54:29.980+0000	beacon2.Variants	9.04GB
2023-02-08T18:54:32.976+0000	beacon2.Variants	9.08GB
2023-02-08T18:54:35.983+0000	beacon2.Variants	9.12GB
2023-02-08T18:54:38.979+0000	beacon2.Variants	9.16GB
2023-02-08T18:54:41.977+0000	beacon2.Variants	9.19GB
2023-02-08T18:54:44.979+0000	beacon2.Variants	9.23GB
2023-02-08T18:54:47.980+0000	beacon2.Variants	9.27GB
2023-02-08T18:54:50.979+0000	beacon2.Variants	9.31GB
2023-02-08T18:54:53.995+0000	beacon2.Variants	9.35GB
2023-02-08T18:54:56.980+0000	beacon2.Variants	9.39GB
2023-02-08T18:54:59.982+0000	beacon2.Variants	9.42GB
2023-02-08T18:55:02.976+0000	beacon2.Variants	9.46GB
2023-02-08T18:55:05.980+0000	beacon2.Variants	9.50GB
2023-02-08T18:55:08.993+0000	beacon2.Variants	9.54GB
2023-02-08T18:55:11.985+0000	beacon2.Variants	9.58GB
2023-02-08T18:55:14.977+0000	beacon2.Variants	9.61GB
2023-02-08T18:55:17.979+0000	beacon2.Variants	9.65GB
2023-02-08T18:55:20.979+0000	beacon2.Variants	9.69GB
2023-02-08T18:55:23.977+0000	beacon2.Variants	9.73GB
2023-02-08T18:55:26.980+0000	beacon2.Variants	9.77GB
2023-02-08T18:55:29.979+0000	beacon2.Variants	9.81GB
2023-02-08T18:55:32.984+0000	beacon2.Variants	9.84GB
2023-02-08T18:55:35.976+0000	beacon2.Variants	9.88GB
2023-02-08T18:55:38.976+0000	beacon2.Variants	9.92GB
2023-02-08T18:55:41.976+0000	beacon2.Variants	9.96GB
2023-02-08T18:55:44.976+0000	beacon2.Variants	9.99GB
2023-02-08T18:55:47.977+0000	beacon2.Variants	10.0GB
2023-02-08T18:55:50.978+0000	beacon2.Variants	10.1GB
2023-02-08T18:55:53.981+0000	beacon2.Variants	10.1GB
2023-02-08T18:55:56.986+0000	beacon2.Variants	10.2GB
2023-02-08T18:55:59.976+0000	beacon2.Variants	10.2GB
2023-02-08T18:56:02.981+0000	beacon2.Variants	10.2GB
2023-02-08T18:56:05.992+0000	beacon2.Variants	10.3GB
2023-02-08T18:56:08.984+0000	beacon2.Variants	10.3GB
2023-02-08T18:56:11.976+0000	beacon2.Variants	10.3GB
2023-02-08T18:56:14.976+0000	beacon2.Variants	10.4GB
2023-02-08T18:56:17.978+0000	beacon2.Variants	10.4GB
2023-02-08T18:56:20.976+0000	beacon2.Variants	10.4GB
2023-02-08T18:56:23.977+0000	beacon2.Variants	10.5GB
2023-02-08T18:56:26.987+0000	beacon2.Variants	10.5GB
2023-02-08T18:56:29.978+0000	beacon2.Variants	10.6GB
2023-02-08T18:56:32.986+0000	beacon2.Variants	10.6GB
2023-02-08T18:56:35.993+0000	beacon2.Variants	10.7GB
2023-02-08T18:56:38.987+0000	beacon2.Variants	10.7GB
2023-02-08T18:56:41.985+0000	beacon2.Variants	10.7GB
2023-02-08T18:56:44.978+0000	beacon2.Variants	10.8GB
2023-02-08T18:56:47.977+0000	beacon2.Variants	10.8GB
2023-02-08T18:56:50.983+0000	beacon2.Variants	10.8GB
2023-02-08T18:56:53.979+0000	beacon2.Variants	10.9GB
2023-02-08T18:56:56.986+0000	beacon2.Variants	10.9GB
2023-02-08T18:56:59.982+0000	beacon2.Variants	11.0GB
2023-02-08T18:57:02.977+0000	beacon2.Variants	11.0GB
2023-02-08T18:57:05.982+0000	beacon2.Variants	11.0GB
2023-02-08T18:57:08.983+0000	beacon2.Variants	11.1GB
2023-02-08T18:57:11.976+0000	beacon2.Variants	11.1GB
2023-02-08T18:57:14.978+0000	beacon2.Variants	11.2GB
2023-02-08T18:57:17.993+0000	beacon2.Variants	11.2GB
2023-02-08T18:57:20.983+0000	beacon2.Variants	11.2GB
2023-02-08T18:57:23.976+0000	beacon2.Variants	11.3GB
2023-02-08T18:57:26.988+0000	beacon2.Variants	11.3GB
2023-02-08T18:57:29.978+0000	beacon2.Variants	11.3GB
2023-02-08T18:57:32.976+0000	beacon2.Variants	11.4GB
2023-02-08T18:57:35.985+0000	beacon2.Variants	11.4GB
2023-02-08T18:57:38.980+0000	beacon2.Variants	11.5GB
2023-02-08T18:57:41.978+0000	beacon2.Variants	11.5GB
2023-02-08T18:57:44.977+0000	beacon2.Variants	11.5GB
2023-02-08T18:57:47.977+0000	beacon2.Variants	11.6GB
2023-02-08T18:57:50.984+0000	beacon2.Variants	11.6GB
2023-02-08T18:57:53.983+0000	beacon2.Variants	11.7GB
2023-02-08T18:57:56.977+0000	beacon2.Variants	11.7GB
2023-02-08T18:57:59.976+0000	beacon2.Variants	11.7GB
2023-02-08T18:58:02.978+0000	beacon2.Variants	11.8GB
2023-02-08T18:58:05.984+0000	beacon2.Variants	11.8GB
2023-02-08T18:58:08.982+0000	beacon2.Variants	11.8GB
2023-02-08T18:58:11.984+0000	beacon2.Variants	11.9GB
2023-02-08T18:58:14.977+0000	beacon2.Variants	11.9GB
2023-02-08T18:58:17.981+0000	beacon2.Variants	12.0GB
2023-02-08T18:58:20.977+0000	beacon2.Variants	12.0GB
2023-02-08T18:58:23.990+0000	beacon2.Variants	12.0GB
2023-02-08T18:58:26.990+0000	beacon2.Variants	12.1GB
2023-02-08T18:58:29.977+0000	beacon2.Variants	12.1GB
2023-02-08T18:58:32.986+0000	beacon2.Variants	12.2GB
2023-02-08T18:58:35.976+0000	beacon2.Variants	12.2GB
2023-02-08T18:58:38.981+0000	beacon2.Variants	12.2GB
2023-02-08T18:58:41.979+0000	beacon2.Variants	12.3GB
2023-02-08T18:58:44.977+0000	beacon2.Variants	12.3GB
2023-02-08T18:58:47.976+0000	beacon2.Variants	12.3GB
2023-02-08T18:58:50.978+0000	beacon2.Variants	12.4GB
2023-02-08T18:58:53.988+0000	beacon2.Variants	12.4GB
2023-02-08T18:58:56.985+0000	beacon2.Variants	12.5GB
2023-02-08T18:58:59.977+0000	beacon2.Variants	12.5GB
2023-02-08T18:59:02.979+0000	beacon2.Variants	12.5GB
2023-02-08T18:59:05.982+0000	beacon2.Variants	12.6GB
2023-02-08T18:59:08.977+0000	beacon2.Variants	12.6GB
2023-02-08T18:59:11.986+0000	beacon2.Variants	12.7GB
2023-02-08T18:59:14.981+0000	beacon2.Variants	12.7GB
2023-02-08T18:59:17.979+0000	beacon2.Variants	12.7GB
2023-02-08T18:59:20.999+0000	beacon2.Variants	12.8GB
2023-02-08T18:59:23.992+0000	beacon2.Variants	12.8GB
2023-02-08T18:59:26.981+0000	beacon2.Variants	12.9GB
2023-02-08T18:59:29.991+0000	beacon2.Variants	12.9GB
2023-02-08T18:59:32.980+0000	beacon2.Variants	12.9GB
2023-02-08T18:59:35.983+0000	beacon2.Variants	13.0GB
2023-02-08T18:59:38.994+0000	beacon2.Variants	13.0GB
2023-02-08T18:59:41.991+0000	beacon2.Variants	13.1GB
2023-02-08T18:59:44.979+0000	beacon2.Variants	13.1GB
2023-02-08T18:59:47.989+0000	beacon2.Variants	13.1GB
2023-02-08T18:59:50.976+0000	beacon2.Variants	13.2GB
2023-02-08T18:59:53.977+0000	beacon2.Variants	13.2GB
2023-02-08T18:59:56.976+0000	beacon2.Variants	13.2GB
2023-02-08T18:59:59.977+0000	beacon2.Variants	13.3GB
2023-02-08T19:00:02.978+0000	beacon2.Variants	13.3GB
2023-02-08T19:00:05.981+0000	beacon2.Variants	13.4GB
2023-02-08T19:00:08.993+0000	beacon2.Variants	13.4GB
2023-02-08T19:00:11.984+0000	beacon2.Variants	13.4GB
2023-02-08T19:00:14.984+0000	beacon2.Variants	13.5GB
2023-02-08T19:00:17.981+0000	beacon2.Variants	13.5GB
2023-02-08T19:00:20.986+0000	beacon2.Variants	13.6GB
2023-02-08T19:00:23.979+0000	beacon2.Variants	13.6GB
2023-02-08T19:00:26.985+0000	beacon2.Variants	13.6GB
2023-02-08T19:00:29.984+0000	beacon2.Variants	13.7GB
2023-02-08T19:00:32.978+0000	beacon2.Variants	13.7GB
2023-02-08T19:00:35.990+0000	beacon2.Variants	13.8GB
2023-02-08T19:00:38.976+0000	beacon2.Variants	13.8GB
2023-02-08T19:00:41.981+0000	beacon2.Variants	13.8GB
2023-02-08T19:00:44.988+0000	beacon2.Variants	13.9GB
2023-02-08T19:00:47.985+0000	beacon2.Variants	13.9GB
2023-02-08T19:00:50.993+0000	beacon2.Variants	14.0GB
2023-02-08T19:00:53.993+0000	beacon2.Variants	14.0GB
2023-02-08T19:00:56.994+0000	beacon2.Variants	14.0GB
2023-02-08T19:00:59.980+0000	beacon2.Variants	14.1GB
2023-02-08T19:01:02.977+0000	beacon2.Variants	14.1GB
2023-02-08T19:01:05.976+0000	beacon2.Variants	14.2GB
2023-02-08T19:01:08.977+0000	beacon2.Variants	14.2GB
2023-02-08T19:01:11.992+0000	beacon2.Variants	14.2GB
2023-02-08T19:01:14.982+0000	beacon2.Variants	14.3GB
2023-02-08T19:01:17.987+0000	beacon2.Variants	14.3GB
2023-02-08T19:01:20.976+0000	beacon2.Variants	14.3GB
2023-02-08T19:01:23.989+0000	beacon2.Variants	14.4GB
2023-02-08T19:01:26.980+0000	beacon2.Variants	14.4GB
2023-02-08T19:01:29.976+0000	beacon2.Variants	14.5GB
2023-02-08T19:01:32.978+0000	beacon2.Variants	14.5GB
2023-02-08T19:01:35.976+0000	beacon2.Variants	14.5GB
2023-02-08T19:01:38.980+0000	beacon2.Variants	14.6GB
2023-02-08T19:01:41.977+0000	beacon2.Variants	14.6GB
2023-02-08T19:01:44.985+0000	beacon2.Variants	14.7GB
2023-02-08T19:01:47.976+0000	beacon2.Variants	14.7GB
2023-02-08T19:01:50.982+0000	beacon2.Variants	14.7GB
2023-02-08T19:01:53.977+0000	beacon2.Variants	14.8GB
2023-02-08T19:01:56.977+0000	beacon2.Variants	14.8GB
2023-02-08T19:01:59.976+0000	beacon2.Variants	14.8GB
2023-02-08T19:02:02.979+0000	beacon2.Variants	14.9GB
2023-02-08T19:02:05.976+0000	beacon2.Variants	14.9GB
2023-02-08T19:02:08.978+0000	beacon2.Variants	15.0GB
2023-02-08T19:02:11.984+0000	beacon2.Variants	15.0GB
2023-02-08T19:02:14.982+0000	beacon2.Variants	15.0GB
2023-02-08T19:02:17.977+0000	beacon2.Variants	15.1GB
2023-02-08T19:02:20.979+0000	beacon2.Variants	15.1GB
2023-02-08T19:02:23.978+0000	beacon2.Variants	15.2GB
2023-02-08T19:02:26.978+0000	beacon2.Variants	15.2GB
2023-02-08T19:02:29.977+0000	beacon2.Variants	15.2GB
2023-02-08T19:02:32.984+0000	beacon2.Variants	15.3GB
2023-02-08T19:02:35.986+0000	beacon2.Variants	15.3GB
2023-02-08T19:02:38.977+0000	beacon2.Variants	15.3GB
2023-02-08T19:02:41.979+0000	beacon2.Variants	15.4GB
2023-02-08T19:02:44.977+0000	beacon2.Variants	15.4GB
2023-02-08T19:02:47.979+0000	beacon2.Variants	15.4GB
2023-02-08T19:02:50.978+0000	beacon2.Variants	15.5GB
2023-02-08T19:02:53.977+0000	beacon2.Variants	15.5GB
2023-02-08T19:02:56.985+0000	beacon2.Variants	15.6GB
2023-02-08T19:02:59.976+0000	beacon2.Variants	15.6GB
2023-02-08T19:03:02.977+0000	beacon2.Variants	15.6GB
2023-02-08T19:03:05.977+0000	beacon2.Variants	15.7GB
2023-02-08T19:03:08.977+0000	beacon2.Variants	15.7GB
2023-02-08T19:03:11.980+0000	beacon2.Variants	15.8GB
2023-02-08T19:03:14.977+0000	beacon2.Variants	15.8GB
2023-02-08T19:03:17.976+0000	beacon2.Variants	15.8GB
2023-02-08T19:03:20.984+0000	beacon2.Variants	15.9GB
2023-02-08T19:03:23.978+0000	beacon2.Variants	15.9GB
2023-02-08T19:03:26.984+0000	beacon2.Variants	15.9GB
2023-02-08T19:03:29.978+0000	beacon2.Variants	16.0GB
2023-02-08T19:03:32.978+0000	beacon2.Variants	16.0GB
2023-02-08T19:03:35.987+0000	beacon2.Variants	16.1GB
2023-02-08T19:03:38.983+0000	beacon2.Variants	16.1GB
2023-02-08T19:03:41.981+0000	beacon2.Variants	16.1GB
2023-02-08T19:03:44.979+0000	beacon2.Variants	16.2GB
2023-02-08T19:03:47.982+0000	beacon2.Variants	16.2GB
2023-02-08T19:03:50.977+0000	beacon2.Variants	16.2GB
2023-02-08T19:03:53.979+0000	beacon2.Variants	16.3GB
2023-02-08T19:03:56.979+0000	beacon2.Variants	16.3GB
2023-02-08T19:03:59.976+0000	beacon2.Variants	16.4GB
2023-02-08T19:04:02.976+0000	beacon2.Variants	16.4GB
2023-02-08T19:04:05.976+0000	beacon2.Variants	16.4GB
2023-02-08T19:04:08.988+0000	beacon2.Variants	16.5GB
2023-02-08T19:04:11.981+0000	beacon2.Variants	16.5GB
2023-02-08T19:04:14.979+0000	beacon2.Variants	16.6GB
2023-02-08T19:04:17.981+0000	beacon2.Variants	16.6GB
2023-02-08T19:04:20.977+0000	beacon2.Variants	16.6GB
2023-02-08T19:04:23.976+0000	beacon2.Variants	16.7GB
2023-02-08T19:04:26.977+0000	beacon2.Variants	16.7GB
2023-02-08T19:04:29.977+0000	beacon2.Variants	16.7GB
2023-02-08T19:04:32.976+0000	beacon2.Variants	16.8GB
2023-02-08T19:04:35.977+0000	beacon2.Variants	16.8GB
2023-02-08T19:04:38.977+0000	beacon2.Variants	16.9GB
2023-02-08T19:04:41.977+0000	beacon2.Variants	16.9GB
2023-02-08T19:04:44.984+0000	beacon2.Variants	16.9GB
2023-02-08T19:04:47.978+0000	beacon2.Variants	17.0GB
2023-02-08T19:04:50.978+0000	beacon2.Variants	17.0GB
2023-02-08T19:04:53.977+0000	beacon2.Variants	17.0GB
2023-02-08T19:04:56.977+0000	beacon2.Variants	17.1GB
2023-02-08T19:04:59.980+0000	beacon2.Variants	17.1GB
2023-02-08T19:05:02.983+0000	beacon2.Variants	17.1GB
2023-02-08T19:05:05.976+0000	beacon2.Variants	17.2GB
2023-02-08T19:05:08.976+0000	beacon2.Variants	17.2GB
2023-02-08T19:05:11.977+0000	beacon2.Variants	17.3GB
2023-02-08T19:05:14.980+0000	beacon2.Variants	17.3GB
2023-02-08T19:05:17.981+0000	beacon2.Variants	17.3GB
2023-02-08T19:05:20.980+0000	beacon2.Variants	17.4GB
2023-02-08T19:05:23.981+0000	beacon2.Variants	17.4GB
2023-02-08T19:05:26.982+0000	beacon2.Variants	17.5GB
2023-02-08T19:05:29.979+0000	beacon2.Variants	17.5GB
2023-02-08T19:05:32.977+0000	beacon2.Variants	17.5GB
2023-02-08T19:05:35.977+0000	beacon2.Variants	17.6GB
2023-02-08T19:05:38.977+0000	beacon2.Variants	17.6GB
2023-02-08T19:05:41.982+0000	beacon2.Variants	17.6GB
2023-02-08T19:05:44.977+0000	beacon2.Variants	17.7GB
2023-02-08T19:05:47.979+0000	beacon2.Variants	17.7GB
2023-02-08T19:05:50.992+0000	beacon2.Variants	17.8GB
2023-02-08T19:05:53.977+0000	beacon2.Variants	17.8GB
2023-02-08T19:05:56.978+0000	beacon2.Variants	17.8GB
2023-02-08T19:05:59.977+0000	beacon2.Variants	17.9GB
2023-02-08T19:06:02.977+0000	beacon2.Variants	17.9GB
2023-02-08T19:06:05.977+0000	beacon2.Variants	17.9GB
2023-02-08T19:06:08.977+0000	beacon2.Variants	18.0GB
2023-02-08T19:06:11.987+0000	beacon2.Variants	18.0GB
2023-02-08T19:06:14.977+0000	beacon2.Variants	18.1GB
2023-02-08T19:06:17.977+0000	beacon2.Variants	18.1GB
2023-02-08T19:06:20.987+0000	beacon2.Variants	18.1GB
2023-02-08T19:06:23.985+0000	beacon2.Variants	18.2GB
2023-02-08T19:06:26.977+0000	beacon2.Variants	18.2GB
2023-02-08T19:06:29.977+0000	beacon2.Variants	18.2GB
2023-02-08T19:06:32.977+0000	beacon2.Variants	18.3GB
2023-02-08T19:06:35.977+0000	beacon2.Variants	18.3GB
2023-02-08T19:06:38.979+0000	beacon2.Variants	18.4GB
2023-02-08T19:06:41.989+0000	beacon2.Variants	18.4GB
2023-02-08T19:06:44.977+0000	beacon2.Variants	18.4GB
2023-02-08T19:06:47.985+0000	beacon2.Variants	18.5GB
2023-02-08T19:06:50.980+0000	beacon2.Variants	18.5GB
2023-02-08T19:06:53.980+0000	beacon2.Variants	18.6GB
2023-02-08T19:06:56.977+0000	beacon2.Variants	18.6GB
2023-02-08T19:06:59.976+0000	beacon2.Variants	18.6GB
2023-02-08T19:07:02.977+0000	beacon2.Variants	18.7GB
2023-02-08T19:07:05.991+0000	beacon2.Variants	18.7GB
2023-02-08T19:07:08.978+0000	beacon2.Variants	18.7GB
2023-02-08T19:07:11.978+0000	beacon2.Variants	18.8GB
2023-02-08T19:07:14.977+0000	beacon2.Variants	18.8GB
2023-02-08T19:07:17.976+0000	beacon2.Variants	18.9GB
2023-02-08T19:07:20.977+0000	beacon2.Variants	18.9GB
2023-02-08T19:07:23.987+0000	beacon2.Variants	18.9GB
2023-02-08T19:07:26.980+0000	beacon2.Variants	19.0GB
2023-02-08T19:07:29.976+0000	beacon2.Variants	19.0GB
2023-02-08T19:07:32.976+0000	beacon2.Variants	19.1GB
2023-02-08T19:07:35.977+0000	beacon2.Variants	19.1GB
2023-02-08T19:07:38.978+0000	beacon2.Variants	19.1GB
2023-02-08T19:07:41.989+0000	beacon2.Variants	19.2GB
2023-02-08T19:07:44.977+0000	beacon2.Variants	19.2GB
2023-02-08T19:07:47.978+0000	beacon2.Variants	19.2GB
2023-02-08T19:07:50.984+0000	beacon2.Variants	19.3GB
2023-02-08T19:07:53.978+0000	beacon2.Variants	19.3GB
2023-02-08T19:07:56.985+0000	beacon2.Variants	19.4GB
2023-02-08T19:07:59.977+0000	beacon2.Variants	19.4GB
2023-02-08T19:08:02.977+0000	beacon2.Variants	19.4GB
2023-02-08T19:08:05.976+0000	beacon2.Variants	19.5GB
2023-02-08T19:08:08.977+0000	beacon2.Variants	19.5GB
2023-02-08T19:08:11.980+0000	beacon2.Variants	19.5GB
2023-02-08T19:08:14.982+0000	beacon2.Variants	19.6GB
2023-02-08T19:08:17.979+0000	beacon2.Variants	19.6GB
2023-02-08T19:08:20.980+0000	beacon2.Variants	19.6GB
2023-02-08T19:08:23.977+0000	beacon2.Variants	19.7GB
2023-02-08T19:08:26.976+0000	beacon2.Variants	19.7GB
2023-02-08T19:08:29.980+0000	beacon2.Variants	19.8GB
2023-02-08T19:08:32.977+0000	beacon2.Variants	19.8GB
2023-02-08T19:08:35.980+0000	beacon2.Variants	19.8GB
2023-02-08T19:08:38.976+0000	beacon2.Variants	19.9GB
2023-02-08T19:08:41.979+0000	beacon2.Variants	19.9GB
2023-02-08T19:08:44.976+0000	beacon2.Variants	19.9GB
2023-02-08T19:08:47.988+0000	beacon2.Variants	20.0GB
2023-02-08T19:08:50.986+0000	beacon2.Variants	20.0GB
2023-02-08T19:08:53.977+0000	beacon2.Variants	20.1GB
2023-02-08T19:08:56.988+0000	beacon2.Variants	20.1GB
2023-02-08T19:08:59.978+0000	beacon2.Variants	20.1GB
2023-02-08T19:09:02.979+0000	beacon2.Variants	20.2GB
2023-02-08T19:09:05.976+0000	beacon2.Variants	20.2GB
2023-02-08T19:09:08.994+0000	beacon2.Variants	20.3GB
2023-02-08T19:09:11.977+0000	beacon2.Variants	20.3GB
2023-02-08T19:09:14.978+0000	beacon2.Variants	20.3GB
2023-02-08T19:09:17.978+0000	beacon2.Variants	20.4GB
2023-02-08T19:09:20.978+0000	beacon2.Variants	20.4GB
2023-02-08T19:09:23.984+0000	beacon2.Variants	20.4GB
2023-02-08T19:09:26.984+0000	beacon2.Variants	20.5GB
2023-02-08T19:09:29.977+0000	beacon2.Variants	20.5GB
2023-02-08T19:09:32.978+0000	beacon2.Variants	20.6GB
2023-02-08T19:09:35.977+0000	beacon2.Variants	20.6GB
2023-02-08T19:09:38.978+0000	beacon2.Variants	20.6GB
2023-02-08T19:09:41.979+0000	beacon2.Variants	20.7GB
2023-02-08T19:09:44.977+0000	beacon2.Variants	20.7GB
2023-02-08T19:09:47.977+0000	beacon2.Variants	20.8GB
2023-02-08T19:09:50.982+0000	beacon2.Variants	20.8GB
2023-02-08T19:09:53.977+0000	beacon2.Variants	20.8GB
2023-02-08T19:09:56.983+0000	beacon2.Variants	20.9GB
2023-02-08T19:09:59.979+0000	beacon2.Variants	20.9GB
2023-02-08T19:10:02.978+0000	beacon2.Variants	20.9GB
2023-02-08T19:10:05.978+0000	beacon2.Variants	21.0GB
2023-02-08T19:10:08.977+0000	beacon2.Variants	21.0GB
2023-02-08T19:10:11.979+0000	beacon2.Variants	21.1GB
2023-02-08T19:10:14.977+0000	beacon2.Variants	21.1GB
2023-02-08T19:10:17.976+0000	beacon2.Variants	21.1GB
2023-02-08T19:10:20.980+0000	beacon2.Variants	21.2GB
2023-02-08T19:10:23.978+0000	beacon2.Variants	21.2GB
2023-02-08T19:10:26.977+0000	beacon2.Variants	21.2GB
2023-02-08T19:10:29.977+0000	beacon2.Variants	21.3GB
2023-02-08T19:10:32.984+0000	beacon2.Variants	21.3GB
2023-02-08T19:10:35.978+0000	beacon2.Variants	21.4GB
2023-02-08T19:10:38.977+0000	beacon2.Variants	21.4GB
2023-02-08T19:10:41.985+0000	beacon2.Variants	21.4GB
2023-02-08T19:10:44.978+0000	beacon2.Variants	21.5GB
2023-02-08T19:10:47.982+0000	beacon2.Variants	21.5GB
2023-02-08T19:10:50.997+0000	beacon2.Variants	21.6GB
2023-02-08T19:10:53.978+0000	beacon2.Variants	21.6GB
2023-02-08T19:10:56.977+0000	beacon2.Variants	21.6GB
2023-02-08T19:10:59.978+0000	beacon2.Variants	21.7GB
2023-02-08T19:11:02.979+0000	beacon2.Variants	21.7GB
2023-02-08T19:11:05.985+0000	beacon2.Variants	21.7GB
2023-02-08T19:11:08.977+0000	beacon2.Variants	21.8GB
2023-02-08T19:11:11.985+0000	beacon2.Variants	21.8GB
2023-02-08T19:11:14.982+0000	beacon2.Variants	21.9GB
2023-02-08T19:11:17.979+0000	beacon2.Variants	21.9GB
2023-02-08T19:11:20.982+0000	beacon2.Variants	21.9GB
2023-02-08T19:11:23.976+0000	beacon2.Variants	22.0GB
2023-02-08T19:11:26.977+0000	beacon2.Variants	22.0GB
2023-02-08T19:11:29.976+0000	beacon2.Variants	22.0GB
2023-02-08T19:11:32.982+0000	beacon2.Variants	22.1GB
2023-02-08T19:11:35.989+0000	beacon2.Variants	22.1GB
2023-02-08T19:11:38.976+0000	beacon2.Variants	22.1GB
2023-02-08T19:11:41.991+0000	beacon2.Variants	22.2GB
2023-02-08T19:11:44.980+0000	beacon2.Variants	22.2GB
2023-02-08T19:11:47.978+0000	beacon2.Variants	22.3GB
2023-02-08T19:11:50.977+0000	beacon2.Variants	22.3GB
2023-02-08T19:11:53.982+0000	beacon2.Variants	22.3GB
2023-02-08T19:11:56.979+0000	beacon2.Variants	22.4GB
2023-02-08T19:11:59.979+0000	beacon2.Variants	22.4GB
2023-02-08T19:12:02.976+0000	beacon2.Variants	22.5GB
2023-02-08T19:12:05.976+0000	beacon2.Variants	22.5GB
2023-02-08T19:12:08.977+0000	beacon2.Variants	22.5GB
2023-02-08T19:12:11.978+0000	beacon2.Variants	22.6GB
2023-02-08T19:12:14.979+0000	beacon2.Variants	22.6GB
2023-02-08T19:12:17.979+0000	beacon2.Variants	22.6GB
2023-02-08T19:12:20.977+0000	beacon2.Variants	22.7GB
2023-02-08T19:12:23.977+0000	beacon2.Variants	22.7GB
2023-02-08T19:12:26.977+0000	beacon2.Variants	22.8GB
2023-02-08T19:12:29.977+0000	beacon2.Variants	22.8GB
2023-02-08T19:12:32.977+0000	beacon2.Variants	22.8GB
2023-02-08T19:12:35.977+0000	beacon2.Variants	22.9GB
2023-02-08T19:12:38.977+0000	beacon2.Variants	22.9GB
2023-02-08T19:12:41.992+0000	beacon2.Variants	22.9GB
2023-02-08T19:12:44.978+0000	beacon2.Variants	23.0GB
2023-02-08T19:12:47.984+0000	beacon2.Variants	23.0GB
2023-02-08T19:12:50.991+0000	beacon2.Variants	23.1GB
2023-02-08T19:12:53.980+0000	beacon2.Variants	23.1GB
2023-02-08T19:12:56.977+0000	beacon2.Variants	23.1GB
2023-02-08T19:12:59.986+0000	beacon2.Variants	23.2GB
2023-02-08T19:13:02.979+0000	beacon2.Variants	23.2GB
2023-02-08T19:13:05.990+0000	beacon2.Variants	23.2GB
2023-02-08T19:13:08.983+0000	beacon2.Variants	23.3GB
2023-02-08T19:13:11.977+0000	beacon2.Variants	23.3GB
2023-02-08T19:13:14.976+0000	beacon2.Variants	23.4GB
2023-02-08T19:13:17.983+0000	beacon2.Variants	23.4GB
2023-02-08T19:13:20.983+0000	beacon2.Variants	23.4GB
2023-02-08T19:13:23.987+0000	beacon2.Variants	23.5GB
2023-02-08T19:13:26.977+0000	beacon2.Variants	23.5GB
2023-02-08T19:13:29.976+0000	beacon2.Variants	23.6GB
2023-02-08T19:13:32.976+0000	beacon2.Variants	23.6GB
2023-02-08T19:13:35.976+0000	beacon2.Variants	23.6GB
2023-02-08T19:13:38.976+0000	beacon2.Variants	23.7GB
2023-02-08T19:13:41.982+0000	beacon2.Variants	23.7GB
2023-02-08T19:13:44.999+0000	beacon2.Variants	23.7GB
2023-02-08T19:13:47.978+0000	beacon2.Variants	23.8GB
2023-02-08T19:13:50.986+0000	beacon2.Variants	23.8GB
2023-02-08T19:13:53.977+0000	beacon2.Variants	23.9GB
2023-02-08T19:13:56.983+0000	beacon2.Variants	23.9GB
2023-02-08T19:13:59.981+0000	beacon2.Variants	23.9GB
2023-02-08T19:14:02.979+0000	beacon2.Variants	24.0GB
2023-02-08T19:14:05.980+0000	beacon2.Variants	24.0GB
2023-02-08T19:14:08.976+0000	beacon2.Variants	24.1GB
2023-02-08T19:14:11.982+0000	beacon2.Variants	24.1GB
2023-02-08T19:14:14.979+0000	beacon2.Variants	24.1GB
2023-02-08T19:14:17.982+0000	beacon2.Variants	24.2GB
2023-02-08T19:14:20.982+0000	beacon2.Variants	24.2GB
2023-02-08T19:14:23.977+0000	beacon2.Variants	24.2GB
2023-02-08T19:14:26.977+0000	beacon2.Variants	24.3GB
2023-02-08T19:14:29.979+0000	beacon2.Variants	24.3GB
2023-02-08T19:14:32.981+0000	beacon2.Variants	24.4GB
2023-02-08T19:14:35.977+0000	beacon2.Variants	24.4GB
2023-02-08T19:14:38.979+0000	beacon2.Variants	24.4GB
2023-02-08T19:14:41.980+0000	beacon2.Variants	24.5GB
2023-02-08T19:14:44.976+0000	beacon2.Variants	24.5GB
2023-02-08T19:14:47.977+0000	beacon2.Variants	24.5GB
2023-02-08T19:14:50.977+0000	beacon2.Variants	24.6GB
2023-02-08T19:14:53.992+0000	beacon2.Variants	24.6GB
2023-02-08T19:14:56.981+0000	beacon2.Variants	24.7GB
2023-02-08T19:14:59.981+0000	beacon2.Variants	24.7GB
2023-02-08T19:15:02.978+0000	beacon2.Variants	24.7GB
2023-02-08T19:15:05.980+0000	beacon2.Variants	24.8GB
2023-02-08T19:15:08.978+0000	beacon2.Variants	24.8GB
2023-02-08T19:15:11.979+0000	beacon2.Variants	24.9GB
2023-02-08T19:15:14.978+0000	beacon2.Variants	24.9GB
2023-02-08T19:15:17.991+0000	beacon2.Variants	24.9GB
2023-02-08T19:15:20.976+0000	beacon2.Variants	25.0GB
2023-02-08T19:15:23.981+0000	beacon2.Variants	25.0GB
2023-02-08T19:15:26.978+0000	beacon2.Variants	25.0GB
2023-02-08T19:15:29.976+0000	beacon2.Variants	25.1GB
2023-02-08T19:15:32.985+0000	beacon2.Variants	25.1GB
2023-02-08T19:15:35.977+0000	beacon2.Variants	25.2GB
2023-02-08T19:15:38.985+0000	beacon2.Variants	25.2GB
2023-02-08T19:15:41.977+0000	beacon2.Variants	25.2GB
2023-02-08T19:15:44.977+0000	beacon2.Variants	25.3GB
2023-02-08T19:15:47.977+0000	beacon2.Variants	25.3GB
2023-02-08T19:15:50.985+0000	beacon2.Variants	25.4GB
2023-02-08T19:15:53.976+0000	beacon2.Variants	25.4GB
2023-02-08T19:15:56.979+0000	beacon2.Variants	25.4GB
2023-02-08T19:15:59.976+0000	beacon2.Variants	25.5GB
2023-02-08T19:16:02.976+0000	beacon2.Variants	25.5GB
2023-02-08T19:16:05.981+0000	beacon2.Variants	25.5GB
2023-02-08T19:16:08.977+0000	beacon2.Variants	25.6GB
2023-02-08T19:16:11.977+0000	beacon2.Variants	25.6GB
2023-02-08T19:16:14.985+0000	beacon2.Variants	25.6GB
2023-02-08T19:16:17.976+0000	beacon2.Variants	25.7GB
2023-02-08T19:16:20.976+0000	beacon2.Variants	25.7GB
2023-02-08T19:16:23.977+0000	beacon2.Variants	25.8GB
2023-02-08T19:16:26.976+0000	beacon2.Variants	25.8GB
2023-02-08T19:16:29.980+0000	beacon2.Variants	25.8GB
2023-02-08T19:16:32.978+0000	beacon2.Variants	25.9GB
2023-02-08T19:16:35.979+0000	beacon2.Variants	25.9GB
2023-02-08T19:16:38.981+0000	beacon2.Variants	26.0GB
2023-02-08T19:16:41.981+0000	beacon2.Variants	26.0GB
2023-02-08T19:16:44.984+0000	beacon2.Variants	26.0GB
2023-02-08T19:16:47.984+0000	beacon2.Variants	26.1GB
2023-02-08T19:16:50.977+0000	beacon2.Variants	26.1GB
2023-02-08T19:16:53.981+0000	beacon2.Variants	26.1GB
2023-02-08T19:16:56.976+0000	beacon2.Variants	26.2GB
2023-02-08T19:16:59.977+0000	beacon2.Variants	26.2GB
2023-02-08T19:17:02.978+0000	beacon2.Variants	26.3GB
2023-02-08T19:17:05.980+0000	beacon2.Variants	26.3GB
2023-02-08T19:17:08.977+0000	beacon2.Variants	26.3GB
2023-02-08T19:17:11.976+0000	beacon2.Variants	26.4GB
2023-02-08T19:17:14.990+0000	beacon2.Variants	26.4GB
2023-02-08T19:17:17.977+0000	beacon2.Variants	26.4GB
2023-02-08T19:17:20.984+0000	beacon2.Variants	26.5GB
2023-02-08T19:17:23.977+0000	beacon2.Variants	26.5GB
2023-02-08T19:17:26.976+0000	beacon2.Variants	26.6GB
2023-02-08T19:17:29.979+0000	beacon2.Variants	26.6GB
2023-02-08T19:17:32.977+0000	beacon2.Variants	26.6GB
2023-02-08T19:17:35.976+0000	beacon2.Variants	26.7GB
2023-02-08T19:17:38.977+0000	beacon2.Variants	26.7GB
2023-02-08T19:17:41.977+0000	beacon2.Variants	26.8GB
2023-02-08T19:17:44.981+0000	beacon2.Variants	26.8GB
2023-02-08T19:17:47.978+0000	beacon2.Variants	26.8GB
2023-02-08T19:17:50.985+0000	beacon2.Variants	26.9GB
2023-02-08T19:17:53.976+0000	beacon2.Variants	26.9GB
2023-02-08T19:17:56.983+0000	beacon2.Variants	26.9GB
2023-02-08T19:17:59.978+0000	beacon2.Variants	27.0GB
2023-02-08T19:18:02.978+0000	beacon2.Variants	27.0GB
2023-02-08T19:18:05.976+0000	beacon2.Variants	27.1GB
2023-02-08T19:18:08.976+0000	beacon2.Variants	27.1GB
2023-02-08T19:18:11.990+0000	beacon2.Variants	27.1GB
2023-02-08T19:18:14.984+0000	beacon2.Variants	27.2GB
2023-02-08T19:18:17.992+0000	beacon2.Variants	27.2GB
2023-02-08T19:18:20.979+0000	beacon2.Variants	27.2GB
2023-02-08T19:18:23.981+0000	beacon2.Variants	27.3GB
2023-02-08T19:18:26.977+0000	beacon2.Variants	27.3GB
2023-02-08T19:18:29.977+0000	beacon2.Variants	27.4GB
2023-02-08T19:18:32.981+0000	beacon2.Variants	27.4GB
2023-02-08T19:18:35.993+0000	beacon2.Variants	27.4GB
2023-02-08T19:18:38.976+0000	beacon2.Variants	27.5GB
2023-02-08T19:18:41.977+0000	beacon2.Variants	27.5GB
2023-02-08T19:18:44.977+0000	beacon2.Variants	27.6GB
2023-02-08T19:18:47.977+0000	beacon2.Variants	27.6GB
2023-02-08T19:18:50.986+0000	beacon2.Variants	27.6GB
2023-02-08T19:18:53.977+0000	beacon2.Variants	27.7GB
2023-02-08T19:18:56.977+0000	beacon2.Variants	27.7GB
2023-02-08T19:18:59.976+0000	beacon2.Variants	27.7GB
2023-02-08T19:19:02.979+0000	beacon2.Variants	27.8GB
2023-02-08T19:19:05.980+0000	beacon2.Variants	27.8GB
2023-02-08T19:19:08.985+0000	beacon2.Variants	27.9GB
2023-02-08T19:19:11.976+0000	beacon2.Variants	27.9GB
2023-02-08T19:19:14.976+0000	beacon2.Variants	27.9GB
2023-02-08T19:19:17.976+0000	beacon2.Variants	28.0GB
2023-02-08T19:19:20.977+0000	beacon2.Variants	28.0GB
2023-02-08T19:19:23.980+0000	beacon2.Variants	28.0GB
2023-02-08T19:19:26.987+0000	beacon2.Variants	28.1GB
2023-02-08T19:19:29.980+0000	beacon2.Variants	28.1GB
2023-02-08T19:19:32.979+0000	beacon2.Variants	28.1GB
2023-02-08T19:19:35.977+0000	beacon2.Variants	28.2GB
2023-02-08T19:19:38.978+0000	beacon2.Variants	28.2GB
2023-02-08T19:19:41.978+0000	beacon2.Variants	28.3GB
2023-02-08T19:19:44.988+0000	beacon2.Variants	28.3GB
2023-02-08T19:19:47.984+0000	beacon2.Variants	28.3GB
2023-02-08T19:19:50.978+0000	beacon2.Variants	28.4GB
2023-02-08T19:19:53.990+0000	beacon2.Variants	28.4GB
2023-02-08T19:19:56.978+0000	beacon2.Variants	28.5GB
2023-02-08T19:19:59.982+0000	beacon2.Variants	28.5GB
2023-02-08T19:20:02.977+0000	beacon2.Variants	28.5GB
2023-02-08T19:20:05.976+0000	beacon2.Variants	28.6GB
2023-02-08T19:20:08.977+0000	beacon2.Variants	28.6GB
2023-02-08T19:20:11.976+0000	beacon2.Variants	28.6GB
2023-02-08T19:20:14.979+0000	beacon2.Variants	28.7GB
2023-02-08T19:20:17.980+0000	beacon2.Variants	28.7GB
2023-02-08T19:20:20.977+0000	beacon2.Variants	28.8GB
2023-02-08T19:20:23.980+0000	beacon2.Variants	28.8GB
2023-02-08T19:20:26.978+0000	beacon2.Variants	28.8GB
2023-02-08T19:20:29.981+0000	beacon2.Variants	28.9GB
2023-02-08T19:20:32.996+0000	beacon2.Variants	28.9GB
2023-02-08T19:20:35.978+0000	beacon2.Variants	28.9GB
2023-02-08T19:20:38.977+0000	beacon2.Variants	29.0GB
2023-02-08T19:20:41.978+0000	beacon2.Variants	29.0GB
2023-02-08T19:20:44.977+0000	beacon2.Variants	29.1GB
2023-02-08T19:20:47.984+0000	beacon2.Variants	29.1GB
2023-02-08T19:20:50.980+0000	beacon2.Variants	29.1GB
2023-02-08T19:20:53.977+0000	beacon2.Variants	29.2GB
2023-02-08T19:20:56.976+0000	beacon2.Variants	29.2GB
2023-02-08T19:20:59.978+0000	beacon2.Variants	29.2GB
2023-02-08T19:21:02.976+0000	beacon2.Variants	29.3GB
2023-02-08T19:21:05.976+0000	beacon2.Variants	29.3GB
2023-02-08T19:21:08.991+0000	beacon2.Variants	29.4GB
2023-02-08T19:21:11.985+0000	beacon2.Variants	29.4GB
2023-02-08T19:21:14.982+0000	beacon2.Variants	29.4GB
2023-02-08T19:21:17.980+0000	beacon2.Variants	29.5GB
2023-02-08T19:21:20.987+0000	beacon2.Variants	29.5GB
2023-02-08T19:21:23.986+0000	beacon2.Variants	29.6GB
2023-02-08T19:21:26.978+0000	beacon2.Variants	29.6GB
2023-02-08T19:21:29.978+0000	beacon2.Variants	29.6GB
2023-02-08T19:21:32.989+0000	beacon2.Variants	29.7GB
2023-02-08T19:21:35.986+0000	beacon2.Variants	29.7GB
2023-02-08T19:21:38.987+0000	beacon2.Variants	29.8GB
2023-02-08T19:21:41.977+0000	beacon2.Variants	29.8GB
2023-02-08T19:21:44.976+0000	beacon2.Variants	29.8GB
2023-02-08T19:21:47.979+0000	beacon2.Variants	29.9GB
2023-02-08T19:21:50.979+0000	beacon2.Variants	29.9GB
2023-02-08T19:21:53.979+0000	beacon2.Variants	29.9GB
2023-02-08T19:21:56.976+0000	beacon2.Variants	30.0GB
2023-02-08T19:21:59.980+0000	beacon2.Variants	30.0GB
2023-02-08T19:22:02.978+0000	beacon2.Variants	30.1GB
2023-02-08T19:22:05.977+0000	beacon2.Variants	30.1GB
2023-02-08T19:22:08.976+0000	beacon2.Variants	30.1GB
2023-02-08T19:22:11.977+0000	beacon2.Variants	30.2GB
2023-02-08T19:22:14.978+0000	beacon2.Variants	30.2GB
2023-02-08T19:22:17.977+0000	beacon2.Variants	30.2GB
2023-02-08T19:22:20.985+0000	beacon2.Variants	30.3GB
2023-02-08T19:22:23.981+0000	beacon2.Variants	30.3GB
2023-02-08T19:22:26.983+0000	beacon2.Variants	30.4GB
2023-02-08T19:22:29.979+0000	beacon2.Variants	30.4GB
2023-02-08T19:22:32.980+0000	beacon2.Variants	30.4GB
2023-02-08T19:22:35.979+0000	beacon2.Variants	30.5GB
2023-02-08T19:22:38.981+0000	beacon2.Variants	30.5GB
2023-02-08T19:22:41.976+0000	beacon2.Variants	30.5GB
2023-02-08T19:22:44.976+0000	beacon2.Variants	30.6GB
2023-02-08T19:22:47.977+0000	beacon2.Variants	30.6GB
2023-02-08T19:22:50.977+0000	beacon2.Variants	30.6GB
2023-02-08T19:22:53.981+0000	beacon2.Variants	30.7GB
2023-02-08T19:22:56.992+0000	beacon2.Variants	30.7GB
2023-02-08T19:22:59.977+0000	beacon2.Variants	30.8GB
2023-02-08T19:23:02.978+0000	beacon2.Variants	30.8GB
2023-02-08T19:23:05.977+0000	beacon2.Variants	30.9GB
2023-02-08T19:23:08.998+0000	beacon2.Variants	30.9GB
2023-02-08T19:23:11.977+0000	beacon2.Variants	30.9GB
2023-02-08T19:23:14.976+0000	beacon2.Variants	31.0GB
2023-02-08T19:23:17.978+0000	beacon2.Variants	31.0GB
2023-02-08T19:23:20.977+0000	beacon2.Variants	31.0GB
2023-02-08T19:23:23.978+0000	beacon2.Variants	31.1GB
2023-02-08T19:23:26.977+0000	beacon2.Variants	31.1GB
2023-02-08T19:23:29.976+0000	beacon2.Variants	31.1GB
2023-02-08T19:23:32.980+0000	beacon2.Variants	31.2GB
2023-02-08T19:23:35.976+0000	beacon2.Variants	31.2GB
2023-02-08T19:23:38.977+0000	beacon2.Variants	31.3GB
2023-02-08T19:23:41.977+0000	beacon2.Variants	31.3GB
2023-02-08T19:23:44.978+0000	beacon2.Variants	31.3GB
2023-02-08T19:23:47.995+0000	beacon2.Variants	31.4GB
2023-02-08T19:23:50.977+0000	beacon2.Variants	31.4GB
2023-02-08T19:23:53.977+0000	beacon2.Variants	31.4GB
2023-02-08T19:23:56.976+0000	beacon2.Variants	31.5GB
2023-02-08T19:23:59.978+0000	beacon2.Variants	31.5GB
2023-02-08T19:24:02.977+0000	beacon2.Variants	31.6GB
2023-02-08T19:24:05.976+0000	beacon2.Variants	31.6GB
2023-02-08T19:24:08.977+0000	beacon2.Variants	31.6GB
2023-02-08T19:24:11.979+0000	beacon2.Variants	31.7GB
2023-02-08T19:24:14.977+0000	beacon2.Variants	31.7GB
2023-02-08T19:24:17.983+0000	beacon2.Variants	31.8GB
2023-02-08T19:24:20.981+0000	beacon2.Variants	31.8GB
2023-02-08T19:24:23.981+0000	beacon2.Variants	31.8GB
2023-02-08T19:24:26.982+0000	beacon2.Variants	31.9GB
2023-02-08T19:24:29.977+0000	beacon2.Variants	31.9GB
2023-02-08T19:24:32.979+0000	beacon2.Variants	31.9GB
2023-02-08T19:24:35.981+0000	beacon2.Variants	32.0GB
2023-02-08T19:24:38.976+0000	beacon2.Variants	32.0GB
2023-02-08T19:24:41.988+0000	beacon2.Variants	32.1GB
2023-02-08T19:24:44.984+0000	beacon2.Variants	32.1GB
2023-02-08T19:24:47.976+0000	beacon2.Variants	32.1GB
2023-02-08T19:24:50.978+0000	beacon2.Variants	32.2GB
2023-02-08T19:24:53.980+0000	beacon2.Variants	32.2GB
2023-02-08T19:24:56.977+0000	beacon2.Variants	32.2GB
2023-02-08T19:24:59.984+0000	beacon2.Variants	32.3GB
2023-02-08T19:25:02.985+0000	beacon2.Variants	32.3GB
2023-02-08T19:25:05.988+0000	beacon2.Variants	32.4GB
2023-02-08T19:25:08.978+0000	beacon2.Variants	32.4GB
2023-02-08T19:25:11.984+0000	beacon2.Variants	32.4GB
2023-02-08T19:25:14.976+0000	beacon2.Variants	32.5GB
2023-02-08T19:25:17.988+0000	beacon2.Variants	32.5GB
2023-02-08T19:25:20.980+0000	beacon2.Variants	32.5GB
2023-02-08T19:25:23.982+0000	beacon2.Variants	32.6GB
2023-02-08T19:25:26.977+0000	beacon2.Variants	32.6GB
2023-02-08T19:25:29.978+0000	beacon2.Variants	32.7GB
2023-02-08T19:25:32.977+0000	beacon2.Variants	32.7GB
2023-02-08T19:25:35.980+0000	beacon2.Variants	32.7GB
2023-02-08T19:25:38.982+0000	beacon2.Variants	32.8GB
2023-02-08T19:25:41.979+0000	beacon2.Variants	32.8GB
2023-02-08T19:25:44.985+0000	beacon2.Variants	32.9GB
2023-02-08T19:25:47.984+0000	beacon2.Variants	32.9GB
2023-02-08T19:25:50.977+0000	beacon2.Variants	32.9GB
2023-02-08T19:25:53.976+0000	beacon2.Variants	33.0GB
2023-02-08T19:25:56.978+0000	beacon2.Variants	33.0GB
2023-02-08T19:25:59.979+0000	beacon2.Variants	33.0GB
2023-02-08T19:26:02.984+0000	beacon2.Variants	33.1GB
2023-02-08T19:26:05.976+0000	beacon2.Variants	33.1GB
2023-02-08T19:26:08.983+0000	beacon2.Variants	33.1GB
2023-02-08T19:26:11.977+0000	beacon2.Variants	33.2GB
2023-02-08T19:26:14.980+0000	beacon2.Variants	33.2GB
2023-02-08T19:26:17.980+0000	beacon2.Variants	33.3GB
2023-02-08T19:26:20.990+0000	beacon2.Variants	33.3GB
2023-02-08T19:26:23.981+0000	beacon2.Variants	33.3GB
2023-02-08T19:26:26.977+0000	beacon2.Variants	33.4GB
2023-02-08T19:26:29.983+0000	beacon2.Variants	33.4GB
2023-02-08T19:26:32.989+0000	beacon2.Variants	33.5GB
2023-02-08T19:26:35.977+0000	beacon2.Variants	33.5GB
2023-02-08T19:26:38.976+0000	beacon2.Variants	33.5GB
2023-02-08T19:26:41.976+0000	beacon2.Variants	33.6GB
2023-02-08T19:26:44.977+0000	beacon2.Variants	33.6GB
2023-02-08T19:26:47.977+0000	beacon2.Variants	33.6GB
2023-02-08T19:26:50.981+0000	beacon2.Variants	33.7GB
2023-02-08T19:26:53.984+0000	beacon2.Variants	33.7GB
2023-02-08T19:26:56.976+0000	beacon2.Variants	33.8GB
2023-02-08T19:26:59.983+0000	beacon2.Variants	33.8GB
2023-02-08T19:27:02.977+0000	beacon2.Variants	33.8GB
2023-02-08T19:27:05.976+0000	beacon2.Variants	33.9GB
2023-02-08T19:27:08.989+0000	beacon2.Variants	33.9GB
2023-02-08T19:27:11.978+0000	beacon2.Variants	34.0GB
2023-02-08T19:27:14.976+0000	beacon2.Variants	34.0GB
2023-02-08T19:27:17.977+0000	beacon2.Variants	34.0GB
2023-02-08T19:27:20.980+0000	beacon2.Variants	34.1GB
2023-02-08T19:27:23.992+0000	beacon2.Variants	34.1GB
2023-02-08T19:27:26.977+0000	beacon2.Variants	34.1GB
2023-02-08T19:27:29.977+0000	beacon2.Variants	34.2GB
2023-02-08T19:27:32.977+0000	beacon2.Variants	34.2GB
2023-02-08T19:27:35.977+0000	beacon2.Variants	34.2GB
2023-02-08T19:27:38.983+0000	beacon2.Variants	34.3GB
2023-02-08T19:27:41.977+0000	beacon2.Variants	34.3GB
2023-02-08T19:27:44.976+0000	beacon2.Variants	34.4GB
2023-02-08T19:27:47.978+0000	beacon2.Variants	34.4GB
2023-02-08T19:27:50.979+0000	beacon2.Variants	34.4GB
2023-02-08T19:27:53.979+0000	beacon2.Variants	34.5GB
2023-02-08T19:27:56.977+0000	beacon2.Variants	34.5GB
2023-02-08T19:27:59.977+0000	beacon2.Variants	34.6GB
2023-02-08T19:28:02.982+0000	beacon2.Variants	34.6GB
2023-02-08T19:28:05.976+0000	beacon2.Variants	34.6GB
2023-02-08T19:28:08.988+0000	beacon2.Variants	34.7GB
2023-02-08T19:28:11.988+0000	beacon2.Variants	34.7GB
2023-02-08T19:28:14.983+0000	beacon2.Variants	34.8GB
2023-02-08T19:28:17.980+0000	beacon2.Variants	34.8GB
2023-02-08T19:28:20.979+0000	beacon2.Variants	34.8GB
2023-02-08T19:28:23.977+0000	beacon2.Variants	34.9GB
2023-02-08T19:28:26.977+0000	beacon2.Variants	34.9GB
2023-02-08T19:28:29.976+0000	beacon2.Variants	34.9GB
2023-02-08T19:28:32.976+0000	beacon2.Variants	35.0GB
2023-02-08T19:28:35.981+0000	beacon2.Variants	35.0GB
2023-02-08T19:28:38.994+0000	beacon2.Variants	35.0GB
2023-02-08T19:28:41.979+0000	beacon2.Variants	35.1GB
2023-02-08T19:28:44.980+0000	beacon2.Variants	35.1GB
2023-02-08T19:28:47.981+0000	beacon2.Variants	35.2GB
2023-02-08T19:28:50.984+0000	beacon2.Variants	35.2GB
2023-02-08T19:28:53.977+0000	beacon2.Variants	35.2GB
2023-02-08T19:28:56.980+0000	beacon2.Variants	35.3GB
2023-02-08T19:28:59.980+0000	beacon2.Variants	35.3GB
2023-02-08T19:29:02.976+0000	beacon2.Variants	35.4GB
2023-02-08T19:29:05.982+0000	beacon2.Variants	35.4GB
2023-02-08T19:29:08.977+0000	beacon2.Variants	35.4GB
2023-02-08T19:29:11.976+0000	beacon2.Variants	35.5GB
2023-02-08T19:29:14.981+0000	beacon2.Variants	35.5GB
2023-02-08T19:29:17.980+0000	beacon2.Variants	35.5GB
2023-02-08T19:29:20.981+0000	beacon2.Variants	35.6GB
2023-02-08T19:29:23.985+0000	beacon2.Variants	35.6GB
2023-02-08T19:29:26.976+0000	beacon2.Variants	35.6GB
2023-02-08T19:29:29.977+0000	beacon2.Variants	35.7GB
2023-02-08T19:29:32.981+0000	beacon2.Variants	35.7GB
2023-02-08T19:29:35.980+0000	beacon2.Variants	35.8GB
2023-02-08T19:29:38.980+0000	beacon2.Variants	35.8GB
2023-02-08T19:29:41.980+0000	beacon2.Variants	35.8GB
2023-02-08T19:29:44.977+0000	beacon2.Variants	35.9GB
2023-02-08T19:29:47.978+0000	beacon2.Variants	35.9GB
2023-02-08T19:29:50.987+0000	beacon2.Variants	36.0GB
2023-02-08T19:29:53.984+0000	beacon2.Variants	36.0GB
2023-02-08T19:29:56.976+0000	beacon2.Variants	36.0GB
2023-02-08T19:29:59.977+0000	beacon2.Variants	36.1GB
2023-02-08T19:30:02.977+0000	beacon2.Variants	36.1GB
2023-02-08T19:30:05.976+0000	beacon2.Variants	36.1GB
2023-02-08T19:30:08.978+0000	beacon2.Variants	36.2GB
2023-02-08T19:30:11.977+0000	beacon2.Variants	36.2GB
2023-02-08T19:30:14.980+0000	beacon2.Variants	36.3GB
2023-02-08T19:30:17.983+0000	beacon2.Variants	36.3GB
2023-02-08T19:30:20.981+0000	beacon2.Variants	36.3GB
2023-02-08T19:30:23.983+0000	beacon2.Variants	36.4GB
2023-02-08T19:30:26.976+0000	beacon2.Variants	36.4GB
2023-02-08T19:30:29.976+0000	beacon2.Variants	36.5GB
2023-02-08T19:30:32.976+0000	beacon2.Variants	36.5GB
2023-02-08T19:30:35.986+0000	beacon2.Variants	36.5GB
2023-02-08T19:30:38.979+0000	beacon2.Variants	36.6GB
2023-02-08T19:30:41.983+0000	beacon2.Variants	36.6GB
2023-02-08T19:30:44.981+0000	beacon2.Variants	36.6GB
2023-02-08T19:30:47.977+0000	beacon2.Variants	36.7GB
2023-02-08T19:30:50.981+0000	beacon2.Variants	36.7GB
2023-02-08T19:30:53.976+0000	beacon2.Variants	36.8GB
2023-02-08T19:30:56.977+0000	beacon2.Variants	36.8GB
2023-02-08T19:30:59.984+0000	beacon2.Variants	36.8GB
2023-02-08T19:31:02.988+0000	beacon2.Variants	36.9GB
2023-02-08T19:31:05.976+0000	beacon2.Variants	36.9GB
2023-02-08T19:31:08.986+0000	beacon2.Variants	36.9GB
2023-02-08T19:31:11.981+0000	beacon2.Variants	37.0GB
2023-02-08T19:31:14.986+0000	beacon2.Variants	37.0GB
2023-02-08T19:31:17.979+0000	beacon2.Variants	37.1GB
2023-02-08T19:31:20.978+0000	beacon2.Variants	37.1GB
2023-02-08T19:31:23.977+0000	beacon2.Variants	37.1GB
2023-02-08T19:31:26.977+0000	beacon2.Variants	37.2GB
2023-02-08T19:31:29.986+0000	beacon2.Variants	37.2GB
2023-02-08T19:31:32.985+0000	beacon2.Variants	37.2GB
2023-02-08T19:31:35.980+0000	beacon2.Variants	37.3GB
2023-02-08T19:31:38.976+0000	beacon2.Variants	37.3GB
2023-02-08T19:31:41.980+0000	beacon2.Variants	37.4GB
2023-02-08T19:31:44.984+0000	beacon2.Variants	37.4GB
2023-02-08T19:31:47.983+0000	beacon2.Variants	37.4GB
2023-02-08T19:31:50.985+0000	beacon2.Variants	37.5GB
2023-02-08T19:31:53.976+0000	beacon2.Variants	37.5GB
2023-02-08T19:31:56.981+0000	beacon2.Variants	37.5GB
2023-02-08T19:31:59.977+0000	beacon2.Variants	37.6GB
2023-02-08T19:32:02.981+0000	beacon2.Variants	37.6GB
2023-02-08T19:32:05.976+0000	beacon2.Variants	37.7GB
2023-02-08T19:32:08.979+0000	beacon2.Variants	37.7GB
2023-02-08T19:32:11.976+0000	beacon2.Variants	37.7GB
2023-02-08T19:32:14.988+0000	beacon2.Variants	37.8GB
2023-02-08T19:32:17.978+0000	beacon2.Variants	37.8GB
2023-02-08T19:32:20.986+0000	beacon2.Variants	37.9GB
2023-02-08T19:32:23.981+0000	beacon2.Variants	37.9GB
2023-02-08T19:32:26.978+0000	beacon2.Variants	37.9GB
2023-02-08T19:32:29.978+0000	beacon2.Variants	38.0GB
2023-02-08T19:32:32.977+0000	beacon2.Variants	38.0GB
2023-02-08T19:32:35.976+0000	beacon2.Variants	38.0GB
2023-02-08T19:32:38.979+0000	beacon2.Variants	38.1GB
2023-02-08T19:32:41.980+0000	beacon2.Variants	38.1GB
2023-02-08T19:32:44.983+0000	beacon2.Variants	38.2GB
2023-02-08T19:32:47.977+0000	beacon2.Variants	38.2GB
2023-02-08T19:32:50.983+0000	beacon2.Variants	38.2GB
2023-02-08T19:32:53.976+0000	beacon2.Variants	38.3GB
2023-02-08T19:32:56.980+0000	beacon2.Variants	38.3GB
2023-02-08T19:32:59.976+0000	beacon2.Variants	38.4GB
2023-02-08T19:33:02.979+0000	beacon2.Variants	38.4GB
2023-02-08T19:33:05.978+0000	beacon2.Variants	38.4GB
2023-02-08T19:33:08.978+0000	beacon2.Variants	38.5GB
2023-02-08T19:33:11.977+0000	beacon2.Variants	38.5GB
2023-02-08T19:33:14.987+0000	beacon2.Variants	38.5GB
2023-02-08T19:33:17.981+0000	beacon2.Variants	38.6GB
2023-02-08T19:33:20.977+0000	beacon2.Variants	38.6GB
2023-02-08T19:33:23.977+0000	beacon2.Variants	38.6GB
2023-02-08T19:33:26.977+0000	beacon2.Variants	38.7GB
2023-02-08T19:33:29.982+0000	beacon2.Variants	38.7GB
2023-02-08T19:33:32.978+0000	beacon2.Variants	38.8GB
2023-02-08T19:33:35.980+0000	beacon2.Variants	38.8GB
2023-02-08T19:33:38.980+0000	beacon2.Variants	38.8GB
2023-02-08T19:33:41.981+0000	beacon2.Variants	38.9GB
2023-02-08T19:33:44.976+0000	beacon2.Variants	38.9GB
2023-02-08T19:33:47.978+0000	beacon2.Variants	39.0GB
2023-02-08T19:33:50.984+0000	beacon2.Variants	39.0GB
2023-02-08T19:33:53.985+0000	beacon2.Variants	39.0GB
2023-02-08T19:33:56.987+0000	beacon2.Variants	39.1GB
2023-02-08T19:33:59.981+0000	beacon2.Variants	39.1GB
2023-02-08T19:34:02.977+0000	beacon2.Variants	39.1GB
2023-02-08T19:34:05.979+0000	beacon2.Variants	39.2GB
2023-02-08T19:34:08.977+0000	beacon2.Variants	39.2GB
2023-02-08T19:34:11.992+0000	beacon2.Variants	39.2GB
2023-02-08T19:34:14.976+0000	beacon2.Variants	39.3GB
2023-02-08T19:34:17.978+0000	beacon2.Variants	39.3GB
2023-02-08T19:34:20.977+0000	beacon2.Variants	39.4GB
2023-02-08T19:34:23.978+0000	beacon2.Variants	39.4GB
2023-02-08T19:34:26.981+0000	beacon2.Variants	39.4GB
2023-02-08T19:34:29.977+0000	beacon2.Variants	39.5GB
2023-02-08T19:34:32.978+0000	beacon2.Variants	39.5GB
2023-02-08T19:34:35.987+0000	beacon2.Variants	39.6GB
2023-02-08T19:34:38.976+0000	beacon2.Variants	39.6GB
2023-02-08T19:34:41.979+0000	beacon2.Variants	39.6GB
2023-02-08T19:34:44.977+0000	beacon2.Variants	39.7GB
2023-02-08T19:34:47.977+0000	beacon2.Variants	39.7GB
2023-02-08T19:34:50.977+0000	beacon2.Variants	39.8GB
2023-02-08T19:34:53.976+0000	beacon2.Variants	39.8GB
2023-02-08T19:34:56.983+0000	beacon2.Variants	39.8GB
2023-02-08T19:34:59.981+0000	beacon2.Variants	39.9GB
2023-02-08T19:35:02.992+0000	beacon2.Variants	39.9GB
2023-02-08T19:35:05.986+0000	beacon2.Variants	39.9GB
2023-02-08T19:35:08.977+0000	beacon2.Variants	40.0GB
2023-02-08T19:35:11.976+0000	beacon2.Variants	40.0GB
2023-02-08T19:35:14.984+0000	beacon2.Variants	40.0GB
2023-02-08T19:35:17.978+0000	beacon2.Variants	40.1GB
2023-02-08T19:35:20.977+0000	beacon2.Variants	40.1GB
2023-02-08T19:35:23.980+0000	beacon2.Variants	40.2GB
2023-02-08T19:35:26.979+0000	beacon2.Variants	40.2GB
2023-02-08T19:35:29.977+0000	beacon2.Variants	40.2GB
2023-02-08T19:35:32.983+0000	beacon2.Variants	40.3GB
2023-02-08T19:35:35.979+0000	beacon2.Variants	40.3GB
2023-02-08T19:35:38.997+0000	beacon2.Variants	40.4GB
2023-02-08T19:35:41.997+0000	beacon2.Variants	40.4GB
2023-02-08T19:35:44.996+0000	beacon2.Variants	40.4GB
2023-02-08T19:35:47.977+0000	beacon2.Variants	40.5GB
2023-02-08T19:35:50.985+0000	beacon2.Variants	40.5GB
2023-02-08T19:35:53.976+0000	beacon2.Variants	40.5GB
2023-02-08T19:35:56.976+0000	beacon2.Variants	40.6GB
2023-02-08T19:35:59.976+0000	beacon2.Variants	40.6GB
2023-02-08T19:36:02.977+0000	beacon2.Variants	40.7GB
2023-02-08T19:36:05.986+0000	beacon2.Variants	40.7GB
2023-02-08T19:36:08.977+0000	beacon2.Variants	40.7GB
2023-02-08T19:36:11.986+0000	beacon2.Variants	40.8GB
2023-02-08T19:36:14.977+0000	beacon2.Variants	40.8GB
2023-02-08T19:36:17.979+0000	beacon2.Variants	40.9GB
2023-02-08T19:36:20.977+0000	beacon2.Variants	40.9GB
2023-02-08T19:36:23.979+0000	beacon2.Variants	40.9GB
2023-02-08T19:36:26.988+0000	beacon2.Variants	41.0GB
2023-02-08T19:36:29.984+0000	beacon2.Variants	41.0GB
2023-02-08T19:36:32.985+0000	beacon2.Variants	41.0GB
2023-02-08T19:36:35.987+0000	beacon2.Variants	41.1GB
2023-02-08T19:36:38.983+0000	beacon2.Variants	41.1GB
2023-02-08T19:36:41.976+0000	beacon2.Variants	41.1GB
2023-02-08T19:36:44.976+0000	beacon2.Variants	41.2GB
2023-02-08T19:36:47.981+0000	beacon2.Variants	41.2GB
2023-02-08T19:36:50.979+0000	beacon2.Variants	41.3GB
2023-02-08T19:36:53.978+0000	beacon2.Variants	41.3GB
2023-02-08T19:36:56.981+0000	beacon2.Variants	41.3GB
2023-02-08T19:36:59.990+0000	beacon2.Variants	41.4GB
2023-02-08T19:37:02.976+0000	beacon2.Variants	41.4GB
2023-02-08T19:37:05.982+0000	beacon2.Variants	41.5GB
2023-02-08T19:37:08.976+0000	beacon2.Variants	41.5GB
2023-02-08T19:37:11.976+0000	beacon2.Variants	41.5GB
2023-02-08T19:37:14.985+0000	beacon2.Variants	41.6GB
2023-02-08T19:37:17.976+0000	beacon2.Variants	41.6GB
2023-02-08T19:37:20.976+0000	beacon2.Variants	41.6GB
2023-02-08T19:37:23.977+0000	beacon2.Variants	41.7GB
2023-02-08T19:37:26.980+0000	beacon2.Variants	41.7GB
2023-02-08T19:37:29.981+0000	beacon2.Variants	41.8GB
2023-02-08T19:37:32.977+0000	beacon2.Variants	41.8GB
2023-02-08T19:37:35.979+0000	beacon2.Variants	41.8GB
2023-02-08T19:37:38.977+0000	beacon2.Variants	41.9GB
2023-02-08T19:37:41.976+0000	beacon2.Variants	41.9GB
2023-02-08T19:37:44.976+0000	beacon2.Variants	42.0GB
2023-02-08T19:37:47.976+0000	beacon2.Variants	42.0GB
2023-02-08T19:37:50.984+0000	beacon2.Variants	42.0GB
2023-02-08T19:37:53.977+0000	beacon2.Variants	42.1GB
2023-02-08T19:37:56.983+0000	beacon2.Variants	42.1GB
2023-02-08T19:37:59.980+0000	beacon2.Variants	42.1GB
2023-02-08T19:38:02.977+0000	beacon2.Variants	42.2GB
2023-02-08T19:38:05.992+0000	beacon2.Variants	42.2GB
2023-02-08T19:38:08.981+0000	beacon2.Variants	42.3GB
2023-02-08T19:38:11.976+0000	beacon2.Variants	42.3GB
2023-02-08T19:38:14.976+0000	beacon2.Variants	42.3GB
2023-02-08T19:38:17.977+0000	beacon2.Variants	42.4GB
2023-02-08T19:38:20.989+0000	beacon2.Variants	42.4GB
2023-02-08T19:38:23.984+0000	beacon2.Variants	42.5GB
2023-02-08T19:38:26.976+0000	beacon2.Variants	42.5GB
2023-02-08T19:38:29.978+0000	beacon2.Variants	42.5GB
2023-02-08T19:38:32.977+0000	beacon2.Variants	42.6GB
2023-02-08T19:38:35.978+0000	beacon2.Variants	42.6GB
2023-02-08T19:38:38.977+0000	beacon2.Variants	42.6GB
2023-02-08T19:38:41.983+0000	beacon2.Variants	42.7GB
2023-02-08T19:38:44.978+0000	beacon2.Variants	42.7GB
2023-02-08T19:38:47.979+0000	beacon2.Variants	42.8GB
2023-02-08T19:38:50.976+0000	beacon2.Variants	42.8GB
2023-02-08T19:38:53.977+0000	beacon2.Variants	42.8GB
2023-02-08T19:38:56.982+0000	beacon2.Variants	42.9GB
2023-02-08T19:38:59.980+0000	beacon2.Variants	42.9GB
2023-02-08T19:39:02.976+0000	beacon2.Variants	42.9GB
2023-02-08T19:39:05.987+0000	beacon2.Variants	43.0GB
2023-02-08T19:39:08.977+0000	beacon2.Variants	43.0GB
2023-02-08T19:39:11.977+0000	beacon2.Variants	43.0GB
2023-02-08T19:39:14.978+0000	beacon2.Variants	43.1GB
2023-02-08T19:39:17.982+0000	beacon2.Variants	43.1GB
2023-02-08T19:39:20.977+0000	beacon2.Variants	43.2GB
2023-02-08T19:39:23.977+0000	beacon2.Variants	43.2GB
2023-02-08T19:39:26.987+0000	beacon2.Variants	43.2GB
2023-02-08T19:39:29.976+0000	beacon2.Variants	43.3GB
2023-02-08T19:39:32.978+0000	beacon2.Variants	43.3GB
2023-02-08T19:39:35.976+0000	beacon2.Variants	43.4GB
2023-02-08T19:39:38.976+0000	beacon2.Variants	43.4GB
2023-02-08T19:39:41.980+0000	beacon2.Variants	43.4GB
2023-02-08T19:39:44.979+0000	beacon2.Variants	43.5GB
2023-02-08T19:39:47.978+0000	beacon2.Variants	43.5GB
2023-02-08T19:39:50.990+0000	beacon2.Variants	43.5GB
2023-02-08T19:39:53.990+0000	beacon2.Variants	43.6GB
2023-02-08T19:39:56.976+0000	beacon2.Variants	43.6GB
2023-02-08T19:39:59.976+0000	beacon2.Variants	43.6GB
2023-02-08T19:40:02.977+0000	beacon2.Variants	43.7GB
2023-02-08T19:40:05.981+0000	beacon2.Variants	43.7GB
2023-02-08T19:40:08.976+0000	beacon2.Variants	43.8GB
2023-02-08T19:40:11.976+0000	beacon2.Variants	43.8GB
2023-02-08T19:40:14.986+0000	beacon2.Variants	43.8GB
2023-02-08T19:40:17.977+0000	beacon2.Variants	43.9GB
2023-02-08T19:40:20.978+0000	beacon2.Variants	43.9GB
2023-02-08T19:40:23.976+0000	beacon2.Variants	44.0GB
2023-02-08T19:40:26.984+0000	beacon2.Variants	44.0GB
2023-02-08T19:40:29.981+0000	beacon2.Variants	44.0GB
2023-02-08T19:40:32.983+0000	beacon2.Variants	44.1GB
2023-02-08T19:40:35.981+0000	beacon2.Variants	44.1GB
2023-02-08T19:40:38.979+0000	beacon2.Variants	44.1GB
2023-02-08T19:40:41.981+0000	beacon2.Variants	44.2GB
2023-02-08T19:40:44.977+0000	beacon2.Variants	44.2GB
2023-02-08T19:40:47.976+0000	beacon2.Variants	44.3GB
2023-02-08T19:40:50.977+0000	beacon2.Variants	44.3GB
2023-02-08T19:40:53.979+0000	beacon2.Variants	44.3GB
2023-02-08T19:40:56.982+0000	beacon2.Variants	44.4GB
2023-02-08T19:40:59.996+0000	beacon2.Variants	44.4GB
2023-02-08T19:41:02.986+0000	beacon2.Variants	44.5GB
2023-02-08T19:41:05.980+0000	beacon2.Variants	44.5GB
2023-02-08T19:41:08.976+0000	beacon2.Variants	44.5GB
2023-02-08T19:41:11.976+0000	beacon2.Variants	44.6GB
2023-02-08T19:41:14.978+0000	beacon2.Variants	44.6GB
2023-02-08T19:41:17.993+0000	beacon2.Variants	44.6GB
2023-02-08T19:41:20.983+0000	beacon2.Variants	44.7GB
2023-02-08T19:41:23.977+0000	beacon2.Variants	44.7GB
2023-02-08T19:41:26.980+0000	beacon2.Variants	44.8GB
2023-02-08T19:41:29.978+0000	beacon2.Variants	44.8GB
2023-02-08T19:41:32.977+0000	beacon2.Variants	44.8GB
2023-02-08T19:41:35.979+0000	beacon2.Variants	44.9GB
2023-02-08T19:41:38.981+0000	beacon2.Variants	44.9GB
2023-02-08T19:41:41.984+0000	beacon2.Variants	44.9GB
2023-02-08T19:41:44.976+0000	beacon2.Variants	45.0GB
2023-02-08T19:41:47.989+0000	beacon2.Variants	45.0GB
2023-02-08T19:41:50.979+0000	beacon2.Variants	45.0GB
2023-02-08T19:41:53.999+0000	beacon2.Variants	45.1GB
2023-02-08T19:41:56.982+0000	beacon2.Variants	45.1GB
2023-02-08T19:41:59.979+0000	beacon2.Variants	45.2GB
2023-02-08T19:42:02.976+0000	beacon2.Variants	45.2GB
2023-02-08T19:42:05.981+0000	beacon2.Variants	45.2GB
2023-02-08T19:42:08.981+0000	beacon2.Variants	45.3GB
2023-02-08T19:42:11.976+0000	beacon2.Variants	45.3GB
2023-02-08T19:42:14.981+0000	beacon2.Variants	45.4GB
2023-02-08T19:42:17.977+0000	beacon2.Variants	45.4GB
2023-02-08T19:42:20.980+0000	beacon2.Variants	45.4GB
2023-02-08T19:42:23.976+0000	beacon2.Variants	45.5GB
2023-02-08T19:42:26.977+0000	beacon2.Variants	45.5GB
2023-02-08T19:42:29.977+0000	beacon2.Variants	45.5GB
2023-02-08T19:42:32.976+0000	beacon2.Variants	45.6GB
2023-02-08T19:42:35.976+0000	beacon2.Variants	45.6GB
2023-02-08T19:42:38.980+0000	beacon2.Variants	45.7GB
2023-02-08T19:42:41.978+0000	beacon2.Variants	45.7GB
2023-02-08T19:42:44.979+0000	beacon2.Variants	45.7GB
2023-02-08T19:42:47.983+0000	beacon2.Variants	45.8GB
2023-02-08T19:42:50.977+0000	beacon2.Variants	45.8GB
2023-02-08T19:42:53.983+0000	beacon2.Variants	45.9GB
2023-02-08T19:42:56.985+0000	beacon2.Variants	45.9GB
2023-02-08T19:42:59.977+0000	beacon2.Variants	45.9GB
2023-02-08T19:43:02.977+0000	beacon2.Variants	46.0GB
2023-02-08T19:43:05.977+0000	beacon2.Variants	46.0GB
2023-02-08T19:43:08.983+0000	beacon2.Variants	46.0GB
2023-02-08T19:43:11.977+0000	beacon2.Variants	46.1GB
2023-02-08T19:43:14.976+0000	beacon2.Variants	46.1GB
2023-02-08T19:43:17.982+0000	beacon2.Variants	46.1GB
2023-02-08T19:43:20.978+0000	beacon2.Variants	46.2GB
2023-02-08T19:43:23.983+0000	beacon2.Variants	46.2GB
2023-02-08T19:43:26.976+0000	beacon2.Variants	46.3GB
2023-02-08T19:43:29.979+0000	beacon2.Variants	46.3GB
2023-02-08T19:43:32.980+0000	beacon2.Variants	46.3GB
2023-02-08T19:43:35.979+0000	beacon2.Variants	46.4GB
2023-02-08T19:43:38.988+0000	beacon2.Variants	46.4GB
2023-02-08T19:43:41.978+0000	beacon2.Variants	46.5GB
2023-02-08T19:43:44.976+0000	beacon2.Variants	46.5GB
2023-02-08T19:43:47.977+0000	beacon2.Variants	46.5GB
2023-02-08T19:43:50.982+0000	beacon2.Variants	46.6GB
2023-02-08T19:43:53.977+0000	beacon2.Variants	46.6GB
2023-02-08T19:43:56.982+0000	beacon2.Variants	46.6GB
2023-02-08T19:43:59.976+0000	beacon2.Variants	46.7GB
2023-02-08T19:44:02.981+0000	beacon2.Variants	46.7GB
2023-02-08T19:44:05.979+0000	beacon2.Variants	46.8GB
2023-02-08T19:44:08.977+0000	beacon2.Variants	46.8GB
2023-02-08T19:44:11.977+0000	beacon2.Variants	46.8GB
2023-02-08T19:44:14.984+0000	beacon2.Variants	46.9GB
2023-02-08T19:44:17.986+0000	beacon2.Variants	46.9GB
2023-02-08T19:44:20.985+0000	beacon2.Variants	46.9GB
2023-02-08T19:44:23.985+0000	beacon2.Variants	47.0GB
2023-02-08T19:44:26.979+0000	beacon2.Variants	47.0GB
2023-02-08T19:44:29.979+0000	beacon2.Variants	47.1GB
2023-02-08T19:44:32.977+0000	beacon2.Variants	47.1GB
2023-02-08T19:44:35.977+0000	beacon2.Variants	47.1GB
2023-02-08T19:44:38.983+0000	beacon2.Variants	47.2GB
2023-02-08T19:44:41.985+0000	beacon2.Variants	47.2GB
2023-02-08T19:44:44.991+0000	beacon2.Variants	47.2GB
2023-02-08T19:44:47.983+0000	beacon2.Variants	47.3GB
2023-02-08T19:44:50.976+0000	beacon2.Variants	47.3GB
2023-02-08T19:44:53.976+0000	beacon2.Variants	47.4GB
2023-02-08T19:44:56.976+0000	beacon2.Variants	47.4GB
2023-02-08T19:44:59.976+0000	beacon2.Variants	47.4GB
2023-02-08T19:45:02.976+0000	beacon2.Variants	47.5GB
2023-02-08T19:45:05.979+0000	beacon2.Variants	47.5GB
2023-02-08T19:45:08.977+0000	beacon2.Variants	47.5GB
2023-02-08T19:45:11.976+0000	beacon2.Variants	47.6GB
2023-02-08T19:45:14.976+0000	beacon2.Variants	47.6GB
2023-02-08T19:45:17.985+0000	beacon2.Variants	47.7GB
2023-02-08T19:45:20.981+0000	beacon2.Variants	47.7GB
2023-02-08T19:45:23.984+0000	beacon2.Variants	47.7GB
2023-02-08T19:45:26.978+0000	beacon2.Variants	47.8GB
2023-02-08T19:45:29.977+0000	beacon2.Variants	47.8GB
2023-02-08T19:45:32.992+0000	beacon2.Variants	47.9GB
2023-02-08T19:45:35.983+0000	beacon2.Variants	47.9GB
2023-02-08T19:45:38.982+0000	beacon2.Variants	47.9GB
2023-02-08T19:45:41.982+0000	beacon2.Variants	48.0GB
2023-02-08T19:45:44.977+0000	beacon2.Variants	48.0GB
2023-02-08T19:45:47.979+0000	beacon2.Variants	48.0GB
2023-02-08T19:45:50.977+0000	beacon2.Variants	48.1GB
2023-02-08T19:45:53.976+0000	beacon2.Variants	48.1GB
2023-02-08T19:45:56.977+0000	beacon2.Variants	48.1GB
2023-02-08T19:45:59.976+0000	beacon2.Variants	48.2GB
2023-02-08T19:46:02.977+0000	beacon2.Variants	48.2GB
2023-02-08T19:46:05.986+0000	beacon2.Variants	48.3GB
2023-02-08T19:46:08.988+0000	beacon2.Variants	48.3GB
2023-02-08T19:46:11.981+0000	beacon2.Variants	48.3GB
2023-02-08T19:46:14.984+0000	beacon2.Variants	48.4GB
2023-02-08T19:46:17.977+0000	beacon2.Variants	48.4GB
2023-02-08T19:46:20.978+0000	beacon2.Variants	48.5GB
2023-02-08T19:46:23.978+0000	beacon2.Variants	48.5GB
2023-02-08T19:46:26.981+0000	beacon2.Variants	48.5GB
2023-02-08T19:46:29.976+0000	beacon2.Variants	48.6GB
2023-02-08T19:46:32.977+0000	beacon2.Variants	48.6GB
2023-02-08T19:46:35.976+0000	beacon2.Variants	48.6GB
2023-02-08T19:46:38.976+0000	beacon2.Variants	48.7GB
2023-02-08T19:46:41.977+0000	beacon2.Variants	48.7GB
2023-02-08T19:46:44.989+0000	beacon2.Variants	48.8GB
2023-02-08T19:46:47.980+0000	beacon2.Variants	48.8GB
2023-02-08T19:46:50.983+0000	beacon2.Variants	48.8GB
2023-02-08T19:46:53.983+0000	beacon2.Variants	48.9GB
2023-02-08T19:46:56.976+0000	beacon2.Variants	48.9GB
2023-02-08T19:46:59.979+0000	beacon2.Variants	48.9GB
2023-02-08T19:47:02.978+0000	beacon2.Variants	49.0GB
2023-02-08T19:47:05.976+0000	beacon2.Variants	49.0GB
2023-02-08T19:47:08.983+0000	beacon2.Variants	49.0GB
2023-02-08T19:47:11.977+0000	beacon2.Variants	49.1GB
2023-02-08T19:47:14.979+0000	beacon2.Variants	49.1GB
2023-02-08T19:47:17.979+0000	beacon2.Variants	49.2GB
2023-02-08T19:47:20.985+0000	beacon2.Variants	49.2GB
2023-02-08T19:47:23.977+0000	beacon2.Variants	49.2GB
2023-02-08T19:47:26.978+0000	beacon2.Variants	49.3GB
2023-02-08T19:47:29.978+0000	beacon2.Variants	49.3GB
2023-02-08T19:47:32.977+0000	beacon2.Variants	49.4GB
2023-02-08T19:47:35.978+0000	beacon2.Variants	49.4GB
2023-02-08T19:47:38.978+0000	beacon2.Variants	49.4GB
2023-02-08T19:47:41.977+0000	beacon2.Variants	49.5GB
2023-02-08T19:47:44.976+0000	beacon2.Variants	49.5GB
2023-02-08T19:47:47.977+0000	beacon2.Variants	49.5GB
2023-02-08T19:47:50.993+0000	beacon2.Variants	49.6GB
2023-02-08T19:47:53.977+0000	beacon2.Variants	49.6GB
2023-02-08T19:47:56.988+0000	beacon2.Variants	49.7GB
2023-02-08T19:47:59.977+0000	beacon2.Variants	49.7GB
2023-02-08T19:48:02.981+0000	beacon2.Variants	49.7GB
2023-02-08T19:48:05.976+0000	beacon2.Variants	49.8GB
2023-02-08T19:48:08.987+0000	beacon2.Variants	49.8GB
2023-02-08T19:48:11.978+0000	beacon2.Variants	49.9GB
2023-02-08T19:48:14.987+0000	beacon2.Variants	49.9GB
2023-02-08T19:48:17.976+0000	beacon2.Variants	49.9GB
2023-02-08T19:48:20.981+0000	beacon2.Variants	50.0GB
2023-02-08T19:48:23.978+0000	beacon2.Variants	50.0GB
2023-02-08T19:48:26.977+0000	beacon2.Variants	50.0GB
2023-02-08T19:48:29.978+0000	beacon2.Variants	50.1GB
2023-02-08T19:48:32.976+0000	beacon2.Variants	50.1GB
2023-02-08T19:48:35.979+0000	beacon2.Variants	50.2GB
2023-02-08T19:48:38.988+0000	beacon2.Variants	50.2GB
2023-02-08T19:48:41.978+0000	beacon2.Variants	50.2GB
2023-02-08T19:48:44.980+0000	beacon2.Variants	50.3GB
2023-02-08T19:48:47.980+0000	beacon2.Variants	50.3GB
2023-02-08T19:48:50.976+0000	beacon2.Variants	50.4GB
2023-02-08T19:48:53.977+0000	beacon2.Variants	50.4GB
2023-02-08T19:48:56.977+0000	beacon2.Variants	50.4GB
2023-02-08T19:48:59.976+0000	beacon2.Variants	50.5GB
2023-02-08T19:49:02.976+0000	beacon2.Variants	50.5GB
2023-02-08T19:49:05.977+0000	beacon2.Variants	50.5GB
2023-02-08T19:49:08.984+0000	beacon2.Variants	50.6GB
2023-02-08T19:49:11.977+0000	beacon2.Variants	50.6GB
2023-02-08T19:49:14.976+0000	beacon2.Variants	50.6GB
2023-02-08T19:49:17.983+0000	beacon2.Variants	50.7GB
2023-02-08T19:49:20.982+0000	beacon2.Variants	50.7GB
2023-02-08T19:49:23.977+0000	beacon2.Variants	50.8GB
2023-02-08T19:49:26.976+0000	beacon2.Variants	50.8GB
2023-02-08T19:49:29.981+0000	beacon2.Variants	50.8GB
2023-02-08T19:49:32.979+0000	beacon2.Variants	50.9GB
2023-02-08T19:49:35.976+0000	beacon2.Variants	50.9GB
2023-02-08T19:49:38.988+0000	beacon2.Variants	51.0GB
2023-02-08T19:49:41.976+0000	beacon2.Variants	51.0GB
2023-02-08T19:49:44.977+0000	beacon2.Variants	51.0GB
2023-02-08T19:49:47.979+0000	beacon2.Variants	51.1GB
2023-02-08T19:49:50.986+0000	beacon2.Variants	51.1GB
2023-02-08T19:49:53.983+0000	beacon2.Variants	51.1GB
2023-02-08T19:49:56.978+0000	beacon2.Variants	51.2GB
2023-02-08T19:49:59.989+0000	beacon2.Variants	51.2GB
2023-02-08T19:50:02.979+0000	beacon2.Variants	51.3GB
2023-02-08T19:50:05.976+0000	beacon2.Variants	51.3GB
2023-02-08T19:50:08.977+0000	beacon2.Variants	51.3GB
2023-02-08T19:50:11.976+0000	beacon2.Variants	51.4GB
2023-02-08T19:50:14.979+0000	beacon2.Variants	51.4GB
2023-02-08T19:50:17.980+0000	beacon2.Variants	51.5GB
2023-02-08T19:50:20.978+0000	beacon2.Variants	51.5GB
2023-02-08T19:50:23.976+0000	beacon2.Variants	51.5GB
2023-02-08T19:50:26.976+0000	beacon2.Variants	51.6GB
2023-02-08T19:50:29.976+0000	beacon2.Variants	51.6GB
2023-02-08T19:50:32.980+0000	beacon2.Variants	51.6GB
2023-02-08T19:50:35.978+0000	beacon2.Variants	51.7GB
2023-02-08T19:50:38.992+0000	beacon2.Variants	51.7GB
2023-02-08T19:50:41.987+0000	beacon2.Variants	51.8GB
2023-02-08T19:50:44.976+0000	beacon2.Variants	51.8GB
2023-02-08T19:50:47.977+0000	beacon2.Variants	51.8GB
2023-02-08T19:50:50.977+0000	beacon2.Variants	51.9GB
2023-02-08T19:50:53.986+0000	beacon2.Variants	51.9GB
2023-02-08T19:50:56.978+0000	beacon2.Variants	51.9GB
2023-02-08T19:50:59.979+0000	beacon2.Variants	52.0GB
2023-02-08T19:51:02.983+0000	beacon2.Variants	52.0GB
2023-02-08T19:51:05.977+0000	beacon2.Variants	52.1GB
2023-02-08T19:51:08.980+0000	beacon2.Variants	52.1GB
2023-02-08T19:51:11.979+0000	beacon2.Variants	52.1GB
2023-02-08T19:51:14.978+0000	beacon2.Variants	52.2GB
2023-02-08T19:51:17.976+0000	beacon2.Variants	52.2GB
2023-02-08T19:51:20.976+0000	beacon2.Variants	52.2GB
2023-02-08T19:51:23.988+0000	beacon2.Variants	52.3GB
2023-02-08T19:51:26.980+0000	beacon2.Variants	52.3GB
2023-02-08T19:51:29.976+0000	beacon2.Variants	52.4GB
2023-02-08T19:51:32.983+0000	beacon2.Variants	52.4GB
2023-02-08T19:51:35.987+0000	beacon2.Variants	52.4GB
2023-02-08T19:51:38.982+0000	beacon2.Variants	52.5GB
2023-02-08T19:51:41.977+0000	beacon2.Variants	52.5GB
2023-02-08T19:51:44.977+0000	beacon2.Variants	52.5GB
2023-02-08T19:51:47.976+0000	beacon2.Variants	52.6GB
2023-02-08T19:51:50.977+0000	beacon2.Variants	52.6GB
2023-02-08T19:51:53.980+0000	beacon2.Variants	52.7GB
2023-02-08T19:51:56.976+0000	beacon2.Variants	52.7GB
2023-02-08T19:51:59.978+0000	beacon2.Variants	52.7GB
2023-02-08T19:52:02.981+0000	beacon2.Variants	52.8GB
2023-02-08T19:52:05.983+0000	beacon2.Variants	52.8GB
2023-02-08T19:52:08.978+0000	beacon2.Variants	52.9GB
2023-02-08T19:52:11.977+0000	beacon2.Variants	52.9GB
2023-02-08T19:52:14.977+0000	beacon2.Variants	52.9GB
2023-02-08T19:52:17.978+0000	beacon2.Variants	53.0GB
2023-02-08T19:52:20.981+0000	beacon2.Variants	53.0GB
2023-02-08T19:52:23.977+0000	beacon2.Variants	53.0GB
2023-02-08T19:52:26.985+0000	beacon2.Variants	53.1GB
2023-02-08T19:52:29.977+0000	beacon2.Variants	53.1GB
2023-02-08T19:52:32.980+0000	beacon2.Variants	53.2GB
2023-02-08T19:52:35.985+0000	beacon2.Variants	53.2GB
2023-02-08T19:52:38.977+0000	beacon2.Variants	53.2GB
2023-02-08T19:52:41.988+0000	beacon2.Variants	53.3GB
2023-02-08T19:52:44.978+0000	beacon2.Variants	53.3GB
2023-02-08T19:52:47.978+0000	beacon2.Variants	53.4GB
2023-02-08T19:52:50.977+0000	beacon2.Variants	53.4GB
2023-02-08T19:52:53.978+0000	beacon2.Variants	53.4GB
2023-02-08T19:52:56.978+0000	beacon2.Variants	53.5GB
2023-02-08T19:52:59.978+0000	beacon2.Variants	53.5GB
2023-02-08T19:53:02.980+0000	beacon2.Variants	53.5GB
2023-02-08T19:53:05.977+0000	beacon2.Variants	53.6GB
2023-02-08T19:53:08.983+0000	beacon2.Variants	53.6GB
2023-02-08T19:53:11.979+0000	beacon2.Variants	53.6GB
2023-02-08T19:53:14.982+0000	beacon2.Variants	53.7GB
2023-02-08T19:53:17.976+0000	beacon2.Variants	53.7GB
2023-02-08T19:53:20.979+0000	beacon2.Variants	53.8GB
2023-02-08T19:53:23.981+0000	beacon2.Variants	53.8GB
2023-02-08T19:53:26.978+0000	beacon2.Variants	53.8GB
2023-02-08T19:53:29.978+0000	beacon2.Variants	53.9GB
2023-02-08T19:53:32.978+0000	beacon2.Variants	53.9GB
2023-02-08T19:53:35.976+0000	beacon2.Variants	54.0GB
2023-02-08T19:53:38.987+0000	beacon2.Variants	54.0GB
2023-02-08T19:53:41.978+0000	beacon2.Variants	54.0GB
2023-02-08T19:53:44.977+0000	beacon2.Variants	54.1GB
2023-02-08T19:53:47.995+0000	beacon2.Variants	54.1GB
2023-02-08T19:53:50.982+0000	beacon2.Variants	54.1GB
2023-02-08T19:53:53.983+0000	beacon2.Variants	54.2GB
2023-02-08T19:53:56.981+0000	beacon2.Variants	54.2GB
2023-02-08T19:53:59.979+0000	beacon2.Variants	54.3GB
2023-02-08T19:54:02.981+0000	beacon2.Variants	54.3GB
2023-02-08T19:54:05.980+0000	beacon2.Variants	54.3GB
2023-02-08T19:54:08.988+0000	beacon2.Variants	54.4GB
2023-02-08T19:54:11.976+0000	beacon2.Variants	54.4GB
2023-02-08T19:54:14.979+0000	beacon2.Variants	54.5GB
2023-02-08T19:54:17.982+0000	beacon2.Variants	54.5GB
2023-02-08T19:54:20.976+0000	beacon2.Variants	54.5GB
2023-02-08T19:54:23.981+0000	beacon2.Variants	54.6GB
2023-02-08T19:54:26.984+0000	beacon2.Variants	54.6GB
2023-02-08T19:54:29.981+0000	beacon2.Variants	54.6GB
2023-02-08T19:54:32.992+0000	beacon2.Variants	54.7GB
2023-02-08T19:54:35.982+0000	beacon2.Variants	54.7GB
2023-02-08T19:54:38.985+0000	beacon2.Variants	54.8GB
2023-02-08T19:54:41.977+0000	beacon2.Variants	54.8GB
2023-02-08T19:54:44.977+0000	beacon2.Variants	54.8GB
2023-02-08T19:54:47.979+0000	beacon2.Variants	54.9GB
2023-02-08T19:54:50.982+0000	beacon2.Variants	54.9GB
2023-02-08T19:54:53.977+0000	beacon2.Variants	55.0GB
2023-02-08T19:54:56.978+0000	beacon2.Variants	55.0GB
2023-02-08T19:54:59.988+0000	beacon2.Variants	55.0GB
2023-02-08T19:55:02.986+0000	beacon2.Variants	55.1GB
2023-02-08T19:55:05.985+0000	beacon2.Variants	55.1GB
2023-02-08T19:55:08.976+0000	beacon2.Variants	55.1GB
2023-02-08T19:55:11.977+0000	beacon2.Variants	55.2GB
2023-02-08T19:55:14.979+0000	beacon2.Variants	55.2GB
2023-02-08T19:55:17.988+0000	beacon2.Variants	55.2GB
2023-02-08T19:55:20.977+0000	beacon2.Variants	55.3GB
2023-02-08T19:55:23.976+0000	beacon2.Variants	55.3GB
2023-02-08T19:55:26.984+0000	beacon2.Variants	55.4GB
2023-02-08T19:55:29.976+0000	beacon2.Variants	55.4GB
2023-02-08T19:55:32.978+0000	beacon2.Variants	55.4GB
2023-02-08T19:55:35.989+0000	beacon2.Variants	55.5GB
2023-02-08T19:55:38.979+0000	beacon2.Variants	55.5GB
2023-02-08T19:55:41.977+0000	beacon2.Variants	55.6GB
2023-02-08T19:55:44.982+0000	beacon2.Variants	55.6GB
2023-02-08T19:55:47.981+0000	beacon2.Variants	55.6GB
2023-02-08T19:55:50.978+0000	beacon2.Variants	55.7GB
2023-02-08T19:55:53.976+0000	beacon2.Variants	55.7GB
2023-02-08T19:55:56.977+0000	beacon2.Variants	55.8GB
2023-02-08T19:55:59.978+0000	beacon2.Variants	55.8GB
2023-02-08T19:56:02.979+0000	beacon2.Variants	55.8GB
2023-02-08T19:56:05.987+0000	beacon2.Variants	55.9GB
2023-02-08T19:56:08.983+0000	beacon2.Variants	55.9GB
2023-02-08T19:56:11.977+0000	beacon2.Variants	55.9GB
2023-02-08T19:56:14.977+0000	beacon2.Variants	56.0GB
2023-02-08T19:56:17.992+0000	beacon2.Variants	56.0GB
2023-02-08T19:56:20.978+0000	beacon2.Variants	56.0GB
2023-02-08T19:56:23.979+0000	beacon2.Variants	56.1GB
2023-02-08T19:56:26.976+0000	beacon2.Variants	56.1GB
2023-02-08T19:56:29.981+0000	beacon2.Variants	56.2GB
2023-02-08T19:56:32.988+0000	beacon2.Variants	56.2GB
2023-02-08T19:56:35.978+0000	beacon2.Variants	56.2GB
2023-02-08T19:56:38.977+0000	beacon2.Variants	56.3GB
2023-02-08T19:56:41.978+0000	beacon2.Variants	56.3GB
2023-02-08T19:56:44.979+0000	beacon2.Variants	56.4GB
2023-02-08T19:56:47.976+0000	beacon2.Variants	56.4GB
2023-02-08T19:56:50.993+0000	beacon2.Variants	56.4GB
2023-02-08T19:56:53.978+0000	beacon2.Variants	56.5GB
2023-02-08T19:56:56.976+0000	beacon2.Variants	56.5GB
2023-02-08T19:56:59.978+0000	beacon2.Variants	56.5GB
2023-02-08T19:57:02.986+0000	beacon2.Variants	56.6GB
2023-02-08T19:57:05.976+0000	beacon2.Variants	56.6GB
2023-02-08T19:57:08.976+0000	beacon2.Variants	56.7GB
2023-02-08T19:57:11.981+0000	beacon2.Variants	56.7GB
2023-02-08T19:57:14.976+0000	beacon2.Variants	56.7GB
2023-02-08T19:57:17.978+0000	beacon2.Variants	56.8GB
2023-02-08T19:57:20.983+0000	beacon2.Variants	56.8GB
2023-02-08T19:57:23.980+0000	beacon2.Variants	56.9GB
2023-02-08T19:57:26.985+0000	beacon2.Variants	56.9GB
2023-02-08T19:57:29.980+0000	beacon2.Variants	56.9GB
2023-02-08T19:57:32.981+0000	beacon2.Variants	57.0GB
2023-02-08T19:57:35.980+0000	beacon2.Variants	57.0GB
2023-02-08T19:57:38.981+0000	beacon2.Variants	57.0GB
2023-02-08T19:57:41.979+0000	beacon2.Variants	57.1GB
2023-02-08T19:57:44.976+0000	beacon2.Variants	57.1GB
2023-02-08T19:57:47.984+0000	beacon2.Variants	57.2GB
2023-02-08T19:57:50.977+0000	beacon2.Variants	57.2GB
2023-02-08T19:57:53.977+0000	beacon2.Variants	57.2GB
2023-02-08T19:57:56.978+0000	beacon2.Variants	57.3GB
2023-02-08T19:57:59.985+0000	beacon2.Variants	57.3GB
2023-02-08T19:58:02.979+0000	beacon2.Variants	57.3GB
2023-02-08T19:58:05.979+0000	beacon2.Variants	57.4GB
2023-02-08T19:58:08.977+0000	beacon2.Variants	57.4GB
2023-02-08T19:58:11.976+0000	beacon2.Variants	57.5GB
2023-02-08T19:58:14.984+0000	beacon2.Variants	57.5GB
2023-02-08T19:58:17.983+0000	beacon2.Variants	57.5GB
2023-02-08T19:58:20.978+0000	beacon2.Variants	57.6GB
2023-02-08T19:58:23.977+0000	beacon2.Variants	57.6GB
2023-02-08T19:58:25.331+0000	beacon2.Variants	57.6GB
2023-02-08T19:58:25.331+0000	5047195 document(s) imported successfully. 0 document(s) failed to import.

real	75m49.378s
user	134m57.615s
sys	2m10.219s
