2023-02-08T08:44:37.514+0000	connected to: mongodb://[**REDACTED**]@localhost:27017/beacon2?authSource=admin
2023-02-08T08:44:40.523+0000	beacon2.Variants	38.6MB
2023-02-08T08:44:43.520+0000	beacon2.Variants	76.1MB
2023-02-08T08:44:46.526+0000	beacon2.Variants	116MB
2023-02-08T08:44:49.515+0000	beacon2.Variants	155MB
2023-02-08T08:44:52.515+0000	beacon2.Variants	195MB
2023-02-08T08:44:55.519+0000	beacon2.Variants	234MB
2023-02-08T08:44:58.519+0000	beacon2.Variants	272MB
2023-02-08T08:45:01.518+0000	beacon2.Variants	312MB
2023-02-08T08:45:04.520+0000	beacon2.Variants	350MB
2023-02-08T08:45:07.514+0000	beacon2.Variants	389MB
2023-02-08T08:45:10.514+0000	beacon2.Variants	428MB
2023-02-08T08:45:13.515+0000	beacon2.Variants	467MB
2023-02-08T08:45:16.516+0000	beacon2.Variants	507MB
2023-02-08T08:45:19.515+0000	beacon2.Variants	544MB
2023-02-08T08:45:22.523+0000	beacon2.Variants	582MB
2023-02-08T08:45:25.516+0000	beacon2.Variants	621MB
2023-02-08T08:45:28.519+0000	beacon2.Variants	660MB
2023-02-08T08:45:31.514+0000	beacon2.Variants	698MB
2023-02-08T08:45:34.515+0000	beacon2.Variants	737MB
2023-02-08T08:45:37.514+0000	beacon2.Variants	775MB
2023-02-08T08:45:40.517+0000	beacon2.Variants	814MB
2023-02-08T08:45:43.517+0000	beacon2.Variants	851MB
2023-02-08T08:45:46.515+0000	beacon2.Variants	890MB
2023-02-08T08:45:49.520+0000	beacon2.Variants	929MB
2023-02-08T08:45:52.514+0000	beacon2.Variants	968MB
2023-02-08T08:45:55.517+0000	beacon2.Variants	1008MB
2023-02-08T08:45:58.519+0000	beacon2.Variants	1.02GB
2023-02-08T08:46:01.517+0000	beacon2.Variants	1.06GB
2023-02-08T08:46:04.521+0000	beacon2.Variants	1.10GB
2023-02-08T08:46:07.525+0000	beacon2.Variants	1.14GB
2023-02-08T08:46:10.519+0000	beacon2.Variants	1.17GB
2023-02-08T08:46:13.526+0000	beacon2.Variants	1.21GB
2023-02-08T08:46:16.523+0000	beacon2.Variants	1.25GB
2023-02-08T08:46:19.522+0000	beacon2.Variants	1.29GB
2023-02-08T08:46:22.519+0000	beacon2.Variants	1.33GB
2023-02-08T08:46:25.514+0000	beacon2.Variants	1.36GB
2023-02-08T08:46:28.518+0000	beacon2.Variants	1.40GB
2023-02-08T08:46:31.516+0000	beacon2.Variants	1.44GB
2023-02-08T08:46:34.514+0000	beacon2.Variants	1.48GB
2023-02-08T08:46:37.518+0000	beacon2.Variants	1.51GB
2023-02-08T08:46:40.514+0000	beacon2.Variants	1.55GB
2023-02-08T08:46:43.516+0000	beacon2.Variants	1.59GB
2023-02-08T08:46:46.527+0000	beacon2.Variants	1.63GB
2023-02-08T08:46:49.519+0000	beacon2.Variants	1.67GB
2023-02-08T08:46:52.514+0000	beacon2.Variants	1.70GB
2023-02-08T08:46:55.515+0000	beacon2.Variants	1.74GB
2023-02-08T08:46:58.523+0000	beacon2.Variants	1.78GB
2023-02-08T08:47:01.516+0000	beacon2.Variants	1.82GB
2023-02-08T08:47:04.515+0000	beacon2.Variants	1.85GB
2023-02-08T08:47:07.514+0000	beacon2.Variants	1.89GB
2023-02-08T08:47:10.515+0000	beacon2.Variants	1.93GB
2023-02-08T08:47:13.522+0000	beacon2.Variants	1.97GB
2023-02-08T08:47:16.515+0000	beacon2.Variants	2.01GB
2023-02-08T08:47:19.525+0000	beacon2.Variants	2.04GB
2023-02-08T08:47:22.515+0000	beacon2.Variants	2.08GB
2023-02-08T08:47:25.515+0000	beacon2.Variants	2.12GB
2023-02-08T08:47:28.530+0000	beacon2.Variants	2.16GB
2023-02-08T08:47:31.514+0000	beacon2.Variants	2.19GB
2023-02-08T08:47:34.519+0000	beacon2.Variants	2.23GB
2023-02-08T08:47:37.516+0000	beacon2.Variants	2.27GB
2023-02-08T08:47:40.521+0000	beacon2.Variants	2.31GB
2023-02-08T08:47:43.528+0000	beacon2.Variants	2.34GB
2023-02-08T08:47:46.521+0000	beacon2.Variants	2.38GB
2023-02-08T08:47:49.528+0000	beacon2.Variants	2.42GB
2023-02-08T08:47:52.519+0000	beacon2.Variants	2.46GB
2023-02-08T08:47:55.516+0000	beacon2.Variants	2.50GB
2023-02-08T08:47:58.515+0000	beacon2.Variants	2.53GB
2023-02-08T08:48:01.515+0000	beacon2.Variants	2.57GB
2023-02-08T08:48:04.526+0000	beacon2.Variants	2.61GB
2023-02-08T08:48:07.515+0000	beacon2.Variants	2.65GB
2023-02-08T08:48:10.515+0000	beacon2.Variants	2.69GB
2023-02-08T08:48:13.522+0000	beacon2.Variants	2.73GB
2023-02-08T08:48:16.520+0000	beacon2.Variants	2.76GB
2023-02-08T08:48:19.514+0000	beacon2.Variants	2.80GB
2023-02-08T08:48:22.522+0000	beacon2.Variants	2.84GB
2023-02-08T08:48:25.516+0000	beacon2.Variants	2.88GB
2023-02-08T08:48:28.521+0000	beacon2.Variants	2.92GB
2023-02-08T08:48:31.520+0000	beacon2.Variants	2.96GB
2023-02-08T08:48:34.514+0000	beacon2.Variants	2.99GB
2023-02-08T08:48:37.515+0000	beacon2.Variants	3.03GB
2023-02-08T08:48:40.516+0000	beacon2.Variants	3.07GB
2023-02-08T08:48:43.522+0000	beacon2.Variants	3.11GB
2023-02-08T08:48:46.518+0000	beacon2.Variants	3.15GB
2023-02-08T08:48:49.515+0000	beacon2.Variants	3.18GB
2023-02-08T08:48:52.515+0000	beacon2.Variants	3.22GB
2023-02-08T08:48:55.517+0000	beacon2.Variants	3.26GB
2023-02-08T08:48:58.514+0000	beacon2.Variants	3.30GB
2023-02-08T08:49:01.527+0000	beacon2.Variants	3.34GB
2023-02-08T08:49:04.517+0000	beacon2.Variants	3.37GB
2023-02-08T08:49:07.520+0000	beacon2.Variants	3.41GB
2023-02-08T08:49:10.516+0000	beacon2.Variants	3.45GB
2023-02-08T08:49:13.515+0000	beacon2.Variants	3.49GB
2023-02-08T08:49:16.515+0000	beacon2.Variants	3.53GB
2023-02-08T08:49:19.515+0000	beacon2.Variants	3.56GB
2023-02-08T08:49:22.519+0000	beacon2.Variants	3.60GB
2023-02-08T08:49:25.515+0000	beacon2.Variants	3.64GB
2023-02-08T08:49:28.517+0000	beacon2.Variants	3.68GB
2023-02-08T08:49:31.514+0000	beacon2.Variants	3.72GB
2023-02-08T08:49:34.517+0000	beacon2.Variants	3.75GB
2023-02-08T08:49:37.514+0000	beacon2.Variants	3.79GB
2023-02-08T08:49:40.517+0000	beacon2.Variants	3.83GB
2023-02-08T08:49:43.520+0000	beacon2.Variants	3.87GB
2023-02-08T08:49:46.515+0000	beacon2.Variants	3.90GB
2023-02-08T08:49:49.522+0000	beacon2.Variants	3.94GB
2023-02-08T08:49:52.519+0000	beacon2.Variants	3.98GB
2023-02-08T08:49:55.521+0000	beacon2.Variants	4.02GB
2023-02-08T08:49:58.515+0000	beacon2.Variants	4.06GB
2023-02-08T08:50:01.516+0000	beacon2.Variants	4.09GB
2023-02-08T08:50:04.515+0000	beacon2.Variants	4.13GB
2023-02-08T08:50:07.515+0000	beacon2.Variants	4.17GB
2023-02-08T08:50:10.515+0000	beacon2.Variants	4.21GB
2023-02-08T08:50:13.517+0000	beacon2.Variants	4.24GB
2023-02-08T08:50:16.528+0000	beacon2.Variants	4.28GB
2023-02-08T08:50:19.517+0000	beacon2.Variants	4.32GB
2023-02-08T08:50:22.516+0000	beacon2.Variants	4.36GB
2023-02-08T08:50:25.518+0000	beacon2.Variants	4.39GB
2023-02-08T08:50:28.515+0000	beacon2.Variants	4.43GB
2023-02-08T08:50:31.517+0000	beacon2.Variants	4.47GB
2023-02-08T08:50:34.515+0000	beacon2.Variants	4.51GB
2023-02-08T08:50:37.523+0000	beacon2.Variants	4.55GB
2023-02-08T08:50:40.516+0000	beacon2.Variants	4.58GB
2023-02-08T08:50:43.530+0000	beacon2.Variants	4.62GB
2023-02-08T08:50:46.515+0000	beacon2.Variants	4.66GB
2023-02-08T08:50:49.514+0000	beacon2.Variants	4.70GB
2023-02-08T08:50:52.514+0000	beacon2.Variants	4.73GB
2023-02-08T08:50:55.520+0000	beacon2.Variants	4.77GB
2023-02-08T08:50:58.516+0000	beacon2.Variants	4.81GB
2023-02-08T08:51:01.518+0000	beacon2.Variants	4.85GB
2023-02-08T08:51:04.516+0000	beacon2.Variants	4.89GB
2023-02-08T08:51:07.516+0000	beacon2.Variants	4.92GB
2023-02-08T08:51:10.528+0000	beacon2.Variants	4.96GB
2023-02-08T08:51:13.519+0000	beacon2.Variants	5.00GB
2023-02-08T08:51:16.524+0000	beacon2.Variants	5.04GB
2023-02-08T08:51:19.519+0000	beacon2.Variants	5.08GB
2023-02-08T08:51:22.516+0000	beacon2.Variants	5.11GB
2023-02-08T08:51:25.518+0000	beacon2.Variants	5.15GB
2023-02-08T08:51:28.517+0000	beacon2.Variants	5.19GB
2023-02-08T08:51:31.514+0000	beacon2.Variants	5.23GB
2023-02-08T08:51:34.527+0000	beacon2.Variants	5.27GB
2023-02-08T08:51:37.515+0000	beacon2.Variants	5.30GB
2023-02-08T08:51:40.527+0000	beacon2.Variants	5.34GB
2023-02-08T08:51:43.529+0000	beacon2.Variants	5.38GB
2023-02-08T08:51:46.521+0000	beacon2.Variants	5.42GB
2023-02-08T08:51:49.514+0000	beacon2.Variants	5.45GB
2023-02-08T08:51:52.515+0000	beacon2.Variants	5.49GB
2023-02-08T08:51:55.514+0000	beacon2.Variants	5.53GB
2023-02-08T08:51:58.516+0000	beacon2.Variants	5.57GB
2023-02-08T08:52:01.517+0000	beacon2.Variants	5.61GB
2023-02-08T08:52:04.517+0000	beacon2.Variants	5.65GB
2023-02-08T08:52:07.515+0000	beacon2.Variants	5.68GB
2023-02-08T08:52:10.515+0000	beacon2.Variants	5.72GB
2023-02-08T08:52:13.520+0000	beacon2.Variants	5.76GB
2023-02-08T08:52:16.526+0000	beacon2.Variants	5.80GB
2023-02-08T08:52:19.515+0000	beacon2.Variants	5.84GB
2023-02-08T08:52:22.519+0000	beacon2.Variants	5.88GB
2023-02-08T08:52:25.517+0000	beacon2.Variants	5.91GB
2023-02-08T08:52:28.515+0000	beacon2.Variants	5.95GB
2023-02-08T08:52:31.518+0000	beacon2.Variants	5.99GB
2023-02-08T08:52:34.524+0000	beacon2.Variants	6.03GB
2023-02-08T08:52:37.517+0000	beacon2.Variants	6.07GB
2023-02-08T08:52:40.515+0000	beacon2.Variants	6.11GB
2023-02-08T08:52:43.516+0000	beacon2.Variants	6.14GB
2023-02-08T08:52:46.522+0000	beacon2.Variants	6.18GB
2023-02-08T08:52:49.514+0000	beacon2.Variants	6.22GB
2023-02-08T08:52:52.521+0000	beacon2.Variants	6.26GB
2023-02-08T08:52:55.514+0000	beacon2.Variants	6.29GB
2023-02-08T08:52:58.518+0000	beacon2.Variants	6.33GB
2023-02-08T08:53:01.518+0000	beacon2.Variants	6.37GB
2023-02-08T08:53:04.523+0000	beacon2.Variants	6.41GB
2023-02-08T08:53:07.514+0000	beacon2.Variants	6.45GB
2023-02-08T08:53:10.515+0000	beacon2.Variants	6.48GB
2023-02-08T08:53:13.514+0000	beacon2.Variants	6.52GB
2023-02-08T08:53:16.515+0000	beacon2.Variants	6.56GB
2023-02-08T08:53:19.518+0000	beacon2.Variants	6.60GB
2023-02-08T08:53:22.517+0000	beacon2.Variants	6.63GB
2023-02-08T08:53:25.518+0000	beacon2.Variants	6.67GB
2023-02-08T08:53:28.514+0000	beacon2.Variants	6.71GB
2023-02-08T08:53:31.515+0000	beacon2.Variants	6.75GB
2023-02-08T08:53:34.515+0000	beacon2.Variants	6.79GB
2023-02-08T08:53:37.519+0000	beacon2.Variants	6.83GB
2023-02-08T08:53:40.516+0000	beacon2.Variants	6.86GB
2023-02-08T08:53:43.515+0000	beacon2.Variants	6.90GB
2023-02-08T08:53:46.517+0000	beacon2.Variants	6.94GB
2023-02-08T08:53:49.514+0000	beacon2.Variants	6.97GB
2023-02-08T08:53:52.515+0000	beacon2.Variants	7.01GB
2023-02-08T08:53:55.515+0000	beacon2.Variants	7.05GB
2023-02-08T08:53:58.514+0000	beacon2.Variants	7.09GB
2023-02-08T08:54:01.515+0000	beacon2.Variants	7.13GB
2023-02-08T08:54:04.519+0000	beacon2.Variants	7.16GB
2023-02-08T08:54:07.516+0000	beacon2.Variants	7.20GB
2023-02-08T08:54:10.516+0000	beacon2.Variants	7.24GB
2023-02-08T08:54:13.519+0000	beacon2.Variants	7.28GB
2023-02-08T08:54:16.514+0000	beacon2.Variants	7.31GB
2023-02-08T08:54:19.514+0000	beacon2.Variants	7.35GB
2023-02-08T08:54:22.520+0000	beacon2.Variants	7.39GB
2023-02-08T08:54:25.514+0000	beacon2.Variants	7.43GB
2023-02-08T08:54:28.515+0000	beacon2.Variants	7.47GB
2023-02-08T08:54:31.516+0000	beacon2.Variants	7.51GB
2023-02-08T08:54:34.515+0000	beacon2.Variants	7.55GB
2023-02-08T08:54:37.514+0000	beacon2.Variants	7.58GB
2023-02-08T08:54:40.515+0000	beacon2.Variants	7.62GB
2023-02-08T08:54:43.571+0000	beacon2.Variants	7.66GB
2023-02-08T08:54:46.517+0000	beacon2.Variants	7.70GB
2023-02-08T08:54:49.515+0000	beacon2.Variants	7.74GB
2023-02-08T08:54:52.527+0000	beacon2.Variants	7.77GB
2023-02-08T08:54:55.518+0000	beacon2.Variants	7.81GB
2023-02-08T08:54:58.527+0000	beacon2.Variants	7.85GB
2023-02-08T08:55:01.519+0000	beacon2.Variants	7.89GB
2023-02-08T08:55:04.531+0000	beacon2.Variants	7.93GB
2023-02-08T08:55:07.516+0000	beacon2.Variants	7.97GB
2023-02-08T08:55:10.514+0000	beacon2.Variants	8.00GB
2023-02-08T08:55:13.518+0000	beacon2.Variants	8.04GB
2023-02-08T08:55:16.518+0000	beacon2.Variants	8.08GB
2023-02-08T08:55:19.515+0000	beacon2.Variants	8.12GB
2023-02-08T08:55:22.528+0000	beacon2.Variants	8.16GB
2023-02-08T08:55:25.521+0000	beacon2.Variants	8.20GB
2023-02-08T08:55:28.518+0000	beacon2.Variants	8.23GB
2023-02-08T08:55:31.514+0000	beacon2.Variants	8.27GB
2023-02-08T08:55:34.517+0000	beacon2.Variants	8.31GB
2023-02-08T08:55:37.515+0000	beacon2.Variants	8.35GB
2023-02-08T08:55:40.514+0000	beacon2.Variants	8.39GB
2023-02-08T08:55:43.517+0000	beacon2.Variants	8.42GB
2023-02-08T08:55:46.516+0000	beacon2.Variants	8.46GB
2023-02-08T08:55:49.517+0000	beacon2.Variants	8.50GB
2023-02-08T08:55:52.518+0000	beacon2.Variants	8.54GB
2023-02-08T08:55:55.519+0000	beacon2.Variants	8.58GB
2023-02-08T08:55:58.516+0000	beacon2.Variants	8.61GB
2023-02-08T08:56:01.528+0000	beacon2.Variants	8.65GB
2023-02-08T08:56:04.522+0000	beacon2.Variants	8.69GB
2023-02-08T08:56:07.520+0000	beacon2.Variants	8.73GB
2023-02-08T08:56:10.525+0000	beacon2.Variants	8.77GB
2023-02-08T08:56:13.516+0000	beacon2.Variants	8.80GB
2023-02-08T08:56:16.519+0000	beacon2.Variants	8.84GB
2023-02-08T08:56:19.514+0000	beacon2.Variants	8.88GB
2023-02-08T08:56:22.518+0000	beacon2.Variants	8.92GB
2023-02-08T08:56:25.525+0000	beacon2.Variants	8.96GB
2023-02-08T08:56:28.523+0000	beacon2.Variants	9.00GB
2023-02-08T08:56:31.515+0000	beacon2.Variants	9.04GB
2023-02-08T08:56:34.521+0000	beacon2.Variants	9.07GB
2023-02-08T08:56:37.515+0000	beacon2.Variants	9.11GB
2023-02-08T08:56:40.523+0000	beacon2.Variants	9.15GB
2023-02-08T08:56:43.517+0000	beacon2.Variants	9.19GB
2023-02-08T08:56:46.520+0000	beacon2.Variants	9.22GB
2023-02-08T08:56:49.515+0000	beacon2.Variants	9.26GB
2023-02-08T08:56:52.516+0000	beacon2.Variants	9.30GB
2023-02-08T08:56:55.514+0000	beacon2.Variants	9.34GB
2023-02-08T08:56:58.515+0000	beacon2.Variants	9.37GB
2023-02-08T08:57:01.514+0000	beacon2.Variants	9.41GB
2023-02-08T08:57:04.517+0000	beacon2.Variants	9.45GB
2023-02-08T08:57:07.518+0000	beacon2.Variants	9.49GB
2023-02-08T08:57:10.515+0000	beacon2.Variants	9.53GB
2023-02-08T08:57:13.521+0000	beacon2.Variants	9.56GB
2023-02-08T08:57:16.523+0000	beacon2.Variants	9.60GB
2023-02-08T08:57:19.523+0000	beacon2.Variants	9.64GB
2023-02-08T08:57:22.519+0000	beacon2.Variants	9.68GB
2023-02-08T08:57:25.519+0000	beacon2.Variants	9.72GB
2023-02-08T08:57:28.519+0000	beacon2.Variants	9.75GB
2023-02-08T08:57:31.518+0000	beacon2.Variants	9.79GB
2023-02-08T08:57:34.521+0000	beacon2.Variants	9.83GB
2023-02-08T08:57:37.533+0000	beacon2.Variants	9.87GB
2023-02-08T08:57:40.521+0000	beacon2.Variants	9.91GB
2023-02-08T08:57:43.524+0000	beacon2.Variants	9.95GB
2023-02-08T08:57:46.530+0000	beacon2.Variants	9.98GB
2023-02-08T08:57:49.517+0000	beacon2.Variants	10.0GB
2023-02-08T08:57:52.534+0000	beacon2.Variants	10.1GB
2023-02-08T08:57:55.516+0000	beacon2.Variants	10.1GB
2023-02-08T08:57:58.519+0000	beacon2.Variants	10.1GB
2023-02-08T08:58:01.521+0000	beacon2.Variants	10.2GB
2023-02-08T08:58:04.528+0000	beacon2.Variants	10.2GB
2023-02-08T08:58:07.516+0000	beacon2.Variants	10.2GB
2023-02-08T08:58:10.515+0000	beacon2.Variants	10.3GB
2023-02-08T08:58:13.517+0000	beacon2.Variants	10.3GB
2023-02-08T08:58:16.521+0000	beacon2.Variants	10.4GB
2023-02-08T08:58:19.527+0000	beacon2.Variants	10.4GB
2023-02-08T08:58:22.539+0000	beacon2.Variants	10.4GB
2023-02-08T08:58:25.520+0000	beacon2.Variants	10.5GB
2023-02-08T08:58:28.518+0000	beacon2.Variants	10.5GB
2023-02-08T08:58:31.516+0000	beacon2.Variants	10.6GB
2023-02-08T08:58:34.515+0000	beacon2.Variants	10.6GB
2023-02-08T08:58:37.520+0000	beacon2.Variants	10.6GB
2023-02-08T08:58:40.517+0000	beacon2.Variants	10.7GB
2023-02-08T08:58:43.515+0000	beacon2.Variants	10.7GB
2023-02-08T08:58:46.516+0000	beacon2.Variants	10.7GB
2023-02-08T08:58:49.525+0000	beacon2.Variants	10.8GB
2023-02-08T08:58:52.514+0000	beacon2.Variants	10.8GB
2023-02-08T08:58:55.515+0000	beacon2.Variants	10.8GB
2023-02-08T08:58:58.516+0000	beacon2.Variants	10.9GB
2023-02-08T08:59:01.530+0000	beacon2.Variants	10.9GB
2023-02-08T08:59:04.518+0000	beacon2.Variants	11.0GB
2023-02-08T08:59:07.515+0000	beacon2.Variants	11.0GB
2023-02-08T08:59:10.514+0000	beacon2.Variants	11.0GB
2023-02-08T08:59:13.515+0000	beacon2.Variants	11.1GB
2023-02-08T08:59:16.526+0000	beacon2.Variants	11.1GB
2023-02-08T08:59:19.514+0000	beacon2.Variants	11.2GB
2023-02-08T08:59:22.515+0000	beacon2.Variants	11.2GB
2023-02-08T08:59:25.515+0000	beacon2.Variants	11.2GB
2023-02-08T08:59:28.514+0000	beacon2.Variants	11.3GB
2023-02-08T08:59:31.518+0000	beacon2.Variants	11.3GB
2023-02-08T08:59:34.516+0000	beacon2.Variants	11.3GB
2023-02-08T08:59:37.514+0000	beacon2.Variants	11.4GB
2023-02-08T08:59:40.517+0000	beacon2.Variants	11.4GB
2023-02-08T08:59:43.514+0000	beacon2.Variants	11.5GB
2023-02-08T08:59:46.514+0000	beacon2.Variants	11.5GB
2023-02-08T08:59:49.521+0000	beacon2.Variants	11.5GB
2023-02-08T08:59:52.518+0000	beacon2.Variants	11.6GB
2023-02-08T08:59:55.522+0000	beacon2.Variants	11.6GB
2023-02-08T08:59:58.525+0000	beacon2.Variants	11.7GB
2023-02-08T09:00:01.514+0000	beacon2.Variants	11.7GB
2023-02-08T09:00:04.515+0000	beacon2.Variants	11.7GB
2023-02-08T09:00:07.518+0000	beacon2.Variants	11.8GB
2023-02-08T09:00:10.516+0000	beacon2.Variants	11.8GB
2023-02-08T09:00:13.518+0000	beacon2.Variants	11.8GB
2023-02-08T09:00:16.515+0000	beacon2.Variants	11.9GB
2023-02-08T09:00:19.517+0000	beacon2.Variants	11.9GB
2023-02-08T09:00:22.520+0000	beacon2.Variants	11.9GB
2023-02-08T09:00:25.515+0000	beacon2.Variants	12.0GB
2023-02-08T09:00:28.520+0000	beacon2.Variants	12.0GB
2023-02-08T09:00:31.518+0000	beacon2.Variants	12.1GB
2023-02-08T09:00:34.516+0000	beacon2.Variants	12.1GB
2023-02-08T09:00:37.516+0000	beacon2.Variants	12.1GB
2023-02-08T09:00:40.515+0000	beacon2.Variants	12.2GB
2023-02-08T09:00:43.514+0000	beacon2.Variants	12.2GB
2023-02-08T09:00:46.515+0000	beacon2.Variants	12.2GB
2023-02-08T09:00:49.516+0000	beacon2.Variants	12.3GB
2023-02-08T09:00:52.516+0000	beacon2.Variants	12.3GB
2023-02-08T09:00:55.517+0000	beacon2.Variants	12.4GB
2023-02-08T09:00:58.519+0000	beacon2.Variants	12.4GB
2023-02-08T09:01:01.518+0000	beacon2.Variants	12.4GB
2023-02-08T09:01:04.516+0000	beacon2.Variants	12.5GB
2023-02-08T09:01:07.521+0000	beacon2.Variants	12.5GB
2023-02-08T09:01:10.523+0000	beacon2.Variants	12.6GB
2023-02-08T09:01:13.523+0000	beacon2.Variants	12.6GB
2023-02-08T09:01:16.515+0000	beacon2.Variants	12.6GB
2023-02-08T09:01:19.516+0000	beacon2.Variants	12.7GB
2023-02-08T09:01:22.516+0000	beacon2.Variants	12.7GB
2023-02-08T09:01:25.520+0000	beacon2.Variants	12.7GB
2023-02-08T09:01:28.516+0000	beacon2.Variants	12.8GB
2023-02-08T09:01:31.516+0000	beacon2.Variants	12.8GB
2023-02-08T09:01:34.525+0000	beacon2.Variants	12.9GB
2023-02-08T09:01:37.520+0000	beacon2.Variants	12.9GB
2023-02-08T09:01:40.514+0000	beacon2.Variants	12.9GB
2023-02-08T09:01:43.530+0000	beacon2.Variants	13.0GB
2023-02-08T09:01:46.514+0000	beacon2.Variants	13.0GB
2023-02-08T09:01:49.516+0000	beacon2.Variants	13.0GB
2023-02-08T09:01:52.523+0000	beacon2.Variants	13.1GB
2023-02-08T09:01:55.526+0000	beacon2.Variants	13.1GB
2023-02-08T09:01:58.515+0000	beacon2.Variants	13.2GB
2023-02-08T09:02:01.517+0000	beacon2.Variants	13.2GB
2023-02-08T09:02:04.515+0000	beacon2.Variants	13.2GB
2023-02-08T09:02:07.530+0000	beacon2.Variants	13.3GB
2023-02-08T09:02:10.514+0000	beacon2.Variants	13.3GB
2023-02-08T09:02:13.517+0000	beacon2.Variants	13.3GB
2023-02-08T09:02:16.521+0000	beacon2.Variants	13.4GB
2023-02-08T09:02:19.518+0000	beacon2.Variants	13.4GB
2023-02-08T09:02:22.515+0000	beacon2.Variants	13.5GB
2023-02-08T09:02:25.515+0000	beacon2.Variants	13.5GB
2023-02-08T09:02:28.521+0000	beacon2.Variants	13.5GB
2023-02-08T09:02:31.522+0000	beacon2.Variants	13.6GB
2023-02-08T09:02:34.525+0000	beacon2.Variants	13.6GB
2023-02-08T09:02:37.520+0000	beacon2.Variants	13.7GB
2023-02-08T09:02:40.515+0000	beacon2.Variants	13.7GB
2023-02-08T09:02:43.515+0000	beacon2.Variants	13.7GB
2023-02-08T09:02:46.515+0000	beacon2.Variants	13.8GB
2023-02-08T09:02:49.515+0000	beacon2.Variants	13.8GB
2023-02-08T09:02:52.518+0000	beacon2.Variants	13.8GB
2023-02-08T09:02:55.516+0000	beacon2.Variants	13.9GB
2023-02-08T09:02:58.521+0000	beacon2.Variants	13.9GB
2023-02-08T09:03:01.516+0000	beacon2.Variants	13.9GB
2023-02-08T09:03:04.516+0000	beacon2.Variants	14.0GB
2023-02-08T09:03:07.519+0000	beacon2.Variants	14.0GB
2023-02-08T09:03:10.517+0000	beacon2.Variants	14.1GB
2023-02-08T09:03:13.515+0000	beacon2.Variants	14.1GB
2023-02-08T09:03:16.515+0000	beacon2.Variants	14.1GB
2023-02-08T09:03:19.514+0000	beacon2.Variants	14.2GB
2023-02-08T09:03:22.516+0000	beacon2.Variants	14.2GB
2023-02-08T09:03:25.515+0000	beacon2.Variants	14.2GB
2023-02-08T09:03:28.517+0000	beacon2.Variants	14.3GB
2023-02-08T09:03:31.515+0000	beacon2.Variants	14.3GB
2023-02-08T09:03:34.517+0000	beacon2.Variants	14.4GB
2023-02-08T09:03:37.515+0000	beacon2.Variants	14.4GB
2023-02-08T09:03:40.520+0000	beacon2.Variants	14.4GB
2023-02-08T09:03:43.517+0000	beacon2.Variants	14.5GB
2023-02-08T09:03:46.517+0000	beacon2.Variants	14.5GB
2023-02-08T09:03:49.515+0000	beacon2.Variants	14.6GB
2023-02-08T09:03:52.517+0000	beacon2.Variants	14.6GB
2023-02-08T09:03:55.514+0000	beacon2.Variants	14.6GB
2023-02-08T09:03:58.515+0000	beacon2.Variants	14.7GB
2023-02-08T09:04:01.515+0000	beacon2.Variants	14.7GB
2023-02-08T09:04:04.516+0000	beacon2.Variants	14.7GB
2023-02-08T09:04:07.520+0000	beacon2.Variants	14.8GB
2023-02-08T09:04:10.517+0000	beacon2.Variants	14.8GB
2023-02-08T09:04:13.517+0000	beacon2.Variants	14.9GB
2023-02-08T09:04:16.516+0000	beacon2.Variants	14.9GB
2023-02-08T09:04:19.516+0000	beacon2.Variants	14.9GB
2023-02-08T09:04:22.521+0000	beacon2.Variants	15.0GB
2023-02-08T09:04:25.526+0000	beacon2.Variants	15.0GB
2023-02-08T09:04:28.526+0000	beacon2.Variants	15.1GB
2023-02-08T09:04:31.523+0000	beacon2.Variants	15.1GB
2023-02-08T09:04:34.523+0000	beacon2.Variants	15.1GB
2023-02-08T09:04:37.519+0000	beacon2.Variants	15.2GB
2023-02-08T09:04:40.530+0000	beacon2.Variants	15.2GB
2023-02-08T09:04:43.523+0000	beacon2.Variants	15.2GB
2023-02-08T09:04:46.517+0000	beacon2.Variants	15.3GB
2023-02-08T09:04:49.516+0000	beacon2.Variants	15.3GB
2023-02-08T09:04:52.533+0000	beacon2.Variants	15.3GB
2023-02-08T09:04:55.515+0000	beacon2.Variants	15.4GB
2023-02-08T09:04:58.515+0000	beacon2.Variants	15.4GB
2023-02-08T09:05:01.515+0000	beacon2.Variants	15.5GB
2023-02-08T09:05:04.521+0000	beacon2.Variants	15.5GB
2023-02-08T09:05:07.515+0000	beacon2.Variants	15.5GB
2023-02-08T09:05:10.518+0000	beacon2.Variants	15.6GB
2023-02-08T09:05:13.523+0000	beacon2.Variants	15.6GB
2023-02-08T09:05:16.520+0000	beacon2.Variants	15.7GB
2023-02-08T09:05:19.518+0000	beacon2.Variants	15.7GB
2023-02-08T09:05:22.527+0000	beacon2.Variants	15.7GB
2023-02-08T09:05:25.514+0000	beacon2.Variants	15.8GB
2023-02-08T09:05:28.514+0000	beacon2.Variants	15.8GB
2023-02-08T09:05:31.515+0000	beacon2.Variants	15.8GB
2023-02-08T09:05:34.519+0000	beacon2.Variants	15.9GB
2023-02-08T09:05:37.514+0000	beacon2.Variants	15.9GB
2023-02-08T09:05:40.520+0000	beacon2.Variants	16.0GB
2023-02-08T09:05:43.519+0000	beacon2.Variants	16.0GB
2023-02-08T09:05:46.515+0000	beacon2.Variants	16.0GB
2023-02-08T09:05:49.515+0000	beacon2.Variants	16.1GB
2023-02-08T09:05:52.515+0000	beacon2.Variants	16.1GB
2023-02-08T09:05:55.515+0000	beacon2.Variants	16.1GB
2023-02-08T09:05:58.518+0000	beacon2.Variants	16.2GB
2023-02-08T09:06:01.515+0000	beacon2.Variants	16.2GB
2023-02-08T09:06:04.520+0000	beacon2.Variants	16.3GB
2023-02-08T09:06:07.523+0000	beacon2.Variants	16.3GB
2023-02-08T09:06:10.519+0000	beacon2.Variants	16.3GB
2023-02-08T09:06:13.515+0000	beacon2.Variants	16.4GB
2023-02-08T09:06:16.515+0000	beacon2.Variants	16.4GB
2023-02-08T09:06:19.514+0000	beacon2.Variants	16.4GB
2023-02-08T09:06:22.520+0000	beacon2.Variants	16.5GB
2023-02-08T09:06:25.517+0000	beacon2.Variants	16.5GB
2023-02-08T09:06:28.515+0000	beacon2.Variants	16.6GB
2023-02-08T09:06:31.517+0000	beacon2.Variants	16.6GB
2023-02-08T09:06:34.514+0000	beacon2.Variants	16.6GB
2023-02-08T09:06:37.515+0000	beacon2.Variants	16.7GB
2023-02-08T09:06:40.514+0000	beacon2.Variants	16.7GB
2023-02-08T09:06:43.514+0000	beacon2.Variants	16.8GB
2023-02-08T09:06:46.516+0000	beacon2.Variants	16.8GB
2023-02-08T09:06:49.529+0000	beacon2.Variants	16.8GB
2023-02-08T09:06:52.515+0000	beacon2.Variants	16.9GB
2023-02-08T09:06:55.526+0000	beacon2.Variants	16.9GB
2023-02-08T09:06:58.515+0000	beacon2.Variants	16.9GB
2023-02-08T09:07:01.515+0000	beacon2.Variants	17.0GB
2023-02-08T09:07:04.515+0000	beacon2.Variants	17.0GB
2023-02-08T09:07:07.515+0000	beacon2.Variants	17.1GB
2023-02-08T09:07:10.517+0000	beacon2.Variants	17.1GB
2023-02-08T09:07:13.516+0000	beacon2.Variants	17.1GB
2023-02-08T09:07:16.551+0000	beacon2.Variants	17.2GB
2023-02-08T09:07:19.519+0000	beacon2.Variants	17.2GB
2023-02-08T09:07:22.522+0000	beacon2.Variants	17.2GB
2023-02-08T09:07:25.516+0000	beacon2.Variants	17.3GB
2023-02-08T09:07:28.516+0000	beacon2.Variants	17.3GB
2023-02-08T09:07:31.515+0000	beacon2.Variants	17.4GB
2023-02-08T09:07:34.516+0000	beacon2.Variants	17.4GB
2023-02-08T09:07:37.519+0000	beacon2.Variants	17.4GB
2023-02-08T09:07:40.515+0000	beacon2.Variants	17.5GB
2023-02-08T09:07:43.527+0000	beacon2.Variants	17.5GB
2023-02-08T09:07:46.517+0000	beacon2.Variants	17.6GB
2023-02-08T09:07:49.514+0000	beacon2.Variants	17.6GB
2023-02-08T09:07:52.515+0000	beacon2.Variants	17.6GB
2023-02-08T09:07:55.521+0000	beacon2.Variants	17.7GB
2023-02-08T09:07:58.516+0000	beacon2.Variants	17.7GB
2023-02-08T09:08:01.520+0000	beacon2.Variants	17.7GB
2023-02-08T09:08:04.522+0000	beacon2.Variants	17.8GB
2023-02-08T09:08:07.518+0000	beacon2.Variants	17.8GB
2023-02-08T09:08:10.519+0000	beacon2.Variants	17.9GB
2023-02-08T09:08:13.515+0000	beacon2.Variants	17.9GB
2023-02-08T09:08:16.521+0000	beacon2.Variants	17.9GB
2023-02-08T09:08:19.516+0000	beacon2.Variants	18.0GB
2023-02-08T09:08:22.521+0000	beacon2.Variants	18.0GB
2023-02-08T09:08:25.532+0000	beacon2.Variants	18.1GB
2023-02-08T09:08:28.517+0000	beacon2.Variants	18.1GB
2023-02-08T09:08:31.516+0000	beacon2.Variants	18.1GB
2023-02-08T09:08:34.515+0000	beacon2.Variants	18.2GB
2023-02-08T09:08:37.523+0000	beacon2.Variants	18.2GB
2023-02-08T09:08:40.519+0000	beacon2.Variants	18.2GB
2023-02-08T09:08:43.518+0000	beacon2.Variants	18.3GB
2023-02-08T09:08:46.515+0000	beacon2.Variants	18.3GB
2023-02-08T09:08:49.519+0000	beacon2.Variants	18.4GB
2023-02-08T09:08:52.514+0000	beacon2.Variants	18.4GB
2023-02-08T09:08:55.521+0000	beacon2.Variants	18.4GB
2023-02-08T09:08:58.526+0000	beacon2.Variants	18.5GB
2023-02-08T09:09:01.514+0000	beacon2.Variants	18.5GB
2023-02-08T09:09:04.522+0000	beacon2.Variants	18.6GB
2023-02-08T09:09:07.515+0000	beacon2.Variants	18.6GB
2023-02-08T09:09:10.519+0000	beacon2.Variants	18.6GB
2023-02-08T09:09:13.514+0000	beacon2.Variants	18.7GB
2023-02-08T09:09:16.518+0000	beacon2.Variants	18.7GB
2023-02-08T09:09:19.525+0000	beacon2.Variants	18.7GB
2023-02-08T09:09:22.518+0000	beacon2.Variants	18.8GB
2023-02-08T09:09:25.516+0000	beacon2.Variants	18.8GB
2023-02-08T09:09:28.516+0000	beacon2.Variants	18.9GB
2023-02-08T09:09:31.523+0000	beacon2.Variants	18.9GB
2023-02-08T09:09:34.515+0000	beacon2.Variants	18.9GB
2023-02-08T09:09:37.524+0000	beacon2.Variants	19.0GB
2023-02-08T09:09:40.521+0000	beacon2.Variants	19.0GB
2023-02-08T09:09:43.515+0000	beacon2.Variants	19.0GB
2023-02-08T09:09:46.514+0000	beacon2.Variants	19.1GB
2023-02-08T09:09:49.515+0000	beacon2.Variants	19.1GB
2023-02-08T09:09:52.515+0000	beacon2.Variants	19.1GB
2023-02-08T09:09:55.531+0000	beacon2.Variants	19.2GB
2023-02-08T09:09:58.519+0000	beacon2.Variants	19.2GB
2023-02-08T09:10:01.514+0000	beacon2.Variants	19.3GB
2023-02-08T09:10:04.515+0000	beacon2.Variants	19.3GB
2023-02-08T09:10:07.531+0000	beacon2.Variants	19.3GB
2023-02-08T09:10:10.516+0000	beacon2.Variants	19.4GB
2023-02-08T09:10:13.515+0000	beacon2.Variants	19.4GB
2023-02-08T09:10:16.515+0000	beacon2.Variants	19.5GB
2023-02-08T09:10:19.515+0000	beacon2.Variants	19.5GB
2023-02-08T09:10:22.524+0000	beacon2.Variants	19.5GB
2023-02-08T09:10:25.527+0000	beacon2.Variants	19.6GB
2023-02-08T09:10:28.515+0000	beacon2.Variants	19.6GB
2023-02-08T09:10:31.519+0000	beacon2.Variants	19.6GB
2023-02-08T09:10:34.516+0000	beacon2.Variants	19.7GB
2023-02-08T09:10:37.522+0000	beacon2.Variants	19.7GB
2023-02-08T09:10:40.519+0000	beacon2.Variants	19.8GB
2023-02-08T09:10:43.516+0000	beacon2.Variants	19.8GB
2023-02-08T09:10:46.517+0000	beacon2.Variants	19.8GB
2023-02-08T09:10:49.517+0000	beacon2.Variants	19.9GB
2023-02-08T09:10:52.515+0000	beacon2.Variants	19.9GB
2023-02-08T09:10:55.515+0000	beacon2.Variants	19.9GB
2023-02-08T09:10:58.515+0000	beacon2.Variants	20.0GB
2023-02-08T09:11:01.515+0000	beacon2.Variants	20.0GB
2023-02-08T09:11:04.526+0000	beacon2.Variants	20.1GB
2023-02-08T09:11:07.518+0000	beacon2.Variants	20.1GB
2023-02-08T09:11:10.522+0000	beacon2.Variants	20.1GB
2023-02-08T09:11:13.520+0000	beacon2.Variants	20.2GB
2023-02-08T09:11:16.515+0000	beacon2.Variants	20.2GB
2023-02-08T09:11:19.499+0000	beacon2.Variants	20.2GB
2023-02-08T09:11:19.499+0000	1839382 document(s) imported successfully. 0 document(s) failed to import.

real	26m42.011s
user	47m18.768s
sys	0m46.634s
