2023-02-08T22:35:56.891+0000	connected to: mongodb://[**REDACTED**]@localhost:27017/beacon2?authSource=admin
2023-02-08T22:35:59.891+0000	beacon2.Variants	38.3MB
2023-02-08T22:36:02.903+0000	beacon2.Variants	77.0MB
2023-02-08T22:36:05.902+0000	beacon2.Variants	114MB
2023-02-08T22:36:08.893+0000	beacon2.Variants	152MB
2023-02-08T22:36:11.896+0000	beacon2.Variants	191MB
2023-02-08T22:36:14.896+0000	beacon2.Variants	230MB
2023-02-08T22:36:17.896+0000	beacon2.Variants	268MB
2023-02-08T22:36:20.891+0000	beacon2.Variants	307MB
2023-02-08T22:36:23.894+0000	beacon2.Variants	346MB
2023-02-08T22:36:26.906+0000	beacon2.Variants	386MB
2023-02-08T22:36:29.892+0000	beacon2.Variants	424MB
2023-02-08T22:36:32.898+0000	beacon2.Variants	464MB
2023-02-08T22:36:35.894+0000	beacon2.Variants	502MB
2023-02-08T22:36:38.893+0000	beacon2.Variants	541MB
2023-02-08T22:36:41.898+0000	beacon2.Variants	580MB
2023-02-08T22:36:44.891+0000	beacon2.Variants	620MB
2023-02-08T22:36:47.892+0000	beacon2.Variants	658MB
2023-02-08T22:36:50.891+0000	beacon2.Variants	698MB
2023-02-08T22:36:53.893+0000	beacon2.Variants	736MB
2023-02-08T22:36:56.900+0000	beacon2.Variants	776MB
2023-02-08T22:36:59.892+0000	beacon2.Variants	814MB
2023-02-08T22:37:02.894+0000	beacon2.Variants	854MB
2023-02-08T22:37:05.893+0000	beacon2.Variants	891MB
2023-02-08T22:37:08.901+0000	beacon2.Variants	930MB
2023-02-08T22:37:11.891+0000	beacon2.Variants	969MB
2023-02-08T22:37:14.896+0000	beacon2.Variants	1009MB
2023-02-08T22:37:17.891+0000	beacon2.Variants	1.02GB
2023-02-08T22:37:20.896+0000	beacon2.Variants	1.06GB
2023-02-08T22:37:23.892+0000	beacon2.Variants	1.10GB
2023-02-08T22:37:26.899+0000	beacon2.Variants	1.14GB
2023-02-08T22:37:29.895+0000	beacon2.Variants	1.18GB
2023-02-08T22:37:32.899+0000	beacon2.Variants	1.21GB
2023-02-08T22:37:35.901+0000	beacon2.Variants	1.25GB
2023-02-08T22:37:38.895+0000	beacon2.Variants	1.29GB
2023-02-08T22:37:41.892+0000	beacon2.Variants	1.33GB
2023-02-08T22:37:44.905+0000	beacon2.Variants	1.37GB
2023-02-08T22:37:47.895+0000	beacon2.Variants	1.40GB
2023-02-08T22:37:50.893+0000	beacon2.Variants	1.44GB
2023-02-08T22:37:53.898+0000	beacon2.Variants	1.48GB
2023-02-08T22:37:56.906+0000	beacon2.Variants	1.52GB
2023-02-08T22:37:59.891+0000	beacon2.Variants	1.56GB
2023-02-08T22:38:02.902+0000	beacon2.Variants	1.60GB
2023-02-08T22:38:05.891+0000	beacon2.Variants	1.63GB
2023-02-08T22:38:08.891+0000	beacon2.Variants	1.67GB
2023-02-08T22:38:11.892+0000	beacon2.Variants	1.71GB
2023-02-08T22:38:14.892+0000	beacon2.Variants	1.75GB
2023-02-08T22:38:17.891+0000	beacon2.Variants	1.78GB
2023-02-08T22:38:20.901+0000	beacon2.Variants	1.82GB
2023-02-08T22:38:23.891+0000	beacon2.Variants	1.86GB
2023-02-08T22:38:26.894+0000	beacon2.Variants	1.90GB
2023-02-08T22:38:29.901+0000	beacon2.Variants	1.94GB
2023-02-08T22:38:32.891+0000	beacon2.Variants	1.98GB
2023-02-08T22:38:35.901+0000	beacon2.Variants	2.01GB
2023-02-08T22:38:38.892+0000	beacon2.Variants	2.05GB
2023-02-08T22:38:41.891+0000	beacon2.Variants	2.09GB
2023-02-08T22:38:44.894+0000	beacon2.Variants	2.13GB
2023-02-08T22:38:47.891+0000	beacon2.Variants	2.17GB
2023-02-08T22:38:50.900+0000	beacon2.Variants	2.20GB
2023-02-08T22:38:53.892+0000	beacon2.Variants	2.24GB
2023-02-08T22:38:56.909+0000	beacon2.Variants	2.28GB
2023-02-08T22:38:59.899+0000	beacon2.Variants	2.32GB
2023-02-08T22:39:02.898+0000	beacon2.Variants	2.36GB
2023-02-08T22:39:05.893+0000	beacon2.Variants	2.39GB
2023-02-08T22:39:08.891+0000	beacon2.Variants	2.43GB
2023-02-08T22:39:11.894+0000	beacon2.Variants	2.47GB
2023-02-08T22:39:14.903+0000	beacon2.Variants	2.51GB
2023-02-08T22:39:17.903+0000	beacon2.Variants	2.55GB
2023-02-08T22:39:20.898+0000	beacon2.Variants	2.59GB
2023-02-08T22:39:23.897+0000	beacon2.Variants	2.62GB
2023-02-08T22:39:26.898+0000	beacon2.Variants	2.66GB
2023-02-08T22:39:29.891+0000	beacon2.Variants	2.70GB
2023-02-08T22:39:32.892+0000	beacon2.Variants	2.74GB
2023-02-08T22:39:35.892+0000	beacon2.Variants	2.78GB
2023-02-08T22:39:38.895+0000	beacon2.Variants	2.81GB
2023-02-08T22:39:41.891+0000	beacon2.Variants	2.85GB
2023-02-08T22:39:44.895+0000	beacon2.Variants	2.89GB
2023-02-08T22:39:47.891+0000	beacon2.Variants	2.93GB
2023-02-08T22:39:50.899+0000	beacon2.Variants	2.97GB
2023-02-08T22:39:53.894+0000	beacon2.Variants	3.00GB
2023-02-08T22:39:56.892+0000	beacon2.Variants	3.04GB
2023-02-08T22:39:59.891+0000	beacon2.Variants	3.08GB
2023-02-08T22:40:02.893+0000	beacon2.Variants	3.12GB
2023-02-08T22:40:05.892+0000	beacon2.Variants	3.16GB
2023-02-08T22:40:08.894+0000	beacon2.Variants	3.19GB
2023-02-08T22:40:11.892+0000	beacon2.Variants	3.23GB
2023-02-08T22:40:14.897+0000	beacon2.Variants	3.27GB
2023-02-08T22:40:17.896+0000	beacon2.Variants	3.31GB
2023-02-08T22:40:20.891+0000	beacon2.Variants	3.35GB
2023-02-08T22:40:23.896+0000	beacon2.Variants	3.38GB
2023-02-08T22:40:26.894+0000	beacon2.Variants	3.42GB
2023-02-08T22:40:29.898+0000	beacon2.Variants	3.46GB
2023-02-08T22:40:32.896+0000	beacon2.Variants	3.50GB
2023-02-08T22:40:35.891+0000	beacon2.Variants	3.54GB
2023-02-08T22:40:38.894+0000	beacon2.Variants	3.57GB
2023-02-08T22:40:41.895+0000	beacon2.Variants	3.61GB
2023-02-08T22:40:44.897+0000	beacon2.Variants	3.65GB
2023-02-08T22:40:47.898+0000	beacon2.Variants	3.69GB
2023-02-08T22:40:50.891+0000	beacon2.Variants	3.73GB
2023-02-08T22:40:53.897+0000	beacon2.Variants	3.77GB
2023-02-08T22:40:56.891+0000	beacon2.Variants	3.80GB
2023-02-08T22:40:59.893+0000	beacon2.Variants	3.84GB
2023-02-08T22:41:02.891+0000	beacon2.Variants	3.88GB
2023-02-08T22:41:05.891+0000	beacon2.Variants	3.92GB
2023-02-08T22:41:08.891+0000	beacon2.Variants	3.95GB
2023-02-08T22:41:11.898+0000	beacon2.Variants	3.99GB
2023-02-08T22:41:14.893+0000	beacon2.Variants	4.03GB
2023-02-08T22:41:17.897+0000	beacon2.Variants	4.07GB
2023-02-08T22:41:20.904+0000	beacon2.Variants	4.11GB
2023-02-08T22:41:23.892+0000	beacon2.Variants	4.14GB
2023-02-08T22:41:26.900+0000	beacon2.Variants	4.18GB
2023-02-08T22:41:29.892+0000	beacon2.Variants	4.22GB
2023-02-08T22:41:32.891+0000	beacon2.Variants	4.26GB
2023-02-08T22:41:35.894+0000	beacon2.Variants	4.30GB
2023-02-08T22:41:38.899+0000	beacon2.Variants	4.33GB
2023-02-08T22:41:41.893+0000	beacon2.Variants	4.37GB
2023-02-08T22:41:44.898+0000	beacon2.Variants	4.41GB
2023-02-08T22:41:47.897+0000	beacon2.Variants	4.45GB
2023-02-08T22:41:50.893+0000	beacon2.Variants	4.48GB
2023-02-08T22:41:53.902+0000	beacon2.Variants	4.52GB
2023-02-08T22:41:56.891+0000	beacon2.Variants	4.56GB
2023-02-08T22:41:59.891+0000	beacon2.Variants	4.60GB
2023-02-08T22:42:02.891+0000	beacon2.Variants	4.64GB
2023-02-08T22:42:05.899+0000	beacon2.Variants	4.67GB
2023-02-08T22:42:08.897+0000	beacon2.Variants	4.71GB
2023-02-08T22:42:11.891+0000	beacon2.Variants	4.75GB
2023-02-08T22:42:14.900+0000	beacon2.Variants	4.79GB
2023-02-08T22:42:17.894+0000	beacon2.Variants	4.82GB
2023-02-08T22:42:20.895+0000	beacon2.Variants	4.86GB
2023-02-08T22:42:23.892+0000	beacon2.Variants	4.90GB
2023-02-08T22:42:26.891+0000	beacon2.Variants	4.94GB
2023-02-08T22:42:29.891+0000	beacon2.Variants	4.98GB
2023-02-08T22:42:32.896+0000	beacon2.Variants	5.01GB
2023-02-08T22:42:35.891+0000	beacon2.Variants	5.05GB
2023-02-08T22:42:38.893+0000	beacon2.Variants	5.09GB
2023-02-08T22:42:41.892+0000	beacon2.Variants	5.13GB
2023-02-08T22:42:44.899+0000	beacon2.Variants	5.17GB
2023-02-08T22:42:47.910+0000	beacon2.Variants	5.20GB
2023-02-08T22:42:50.894+0000	beacon2.Variants	5.24GB
2023-02-08T22:42:53.905+0000	beacon2.Variants	5.28GB
2023-02-08T22:42:56.900+0000	beacon2.Variants	5.32GB
2023-02-08T22:42:59.903+0000	beacon2.Variants	5.36GB
2023-02-08T22:43:02.892+0000	beacon2.Variants	5.39GB
2023-02-08T22:43:05.891+0000	beacon2.Variants	5.43GB
2023-02-08T22:43:08.891+0000	beacon2.Variants	5.47GB
2023-02-08T22:43:11.898+0000	beacon2.Variants	5.50GB
2023-02-08T22:43:14.894+0000	beacon2.Variants	5.54GB
2023-02-08T22:43:17.895+0000	beacon2.Variants	5.58GB
2023-02-08T22:43:20.892+0000	beacon2.Variants	5.62GB
2023-02-08T22:43:23.908+0000	beacon2.Variants	5.66GB
2023-02-08T22:43:26.892+0000	beacon2.Variants	5.70GB
2023-02-08T22:43:29.891+0000	beacon2.Variants	5.73GB
2023-02-08T22:43:32.893+0000	beacon2.Variants	5.77GB
2023-02-08T22:43:35.895+0000	beacon2.Variants	5.81GB
2023-02-08T22:43:38.895+0000	beacon2.Variants	5.85GB
2023-02-08T22:43:41.895+0000	beacon2.Variants	5.89GB
2023-02-08T22:43:44.899+0000	beacon2.Variants	5.92GB
2023-02-08T22:43:47.893+0000	beacon2.Variants	5.96GB
2023-02-08T22:43:50.895+0000	beacon2.Variants	6.00GB
2023-02-08T22:43:53.891+0000	beacon2.Variants	6.04GB
2023-02-08T22:43:56.892+0000	beacon2.Variants	6.08GB
2023-02-08T22:43:59.893+0000	beacon2.Variants	6.11GB
2023-02-08T22:44:02.895+0000	beacon2.Variants	6.15GB
2023-02-08T22:44:05.894+0000	beacon2.Variants	6.19GB
2023-02-08T22:44:08.892+0000	beacon2.Variants	6.23GB
2023-02-08T22:44:11.898+0000	beacon2.Variants	6.26GB
2023-02-08T22:44:14.892+0000	beacon2.Variants	6.30GB
2023-02-08T22:44:17.891+0000	beacon2.Variants	6.34GB
2023-02-08T22:44:20.898+0000	beacon2.Variants	6.38GB
2023-02-08T22:44:23.894+0000	beacon2.Variants	6.42GB
2023-02-08T22:44:26.897+0000	beacon2.Variants	6.45GB
2023-02-08T22:44:29.892+0000	beacon2.Variants	6.49GB
2023-02-08T22:44:32.891+0000	beacon2.Variants	6.53GB
2023-02-08T22:44:35.895+0000	beacon2.Variants	6.57GB
2023-02-08T22:44:38.893+0000	beacon2.Variants	6.61GB
2023-02-08T22:44:41.891+0000	beacon2.Variants	6.64GB
2023-02-08T22:44:44.891+0000	beacon2.Variants	6.68GB
2023-02-08T22:44:47.891+0000	beacon2.Variants	6.72GB
2023-02-08T22:44:50.898+0000	beacon2.Variants	6.76GB
2023-02-08T22:44:53.892+0000	beacon2.Variants	6.80GB
2023-02-08T22:44:56.894+0000	beacon2.Variants	6.83GB
2023-02-08T22:44:59.903+0000	beacon2.Variants	6.87GB
2023-02-08T22:45:02.892+0000	beacon2.Variants	6.91GB
2023-02-08T22:45:05.895+0000	beacon2.Variants	6.95GB
2023-02-08T22:45:08.897+0000	beacon2.Variants	6.98GB
2023-02-08T22:45:11.895+0000	beacon2.Variants	7.02GB
2023-02-08T22:45:14.891+0000	beacon2.Variants	7.06GB
2023-02-08T22:45:17.892+0000	beacon2.Variants	7.10GB
2023-02-08T22:45:20.894+0000	beacon2.Variants	7.13GB
2023-02-08T22:45:23.893+0000	beacon2.Variants	7.17GB
2023-02-08T22:45:26.892+0000	beacon2.Variants	7.21GB
2023-02-08T22:45:29.891+0000	beacon2.Variants	7.25GB
2023-02-08T22:45:32.895+0000	beacon2.Variants	7.29GB
2023-02-08T22:45:35.891+0000	beacon2.Variants	7.32GB
2023-02-08T22:45:38.892+0000	beacon2.Variants	7.36GB
2023-02-08T22:45:41.891+0000	beacon2.Variants	7.40GB
2023-02-08T22:45:44.893+0000	beacon2.Variants	7.44GB
2023-02-08T22:45:47.896+0000	beacon2.Variants	7.47GB
2023-02-08T22:45:50.891+0000	beacon2.Variants	7.51GB
2023-02-08T22:45:53.892+0000	beacon2.Variants	7.55GB
2023-02-08T22:45:56.891+0000	beacon2.Variants	7.59GB
2023-02-08T22:45:59.895+0000	beacon2.Variants	7.63GB
2023-02-08T22:46:02.904+0000	beacon2.Variants	7.66GB
2023-02-08T22:46:05.899+0000	beacon2.Variants	7.70GB
2023-02-08T22:46:08.891+0000	beacon2.Variants	7.74GB
2023-02-08T22:46:11.891+0000	beacon2.Variants	7.77GB
2023-02-08T22:46:14.893+0000	beacon2.Variants	7.81GB
2023-02-08T22:46:17.892+0000	beacon2.Variants	7.85GB
2023-02-08T22:46:20.895+0000	beacon2.Variants	7.89GB
2023-02-08T22:46:23.891+0000	beacon2.Variants	7.93GB
2023-02-08T22:46:26.891+0000	beacon2.Variants	7.97GB
2023-02-08T22:46:29.895+0000	beacon2.Variants	8.00GB
2023-02-08T22:46:32.892+0000	beacon2.Variants	8.04GB
2023-02-08T22:46:35.891+0000	beacon2.Variants	8.08GB
2023-02-08T22:46:38.896+0000	beacon2.Variants	8.12GB
2023-02-08T22:46:41.894+0000	beacon2.Variants	8.16GB
2023-02-08T22:46:44.898+0000	beacon2.Variants	8.19GB
2023-02-08T22:46:47.897+0000	beacon2.Variants	8.23GB
2023-02-08T22:46:50.897+0000	beacon2.Variants	8.27GB
2023-02-08T22:46:53.891+0000	beacon2.Variants	8.31GB
2023-02-08T22:46:56.894+0000	beacon2.Variants	8.35GB
2023-02-08T22:46:59.891+0000	beacon2.Variants	8.39GB
2023-02-08T22:47:02.895+0000	beacon2.Variants	8.42GB
2023-02-08T22:47:05.891+0000	beacon2.Variants	8.46GB
2023-02-08T22:47:08.903+0000	beacon2.Variants	8.50GB
2023-02-08T22:47:11.902+0000	beacon2.Variants	8.54GB
2023-02-08T22:47:14.891+0000	beacon2.Variants	8.58GB
2023-02-08T22:47:17.893+0000	beacon2.Variants	8.61GB
2023-02-08T22:47:20.893+0000	beacon2.Variants	8.65GB
2023-02-08T22:47:23.892+0000	beacon2.Variants	8.69GB
2023-02-08T22:47:26.892+0000	beacon2.Variants	8.73GB
2023-02-08T22:47:29.892+0000	beacon2.Variants	8.76GB
2023-02-08T22:47:32.893+0000	beacon2.Variants	8.80GB
2023-02-08T22:47:35.899+0000	beacon2.Variants	8.84GB
2023-02-08T22:47:38.893+0000	beacon2.Variants	8.88GB
2023-02-08T22:47:41.893+0000	beacon2.Variants	8.92GB
2023-02-08T22:47:44.901+0000	beacon2.Variants	8.95GB
2023-02-08T22:47:47.891+0000	beacon2.Variants	8.99GB
2023-02-08T22:47:50.899+0000	beacon2.Variants	9.03GB
2023-02-08T22:47:53.897+0000	beacon2.Variants	9.07GB
2023-02-08T22:47:56.891+0000	beacon2.Variants	9.11GB
2023-02-08T22:47:59.892+0000	beacon2.Variants	9.14GB
2023-02-08T22:48:02.893+0000	beacon2.Variants	9.18GB
2023-02-08T22:48:05.892+0000	beacon2.Variants	9.22GB
2023-02-08T22:48:08.892+0000	beacon2.Variants	9.26GB
2023-02-08T22:48:11.891+0000	beacon2.Variants	9.29GB
2023-02-08T22:48:14.892+0000	beacon2.Variants	9.33GB
2023-02-08T22:48:17.894+0000	beacon2.Variants	9.37GB
2023-02-08T22:48:20.892+0000	beacon2.Variants	9.41GB
2023-02-08T22:48:23.891+0000	beacon2.Variants	9.45GB
2023-02-08T22:48:26.895+0000	beacon2.Variants	9.48GB
2023-02-08T22:48:29.893+0000	beacon2.Variants	9.52GB
2023-02-08T22:48:32.892+0000	beacon2.Variants	9.56GB
2023-02-08T22:48:35.895+0000	beacon2.Variants	9.60GB
2023-02-08T22:48:38.893+0000	beacon2.Variants	9.64GB
2023-02-08T22:48:41.892+0000	beacon2.Variants	9.67GB
2023-02-08T22:48:44.891+0000	beacon2.Variants	9.71GB
2023-02-08T22:48:47.891+0000	beacon2.Variants	9.75GB
2023-02-08T22:48:50.892+0000	beacon2.Variants	9.79GB
2023-02-08T22:48:53.892+0000	beacon2.Variants	9.83GB
2023-02-08T22:48:56.891+0000	beacon2.Variants	9.86GB
2023-02-08T22:48:59.897+0000	beacon2.Variants	9.90GB
2023-02-08T22:49:02.907+0000	beacon2.Variants	9.94GB
2023-02-08T22:49:05.893+0000	beacon2.Variants	9.98GB
2023-02-08T22:49:08.891+0000	beacon2.Variants	10.0GB
2023-02-08T22:49:11.898+0000	beacon2.Variants	10.1GB
2023-02-08T22:49:14.892+0000	beacon2.Variants	10.1GB
2023-02-08T22:49:17.892+0000	beacon2.Variants	10.1GB
2023-02-08T22:49:20.892+0000	beacon2.Variants	10.2GB
2023-02-08T22:49:23.898+0000	beacon2.Variants	10.2GB
2023-02-08T22:49:26.906+0000	beacon2.Variants	10.2GB
2023-02-08T22:49:29.891+0000	beacon2.Variants	10.3GB
2023-02-08T22:49:32.897+0000	beacon2.Variants	10.3GB
2023-02-08T22:49:35.903+0000	beacon2.Variants	10.4GB
2023-02-08T22:49:38.905+0000	beacon2.Variants	10.4GB
2023-02-08T22:49:41.891+0000	beacon2.Variants	10.4GB
2023-02-08T22:49:44.893+0000	beacon2.Variants	10.5GB
2023-02-08T22:49:47.892+0000	beacon2.Variants	10.5GB
2023-02-08T22:49:50.902+0000	beacon2.Variants	10.5GB
2023-02-08T22:49:53.893+0000	beacon2.Variants	10.6GB
2023-02-08T22:49:56.892+0000	beacon2.Variants	10.6GB
2023-02-08T22:49:59.891+0000	beacon2.Variants	10.7GB
2023-02-08T22:50:02.907+0000	beacon2.Variants	10.7GB
2023-02-08T22:50:05.892+0000	beacon2.Variants	10.7GB
2023-02-08T22:50:08.894+0000	beacon2.Variants	10.8GB
2023-02-08T22:50:11.894+0000	beacon2.Variants	10.8GB
2023-02-08T22:50:14.901+0000	beacon2.Variants	10.8GB
2023-02-08T22:50:17.895+0000	beacon2.Variants	10.9GB
2023-02-08T22:50:20.891+0000	beacon2.Variants	10.9GB
2023-02-08T22:50:23.894+0000	beacon2.Variants	11.0GB
2023-02-08T22:50:26.893+0000	beacon2.Variants	11.0GB
2023-02-08T22:50:29.892+0000	beacon2.Variants	11.0GB
2023-02-08T22:50:32.894+0000	beacon2.Variants	11.1GB
2023-02-08T22:50:35.893+0000	beacon2.Variants	11.1GB
2023-02-08T22:50:38.892+0000	beacon2.Variants	11.2GB
2023-02-08T22:50:41.901+0000	beacon2.Variants	11.2GB
2023-02-08T22:50:44.892+0000	beacon2.Variants	11.2GB
2023-02-08T22:50:47.894+0000	beacon2.Variants	11.3GB
2023-02-08T22:50:50.900+0000	beacon2.Variants	11.3GB
2023-02-08T22:50:53.895+0000	beacon2.Variants	11.3GB
2023-02-08T22:50:56.894+0000	beacon2.Variants	11.4GB
2023-02-08T22:50:59.891+0000	beacon2.Variants	11.4GB
2023-02-08T22:51:02.892+0000	beacon2.Variants	11.4GB
2023-02-08T22:51:05.894+0000	beacon2.Variants	11.5GB
2023-02-08T22:51:08.891+0000	beacon2.Variants	11.5GB
2023-02-08T22:51:11.895+0000	beacon2.Variants	11.6GB
2023-02-08T22:51:14.892+0000	beacon2.Variants	11.6GB
2023-02-08T22:51:17.892+0000	beacon2.Variants	11.6GB
2023-02-08T22:51:20.902+0000	beacon2.Variants	11.7GB
2023-02-08T22:51:23.893+0000	beacon2.Variants	11.7GB
2023-02-08T22:51:26.898+0000	beacon2.Variants	11.8GB
2023-02-08T22:51:29.891+0000	beacon2.Variants	11.8GB
2023-02-08T22:51:32.896+0000	beacon2.Variants	11.8GB
2023-02-08T22:51:35.897+0000	beacon2.Variants	11.9GB
2023-02-08T22:51:38.898+0000	beacon2.Variants	11.9GB
2023-02-08T22:51:41.892+0000	beacon2.Variants	11.9GB
2023-02-08T22:51:44.897+0000	beacon2.Variants	12.0GB
2023-02-08T22:51:47.899+0000	beacon2.Variants	12.0GB
2023-02-08T22:51:50.899+0000	beacon2.Variants	12.1GB
2023-02-08T22:51:53.893+0000	beacon2.Variants	12.1GB
2023-02-08T22:51:56.891+0000	beacon2.Variants	12.1GB
2023-02-08T22:51:59.891+0000	beacon2.Variants	12.2GB
2023-02-08T22:52:02.893+0000	beacon2.Variants	12.2GB
2023-02-08T22:52:05.891+0000	beacon2.Variants	12.2GB
2023-02-08T22:52:08.891+0000	beacon2.Variants	12.3GB
2023-02-08T22:52:11.894+0000	beacon2.Variants	12.3GB
2023-02-08T22:52:14.894+0000	beacon2.Variants	12.4GB
2023-02-08T22:52:17.898+0000	beacon2.Variants	12.4GB
2023-02-08T22:52:20.891+0000	beacon2.Variants	12.4GB
2023-02-08T22:52:23.891+0000	beacon2.Variants	12.5GB
2023-02-08T22:52:26.891+0000	beacon2.Variants	12.5GB
2023-02-08T22:52:29.894+0000	beacon2.Variants	12.6GB
2023-02-08T22:52:32.891+0000	beacon2.Variants	12.6GB
2023-02-08T22:52:35.893+0000	beacon2.Variants	12.6GB
2023-02-08T22:52:38.900+0000	beacon2.Variants	12.7GB
2023-02-08T22:52:41.899+0000	beacon2.Variants	12.7GB
2023-02-08T22:52:44.891+0000	beacon2.Variants	12.7GB
2023-02-08T22:52:47.897+0000	beacon2.Variants	12.8GB
2023-02-08T22:52:50.894+0000	beacon2.Variants	12.8GB
2023-02-08T22:52:53.901+0000	beacon2.Variants	12.8GB
2023-02-08T22:52:56.895+0000	beacon2.Variants	12.9GB
2023-02-08T22:52:59.891+0000	beacon2.Variants	12.9GB
2023-02-08T22:53:02.898+0000	beacon2.Variants	13.0GB
2023-02-08T22:53:05.895+0000	beacon2.Variants	13.0GB
2023-02-08T22:53:08.894+0000	beacon2.Variants	13.0GB
2023-02-08T22:53:11.891+0000	beacon2.Variants	13.1GB
2023-02-08T22:53:14.894+0000	beacon2.Variants	13.1GB
2023-02-08T22:53:17.894+0000	beacon2.Variants	13.2GB
2023-02-08T22:53:20.891+0000	beacon2.Variants	13.2GB
2023-02-08T22:53:23.893+0000	beacon2.Variants	13.2GB
2023-02-08T22:53:26.897+0000	beacon2.Variants	13.3GB
2023-02-08T22:53:29.892+0000	beacon2.Variants	13.3GB
2023-02-08T22:53:32.895+0000	beacon2.Variants	13.3GB
2023-02-08T22:53:35.893+0000	beacon2.Variants	13.4GB
2023-02-08T22:53:38.909+0000	beacon2.Variants	13.4GB
2023-02-08T22:53:41.898+0000	beacon2.Variants	13.4GB
2023-02-08T22:53:44.904+0000	beacon2.Variants	13.5GB
2023-02-08T22:53:47.891+0000	beacon2.Variants	13.5GB
2023-02-08T22:53:50.906+0000	beacon2.Variants	13.6GB
2023-02-08T22:53:53.896+0000	beacon2.Variants	13.6GB
2023-02-08T22:53:56.891+0000	beacon2.Variants	13.6GB
2023-02-08T22:53:59.891+0000	beacon2.Variants	13.7GB
2023-02-08T22:54:02.897+0000	beacon2.Variants	13.7GB
2023-02-08T22:54:05.893+0000	beacon2.Variants	13.8GB
2023-02-08T22:54:08.891+0000	beacon2.Variants	13.8GB
2023-02-08T22:54:11.894+0000	beacon2.Variants	13.8GB
2023-02-08T22:54:14.893+0000	beacon2.Variants	13.9GB
2023-02-08T22:54:17.899+0000	beacon2.Variants	13.9GB
2023-02-08T22:54:20.894+0000	beacon2.Variants	13.9GB
2023-02-08T22:54:23.896+0000	beacon2.Variants	14.0GB
2023-02-08T22:54:26.891+0000	beacon2.Variants	14.0GB
2023-02-08T22:54:29.894+0000	beacon2.Variants	14.1GB
2023-02-08T22:54:32.892+0000	beacon2.Variants	14.1GB
2023-02-08T22:54:35.898+0000	beacon2.Variants	14.1GB
2023-02-08T22:54:38.895+0000	beacon2.Variants	14.2GB
2023-02-08T22:54:41.892+0000	beacon2.Variants	14.2GB
2023-02-08T22:54:44.896+0000	beacon2.Variants	14.2GB
2023-02-08T22:54:47.892+0000	beacon2.Variants	14.3GB
2023-02-08T22:54:50.891+0000	beacon2.Variants	14.3GB
2023-02-08T22:54:53.895+0000	beacon2.Variants	14.3GB
2023-02-08T22:54:56.897+0000	beacon2.Variants	14.4GB
2023-02-08T22:54:59.899+0000	beacon2.Variants	14.4GB
2023-02-08T22:55:02.898+0000	beacon2.Variants	14.5GB
2023-02-08T22:55:05.897+0000	beacon2.Variants	14.5GB
2023-02-08T22:55:08.891+0000	beacon2.Variants	14.5GB
2023-02-08T22:55:11.891+0000	beacon2.Variants	14.6GB
2023-02-08T22:55:14.896+0000	beacon2.Variants	14.6GB
2023-02-08T22:55:17.901+0000	beacon2.Variants	14.7GB
2023-02-08T22:55:20.896+0000	beacon2.Variants	14.7GB
2023-02-08T22:55:23.895+0000	beacon2.Variants	14.7GB
2023-02-08T22:55:26.891+0000	beacon2.Variants	14.8GB
2023-02-08T22:55:29.894+0000	beacon2.Variants	14.8GB
2023-02-08T22:55:32.896+0000	beacon2.Variants	14.8GB
2023-02-08T22:55:35.891+0000	beacon2.Variants	14.9GB
2023-02-08T22:55:38.894+0000	beacon2.Variants	14.9GB
2023-02-08T22:55:41.895+0000	beacon2.Variants	15.0GB
2023-02-08T22:55:44.891+0000	beacon2.Variants	15.0GB
2023-02-08T22:55:47.891+0000	beacon2.Variants	15.0GB
2023-02-08T22:55:50.902+0000	beacon2.Variants	15.1GB
2023-02-08T22:55:53.891+0000	beacon2.Variants	15.1GB
2023-02-08T22:55:56.894+0000	beacon2.Variants	15.2GB
2023-02-08T22:55:59.891+0000	beacon2.Variants	15.2GB
2023-02-08T22:56:02.895+0000	beacon2.Variants	15.2GB
2023-02-08T22:56:05.891+0000	beacon2.Variants	15.3GB
2023-02-08T22:56:08.891+0000	beacon2.Variants	15.3GB
2023-02-08T22:56:11.891+0000	beacon2.Variants	15.3GB
2023-02-08T22:56:14.892+0000	beacon2.Variants	15.4GB
2023-02-08T22:56:17.892+0000	beacon2.Variants	15.4GB
2023-02-08T22:56:20.891+0000	beacon2.Variants	15.4GB
2023-02-08T22:56:23.891+0000	beacon2.Variants	15.5GB
2023-02-08T22:56:26.891+0000	beacon2.Variants	15.5GB
2023-02-08T22:56:29.892+0000	beacon2.Variants	15.6GB
2023-02-08T22:56:32.891+0000	beacon2.Variants	15.6GB
2023-02-08T22:56:35.902+0000	beacon2.Variants	15.6GB
2023-02-08T22:56:38.892+0000	beacon2.Variants	15.7GB
2023-02-08T22:56:41.896+0000	beacon2.Variants	15.7GB
2023-02-08T22:56:44.894+0000	beacon2.Variants	15.8GB
2023-02-08T22:56:47.894+0000	beacon2.Variants	15.8GB
2023-02-08T22:56:50.896+0000	beacon2.Variants	15.8GB
2023-02-08T22:56:53.923+0000	beacon2.Variants	15.9GB
2023-02-08T22:56:56.894+0000	beacon2.Variants	15.9GB
2023-02-08T22:56:59.894+0000	beacon2.Variants	15.9GB
2023-02-08T22:57:02.894+0000	beacon2.Variants	16.0GB
2023-02-08T22:57:05.898+0000	beacon2.Variants	16.0GB
2023-02-08T22:57:08.899+0000	beacon2.Variants	16.1GB
2023-02-08T22:57:11.891+0000	beacon2.Variants	16.1GB
2023-02-08T22:57:14.893+0000	beacon2.Variants	16.1GB
2023-02-08T22:57:17.900+0000	beacon2.Variants	16.2GB
2023-02-08T22:57:20.908+0000	beacon2.Variants	16.2GB
2023-02-08T22:57:23.893+0000	beacon2.Variants	16.2GB
2023-02-08T22:57:26.898+0000	beacon2.Variants	16.3GB
2023-02-08T22:57:29.894+0000	beacon2.Variants	16.3GB
2023-02-08T22:57:32.894+0000	beacon2.Variants	16.4GB
2023-02-08T22:57:35.891+0000	beacon2.Variants	16.4GB
2023-02-08T22:57:38.891+0000	beacon2.Variants	16.4GB
2023-02-08T22:57:41.904+0000	beacon2.Variants	16.5GB
2023-02-08T22:57:44.891+0000	beacon2.Variants	16.5GB
2023-02-08T22:57:47.893+0000	beacon2.Variants	16.5GB
2023-02-08T22:57:50.891+0000	beacon2.Variants	16.6GB
2023-02-08T22:57:53.897+0000	beacon2.Variants	16.6GB
2023-02-08T22:57:56.891+0000	beacon2.Variants	16.6GB
2023-02-08T22:57:59.900+0000	beacon2.Variants	16.7GB
2023-02-08T22:58:02.894+0000	beacon2.Variants	16.7GB
2023-02-08T22:58:05.894+0000	beacon2.Variants	16.8GB
2023-02-08T22:58:08.891+0000	beacon2.Variants	16.8GB
2023-02-08T22:58:11.892+0000	beacon2.Variants	16.8GB
2023-02-08T22:58:14.904+0000	beacon2.Variants	16.9GB
2023-02-08T22:58:17.891+0000	beacon2.Variants	16.9GB
2023-02-08T22:58:20.892+0000	beacon2.Variants	16.9GB
2023-02-08T22:58:23.891+0000	beacon2.Variants	17.0GB
2023-02-08T22:58:26.892+0000	beacon2.Variants	17.0GB
2023-02-08T22:58:29.908+0000	beacon2.Variants	17.1GB
2023-02-08T22:58:32.891+0000	beacon2.Variants	17.1GB
2023-02-08T22:58:35.898+0000	beacon2.Variants	17.1GB
2023-02-08T22:58:38.897+0000	beacon2.Variants	17.2GB
2023-02-08T22:58:41.891+0000	beacon2.Variants	17.2GB
2023-02-08T22:58:44.892+0000	beacon2.Variants	17.2GB
2023-02-08T22:58:47.905+0000	beacon2.Variants	17.3GB
2023-02-08T22:58:50.897+0000	beacon2.Variants	17.3GB
2023-02-08T22:58:53.896+0000	beacon2.Variants	17.4GB
2023-02-08T22:58:56.904+0000	beacon2.Variants	17.4GB
2023-02-08T22:58:59.891+0000	beacon2.Variants	17.4GB
2023-02-08T22:59:02.892+0000	beacon2.Variants	17.5GB
2023-02-08T22:59:05.894+0000	beacon2.Variants	17.5GB
2023-02-08T22:59:08.892+0000	beacon2.Variants	17.6GB
2023-02-08T22:59:11.900+0000	beacon2.Variants	17.6GB
2023-02-08T22:59:14.893+0000	beacon2.Variants	17.6GB
2023-02-08T22:59:17.895+0000	beacon2.Variants	17.7GB
2023-02-08T22:59:20.893+0000	beacon2.Variants	17.7GB
2023-02-08T22:59:23.893+0000	beacon2.Variants	17.7GB
2023-02-08T22:59:26.894+0000	beacon2.Variants	17.8GB
2023-02-08T22:59:29.897+0000	beacon2.Variants	17.8GB
2023-02-08T22:59:32.891+0000	beacon2.Variants	17.9GB
2023-02-08T22:59:35.891+0000	beacon2.Variants	17.9GB
2023-02-08T22:59:38.897+0000	beacon2.Variants	17.9GB
2023-02-08T22:59:41.897+0000	beacon2.Variants	18.0GB
2023-02-08T22:59:44.891+0000	beacon2.Variants	18.0GB
2023-02-08T22:59:47.896+0000	beacon2.Variants	18.0GB
2023-02-08T22:59:50.897+0000	beacon2.Variants	18.1GB
2023-02-08T22:59:53.891+0000	beacon2.Variants	18.1GB
2023-02-08T22:59:56.894+0000	beacon2.Variants	18.1GB
2023-02-08T22:59:59.891+0000	beacon2.Variants	18.2GB
2023-02-08T23:00:02.893+0000	beacon2.Variants	18.2GB
2023-02-08T23:00:05.893+0000	beacon2.Variants	18.3GB
2023-02-08T23:00:08.906+0000	beacon2.Variants	18.3GB
2023-02-08T23:00:11.895+0000	beacon2.Variants	18.3GB
2023-02-08T23:00:14.891+0000	beacon2.Variants	18.4GB
2023-02-08T23:00:17.899+0000	beacon2.Variants	18.4GB
2023-02-08T23:00:20.893+0000	beacon2.Variants	18.4GB
2023-02-08T23:00:23.893+0000	beacon2.Variants	18.5GB
2023-02-08T23:00:26.896+0000	beacon2.Variants	18.5GB
2023-02-08T23:00:29.906+0000	beacon2.Variants	18.6GB
2023-02-08T23:00:32.893+0000	beacon2.Variants	18.6GB
2023-02-08T23:00:35.895+0000	beacon2.Variants	18.6GB
2023-02-08T23:00:38.903+0000	beacon2.Variants	18.7GB
2023-02-08T23:00:41.891+0000	beacon2.Variants	18.7GB
2023-02-08T23:00:44.900+0000	beacon2.Variants	18.8GB
2023-02-08T23:00:47.902+0000	beacon2.Variants	18.8GB
2023-02-08T23:00:50.894+0000	beacon2.Variants	18.8GB
2023-02-08T23:00:53.892+0000	beacon2.Variants	18.9GB
2023-02-08T23:00:56.892+0000	beacon2.Variants	18.9GB
2023-02-08T23:00:59.891+0000	beacon2.Variants	18.9GB
2023-02-08T23:01:02.895+0000	beacon2.Variants	19.0GB
2023-02-08T23:01:05.894+0000	beacon2.Variants	19.0GB
2023-02-08T23:01:08.899+0000	beacon2.Variants	19.1GB
2023-02-08T23:01:11.893+0000	beacon2.Variants	19.1GB
2023-02-08T23:01:14.892+0000	beacon2.Variants	19.1GB
2023-02-08T23:01:17.891+0000	beacon2.Variants	19.2GB
2023-02-08T23:01:20.892+0000	beacon2.Variants	19.2GB
2023-02-08T23:01:23.903+0000	beacon2.Variants	19.2GB
2023-02-08T23:01:26.891+0000	beacon2.Variants	19.3GB
2023-02-08T23:01:29.891+0000	beacon2.Variants	19.3GB
2023-02-08T23:01:32.899+0000	beacon2.Variants	19.4GB
2023-02-08T23:01:35.898+0000	beacon2.Variants	19.4GB
2023-02-08T23:01:38.903+0000	beacon2.Variants	19.4GB
2023-02-08T23:01:41.898+0000	beacon2.Variants	19.5GB
2023-02-08T23:01:44.901+0000	beacon2.Variants	19.5GB
2023-02-08T23:01:47.896+0000	beacon2.Variants	19.5GB
2023-02-08T23:01:50.892+0000	beacon2.Variants	19.6GB
2023-02-08T23:01:53.894+0000	beacon2.Variants	19.6GB
2023-02-08T23:01:56.897+0000	beacon2.Variants	19.7GB
2023-02-08T23:01:59.892+0000	beacon2.Variants	19.7GB
2023-02-08T23:02:02.900+0000	beacon2.Variants	19.7GB
2023-02-08T23:02:05.898+0000	beacon2.Variants	19.8GB
2023-02-08T23:02:08.892+0000	beacon2.Variants	19.8GB
2023-02-08T23:02:11.894+0000	beacon2.Variants	19.8GB
2023-02-08T23:02:14.919+0000	beacon2.Variants	19.9GB
2023-02-08T23:02:17.900+0000	beacon2.Variants	19.9GB
2023-02-08T23:02:20.898+0000	beacon2.Variants	20.0GB
2023-02-08T23:02:23.895+0000	beacon2.Variants	20.0GB
2023-02-08T23:02:26.907+0000	beacon2.Variants	20.0GB
2023-02-08T23:02:29.899+0000	beacon2.Variants	20.1GB
2023-02-08T23:02:32.892+0000	beacon2.Variants	20.1GB
2023-02-08T23:02:35.891+0000	beacon2.Variants	20.1GB
2023-02-08T23:02:38.906+0000	beacon2.Variants	20.2GB
2023-02-08T23:02:41.900+0000	beacon2.Variants	20.2GB
2023-02-08T23:02:44.895+0000	beacon2.Variants	20.3GB
2023-02-08T23:02:47.894+0000	beacon2.Variants	20.3GB
2023-02-08T23:02:50.905+0000	beacon2.Variants	20.3GB
2023-02-08T23:02:53.903+0000	beacon2.Variants	20.4GB
2023-02-08T23:02:56.893+0000	beacon2.Variants	20.4GB
2023-02-08T23:02:59.893+0000	beacon2.Variants	20.4GB
2023-02-08T23:03:02.900+0000	beacon2.Variants	20.5GB
2023-02-08T23:03:05.904+0000	beacon2.Variants	20.5GB
2023-02-08T23:03:08.900+0000	beacon2.Variants	20.6GB
2023-02-08T23:03:11.893+0000	beacon2.Variants	20.6GB
2023-02-08T23:03:14.899+0000	beacon2.Variants	20.6GB
2023-02-08T23:03:17.892+0000	beacon2.Variants	20.7GB
2023-02-08T23:03:20.893+0000	beacon2.Variants	20.7GB
2023-02-08T23:03:23.899+0000	beacon2.Variants	20.8GB
2023-02-08T23:03:26.891+0000	beacon2.Variants	20.8GB
2023-02-08T23:03:29.894+0000	beacon2.Variants	20.8GB
2023-02-08T23:03:32.897+0000	beacon2.Variants	20.9GB
2023-02-08T23:03:35.891+0000	beacon2.Variants	20.9GB
2023-02-08T23:03:38.897+0000	beacon2.Variants	20.9GB
2023-02-08T23:03:41.892+0000	beacon2.Variants	21.0GB
2023-02-08T23:03:44.891+0000	beacon2.Variants	21.0GB
2023-02-08T23:03:47.891+0000	beacon2.Variants	21.1GB
2023-02-08T23:03:50.894+0000	beacon2.Variants	21.1GB
2023-02-08T23:03:53.901+0000	beacon2.Variants	21.1GB
2023-02-08T23:03:56.895+0000	beacon2.Variants	21.2GB
2023-02-08T23:03:59.891+0000	beacon2.Variants	21.2GB
2023-02-08T23:04:02.894+0000	beacon2.Variants	21.2GB
2023-02-08T23:04:05.899+0000	beacon2.Variants	21.3GB
2023-02-08T23:04:08.895+0000	beacon2.Variants	21.3GB
2023-02-08T23:04:11.892+0000	beacon2.Variants	21.4GB
2023-02-08T23:04:14.892+0000	beacon2.Variants	21.4GB
2023-02-08T23:04:17.891+0000	beacon2.Variants	21.4GB
2023-02-08T23:04:20.893+0000	beacon2.Variants	21.5GB
2023-02-08T23:04:23.895+0000	beacon2.Variants	21.5GB
2023-02-08T23:04:26.892+0000	beacon2.Variants	21.6GB
2023-02-08T23:04:29.891+0000	beacon2.Variants	21.6GB
2023-02-08T23:04:32.892+0000	beacon2.Variants	21.6GB
2023-02-08T23:04:35.891+0000	beacon2.Variants	21.7GB
2023-02-08T23:04:38.892+0000	beacon2.Variants	21.7GB
2023-02-08T23:04:41.893+0000	beacon2.Variants	21.7GB
2023-02-08T23:04:44.911+0000	beacon2.Variants	21.8GB
2023-02-08T23:04:47.892+0000	beacon2.Variants	21.8GB
2023-02-08T23:04:50.895+0000	beacon2.Variants	21.9GB
2023-02-08T23:04:53.892+0000	beacon2.Variants	21.9GB
2023-02-08T23:04:56.899+0000	beacon2.Variants	21.9GB
2023-02-08T23:04:59.891+0000	beacon2.Variants	22.0GB
2023-02-08T23:05:02.896+0000	beacon2.Variants	22.0GB
2023-02-08T23:05:05.891+0000	beacon2.Variants	22.0GB
2023-02-08T23:05:08.891+0000	beacon2.Variants	22.1GB
2023-02-08T23:05:11.892+0000	beacon2.Variants	22.1GB
2023-02-08T23:05:14.891+0000	beacon2.Variants	22.1GB
2023-02-08T23:05:17.899+0000	beacon2.Variants	22.2GB
2023-02-08T23:05:20.892+0000	beacon2.Variants	22.2GB
2023-02-08T23:05:23.894+0000	beacon2.Variants	22.3GB
2023-02-08T23:05:26.893+0000	beacon2.Variants	22.3GB
2023-02-08T23:05:29.893+0000	beacon2.Variants	22.3GB
2023-02-08T23:05:32.901+0000	beacon2.Variants	22.4GB
2023-02-08T23:05:35.901+0000	beacon2.Variants	22.4GB
2023-02-08T23:05:38.895+0000	beacon2.Variants	22.5GB
2023-02-08T23:05:41.897+0000	beacon2.Variants	22.5GB
2023-02-08T23:05:44.892+0000	beacon2.Variants	22.5GB
2023-02-08T23:05:47.892+0000	beacon2.Variants	22.6GB
2023-02-08T23:05:50.901+0000	beacon2.Variants	22.6GB
2023-02-08T23:05:53.891+0000	beacon2.Variants	22.6GB
2023-02-08T23:05:56.894+0000	beacon2.Variants	22.7GB
2023-02-08T23:05:59.893+0000	beacon2.Variants	22.7GB
2023-02-08T23:06:02.895+0000	beacon2.Variants	22.8GB
2023-02-08T23:06:05.894+0000	beacon2.Variants	22.8GB
2023-02-08T23:06:08.892+0000	beacon2.Variants	22.8GB
2023-02-08T23:06:11.892+0000	beacon2.Variants	22.9GB
2023-02-08T23:06:14.904+0000	beacon2.Variants	22.9GB
2023-02-08T23:06:17.894+0000	beacon2.Variants	22.9GB
2023-02-08T23:06:20.898+0000	beacon2.Variants	23.0GB
2023-02-08T23:06:23.892+0000	beacon2.Variants	23.0GB
2023-02-08T23:06:26.893+0000	beacon2.Variants	23.1GB
2023-02-08T23:06:29.892+0000	beacon2.Variants	23.1GB
2023-02-08T23:06:32.892+0000	beacon2.Variants	23.1GB
2023-02-08T23:06:35.891+0000	beacon2.Variants	23.2GB
2023-02-08T23:06:38.891+0000	beacon2.Variants	23.2GB
2023-02-08T23:06:41.895+0000	beacon2.Variants	23.2GB
2023-02-08T23:06:44.893+0000	beacon2.Variants	23.3GB
2023-02-08T23:06:47.894+0000	beacon2.Variants	23.3GB
2023-02-08T23:06:50.895+0000	beacon2.Variants	23.4GB
2023-02-08T23:06:53.892+0000	beacon2.Variants	23.4GB
2023-02-08T23:06:56.900+0000	beacon2.Variants	23.4GB
2023-02-08T23:06:59.891+0000	beacon2.Variants	23.5GB
2023-02-08T23:07:02.897+0000	beacon2.Variants	23.5GB
2023-02-08T23:07:05.891+0000	beacon2.Variants	23.6GB
2023-02-08T23:07:08.893+0000	beacon2.Variants	23.6GB
2023-02-08T23:07:11.895+0000	beacon2.Variants	23.6GB
2023-02-08T23:07:14.898+0000	beacon2.Variants	23.7GB
2023-02-08T23:07:17.893+0000	beacon2.Variants	23.7GB
2023-02-08T23:07:20.891+0000	beacon2.Variants	23.7GB
2023-02-08T23:07:23.893+0000	beacon2.Variants	23.8GB
2023-02-08T23:07:26.899+0000	beacon2.Variants	23.8GB
2023-02-08T23:07:29.892+0000	beacon2.Variants	23.9GB
2023-02-08T23:07:32.892+0000	beacon2.Variants	23.9GB
2023-02-08T23:07:35.891+0000	beacon2.Variants	23.9GB
2023-02-08T23:07:38.895+0000	beacon2.Variants	24.0GB
2023-02-08T23:07:41.891+0000	beacon2.Variants	24.0GB
2023-02-08T23:07:44.893+0000	beacon2.Variants	24.1GB
2023-02-08T23:07:47.892+0000	beacon2.Variants	24.1GB
2023-02-08T23:07:50.891+0000	beacon2.Variants	24.1GB
2023-02-08T23:07:53.892+0000	beacon2.Variants	24.2GB
2023-02-08T23:07:56.913+0000	beacon2.Variants	24.2GB
2023-02-08T23:07:59.892+0000	beacon2.Variants	24.2GB
2023-02-08T23:08:02.891+0000	beacon2.Variants	24.3GB
2023-02-08T23:08:05.897+0000	beacon2.Variants	24.3GB
2023-02-08T23:08:08.892+0000	beacon2.Variants	24.4GB
2023-02-08T23:08:11.891+0000	beacon2.Variants	24.4GB
2023-02-08T23:08:14.892+0000	beacon2.Variants	24.4GB
2023-02-08T23:08:17.897+0000	beacon2.Variants	24.5GB
2023-02-08T23:08:20.891+0000	beacon2.Variants	24.5GB
2023-02-08T23:08:23.891+0000	beacon2.Variants	24.5GB
2023-02-08T23:08:26.891+0000	beacon2.Variants	24.6GB
2023-02-08T23:08:29.892+0000	beacon2.Variants	24.6GB
2023-02-08T23:08:32.900+0000	beacon2.Variants	24.7GB
2023-02-08T23:08:35.893+0000	beacon2.Variants	24.7GB
2023-02-08T23:08:38.896+0000	beacon2.Variants	24.7GB
2023-02-08T23:08:41.895+0000	beacon2.Variants	24.8GB
2023-02-08T23:08:44.891+0000	beacon2.Variants	24.8GB
2023-02-08T23:08:47.894+0000	beacon2.Variants	24.8GB
2023-02-08T23:08:50.894+0000	beacon2.Variants	24.9GB
2023-02-08T23:08:53.893+0000	beacon2.Variants	24.9GB
2023-02-08T23:08:56.891+0000	beacon2.Variants	25.0GB
2023-02-08T23:08:59.897+0000	beacon2.Variants	25.0GB
2023-02-08T23:09:02.891+0000	beacon2.Variants	25.0GB
2023-02-08T23:09:05.891+0000	beacon2.Variants	25.1GB
2023-02-08T23:09:08.899+0000	beacon2.Variants	25.1GB
2023-02-08T23:09:11.892+0000	beacon2.Variants	25.1GB
2023-02-08T23:09:14.897+0000	beacon2.Variants	25.2GB
2023-02-08T23:09:17.899+0000	beacon2.Variants	25.2GB
2023-02-08T23:09:20.893+0000	beacon2.Variants	25.3GB
2023-02-08T23:09:23.899+0000	beacon2.Variants	25.3GB
2023-02-08T23:09:26.899+0000	beacon2.Variants	25.3GB
2023-02-08T23:09:29.891+0000	beacon2.Variants	25.4GB
2023-02-08T23:09:32.893+0000	beacon2.Variants	25.4GB
2023-02-08T23:09:35.898+0000	beacon2.Variants	25.4GB
2023-02-08T23:09:38.891+0000	beacon2.Variants	25.5GB
2023-02-08T23:09:41.893+0000	beacon2.Variants	25.5GB
2023-02-08T23:09:44.893+0000	beacon2.Variants	25.6GB
2023-02-08T23:09:47.897+0000	beacon2.Variants	25.6GB
2023-02-08T23:09:50.899+0000	beacon2.Variants	25.6GB
2023-02-08T23:09:53.894+0000	beacon2.Variants	25.7GB
2023-02-08T23:09:56.893+0000	beacon2.Variants	25.7GB
2023-02-08T23:09:59.891+0000	beacon2.Variants	25.8GB
2023-02-08T23:10:02.895+0000	beacon2.Variants	25.8GB
2023-02-08T23:10:05.900+0000	beacon2.Variants	25.8GB
2023-02-08T23:10:08.894+0000	beacon2.Variants	25.9GB
2023-02-08T23:10:11.895+0000	beacon2.Variants	25.9GB
2023-02-08T23:10:14.900+0000	beacon2.Variants	25.9GB
2023-02-08T23:10:17.891+0000	beacon2.Variants	26.0GB
2023-02-08T23:10:20.893+0000	beacon2.Variants	26.0GB
2023-02-08T23:10:23.892+0000	beacon2.Variants	26.1GB
2023-02-08T23:10:26.894+0000	beacon2.Variants	26.1GB
2023-02-08T23:10:29.905+0000	beacon2.Variants	26.1GB
2023-02-08T23:10:32.895+0000	beacon2.Variants	26.2GB
2023-02-08T23:10:35.891+0000	beacon2.Variants	26.2GB
2023-02-08T23:10:38.892+0000	beacon2.Variants	26.2GB
2023-02-08T23:10:41.893+0000	beacon2.Variants	26.3GB
2023-02-08T23:10:44.892+0000	beacon2.Variants	26.3GB
2023-02-08T23:10:47.898+0000	beacon2.Variants	26.4GB
2023-02-08T23:10:50.892+0000	beacon2.Variants	26.4GB
2023-02-08T23:10:53.899+0000	beacon2.Variants	26.4GB
2023-02-08T23:10:56.900+0000	beacon2.Variants	26.5GB
2023-02-08T23:10:59.897+0000	beacon2.Variants	26.5GB
2023-02-08T23:11:02.894+0000	beacon2.Variants	26.6GB
2023-02-08T23:11:05.891+0000	beacon2.Variants	26.6GB
2023-02-08T23:11:08.896+0000	beacon2.Variants	26.6GB
2023-02-08T23:11:11.899+0000	beacon2.Variants	26.7GB
2023-02-08T23:11:14.894+0000	beacon2.Variants	26.7GB
2023-02-08T23:11:17.892+0000	beacon2.Variants	26.7GB
2023-02-08T23:11:20.893+0000	beacon2.Variants	26.8GB
2023-02-08T23:11:23.891+0000	beacon2.Variants	26.8GB
2023-02-08T23:11:26.891+0000	beacon2.Variants	26.8GB
2023-02-08T23:11:29.895+0000	beacon2.Variants	26.9GB
2023-02-08T23:11:32.893+0000	beacon2.Variants	26.9GB
2023-02-08T23:11:35.906+0000	beacon2.Variants	27.0GB
2023-02-08T23:11:38.894+0000	beacon2.Variants	27.0GB
2023-02-08T23:11:41.891+0000	beacon2.Variants	27.0GB
2023-02-08T23:11:44.893+0000	beacon2.Variants	27.1GB
2023-02-08T23:11:47.891+0000	beacon2.Variants	27.1GB
2023-02-08T23:11:50.899+0000	beacon2.Variants	27.1GB
2023-02-08T23:11:53.904+0000	beacon2.Variants	27.2GB
2023-02-08T23:11:56.891+0000	beacon2.Variants	27.2GB
2023-02-08T23:11:59.892+0000	beacon2.Variants	27.3GB
2023-02-08T23:12:02.907+0000	beacon2.Variants	27.3GB
2023-02-08T23:12:05.891+0000	beacon2.Variants	27.3GB
2023-02-08T23:12:08.891+0000	beacon2.Variants	27.4GB
2023-02-08T23:12:11.898+0000	beacon2.Variants	27.4GB
2023-02-08T23:12:14.896+0000	beacon2.Variants	27.4GB
2023-02-08T23:12:17.895+0000	beacon2.Variants	27.5GB
2023-02-08T23:12:20.895+0000	beacon2.Variants	27.5GB
2023-02-08T23:12:23.891+0000	beacon2.Variants	27.6GB
2023-02-08T23:12:26.897+0000	beacon2.Variants	27.6GB
2023-02-08T23:12:29.899+0000	beacon2.Variants	27.6GB
2023-02-08T23:12:32.891+0000	beacon2.Variants	27.7GB
2023-02-08T23:12:35.893+0000	beacon2.Variants	27.7GB
2023-02-08T23:12:38.891+0000	beacon2.Variants	27.8GB
2023-02-08T23:12:41.895+0000	beacon2.Variants	27.8GB
2023-02-08T23:12:44.892+0000	beacon2.Variants	27.8GB
2023-02-08T23:12:47.896+0000	beacon2.Variants	27.9GB
2023-02-08T23:12:50.896+0000	beacon2.Variants	27.9GB
2023-02-08T23:12:53.894+0000	beacon2.Variants	27.9GB
2023-02-08T23:12:56.894+0000	beacon2.Variants	28.0GB
2023-02-08T23:12:59.892+0000	beacon2.Variants	28.0GB
2023-02-08T23:13:02.898+0000	beacon2.Variants	28.1GB
2023-02-08T23:13:05.892+0000	beacon2.Variants	28.1GB
2023-02-08T23:13:08.903+0000	beacon2.Variants	28.1GB
2023-02-08T23:13:11.891+0000	beacon2.Variants	28.2GB
2023-02-08T23:13:14.892+0000	beacon2.Variants	28.2GB
2023-02-08T23:13:17.891+0000	beacon2.Variants	28.2GB
2023-02-08T23:13:20.901+0000	beacon2.Variants	28.3GB
2023-02-08T23:13:23.907+0000	beacon2.Variants	28.3GB
2023-02-08T23:13:26.896+0000	beacon2.Variants	28.4GB
2023-02-08T23:13:29.892+0000	beacon2.Variants	28.4GB
2023-02-08T23:13:32.895+0000	beacon2.Variants	28.4GB
2023-02-08T23:13:35.894+0000	beacon2.Variants	28.5GB
2023-02-08T23:13:38.891+0000	beacon2.Variants	28.5GB
2023-02-08T23:13:41.893+0000	beacon2.Variants	28.5GB
2023-02-08T23:13:44.891+0000	beacon2.Variants	28.6GB
2023-02-08T23:13:47.894+0000	beacon2.Variants	28.6GB
2023-02-08T23:13:50.896+0000	beacon2.Variants	28.7GB
2023-02-08T23:13:53.893+0000	beacon2.Variants	28.7GB
2023-02-08T23:13:56.894+0000	beacon2.Variants	28.7GB
2023-02-08T23:13:59.901+0000	beacon2.Variants	28.8GB
2023-02-08T23:14:02.891+0000	beacon2.Variants	28.8GB
2023-02-08T23:14:05.894+0000	beacon2.Variants	28.8GB
2023-02-08T23:14:08.898+0000	beacon2.Variants	28.9GB
2023-02-08T23:14:11.893+0000	beacon2.Variants	28.9GB
2023-02-08T23:14:14.893+0000	beacon2.Variants	29.0GB
2023-02-08T23:14:17.896+0000	beacon2.Variants	29.0GB
2023-02-08T23:14:20.909+0000	beacon2.Variants	29.0GB
2023-02-08T23:14:23.898+0000	beacon2.Variants	29.1GB
2023-02-08T23:14:26.894+0000	beacon2.Variants	29.1GB
2023-02-08T23:14:29.892+0000	beacon2.Variants	29.1GB
2023-02-08T23:14:32.893+0000	beacon2.Variants	29.2GB
2023-02-08T23:14:35.894+0000	beacon2.Variants	29.2GB
2023-02-08T23:14:38.891+0000	beacon2.Variants	29.3GB
2023-02-08T23:14:41.895+0000	beacon2.Variants	29.3GB
2023-02-08T23:14:44.891+0000	beacon2.Variants	29.3GB
2023-02-08T23:14:47.894+0000	beacon2.Variants	29.4GB
2023-02-08T23:14:50.907+0000	beacon2.Variants	29.4GB
2023-02-08T23:14:53.891+0000	beacon2.Variants	29.4GB
2023-02-08T23:14:56.893+0000	beacon2.Variants	29.5GB
2023-02-08T23:14:59.899+0000	beacon2.Variants	29.5GB
2023-02-08T23:15:02.893+0000	beacon2.Variants	29.6GB
2023-02-08T23:15:05.911+0000	beacon2.Variants	29.6GB
2023-02-08T23:15:08.894+0000	beacon2.Variants	29.6GB
2023-02-08T23:15:11.893+0000	beacon2.Variants	29.7GB
2023-02-08T23:15:14.898+0000	beacon2.Variants	29.7GB
2023-02-08T23:15:17.891+0000	beacon2.Variants	29.7GB
2023-02-08T23:15:20.894+0000	beacon2.Variants	29.8GB
2023-02-08T23:15:23.901+0000	beacon2.Variants	29.8GB
2023-02-08T23:15:26.891+0000	beacon2.Variants	29.9GB
2023-02-08T23:15:29.892+0000	beacon2.Variants	29.9GB
2023-02-08T23:15:32.894+0000	beacon2.Variants	29.9GB
2023-02-08T23:15:35.891+0000	beacon2.Variants	30.0GB
2023-02-08T23:15:38.892+0000	beacon2.Variants	30.0GB
2023-02-08T23:15:41.892+0000	beacon2.Variants	30.1GB
2023-02-08T23:15:44.897+0000	beacon2.Variants	30.1GB
2023-02-08T23:15:47.894+0000	beacon2.Variants	30.1GB
2023-02-08T23:15:50.891+0000	beacon2.Variants	30.2GB
2023-02-08T23:15:53.894+0000	beacon2.Variants	30.2GB
2023-02-08T23:15:56.894+0000	beacon2.Variants	30.2GB
2023-02-08T23:15:59.891+0000	beacon2.Variants	30.3GB
2023-02-08T23:16:02.893+0000	beacon2.Variants	30.3GB
2023-02-08T23:16:05.894+0000	beacon2.Variants	30.4GB
2023-02-08T23:16:08.893+0000	beacon2.Variants	30.4GB
2023-02-08T23:16:11.895+0000	beacon2.Variants	30.4GB
2023-02-08T23:16:14.892+0000	beacon2.Variants	30.5GB
2023-02-08T23:16:17.891+0000	beacon2.Variants	30.5GB
2023-02-08T23:16:20.894+0000	beacon2.Variants	30.5GB
2023-02-08T23:16:23.891+0000	beacon2.Variants	30.6GB
2023-02-08T23:16:26.899+0000	beacon2.Variants	30.6GB
2023-02-08T23:16:29.894+0000	beacon2.Variants	30.6GB
2023-02-08T23:16:32.891+0000	beacon2.Variants	30.7GB
2023-02-08T23:16:35.896+0000	beacon2.Variants	30.7GB
2023-02-08T23:16:38.893+0000	beacon2.Variants	30.8GB
2023-02-08T23:16:41.891+0000	beacon2.Variants	30.8GB
2023-02-08T23:16:44.891+0000	beacon2.Variants	30.8GB
2023-02-08T23:16:47.891+0000	beacon2.Variants	30.9GB
2023-02-08T23:16:50.899+0000	beacon2.Variants	30.9GB
2023-02-08T23:16:53.893+0000	beacon2.Variants	30.9GB
2023-02-08T23:16:56.893+0000	beacon2.Variants	31.0GB
2023-02-08T23:16:59.898+0000	beacon2.Variants	31.0GB
2023-02-08T23:17:02.896+0000	beacon2.Variants	31.1GB
2023-02-08T23:17:05.894+0000	beacon2.Variants	31.1GB
2023-02-08T23:17:08.892+0000	beacon2.Variants	31.1GB
2023-02-08T23:17:11.891+0000	beacon2.Variants	31.2GB
2023-02-08T23:17:14.905+0000	beacon2.Variants	31.2GB
2023-02-08T23:17:17.892+0000	beacon2.Variants	31.3GB
2023-02-08T23:17:20.892+0000	beacon2.Variants	31.3GB
2023-02-08T23:17:23.891+0000	beacon2.Variants	31.3GB
2023-02-08T23:17:26.891+0000	beacon2.Variants	31.4GB
2023-02-08T23:17:29.892+0000	beacon2.Variants	31.4GB
2023-02-08T23:17:32.893+0000	beacon2.Variants	31.4GB
2023-02-08T23:17:35.892+0000	beacon2.Variants	31.5GB
2023-02-08T23:17:38.891+0000	beacon2.Variants	31.5GB
2023-02-08T23:17:41.891+0000	beacon2.Variants	31.6GB
2023-02-08T23:17:44.891+0000	beacon2.Variants	31.6GB
2023-02-08T23:17:47.899+0000	beacon2.Variants	31.6GB
2023-02-08T23:17:50.894+0000	beacon2.Variants	31.7GB
2023-02-08T23:17:53.892+0000	beacon2.Variants	31.7GB
2023-02-08T23:17:56.893+0000	beacon2.Variants	31.8GB
2023-02-08T23:17:59.891+0000	beacon2.Variants	31.8GB
2023-02-08T23:18:02.891+0000	beacon2.Variants	31.8GB
2023-02-08T23:18:05.891+0000	beacon2.Variants	31.9GB
2023-02-08T23:18:08.892+0000	beacon2.Variants	31.9GB
2023-02-08T23:18:11.907+0000	beacon2.Variants	31.9GB
2023-02-08T23:18:14.894+0000	beacon2.Variants	32.0GB
2023-02-08T23:18:17.895+0000	beacon2.Variants	32.0GB
2023-02-08T23:18:20.891+0000	beacon2.Variants	32.0GB
2023-02-08T23:18:23.892+0000	beacon2.Variants	32.1GB
2023-02-08T23:18:26.897+0000	beacon2.Variants	32.1GB
2023-02-08T23:18:29.892+0000	beacon2.Variants	32.2GB
2023-02-08T23:18:32.891+0000	beacon2.Variants	32.2GB
2023-02-08T23:18:35.891+0000	beacon2.Variants	32.2GB
2023-02-08T23:18:38.891+0000	beacon2.Variants	32.3GB
2023-02-08T23:18:41.895+0000	beacon2.Variants	32.3GB
2023-02-08T23:18:44.892+0000	beacon2.Variants	32.4GB
2023-02-08T23:18:47.901+0000	beacon2.Variants	32.4GB
2023-02-08T23:18:50.896+0000	beacon2.Variants	32.4GB
2023-02-08T23:18:53.891+0000	beacon2.Variants	32.5GB
2023-02-08T23:18:56.892+0000	beacon2.Variants	32.5GB
2023-02-08T23:18:59.899+0000	beacon2.Variants	32.5GB
2023-02-08T23:19:02.892+0000	beacon2.Variants	32.6GB
2023-02-08T23:19:05.897+0000	beacon2.Variants	32.6GB
2023-02-08T23:19:08.893+0000	beacon2.Variants	32.6GB
2023-02-08T23:19:11.931+0000	beacon2.Variants	32.7GB
2023-02-08T23:19:14.891+0000	beacon2.Variants	32.7GB
2023-02-08T23:19:17.893+0000	beacon2.Variants	32.8GB
2023-02-08T23:19:20.894+0000	beacon2.Variants	32.8GB
2023-02-08T23:19:23.891+0000	beacon2.Variants	32.8GB
2023-02-08T23:19:26.905+0000	beacon2.Variants	32.9GB
2023-02-08T23:19:29.895+0000	beacon2.Variants	32.9GB
2023-02-08T23:19:32.891+0000	beacon2.Variants	33.0GB
2023-02-08T23:19:35.895+0000	beacon2.Variants	33.0GB
2023-02-08T23:19:38.893+0000	beacon2.Variants	33.0GB
2023-02-08T23:19:41.895+0000	beacon2.Variants	33.1GB
2023-02-08T23:19:44.893+0000	beacon2.Variants	33.1GB
2023-02-08T23:19:47.893+0000	beacon2.Variants	33.1GB
2023-02-08T23:19:50.902+0000	beacon2.Variants	33.2GB
2023-02-08T23:19:53.900+0000	beacon2.Variants	33.2GB
2023-02-08T23:19:56.907+0000	beacon2.Variants	33.3GB
2023-02-08T23:19:59.893+0000	beacon2.Variants	33.3GB
2023-02-08T23:20:02.891+0000	beacon2.Variants	33.3GB
2023-02-08T23:20:05.899+0000	beacon2.Variants	33.4GB
2023-02-08T23:20:08.893+0000	beacon2.Variants	33.4GB
2023-02-08T23:20:11.892+0000	beacon2.Variants	33.5GB
2023-02-08T23:20:14.905+0000	beacon2.Variants	33.5GB
2023-02-08T23:20:17.891+0000	beacon2.Variants	33.5GB
2023-02-08T23:20:20.901+0000	beacon2.Variants	33.6GB
2023-02-08T23:20:23.905+0000	beacon2.Variants	33.6GB
2023-02-08T23:20:26.903+0000	beacon2.Variants	33.6GB
2023-02-08T23:20:29.894+0000	beacon2.Variants	33.7GB
2023-02-08T23:20:32.892+0000	beacon2.Variants	33.7GB
2023-02-08T23:20:35.894+0000	beacon2.Variants	33.8GB
2023-02-08T23:20:38.897+0000	beacon2.Variants	33.8GB
2023-02-08T23:20:41.892+0000	beacon2.Variants	33.8GB
2023-02-08T23:20:44.896+0000	beacon2.Variants	33.9GB
2023-02-08T23:20:47.901+0000	beacon2.Variants	33.9GB
2023-02-08T23:20:50.892+0000	beacon2.Variants	33.9GB
2023-02-08T23:20:53.891+0000	beacon2.Variants	34.0GB
2023-02-08T23:20:56.891+0000	beacon2.Variants	34.0GB
2023-02-08T23:20:59.891+0000	beacon2.Variants	34.0GB
2023-02-08T23:21:02.891+0000	beacon2.Variants	34.1GB
2023-02-08T23:21:05.894+0000	beacon2.Variants	34.1GB
2023-02-08T23:21:08.892+0000	beacon2.Variants	34.2GB
2023-02-08T23:21:11.902+0000	beacon2.Variants	34.2GB
2023-02-08T23:21:14.895+0000	beacon2.Variants	34.2GB
2023-02-08T23:21:17.892+0000	beacon2.Variants	34.3GB
2023-02-08T23:21:20.891+0000	beacon2.Variants	34.3GB
2023-02-08T23:21:23.892+0000	beacon2.Variants	34.4GB
2023-02-08T23:21:26.891+0000	beacon2.Variants	34.4GB
2023-02-08T23:21:29.891+0000	beacon2.Variants	34.4GB
2023-02-08T23:21:32.895+0000	beacon2.Variants	34.5GB
2023-02-08T23:21:35.900+0000	beacon2.Variants	34.5GB
2023-02-08T23:21:38.892+0000	beacon2.Variants	34.5GB
2023-02-08T23:21:41.891+0000	beacon2.Variants	34.6GB
2023-02-08T23:21:44.898+0000	beacon2.Variants	34.6GB
2023-02-08T23:21:47.891+0000	beacon2.Variants	34.7GB
2023-02-08T23:21:50.907+0000	beacon2.Variants	34.7GB
2023-02-08T23:21:53.891+0000	beacon2.Variants	34.7GB
2023-02-08T23:21:56.896+0000	beacon2.Variants	34.8GB
2023-02-08T23:21:59.892+0000	beacon2.Variants	34.8GB
2023-02-08T23:22:02.893+0000	beacon2.Variants	34.9GB
2023-02-08T23:22:05.896+0000	beacon2.Variants	34.9GB
2023-02-08T23:22:08.900+0000	beacon2.Variants	34.9GB
2023-02-08T23:22:11.891+0000	beacon2.Variants	35.0GB
2023-02-08T23:22:14.901+0000	beacon2.Variants	35.0GB
2023-02-08T23:22:17.898+0000	beacon2.Variants	35.0GB
2023-02-08T23:22:20.897+0000	beacon2.Variants	35.1GB
2023-02-08T23:22:23.894+0000	beacon2.Variants	35.1GB
2023-02-08T23:22:26.898+0000	beacon2.Variants	35.1GB
2023-02-08T23:22:29.891+0000	beacon2.Variants	35.2GB
2023-02-08T23:22:32.893+0000	beacon2.Variants	35.2GB
2023-02-08T23:22:35.899+0000	beacon2.Variants	35.3GB
2023-02-08T23:22:38.892+0000	beacon2.Variants	35.3GB
2023-02-08T23:22:41.894+0000	beacon2.Variants	35.3GB
2023-02-08T23:22:44.899+0000	beacon2.Variants	35.4GB
2023-02-08T23:22:47.893+0000	beacon2.Variants	35.4GB
2023-02-08T23:22:50.895+0000	beacon2.Variants	35.5GB
2023-02-08T23:22:53.898+0000	beacon2.Variants	35.5GB
2023-02-08T23:22:56.892+0000	beacon2.Variants	35.5GB
2023-02-08T23:22:59.892+0000	beacon2.Variants	35.6GB
2023-02-08T23:23:02.892+0000	beacon2.Variants	35.6GB
2023-02-08T23:23:05.893+0000	beacon2.Variants	35.6GB
2023-02-08T23:23:08.899+0000	beacon2.Variants	35.7GB
2023-02-08T23:23:11.891+0000	beacon2.Variants	35.7GB
2023-02-08T23:23:14.893+0000	beacon2.Variants	35.8GB
2023-02-08T23:23:17.891+0000	beacon2.Variants	35.8GB
2023-02-08T23:23:20.894+0000	beacon2.Variants	35.8GB
2023-02-08T23:23:23.894+0000	beacon2.Variants	35.9GB
2023-02-08T23:23:26.900+0000	beacon2.Variants	35.9GB
2023-02-08T23:23:29.901+0000	beacon2.Variants	36.0GB
2023-02-08T23:23:32.895+0000	beacon2.Variants	36.0GB
2023-02-08T23:23:35.892+0000	beacon2.Variants	36.0GB
2023-02-08T23:23:38.891+0000	beacon2.Variants	36.1GB
2023-02-08T23:23:41.896+0000	beacon2.Variants	36.1GB
2023-02-08T23:23:44.895+0000	beacon2.Variants	36.1GB
2023-02-08T23:23:47.892+0000	beacon2.Variants	36.2GB
2023-02-08T23:23:50.902+0000	beacon2.Variants	36.2GB
2023-02-08T23:23:53.894+0000	beacon2.Variants	36.2GB
2023-02-08T23:23:56.893+0000	beacon2.Variants	36.3GB
2023-02-08T23:23:59.898+0000	beacon2.Variants	36.3GB
2023-02-08T23:24:02.891+0000	beacon2.Variants	36.4GB
2023-02-08T23:24:05.891+0000	beacon2.Variants	36.4GB
2023-02-08T23:24:08.891+0000	beacon2.Variants	36.4GB
2023-02-08T23:24:11.891+0000	beacon2.Variants	36.5GB
2023-02-08T23:24:14.891+0000	beacon2.Variants	36.5GB
2023-02-08T23:24:17.900+0000	beacon2.Variants	36.5GB
2023-02-08T23:24:20.891+0000	beacon2.Variants	36.6GB
2023-02-08T23:24:23.895+0000	beacon2.Variants	36.6GB
2023-02-08T23:24:26.893+0000	beacon2.Variants	36.7GB
2023-02-08T23:24:29.897+0000	beacon2.Variants	36.7GB
2023-02-08T23:24:32.900+0000	beacon2.Variants	36.7GB
2023-02-08T23:24:35.892+0000	beacon2.Variants	36.8GB
2023-02-08T23:24:38.891+0000	beacon2.Variants	36.8GB
2023-02-08T23:24:41.894+0000	beacon2.Variants	36.9GB
2023-02-08T23:24:44.905+0000	beacon2.Variants	36.9GB
2023-02-08T23:24:47.892+0000	beacon2.Variants	36.9GB
2023-02-08T23:24:50.892+0000	beacon2.Variants	37.0GB
2023-02-08T23:24:53.893+0000	beacon2.Variants	37.0GB
2023-02-08T23:24:56.892+0000	beacon2.Variants	37.0GB
2023-02-08T23:24:59.891+0000	beacon2.Variants	37.1GB
2023-02-08T23:25:02.903+0000	beacon2.Variants	37.1GB
2023-02-08T23:25:05.905+0000	beacon2.Variants	37.1GB
2023-02-08T23:25:08.892+0000	beacon2.Variants	37.2GB
2023-02-08T23:25:11.894+0000	beacon2.Variants	37.2GB
2023-02-08T23:25:14.894+0000	beacon2.Variants	37.3GB
2023-02-08T23:25:17.891+0000	beacon2.Variants	37.3GB
2023-02-08T23:25:20.899+0000	beacon2.Variants	37.3GB
2023-02-08T23:25:23.894+0000	beacon2.Variants	37.4GB
2023-02-08T23:25:26.892+0000	beacon2.Variants	37.4GB
2023-02-08T23:25:29.892+0000	beacon2.Variants	37.5GB
2023-02-08T23:25:32.892+0000	beacon2.Variants	37.5GB
2023-02-08T23:25:35.891+0000	beacon2.Variants	37.5GB
2023-02-08T23:25:38.892+0000	beacon2.Variants	37.6GB
2023-02-08T23:25:41.902+0000	beacon2.Variants	37.6GB
2023-02-08T23:25:44.891+0000	beacon2.Variants	37.6GB
2023-02-08T23:25:47.892+0000	beacon2.Variants	37.7GB
2023-02-08T23:25:50.891+0000	beacon2.Variants	37.7GB
2023-02-08T23:25:53.892+0000	beacon2.Variants	37.8GB
2023-02-08T23:25:56.894+0000	beacon2.Variants	37.8GB
2023-02-08T23:25:59.891+0000	beacon2.Variants	37.8GB
2023-02-08T23:26:02.893+0000	beacon2.Variants	37.9GB
2023-02-08T23:26:05.893+0000	beacon2.Variants	37.9GB
2023-02-08T23:26:08.903+0000	beacon2.Variants	38.0GB
2023-02-08T23:26:11.896+0000	beacon2.Variants	38.0GB
2023-02-08T23:26:14.892+0000	beacon2.Variants	38.0GB
2023-02-08T23:26:17.891+0000	beacon2.Variants	38.1GB
2023-02-08T23:26:20.891+0000	beacon2.Variants	38.1GB
2023-02-08T23:26:23.896+0000	beacon2.Variants	38.1GB
2023-02-08T23:26:26.902+0000	beacon2.Variants	38.2GB
2023-02-08T23:26:29.892+0000	beacon2.Variants	38.2GB
2023-02-08T23:26:32.899+0000	beacon2.Variants	38.2GB
2023-02-08T23:26:35.891+0000	beacon2.Variants	38.3GB
2023-02-08T23:26:38.891+0000	beacon2.Variants	38.3GB
2023-02-08T23:26:41.891+0000	beacon2.Variants	38.4GB
2023-02-08T23:26:44.891+0000	beacon2.Variants	38.4GB
2023-02-08T23:26:47.903+0000	beacon2.Variants	38.4GB
2023-02-08T23:26:50.894+0000	beacon2.Variants	38.5GB
2023-02-08T23:26:53.896+0000	beacon2.Variants	38.5GB
2023-02-08T23:26:56.892+0000	beacon2.Variants	38.5GB
2023-02-08T23:26:59.895+0000	beacon2.Variants	38.6GB
2023-02-08T23:27:02.892+0000	beacon2.Variants	38.6GB
2023-02-08T23:27:05.892+0000	beacon2.Variants	38.7GB
2023-02-08T23:27:08.901+0000	beacon2.Variants	38.7GB
2023-02-08T23:27:11.893+0000	beacon2.Variants	38.7GB
2023-02-08T23:27:14.891+0000	beacon2.Variants	38.8GB
2023-02-08T23:27:17.904+0000	beacon2.Variants	38.8GB
2023-02-08T23:27:20.891+0000	beacon2.Variants	38.9GB
2023-02-08T23:27:23.891+0000	beacon2.Variants	38.9GB
2023-02-08T23:27:26.891+0000	beacon2.Variants	38.9GB
2023-02-08T23:27:29.892+0000	beacon2.Variants	39.0GB
2023-02-08T23:27:32.895+0000	beacon2.Variants	39.0GB
2023-02-08T23:27:35.898+0000	beacon2.Variants	39.0GB
2023-02-08T23:27:38.892+0000	beacon2.Variants	39.1GB
2023-02-08T23:27:41.892+0000	beacon2.Variants	39.1GB
2023-02-08T23:27:44.892+0000	beacon2.Variants	39.1GB
2023-02-08T23:27:47.893+0000	beacon2.Variants	39.2GB
2023-02-08T23:27:50.895+0000	beacon2.Variants	39.2GB
2023-02-08T23:27:53.892+0000	beacon2.Variants	39.3GB
2023-02-08T23:27:56.894+0000	beacon2.Variants	39.3GB
2023-02-08T23:27:59.893+0000	beacon2.Variants	39.3GB
2023-02-08T23:28:02.898+0000	beacon2.Variants	39.4GB
2023-02-08T23:28:05.894+0000	beacon2.Variants	39.4GB
2023-02-08T23:28:08.896+0000	beacon2.Variants	39.5GB
2023-02-08T23:28:11.892+0000	beacon2.Variants	39.5GB
2023-02-08T23:28:14.900+0000	beacon2.Variants	39.5GB
2023-02-08T23:28:17.892+0000	beacon2.Variants	39.6GB
2023-02-08T23:28:20.891+0000	beacon2.Variants	39.6GB
2023-02-08T23:28:23.891+0000	beacon2.Variants	39.6GB
2023-02-08T23:28:26.902+0000	beacon2.Variants	39.7GB
2023-02-08T23:28:29.892+0000	beacon2.Variants	39.7GB
2023-02-08T23:28:32.892+0000	beacon2.Variants	39.8GB
2023-02-08T23:28:35.896+0000	beacon2.Variants	39.8GB
2023-02-08T23:28:38.898+0000	beacon2.Variants	39.8GB
2023-02-08T23:28:41.891+0000	beacon2.Variants	39.9GB
2023-02-08T23:28:44.891+0000	beacon2.Variants	39.9GB
2023-02-08T23:28:47.899+0000	beacon2.Variants	40.0GB
2023-02-08T23:28:50.895+0000	beacon2.Variants	40.0GB
2023-02-08T23:28:53.895+0000	beacon2.Variants	40.0GB
2023-02-08T23:28:56.899+0000	beacon2.Variants	40.1GB
2023-02-08T23:28:59.902+0000	beacon2.Variants	40.1GB
2023-02-08T23:29:02.891+0000	beacon2.Variants	40.1GB
2023-02-08T23:29:05.905+0000	beacon2.Variants	40.2GB
2023-02-08T23:29:08.893+0000	beacon2.Variants	40.2GB
2023-02-08T23:29:11.892+0000	beacon2.Variants	40.2GB
2023-02-08T23:29:14.900+0000	beacon2.Variants	40.3GB
2023-02-08T23:29:17.892+0000	beacon2.Variants	40.3GB
2023-02-08T23:29:20.893+0000	beacon2.Variants	40.4GB
2023-02-08T23:29:23.895+0000	beacon2.Variants	40.4GB
2023-02-08T23:29:26.896+0000	beacon2.Variants	40.4GB
2023-02-08T23:29:29.896+0000	beacon2.Variants	40.5GB
2023-02-08T23:29:32.899+0000	beacon2.Variants	40.5GB
2023-02-08T23:29:35.895+0000	beacon2.Variants	40.5GB
2023-02-08T23:29:38.900+0000	beacon2.Variants	40.6GB
2023-02-08T23:29:41.892+0000	beacon2.Variants	40.6GB
2023-02-08T23:29:44.894+0000	beacon2.Variants	40.7GB
2023-02-08T23:29:47.891+0000	beacon2.Variants	40.7GB
2023-02-08T23:29:50.893+0000	beacon2.Variants	40.7GB
2023-02-08T23:29:53.894+0000	beacon2.Variants	40.8GB
2023-02-08T23:29:56.891+0000	beacon2.Variants	40.8GB
2023-02-08T23:29:59.892+0000	beacon2.Variants	40.9GB
2023-02-08T23:30:02.893+0000	beacon2.Variants	40.9GB
2023-02-08T23:30:05.896+0000	beacon2.Variants	40.9GB
2023-02-08T23:30:08.891+0000	beacon2.Variants	41.0GB
2023-02-08T23:30:11.892+0000	beacon2.Variants	41.0GB
2023-02-08T23:30:14.906+0000	beacon2.Variants	41.0GB
2023-02-08T23:30:17.893+0000	beacon2.Variants	41.1GB
2023-02-08T23:30:20.900+0000	beacon2.Variants	41.1GB
2023-02-08T23:30:23.892+0000	beacon2.Variants	41.1GB
2023-02-08T23:30:26.893+0000	beacon2.Variants	41.2GB
2023-02-08T23:30:29.891+0000	beacon2.Variants	41.2GB
2023-02-08T23:30:32.897+0000	beacon2.Variants	41.3GB
2023-02-08T23:30:35.891+0000	beacon2.Variants	41.3GB
2023-02-08T23:30:38.891+0000	beacon2.Variants	41.3GB
2023-02-08T23:30:41.899+0000	beacon2.Variants	41.4GB
2023-02-08T23:30:44.899+0000	beacon2.Variants	41.4GB
2023-02-08T23:30:47.891+0000	beacon2.Variants	41.5GB
2023-02-08T23:30:50.891+0000	beacon2.Variants	41.5GB
2023-02-08T23:30:53.892+0000	beacon2.Variants	41.5GB
2023-02-08T23:30:56.892+0000	beacon2.Variants	41.6GB
2023-02-08T23:30:59.891+0000	beacon2.Variants	41.6GB
2023-02-08T23:31:02.897+0000	beacon2.Variants	41.6GB
2023-02-08T23:31:05.892+0000	beacon2.Variants	41.7GB
2023-02-08T23:31:08.893+0000	beacon2.Variants	41.7GB
2023-02-08T23:31:11.900+0000	beacon2.Variants	41.8GB
2023-02-08T23:31:14.893+0000	beacon2.Variants	41.8GB
2023-02-08T23:31:17.892+0000	beacon2.Variants	41.8GB
2023-02-08T23:31:20.895+0000	beacon2.Variants	41.9GB
2023-02-08T23:31:23.891+0000	beacon2.Variants	41.9GB
2023-02-08T23:31:26.894+0000	beacon2.Variants	41.9GB
2023-02-08T23:31:29.891+0000	beacon2.Variants	42.0GB
2023-02-08T23:31:32.893+0000	beacon2.Variants	42.0GB
2023-02-08T23:31:35.897+0000	beacon2.Variants	42.1GB
2023-02-08T23:31:38.893+0000	beacon2.Variants	42.1GB
2023-02-08T23:31:41.894+0000	beacon2.Variants	42.1GB
2023-02-08T23:31:44.893+0000	beacon2.Variants	42.2GB
2023-02-08T23:31:47.892+0000	beacon2.Variants	42.2GB
2023-02-08T23:31:50.891+0000	beacon2.Variants	42.2GB
2023-02-08T23:31:53.900+0000	beacon2.Variants	42.3GB
2023-02-08T23:31:56.897+0000	beacon2.Variants	42.3GB
2023-02-08T23:31:59.892+0000	beacon2.Variants	42.4GB
2023-02-08T23:32:02.895+0000	beacon2.Variants	42.4GB
2023-02-08T23:32:05.897+0000	beacon2.Variants	42.4GB
2023-02-08T23:32:08.892+0000	beacon2.Variants	42.5GB
2023-02-08T23:32:11.891+0000	beacon2.Variants	42.5GB
2023-02-08T23:32:14.894+0000	beacon2.Variants	42.5GB
2023-02-08T23:32:17.930+0000	beacon2.Variants	42.6GB
2023-02-08T23:32:20.891+0000	beacon2.Variants	42.6GB
2023-02-08T23:32:23.899+0000	beacon2.Variants	42.7GB
2023-02-08T23:32:26.892+0000	beacon2.Variants	42.7GB
2023-02-08T23:32:29.893+0000	beacon2.Variants	42.7GB
2023-02-08T23:32:32.903+0000	beacon2.Variants	42.8GB
2023-02-08T23:32:35.891+0000	beacon2.Variants	42.8GB
2023-02-08T23:32:38.895+0000	beacon2.Variants	42.9GB
2023-02-08T23:32:41.903+0000	beacon2.Variants	42.9GB
2023-02-08T23:32:44.892+0000	beacon2.Variants	42.9GB
2023-02-08T23:32:47.891+0000	beacon2.Variants	43.0GB
2023-02-08T23:32:50.893+0000	beacon2.Variants	43.0GB
2023-02-08T23:32:53.891+0000	beacon2.Variants	43.0GB
2023-02-08T23:32:56.893+0000	beacon2.Variants	43.1GB
2023-02-08T23:32:59.895+0000	beacon2.Variants	43.1GB
2023-02-08T23:33:02.891+0000	beacon2.Variants	43.1GB
2023-02-08T23:33:05.891+0000	beacon2.Variants	43.2GB
2023-02-08T23:33:08.891+0000	beacon2.Variants	43.2GB
2023-02-08T23:33:11.893+0000	beacon2.Variants	43.3GB
2023-02-08T23:33:14.892+0000	beacon2.Variants	43.3GB
2023-02-08T23:33:17.891+0000	beacon2.Variants	43.3GB
2023-02-08T23:33:20.908+0000	beacon2.Variants	43.4GB
2023-02-08T23:33:23.898+0000	beacon2.Variants	43.4GB
2023-02-08T23:33:26.891+0000	beacon2.Variants	43.5GB
2023-02-08T23:33:29.897+0000	beacon2.Variants	43.5GB
2023-02-08T23:33:32.897+0000	beacon2.Variants	43.5GB
2023-02-08T23:33:35.893+0000	beacon2.Variants	43.6GB
2023-02-08T23:33:38.901+0000	beacon2.Variants	43.6GB
2023-02-08T23:33:41.891+0000	beacon2.Variants	43.6GB
2023-02-08T23:33:44.894+0000	beacon2.Variants	43.7GB
2023-02-08T23:33:47.893+0000	beacon2.Variants	43.7GB
2023-02-08T23:33:50.891+0000	beacon2.Variants	43.8GB
2023-02-08T23:33:53.892+0000	beacon2.Variants	43.8GB
2023-02-08T23:33:56.891+0000	beacon2.Variants	43.8GB
2023-02-08T23:33:59.904+0000	beacon2.Variants	43.9GB
2023-02-08T23:34:02.893+0000	beacon2.Variants	43.9GB
2023-02-08T23:34:05.892+0000	beacon2.Variants	43.9GB
2023-02-08T23:34:08.894+0000	beacon2.Variants	44.0GB
2023-02-08T23:34:11.894+0000	beacon2.Variants	44.0GB
2023-02-08T23:34:14.896+0000	beacon2.Variants	44.0GB
2023-02-08T23:34:17.891+0000	beacon2.Variants	44.1GB
2023-02-08T23:34:20.892+0000	beacon2.Variants	44.1GB
2023-02-08T23:34:23.894+0000	beacon2.Variants	44.2GB
2023-02-08T23:34:26.898+0000	beacon2.Variants	44.2GB
2023-02-08T23:34:29.891+0000	beacon2.Variants	44.2GB
2023-02-08T23:34:32.892+0000	beacon2.Variants	44.3GB
2023-02-08T23:34:35.898+0000	beacon2.Variants	44.3GB
2023-02-08T23:34:38.899+0000	beacon2.Variants	44.4GB
2023-02-08T23:34:41.891+0000	beacon2.Variants	44.4GB
2023-02-08T23:34:44.898+0000	beacon2.Variants	44.4GB
2023-02-08T23:34:47.898+0000	beacon2.Variants	44.5GB
2023-02-08T23:34:50.893+0000	beacon2.Variants	44.5GB
2023-02-08T23:34:53.893+0000	beacon2.Variants	44.5GB
2023-02-08T23:34:56.899+0000	beacon2.Variants	44.6GB
2023-02-08T23:34:59.897+0000	beacon2.Variants	44.6GB
2023-02-08T23:35:02.892+0000	beacon2.Variants	44.6GB
2023-02-08T23:35:05.891+0000	beacon2.Variants	44.7GB
2023-02-08T23:35:08.891+0000	beacon2.Variants	44.7GB
2023-02-08T23:35:11.892+0000	beacon2.Variants	44.8GB
2023-02-08T23:35:14.893+0000	beacon2.Variants	44.8GB
2023-02-08T23:35:17.893+0000	beacon2.Variants	44.8GB
2023-02-08T23:35:20.893+0000	beacon2.Variants	44.9GB
2023-02-08T23:35:23.894+0000	beacon2.Variants	44.9GB
2023-02-08T23:35:26.899+0000	beacon2.Variants	45.0GB
2023-02-08T23:35:29.894+0000	beacon2.Variants	45.0GB
2023-02-08T23:35:32.891+0000	beacon2.Variants	45.0GB
2023-02-08T23:35:35.892+0000	beacon2.Variants	45.1GB
2023-02-08T23:35:38.894+0000	beacon2.Variants	45.1GB
2023-02-08T23:35:41.891+0000	beacon2.Variants	45.1GB
2023-02-08T23:35:44.891+0000	beacon2.Variants	45.2GB
2023-02-08T23:35:47.893+0000	beacon2.Variants	45.2GB
2023-02-08T23:35:50.891+0000	beacon2.Variants	45.2GB
2023-02-08T23:35:53.902+0000	beacon2.Variants	45.3GB
2023-02-08T23:35:56.898+0000	beacon2.Variants	45.3GB
2023-02-08T23:35:59.900+0000	beacon2.Variants	45.4GB
2023-02-08T23:36:02.901+0000	beacon2.Variants	45.4GB
2023-02-08T23:36:05.893+0000	beacon2.Variants	45.4GB
2023-02-08T23:36:08.899+0000	beacon2.Variants	45.5GB
2023-02-08T23:36:11.895+0000	beacon2.Variants	45.5GB
2023-02-08T23:36:14.892+0000	beacon2.Variants	45.6GB
2023-02-08T23:36:17.891+0000	beacon2.Variants	45.6GB
2023-02-08T23:36:20.897+0000	beacon2.Variants	45.6GB
2023-02-08T23:36:23.905+0000	beacon2.Variants	45.7GB
2023-02-08T23:36:26.908+0000	beacon2.Variants	45.7GB
2023-02-08T23:36:29.897+0000	beacon2.Variants	45.7GB
2023-02-08T23:36:32.892+0000	beacon2.Variants	45.8GB
2023-02-08T23:36:35.893+0000	beacon2.Variants	45.8GB
2023-02-08T23:36:38.897+0000	beacon2.Variants	45.9GB
2023-02-08T23:36:41.891+0000	beacon2.Variants	45.9GB
2023-02-08T23:36:44.896+0000	beacon2.Variants	45.9GB
2023-02-08T23:36:47.893+0000	beacon2.Variants	46.0GB
2023-02-08T23:36:50.892+0000	beacon2.Variants	46.0GB
2023-02-08T23:36:53.891+0000	beacon2.Variants	46.0GB
2023-02-08T23:36:56.899+0000	beacon2.Variants	46.1GB
2023-02-08T23:36:59.891+0000	beacon2.Variants	46.1GB
2023-02-08T23:37:02.912+0000	beacon2.Variants	46.2GB
2023-02-08T23:37:05.892+0000	beacon2.Variants	46.2GB
2023-02-08T23:37:08.892+0000	beacon2.Variants	46.2GB
2023-02-08T23:37:11.891+0000	beacon2.Variants	46.3GB
2023-02-08T23:37:14.893+0000	beacon2.Variants	46.3GB
2023-02-08T23:37:17.897+0000	beacon2.Variants	46.4GB
2023-02-08T23:37:20.901+0000	beacon2.Variants	46.4GB
2023-02-08T23:37:23.892+0000	beacon2.Variants	46.4GB
2023-02-08T23:37:26.891+0000	beacon2.Variants	46.5GB
2023-02-08T23:37:29.895+0000	beacon2.Variants	46.5GB
2023-02-08T23:37:32.891+0000	beacon2.Variants	46.5GB
2023-02-08T23:37:35.891+0000	beacon2.Variants	46.6GB
2023-02-08T23:37:38.894+0000	beacon2.Variants	46.6GB
2023-02-08T23:37:41.892+0000	beacon2.Variants	46.6GB
2023-02-08T23:37:44.896+0000	beacon2.Variants	46.7GB
2023-02-08T23:37:47.892+0000	beacon2.Variants	46.7GB
2023-02-08T23:37:50.892+0000	beacon2.Variants	46.8GB
2023-02-08T23:37:53.900+0000	beacon2.Variants	46.8GB
2023-02-08T23:37:56.893+0000	beacon2.Variants	46.8GB
2023-02-08T23:37:59.898+0000	beacon2.Variants	46.9GB
2023-02-08T23:38:02.907+0000	beacon2.Variants	46.9GB
2023-02-08T23:38:05.891+0000	beacon2.Variants	47.0GB
2023-02-08T23:38:08.892+0000	beacon2.Variants	47.0GB
2023-02-08T23:38:11.894+0000	beacon2.Variants	47.0GB
2023-02-08T23:38:14.896+0000	beacon2.Variants	47.1GB
2023-02-08T23:38:17.896+0000	beacon2.Variants	47.1GB
2023-02-08T23:38:20.904+0000	beacon2.Variants	47.1GB
2023-02-08T23:38:23.894+0000	beacon2.Variants	47.2GB
2023-02-08T23:38:26.891+0000	beacon2.Variants	47.2GB
2023-02-08T23:38:29.891+0000	beacon2.Variants	47.2GB
2023-02-08T23:38:32.892+0000	beacon2.Variants	47.3GB
2023-02-08T23:38:35.893+0000	beacon2.Variants	47.3GB
2023-02-08T23:38:38.896+0000	beacon2.Variants	47.4GB
2023-02-08T23:38:41.891+0000	beacon2.Variants	47.4GB
2023-02-08T23:38:44.902+0000	beacon2.Variants	47.4GB
2023-02-08T23:38:47.895+0000	beacon2.Variants	47.5GB
2023-02-08T23:38:50.895+0000	beacon2.Variants	47.5GB
2023-02-08T23:38:53.896+0000	beacon2.Variants	47.5GB
2023-02-08T23:38:56.891+0000	beacon2.Variants	47.6GB
2023-02-08T23:38:59.891+0000	beacon2.Variants	47.6GB
2023-02-08T23:39:02.891+0000	beacon2.Variants	47.7GB
2023-02-08T23:39:05.893+0000	beacon2.Variants	47.7GB
2023-02-08T23:39:08.891+0000	beacon2.Variants	47.7GB
2023-02-08T23:39:11.892+0000	beacon2.Variants	47.8GB
2023-02-08T23:39:14.898+0000	beacon2.Variants	47.8GB
2023-02-08T23:39:17.900+0000	beacon2.Variants	47.9GB
2023-02-08T23:39:20.895+0000	beacon2.Variants	47.9GB
2023-02-08T23:39:23.894+0000	beacon2.Variants	47.9GB
2023-02-08T23:39:26.898+0000	beacon2.Variants	48.0GB
2023-02-08T23:39:29.899+0000	beacon2.Variants	48.0GB
2023-02-08T23:39:32.896+0000	beacon2.Variants	48.0GB
2023-02-08T23:39:35.892+0000	beacon2.Variants	48.1GB
2023-02-08T23:39:38.893+0000	beacon2.Variants	48.1GB
2023-02-08T23:39:41.898+0000	beacon2.Variants	48.2GB
2023-02-08T23:39:44.891+0000	beacon2.Variants	48.2GB
2023-02-08T23:39:47.892+0000	beacon2.Variants	48.2GB
2023-02-08T23:39:50.899+0000	beacon2.Variants	48.3GB
2023-02-08T23:39:53.892+0000	beacon2.Variants	48.3GB
2023-02-08T23:39:56.891+0000	beacon2.Variants	48.4GB
2023-02-08T23:39:59.891+0000	beacon2.Variants	48.4GB
2023-02-08T23:40:02.891+0000	beacon2.Variants	48.4GB
2023-02-08T23:40:05.897+0000	beacon2.Variants	48.5GB
2023-02-08T23:40:08.898+0000	beacon2.Variants	48.5GB
2023-02-08T23:40:11.898+0000	beacon2.Variants	48.5GB
2023-02-08T23:40:14.893+0000	beacon2.Variants	48.6GB
2023-02-08T23:40:17.893+0000	beacon2.Variants	48.6GB
2023-02-08T23:40:20.892+0000	beacon2.Variants	48.6GB
2023-02-08T23:40:23.892+0000	beacon2.Variants	48.7GB
2023-02-08T23:40:26.895+0000	beacon2.Variants	48.7GB
2023-02-08T23:40:29.892+0000	beacon2.Variants	48.8GB
2023-02-08T23:40:32.904+0000	beacon2.Variants	48.8GB
2023-02-08T23:40:35.896+0000	beacon2.Variants	48.8GB
2023-02-08T23:40:38.891+0000	beacon2.Variants	48.9GB
2023-02-08T23:40:41.892+0000	beacon2.Variants	48.9GB
2023-02-08T23:40:44.892+0000	beacon2.Variants	49.0GB
2023-02-08T23:40:47.901+0000	beacon2.Variants	49.0GB
2023-02-08T23:40:50.892+0000	beacon2.Variants	49.0GB
2023-02-08T23:40:53.892+0000	beacon2.Variants	49.1GB
2023-02-08T23:40:56.895+0000	beacon2.Variants	49.1GB
2023-02-08T23:40:59.893+0000	beacon2.Variants	49.1GB
2023-02-08T23:41:02.891+0000	beacon2.Variants	49.2GB
2023-02-08T23:41:05.923+0000	beacon2.Variants	49.2GB
2023-02-08T23:41:08.894+0000	beacon2.Variants	49.2GB
2023-02-08T23:41:11.900+0000	beacon2.Variants	49.3GB
2023-02-08T23:41:14.895+0000	beacon2.Variants	49.3GB
2023-02-08T23:41:17.893+0000	beacon2.Variants	49.4GB
2023-02-08T23:41:20.893+0000	beacon2.Variants	49.4GB
2023-02-08T23:41:23.899+0000	beacon2.Variants	49.4GB
2023-02-08T23:41:26.895+0000	beacon2.Variants	49.5GB
2023-02-08T23:41:29.897+0000	beacon2.Variants	49.5GB
2023-02-08T23:41:32.891+0000	beacon2.Variants	49.5GB
2023-02-08T23:41:35.891+0000	beacon2.Variants	49.6GB
2023-02-08T23:41:38.892+0000	beacon2.Variants	49.6GB
2023-02-08T23:41:41.898+0000	beacon2.Variants	49.7GB
2023-02-08T23:41:44.891+0000	beacon2.Variants	49.7GB
2023-02-08T23:41:47.891+0000	beacon2.Variants	49.7GB
2023-02-08T23:41:50.895+0000	beacon2.Variants	49.8GB
2023-02-08T23:41:53.905+0000	beacon2.Variants	49.8GB
2023-02-08T23:41:56.897+0000	beacon2.Variants	49.9GB
2023-02-08T23:41:59.898+0000	beacon2.Variants	49.9GB
2023-02-08T23:42:02.902+0000	beacon2.Variants	49.9GB
2023-02-08T23:42:05.891+0000	beacon2.Variants	50.0GB
2023-02-08T23:42:08.905+0000	beacon2.Variants	50.0GB
2023-02-08T23:42:11.892+0000	beacon2.Variants	50.0GB
2023-02-08T23:42:14.898+0000	beacon2.Variants	50.1GB
2023-02-08T23:42:17.896+0000	beacon2.Variants	50.1GB
2023-02-08T23:42:20.891+0000	beacon2.Variants	50.2GB
2023-02-08T23:42:23.893+0000	beacon2.Variants	50.2GB
2023-02-08T23:42:26.891+0000	beacon2.Variants	50.2GB
2023-02-08T23:42:29.894+0000	beacon2.Variants	50.3GB
2023-02-08T23:42:32.892+0000	beacon2.Variants	50.3GB
2023-02-08T23:42:35.891+0000	beacon2.Variants	50.3GB
2023-02-08T23:42:38.897+0000	beacon2.Variants	50.4GB
2023-02-08T23:42:41.894+0000	beacon2.Variants	50.4GB
2023-02-08T23:42:44.893+0000	beacon2.Variants	50.5GB
2023-02-08T23:42:47.895+0000	beacon2.Variants	50.5GB
2023-02-08T23:42:50.894+0000	beacon2.Variants	50.5GB
2023-02-08T23:42:53.893+0000	beacon2.Variants	50.6GB
2023-02-08T23:42:56.901+0000	beacon2.Variants	50.6GB
2023-02-08T23:42:59.893+0000	beacon2.Variants	50.6GB
2023-02-08T23:43:02.895+0000	beacon2.Variants	50.7GB
2023-02-08T23:43:05.892+0000	beacon2.Variants	50.7GB
2023-02-08T23:43:08.897+0000	beacon2.Variants	50.8GB
2023-02-08T23:43:11.896+0000	beacon2.Variants	50.8GB
2023-02-08T23:43:14.897+0000	beacon2.Variants	50.8GB
2023-02-08T23:43:17.893+0000	beacon2.Variants	50.9GB
2023-02-08T23:43:20.891+0000	beacon2.Variants	50.9GB
2023-02-08T23:43:23.892+0000	beacon2.Variants	51.0GB
2023-02-08T23:43:26.900+0000	beacon2.Variants	51.0GB
2023-02-08T23:43:29.899+0000	beacon2.Variants	51.0GB
2023-02-08T23:43:32.895+0000	beacon2.Variants	51.1GB
2023-02-08T23:43:35.894+0000	beacon2.Variants	51.1GB
2023-02-08T23:43:38.892+0000	beacon2.Variants	51.1GB
2023-02-08T23:43:41.900+0000	beacon2.Variants	51.2GB
2023-02-08T23:43:44.892+0000	beacon2.Variants	51.2GB
2023-02-08T23:43:47.895+0000	beacon2.Variants	51.2GB
2023-02-08T23:43:50.894+0000	beacon2.Variants	51.3GB
2023-02-08T23:43:53.892+0000	beacon2.Variants	51.3GB
2023-02-08T23:43:56.893+0000	beacon2.Variants	51.4GB
2023-02-08T23:43:59.891+0000	beacon2.Variants	51.4GB
2023-02-08T23:44:02.896+0000	beacon2.Variants	51.4GB
2023-02-08T23:44:05.892+0000	beacon2.Variants	51.5GB
2023-02-08T23:44:08.907+0000	beacon2.Variants	51.5GB
2023-02-08T23:44:11.897+0000	beacon2.Variants	51.5GB
2023-02-08T23:44:14.891+0000	beacon2.Variants	51.6GB
2023-02-08T23:44:17.891+0000	beacon2.Variants	51.6GB
2023-02-08T23:44:20.892+0000	beacon2.Variants	51.7GB
2023-02-08T23:44:23.892+0000	beacon2.Variants	51.7GB
2023-02-08T23:44:26.894+0000	beacon2.Variants	51.7GB
2023-02-08T23:44:29.894+0000	beacon2.Variants	51.8GB
2023-02-08T23:44:32.899+0000	beacon2.Variants	51.8GB
2023-02-08T23:44:35.899+0000	beacon2.Variants	51.9GB
2023-02-08T23:44:38.898+0000	beacon2.Variants	51.9GB
2023-02-08T23:44:41.891+0000	beacon2.Variants	51.9GB
2023-02-08T23:44:44.891+0000	beacon2.Variants	52.0GB
2023-02-08T23:44:47.894+0000	beacon2.Variants	52.0GB
2023-02-08T23:44:50.891+0000	beacon2.Variants	52.0GB
2023-02-08T23:44:53.891+0000	beacon2.Variants	52.1GB
2023-02-08T23:44:56.891+0000	beacon2.Variants	52.1GB
2023-02-08T23:44:59.891+0000	beacon2.Variants	52.2GB
2023-02-08T23:45:02.891+0000	beacon2.Variants	52.2GB
2023-02-08T23:45:05.893+0000	beacon2.Variants	52.2GB
2023-02-08T23:45:08.895+0000	beacon2.Variants	52.3GB
2023-02-08T23:45:11.891+0000	beacon2.Variants	52.3GB
2023-02-08T23:45:14.893+0000	beacon2.Variants	52.3GB
2023-02-08T23:45:17.892+0000	beacon2.Variants	52.4GB
2023-02-08T23:45:20.891+0000	beacon2.Variants	52.4GB
2023-02-08T23:45:23.891+0000	beacon2.Variants	52.5GB
2023-02-08T23:45:26.892+0000	beacon2.Variants	52.5GB
2023-02-08T23:45:29.895+0000	beacon2.Variants	52.5GB
2023-02-08T23:45:32.891+0000	beacon2.Variants	52.6GB
2023-02-08T23:45:35.891+0000	beacon2.Variants	52.6GB
2023-02-08T23:45:38.896+0000	beacon2.Variants	52.6GB
2023-02-08T23:45:41.916+0000	beacon2.Variants	52.7GB
2023-02-08T23:45:44.892+0000	beacon2.Variants	52.7GB
2023-02-08T23:45:47.891+0000	beacon2.Variants	52.8GB
2023-02-08T23:45:50.891+0000	beacon2.Variants	52.8GB
2023-02-08T23:45:53.891+0000	beacon2.Variants	52.8GB
2023-02-08T23:45:56.891+0000	beacon2.Variants	52.9GB
2023-02-08T23:45:59.899+0000	beacon2.Variants	52.9GB
2023-02-08T23:46:02.894+0000	beacon2.Variants	52.9GB
2023-02-08T23:46:05.891+0000	beacon2.Variants	53.0GB
2023-02-08T23:46:08.892+0000	beacon2.Variants	53.0GB
2023-02-08T23:46:11.899+0000	beacon2.Variants	53.1GB
2023-02-08T23:46:14.893+0000	beacon2.Variants	53.1GB
2023-02-08T23:46:17.904+0000	beacon2.Variants	53.1GB
2023-02-08T23:46:20.900+0000	beacon2.Variants	53.2GB
2023-02-08T23:46:23.893+0000	beacon2.Variants	53.2GB
2023-02-08T23:46:26.892+0000	beacon2.Variants	53.2GB
2023-02-08T23:46:29.891+0000	beacon2.Variants	53.3GB
2023-02-08T23:46:32.892+0000	beacon2.Variants	53.3GB
2023-02-08T23:46:35.892+0000	beacon2.Variants	53.4GB
2023-02-08T23:46:38.895+0000	beacon2.Variants	53.4GB
2023-02-08T23:46:41.892+0000	beacon2.Variants	53.4GB
2023-02-08T23:46:44.895+0000	beacon2.Variants	53.5GB
2023-02-08T23:46:47.896+0000	beacon2.Variants	53.5GB
2023-02-08T23:46:50.896+0000	beacon2.Variants	53.5GB
2023-02-08T23:46:53.898+0000	beacon2.Variants	53.6GB
2023-02-08T23:46:56.891+0000	beacon2.Variants	53.6GB
2023-02-08T23:46:59.892+0000	beacon2.Variants	53.7GB
2023-02-08T23:47:02.892+0000	beacon2.Variants	53.7GB
2023-02-08T23:47:05.902+0000	beacon2.Variants	53.7GB
2023-02-08T23:47:08.898+0000	beacon2.Variants	53.8GB
2023-02-08T23:47:11.894+0000	beacon2.Variants	53.8GB
2023-02-08T23:47:14.901+0000	beacon2.Variants	53.9GB
2023-02-08T23:47:17.892+0000	beacon2.Variants	53.9GB
2023-02-08T23:47:20.893+0000	beacon2.Variants	53.9GB
2023-02-08T23:47:23.895+0000	beacon2.Variants	54.0GB
2023-02-08T23:47:26.900+0000	beacon2.Variants	54.0GB
2023-02-08T23:47:29.892+0000	beacon2.Variants	54.0GB
2023-02-08T23:47:32.892+0000	beacon2.Variants	54.1GB
2023-02-08T23:47:35.910+0000	beacon2.Variants	54.1GB
2023-02-08T23:47:38.891+0000	beacon2.Variants	54.1GB
2023-02-08T23:47:41.893+0000	beacon2.Variants	54.2GB
2023-02-08T23:47:44.899+0000	beacon2.Variants	54.2GB
2023-02-08T23:47:47.892+0000	beacon2.Variants	54.3GB
2023-02-08T23:47:50.891+0000	beacon2.Variants	54.3GB
2023-02-08T23:47:53.901+0000	beacon2.Variants	54.3GB
2023-02-08T23:47:56.893+0000	beacon2.Variants	54.4GB
2023-02-08T23:47:59.891+0000	beacon2.Variants	54.4GB
2023-02-08T23:48:02.899+0000	beacon2.Variants	54.5GB
2023-02-08T23:48:05.892+0000	beacon2.Variants	54.5GB
2023-02-08T23:48:08.891+0000	beacon2.Variants	54.5GB
2023-02-08T23:48:11.891+0000	beacon2.Variants	54.6GB
2023-02-08T23:48:14.900+0000	beacon2.Variants	54.6GB
2023-02-08T23:48:17.897+0000	beacon2.Variants	54.6GB
2023-02-08T23:48:20.900+0000	beacon2.Variants	54.7GB
2023-02-08T23:48:23.900+0000	beacon2.Variants	54.7GB
2023-02-08T23:48:26.893+0000	beacon2.Variants	54.8GB
2023-02-08T23:48:29.893+0000	beacon2.Variants	54.8GB
2023-02-08T23:48:32.892+0000	beacon2.Variants	54.8GB
2023-02-08T23:48:35.901+0000	beacon2.Variants	54.9GB
2023-02-08T23:48:38.907+0000	beacon2.Variants	54.9GB
2023-02-08T23:48:41.894+0000	beacon2.Variants	54.9GB
2023-02-08T23:48:44.898+0000	beacon2.Variants	55.0GB
2023-02-08T23:48:47.893+0000	beacon2.Variants	55.0GB
2023-02-08T23:48:50.891+0000	beacon2.Variants	55.0GB
2023-02-08T23:48:53.899+0000	beacon2.Variants	55.1GB
2023-02-08T23:48:56.903+0000	beacon2.Variants	55.1GB
2023-02-08T23:48:59.891+0000	beacon2.Variants	55.2GB
2023-02-08T23:49:02.891+0000	beacon2.Variants	55.2GB
2023-02-08T23:49:05.893+0000	beacon2.Variants	55.2GB
2023-02-08T23:49:08.893+0000	beacon2.Variants	55.3GB
2023-02-08T23:49:11.896+0000	beacon2.Variants	55.3GB
2023-02-08T23:49:14.895+0000	beacon2.Variants	55.4GB
2023-02-08T23:49:17.894+0000	beacon2.Variants	55.4GB
2023-02-08T23:49:20.892+0000	beacon2.Variants	55.4GB
2023-02-08T23:49:23.894+0000	beacon2.Variants	55.5GB
2023-02-08T23:49:26.894+0000	beacon2.Variants	55.5GB
2023-02-08T23:49:29.899+0000	beacon2.Variants	55.5GB
2023-02-08T23:49:32.892+0000	beacon2.Variants	55.6GB
2023-02-08T23:49:35.892+0000	beacon2.Variants	55.6GB
2023-02-08T23:49:38.896+0000	beacon2.Variants	55.6GB
2023-02-08T23:49:41.891+0000	beacon2.Variants	55.7GB
2023-02-08T23:49:44.892+0000	beacon2.Variants	55.7GB
2023-02-08T23:49:47.893+0000	beacon2.Variants	55.8GB
2023-02-08T23:49:50.893+0000	beacon2.Variants	55.8GB
2023-02-08T23:49:53.894+0000	beacon2.Variants	55.8GB
2023-02-08T23:49:56.892+0000	beacon2.Variants	55.9GB
2023-02-08T23:49:59.891+0000	beacon2.Variants	55.9GB
2023-02-08T23:50:02.892+0000	beacon2.Variants	56.0GB
2023-02-08T23:50:05.898+0000	beacon2.Variants	56.0GB
2023-02-08T23:50:08.891+0000	beacon2.Variants	56.0GB
2023-02-08T23:50:11.893+0000	beacon2.Variants	56.1GB
2023-02-08T23:50:14.891+0000	beacon2.Variants	56.1GB
2023-02-08T23:50:17.891+0000	beacon2.Variants	56.1GB
2023-02-08T23:50:20.893+0000	beacon2.Variants	56.2GB
2023-02-08T23:50:23.891+0000	beacon2.Variants	56.2GB
2023-02-08T23:50:26.892+0000	beacon2.Variants	56.3GB
2023-02-08T23:50:29.894+0000	beacon2.Variants	56.3GB
2023-02-08T23:50:32.901+0000	beacon2.Variants	56.3GB
2023-02-08T23:50:35.905+0000	beacon2.Variants	56.4GB
2023-02-08T23:50:38.893+0000	beacon2.Variants	56.4GB
2023-02-08T23:50:41.891+0000	beacon2.Variants	56.4GB
2023-02-08T23:50:44.892+0000	beacon2.Variants	56.5GB
2023-02-08T23:50:47.891+0000	beacon2.Variants	56.5GB
2023-02-08T23:50:50.891+0000	beacon2.Variants	56.6GB
2023-02-08T23:50:53.909+0000	beacon2.Variants	56.6GB
2023-02-08T23:50:56.906+0000	beacon2.Variants	56.6GB
2023-02-08T23:50:59.899+0000	beacon2.Variants	56.7GB
2023-02-08T23:51:02.894+0000	beacon2.Variants	56.7GB
2023-02-08T23:51:05.896+0000	beacon2.Variants	56.7GB
2023-02-08T23:51:08.892+0000	beacon2.Variants	56.8GB
2023-02-08T23:51:11.891+0000	beacon2.Variants	56.8GB
2023-02-08T23:51:14.896+0000	beacon2.Variants	56.9GB
2023-02-08T23:51:17.894+0000	beacon2.Variants	56.9GB
2023-02-08T23:51:20.891+0000	beacon2.Variants	56.9GB
2023-02-08T23:51:23.891+0000	beacon2.Variants	57.0GB
2023-02-08T23:51:26.902+0000	beacon2.Variants	57.0GB
2023-02-08T23:51:29.894+0000	beacon2.Variants	57.0GB
2023-02-08T23:51:32.892+0000	beacon2.Variants	57.1GB
2023-02-08T23:51:35.891+0000	beacon2.Variants	57.1GB
2023-02-08T23:51:38.893+0000	beacon2.Variants	57.1GB
2023-02-08T23:51:41.891+0000	beacon2.Variants	57.2GB
2023-02-08T23:51:44.893+0000	beacon2.Variants	57.2GB
2023-02-08T23:51:47.896+0000	beacon2.Variants	57.3GB
2023-02-08T23:51:50.894+0000	beacon2.Variants	57.3GB
2023-02-08T23:51:53.899+0000	beacon2.Variants	57.3GB
2023-02-08T23:51:56.939+0000	beacon2.Variants	57.4GB
2023-02-08T23:51:59.897+0000	beacon2.Variants	57.4GB
2023-02-08T23:52:02.891+0000	beacon2.Variants	57.5GB
2023-02-08T23:52:05.892+0000	beacon2.Variants	57.5GB
2023-02-08T23:52:08.898+0000	beacon2.Variants	57.5GB
2023-02-08T23:52:11.897+0000	beacon2.Variants	57.6GB
2023-02-08T23:52:14.907+0000	beacon2.Variants	57.6GB
2023-02-08T23:52:17.891+0000	beacon2.Variants	57.6GB
2023-02-08T23:52:20.896+0000	beacon2.Variants	57.7GB
2023-02-08T23:52:23.898+0000	beacon2.Variants	57.7GB
2023-02-08T23:52:26.891+0000	beacon2.Variants	57.8GB
2023-02-08T23:52:29.892+0000	beacon2.Variants	57.8GB
2023-02-08T23:52:32.891+0000	beacon2.Variants	57.8GB
2023-02-08T23:52:35.895+0000	beacon2.Variants	57.9GB
2023-02-08T23:52:38.893+0000	beacon2.Variants	57.9GB
2023-02-08T23:52:41.891+0000	beacon2.Variants	57.9GB
2023-02-08T23:52:44.892+0000	beacon2.Variants	58.0GB
2023-02-08T23:52:47.894+0000	beacon2.Variants	58.0GB
2023-02-08T23:52:50.893+0000	beacon2.Variants	58.1GB
2023-02-08T23:52:53.897+0000	beacon2.Variants	58.1GB
2023-02-08T23:52:56.893+0000	beacon2.Variants	58.1GB
2023-02-08T23:52:59.892+0000	beacon2.Variants	58.2GB
2023-02-08T23:53:02.893+0000	beacon2.Variants	58.2GB
2023-02-08T23:53:05.895+0000	beacon2.Variants	58.2GB
2023-02-08T23:53:08.892+0000	beacon2.Variants	58.3GB
2023-02-08T23:53:11.892+0000	beacon2.Variants	58.3GB
2023-02-08T23:53:14.894+0000	beacon2.Variants	58.4GB
2023-02-08T23:53:17.891+0000	beacon2.Variants	58.4GB
2023-02-08T23:53:20.903+0000	beacon2.Variants	58.4GB
2023-02-08T23:53:23.906+0000	beacon2.Variants	58.5GB
2023-02-08T23:53:26.897+0000	beacon2.Variants	58.5GB
2023-02-08T23:53:29.894+0000	beacon2.Variants	58.5GB
2023-02-08T23:53:32.899+0000	beacon2.Variants	58.6GB
2023-02-08T23:53:35.898+0000	beacon2.Variants	58.6GB
2023-02-08T23:53:38.896+0000	beacon2.Variants	58.7GB
2023-02-08T23:53:41.892+0000	beacon2.Variants	58.7GB
2023-02-08T23:53:44.891+0000	beacon2.Variants	58.7GB
2023-02-08T23:53:47.893+0000	beacon2.Variants	58.8GB
2023-02-08T23:53:50.894+0000	beacon2.Variants	58.8GB
2023-02-08T23:53:53.892+0000	beacon2.Variants	58.9GB
2023-02-08T23:53:56.893+0000	beacon2.Variants	58.9GB
2023-02-08T23:53:59.892+0000	beacon2.Variants	58.9GB
2023-02-08T23:54:02.893+0000	beacon2.Variants	59.0GB
2023-02-08T23:54:05.895+0000	beacon2.Variants	59.0GB
2023-02-08T23:54:08.895+0000	beacon2.Variants	59.0GB
2023-02-08T23:54:11.891+0000	beacon2.Variants	59.1GB
2023-02-08T23:54:14.891+0000	beacon2.Variants	59.1GB
2023-02-08T23:54:17.893+0000	beacon2.Variants	59.1GB
2023-02-08T23:54:20.908+0000	beacon2.Variants	59.2GB
2023-02-08T23:54:23.892+0000	beacon2.Variants	59.2GB
2023-02-08T23:54:26.896+0000	beacon2.Variants	59.3GB
2023-02-08T23:54:29.897+0000	beacon2.Variants	59.3GB
2023-02-08T23:54:32.895+0000	beacon2.Variants	59.3GB
2023-02-08T23:54:35.892+0000	beacon2.Variants	59.4GB
2023-02-08T23:54:38.903+0000	beacon2.Variants	59.4GB
2023-02-08T23:54:41.894+0000	beacon2.Variants	59.5GB
2023-02-08T23:54:44.905+0000	beacon2.Variants	59.5GB
2023-02-08T23:54:47.900+0000	beacon2.Variants	59.5GB
2023-02-08T23:54:50.891+0000	beacon2.Variants	59.6GB
2023-02-08T23:54:53.894+0000	beacon2.Variants	59.6GB
2023-02-08T23:54:56.892+0000	beacon2.Variants	59.6GB
2023-02-08T23:54:59.900+0000	beacon2.Variants	59.7GB
2023-02-08T23:55:02.892+0000	beacon2.Variants	59.7GB
2023-02-08T23:55:05.893+0000	beacon2.Variants	59.8GB
2023-02-08T23:55:08.892+0000	beacon2.Variants	59.8GB
2023-02-08T23:55:11.891+0000	beacon2.Variants	59.8GB
2023-02-08T23:55:14.894+0000	beacon2.Variants	59.9GB
2023-02-08T23:55:17.893+0000	beacon2.Variants	59.9GB
2023-02-08T23:55:20.894+0000	beacon2.Variants	60.0GB
2023-02-08T23:55:23.895+0000	beacon2.Variants	60.0GB
2023-02-08T23:55:26.891+0000	beacon2.Variants	60.0GB
2023-02-08T23:55:29.892+0000	beacon2.Variants	60.1GB
2023-02-08T23:55:32.893+0000	beacon2.Variants	60.1GB
2023-02-08T23:55:35.894+0000	beacon2.Variants	60.1GB
2023-02-08T23:55:38.904+0000	beacon2.Variants	60.2GB
2023-02-08T23:55:41.892+0000	beacon2.Variants	60.2GB
2023-02-08T23:55:44.891+0000	beacon2.Variants	60.2GB
2023-02-08T23:55:47.895+0000	beacon2.Variants	60.3GB
2023-02-08T23:55:50.891+0000	beacon2.Variants	60.3GB
2023-02-08T23:55:53.894+0000	beacon2.Variants	60.4GB
2023-02-08T23:55:56.895+0000	beacon2.Variants	60.4GB
2023-02-08T23:55:59.893+0000	beacon2.Variants	60.4GB
2023-02-08T23:56:02.897+0000	beacon2.Variants	60.5GB
2023-02-08T23:56:05.895+0000	beacon2.Variants	60.5GB
2023-02-08T23:56:08.899+0000	beacon2.Variants	60.5GB
2023-02-08T23:56:11.895+0000	beacon2.Variants	60.6GB
2023-02-08T23:56:14.904+0000	beacon2.Variants	60.6GB
2023-02-08T23:56:17.896+0000	beacon2.Variants	60.7GB
2023-02-08T23:56:20.907+0000	beacon2.Variants	60.7GB
2023-02-08T23:56:23.893+0000	beacon2.Variants	60.7GB
2023-02-08T23:56:26.894+0000	beacon2.Variants	60.8GB
2023-02-08T23:56:29.897+0000	beacon2.Variants	60.8GB
2023-02-08T23:56:32.891+0000	beacon2.Variants	60.9GB
2023-02-08T23:56:35.895+0000	beacon2.Variants	60.9GB
2023-02-08T23:56:38.895+0000	beacon2.Variants	60.9GB
2023-02-08T23:56:41.902+0000	beacon2.Variants	61.0GB
2023-02-08T23:56:44.893+0000	beacon2.Variants	61.0GB
2023-02-08T23:56:47.919+0000	beacon2.Variants	61.0GB
2023-02-08T23:56:50.892+0000	beacon2.Variants	61.1GB
2023-02-08T23:56:53.898+0000	beacon2.Variants	61.1GB
2023-02-08T23:56:56.891+0000	beacon2.Variants	61.2GB
2023-02-08T23:56:59.891+0000	beacon2.Variants	61.2GB
2023-02-08T23:57:02.898+0000	beacon2.Variants	61.2GB
2023-02-08T23:57:05.891+0000	beacon2.Variants	61.3GB
2023-02-08T23:57:08.897+0000	beacon2.Variants	61.3GB
2023-02-08T23:57:11.892+0000	beacon2.Variants	61.4GB
2023-02-08T23:57:14.892+0000	beacon2.Variants	61.4GB
2023-02-08T23:57:17.894+0000	beacon2.Variants	61.4GB
2023-02-08T23:57:20.893+0000	beacon2.Variants	61.5GB
2023-02-08T23:57:23.897+0000	beacon2.Variants	61.5GB
2023-02-08T23:57:26.895+0000	beacon2.Variants	61.5GB
2023-02-08T23:57:29.893+0000	beacon2.Variants	61.6GB
2023-02-08T23:57:32.902+0000	beacon2.Variants	61.6GB
2023-02-08T23:57:35.894+0000	beacon2.Variants	61.6GB
2023-02-08T23:57:38.891+0000	beacon2.Variants	61.7GB
2023-02-08T23:57:41.893+0000	beacon2.Variants	61.7GB
2023-02-08T23:57:44.898+0000	beacon2.Variants	61.8GB
2023-02-08T23:57:47.891+0000	beacon2.Variants	61.8GB
2023-02-08T23:57:50.891+0000	beacon2.Variants	61.8GB
2023-02-08T23:57:53.907+0000	beacon2.Variants	61.9GB
2023-02-08T23:57:56.894+0000	beacon2.Variants	61.9GB
2023-02-08T23:57:59.901+0000	beacon2.Variants	62.0GB
2023-02-08T23:58:02.891+0000	beacon2.Variants	62.0GB
2023-02-08T23:58:05.891+0000	beacon2.Variants	62.0GB
2023-02-08T23:58:08.900+0000	beacon2.Variants	62.1GB
2023-02-08T23:58:11.909+0000	beacon2.Variants	62.1GB
2023-02-08T23:58:14.895+0000	beacon2.Variants	62.1GB
2023-02-08T23:58:17.892+0000	beacon2.Variants	62.2GB
2023-02-08T23:58:20.892+0000	beacon2.Variants	62.2GB
2023-02-08T23:58:23.891+0000	beacon2.Variants	62.2GB
2023-02-08T23:58:26.897+0000	beacon2.Variants	62.3GB
2023-02-08T23:58:29.893+0000	beacon2.Variants	62.3GB
2023-02-08T23:58:32.896+0000	beacon2.Variants	62.4GB
2023-02-08T23:58:35.893+0000	beacon2.Variants	62.4GB
2023-02-08T23:58:38.893+0000	beacon2.Variants	62.4GB
2023-02-08T23:58:41.891+0000	beacon2.Variants	62.5GB
2023-02-08T23:58:44.815+0000	beacon2.Variants	62.5GB
2023-02-08T23:58:44.815+0000	5857632 document(s) imported successfully. 0 document(s) failed to import.

real	82m47.949s
user	146m37.460s
sys	2m21.143s
