2023-02-08T09:11:19.524+0000	connected to: mongodb://[**REDACTED**]@localhost:27017/beacon2?authSource=admin
2023-02-08T09:11:22.536+0000	beacon2.Variants	39.2MB
2023-02-08T09:11:25.524+0000	beacon2.Variants	77.4MB
2023-02-08T09:11:28.526+0000	beacon2.Variants	116MB
2023-02-08T09:11:31.526+0000	beacon2.Variants	156MB
2023-02-08T09:11:34.537+0000	beacon2.Variants	195MB
2023-02-08T09:11:37.528+0000	beacon2.Variants	234MB
2023-02-08T09:11:40.525+0000	beacon2.Variants	274MB
2023-02-08T09:11:43.527+0000	beacon2.Variants	313MB
2023-02-08T09:11:46.526+0000	beacon2.Variants	351MB
2023-02-08T09:11:49.525+0000	beacon2.Variants	392MB
2023-02-08T09:11:52.530+0000	beacon2.Variants	430MB
2023-02-08T09:11:55.531+0000	beacon2.Variants	469MB
2023-02-08T09:11:58.535+0000	beacon2.Variants	508MB
2023-02-08T09:12:01.524+0000	beacon2.Variants	547MB
2023-02-08T09:12:04.525+0000	beacon2.Variants	586MB
2023-02-08T09:12:07.530+0000	beacon2.Variants	626MB
2023-02-08T09:12:10.527+0000	beacon2.Variants	665MB
2023-02-08T09:12:13.529+0000	beacon2.Variants	704MB
2023-02-08T09:12:16.525+0000	beacon2.Variants	744MB
2023-02-08T09:12:19.525+0000	beacon2.Variants	783MB
2023-02-08T09:12:22.524+0000	beacon2.Variants	822MB
2023-02-08T09:12:25.536+0000	beacon2.Variants	860MB
2023-02-08T09:12:28.530+0000	beacon2.Variants	899MB
2023-02-08T09:12:31.531+0000	beacon2.Variants	939MB
2023-02-08T09:12:34.529+0000	beacon2.Variants	977MB
2023-02-08T09:12:37.533+0000	beacon2.Variants	1016MB
2023-02-08T09:12:40.525+0000	beacon2.Variants	1.03GB
2023-02-08T09:12:43.527+0000	beacon2.Variants	1.07GB
2023-02-08T09:12:46.526+0000	beacon2.Variants	1.11GB
2023-02-08T09:12:49.540+0000	beacon2.Variants	1.15GB
2023-02-08T09:12:52.525+0000	beacon2.Variants	1.18GB
2023-02-08T09:12:55.526+0000	beacon2.Variants	1.22GB
2023-02-08T09:12:58.524+0000	beacon2.Variants	1.26GB
2023-02-08T09:13:01.524+0000	beacon2.Variants	1.30GB
2023-02-08T09:13:04.530+0000	beacon2.Variants	1.34GB
2023-02-08T09:13:07.525+0000	beacon2.Variants	1.38GB
2023-02-08T09:13:10.526+0000	beacon2.Variants	1.41GB
2023-02-08T09:13:13.526+0000	beacon2.Variants	1.45GB
2023-02-08T09:13:16.525+0000	beacon2.Variants	1.49GB
2023-02-08T09:13:19.525+0000	beacon2.Variants	1.53GB
2023-02-08T09:13:22.529+0000	beacon2.Variants	1.57GB
2023-02-08T09:13:25.528+0000	beacon2.Variants	1.61GB
2023-02-08T09:13:28.531+0000	beacon2.Variants	1.64GB
2023-02-08T09:13:31.533+0000	beacon2.Variants	1.68GB
2023-02-08T09:13:34.529+0000	beacon2.Variants	1.72GB
2023-02-08T09:13:37.524+0000	beacon2.Variants	1.76GB
2023-02-08T09:13:40.525+0000	beacon2.Variants	1.79GB
2023-02-08T09:13:43.525+0000	beacon2.Variants	1.83GB
2023-02-08T09:13:46.524+0000	beacon2.Variants	1.87GB
2023-02-08T09:13:49.526+0000	beacon2.Variants	1.91GB
2023-02-08T09:13:52.529+0000	beacon2.Variants	1.95GB
2023-02-08T09:13:55.524+0000	beacon2.Variants	1.98GB
2023-02-08T09:13:58.528+0000	beacon2.Variants	2.02GB
2023-02-08T09:14:01.539+0000	beacon2.Variants	2.06GB
2023-02-08T09:14:04.532+0000	beacon2.Variants	2.10GB
2023-02-08T09:14:07.531+0000	beacon2.Variants	2.14GB
2023-02-08T09:14:10.537+0000	beacon2.Variants	2.18GB
2023-02-08T09:14:13.525+0000	beacon2.Variants	2.21GB
2023-02-08T09:14:16.530+0000	beacon2.Variants	2.25GB
2023-02-08T09:14:19.541+0000	beacon2.Variants	2.29GB
2023-02-08T09:14:22.525+0000	beacon2.Variants	2.33GB
2023-02-08T09:14:25.525+0000	beacon2.Variants	2.36GB
2023-02-08T09:14:28.531+0000	beacon2.Variants	2.40GB
2023-02-08T09:14:31.525+0000	beacon2.Variants	2.44GB
2023-02-08T09:14:34.528+0000	beacon2.Variants	2.48GB
2023-02-08T09:14:37.528+0000	beacon2.Variants	2.52GB
2023-02-08T09:14:40.525+0000	beacon2.Variants	2.55GB
2023-02-08T09:14:43.534+0000	beacon2.Variants	2.59GB
2023-02-08T09:14:46.524+0000	beacon2.Variants	2.63GB
2023-02-08T09:14:49.526+0000	beacon2.Variants	2.67GB
2023-02-08T09:14:52.524+0000	beacon2.Variants	2.71GB
2023-02-08T09:14:55.529+0000	beacon2.Variants	2.74GB
2023-02-08T09:14:58.524+0000	beacon2.Variants	2.78GB
2023-02-08T09:15:01.525+0000	beacon2.Variants	2.82GB
2023-02-08T09:15:04.526+0000	beacon2.Variants	2.86GB
2023-02-08T09:15:07.527+0000	beacon2.Variants	2.90GB
2023-02-08T09:15:10.526+0000	beacon2.Variants	2.94GB
2023-02-08T09:15:13.524+0000	beacon2.Variants	2.97GB
2023-02-08T09:15:16.525+0000	beacon2.Variants	3.01GB
2023-02-08T09:15:19.525+0000	beacon2.Variants	3.05GB
2023-02-08T09:15:22.529+0000	beacon2.Variants	3.09GB
2023-02-08T09:15:25.524+0000	beacon2.Variants	3.12GB
2023-02-08T09:15:28.526+0000	beacon2.Variants	3.16GB
2023-02-08T09:15:31.527+0000	beacon2.Variants	3.20GB
2023-02-08T09:15:34.531+0000	beacon2.Variants	3.24GB
2023-02-08T09:15:37.530+0000	beacon2.Variants	3.28GB
2023-02-08T09:15:40.526+0000	beacon2.Variants	3.31GB
2023-02-08T09:15:43.527+0000	beacon2.Variants	3.35GB
2023-02-08T09:15:46.526+0000	beacon2.Variants	3.39GB
2023-02-08T09:15:49.529+0000	beacon2.Variants	3.43GB
2023-02-08T09:15:52.526+0000	beacon2.Variants	3.47GB
2023-02-08T09:15:55.525+0000	beacon2.Variants	3.50GB
2023-02-08T09:15:58.529+0000	beacon2.Variants	3.54GB
2023-02-08T09:16:01.525+0000	beacon2.Variants	3.58GB
2023-02-08T09:16:04.525+0000	beacon2.Variants	3.62GB
2023-02-08T09:16:07.534+0000	beacon2.Variants	3.66GB
2023-02-08T09:16:10.529+0000	beacon2.Variants	3.69GB
2023-02-08T09:16:13.535+0000	beacon2.Variants	3.73GB
2023-02-08T09:16:16.528+0000	beacon2.Variants	3.77GB
2023-02-08T09:16:19.527+0000	beacon2.Variants	3.81GB
2023-02-08T09:16:22.531+0000	beacon2.Variants	3.85GB
2023-02-08T09:16:25.532+0000	beacon2.Variants	3.88GB
2023-02-08T09:16:28.529+0000	beacon2.Variants	3.92GB
2023-02-08T09:16:31.527+0000	beacon2.Variants	3.96GB
2023-02-08T09:16:34.525+0000	beacon2.Variants	4.00GB
2023-02-08T09:16:37.530+0000	beacon2.Variants	4.04GB
2023-02-08T09:16:40.525+0000	beacon2.Variants	4.08GB
2023-02-08T09:16:43.525+0000	beacon2.Variants	4.11GB
2023-02-08T09:16:46.535+0000	beacon2.Variants	4.15GB
2023-02-08T09:16:49.524+0000	beacon2.Variants	4.19GB
2023-02-08T09:16:52.535+0000	beacon2.Variants	4.23GB
2023-02-08T09:16:55.528+0000	beacon2.Variants	4.26GB
2023-02-08T09:16:58.530+0000	beacon2.Variants	4.30GB
2023-02-08T09:17:01.560+0000	beacon2.Variants	4.34GB
2023-02-08T09:17:04.533+0000	beacon2.Variants	4.38GB
2023-02-08T09:17:07.525+0000	beacon2.Variants	4.42GB
2023-02-08T09:17:10.531+0000	beacon2.Variants	4.46GB
2023-02-08T09:17:13.532+0000	beacon2.Variants	4.49GB
2023-02-08T09:17:16.531+0000	beacon2.Variants	4.53GB
2023-02-08T09:17:19.525+0000	beacon2.Variants	4.57GB
2023-02-08T09:17:22.525+0000	beacon2.Variants	4.61GB
2023-02-08T09:17:25.525+0000	beacon2.Variants	4.65GB
2023-02-08T09:17:28.525+0000	beacon2.Variants	4.68GB
2023-02-08T09:17:31.528+0000	beacon2.Variants	4.72GB
2023-02-08T09:17:34.524+0000	beacon2.Variants	4.76GB
2023-02-08T09:17:37.528+0000	beacon2.Variants	4.80GB
2023-02-08T09:17:40.525+0000	beacon2.Variants	4.84GB
2023-02-08T09:17:43.525+0000	beacon2.Variants	4.88GB
2023-02-08T09:17:46.526+0000	beacon2.Variants	4.91GB
2023-02-08T09:17:49.530+0000	beacon2.Variants	4.95GB
2023-02-08T09:17:52.525+0000	beacon2.Variants	4.99GB
2023-02-08T09:17:55.524+0000	beacon2.Variants	5.03GB
2023-02-08T09:17:58.525+0000	beacon2.Variants	5.06GB
2023-02-08T09:18:01.528+0000	beacon2.Variants	5.10GB
2023-02-08T09:18:04.540+0000	beacon2.Variants	5.14GB
2023-02-08T09:18:07.524+0000	beacon2.Variants	5.18GB
2023-02-08T09:18:10.525+0000	beacon2.Variants	5.22GB
2023-02-08T09:18:13.525+0000	beacon2.Variants	5.26GB
2023-02-08T09:18:16.525+0000	beacon2.Variants	5.29GB
2023-02-08T09:18:19.524+0000	beacon2.Variants	5.33GB
2023-02-08T09:18:22.525+0000	beacon2.Variants	5.37GB
2023-02-08T09:18:25.524+0000	beacon2.Variants	5.41GB
2023-02-08T09:18:28.525+0000	beacon2.Variants	5.45GB
2023-02-08T09:18:31.525+0000	beacon2.Variants	5.48GB
2023-02-08T09:18:34.525+0000	beacon2.Variants	5.52GB
2023-02-08T09:18:37.527+0000	beacon2.Variants	5.56GB
2023-02-08T09:18:40.536+0000	beacon2.Variants	5.60GB
2023-02-08T09:18:43.524+0000	beacon2.Variants	5.64GB
2023-02-08T09:18:46.529+0000	beacon2.Variants	5.67GB
2023-02-08T09:18:49.531+0000	beacon2.Variants	5.71GB
2023-02-08T09:18:52.524+0000	beacon2.Variants	5.75GB
2023-02-08T09:18:55.536+0000	beacon2.Variants	5.79GB
2023-02-08T09:18:58.525+0000	beacon2.Variants	5.83GB
2023-02-08T09:19:01.524+0000	beacon2.Variants	5.87GB
2023-02-08T09:19:04.534+0000	beacon2.Variants	5.90GB
2023-02-08T09:19:07.527+0000	beacon2.Variants	5.94GB
2023-02-08T09:19:10.533+0000	beacon2.Variants	5.98GB
2023-02-08T09:19:13.524+0000	beacon2.Variants	6.01GB
2023-02-08T09:19:16.524+0000	beacon2.Variants	6.05GB
2023-02-08T09:19:19.524+0000	beacon2.Variants	6.09GB
2023-02-08T09:19:22.530+0000	beacon2.Variants	6.13GB
2023-02-08T09:19:25.526+0000	beacon2.Variants	6.17GB
2023-02-08T09:19:28.524+0000	beacon2.Variants	6.20GB
2023-02-08T09:19:31.525+0000	beacon2.Variants	6.24GB
2023-02-08T09:19:34.526+0000	beacon2.Variants	6.28GB
2023-02-08T09:19:37.531+0000	beacon2.Variants	6.32GB
2023-02-08T09:19:40.535+0000	beacon2.Variants	6.36GB
2023-02-08T09:19:43.525+0000	beacon2.Variants	6.40GB
2023-02-08T09:19:46.528+0000	beacon2.Variants	6.43GB
2023-02-08T09:19:49.535+0000	beacon2.Variants	6.47GB
2023-02-08T09:19:52.532+0000	beacon2.Variants	6.51GB
2023-02-08T09:19:55.527+0000	beacon2.Variants	6.55GB
2023-02-08T09:19:58.541+0000	beacon2.Variants	6.58GB
2023-02-08T09:20:01.524+0000	beacon2.Variants	6.62GB
2023-02-08T09:20:04.524+0000	beacon2.Variants	6.66GB
2023-02-08T09:20:07.531+0000	beacon2.Variants	6.70GB
2023-02-08T09:20:10.524+0000	beacon2.Variants	6.73GB
2023-02-08T09:20:13.526+0000	beacon2.Variants	6.77GB
2023-02-08T09:20:16.528+0000	beacon2.Variants	6.81GB
2023-02-08T09:20:19.535+0000	beacon2.Variants	6.85GB
2023-02-08T09:20:22.527+0000	beacon2.Variants	6.89GB
2023-02-08T09:20:25.526+0000	beacon2.Variants	6.93GB
2023-02-08T09:20:28.528+0000	beacon2.Variants	6.96GB
2023-02-08T09:20:31.524+0000	beacon2.Variants	7.00GB
2023-02-08T09:20:34.537+0000	beacon2.Variants	7.04GB
2023-02-08T09:20:37.524+0000	beacon2.Variants	7.08GB
2023-02-08T09:20:40.537+0000	beacon2.Variants	7.11GB
2023-02-08T09:20:43.530+0000	beacon2.Variants	7.15GB
2023-02-08T09:20:46.524+0000	beacon2.Variants	7.19GB
2023-02-08T09:20:49.525+0000	beacon2.Variants	7.23GB
2023-02-08T09:20:52.527+0000	beacon2.Variants	7.27GB
2023-02-08T09:20:55.525+0000	beacon2.Variants	7.30GB
2023-02-08T09:20:58.530+0000	beacon2.Variants	7.34GB
2023-02-08T09:21:01.524+0000	beacon2.Variants	7.38GB
2023-02-08T09:21:04.526+0000	beacon2.Variants	7.42GB
2023-02-08T09:21:07.531+0000	beacon2.Variants	7.45GB
2023-02-08T09:21:10.529+0000	beacon2.Variants	7.49GB
2023-02-08T09:21:13.526+0000	beacon2.Variants	7.53GB
2023-02-08T09:21:16.524+0000	beacon2.Variants	7.57GB
2023-02-08T09:21:19.525+0000	beacon2.Variants	7.61GB
2023-02-08T09:21:22.528+0000	beacon2.Variants	7.64GB
2023-02-08T09:21:25.524+0000	beacon2.Variants	7.68GB
2023-02-08T09:21:28.524+0000	beacon2.Variants	7.72GB
2023-02-08T09:21:31.530+0000	beacon2.Variants	7.76GB
2023-02-08T09:21:34.524+0000	beacon2.Variants	7.79GB
2023-02-08T09:21:37.531+0000	beacon2.Variants	7.83GB
2023-02-08T09:21:40.525+0000	beacon2.Variants	7.87GB
2023-02-08T09:21:43.530+0000	beacon2.Variants	7.91GB
2023-02-08T09:21:46.524+0000	beacon2.Variants	7.95GB
2023-02-08T09:21:49.527+0000	beacon2.Variants	7.98GB
2023-02-08T09:21:52.528+0000	beacon2.Variants	8.02GB
2023-02-08T09:21:55.524+0000	beacon2.Variants	8.06GB
2023-02-08T09:21:58.526+0000	beacon2.Variants	8.10GB
2023-02-08T09:22:01.535+0000	beacon2.Variants	8.14GB
2023-02-08T09:22:04.526+0000	beacon2.Variants	8.17GB
2023-02-08T09:22:07.527+0000	beacon2.Variants	8.21GB
2023-02-08T09:22:10.536+0000	beacon2.Variants	8.25GB
2023-02-08T09:22:13.526+0000	beacon2.Variants	8.29GB
2023-02-08T09:22:16.537+0000	beacon2.Variants	8.33GB
2023-02-08T09:22:19.525+0000	beacon2.Variants	8.36GB
2023-02-08T09:22:22.531+0000	beacon2.Variants	8.40GB
2023-02-08T09:22:25.526+0000	beacon2.Variants	8.44GB
2023-02-08T09:22:28.535+0000	beacon2.Variants	8.48GB
2023-02-08T09:22:31.525+0000	beacon2.Variants	8.52GB
2023-02-08T09:22:34.530+0000	beacon2.Variants	8.56GB
2023-02-08T09:22:37.559+0000	beacon2.Variants	8.59GB
2023-02-08T09:22:40.529+0000	beacon2.Variants	8.63GB
2023-02-08T09:22:43.531+0000	beacon2.Variants	8.67GB
2023-02-08T09:22:46.529+0000	beacon2.Variants	8.71GB
2023-02-08T09:22:49.524+0000	beacon2.Variants	8.75GB
2023-02-08T09:22:52.525+0000	beacon2.Variants	8.78GB
2023-02-08T09:22:55.535+0000	beacon2.Variants	8.82GB
2023-02-08T09:22:58.530+0000	beacon2.Variants	8.86GB
2023-02-08T09:23:01.525+0000	beacon2.Variants	8.90GB
2023-02-08T09:23:04.525+0000	beacon2.Variants	8.94GB
2023-02-08T09:23:07.525+0000	beacon2.Variants	8.97GB
2023-02-08T09:23:10.533+0000	beacon2.Variants	9.01GB
2023-02-08T09:23:13.524+0000	beacon2.Variants	9.05GB
2023-02-08T09:23:16.524+0000	beacon2.Variants	9.09GB
2023-02-08T09:23:19.528+0000	beacon2.Variants	9.13GB
2023-02-08T09:23:22.527+0000	beacon2.Variants	9.16GB
2023-02-08T09:23:25.527+0000	beacon2.Variants	9.20GB
2023-02-08T09:23:28.524+0000	beacon2.Variants	9.24GB
2023-02-08T09:23:31.531+0000	beacon2.Variants	9.28GB
2023-02-08T09:23:34.527+0000	beacon2.Variants	9.32GB
2023-02-08T09:23:37.525+0000	beacon2.Variants	9.35GB
2023-02-08T09:23:40.525+0000	beacon2.Variants	9.39GB
2023-02-08T09:23:43.526+0000	beacon2.Variants	9.43GB
2023-02-08T09:23:46.525+0000	beacon2.Variants	9.47GB
2023-02-08T09:23:49.524+0000	beacon2.Variants	9.50GB
2023-02-08T09:23:52.525+0000	beacon2.Variants	9.54GB
2023-02-08T09:23:55.529+0000	beacon2.Variants	9.58GB
2023-02-08T09:23:58.524+0000	beacon2.Variants	9.62GB
2023-02-08T09:24:01.529+0000	beacon2.Variants	9.65GB
2023-02-08T09:24:04.527+0000	beacon2.Variants	9.69GB
2023-02-08T09:24:07.533+0000	beacon2.Variants	9.73GB
2023-02-08T09:24:10.551+0000	beacon2.Variants	9.77GB
2023-02-08T09:24:13.532+0000	beacon2.Variants	9.80GB
2023-02-08T09:24:16.526+0000	beacon2.Variants	9.84GB
2023-02-08T09:24:19.525+0000	beacon2.Variants	9.88GB
2023-02-08T09:24:22.525+0000	beacon2.Variants	9.92GB
2023-02-08T09:24:25.529+0000	beacon2.Variants	9.96GB
2023-02-08T09:24:28.527+0000	beacon2.Variants	9.99GB
2023-02-08T09:24:31.535+0000	beacon2.Variants	10.0GB
2023-02-08T09:24:34.532+0000	beacon2.Variants	10.1GB
2023-02-08T09:24:37.537+0000	beacon2.Variants	10.1GB
2023-02-08T09:24:40.524+0000	beacon2.Variants	10.1GB
2023-02-08T09:24:43.525+0000	beacon2.Variants	10.2GB
2023-02-08T09:24:46.532+0000	beacon2.Variants	10.2GB
2023-02-08T09:24:49.534+0000	beacon2.Variants	10.3GB
2023-02-08T09:24:52.525+0000	beacon2.Variants	10.3GB
2023-02-08T09:24:55.529+0000	beacon2.Variants	10.3GB
2023-02-08T09:24:58.525+0000	beacon2.Variants	10.4GB
2023-02-08T09:25:01.536+0000	beacon2.Variants	10.4GB
2023-02-08T09:25:04.525+0000	beacon2.Variants	10.4GB
2023-02-08T09:25:07.525+0000	beacon2.Variants	10.5GB
2023-02-08T09:25:10.525+0000	beacon2.Variants	10.5GB
2023-02-08T09:25:13.525+0000	beacon2.Variants	10.6GB
2023-02-08T09:25:16.524+0000	beacon2.Variants	10.6GB
2023-02-08T09:25:19.529+0000	beacon2.Variants	10.6GB
2023-02-08T09:25:22.527+0000	beacon2.Variants	10.7GB
2023-02-08T09:25:25.535+0000	beacon2.Variants	10.7GB
2023-02-08T09:25:28.525+0000	beacon2.Variants	10.8GB
2023-02-08T09:25:31.528+0000	beacon2.Variants	10.8GB
2023-02-08T09:25:34.524+0000	beacon2.Variants	10.8GB
2023-02-08T09:25:37.527+0000	beacon2.Variants	10.9GB
2023-02-08T09:25:40.532+0000	beacon2.Variants	10.9GB
2023-02-08T09:25:43.533+0000	beacon2.Variants	10.9GB
2023-02-08T09:25:46.524+0000	beacon2.Variants	11.0GB
2023-02-08T09:25:49.533+0000	beacon2.Variants	11.0GB
2023-02-08T09:25:52.525+0000	beacon2.Variants	11.1GB
2023-02-08T09:25:55.524+0000	beacon2.Variants	11.1GB
2023-02-08T09:25:58.526+0000	beacon2.Variants	11.1GB
2023-02-08T09:26:01.530+0000	beacon2.Variants	11.2GB
2023-02-08T09:26:04.529+0000	beacon2.Variants	11.2GB
2023-02-08T09:26:07.526+0000	beacon2.Variants	11.2GB
2023-02-08T09:26:10.527+0000	beacon2.Variants	11.3GB
2023-02-08T09:26:13.528+0000	beacon2.Variants	11.3GB
2023-02-08T09:26:16.542+0000	beacon2.Variants	11.4GB
2023-02-08T09:26:19.526+0000	beacon2.Variants	11.4GB
2023-02-08T09:26:22.525+0000	beacon2.Variants	11.4GB
2023-02-08T09:26:25.524+0000	beacon2.Variants	11.5GB
2023-02-08T09:26:28.537+0000	beacon2.Variants	11.5GB
2023-02-08T09:26:31.532+0000	beacon2.Variants	11.6GB
2023-02-08T09:26:34.525+0000	beacon2.Variants	11.6GB
2023-02-08T09:26:37.527+0000	beacon2.Variants	11.6GB
2023-02-08T09:26:40.524+0000	beacon2.Variants	11.7GB
2023-02-08T09:26:43.525+0000	beacon2.Variants	11.7GB
2023-02-08T09:26:46.524+0000	beacon2.Variants	11.7GB
2023-02-08T09:26:49.530+0000	beacon2.Variants	11.8GB
2023-02-08T09:26:52.528+0000	beacon2.Variants	11.8GB
2023-02-08T09:26:55.530+0000	beacon2.Variants	11.8GB
2023-02-08T09:26:58.524+0000	beacon2.Variants	11.9GB
2023-02-08T09:27:01.525+0000	beacon2.Variants	11.9GB
2023-02-08T09:27:04.524+0000	beacon2.Variants	12.0GB
2023-02-08T09:27:07.525+0000	beacon2.Variants	12.0GB
2023-02-08T09:27:10.533+0000	beacon2.Variants	12.0GB
2023-02-08T09:27:13.528+0000	beacon2.Variants	12.1GB
2023-02-08T09:27:16.532+0000	beacon2.Variants	12.1GB
2023-02-08T09:27:19.530+0000	beacon2.Variants	12.2GB
2023-02-08T09:27:22.531+0000	beacon2.Variants	12.2GB
2023-02-08T09:27:25.524+0000	beacon2.Variants	12.2GB
2023-02-08T09:27:28.530+0000	beacon2.Variants	12.3GB
2023-02-08T09:27:31.531+0000	beacon2.Variants	12.3GB
2023-02-08T09:27:34.534+0000	beacon2.Variants	12.3GB
2023-02-08T09:27:37.525+0000	beacon2.Variants	12.4GB
2023-02-08T09:27:40.534+0000	beacon2.Variants	12.4GB
2023-02-08T09:27:43.526+0000	beacon2.Variants	12.5GB
2023-02-08T09:27:46.530+0000	beacon2.Variants	12.5GB
2023-02-08T09:27:49.531+0000	beacon2.Variants	12.5GB
2023-02-08T09:27:52.547+0000	beacon2.Variants	12.6GB
2023-02-08T09:27:55.526+0000	beacon2.Variants	12.6GB
2023-02-08T09:27:58.524+0000	beacon2.Variants	12.7GB
2023-02-08T09:28:01.524+0000	beacon2.Variants	12.7GB
2023-02-08T09:28:04.524+0000	beacon2.Variants	12.7GB
2023-02-08T09:28:07.526+0000	beacon2.Variants	12.8GB
2023-02-08T09:28:10.529+0000	beacon2.Variants	12.8GB
2023-02-08T09:28:13.524+0000	beacon2.Variants	12.8GB
2023-02-08T09:28:16.525+0000	beacon2.Variants	12.9GB
2023-02-08T09:28:19.529+0000	beacon2.Variants	12.9GB
2023-02-08T09:28:22.524+0000	beacon2.Variants	12.9GB
2023-02-08T09:28:25.530+0000	beacon2.Variants	13.0GB
2023-02-08T09:28:28.534+0000	beacon2.Variants	13.0GB
2023-02-08T09:28:31.524+0000	beacon2.Variants	13.1GB
2023-02-08T09:28:34.526+0000	beacon2.Variants	13.1GB
2023-02-08T09:28:37.539+0000	beacon2.Variants	13.1GB
2023-02-08T09:28:40.526+0000	beacon2.Variants	13.2GB
2023-02-08T09:28:43.524+0000	beacon2.Variants	13.2GB
2023-02-08T09:28:46.540+0000	beacon2.Variants	13.2GB
2023-02-08T09:28:49.536+0000	beacon2.Variants	13.3GB
2023-02-08T09:28:52.531+0000	beacon2.Variants	13.3GB
2023-02-08T09:28:55.533+0000	beacon2.Variants	13.4GB
2023-02-08T09:28:58.544+0000	beacon2.Variants	13.4GB
2023-02-08T09:29:01.526+0000	beacon2.Variants	13.4GB
2023-02-08T09:29:04.524+0000	beacon2.Variants	13.5GB
2023-02-08T09:29:07.535+0000	beacon2.Variants	13.5GB
2023-02-08T09:29:10.529+0000	beacon2.Variants	13.6GB
2023-02-08T09:29:13.526+0000	beacon2.Variants	13.6GB
2023-02-08T09:29:16.539+0000	beacon2.Variants	13.6GB
2023-02-08T09:29:19.526+0000	beacon2.Variants	13.7GB
2023-02-08T09:29:22.528+0000	beacon2.Variants	13.7GB
2023-02-08T09:29:25.527+0000	beacon2.Variants	13.8GB
2023-02-08T09:29:28.530+0000	beacon2.Variants	13.8GB
2023-02-08T09:29:31.526+0000	beacon2.Variants	13.8GB
2023-02-08T09:29:34.526+0000	beacon2.Variants	13.9GB
2023-02-08T09:29:37.535+0000	beacon2.Variants	13.9GB
2023-02-08T09:29:40.524+0000	beacon2.Variants	13.9GB
2023-02-08T09:29:43.526+0000	beacon2.Variants	14.0GB
2023-02-08T09:29:46.530+0000	beacon2.Variants	14.0GB
2023-02-08T09:29:49.530+0000	beacon2.Variants	14.1GB
2023-02-08T09:29:52.526+0000	beacon2.Variants	14.1GB
2023-02-08T09:29:55.528+0000	beacon2.Variants	14.1GB
2023-02-08T09:29:58.529+0000	beacon2.Variants	14.2GB
2023-02-08T09:30:01.539+0000	beacon2.Variants	14.2GB
2023-02-08T09:30:04.525+0000	beacon2.Variants	14.2GB
2023-02-08T09:30:07.525+0000	beacon2.Variants	14.3GB
2023-02-08T09:30:10.528+0000	beacon2.Variants	14.3GB
2023-02-08T09:30:13.526+0000	beacon2.Variants	14.3GB
2023-02-08T09:30:16.525+0000	beacon2.Variants	14.4GB
2023-02-08T09:30:19.534+0000	beacon2.Variants	14.4GB
2023-02-08T09:30:22.525+0000	beacon2.Variants	14.5GB
2023-02-08T09:30:25.526+0000	beacon2.Variants	14.5GB
2023-02-08T09:30:28.526+0000	beacon2.Variants	14.5GB
2023-02-08T09:30:31.524+0000	beacon2.Variants	14.6GB
2023-02-08T09:30:34.526+0000	beacon2.Variants	14.6GB
2023-02-08T09:30:37.524+0000	beacon2.Variants	14.7GB
2023-02-08T09:30:40.526+0000	beacon2.Variants	14.7GB
2023-02-08T09:30:43.526+0000	beacon2.Variants	14.7GB
2023-02-08T09:30:46.525+0000	beacon2.Variants	14.8GB
2023-02-08T09:30:49.528+0000	beacon2.Variants	14.8GB
2023-02-08T09:30:52.535+0000	beacon2.Variants	14.8GB
2023-02-08T09:30:55.525+0000	beacon2.Variants	14.9GB
2023-02-08T09:30:58.525+0000	beacon2.Variants	14.9GB
2023-02-08T09:31:01.525+0000	beacon2.Variants	15.0GB
2023-02-08T09:31:04.527+0000	beacon2.Variants	15.0GB
2023-02-08T09:31:07.533+0000	beacon2.Variants	15.0GB
2023-02-08T09:31:10.525+0000	beacon2.Variants	15.1GB
2023-02-08T09:31:13.526+0000	beacon2.Variants	15.1GB
2023-02-08T09:31:16.527+0000	beacon2.Variants	15.2GB
2023-02-08T09:31:19.525+0000	beacon2.Variants	15.2GB
2023-02-08T09:31:22.525+0000	beacon2.Variants	15.2GB
2023-02-08T09:31:25.525+0000	beacon2.Variants	15.3GB
2023-02-08T09:31:28.531+0000	beacon2.Variants	15.3GB
2023-02-08T09:31:31.525+0000	beacon2.Variants	15.3GB
2023-02-08T09:31:34.532+0000	beacon2.Variants	15.4GB
2023-02-08T09:31:37.525+0000	beacon2.Variants	15.4GB
2023-02-08T09:31:40.524+0000	beacon2.Variants	15.5GB
2023-02-08T09:31:43.524+0000	beacon2.Variants	15.5GB
2023-02-08T09:31:46.525+0000	beacon2.Variants	15.5GB
2023-02-08T09:31:49.533+0000	beacon2.Variants	15.6GB
2023-02-08T09:31:52.526+0000	beacon2.Variants	15.6GB
2023-02-08T09:31:55.524+0000	beacon2.Variants	15.7GB
2023-02-08T09:31:58.529+0000	beacon2.Variants	15.7GB
2023-02-08T09:32:01.525+0000	beacon2.Variants	15.7GB
2023-02-08T09:32:04.525+0000	beacon2.Variants	15.8GB
2023-02-08T09:32:07.524+0000	beacon2.Variants	15.8GB
2023-02-08T09:32:10.532+0000	beacon2.Variants	15.8GB
2023-02-08T09:32:13.529+0000	beacon2.Variants	15.9GB
2023-02-08T09:32:16.524+0000	beacon2.Variants	15.9GB
2023-02-08T09:32:19.525+0000	beacon2.Variants	15.9GB
2023-02-08T09:32:22.525+0000	beacon2.Variants	16.0GB
2023-02-08T09:32:25.524+0000	beacon2.Variants	16.0GB
2023-02-08T09:32:28.541+0000	beacon2.Variants	16.1GB
2023-02-08T09:32:31.533+0000	beacon2.Variants	16.1GB
2023-02-08T09:32:34.525+0000	beacon2.Variants	16.1GB
2023-02-08T09:32:37.524+0000	beacon2.Variants	16.2GB
2023-02-08T09:32:40.532+0000	beacon2.Variants	16.2GB
2023-02-08T09:32:43.525+0000	beacon2.Variants	16.2GB
2023-02-08T09:32:46.533+0000	beacon2.Variants	16.3GB
2023-02-08T09:32:49.525+0000	beacon2.Variants	16.3GB
2023-02-08T09:32:52.524+0000	beacon2.Variants	16.4GB
2023-02-08T09:32:55.529+0000	beacon2.Variants	16.4GB
2023-02-08T09:32:58.525+0000	beacon2.Variants	16.4GB
2023-02-08T09:33:01.524+0000	beacon2.Variants	16.5GB
2023-02-08T09:33:04.524+0000	beacon2.Variants	16.5GB
2023-02-08T09:33:07.525+0000	beacon2.Variants	16.6GB
2023-02-08T09:33:10.524+0000	beacon2.Variants	16.6GB
2023-02-08T09:33:13.528+0000	beacon2.Variants	16.6GB
2023-02-08T09:33:16.524+0000	beacon2.Variants	16.7GB
2023-02-08T09:33:19.535+0000	beacon2.Variants	16.7GB
2023-02-08T09:33:22.527+0000	beacon2.Variants	16.7GB
2023-02-08T09:33:25.526+0000	beacon2.Variants	16.8GB
2023-02-08T09:33:28.533+0000	beacon2.Variants	16.8GB
2023-02-08T09:33:31.526+0000	beacon2.Variants	16.9GB
2023-02-08T09:33:34.525+0000	beacon2.Variants	16.9GB
2023-02-08T09:33:37.530+0000	beacon2.Variants	16.9GB
2023-02-08T09:33:40.527+0000	beacon2.Variants	17.0GB
2023-02-08T09:33:43.542+0000	beacon2.Variants	17.0GB
2023-02-08T09:33:46.525+0000	beacon2.Variants	17.1GB
2023-02-08T09:33:49.535+0000	beacon2.Variants	17.1GB
2023-02-08T09:33:52.528+0000	beacon2.Variants	17.1GB
2023-02-08T09:33:55.527+0000	beacon2.Variants	17.2GB
2023-02-08T09:33:58.527+0000	beacon2.Variants	17.2GB
2023-02-08T09:34:01.535+0000	beacon2.Variants	17.2GB
2023-02-08T09:34:04.524+0000	beacon2.Variants	17.3GB
2023-02-08T09:34:07.525+0000	beacon2.Variants	17.3GB
2023-02-08T09:34:10.532+0000	beacon2.Variants	17.4GB
2023-02-08T09:34:13.533+0000	beacon2.Variants	17.4GB
2023-02-08T09:34:16.525+0000	beacon2.Variants	17.4GB
2023-02-08T09:34:19.539+0000	beacon2.Variants	17.5GB
2023-02-08T09:34:22.524+0000	beacon2.Variants	17.5GB
2023-02-08T09:34:25.535+0000	beacon2.Variants	17.5GB
2023-02-08T09:34:28.525+0000	beacon2.Variants	17.6GB
2023-02-08T09:34:31.525+0000	beacon2.Variants	17.6GB
2023-02-08T09:34:34.527+0000	beacon2.Variants	17.7GB
2023-02-08T09:34:37.524+0000	beacon2.Variants	17.7GB
2023-02-08T09:34:40.528+0000	beacon2.Variants	17.7GB
2023-02-08T09:34:43.524+0000	beacon2.Variants	17.8GB
2023-02-08T09:34:46.537+0000	beacon2.Variants	17.8GB
2023-02-08T09:34:49.524+0000	beacon2.Variants	17.9GB
2023-02-08T09:34:52.526+0000	beacon2.Variants	17.9GB
2023-02-08T09:34:55.524+0000	beacon2.Variants	17.9GB
2023-02-08T09:34:58.525+0000	beacon2.Variants	18.0GB
2023-02-08T09:35:01.525+0000	beacon2.Variants	18.0GB
2023-02-08T09:35:04.528+0000	beacon2.Variants	18.0GB
2023-02-08T09:35:07.525+0000	beacon2.Variants	18.1GB
2023-02-08T09:35:10.528+0000	beacon2.Variants	18.1GB
2023-02-08T09:35:13.524+0000	beacon2.Variants	18.1GB
2023-02-08T09:35:16.526+0000	beacon2.Variants	18.2GB
2023-02-08T09:35:19.529+0000	beacon2.Variants	18.2GB
2023-02-08T09:35:22.526+0000	beacon2.Variants	18.3GB
2023-02-08T09:35:25.526+0000	beacon2.Variants	18.3GB
2023-02-08T09:35:28.531+0000	beacon2.Variants	18.3GB
2023-02-08T09:35:31.528+0000	beacon2.Variants	18.4GB
2023-02-08T09:35:34.525+0000	beacon2.Variants	18.4GB
2023-02-08T09:35:37.526+0000	beacon2.Variants	18.4GB
2023-02-08T09:35:40.525+0000	beacon2.Variants	18.5GB
2023-02-08T09:35:43.534+0000	beacon2.Variants	18.5GB
2023-02-08T09:35:46.535+0000	beacon2.Variants	18.6GB
2023-02-08T09:35:49.531+0000	beacon2.Variants	18.6GB
2023-02-08T09:35:52.524+0000	beacon2.Variants	18.6GB
2023-02-08T09:35:55.525+0000	beacon2.Variants	18.7GB
2023-02-08T09:35:58.524+0000	beacon2.Variants	18.7GB
2023-02-08T09:36:01.525+0000	beacon2.Variants	18.8GB
2023-02-08T09:36:04.525+0000	beacon2.Variants	18.8GB
2023-02-08T09:36:07.528+0000	beacon2.Variants	18.8GB
2023-02-08T09:36:10.525+0000	beacon2.Variants	18.9GB
2023-02-08T09:36:13.527+0000	beacon2.Variants	18.9GB
2023-02-08T09:36:16.527+0000	beacon2.Variants	18.9GB
2023-02-08T09:36:19.525+0000	beacon2.Variants	19.0GB
2023-02-08T09:36:22.553+0000	beacon2.Variants	19.0GB
2023-02-08T09:36:25.524+0000	beacon2.Variants	19.1GB
2023-02-08T09:36:28.531+0000	beacon2.Variants	19.1GB
2023-02-08T09:36:31.528+0000	beacon2.Variants	19.1GB
2023-02-08T09:36:34.525+0000	beacon2.Variants	19.2GB
2023-02-08T09:36:37.525+0000	beacon2.Variants	19.2GB
2023-02-08T09:36:40.527+0000	beacon2.Variants	19.2GB
2023-02-08T09:36:43.533+0000	beacon2.Variants	19.3GB
2023-02-08T09:36:46.527+0000	beacon2.Variants	19.3GB
2023-02-08T09:36:49.525+0000	beacon2.Variants	19.4GB
2023-02-08T09:36:52.525+0000	beacon2.Variants	19.4GB
2023-02-08T09:36:55.539+0000	beacon2.Variants	19.4GB
2023-02-08T09:36:58.535+0000	beacon2.Variants	19.5GB
2023-02-08T09:37:01.524+0000	beacon2.Variants	19.5GB
2023-02-08T09:37:04.530+0000	beacon2.Variants	19.6GB
2023-02-08T09:37:07.527+0000	beacon2.Variants	19.6GB
2023-02-08T09:37:10.527+0000	beacon2.Variants	19.6GB
2023-02-08T09:37:13.535+0000	beacon2.Variants	19.7GB
2023-02-08T09:37:16.524+0000	beacon2.Variants	19.7GB
2023-02-08T09:37:19.527+0000	beacon2.Variants	19.8GB
2023-02-08T09:37:22.531+0000	beacon2.Variants	19.8GB
2023-02-08T09:37:25.525+0000	beacon2.Variants	19.8GB
2023-02-08T09:37:28.526+0000	beacon2.Variants	19.9GB
2023-02-08T09:37:31.539+0000	beacon2.Variants	19.9GB
2023-02-08T09:37:34.525+0000	beacon2.Variants	19.9GB
2023-02-08T09:37:37.527+0000	beacon2.Variants	20.0GB
2023-02-08T09:37:40.525+0000	beacon2.Variants	20.0GB
2023-02-08T09:37:43.525+0000	beacon2.Variants	20.1GB
2023-02-08T09:37:46.525+0000	beacon2.Variants	20.1GB
2023-02-08T09:37:49.525+0000	beacon2.Variants	20.1GB
2023-02-08T09:37:52.530+0000	beacon2.Variants	20.2GB
2023-02-08T09:37:55.524+0000	beacon2.Variants	20.2GB
2023-02-08T09:37:58.530+0000	beacon2.Variants	20.2GB
2023-02-08T09:38:01.528+0000	beacon2.Variants	20.3GB
2023-02-08T09:38:04.525+0000	beacon2.Variants	20.3GB
2023-02-08T09:38:07.524+0000	beacon2.Variants	20.4GB
2023-02-08T09:38:10.529+0000	beacon2.Variants	20.4GB
2023-02-08T09:38:13.525+0000	beacon2.Variants	20.4GB
2023-02-08T09:38:16.524+0000	beacon2.Variants	20.5GB
2023-02-08T09:38:19.530+0000	beacon2.Variants	20.5GB
2023-02-08T09:38:22.531+0000	beacon2.Variants	20.6GB
2023-02-08T09:38:25.531+0000	beacon2.Variants	20.6GB
2023-02-08T09:38:28.524+0000	beacon2.Variants	20.6GB
2023-02-08T09:38:31.524+0000	beacon2.Variants	20.7GB
2023-02-08T09:38:34.526+0000	beacon2.Variants	20.7GB
2023-02-08T09:38:37.527+0000	beacon2.Variants	20.7GB
2023-02-08T09:38:40.524+0000	beacon2.Variants	20.8GB
2023-02-08T09:38:43.525+0000	beacon2.Variants	20.8GB
2023-02-08T09:38:46.552+0000	beacon2.Variants	20.9GB
2023-02-08T09:38:49.526+0000	beacon2.Variants	20.9GB
2023-02-08T09:38:52.525+0000	beacon2.Variants	20.9GB
2023-02-08T09:38:55.534+0000	beacon2.Variants	21.0GB
2023-02-08T09:38:58.526+0000	beacon2.Variants	21.0GB
2023-02-08T09:39:01.530+0000	beacon2.Variants	21.0GB
2023-02-08T09:39:04.529+0000	beacon2.Variants	21.1GB
2023-02-08T09:39:07.530+0000	beacon2.Variants	21.1GB
2023-02-08T09:39:10.525+0000	beacon2.Variants	21.2GB
2023-02-08T09:39:13.536+0000	beacon2.Variants	21.2GB
2023-02-08T09:39:16.524+0000	beacon2.Variants	21.2GB
2023-02-08T09:39:19.540+0000	beacon2.Variants	21.3GB
2023-02-08T09:39:22.527+0000	beacon2.Variants	21.3GB
2023-02-08T09:39:25.526+0000	beacon2.Variants	21.4GB
2023-02-08T09:39:28.528+0000	beacon2.Variants	21.4GB
2023-02-08T09:39:31.536+0000	beacon2.Variants	21.4GB
2023-02-08T09:39:34.525+0000	beacon2.Variants	21.5GB
2023-02-08T09:39:37.525+0000	beacon2.Variants	21.5GB
2023-02-08T09:39:40.529+0000	beacon2.Variants	21.5GB
2023-02-08T09:39:43.525+0000	beacon2.Variants	21.6GB
2023-02-08T09:39:46.526+0000	beacon2.Variants	21.6GB
2023-02-08T09:39:49.538+0000	beacon2.Variants	21.6GB
2023-02-08T09:39:52.524+0000	beacon2.Variants	21.7GB
2023-02-08T09:39:55.525+0000	beacon2.Variants	21.7GB
2023-02-08T09:39:58.527+0000	beacon2.Variants	21.8GB
2023-02-08T09:40:01.524+0000	beacon2.Variants	21.8GB
2023-02-08T09:40:04.525+0000	beacon2.Variants	21.8GB
2023-02-08T09:40:07.528+0000	beacon2.Variants	21.9GB
2023-02-08T09:40:10.528+0000	beacon2.Variants	21.9GB
2023-02-08T09:40:13.526+0000	beacon2.Variants	22.0GB
2023-02-08T09:40:16.532+0000	beacon2.Variants	22.0GB
2023-02-08T09:40:19.527+0000	beacon2.Variants	22.0GB
2023-02-08T09:40:22.524+0000	beacon2.Variants	22.1GB
2023-02-08T09:40:25.524+0000	beacon2.Variants	22.1GB
2023-02-08T09:40:28.534+0000	beacon2.Variants	22.1GB
2023-02-08T09:40:31.525+0000	beacon2.Variants	22.2GB
2023-02-08T09:40:34.525+0000	beacon2.Variants	22.2GB
2023-02-08T09:40:37.527+0000	beacon2.Variants	22.3GB
2023-02-08T09:40:40.530+0000	beacon2.Variants	22.3GB
2023-02-08T09:40:43.526+0000	beacon2.Variants	22.3GB
2023-02-08T09:40:46.530+0000	beacon2.Variants	22.4GB
2023-02-08T09:40:49.526+0000	beacon2.Variants	22.4GB
2023-02-08T09:40:52.532+0000	beacon2.Variants	22.5GB
2023-02-08T09:40:55.525+0000	beacon2.Variants	22.5GB
2023-02-08T09:40:58.532+0000	beacon2.Variants	22.5GB
2023-02-08T09:41:01.530+0000	beacon2.Variants	22.6GB
2023-02-08T09:41:04.529+0000	beacon2.Variants	22.6GB
2023-02-08T09:41:07.527+0000	beacon2.Variants	22.6GB
2023-02-08T09:41:10.527+0000	beacon2.Variants	22.7GB
2023-02-08T09:41:13.524+0000	beacon2.Variants	22.7GB
2023-02-08T09:41:16.527+0000	beacon2.Variants	22.8GB
2023-02-08T09:41:19.530+0000	beacon2.Variants	22.8GB
2023-02-08T09:41:22.533+0000	beacon2.Variants	22.8GB
2023-02-08T09:41:25.524+0000	beacon2.Variants	22.9GB
2023-02-08T09:41:28.524+0000	beacon2.Variants	22.9GB
2023-02-08T09:41:31.525+0000	beacon2.Variants	22.9GB
2023-02-08T09:41:34.525+0000	beacon2.Variants	23.0GB
2023-02-08T09:41:37.525+0000	beacon2.Variants	23.0GB
2023-02-08T09:41:40.529+0000	beacon2.Variants	23.1GB
2023-02-08T09:41:43.525+0000	beacon2.Variants	23.1GB
2023-02-08T09:41:46.524+0000	beacon2.Variants	23.1GB
2023-02-08T09:41:49.525+0000	beacon2.Variants	23.2GB
2023-02-08T09:41:52.533+0000	beacon2.Variants	23.2GB
2023-02-08T09:41:55.525+0000	beacon2.Variants	23.3GB
2023-02-08T09:41:58.529+0000	beacon2.Variants	23.3GB
2023-02-08T09:42:01.525+0000	beacon2.Variants	23.3GB
2023-02-08T09:42:04.525+0000	beacon2.Variants	23.4GB
2023-02-08T09:42:07.535+0000	beacon2.Variants	23.4GB
2023-02-08T09:42:10.533+0000	beacon2.Variants	23.4GB
2023-02-08T09:42:13.525+0000	beacon2.Variants	23.5GB
2023-02-08T09:42:16.527+0000	beacon2.Variants	23.5GB
2023-02-08T09:42:19.525+0000	beacon2.Variants	23.6GB
2023-02-08T09:42:22.527+0000	beacon2.Variants	23.6GB
2023-02-08T09:42:25.527+0000	beacon2.Variants	23.6GB
2023-02-08T09:42:28.524+0000	beacon2.Variants	23.7GB
2023-02-08T09:42:31.538+0000	beacon2.Variants	23.7GB
2023-02-08T09:42:34.529+0000	beacon2.Variants	23.8GB
2023-02-08T09:42:37.534+0000	beacon2.Variants	23.8GB
2023-02-08T09:42:40.531+0000	beacon2.Variants	23.8GB
2023-02-08T09:42:43.530+0000	beacon2.Variants	23.9GB
2023-02-08T09:42:46.535+0000	beacon2.Variants	23.9GB
2023-02-08T09:42:49.532+0000	beacon2.Variants	23.9GB
2023-02-08T09:42:52.525+0000	beacon2.Variants	24.0GB
2023-02-08T09:42:55.524+0000	beacon2.Variants	24.0GB
2023-02-08T09:42:58.529+0000	beacon2.Variants	24.1GB
2023-02-08T09:43:01.528+0000	beacon2.Variants	24.1GB
2023-02-08T09:43:04.527+0000	beacon2.Variants	24.1GB
2023-02-08T09:43:07.525+0000	beacon2.Variants	24.2GB
2023-02-08T09:43:10.527+0000	beacon2.Variants	24.2GB
2023-02-08T09:43:13.529+0000	beacon2.Variants	24.2GB
2023-02-08T09:43:16.524+0000	beacon2.Variants	24.3GB
2023-02-08T09:43:19.525+0000	beacon2.Variants	24.3GB
2023-02-08T09:43:22.528+0000	beacon2.Variants	24.4GB
2023-02-08T09:43:25.526+0000	beacon2.Variants	24.4GB
2023-02-08T09:43:28.524+0000	beacon2.Variants	24.4GB
2023-02-08T09:43:31.536+0000	beacon2.Variants	24.5GB
2023-02-08T09:43:34.525+0000	beacon2.Variants	24.5GB
2023-02-08T09:43:37.527+0000	beacon2.Variants	24.6GB
2023-02-08T09:43:40.526+0000	beacon2.Variants	24.6GB
2023-02-08T09:43:43.529+0000	beacon2.Variants	24.6GB
2023-02-08T09:43:46.524+0000	beacon2.Variants	24.7GB
2023-02-08T09:43:49.529+0000	beacon2.Variants	24.7GB
2023-02-08T09:43:52.525+0000	beacon2.Variants	24.8GB
2023-02-08T09:43:55.524+0000	beacon2.Variants	24.8GB
2023-02-08T09:43:58.530+0000	beacon2.Variants	24.8GB
2023-02-08T09:44:01.529+0000	beacon2.Variants	24.9GB
2023-02-08T09:44:04.532+0000	beacon2.Variants	24.9GB
2023-02-08T09:44:07.525+0000	beacon2.Variants	24.9GB
2023-02-08T09:44:10.527+0000	beacon2.Variants	25.0GB
2023-02-08T09:44:13.531+0000	beacon2.Variants	25.0GB
2023-02-08T09:44:16.524+0000	beacon2.Variants	25.1GB
2023-02-08T09:44:19.524+0000	beacon2.Variants	25.1GB
2023-02-08T09:44:22.525+0000	beacon2.Variants	25.1GB
2023-02-08T09:44:25.524+0000	beacon2.Variants	25.2GB
2023-02-08T09:44:28.533+0000	beacon2.Variants	25.2GB
2023-02-08T09:44:31.528+0000	beacon2.Variants	25.2GB
2023-02-08T09:44:34.525+0000	beacon2.Variants	25.3GB
2023-02-08T09:44:37.524+0000	beacon2.Variants	25.3GB
2023-02-08T09:44:38.065+0000	beacon2.Variants	25.3GB
2023-02-08T09:44:38.065+0000	2277377 document(s) imported successfully. 0 document(s) failed to import.

real	33m18.565s
user	59m11.762s
sys	0m57.894s
