2023-02-08T17:34:49.372+0000	connected to: mongodb://[**REDACTED**]@localhost:27017/beacon2?authSource=admin
2023-02-08T17:34:52.374+0000	beacon2.Variants	40.2MB
2023-02-08T17:34:55.372+0000	beacon2.Variants	78.3MB
2023-02-08T17:34:58.372+0000	beacon2.Variants	119MB
2023-02-08T17:35:01.375+0000	beacon2.Variants	157MB
2023-02-08T17:35:04.385+0000	beacon2.Variants	196MB
2023-02-08T17:35:07.372+0000	beacon2.Variants	234MB
2023-02-08T17:35:10.378+0000	beacon2.Variants	272MB
2023-02-08T17:35:13.372+0000	beacon2.Variants	312MB
2023-02-08T17:35:16.374+0000	beacon2.Variants	351MB
2023-02-08T17:35:19.379+0000	beacon2.Variants	390MB
2023-02-08T17:35:22.380+0000	beacon2.Variants	429MB
2023-02-08T17:35:25.379+0000	beacon2.Variants	467MB
2023-02-08T17:35:28.378+0000	beacon2.Variants	506MB
2023-02-08T17:35:31.375+0000	beacon2.Variants	546MB
2023-02-08T17:35:34.375+0000	beacon2.Variants	586MB
2023-02-08T17:35:37.372+0000	beacon2.Variants	625MB
2023-02-08T17:35:40.388+0000	beacon2.Variants	663MB
2023-02-08T17:35:43.381+0000	beacon2.Variants	702MB
2023-02-08T17:35:46.374+0000	beacon2.Variants	742MB
2023-02-08T17:35:49.372+0000	beacon2.Variants	781MB
2023-02-08T17:35:52.372+0000	beacon2.Variants	818MB
2023-02-08T17:35:55.374+0000	beacon2.Variants	858MB
2023-02-08T17:35:58.381+0000	beacon2.Variants	896MB
2023-02-08T17:36:01.372+0000	beacon2.Variants	936MB
2023-02-08T17:36:04.373+0000	beacon2.Variants	974MB
2023-02-08T17:36:07.374+0000	beacon2.Variants	1013MB
2023-02-08T17:36:10.374+0000	beacon2.Variants	1.03GB
2023-02-08T17:36:13.372+0000	beacon2.Variants	1.06GB
2023-02-08T17:36:16.375+0000	beacon2.Variants	1.10GB
2023-02-08T17:36:19.372+0000	beacon2.Variants	1.14GB
2023-02-08T17:36:22.372+0000	beacon2.Variants	1.18GB
2023-02-08T17:36:25.377+0000	beacon2.Variants	1.22GB
2023-02-08T17:36:28.373+0000	beacon2.Variants	1.25GB
2023-02-08T17:36:31.374+0000	beacon2.Variants	1.29GB
2023-02-08T17:36:34.373+0000	beacon2.Variants	1.33GB
2023-02-08T17:36:37.377+0000	beacon2.Variants	1.37GB
2023-02-08T17:36:40.376+0000	beacon2.Variants	1.40GB
2023-02-08T17:36:43.378+0000	beacon2.Variants	1.44GB
2023-02-08T17:36:46.372+0000	beacon2.Variants	1.48GB
2023-02-08T17:36:49.392+0000	beacon2.Variants	1.52GB
2023-02-08T17:36:52.372+0000	beacon2.Variants	1.56GB
2023-02-08T17:36:55.374+0000	beacon2.Variants	1.59GB
2023-02-08T17:36:58.372+0000	beacon2.Variants	1.63GB
2023-02-08T17:37:01.373+0000	beacon2.Variants	1.67GB
2023-02-08T17:37:04.372+0000	beacon2.Variants	1.71GB
2023-02-08T17:37:07.372+0000	beacon2.Variants	1.74GB
2023-02-08T17:37:10.380+0000	beacon2.Variants	1.78GB
2023-02-08T17:37:13.372+0000	beacon2.Variants	1.82GB
2023-02-08T17:37:16.375+0000	beacon2.Variants	1.86GB
2023-02-08T17:37:19.380+0000	beacon2.Variants	1.89GB
2023-02-08T17:37:22.383+0000	beacon2.Variants	1.93GB
2023-02-08T17:37:25.372+0000	beacon2.Variants	1.97GB
2023-02-08T17:37:28.373+0000	beacon2.Variants	2.01GB
2023-02-08T17:37:31.378+0000	beacon2.Variants	2.05GB
2023-02-08T17:37:34.372+0000	beacon2.Variants	2.09GB
2023-02-08T17:37:37.372+0000	beacon2.Variants	2.12GB
2023-02-08T17:37:40.384+0000	beacon2.Variants	2.16GB
2023-02-08T17:37:43.373+0000	beacon2.Variants	2.20GB
2023-02-08T17:37:46.384+0000	beacon2.Variants	2.24GB
2023-02-08T17:37:49.381+0000	beacon2.Variants	2.27GB
2023-02-08T17:37:52.373+0000	beacon2.Variants	2.31GB
2023-02-08T17:37:55.372+0000	beacon2.Variants	2.35GB
2023-02-08T17:37:58.383+0000	beacon2.Variants	2.39GB
2023-02-08T17:38:01.372+0000	beacon2.Variants	2.43GB
2023-02-08T17:38:04.372+0000	beacon2.Variants	2.46GB
2023-02-08T17:38:07.372+0000	beacon2.Variants	2.50GB
2023-02-08T17:38:10.374+0000	beacon2.Variants	2.54GB
2023-02-08T17:38:13.372+0000	beacon2.Variants	2.58GB
2023-02-08T17:38:16.372+0000	beacon2.Variants	2.61GB
2023-02-08T17:38:19.372+0000	beacon2.Variants	2.65GB
2023-02-08T17:38:22.372+0000	beacon2.Variants	2.69GB
2023-02-08T17:38:25.375+0000	beacon2.Variants	2.73GB
2023-02-08T17:38:28.374+0000	beacon2.Variants	2.76GB
2023-02-08T17:38:31.381+0000	beacon2.Variants	2.80GB
2023-02-08T17:38:34.382+0000	beacon2.Variants	2.84GB
2023-02-08T17:38:37.372+0000	beacon2.Variants	2.88GB
2023-02-08T17:38:40.374+0000	beacon2.Variants	2.92GB
2023-02-08T17:38:43.378+0000	beacon2.Variants	2.95GB
2023-02-08T17:38:46.392+0000	beacon2.Variants	2.99GB
2023-02-08T17:38:49.372+0000	beacon2.Variants	3.03GB
2023-02-08T17:38:52.373+0000	beacon2.Variants	3.07GB
2023-02-08T17:38:55.372+0000	beacon2.Variants	3.11GB
2023-02-08T17:38:58.389+0000	beacon2.Variants	3.15GB
2023-02-08T17:39:01.374+0000	beacon2.Variants	3.18GB
2023-02-08T17:39:04.372+0000	beacon2.Variants	3.22GB
2023-02-08T17:39:07.372+0000	beacon2.Variants	3.26GB
2023-02-08T17:39:10.372+0000	beacon2.Variants	3.30GB
2023-02-08T17:39:13.372+0000	beacon2.Variants	3.34GB
2023-02-08T17:39:16.375+0000	beacon2.Variants	3.37GB
2023-02-08T17:39:19.377+0000	beacon2.Variants	3.41GB
2023-02-08T17:39:22.385+0000	beacon2.Variants	3.45GB
2023-02-08T17:39:25.373+0000	beacon2.Variants	3.49GB
2023-02-08T17:39:28.373+0000	beacon2.Variants	3.53GB
2023-02-08T17:39:31.373+0000	beacon2.Variants	3.57GB
2023-02-08T17:39:34.372+0000	beacon2.Variants	3.60GB
2023-02-08T17:39:37.372+0000	beacon2.Variants	3.64GB
2023-02-08T17:39:40.375+0000	beacon2.Variants	3.68GB
2023-02-08T17:39:43.374+0000	beacon2.Variants	3.72GB
2023-02-08T17:39:46.372+0000	beacon2.Variants	3.76GB
2023-02-08T17:39:49.377+0000	beacon2.Variants	3.79GB
2023-02-08T17:39:52.395+0000	beacon2.Variants	3.83GB
2023-02-08T17:39:55.376+0000	beacon2.Variants	3.87GB
2023-02-08T17:39:58.386+0000	beacon2.Variants	3.91GB
2023-02-08T17:40:01.372+0000	beacon2.Variants	3.95GB
2023-02-08T17:40:04.372+0000	beacon2.Variants	3.98GB
2023-02-08T17:40:07.381+0000	beacon2.Variants	4.02GB
2023-02-08T17:40:10.376+0000	beacon2.Variants	4.06GB
2023-02-08T17:40:13.384+0000	beacon2.Variants	4.10GB
2023-02-08T17:40:16.384+0000	beacon2.Variants	4.14GB
2023-02-08T17:40:19.372+0000	beacon2.Variants	4.17GB
2023-02-08T17:40:22.372+0000	beacon2.Variants	4.21GB
2023-02-08T17:40:25.383+0000	beacon2.Variants	4.25GB
2023-02-08T17:40:28.379+0000	beacon2.Variants	4.29GB
2023-02-08T17:40:31.386+0000	beacon2.Variants	4.33GB
2023-02-08T17:40:34.374+0000	beacon2.Variants	4.37GB
2023-02-08T17:40:37.372+0000	beacon2.Variants	4.40GB
2023-02-08T17:40:40.373+0000	beacon2.Variants	4.44GB
2023-02-08T17:40:43.373+0000	beacon2.Variants	4.48GB
2023-02-08T17:40:46.372+0000	beacon2.Variants	4.52GB
2023-02-08T17:40:49.373+0000	beacon2.Variants	4.56GB
2023-02-08T17:40:52.372+0000	beacon2.Variants	4.59GB
2023-02-08T17:40:55.372+0000	beacon2.Variants	4.63GB
2023-02-08T17:40:58.372+0000	beacon2.Variants	4.67GB
2023-02-08T17:41:01.372+0000	beacon2.Variants	4.71GB
2023-02-08T17:41:04.372+0000	beacon2.Variants	4.75GB
2023-02-08T17:41:07.383+0000	beacon2.Variants	4.78GB
2023-02-08T17:41:10.382+0000	beacon2.Variants	4.82GB
2023-02-08T17:41:13.377+0000	beacon2.Variants	4.86GB
2023-02-08T17:41:16.374+0000	beacon2.Variants	4.90GB
2023-02-08T17:41:19.386+0000	beacon2.Variants	4.94GB
2023-02-08T17:41:22.372+0000	beacon2.Variants	4.97GB
2023-02-08T17:41:25.372+0000	beacon2.Variants	5.01GB
2023-02-08T17:41:28.382+0000	beacon2.Variants	5.05GB
2023-02-08T17:41:31.376+0000	beacon2.Variants	5.09GB
2023-02-08T17:41:34.373+0000	beacon2.Variants	5.13GB
2023-02-08T17:41:37.373+0000	beacon2.Variants	5.16GB
2023-02-08T17:41:40.389+0000	beacon2.Variants	5.20GB
2023-02-08T17:41:43.373+0000	beacon2.Variants	5.24GB
2023-02-08T17:41:46.378+0000	beacon2.Variants	5.28GB
2023-02-08T17:41:49.377+0000	beacon2.Variants	5.32GB
2023-02-08T17:41:52.372+0000	beacon2.Variants	5.36GB
2023-02-08T17:41:55.373+0000	beacon2.Variants	5.40GB
2023-02-08T17:41:58.374+0000	beacon2.Variants	5.43GB
2023-02-08T17:42:01.374+0000	beacon2.Variants	5.47GB
2023-02-08T17:42:04.374+0000	beacon2.Variants	5.51GB
2023-02-08T17:42:07.378+0000	beacon2.Variants	5.55GB
2023-02-08T17:42:10.376+0000	beacon2.Variants	5.58GB
2023-02-08T17:42:13.379+0000	beacon2.Variants	5.62GB
2023-02-08T17:42:16.377+0000	beacon2.Variants	5.66GB
2023-02-08T17:42:19.384+0000	beacon2.Variants	5.70GB
2023-02-08T17:42:22.372+0000	beacon2.Variants	5.74GB
2023-02-08T17:42:25.372+0000	beacon2.Variants	5.78GB
2023-02-08T17:42:28.374+0000	beacon2.Variants	5.81GB
2023-02-08T17:42:31.374+0000	beacon2.Variants	5.85GB
2023-02-08T17:42:34.372+0000	beacon2.Variants	5.89GB
2023-02-08T17:42:37.377+0000	beacon2.Variants	5.93GB
2023-02-08T17:42:40.382+0000	beacon2.Variants	5.96GB
2023-02-08T17:42:43.374+0000	beacon2.Variants	6.00GB
2023-02-08T17:42:46.372+0000	beacon2.Variants	6.04GB
2023-02-08T17:42:49.372+0000	beacon2.Variants	6.08GB
2023-02-08T17:42:52.373+0000	beacon2.Variants	6.12GB
2023-02-08T17:42:55.373+0000	beacon2.Variants	6.16GB
2023-02-08T17:42:58.373+0000	beacon2.Variants	6.19GB
2023-02-08T17:43:01.378+0000	beacon2.Variants	6.23GB
2023-02-08T17:43:04.372+0000	beacon2.Variants	6.27GB
2023-02-08T17:43:07.387+0000	beacon2.Variants	6.31GB
2023-02-08T17:43:10.372+0000	beacon2.Variants	6.34GB
2023-02-08T17:43:13.372+0000	beacon2.Variants	6.38GB
2023-02-08T17:43:16.372+0000	beacon2.Variants	6.42GB
2023-02-08T17:43:19.375+0000	beacon2.Variants	6.46GB
2023-02-08T17:43:22.374+0000	beacon2.Variants	6.50GB
2023-02-08T17:43:25.374+0000	beacon2.Variants	6.53GB
2023-02-08T17:43:28.373+0000	beacon2.Variants	6.57GB
2023-02-08T17:43:31.386+0000	beacon2.Variants	6.61GB
2023-02-08T17:43:34.386+0000	beacon2.Variants	6.65GB
2023-02-08T17:43:37.374+0000	beacon2.Variants	6.69GB
2023-02-08T17:43:40.393+0000	beacon2.Variants	6.72GB
2023-02-08T17:43:43.378+0000	beacon2.Variants	6.76GB
2023-02-08T17:43:46.372+0000	beacon2.Variants	6.80GB
2023-02-08T17:43:49.385+0000	beacon2.Variants	6.84GB
2023-02-08T17:43:52.374+0000	beacon2.Variants	6.88GB
2023-02-08T17:43:55.384+0000	beacon2.Variants	6.91GB
2023-02-08T17:43:58.378+0000	beacon2.Variants	6.95GB
2023-02-08T17:44:01.372+0000	beacon2.Variants	6.99GB
2023-02-08T17:44:04.373+0000	beacon2.Variants	7.03GB
2023-02-08T17:44:07.373+0000	beacon2.Variants	7.06GB
2023-02-08T17:44:10.373+0000	beacon2.Variants	7.10GB
2023-02-08T17:44:13.382+0000	beacon2.Variants	7.14GB
2023-02-08T17:44:16.380+0000	beacon2.Variants	7.18GB
2023-02-08T17:44:19.372+0000	beacon2.Variants	7.22GB
2023-02-08T17:44:22.376+0000	beacon2.Variants	7.25GB
2023-02-08T17:44:25.373+0000	beacon2.Variants	7.29GB
2023-02-08T17:44:28.376+0000	beacon2.Variants	7.33GB
2023-02-08T17:44:31.372+0000	beacon2.Variants	7.37GB
2023-02-08T17:44:34.378+0000	beacon2.Variants	7.41GB
2023-02-08T17:44:37.373+0000	beacon2.Variants	7.44GB
2023-02-08T17:44:40.372+0000	beacon2.Variants	7.48GB
2023-02-08T17:44:43.372+0000	beacon2.Variants	7.52GB
2023-02-08T17:44:46.373+0000	beacon2.Variants	7.56GB
2023-02-08T17:44:49.372+0000	beacon2.Variants	7.60GB
2023-02-08T17:44:52.373+0000	beacon2.Variants	7.63GB
2023-02-08T17:44:55.382+0000	beacon2.Variants	7.67GB
2023-02-08T17:44:58.376+0000	beacon2.Variants	7.71GB
2023-02-08T17:45:01.373+0000	beacon2.Variants	7.75GB
2023-02-08T17:45:04.376+0000	beacon2.Variants	7.78GB
2023-02-08T17:45:07.376+0000	beacon2.Variants	7.82GB
2023-02-08T17:45:10.373+0000	beacon2.Variants	7.86GB
2023-02-08T17:45:13.373+0000	beacon2.Variants	7.90GB
2023-02-08T17:45:16.373+0000	beacon2.Variants	7.93GB
2023-02-08T17:45:19.380+0000	beacon2.Variants	7.97GB
2023-02-08T17:45:22.373+0000	beacon2.Variants	8.01GB
2023-02-08T17:45:25.372+0000	beacon2.Variants	8.05GB
2023-02-08T17:45:28.374+0000	beacon2.Variants	8.08GB
2023-02-08T17:45:31.373+0000	beacon2.Variants	8.12GB
2023-02-08T17:45:34.374+0000	beacon2.Variants	8.16GB
2023-02-08T17:45:37.379+0000	beacon2.Variants	8.20GB
2023-02-08T17:45:40.385+0000	beacon2.Variants	8.24GB
2023-02-08T17:45:43.378+0000	beacon2.Variants	8.28GB
2023-02-08T17:45:46.375+0000	beacon2.Variants	8.31GB
2023-02-08T17:45:49.376+0000	beacon2.Variants	8.35GB
2023-02-08T17:45:52.382+0000	beacon2.Variants	8.39GB
2023-02-08T17:45:55.373+0000	beacon2.Variants	8.43GB
2023-02-08T17:45:58.376+0000	beacon2.Variants	8.47GB
2023-02-08T17:46:01.372+0000	beacon2.Variants	8.50GB
2023-02-08T17:46:04.376+0000	beacon2.Variants	8.54GB
2023-02-08T17:46:07.372+0000	beacon2.Variants	8.58GB
2023-02-08T17:46:10.372+0000	beacon2.Variants	8.62GB
2023-02-08T17:46:13.379+0000	beacon2.Variants	8.65GB
2023-02-08T17:46:16.372+0000	beacon2.Variants	8.69GB
2023-02-08T17:46:19.381+0000	beacon2.Variants	8.73GB
2023-02-08T17:46:22.376+0000	beacon2.Variants	8.77GB
2023-02-08T17:46:25.372+0000	beacon2.Variants	8.81GB
2023-02-08T17:46:28.379+0000	beacon2.Variants	8.84GB
2023-02-08T17:46:31.375+0000	beacon2.Variants	8.88GB
2023-02-08T17:46:34.372+0000	beacon2.Variants	8.92GB
2023-02-08T17:46:37.384+0000	beacon2.Variants	8.96GB
2023-02-08T17:46:40.372+0000	beacon2.Variants	9.00GB
2023-02-08T17:46:43.373+0000	beacon2.Variants	9.04GB
2023-02-08T17:46:46.372+0000	beacon2.Variants	9.07GB
2023-02-08T17:46:49.374+0000	beacon2.Variants	9.11GB
2023-02-08T17:46:52.374+0000	beacon2.Variants	9.15GB
2023-02-08T17:46:55.372+0000	beacon2.Variants	9.19GB
2023-02-08T17:46:58.373+0000	beacon2.Variants	9.23GB
2023-02-08T17:47:01.372+0000	beacon2.Variants	9.26GB
2023-02-08T17:47:04.381+0000	beacon2.Variants	9.30GB
2023-02-08T17:47:07.372+0000	beacon2.Variants	9.34GB
2023-02-08T17:47:10.373+0000	beacon2.Variants	9.38GB
2023-02-08T17:47:13.372+0000	beacon2.Variants	9.41GB
2023-02-08T17:47:16.372+0000	beacon2.Variants	9.45GB
2023-02-08T17:47:19.372+0000	beacon2.Variants	9.49GB
2023-02-08T17:47:22.376+0000	beacon2.Variants	9.53GB
2023-02-08T17:47:25.378+0000	beacon2.Variants	9.57GB
2023-02-08T17:47:28.372+0000	beacon2.Variants	9.60GB
2023-02-08T17:47:31.374+0000	beacon2.Variants	9.64GB
2023-02-08T17:47:34.377+0000	beacon2.Variants	9.68GB
2023-02-08T17:47:37.372+0000	beacon2.Variants	9.72GB
2023-02-08T17:47:40.382+0000	beacon2.Variants	9.76GB
2023-02-08T17:47:43.377+0000	beacon2.Variants	9.79GB
2023-02-08T17:47:46.386+0000	beacon2.Variants	9.83GB
2023-02-08T17:47:49.378+0000	beacon2.Variants	9.87GB
2023-02-08T17:47:52.382+0000	beacon2.Variants	9.91GB
2023-02-08T17:47:55.373+0000	beacon2.Variants	9.95GB
2023-02-08T17:47:58.386+0000	beacon2.Variants	9.99GB
2023-02-08T17:48:01.375+0000	beacon2.Variants	10.0GB
2023-02-08T17:48:04.374+0000	beacon2.Variants	10.1GB
2023-02-08T17:48:07.374+0000	beacon2.Variants	10.1GB
2023-02-08T17:48:10.373+0000	beacon2.Variants	10.1GB
2023-02-08T17:48:13.373+0000	beacon2.Variants	10.2GB
2023-02-08T17:48:16.373+0000	beacon2.Variants	10.2GB
2023-02-08T17:48:19.372+0000	beacon2.Variants	10.2GB
2023-02-08T17:48:22.375+0000	beacon2.Variants	10.3GB
2023-02-08T17:48:25.373+0000	beacon2.Variants	10.3GB
2023-02-08T17:48:28.377+0000	beacon2.Variants	10.4GB
2023-02-08T17:48:31.373+0000	beacon2.Variants	10.4GB
2023-02-08T17:48:34.372+0000	beacon2.Variants	10.4GB
2023-02-08T17:48:37.372+0000	beacon2.Variants	10.5GB
2023-02-08T17:48:40.373+0000	beacon2.Variants	10.5GB
2023-02-08T17:48:43.373+0000	beacon2.Variants	10.6GB
2023-02-08T17:48:46.374+0000	beacon2.Variants	10.6GB
2023-02-08T17:48:49.377+0000	beacon2.Variants	10.6GB
2023-02-08T17:48:52.372+0000	beacon2.Variants	10.7GB
2023-02-08T17:48:55.373+0000	beacon2.Variants	10.7GB
2023-02-08T17:48:58.373+0000	beacon2.Variants	10.7GB
2023-02-08T17:49:01.377+0000	beacon2.Variants	10.8GB
2023-02-08T17:49:04.375+0000	beacon2.Variants	10.8GB
2023-02-08T17:49:07.382+0000	beacon2.Variants	10.9GB
2023-02-08T17:49:10.373+0000	beacon2.Variants	10.9GB
2023-02-08T17:49:13.375+0000	beacon2.Variants	10.9GB
2023-02-08T17:49:16.376+0000	beacon2.Variants	11.0GB
2023-02-08T17:49:19.372+0000	beacon2.Variants	11.0GB
2023-02-08T17:49:22.380+0000	beacon2.Variants	11.1GB
2023-02-08T17:49:25.374+0000	beacon2.Variants	11.1GB
2023-02-08T17:49:28.372+0000	beacon2.Variants	11.1GB
2023-02-08T17:49:31.375+0000	beacon2.Variants	11.2GB
2023-02-08T17:49:34.377+0000	beacon2.Variants	11.2GB
2023-02-08T17:49:37.372+0000	beacon2.Variants	11.2GB
2023-02-08T17:49:40.378+0000	beacon2.Variants	11.3GB
2023-02-08T17:49:43.373+0000	beacon2.Variants	11.3GB
2023-02-08T17:49:46.373+0000	beacon2.Variants	11.3GB
2023-02-08T17:49:49.376+0000	beacon2.Variants	11.4GB
2023-02-08T17:49:52.377+0000	beacon2.Variants	11.4GB
2023-02-08T17:49:55.372+0000	beacon2.Variants	11.5GB
2023-02-08T17:49:58.390+0000	beacon2.Variants	11.5GB
2023-02-08T17:50:01.372+0000	beacon2.Variants	11.5GB
2023-02-08T17:50:04.382+0000	beacon2.Variants	11.6GB
2023-02-08T17:50:07.383+0000	beacon2.Variants	11.6GB
2023-02-08T17:50:10.376+0000	beacon2.Variants	11.7GB
2023-02-08T17:50:13.373+0000	beacon2.Variants	11.7GB
2023-02-08T17:50:16.389+0000	beacon2.Variants	11.7GB
2023-02-08T17:50:19.378+0000	beacon2.Variants	11.8GB
2023-02-08T17:50:22.372+0000	beacon2.Variants	11.8GB
2023-02-08T17:50:25.373+0000	beacon2.Variants	11.8GB
2023-02-08T17:50:28.372+0000	beacon2.Variants	11.9GB
2023-02-08T17:50:31.379+0000	beacon2.Variants	11.9GB
2023-02-08T17:50:34.372+0000	beacon2.Variants	11.9GB
2023-02-08T17:50:37.373+0000	beacon2.Variants	12.0GB
2023-02-08T17:50:40.374+0000	beacon2.Variants	12.0GB
2023-02-08T17:50:43.378+0000	beacon2.Variants	12.1GB
2023-02-08T17:50:46.376+0000	beacon2.Variants	12.1GB
2023-02-08T17:50:49.373+0000	beacon2.Variants	12.1GB
2023-02-08T17:50:52.381+0000	beacon2.Variants	12.2GB
2023-02-08T17:50:55.372+0000	beacon2.Variants	12.2GB
2023-02-08T17:50:58.379+0000	beacon2.Variants	12.3GB
2023-02-08T17:51:01.373+0000	beacon2.Variants	12.3GB
2023-02-08T17:51:04.373+0000	beacon2.Variants	12.3GB
2023-02-08T17:51:07.375+0000	beacon2.Variants	12.4GB
2023-02-08T17:51:10.375+0000	beacon2.Variants	12.4GB
2023-02-08T17:51:13.373+0000	beacon2.Variants	12.4GB
2023-02-08T17:51:16.373+0000	beacon2.Variants	12.5GB
2023-02-08T17:51:19.372+0000	beacon2.Variants	12.5GB
2023-02-08T17:51:22.378+0000	beacon2.Variants	12.6GB
2023-02-08T17:51:25.372+0000	beacon2.Variants	12.6GB
2023-02-08T17:51:28.374+0000	beacon2.Variants	12.6GB
2023-02-08T17:51:31.377+0000	beacon2.Variants	12.7GB
2023-02-08T17:51:34.373+0000	beacon2.Variants	12.7GB
2023-02-08T17:51:37.374+0000	beacon2.Variants	12.8GB
2023-02-08T17:51:40.372+0000	beacon2.Variants	12.8GB
2023-02-08T17:51:43.373+0000	beacon2.Variants	12.8GB
2023-02-08T17:51:46.372+0000	beacon2.Variants	12.9GB
2023-02-08T17:51:49.373+0000	beacon2.Variants	12.9GB
2023-02-08T17:51:52.372+0000	beacon2.Variants	12.9GB
2023-02-08T17:51:55.380+0000	beacon2.Variants	13.0GB
2023-02-08T17:51:58.375+0000	beacon2.Variants	13.0GB
2023-02-08T17:52:01.378+0000	beacon2.Variants	13.1GB
2023-02-08T17:52:04.372+0000	beacon2.Variants	13.1GB
2023-02-08T17:52:07.373+0000	beacon2.Variants	13.1GB
2023-02-08T17:52:10.373+0000	beacon2.Variants	13.2GB
2023-02-08T17:52:13.382+0000	beacon2.Variants	13.2GB
2023-02-08T17:52:16.378+0000	beacon2.Variants	13.2GB
2023-02-08T17:52:19.382+0000	beacon2.Variants	13.3GB
2023-02-08T17:52:22.373+0000	beacon2.Variants	13.3GB
2023-02-08T17:52:25.372+0000	beacon2.Variants	13.4GB
2023-02-08T17:52:28.372+0000	beacon2.Variants	13.4GB
2023-02-08T17:52:31.377+0000	beacon2.Variants	13.4GB
2023-02-08T17:52:34.372+0000	beacon2.Variants	13.5GB
2023-02-08T17:52:37.380+0000	beacon2.Variants	13.5GB
2023-02-08T17:52:40.374+0000	beacon2.Variants	13.5GB
2023-02-08T17:52:43.379+0000	beacon2.Variants	13.6GB
2023-02-08T17:52:46.374+0000	beacon2.Variants	13.6GB
2023-02-08T17:52:49.372+0000	beacon2.Variants	13.7GB
2023-02-08T17:52:52.372+0000	beacon2.Variants	13.7GB
2023-02-08T17:52:55.374+0000	beacon2.Variants	13.7GB
2023-02-08T17:52:58.374+0000	beacon2.Variants	13.8GB
2023-02-08T17:53:01.376+0000	beacon2.Variants	13.8GB
2023-02-08T17:53:04.388+0000	beacon2.Variants	13.8GB
2023-02-08T17:53:07.372+0000	beacon2.Variants	13.9GB
2023-02-08T17:53:10.372+0000	beacon2.Variants	13.9GB
2023-02-08T17:53:13.372+0000	beacon2.Variants	14.0GB
2023-02-08T17:53:16.373+0000	beacon2.Variants	14.0GB
2023-02-08T17:53:19.375+0000	beacon2.Variants	14.0GB
2023-02-08T17:53:22.373+0000	beacon2.Variants	14.1GB
2023-02-08T17:53:25.386+0000	beacon2.Variants	14.1GB
2023-02-08T17:53:28.381+0000	beacon2.Variants	14.2GB
2023-02-08T17:53:31.372+0000	beacon2.Variants	14.2GB
2023-02-08T17:53:34.374+0000	beacon2.Variants	14.2GB
2023-02-08T17:53:37.376+0000	beacon2.Variants	14.3GB
2023-02-08T17:53:40.381+0000	beacon2.Variants	14.3GB
2023-02-08T17:53:43.374+0000	beacon2.Variants	14.3GB
2023-02-08T17:53:46.372+0000	beacon2.Variants	14.4GB
2023-02-08T17:53:49.373+0000	beacon2.Variants	14.4GB
2023-02-08T17:53:52.376+0000	beacon2.Variants	14.5GB
2023-02-08T17:53:55.373+0000	beacon2.Variants	14.5GB
2023-02-08T17:53:58.382+0000	beacon2.Variants	14.5GB
2023-02-08T17:54:01.373+0000	beacon2.Variants	14.6GB
2023-02-08T17:54:04.373+0000	beacon2.Variants	14.6GB
2023-02-08T17:54:07.383+0000	beacon2.Variants	14.7GB
2023-02-08T17:54:10.373+0000	beacon2.Variants	14.7GB
2023-02-08T17:54:13.374+0000	beacon2.Variants	14.7GB
2023-02-08T17:54:16.380+0000	beacon2.Variants	14.8GB
2023-02-08T17:54:19.372+0000	beacon2.Variants	14.8GB
2023-02-08T17:54:22.374+0000	beacon2.Variants	14.8GB
2023-02-08T17:54:25.380+0000	beacon2.Variants	14.9GB
2023-02-08T17:54:28.373+0000	beacon2.Variants	14.9GB
2023-02-08T17:54:31.378+0000	beacon2.Variants	14.9GB
2023-02-08T17:54:34.383+0000	beacon2.Variants	15.0GB
2023-02-08T17:54:37.372+0000	beacon2.Variants	15.0GB
2023-02-08T17:54:40.372+0000	beacon2.Variants	15.1GB
2023-02-08T17:54:43.372+0000	beacon2.Variants	15.1GB
2023-02-08T17:54:46.373+0000	beacon2.Variants	15.1GB
2023-02-08T17:54:49.372+0000	beacon2.Variants	15.2GB
2023-02-08T17:54:52.373+0000	beacon2.Variants	15.2GB
2023-02-08T17:54:55.381+0000	beacon2.Variants	15.2GB
2023-02-08T17:54:58.373+0000	beacon2.Variants	15.3GB
2023-02-08T17:55:01.382+0000	beacon2.Variants	15.3GB
2023-02-08T17:55:04.372+0000	beacon2.Variants	15.4GB
2023-02-08T17:55:07.382+0000	beacon2.Variants	15.4GB
2023-02-08T17:55:10.372+0000	beacon2.Variants	15.4GB
2023-02-08T17:55:13.377+0000	beacon2.Variants	15.5GB
2023-02-08T17:55:16.372+0000	beacon2.Variants	15.5GB
2023-02-08T17:55:19.372+0000	beacon2.Variants	15.6GB
2023-02-08T17:55:22.372+0000	beacon2.Variants	15.6GB
2023-02-08T17:55:25.373+0000	beacon2.Variants	15.6GB
2023-02-08T17:55:28.372+0000	beacon2.Variants	15.7GB
2023-02-08T17:55:31.372+0000	beacon2.Variants	15.7GB
2023-02-08T17:55:34.385+0000	beacon2.Variants	15.8GB
2023-02-08T17:55:37.384+0000	beacon2.Variants	15.8GB
2023-02-08T17:55:40.373+0000	beacon2.Variants	15.8GB
2023-02-08T17:55:43.372+0000	beacon2.Variants	15.9GB
2023-02-08T17:55:46.372+0000	beacon2.Variants	15.9GB
2023-02-08T17:55:49.378+0000	beacon2.Variants	15.9GB
2023-02-08T17:55:52.376+0000	beacon2.Variants	16.0GB
2023-02-08T17:55:55.372+0000	beacon2.Variants	16.0GB
2023-02-08T17:55:58.382+0000	beacon2.Variants	16.1GB
2023-02-08T17:56:01.372+0000	beacon2.Variants	16.1GB
2023-02-08T17:56:04.372+0000	beacon2.Variants	16.1GB
2023-02-08T17:56:07.373+0000	beacon2.Variants	16.2GB
2023-02-08T17:56:10.381+0000	beacon2.Variants	16.2GB
2023-02-08T17:56:13.381+0000	beacon2.Variants	16.2GB
2023-02-08T17:56:16.373+0000	beacon2.Variants	16.3GB
2023-02-08T17:56:19.379+0000	beacon2.Variants	16.3GB
2023-02-08T17:56:22.381+0000	beacon2.Variants	16.4GB
2023-02-08T17:56:25.377+0000	beacon2.Variants	16.4GB
2023-02-08T17:56:28.378+0000	beacon2.Variants	16.4GB
2023-02-08T17:56:31.373+0000	beacon2.Variants	16.5GB
2023-02-08T17:56:34.382+0000	beacon2.Variants	16.5GB
2023-02-08T17:56:37.372+0000	beacon2.Variants	16.5GB
2023-02-08T17:56:40.375+0000	beacon2.Variants	16.6GB
2023-02-08T17:56:43.377+0000	beacon2.Variants	16.6GB
2023-02-08T17:56:46.372+0000	beacon2.Variants	16.6GB
2023-02-08T17:56:49.373+0000	beacon2.Variants	16.7GB
2023-02-08T17:56:52.374+0000	beacon2.Variants	16.7GB
2023-02-08T17:56:55.372+0000	beacon2.Variants	16.8GB
2023-02-08T17:56:58.374+0000	beacon2.Variants	16.8GB
2023-02-08T17:57:01.373+0000	beacon2.Variants	16.8GB
2023-02-08T17:57:04.384+0000	beacon2.Variants	16.9GB
2023-02-08T17:57:07.373+0000	beacon2.Variants	16.9GB
2023-02-08T17:57:10.385+0000	beacon2.Variants	16.9GB
2023-02-08T17:57:13.373+0000	beacon2.Variants	17.0GB
2023-02-08T17:57:16.381+0000	beacon2.Variants	17.0GB
2023-02-08T17:57:19.372+0000	beacon2.Variants	17.1GB
2023-02-08T17:57:22.375+0000	beacon2.Variants	17.1GB
2023-02-08T17:57:25.372+0000	beacon2.Variants	17.1GB
2023-02-08T17:57:28.374+0000	beacon2.Variants	17.2GB
2023-02-08T17:57:31.373+0000	beacon2.Variants	17.2GB
2023-02-08T17:57:34.376+0000	beacon2.Variants	17.3GB
2023-02-08T17:57:37.373+0000	beacon2.Variants	17.3GB
2023-02-08T17:57:40.377+0000	beacon2.Variants	17.3GB
2023-02-08T17:57:43.372+0000	beacon2.Variants	17.4GB
2023-02-08T17:57:46.372+0000	beacon2.Variants	17.4GB
2023-02-08T17:57:49.373+0000	beacon2.Variants	17.4GB
2023-02-08T17:57:52.372+0000	beacon2.Variants	17.5GB
2023-02-08T17:57:55.372+0000	beacon2.Variants	17.5GB
2023-02-08T17:57:58.372+0000	beacon2.Variants	17.6GB
2023-02-08T17:58:01.373+0000	beacon2.Variants	17.6GB
2023-02-08T17:58:04.379+0000	beacon2.Variants	17.6GB
2023-02-08T17:58:07.372+0000	beacon2.Variants	17.7GB
2023-02-08T17:58:10.372+0000	beacon2.Variants	17.7GB
2023-02-08T17:58:13.373+0000	beacon2.Variants	17.8GB
2023-02-08T17:58:16.372+0000	beacon2.Variants	17.8GB
2023-02-08T17:58:19.372+0000	beacon2.Variants	17.8GB
2023-02-08T17:58:22.385+0000	beacon2.Variants	17.9GB
2023-02-08T17:58:25.373+0000	beacon2.Variants	17.9GB
2023-02-08T17:58:28.374+0000	beacon2.Variants	17.9GB
2023-02-08T17:58:31.372+0000	beacon2.Variants	18.0GB
2023-02-08T17:58:34.388+0000	beacon2.Variants	18.0GB
2023-02-08T17:58:37.379+0000	beacon2.Variants	18.1GB
2023-02-08T17:58:40.373+0000	beacon2.Variants	18.1GB
2023-02-08T17:58:43.374+0000	beacon2.Variants	18.1GB
2023-02-08T17:58:46.373+0000	beacon2.Variants	18.2GB
2023-02-08T17:58:49.374+0000	beacon2.Variants	18.2GB
2023-02-08T17:58:52.372+0000	beacon2.Variants	18.2GB
2023-02-08T17:58:55.383+0000	beacon2.Variants	18.3GB
2023-02-08T17:58:58.382+0000	beacon2.Variants	18.3GB
2023-02-08T17:59:01.377+0000	beacon2.Variants	18.4GB
2023-02-08T17:59:04.373+0000	beacon2.Variants	18.4GB
2023-02-08T17:59:07.384+0000	beacon2.Variants	18.4GB
2023-02-08T17:59:10.374+0000	beacon2.Variants	18.5GB
2023-02-08T17:59:13.376+0000	beacon2.Variants	18.5GB
2023-02-08T17:59:16.387+0000	beacon2.Variants	18.6GB
2023-02-08T17:59:19.375+0000	beacon2.Variants	18.6GB
2023-02-08T17:59:22.372+0000	beacon2.Variants	18.6GB
2023-02-08T17:59:25.372+0000	beacon2.Variants	18.7GB
2023-02-08T17:59:28.372+0000	beacon2.Variants	18.7GB
2023-02-08T17:59:31.372+0000	beacon2.Variants	18.7GB
2023-02-08T17:59:34.372+0000	beacon2.Variants	18.8GB
2023-02-08T17:59:37.372+0000	beacon2.Variants	18.8GB
2023-02-08T17:59:40.378+0000	beacon2.Variants	18.9GB
2023-02-08T17:59:43.372+0000	beacon2.Variants	18.9GB
2023-02-08T17:59:46.372+0000	beacon2.Variants	18.9GB
2023-02-08T17:59:49.372+0000	beacon2.Variants	19.0GB
2023-02-08T17:59:52.376+0000	beacon2.Variants	19.0GB
2023-02-08T17:59:55.372+0000	beacon2.Variants	19.1GB
2023-02-08T17:59:58.372+0000	beacon2.Variants	19.1GB
2023-02-08T18:00:01.372+0000	beacon2.Variants	19.1GB
2023-02-08T18:00:04.376+0000	beacon2.Variants	19.2GB
2023-02-08T18:00:07.372+0000	beacon2.Variants	19.2GB
2023-02-08T18:00:10.389+0000	beacon2.Variants	19.2GB
2023-02-08T18:00:13.375+0000	beacon2.Variants	19.3GB
2023-02-08T18:00:16.373+0000	beacon2.Variants	19.3GB
2023-02-08T18:00:19.383+0000	beacon2.Variants	19.4GB
2023-02-08T18:00:22.376+0000	beacon2.Variants	19.4GB
2023-02-08T18:00:25.375+0000	beacon2.Variants	19.4GB
2023-02-08T18:00:28.389+0000	beacon2.Variants	19.5GB
2023-02-08T18:00:31.378+0000	beacon2.Variants	19.5GB
2023-02-08T18:00:34.377+0000	beacon2.Variants	19.5GB
2023-02-08T18:00:37.375+0000	beacon2.Variants	19.6GB
2023-02-08T18:00:40.383+0000	beacon2.Variants	19.6GB
2023-02-08T18:00:43.372+0000	beacon2.Variants	19.7GB
2023-02-08T18:00:46.373+0000	beacon2.Variants	19.7GB
2023-02-08T18:00:49.372+0000	beacon2.Variants	19.7GB
2023-02-08T18:00:52.388+0000	beacon2.Variants	19.8GB
2023-02-08T18:00:55.373+0000	beacon2.Variants	19.8GB
2023-02-08T18:00:58.381+0000	beacon2.Variants	19.9GB
2023-02-08T18:01:01.374+0000	beacon2.Variants	19.9GB
2023-02-08T18:01:04.373+0000	beacon2.Variants	19.9GB
2023-02-08T18:01:07.372+0000	beacon2.Variants	20.0GB
2023-02-08T18:01:10.375+0000	beacon2.Variants	20.0GB
2023-02-08T18:01:13.379+0000	beacon2.Variants	20.0GB
2023-02-08T18:01:16.382+0000	beacon2.Variants	20.1GB
2023-02-08T18:01:19.372+0000	beacon2.Variants	20.1GB
2023-02-08T18:01:22.372+0000	beacon2.Variants	20.1GB
2023-02-08T18:01:25.375+0000	beacon2.Variants	20.2GB
2023-02-08T18:01:28.376+0000	beacon2.Variants	20.2GB
2023-02-08T18:01:31.372+0000	beacon2.Variants	20.3GB
2023-02-08T18:01:34.373+0000	beacon2.Variants	20.3GB
2023-02-08T18:01:37.373+0000	beacon2.Variants	20.3GB
2023-02-08T18:01:40.383+0000	beacon2.Variants	20.4GB
2023-02-08T18:01:43.372+0000	beacon2.Variants	20.4GB
2023-02-08T18:01:46.372+0000	beacon2.Variants	20.5GB
2023-02-08T18:01:49.374+0000	beacon2.Variants	20.5GB
2023-02-08T18:01:52.372+0000	beacon2.Variants	20.5GB
2023-02-08T18:01:55.373+0000	beacon2.Variants	20.6GB
2023-02-08T18:01:58.383+0000	beacon2.Variants	20.6GB
2023-02-08T18:02:01.373+0000	beacon2.Variants	20.6GB
2023-02-08T18:02:04.373+0000	beacon2.Variants	20.7GB
2023-02-08T18:02:07.377+0000	beacon2.Variants	20.7GB
2023-02-08T18:02:10.376+0000	beacon2.Variants	20.8GB
2023-02-08T18:02:13.390+0000	beacon2.Variants	20.8GB
2023-02-08T18:02:16.377+0000	beacon2.Variants	20.8GB
2023-02-08T18:02:19.372+0000	beacon2.Variants	20.9GB
2023-02-08T18:02:22.373+0000	beacon2.Variants	20.9GB
2023-02-08T18:02:25.372+0000	beacon2.Variants	20.9GB
2023-02-08T18:02:28.375+0000	beacon2.Variants	21.0GB
2023-02-08T18:02:31.373+0000	beacon2.Variants	21.0GB
2023-02-08T18:02:34.376+0000	beacon2.Variants	21.1GB
2023-02-08T18:02:37.377+0000	beacon2.Variants	21.1GB
2023-02-08T18:02:40.376+0000	beacon2.Variants	21.1GB
2023-02-08T18:02:43.376+0000	beacon2.Variants	21.2GB
2023-02-08T18:02:46.377+0000	beacon2.Variants	21.2GB
2023-02-08T18:02:49.391+0000	beacon2.Variants	21.2GB
2023-02-08T18:02:52.385+0000	beacon2.Variants	21.3GB
2023-02-08T18:02:55.374+0000	beacon2.Variants	21.3GB
2023-02-08T18:02:58.374+0000	beacon2.Variants	21.4GB
2023-02-08T18:03:01.372+0000	beacon2.Variants	21.4GB
2023-02-08T18:03:04.372+0000	beacon2.Variants	21.4GB
2023-02-08T18:03:07.377+0000	beacon2.Variants	21.5GB
2023-02-08T18:03:10.372+0000	beacon2.Variants	21.5GB
2023-02-08T18:03:13.372+0000	beacon2.Variants	21.6GB
2023-02-08T18:03:16.377+0000	beacon2.Variants	21.6GB
2023-02-08T18:03:19.382+0000	beacon2.Variants	21.6GB
2023-02-08T18:03:22.384+0000	beacon2.Variants	21.7GB
2023-02-08T18:03:25.373+0000	beacon2.Variants	21.7GB
2023-02-08T18:03:28.376+0000	beacon2.Variants	21.7GB
2023-02-08T18:03:31.377+0000	beacon2.Variants	21.8GB
2023-02-08T18:03:34.375+0000	beacon2.Variants	21.8GB
2023-02-08T18:03:37.374+0000	beacon2.Variants	21.9GB
2023-02-08T18:03:40.378+0000	beacon2.Variants	21.9GB
2023-02-08T18:03:43.374+0000	beacon2.Variants	21.9GB
2023-02-08T18:03:46.375+0000	beacon2.Variants	22.0GB
2023-02-08T18:03:49.375+0000	beacon2.Variants	22.0GB
2023-02-08T18:03:52.373+0000	beacon2.Variants	22.0GB
2023-02-08T18:03:55.372+0000	beacon2.Variants	22.1GB
2023-02-08T18:03:58.372+0000	beacon2.Variants	22.1GB
2023-02-08T18:04:01.377+0000	beacon2.Variants	22.2GB
2023-02-08T18:04:04.374+0000	beacon2.Variants	22.2GB
2023-02-08T18:04:07.378+0000	beacon2.Variants	22.2GB
2023-02-08T18:04:10.382+0000	beacon2.Variants	22.3GB
2023-02-08T18:04:13.372+0000	beacon2.Variants	22.3GB
2023-02-08T18:04:16.374+0000	beacon2.Variants	22.4GB
2023-02-08T18:04:19.378+0000	beacon2.Variants	22.4GB
2023-02-08T18:04:22.373+0000	beacon2.Variants	22.4GB
2023-02-08T18:04:25.372+0000	beacon2.Variants	22.5GB
2023-02-08T18:04:28.377+0000	beacon2.Variants	22.5GB
2023-02-08T18:04:31.372+0000	beacon2.Variants	22.5GB
2023-02-08T18:04:34.372+0000	beacon2.Variants	22.6GB
2023-02-08T18:04:37.372+0000	beacon2.Variants	22.6GB
2023-02-08T18:04:40.378+0000	beacon2.Variants	22.6GB
2023-02-08T18:04:43.379+0000	beacon2.Variants	22.7GB
2023-02-08T18:04:46.372+0000	beacon2.Variants	22.7GB
2023-02-08T18:04:49.372+0000	beacon2.Variants	22.8GB
2023-02-08T18:04:52.374+0000	beacon2.Variants	22.8GB
2023-02-08T18:04:55.378+0000	beacon2.Variants	22.8GB
2023-02-08T18:04:58.373+0000	beacon2.Variants	22.9GB
2023-02-08T18:05:01.372+0000	beacon2.Variants	22.9GB
2023-02-08T18:05:04.374+0000	beacon2.Variants	22.9GB
2023-02-08T18:05:07.375+0000	beacon2.Variants	23.0GB
2023-02-08T18:05:10.378+0000	beacon2.Variants	23.0GB
2023-02-08T18:05:13.372+0000	beacon2.Variants	23.1GB
2023-02-08T18:05:16.375+0000	beacon2.Variants	23.1GB
2023-02-08T18:05:19.372+0000	beacon2.Variants	23.1GB
2023-02-08T18:05:22.378+0000	beacon2.Variants	23.2GB
2023-02-08T18:05:25.374+0000	beacon2.Variants	23.2GB
2023-02-08T18:05:28.372+0000	beacon2.Variants	23.3GB
2023-02-08T18:05:31.375+0000	beacon2.Variants	23.3GB
2023-02-08T18:05:34.374+0000	beacon2.Variants	23.3GB
2023-02-08T18:05:37.385+0000	beacon2.Variants	23.4GB
2023-02-08T18:05:40.385+0000	beacon2.Variants	23.4GB
2023-02-08T18:05:43.374+0000	beacon2.Variants	23.4GB
2023-02-08T18:05:46.374+0000	beacon2.Variants	23.5GB
2023-02-08T18:05:49.372+0000	beacon2.Variants	23.5GB
2023-02-08T18:05:52.374+0000	beacon2.Variants	23.6GB
2023-02-08T18:05:55.387+0000	beacon2.Variants	23.6GB
2023-02-08T18:05:58.372+0000	beacon2.Variants	23.6GB
2023-02-08T18:06:01.372+0000	beacon2.Variants	23.7GB
2023-02-08T18:06:04.372+0000	beacon2.Variants	23.7GB
2023-02-08T18:06:07.382+0000	beacon2.Variants	23.8GB
2023-02-08T18:06:10.373+0000	beacon2.Variants	23.8GB
2023-02-08T18:06:13.375+0000	beacon2.Variants	23.8GB
2023-02-08T18:06:16.383+0000	beacon2.Variants	23.9GB
2023-02-08T18:06:19.383+0000	beacon2.Variants	23.9GB
2023-02-08T18:06:22.383+0000	beacon2.Variants	23.9GB
2023-02-08T18:06:25.372+0000	beacon2.Variants	24.0GB
2023-02-08T18:06:28.376+0000	beacon2.Variants	24.0GB
2023-02-08T18:06:31.372+0000	beacon2.Variants	24.1GB
2023-02-08T18:06:34.383+0000	beacon2.Variants	24.1GB
2023-02-08T18:06:37.376+0000	beacon2.Variants	24.1GB
2023-02-08T18:06:40.376+0000	beacon2.Variants	24.2GB
2023-02-08T18:06:43.372+0000	beacon2.Variants	24.2GB
2023-02-08T18:06:46.373+0000	beacon2.Variants	24.2GB
2023-02-08T18:06:49.373+0000	beacon2.Variants	24.3GB
2023-02-08T18:06:52.372+0000	beacon2.Variants	24.3GB
2023-02-08T18:06:55.373+0000	beacon2.Variants	24.4GB
2023-02-08T18:06:58.378+0000	beacon2.Variants	24.4GB
2023-02-08T18:07:01.376+0000	beacon2.Variants	24.4GB
2023-02-08T18:07:04.372+0000	beacon2.Variants	24.5GB
2023-02-08T18:07:07.372+0000	beacon2.Variants	24.5GB
2023-02-08T18:07:10.374+0000	beacon2.Variants	24.5GB
2023-02-08T18:07:13.374+0000	beacon2.Variants	24.6GB
2023-02-08T18:07:16.385+0000	beacon2.Variants	24.6GB
2023-02-08T18:07:19.387+0000	beacon2.Variants	24.7GB
2023-02-08T18:07:22.373+0000	beacon2.Variants	24.7GB
2023-02-08T18:07:25.375+0000	beacon2.Variants	24.7GB
2023-02-08T18:07:28.372+0000	beacon2.Variants	24.8GB
2023-02-08T18:07:31.372+0000	beacon2.Variants	24.8GB
2023-02-08T18:07:34.382+0000	beacon2.Variants	24.9GB
2023-02-08T18:07:37.380+0000	beacon2.Variants	24.9GB
2023-02-08T18:07:40.383+0000	beacon2.Variants	24.9GB
2023-02-08T18:07:43.372+0000	beacon2.Variants	25.0GB
2023-02-08T18:07:46.372+0000	beacon2.Variants	25.0GB
2023-02-08T18:07:49.372+0000	beacon2.Variants	25.0GB
2023-02-08T18:07:52.374+0000	beacon2.Variants	25.1GB
2023-02-08T18:07:55.375+0000	beacon2.Variants	25.1GB
2023-02-08T18:07:58.372+0000	beacon2.Variants	25.1GB
2023-02-08T18:08:01.380+0000	beacon2.Variants	25.2GB
2023-02-08T18:08:04.374+0000	beacon2.Variants	25.2GB
2023-02-08T18:08:07.389+0000	beacon2.Variants	25.3GB
2023-02-08T18:08:10.375+0000	beacon2.Variants	25.3GB
2023-02-08T18:08:13.372+0000	beacon2.Variants	25.3GB
2023-02-08T18:08:16.372+0000	beacon2.Variants	25.4GB
2023-02-08T18:08:19.383+0000	beacon2.Variants	25.4GB
2023-02-08T18:08:22.372+0000	beacon2.Variants	25.4GB
2023-02-08T18:08:25.382+0000	beacon2.Variants	25.5GB
2023-02-08T18:08:28.379+0000	beacon2.Variants	25.5GB
2023-02-08T18:08:31.372+0000	beacon2.Variants	25.6GB
2023-02-08T18:08:34.373+0000	beacon2.Variants	25.6GB
2023-02-08T18:08:37.373+0000	beacon2.Variants	25.6GB
2023-02-08T18:08:40.372+0000	beacon2.Variants	25.7GB
2023-02-08T18:08:43.380+0000	beacon2.Variants	25.7GB
2023-02-08T18:08:46.374+0000	beacon2.Variants	25.8GB
2023-02-08T18:08:49.373+0000	beacon2.Variants	25.8GB
2023-02-08T18:08:52.374+0000	beacon2.Variants	25.8GB
2023-02-08T18:08:55.382+0000	beacon2.Variants	25.9GB
2023-02-08T18:08:58.377+0000	beacon2.Variants	25.9GB
2023-02-08T18:09:01.376+0000	beacon2.Variants	25.9GB
2023-02-08T18:09:04.372+0000	beacon2.Variants	26.0GB
2023-02-08T18:09:07.378+0000	beacon2.Variants	26.0GB
2023-02-08T18:09:10.372+0000	beacon2.Variants	26.1GB
2023-02-08T18:09:13.382+0000	beacon2.Variants	26.1GB
2023-02-08T18:09:16.372+0000	beacon2.Variants	26.1GB
2023-02-08T18:09:19.380+0000	beacon2.Variants	26.2GB
2023-02-08T18:09:22.372+0000	beacon2.Variants	26.2GB
2023-02-08T18:09:25.372+0000	beacon2.Variants	26.2GB
2023-02-08T18:09:28.379+0000	beacon2.Variants	26.3GB
2023-02-08T18:09:31.372+0000	beacon2.Variants	26.3GB
2023-02-08T18:09:34.374+0000	beacon2.Variants	26.4GB
2023-02-08T18:09:37.372+0000	beacon2.Variants	26.4GB
2023-02-08T18:09:40.377+0000	beacon2.Variants	26.4GB
2023-02-08T18:09:43.384+0000	beacon2.Variants	26.5GB
2023-02-08T18:09:46.390+0000	beacon2.Variants	26.5GB
2023-02-08T18:09:49.373+0000	beacon2.Variants	26.6GB
2023-02-08T18:09:52.375+0000	beacon2.Variants	26.6GB
2023-02-08T18:09:55.377+0000	beacon2.Variants	26.6GB
2023-02-08T18:09:58.374+0000	beacon2.Variants	26.7GB
2023-02-08T18:10:01.380+0000	beacon2.Variants	26.7GB
2023-02-08T18:10:04.374+0000	beacon2.Variants	26.8GB
2023-02-08T18:10:07.377+0000	beacon2.Variants	26.8GB
2023-02-08T18:10:10.373+0000	beacon2.Variants	26.8GB
2023-02-08T18:10:13.373+0000	beacon2.Variants	26.9GB
2023-02-08T18:10:16.377+0000	beacon2.Variants	26.9GB
2023-02-08T18:10:19.372+0000	beacon2.Variants	26.9GB
2023-02-08T18:10:22.372+0000	beacon2.Variants	27.0GB
2023-02-08T18:10:25.373+0000	beacon2.Variants	27.0GB
2023-02-08T18:10:28.376+0000	beacon2.Variants	27.1GB
2023-02-08T18:10:31.372+0000	beacon2.Variants	27.1GB
2023-02-08T18:10:34.373+0000	beacon2.Variants	27.1GB
2023-02-08T18:10:37.372+0000	beacon2.Variants	27.2GB
2023-02-08T18:10:40.375+0000	beacon2.Variants	27.2GB
2023-02-08T18:10:43.377+0000	beacon2.Variants	27.2GB
2023-02-08T18:10:46.374+0000	beacon2.Variants	27.3GB
2023-02-08T18:10:49.372+0000	beacon2.Variants	27.3GB
2023-02-08T18:10:52.373+0000	beacon2.Variants	27.4GB
2023-02-08T18:10:55.376+0000	beacon2.Variants	27.4GB
2023-02-08T18:10:58.373+0000	beacon2.Variants	27.4GB
2023-02-08T18:11:01.373+0000	beacon2.Variants	27.5GB
2023-02-08T18:11:04.380+0000	beacon2.Variants	27.5GB
2023-02-08T18:11:07.374+0000	beacon2.Variants	27.5GB
2023-02-08T18:11:10.372+0000	beacon2.Variants	27.6GB
2023-02-08T18:11:13.377+0000	beacon2.Variants	27.6GB
2023-02-08T18:11:16.383+0000	beacon2.Variants	27.6GB
2023-02-08T18:11:19.372+0000	beacon2.Variants	27.7GB
2023-02-08T18:11:22.380+0000	beacon2.Variants	27.7GB
2023-02-08T18:11:25.374+0000	beacon2.Variants	27.8GB
2023-02-08T18:11:28.373+0000	beacon2.Variants	27.8GB
2023-02-08T18:11:31.373+0000	beacon2.Variants	27.8GB
2023-02-08T18:11:34.372+0000	beacon2.Variants	27.9GB
2023-02-08T18:11:37.374+0000	beacon2.Variants	27.9GB
2023-02-08T18:11:40.372+0000	beacon2.Variants	28.0GB
2023-02-08T18:11:43.385+0000	beacon2.Variants	28.0GB
2023-02-08T18:11:46.372+0000	beacon2.Variants	28.0GB
2023-02-08T18:11:49.382+0000	beacon2.Variants	28.1GB
2023-02-08T18:11:52.372+0000	beacon2.Variants	28.1GB
2023-02-08T18:11:55.374+0000	beacon2.Variants	28.1GB
2023-02-08T18:11:58.375+0000	beacon2.Variants	28.2GB
2023-02-08T18:12:01.373+0000	beacon2.Variants	28.2GB
2023-02-08T18:12:04.372+0000	beacon2.Variants	28.3GB
2023-02-08T18:12:07.372+0000	beacon2.Variants	28.3GB
2023-02-08T18:12:10.373+0000	beacon2.Variants	28.3GB
2023-02-08T18:12:13.376+0000	beacon2.Variants	28.4GB
2023-02-08T18:12:16.376+0000	beacon2.Variants	28.4GB
2023-02-08T18:12:19.383+0000	beacon2.Variants	28.4GB
2023-02-08T18:12:22.383+0000	beacon2.Variants	28.5GB
2023-02-08T18:12:25.373+0000	beacon2.Variants	28.5GB
2023-02-08T18:12:28.372+0000	beacon2.Variants	28.6GB
2023-02-08T18:12:31.373+0000	beacon2.Variants	28.6GB
2023-02-08T18:12:34.372+0000	beacon2.Variants	28.6GB
2023-02-08T18:12:37.372+0000	beacon2.Variants	28.7GB
2023-02-08T18:12:40.373+0000	beacon2.Variants	28.7GB
2023-02-08T18:12:43.381+0000	beacon2.Variants	28.8GB
2023-02-08T18:12:46.380+0000	beacon2.Variants	28.8GB
2023-02-08T18:12:49.374+0000	beacon2.Variants	28.8GB
2023-02-08T18:12:52.383+0000	beacon2.Variants	28.9GB
2023-02-08T18:12:55.374+0000	beacon2.Variants	28.9GB
2023-02-08T18:12:58.383+0000	beacon2.Variants	28.9GB
2023-02-08T18:13:01.372+0000	beacon2.Variants	29.0GB
2023-02-08T18:13:04.372+0000	beacon2.Variants	29.0GB
2023-02-08T18:13:07.379+0000	beacon2.Variants	29.1GB
2023-02-08T18:13:10.373+0000	beacon2.Variants	29.1GB
2023-02-08T18:13:13.376+0000	beacon2.Variants	29.1GB
2023-02-08T18:13:16.373+0000	beacon2.Variants	29.2GB
2023-02-08T18:13:19.375+0000	beacon2.Variants	29.2GB
2023-02-08T18:13:22.373+0000	beacon2.Variants	29.2GB
2023-02-08T18:13:25.372+0000	beacon2.Variants	29.3GB
2023-02-08T18:13:28.376+0000	beacon2.Variants	29.3GB
2023-02-08T18:13:31.372+0000	beacon2.Variants	29.4GB
2023-02-08T18:13:34.385+0000	beacon2.Variants	29.4GB
2023-02-08T18:13:37.378+0000	beacon2.Variants	29.4GB
2023-02-08T18:13:40.374+0000	beacon2.Variants	29.5GB
2023-02-08T18:13:43.372+0000	beacon2.Variants	29.5GB
2023-02-08T18:13:46.375+0000	beacon2.Variants	29.6GB
2023-02-08T18:13:49.385+0000	beacon2.Variants	29.6GB
2023-02-08T18:13:52.372+0000	beacon2.Variants	29.6GB
2023-02-08T18:13:55.375+0000	beacon2.Variants	29.7GB
2023-02-08T18:13:58.374+0000	beacon2.Variants	29.7GB
2023-02-08T18:14:01.372+0000	beacon2.Variants	29.7GB
2023-02-08T18:14:04.375+0000	beacon2.Variants	29.8GB
2023-02-08T18:14:07.374+0000	beacon2.Variants	29.8GB
2023-02-08T18:14:10.372+0000	beacon2.Variants	29.9GB
2023-02-08T18:14:13.382+0000	beacon2.Variants	29.9GB
2023-02-08T18:14:16.372+0000	beacon2.Variants	29.9GB
2023-02-08T18:14:19.377+0000	beacon2.Variants	30.0GB
2023-02-08T18:14:22.379+0000	beacon2.Variants	30.0GB
2023-02-08T18:14:25.372+0000	beacon2.Variants	30.0GB
2023-02-08T18:14:28.374+0000	beacon2.Variants	30.1GB
2023-02-08T18:14:31.375+0000	beacon2.Variants	30.1GB
2023-02-08T18:14:34.376+0000	beacon2.Variants	30.2GB
2023-02-08T18:14:37.380+0000	beacon2.Variants	30.2GB
2023-02-08T18:14:40.372+0000	beacon2.Variants	30.2GB
2023-02-08T18:14:43.373+0000	beacon2.Variants	30.3GB
2023-02-08T18:14:46.379+0000	beacon2.Variants	30.3GB
2023-02-08T18:14:49.372+0000	beacon2.Variants	30.4GB
2023-02-08T18:14:52.373+0000	beacon2.Variants	30.4GB
2023-02-08T18:14:55.372+0000	beacon2.Variants	30.4GB
2023-02-08T18:14:58.373+0000	beacon2.Variants	30.5GB
2023-02-08T18:15:01.374+0000	beacon2.Variants	30.5GB
2023-02-08T18:15:04.372+0000	beacon2.Variants	30.5GB
2023-02-08T18:15:07.373+0000	beacon2.Variants	30.6GB
2023-02-08T18:15:10.375+0000	beacon2.Variants	30.6GB
2023-02-08T18:15:13.372+0000	beacon2.Variants	30.6GB
2023-02-08T18:15:16.373+0000	beacon2.Variants	30.7GB
2023-02-08T18:15:19.375+0000	beacon2.Variants	30.7GB
2023-02-08T18:15:22.387+0000	beacon2.Variants	30.8GB
2023-02-08T18:15:25.375+0000	beacon2.Variants	30.8GB
2023-02-08T18:15:28.372+0000	beacon2.Variants	30.8GB
2023-02-08T18:15:31.381+0000	beacon2.Variants	30.9GB
2023-02-08T18:15:34.377+0000	beacon2.Variants	30.9GB
2023-02-08T18:15:37.384+0000	beacon2.Variants	30.9GB
2023-02-08T18:15:40.378+0000	beacon2.Variants	31.0GB
2023-02-08T18:15:43.374+0000	beacon2.Variants	31.0GB
2023-02-08T18:15:46.380+0000	beacon2.Variants	31.1GB
2023-02-08T18:15:49.372+0000	beacon2.Variants	31.1GB
2023-02-08T18:15:52.379+0000	beacon2.Variants	31.1GB
2023-02-08T18:15:55.375+0000	beacon2.Variants	31.2GB
2023-02-08T18:15:58.398+0000	beacon2.Variants	31.2GB
2023-02-08T18:16:01.375+0000	beacon2.Variants	31.2GB
2023-02-08T18:16:04.372+0000	beacon2.Variants	31.3GB
2023-02-08T18:16:07.372+0000	beacon2.Variants	31.3GB
2023-02-08T18:16:10.372+0000	beacon2.Variants	31.4GB
2023-02-08T18:16:13.378+0000	beacon2.Variants	31.4GB
2023-02-08T18:16:16.378+0000	beacon2.Variants	31.4GB
2023-02-08T18:16:19.374+0000	beacon2.Variants	31.5GB
2023-02-08T18:16:22.373+0000	beacon2.Variants	31.5GB
2023-02-08T18:16:25.372+0000	beacon2.Variants	31.6GB
2023-02-08T18:16:28.372+0000	beacon2.Variants	31.6GB
2023-02-08T18:16:31.373+0000	beacon2.Variants	31.6GB
2023-02-08T18:16:34.373+0000	beacon2.Variants	31.7GB
2023-02-08T18:16:37.376+0000	beacon2.Variants	31.7GB
2023-02-08T18:16:40.373+0000	beacon2.Variants	31.8GB
2023-02-08T18:16:43.376+0000	beacon2.Variants	31.8GB
2023-02-08T18:16:46.372+0000	beacon2.Variants	31.8GB
2023-02-08T18:16:49.381+0000	beacon2.Variants	31.9GB
2023-02-08T18:16:52.373+0000	beacon2.Variants	31.9GB
2023-02-08T18:16:55.380+0000	beacon2.Variants	31.9GB
2023-02-08T18:16:58.374+0000	beacon2.Variants	32.0GB
2023-02-08T18:17:01.375+0000	beacon2.Variants	32.0GB
2023-02-08T18:17:04.379+0000	beacon2.Variants	32.0GB
2023-02-08T18:17:07.374+0000	beacon2.Variants	32.1GB
2023-02-08T18:17:10.372+0000	beacon2.Variants	32.1GB
2023-02-08T18:17:13.374+0000	beacon2.Variants	32.2GB
2023-02-08T18:17:16.381+0000	beacon2.Variants	32.2GB
2023-02-08T18:17:19.377+0000	beacon2.Variants	32.2GB
2023-02-08T18:17:22.382+0000	beacon2.Variants	32.3GB
2023-02-08T18:17:25.373+0000	beacon2.Variants	32.3GB
2023-02-08T18:17:28.379+0000	beacon2.Variants	32.4GB
2023-02-08T18:17:31.373+0000	beacon2.Variants	32.4GB
2023-02-08T18:17:34.375+0000	beacon2.Variants	32.4GB
2023-02-08T18:17:37.376+0000	beacon2.Variants	32.5GB
2023-02-08T18:17:40.377+0000	beacon2.Variants	32.5GB
2023-02-08T18:17:43.373+0000	beacon2.Variants	32.5GB
2023-02-08T18:17:46.377+0000	beacon2.Variants	32.6GB
2023-02-08T18:17:49.381+0000	beacon2.Variants	32.6GB
2023-02-08T18:17:52.382+0000	beacon2.Variants	32.6GB
2023-02-08T18:17:55.374+0000	beacon2.Variants	32.7GB
2023-02-08T18:17:58.373+0000	beacon2.Variants	32.7GB
2023-02-08T18:18:01.393+0000	beacon2.Variants	32.8GB
2023-02-08T18:18:04.372+0000	beacon2.Variants	32.8GB
2023-02-08T18:18:07.372+0000	beacon2.Variants	32.8GB
2023-02-08T18:18:10.372+0000	beacon2.Variants	32.9GB
2023-02-08T18:18:13.374+0000	beacon2.Variants	32.9GB
2023-02-08T18:18:16.374+0000	beacon2.Variants	33.0GB
2023-02-08T18:18:19.372+0000	beacon2.Variants	33.0GB
2023-02-08T18:18:22.375+0000	beacon2.Variants	33.0GB
2023-02-08T18:18:25.373+0000	beacon2.Variants	33.1GB
2023-02-08T18:18:28.372+0000	beacon2.Variants	33.1GB
2023-02-08T18:18:31.373+0000	beacon2.Variants	33.1GB
2023-02-08T18:18:34.377+0000	beacon2.Variants	33.2GB
2023-02-08T18:18:37.374+0000	beacon2.Variants	33.2GB
2023-02-08T18:18:40.372+0000	beacon2.Variants	33.3GB
2023-02-08T18:18:43.382+0000	beacon2.Variants	33.3GB
2023-02-08T18:18:46.376+0000	beacon2.Variants	33.3GB
2023-02-08T18:18:49.380+0000	beacon2.Variants	33.4GB
2023-02-08T18:18:52.372+0000	beacon2.Variants	33.4GB
2023-02-08T18:18:55.372+0000	beacon2.Variants	33.5GB
2023-02-08T18:18:58.375+0000	beacon2.Variants	33.5GB
2023-02-08T18:19:01.372+0000	beacon2.Variants	33.5GB
2023-02-08T18:19:04.375+0000	beacon2.Variants	33.6GB
2023-02-08T18:19:07.372+0000	beacon2.Variants	33.6GB
2023-02-08T18:19:10.377+0000	beacon2.Variants	33.6GB
2023-02-08T18:19:13.372+0000	beacon2.Variants	33.7GB
2023-02-08T18:19:16.374+0000	beacon2.Variants	33.7GB
2023-02-08T18:19:19.372+0000	beacon2.Variants	33.8GB
2023-02-08T18:19:22.373+0000	beacon2.Variants	33.8GB
2023-02-08T18:19:25.377+0000	beacon2.Variants	33.8GB
2023-02-08T18:19:28.373+0000	beacon2.Variants	33.9GB
2023-02-08T18:19:31.372+0000	beacon2.Variants	33.9GB
2023-02-08T18:19:34.372+0000	beacon2.Variants	33.9GB
2023-02-08T18:19:37.376+0000	beacon2.Variants	34.0GB
2023-02-08T18:19:40.372+0000	beacon2.Variants	34.0GB
2023-02-08T18:19:43.372+0000	beacon2.Variants	34.0GB
2023-02-08T18:19:46.375+0000	beacon2.Variants	34.1GB
2023-02-08T18:19:49.376+0000	beacon2.Variants	34.1GB
2023-02-08T18:19:52.385+0000	beacon2.Variants	34.2GB
2023-02-08T18:19:55.372+0000	beacon2.Variants	34.2GB
2023-02-08T18:19:58.372+0000	beacon2.Variants	34.2GB
2023-02-08T18:20:01.379+0000	beacon2.Variants	34.3GB
2023-02-08T18:20:04.387+0000	beacon2.Variants	34.3GB
2023-02-08T18:20:07.372+0000	beacon2.Variants	34.4GB
2023-02-08T18:20:10.372+0000	beacon2.Variants	34.4GB
2023-02-08T18:20:13.397+0000	beacon2.Variants	34.4GB
2023-02-08T18:20:16.391+0000	beacon2.Variants	34.5GB
2023-02-08T18:20:19.380+0000	beacon2.Variants	34.5GB
2023-02-08T18:20:22.376+0000	beacon2.Variants	34.5GB
2023-02-08T18:20:25.377+0000	beacon2.Variants	34.6GB
2023-02-08T18:20:28.373+0000	beacon2.Variants	34.6GB
2023-02-08T18:20:31.379+0000	beacon2.Variants	34.7GB
2023-02-08T18:20:34.376+0000	beacon2.Variants	34.7GB
2023-02-08T18:20:37.382+0000	beacon2.Variants	34.7GB
2023-02-08T18:20:40.382+0000	beacon2.Variants	34.8GB
2023-02-08T18:20:43.373+0000	beacon2.Variants	34.8GB
2023-02-08T18:20:46.373+0000	beacon2.Variants	34.9GB
2023-02-08T18:20:49.380+0000	beacon2.Variants	34.9GB
2023-02-08T18:20:52.372+0000	beacon2.Variants	34.9GB
2023-02-08T18:20:55.372+0000	beacon2.Variants	35.0GB
2023-02-08T18:20:58.372+0000	beacon2.Variants	35.0GB
2023-02-08T18:21:01.379+0000	beacon2.Variants	35.0GB
2023-02-08T18:21:04.375+0000	beacon2.Variants	35.1GB
2023-02-08T18:21:07.375+0000	beacon2.Variants	35.1GB
2023-02-08T18:21:10.372+0000	beacon2.Variants	35.1GB
2023-02-08T18:21:13.374+0000	beacon2.Variants	35.2GB
2023-02-08T18:21:16.372+0000	beacon2.Variants	35.2GB
2023-02-08T18:21:19.372+0000	beacon2.Variants	35.3GB
2023-02-08T18:21:22.386+0000	beacon2.Variants	35.3GB
2023-02-08T18:21:25.380+0000	beacon2.Variants	35.3GB
2023-02-08T18:21:28.376+0000	beacon2.Variants	35.4GB
2023-02-08T18:21:31.372+0000	beacon2.Variants	35.4GB
2023-02-08T18:21:34.377+0000	beacon2.Variants	35.5GB
2023-02-08T18:21:37.374+0000	beacon2.Variants	35.5GB
2023-02-08T18:21:40.373+0000	beacon2.Variants	35.5GB
2023-02-08T18:21:43.375+0000	beacon2.Variants	35.6GB
2023-02-08T18:21:46.372+0000	beacon2.Variants	35.6GB
2023-02-08T18:21:49.373+0000	beacon2.Variants	35.6GB
2023-02-08T18:21:52.372+0000	beacon2.Variants	35.7GB
2023-02-08T18:21:55.385+0000	beacon2.Variants	35.7GB
2023-02-08T18:21:58.372+0000	beacon2.Variants	35.8GB
2023-02-08T18:22:01.380+0000	beacon2.Variants	35.8GB
2023-02-08T18:22:04.375+0000	beacon2.Variants	35.8GB
2023-02-08T18:22:07.372+0000	beacon2.Variants	35.9GB
2023-02-08T18:22:10.374+0000	beacon2.Variants	35.9GB
2023-02-08T18:22:13.372+0000	beacon2.Variants	36.0GB
2023-02-08T18:22:16.372+0000	beacon2.Variants	36.0GB
2023-02-08T18:22:19.374+0000	beacon2.Variants	36.0GB
2023-02-08T18:22:22.372+0000	beacon2.Variants	36.1GB
2023-02-08T18:22:25.375+0000	beacon2.Variants	36.1GB
2023-02-08T18:22:28.372+0000	beacon2.Variants	36.1GB
2023-02-08T18:22:31.374+0000	beacon2.Variants	36.2GB
2023-02-08T18:22:34.373+0000	beacon2.Variants	36.2GB
2023-02-08T18:22:37.373+0000	beacon2.Variants	36.2GB
2023-02-08T18:22:40.375+0000	beacon2.Variants	36.3GB
2023-02-08T18:22:43.372+0000	beacon2.Variants	36.3GB
2023-02-08T18:22:46.373+0000	beacon2.Variants	36.4GB
2023-02-08T18:22:49.373+0000	beacon2.Variants	36.4GB
2023-02-08T18:22:52.388+0000	beacon2.Variants	36.4GB
2023-02-08T18:22:55.384+0000	beacon2.Variants	36.5GB
2023-02-08T18:22:58.372+0000	beacon2.Variants	36.5GB
2023-02-08T18:23:01.375+0000	beacon2.Variants	36.5GB
2023-02-08T18:23:04.372+0000	beacon2.Variants	36.6GB
2023-02-08T18:23:07.376+0000	beacon2.Variants	36.6GB
2023-02-08T18:23:10.372+0000	beacon2.Variants	36.7GB
2023-02-08T18:23:13.373+0000	beacon2.Variants	36.7GB
2023-02-08T18:23:16.374+0000	beacon2.Variants	36.7GB
2023-02-08T18:23:19.383+0000	beacon2.Variants	36.8GB
2023-02-08T18:23:22.384+0000	beacon2.Variants	36.8GB
2023-02-08T18:23:25.382+0000	beacon2.Variants	36.9GB
2023-02-08T18:23:28.378+0000	beacon2.Variants	36.9GB
2023-02-08T18:23:31.373+0000	beacon2.Variants	36.9GB
2023-02-08T18:23:34.375+0000	beacon2.Variants	37.0GB
2023-02-08T18:23:37.372+0000	beacon2.Variants	37.0GB
2023-02-08T18:23:40.376+0000	beacon2.Variants	37.0GB
2023-02-08T18:23:43.378+0000	beacon2.Variants	37.1GB
2023-02-08T18:23:46.374+0000	beacon2.Variants	37.1GB
2023-02-08T18:23:49.373+0000	beacon2.Variants	37.2GB
2023-02-08T18:23:52.373+0000	beacon2.Variants	37.2GB
2023-02-08T18:23:55.373+0000	beacon2.Variants	37.2GB
2023-02-08T18:23:58.375+0000	beacon2.Variants	37.3GB
2023-02-08T18:24:01.378+0000	beacon2.Variants	37.3GB
2023-02-08T18:24:04.374+0000	beacon2.Variants	37.4GB
2023-02-08T18:24:07.372+0000	beacon2.Variants	37.4GB
2023-02-08T18:24:10.372+0000	beacon2.Variants	37.4GB
2023-02-08T18:24:13.372+0000	beacon2.Variants	37.5GB
2023-02-08T18:24:16.387+0000	beacon2.Variants	37.5GB
2023-02-08T18:24:19.372+0000	beacon2.Variants	37.5GB
2023-02-08T18:24:22.373+0000	beacon2.Variants	37.6GB
2023-02-08T18:24:25.375+0000	beacon2.Variants	37.6GB
2023-02-08T18:24:28.372+0000	beacon2.Variants	37.6GB
2023-02-08T18:24:31.376+0000	beacon2.Variants	37.7GB
2023-02-08T18:24:34.374+0000	beacon2.Variants	37.7GB
2023-02-08T18:24:37.375+0000	beacon2.Variants	37.8GB
2023-02-08T18:24:40.375+0000	beacon2.Variants	37.8GB
2023-02-08T18:24:43.373+0000	beacon2.Variants	37.8GB
2023-02-08T18:24:46.373+0000	beacon2.Variants	37.9GB
2023-02-08T18:24:49.379+0000	beacon2.Variants	37.9GB
2023-02-08T18:24:52.378+0000	beacon2.Variants	38.0GB
2023-02-08T18:24:55.375+0000	beacon2.Variants	38.0GB
2023-02-08T18:24:58.381+0000	beacon2.Variants	38.0GB
2023-02-08T18:25:01.372+0000	beacon2.Variants	38.1GB
2023-02-08T18:25:04.374+0000	beacon2.Variants	38.1GB
2023-02-08T18:25:07.379+0000	beacon2.Variants	38.1GB
2023-02-08T18:25:10.382+0000	beacon2.Variants	38.2GB
2023-02-08T18:25:13.372+0000	beacon2.Variants	38.2GB
2023-02-08T18:25:16.374+0000	beacon2.Variants	38.2GB
2023-02-08T18:25:19.372+0000	beacon2.Variants	38.3GB
2023-02-08T18:25:22.372+0000	beacon2.Variants	38.3GB
2023-02-08T18:25:25.373+0000	beacon2.Variants	38.4GB
2023-02-08T18:25:28.376+0000	beacon2.Variants	38.4GB
2023-02-08T18:25:31.372+0000	beacon2.Variants	38.4GB
2023-02-08T18:25:34.372+0000	beacon2.Variants	38.5GB
2023-02-08T18:25:37.372+0000	beacon2.Variants	38.5GB
2023-02-08T18:25:40.378+0000	beacon2.Variants	38.5GB
2023-02-08T18:25:43.373+0000	beacon2.Variants	38.6GB
2023-02-08T18:25:46.376+0000	beacon2.Variants	38.6GB
2023-02-08T18:25:49.374+0000	beacon2.Variants	38.7GB
2023-02-08T18:25:52.373+0000	beacon2.Variants	38.7GB
2023-02-08T18:25:55.373+0000	beacon2.Variants	38.7GB
2023-02-08T18:25:58.372+0000	beacon2.Variants	38.8GB
2023-02-08T18:26:01.375+0000	beacon2.Variants	38.8GB
2023-02-08T18:26:04.382+0000	beacon2.Variants	38.9GB
2023-02-08T18:26:07.372+0000	beacon2.Variants	38.9GB
2023-02-08T18:26:10.374+0000	beacon2.Variants	38.9GB
2023-02-08T18:26:13.373+0000	beacon2.Variants	39.0GB
2023-02-08T18:26:16.377+0000	beacon2.Variants	39.0GB
2023-02-08T18:26:19.376+0000	beacon2.Variants	39.0GB
2023-02-08T18:26:22.374+0000	beacon2.Variants	39.1GB
2023-02-08T18:26:25.374+0000	beacon2.Variants	39.1GB
2023-02-08T18:26:28.379+0000	beacon2.Variants	39.2GB
2023-02-08T18:26:31.378+0000	beacon2.Variants	39.2GB
2023-02-08T18:26:34.373+0000	beacon2.Variants	39.2GB
2023-02-08T18:26:37.381+0000	beacon2.Variants	39.3GB
2023-02-08T18:26:40.377+0000	beacon2.Variants	39.3GB
2023-02-08T18:26:43.372+0000	beacon2.Variants	39.4GB
2023-02-08T18:26:46.382+0000	beacon2.Variants	39.4GB
2023-02-08T18:26:49.381+0000	beacon2.Variants	39.4GB
2023-02-08T18:26:52.372+0000	beacon2.Variants	39.5GB
2023-02-08T18:26:55.372+0000	beacon2.Variants	39.5GB
2023-02-08T18:26:58.372+0000	beacon2.Variants	39.5GB
2023-02-08T18:27:01.380+0000	beacon2.Variants	39.6GB
2023-02-08T18:27:04.372+0000	beacon2.Variants	39.6GB
2023-02-08T18:27:07.372+0000	beacon2.Variants	39.7GB
2023-02-08T18:27:10.381+0000	beacon2.Variants	39.7GB
2023-02-08T18:27:13.372+0000	beacon2.Variants	39.7GB
2023-02-08T18:27:16.372+0000	beacon2.Variants	39.8GB
2023-02-08T18:27:19.374+0000	beacon2.Variants	39.8GB
2023-02-08T18:27:22.373+0000	beacon2.Variants	39.9GB
2023-02-08T18:27:25.375+0000	beacon2.Variants	39.9GB
2023-02-08T18:27:28.372+0000	beacon2.Variants	39.9GB
2023-02-08T18:27:31.372+0000	beacon2.Variants	40.0GB
2023-02-08T18:27:34.373+0000	beacon2.Variants	40.0GB
2023-02-08T18:27:37.377+0000	beacon2.Variants	40.0GB
2023-02-08T18:27:40.380+0000	beacon2.Variants	40.1GB
2023-02-08T18:27:43.378+0000	beacon2.Variants	40.1GB
2023-02-08T18:27:46.381+0000	beacon2.Variants	40.1GB
2023-02-08T18:27:49.372+0000	beacon2.Variants	40.2GB
2023-02-08T18:27:52.379+0000	beacon2.Variants	40.2GB
2023-02-08T18:27:55.373+0000	beacon2.Variants	40.3GB
2023-02-08T18:27:58.381+0000	beacon2.Variants	40.3GB
2023-02-08T18:28:01.374+0000	beacon2.Variants	40.3GB
2023-02-08T18:28:04.372+0000	beacon2.Variants	40.4GB
2023-02-08T18:28:07.372+0000	beacon2.Variants	40.4GB
2023-02-08T18:28:10.373+0000	beacon2.Variants	40.5GB
2023-02-08T18:28:13.373+0000	beacon2.Variants	40.5GB
2023-02-08T18:28:16.378+0000	beacon2.Variants	40.5GB
2023-02-08T18:28:19.389+0000	beacon2.Variants	40.6GB
2023-02-08T18:28:22.377+0000	beacon2.Variants	40.6GB
2023-02-08T18:28:25.372+0000	beacon2.Variants	40.6GB
2023-02-08T18:28:28.373+0000	beacon2.Variants	40.7GB
2023-02-08T18:28:31.374+0000	beacon2.Variants	40.7GB
2023-02-08T18:28:34.373+0000	beacon2.Variants	40.8GB
2023-02-08T18:28:37.387+0000	beacon2.Variants	40.8GB
2023-02-08T18:28:40.378+0000	beacon2.Variants	40.8GB
2023-02-08T18:28:43.372+0000	beacon2.Variants	40.9GB
2023-02-08T18:28:46.381+0000	beacon2.Variants	40.9GB
2023-02-08T18:28:49.376+0000	beacon2.Variants	41.0GB
2023-02-08T18:28:52.383+0000	beacon2.Variants	41.0GB
2023-02-08T18:28:55.372+0000	beacon2.Variants	41.0GB
2023-02-08T18:28:58.374+0000	beacon2.Variants	41.1GB
2023-02-08T18:29:01.383+0000	beacon2.Variants	41.1GB
2023-02-08T18:29:04.382+0000	beacon2.Variants	41.1GB
2023-02-08T18:29:07.372+0000	beacon2.Variants	41.2GB
2023-02-08T18:29:10.375+0000	beacon2.Variants	41.2GB
2023-02-08T18:29:13.375+0000	beacon2.Variants	41.3GB
2023-02-08T18:29:16.372+0000	beacon2.Variants	41.3GB
2023-02-08T18:29:19.372+0000	beacon2.Variants	41.3GB
2023-02-08T18:29:22.373+0000	beacon2.Variants	41.4GB
2023-02-08T18:29:25.377+0000	beacon2.Variants	41.4GB
2023-02-08T18:29:28.372+0000	beacon2.Variants	41.4GB
2023-02-08T18:29:31.372+0000	beacon2.Variants	41.5GB
2023-02-08T18:29:34.378+0000	beacon2.Variants	41.5GB
2023-02-08T18:29:37.379+0000	beacon2.Variants	41.6GB
2023-02-08T18:29:40.382+0000	beacon2.Variants	41.6GB
2023-02-08T18:29:43.377+0000	beacon2.Variants	41.6GB
2023-02-08T18:29:46.376+0000	beacon2.Variants	41.7GB
2023-02-08T18:29:49.374+0000	beacon2.Variants	41.7GB
2023-02-08T18:29:52.373+0000	beacon2.Variants	41.8GB
2023-02-08T18:29:55.375+0000	beacon2.Variants	41.8GB
2023-02-08T18:29:58.374+0000	beacon2.Variants	41.8GB
2023-02-08T18:30:01.380+0000	beacon2.Variants	41.9GB
2023-02-08T18:30:04.372+0000	beacon2.Variants	41.9GB
2023-02-08T18:30:07.373+0000	beacon2.Variants	41.9GB
2023-02-08T18:30:10.372+0000	beacon2.Variants	42.0GB
2023-02-08T18:30:13.373+0000	beacon2.Variants	42.0GB
2023-02-08T18:30:16.378+0000	beacon2.Variants	42.0GB
2023-02-08T18:30:19.372+0000	beacon2.Variants	42.1GB
2023-02-08T18:30:22.385+0000	beacon2.Variants	42.1GB
2023-02-08T18:30:25.376+0000	beacon2.Variants	42.2GB
2023-02-08T18:30:28.373+0000	beacon2.Variants	42.2GB
2023-02-08T18:30:31.372+0000	beacon2.Variants	42.2GB
2023-02-08T18:30:34.373+0000	beacon2.Variants	42.3GB
2023-02-08T18:30:37.372+0000	beacon2.Variants	42.3GB
2023-02-08T18:30:40.373+0000	beacon2.Variants	42.4GB
2023-02-08T18:30:43.376+0000	beacon2.Variants	42.4GB
2023-02-08T18:30:46.372+0000	beacon2.Variants	42.4GB
2023-02-08T18:30:49.379+0000	beacon2.Variants	42.5GB
2023-02-08T18:30:52.374+0000	beacon2.Variants	42.5GB
2023-02-08T18:30:55.373+0000	beacon2.Variants	42.5GB
2023-02-08T18:30:58.372+0000	beacon2.Variants	42.6GB
2023-02-08T18:31:01.373+0000	beacon2.Variants	42.6GB
2023-02-08T18:31:04.372+0000	beacon2.Variants	42.7GB
2023-02-08T18:31:07.372+0000	beacon2.Variants	42.7GB
2023-02-08T18:31:10.372+0000	beacon2.Variants	42.7GB
2023-02-08T18:31:13.375+0000	beacon2.Variants	42.8GB
2023-02-08T18:31:16.372+0000	beacon2.Variants	42.8GB
2023-02-08T18:31:19.372+0000	beacon2.Variants	42.9GB
2023-02-08T18:31:22.378+0000	beacon2.Variants	42.9GB
2023-02-08T18:31:25.376+0000	beacon2.Variants	42.9GB
2023-02-08T18:31:28.373+0000	beacon2.Variants	43.0GB
2023-02-08T18:31:31.373+0000	beacon2.Variants	43.0GB
2023-02-08T18:31:34.372+0000	beacon2.Variants	43.0GB
2023-02-08T18:31:37.372+0000	beacon2.Variants	43.1GB
2023-02-08T18:31:40.373+0000	beacon2.Variants	43.1GB
2023-02-08T18:31:43.380+0000	beacon2.Variants	43.1GB
2023-02-08T18:31:46.376+0000	beacon2.Variants	43.2GB
2023-02-08T18:31:49.377+0000	beacon2.Variants	43.2GB
2023-02-08T18:31:52.372+0000	beacon2.Variants	43.3GB
2023-02-08T18:31:55.383+0000	beacon2.Variants	43.3GB
2023-02-08T18:31:58.383+0000	beacon2.Variants	43.3GB
2023-02-08T18:32:01.372+0000	beacon2.Variants	43.4GB
2023-02-08T18:32:04.383+0000	beacon2.Variants	43.4GB
2023-02-08T18:32:07.372+0000	beacon2.Variants	43.5GB
2023-02-08T18:32:10.375+0000	beacon2.Variants	43.5GB
2023-02-08T18:32:13.380+0000	beacon2.Variants	43.5GB
2023-02-08T18:32:16.378+0000	beacon2.Variants	43.6GB
2023-02-08T18:32:19.382+0000	beacon2.Variants	43.6GB
2023-02-08T18:32:22.375+0000	beacon2.Variants	43.6GB
2023-02-08T18:32:25.372+0000	beacon2.Variants	43.7GB
2023-02-08T18:32:28.372+0000	beacon2.Variants	43.7GB
2023-02-08T18:32:31.372+0000	beacon2.Variants	43.8GB
2023-02-08T18:32:34.380+0000	beacon2.Variants	43.8GB
2023-02-08T18:32:37.373+0000	beacon2.Variants	43.8GB
2023-02-08T18:32:40.373+0000	beacon2.Variants	43.9GB
2023-02-08T18:32:43.382+0000	beacon2.Variants	43.9GB
2023-02-08T18:32:46.372+0000	beacon2.Variants	44.0GB
2023-02-08T18:32:49.374+0000	beacon2.Variants	44.0GB
2023-02-08T18:32:52.394+0000	beacon2.Variants	44.0GB
2023-02-08T18:32:55.372+0000	beacon2.Variants	44.1GB
2023-02-08T18:32:58.372+0000	beacon2.Variants	44.1GB
2023-02-08T18:33:01.374+0000	beacon2.Variants	44.1GB
2023-02-08T18:33:04.373+0000	beacon2.Variants	44.2GB
2023-02-08T18:33:07.372+0000	beacon2.Variants	44.2GB
2023-02-08T18:33:10.379+0000	beacon2.Variants	44.2GB
2023-02-08T18:33:13.372+0000	beacon2.Variants	44.3GB
2023-02-08T18:33:16.382+0000	beacon2.Variants	44.3GB
2023-02-08T18:33:19.385+0000	beacon2.Variants	44.4GB
2023-02-08T18:33:22.378+0000	beacon2.Variants	44.4GB
2023-02-08T18:33:25.373+0000	beacon2.Variants	44.4GB
2023-02-08T18:33:28.372+0000	beacon2.Variants	44.5GB
2023-02-08T18:33:31.381+0000	beacon2.Variants	44.5GB
2023-02-08T18:33:34.373+0000	beacon2.Variants	44.5GB
2023-02-08T18:33:37.383+0000	beacon2.Variants	44.6GB
2023-02-08T18:33:40.372+0000	beacon2.Variants	44.6GB
2023-02-08T18:33:43.372+0000	beacon2.Variants	44.7GB
2023-02-08T18:33:46.372+0000	beacon2.Variants	44.7GB
2023-02-08T18:33:49.379+0000	beacon2.Variants	44.7GB
2023-02-08T18:33:52.374+0000	beacon2.Variants	44.8GB
2023-02-08T18:33:55.372+0000	beacon2.Variants	44.8GB
2023-02-08T18:33:58.387+0000	beacon2.Variants	44.9GB
2023-02-08T18:34:01.373+0000	beacon2.Variants	44.9GB
2023-02-08T18:34:04.373+0000	beacon2.Variants	44.9GB
2023-02-08T18:34:07.372+0000	beacon2.Variants	45.0GB
2023-02-08T18:34:10.374+0000	beacon2.Variants	45.0GB
2023-02-08T18:34:13.377+0000	beacon2.Variants	45.0GB
2023-02-08T18:34:16.373+0000	beacon2.Variants	45.1GB
2023-02-08T18:34:19.377+0000	beacon2.Variants	45.1GB
2023-02-08T18:34:22.374+0000	beacon2.Variants	45.2GB
2023-02-08T18:34:25.372+0000	beacon2.Variants	45.2GB
2023-02-08T18:34:28.375+0000	beacon2.Variants	45.2GB
2023-02-08T18:34:31.372+0000	beacon2.Variants	45.3GB
2023-02-08T18:34:34.372+0000	beacon2.Variants	45.3GB
2023-02-08T18:34:37.372+0000	beacon2.Variants	45.4GB
2023-02-08T18:34:40.372+0000	beacon2.Variants	45.4GB
2023-02-08T18:34:43.372+0000	beacon2.Variants	45.4GB
2023-02-08T18:34:46.372+0000	beacon2.Variants	45.5GB
2023-02-08T18:34:49.374+0000	beacon2.Variants	45.5GB
2023-02-08T18:34:52.375+0000	beacon2.Variants	45.5GB
2023-02-08T18:34:55.372+0000	beacon2.Variants	45.6GB
2023-02-08T18:34:58.372+0000	beacon2.Variants	45.6GB
2023-02-08T18:35:01.372+0000	beacon2.Variants	45.6GB
2023-02-08T18:35:04.378+0000	beacon2.Variants	45.7GB
2023-02-08T18:35:07.378+0000	beacon2.Variants	45.7GB
2023-02-08T18:35:10.373+0000	beacon2.Variants	45.8GB
2023-02-08T18:35:13.380+0000	beacon2.Variants	45.8GB
2023-02-08T18:35:16.377+0000	beacon2.Variants	45.8GB
2023-02-08T18:35:19.375+0000	beacon2.Variants	45.9GB
2023-02-08T18:35:22.375+0000	beacon2.Variants	45.9GB
2023-02-08T18:35:25.373+0000	beacon2.Variants	46.0GB
2023-02-08T18:35:28.373+0000	beacon2.Variants	46.0GB
2023-02-08T18:35:31.375+0000	beacon2.Variants	46.0GB
2023-02-08T18:35:34.382+0000	beacon2.Variants	46.1GB
2023-02-08T18:35:37.372+0000	beacon2.Variants	46.1GB
2023-02-08T18:35:40.372+0000	beacon2.Variants	46.1GB
2023-02-08T18:35:43.372+0000	beacon2.Variants	46.2GB
2023-02-08T18:35:46.372+0000	beacon2.Variants	46.2GB
2023-02-08T18:35:49.378+0000	beacon2.Variants	46.3GB
2023-02-08T18:35:52.377+0000	beacon2.Variants	46.3GB
2023-02-08T18:35:55.372+0000	beacon2.Variants	46.3GB
2023-02-08T18:35:58.372+0000	beacon2.Variants	46.4GB
2023-02-08T18:36:01.376+0000	beacon2.Variants	46.4GB
2023-02-08T18:36:04.375+0000	beacon2.Variants	46.5GB
2023-02-08T18:36:07.379+0000	beacon2.Variants	46.5GB
2023-02-08T18:36:10.378+0000	beacon2.Variants	46.5GB
2023-02-08T18:36:13.375+0000	beacon2.Variants	46.6GB
2023-02-08T18:36:16.373+0000	beacon2.Variants	46.6GB
2023-02-08T18:36:19.381+0000	beacon2.Variants	46.6GB
2023-02-08T18:36:22.373+0000	beacon2.Variants	46.7GB
2023-02-08T18:36:25.393+0000	beacon2.Variants	46.7GB
2023-02-08T18:36:28.376+0000	beacon2.Variants	46.8GB
2023-02-08T18:36:31.372+0000	beacon2.Variants	46.8GB
2023-02-08T18:36:34.401+0000	beacon2.Variants	46.8GB
2023-02-08T18:36:37.374+0000	beacon2.Variants	46.9GB
2023-02-08T18:36:40.375+0000	beacon2.Variants	46.9GB
2023-02-08T18:36:43.372+0000	beacon2.Variants	47.0GB
2023-02-08T18:36:46.375+0000	beacon2.Variants	47.0GB
2023-02-08T18:36:49.377+0000	beacon2.Variants	47.0GB
2023-02-08T18:36:52.373+0000	beacon2.Variants	47.1GB
2023-02-08T18:36:55.372+0000	beacon2.Variants	47.1GB
2023-02-08T18:36:58.372+0000	beacon2.Variants	47.1GB
2023-02-08T18:37:01.380+0000	beacon2.Variants	47.2GB
2023-02-08T18:37:04.386+0000	beacon2.Variants	47.2GB
2023-02-08T18:37:07.373+0000	beacon2.Variants	47.2GB
2023-02-08T18:37:10.377+0000	beacon2.Variants	47.3GB
2023-02-08T18:37:13.373+0000	beacon2.Variants	47.3GB
2023-02-08T18:37:16.384+0000	beacon2.Variants	47.4GB
2023-02-08T18:37:19.372+0000	beacon2.Variants	47.4GB
2023-02-08T18:37:22.372+0000	beacon2.Variants	47.4GB
2023-02-08T18:37:25.372+0000	beacon2.Variants	47.5GB
2023-02-08T18:37:28.374+0000	beacon2.Variants	47.5GB
2023-02-08T18:37:31.377+0000	beacon2.Variants	47.5GB
2023-02-08T18:37:34.374+0000	beacon2.Variants	47.6GB
2023-02-08T18:37:37.386+0000	beacon2.Variants	47.6GB
2023-02-08T18:37:40.376+0000	beacon2.Variants	47.7GB
2023-02-08T18:37:43.372+0000	beacon2.Variants	47.7GB
2023-02-08T18:37:46.375+0000	beacon2.Variants	47.7GB
2023-02-08T18:37:49.380+0000	beacon2.Variants	47.8GB
2023-02-08T18:37:52.378+0000	beacon2.Variants	47.8GB
2023-02-08T18:37:55.372+0000	beacon2.Variants	47.9GB
2023-02-08T18:37:58.386+0000	beacon2.Variants	47.9GB
2023-02-08T18:38:01.372+0000	beacon2.Variants	47.9GB
2023-02-08T18:38:04.372+0000	beacon2.Variants	48.0GB
2023-02-08T18:38:07.372+0000	beacon2.Variants	48.0GB
2023-02-08T18:38:10.384+0000	beacon2.Variants	48.0GB
2023-02-08T18:38:13.375+0000	beacon2.Variants	48.1GB
2023-02-08T18:38:16.376+0000	beacon2.Variants	48.1GB
2023-02-08T18:38:19.379+0000	beacon2.Variants	48.2GB
2023-02-08T18:38:22.373+0000	beacon2.Variants	48.2GB
2023-02-08T18:38:25.372+0000	beacon2.Variants	48.2GB
2023-02-08T18:38:28.372+0000	beacon2.Variants	48.3GB
2023-02-08T18:38:31.389+0000	beacon2.Variants	48.3GB
2023-02-08T18:38:34.372+0000	beacon2.Variants	48.4GB
2023-02-08T18:38:37.384+0000	beacon2.Variants	48.4GB
2023-02-08T18:38:40.378+0000	beacon2.Variants	48.4GB
2023-02-08T18:38:43.372+0000	beacon2.Variants	48.5GB
2023-02-08T18:38:46.378+0000	beacon2.Variants	48.5GB
2023-02-08T18:38:49.372+0000	beacon2.Variants	48.5GB
2023-02-08T18:38:52.372+0000	beacon2.Variants	48.6GB
2023-02-08T18:38:55.386+0000	beacon2.Variants	48.6GB
2023-02-08T18:38:58.376+0000	beacon2.Variants	48.7GB
2023-02-08T18:39:01.378+0000	beacon2.Variants	48.7GB
2023-02-08T18:39:04.377+0000	beacon2.Variants	48.7GB
2023-02-08T18:39:07.381+0000	beacon2.Variants	48.8GB
2023-02-08T18:39:10.373+0000	beacon2.Variants	48.8GB
2023-02-08T18:39:13.374+0000	beacon2.Variants	48.9GB
2023-02-08T18:39:16.373+0000	beacon2.Variants	48.9GB
2023-02-08T18:39:19.386+0000	beacon2.Variants	48.9GB
2023-02-08T18:39:22.374+0000	beacon2.Variants	49.0GB
2023-02-08T18:39:25.378+0000	beacon2.Variants	49.0GB
2023-02-08T18:39:28.372+0000	beacon2.Variants	49.0GB
2023-02-08T18:39:31.373+0000	beacon2.Variants	49.1GB
2023-02-08T18:39:34.372+0000	beacon2.Variants	49.1GB
2023-02-08T18:39:37.372+0000	beacon2.Variants	49.1GB
2023-02-08T18:39:40.372+0000	beacon2.Variants	49.2GB
2023-02-08T18:39:43.377+0000	beacon2.Variants	49.2GB
2023-02-08T18:39:46.375+0000	beacon2.Variants	49.3GB
2023-02-08T18:39:49.373+0000	beacon2.Variants	49.3GB
2023-02-08T18:39:52.380+0000	beacon2.Variants	49.3GB
2023-02-08T18:39:55.375+0000	beacon2.Variants	49.4GB
2023-02-08T18:39:58.382+0000	beacon2.Variants	49.4GB
2023-02-08T18:40:01.373+0000	beacon2.Variants	49.5GB
2023-02-08T18:40:04.381+0000	beacon2.Variants	49.5GB
2023-02-08T18:40:07.381+0000	beacon2.Variants	49.5GB
2023-02-08T18:40:10.374+0000	beacon2.Variants	49.6GB
2023-02-08T18:40:13.374+0000	beacon2.Variants	49.6GB
2023-02-08T18:40:16.377+0000	beacon2.Variants	49.6GB
2023-02-08T18:40:19.381+0000	beacon2.Variants	49.7GB
2023-02-08T18:40:22.379+0000	beacon2.Variants	49.7GB
2023-02-08T18:40:25.381+0000	beacon2.Variants	49.8GB
2023-02-08T18:40:28.372+0000	beacon2.Variants	49.8GB
2023-02-08T18:40:31.377+0000	beacon2.Variants	49.8GB
2023-02-08T18:40:34.379+0000	beacon2.Variants	49.9GB
2023-02-08T18:40:37.374+0000	beacon2.Variants	49.9GB
2023-02-08T18:40:40.385+0000	beacon2.Variants	50.0GB
2023-02-08T18:40:43.375+0000	beacon2.Variants	50.0GB
2023-02-08T18:40:46.376+0000	beacon2.Variants	50.0GB
2023-02-08T18:40:49.383+0000	beacon2.Variants	50.1GB
2023-02-08T18:40:52.372+0000	beacon2.Variants	50.1GB
2023-02-08T18:40:55.372+0000	beacon2.Variants	50.1GB
2023-02-08T18:40:58.376+0000	beacon2.Variants	50.2GB
2023-02-08T18:41:01.373+0000	beacon2.Variants	50.2GB
2023-02-08T18:41:04.372+0000	beacon2.Variants	50.3GB
2023-02-08T18:41:07.375+0000	beacon2.Variants	50.3GB
2023-02-08T18:41:10.374+0000	beacon2.Variants	50.3GB
2023-02-08T18:41:13.373+0000	beacon2.Variants	50.4GB
2023-02-08T18:41:16.376+0000	beacon2.Variants	50.4GB
2023-02-08T18:41:19.372+0000	beacon2.Variants	50.5GB
2023-02-08T18:41:22.377+0000	beacon2.Variants	50.5GB
2023-02-08T18:41:25.374+0000	beacon2.Variants	50.5GB
2023-02-08T18:41:28.377+0000	beacon2.Variants	50.6GB
2023-02-08T18:41:31.373+0000	beacon2.Variants	50.6GB
2023-02-08T18:41:34.374+0000	beacon2.Variants	50.6GB
2023-02-08T18:41:37.375+0000	beacon2.Variants	50.7GB
2023-02-08T18:41:40.373+0000	beacon2.Variants	50.7GB
2023-02-08T18:41:43.373+0000	beacon2.Variants	50.8GB
2023-02-08T18:41:46.374+0000	beacon2.Variants	50.8GB
2023-02-08T18:41:49.372+0000	beacon2.Variants	50.8GB
2023-02-08T18:41:52.372+0000	beacon2.Variants	50.9GB
2023-02-08T18:41:55.372+0000	beacon2.Variants	50.9GB
2023-02-08T18:41:58.382+0000	beacon2.Variants	50.9GB
2023-02-08T18:42:01.376+0000	beacon2.Variants	51.0GB
2023-02-08T18:42:04.375+0000	beacon2.Variants	51.0GB
2023-02-08T18:42:07.372+0000	beacon2.Variants	51.1GB
2023-02-08T18:42:10.388+0000	beacon2.Variants	51.1GB
2023-02-08T18:42:13.373+0000	beacon2.Variants	51.1GB
2023-02-08T18:42:16.375+0000	beacon2.Variants	51.2GB
2023-02-08T18:42:19.372+0000	beacon2.Variants	51.2GB
2023-02-08T18:42:22.381+0000	beacon2.Variants	51.2GB
2023-02-08T18:42:25.373+0000	beacon2.Variants	51.3GB
2023-02-08T18:42:28.374+0000	beacon2.Variants	51.3GB
2023-02-08T18:42:31.373+0000	beacon2.Variants	51.4GB
2023-02-08T18:42:34.374+0000	beacon2.Variants	51.4GB
2023-02-08T18:42:35.948+0000	beacon2.Variants	51.4GB
2023-02-08T18:42:35.948+0000	4729513 document(s) imported successfully. 0 document(s) failed to import.

real	67m46.604s
user	120m29.919s
sys	1m57.809s
