2023-02-08T13:44:22.979+0000	connected to: mongodb://[**REDACTED**]@localhost:27017/beacon2?authSource=admin
2023-02-08T13:44:25.979+0000	beacon2.Variants	39.6MB
2023-02-08T13:44:28.981+0000	beacon2.Variants	78.8MB
2023-02-08T13:44:31.987+0000	beacon2.Variants	119MB
2023-02-08T13:44:34.979+0000	beacon2.Variants	158MB
2023-02-08T13:44:37.979+0000	beacon2.Variants	196MB
2023-02-08T13:44:40.986+0000	beacon2.Variants	235MB
2023-02-08T13:44:43.985+0000	beacon2.Variants	274MB
2023-02-08T13:44:46.979+0000	beacon2.Variants	314MB
2023-02-08T13:44:49.982+0000	beacon2.Variants	352MB
2023-02-08T13:44:52.984+0000	beacon2.Variants	391MB
2023-02-08T13:44:55.979+0000	beacon2.Variants	432MB
2023-02-08T13:44:58.979+0000	beacon2.Variants	469MB
2023-02-08T13:45:01.979+0000	beacon2.Variants	509MB
2023-02-08T13:45:04.984+0000	beacon2.Variants	548MB
2023-02-08T13:45:07.980+0000	beacon2.Variants	587MB
2023-02-08T13:45:10.986+0000	beacon2.Variants	627MB
2023-02-08T13:45:13.979+0000	beacon2.Variants	666MB
2023-02-08T13:45:16.981+0000	beacon2.Variants	705MB
2023-02-08T13:45:19.984+0000	beacon2.Variants	745MB
2023-02-08T13:45:22.989+0000	beacon2.Variants	783MB
2023-02-08T13:45:25.979+0000	beacon2.Variants	822MB
2023-02-08T13:45:28.996+0000	beacon2.Variants	862MB
2023-02-08T13:45:31.979+0000	beacon2.Variants	901MB
2023-02-08T13:45:34.980+0000	beacon2.Variants	941MB
2023-02-08T13:45:37.982+0000	beacon2.Variants	978MB
2023-02-08T13:45:40.984+0000	beacon2.Variants	1018MB
2023-02-08T13:45:43.987+0000	beacon2.Variants	1.03GB
2023-02-08T13:45:46.986+0000	beacon2.Variants	1.07GB
2023-02-08T13:45:49.981+0000	beacon2.Variants	1.11GB
2023-02-08T13:45:52.979+0000	beacon2.Variants	1.15GB
2023-02-08T13:45:55.979+0000	beacon2.Variants	1.18GB
2023-02-08T13:45:58.980+0000	beacon2.Variants	1.22GB
2023-02-08T13:46:01.981+0000	beacon2.Variants	1.26GB
2023-02-08T13:46:04.986+0000	beacon2.Variants	1.30GB
2023-02-08T13:46:07.983+0000	beacon2.Variants	1.34GB
2023-02-08T13:46:10.980+0000	beacon2.Variants	1.38GB
2023-02-08T13:46:13.995+0000	beacon2.Variants	1.42GB
2023-02-08T13:46:16.986+0000	beacon2.Variants	1.45GB
2023-02-08T13:46:19.979+0000	beacon2.Variants	1.49GB
2023-02-08T13:46:22.982+0000	beacon2.Variants	1.53GB
2023-02-08T13:46:25.979+0000	beacon2.Variants	1.57GB
2023-02-08T13:46:28.983+0000	beacon2.Variants	1.61GB
2023-02-08T13:46:31.985+0000	beacon2.Variants	1.64GB
2023-02-08T13:46:34.979+0000	beacon2.Variants	1.68GB
2023-02-08T13:46:37.980+0000	beacon2.Variants	1.72GB
2023-02-08T13:46:40.987+0000	beacon2.Variants	1.76GB
2023-02-08T13:46:43.983+0000	beacon2.Variants	1.80GB
2023-02-08T13:46:46.980+0000	beacon2.Variants	1.83GB
2023-02-08T13:46:49.982+0000	beacon2.Variants	1.87GB
2023-02-08T13:46:52.981+0000	beacon2.Variants	1.91GB
2023-02-08T13:46:55.988+0000	beacon2.Variants	1.95GB
2023-02-08T13:46:58.982+0000	beacon2.Variants	1.99GB
2023-02-08T13:47:01.979+0000	beacon2.Variants	2.03GB
2023-02-08T13:47:04.988+0000	beacon2.Variants	2.07GB
2023-02-08T13:47:07.983+0000	beacon2.Variants	2.10GB
2023-02-08T13:47:10.983+0000	beacon2.Variants	2.14GB
2023-02-08T13:47:13.989+0000	beacon2.Variants	2.18GB
2023-02-08T13:47:16.980+0000	beacon2.Variants	2.22GB
2023-02-08T13:47:19.982+0000	beacon2.Variants	2.26GB
2023-02-08T13:47:22.983+0000	beacon2.Variants	2.30GB
2023-02-08T13:47:25.983+0000	beacon2.Variants	2.33GB
2023-02-08T13:47:28.983+0000	beacon2.Variants	2.38GB
2023-02-08T13:47:31.980+0000	beacon2.Variants	2.41GB
2023-02-08T13:47:34.980+0000	beacon2.Variants	2.45GB
2023-02-08T13:47:37.983+0000	beacon2.Variants	2.49GB
2023-02-08T13:47:40.984+0000	beacon2.Variants	2.53GB
2023-02-08T13:47:43.983+0000	beacon2.Variants	2.57GB
2023-02-08T13:47:46.985+0000	beacon2.Variants	2.60GB
2023-02-08T13:47:49.985+0000	beacon2.Variants	2.64GB
2023-02-08T13:47:52.979+0000	beacon2.Variants	2.68GB
2023-02-08T13:47:55.979+0000	beacon2.Variants	2.72GB
2023-02-08T13:47:58.999+0000	beacon2.Variants	2.76GB
2023-02-08T13:48:01.993+0000	beacon2.Variants	2.80GB
2023-02-08T13:48:04.987+0000	beacon2.Variants	2.84GB
2023-02-08T13:48:07.983+0000	beacon2.Variants	2.88GB
2023-02-08T13:48:10.980+0000	beacon2.Variants	2.91GB
2023-02-08T13:48:13.981+0000	beacon2.Variants	2.95GB
2023-02-08T13:48:16.984+0000	beacon2.Variants	2.99GB
2023-02-08T13:48:19.979+0000	beacon2.Variants	3.03GB
2023-02-08T13:48:22.986+0000	beacon2.Variants	3.07GB
2023-02-08T13:48:25.984+0000	beacon2.Variants	3.11GB
2023-02-08T13:48:28.982+0000	beacon2.Variants	3.14GB
2023-02-08T13:48:31.984+0000	beacon2.Variants	3.18GB
2023-02-08T13:48:34.980+0000	beacon2.Variants	3.22GB
2023-02-08T13:48:37.987+0000	beacon2.Variants	3.26GB
2023-02-08T13:48:40.980+0000	beacon2.Variants	3.30GB
2023-02-08T13:48:43.982+0000	beacon2.Variants	3.33GB
2023-02-08T13:48:46.980+0000	beacon2.Variants	3.37GB
2023-02-08T13:48:49.984+0000	beacon2.Variants	3.41GB
2023-02-08T13:48:52.981+0000	beacon2.Variants	3.45GB
2023-02-08T13:48:55.981+0000	beacon2.Variants	3.49GB
2023-02-08T13:48:58.982+0000	beacon2.Variants	3.53GB
2023-02-08T13:49:01.980+0000	beacon2.Variants	3.56GB
2023-02-08T13:49:04.982+0000	beacon2.Variants	3.60GB
2023-02-08T13:49:07.982+0000	beacon2.Variants	3.64GB
2023-02-08T13:49:10.987+0000	beacon2.Variants	3.68GB
2023-02-08T13:49:13.979+0000	beacon2.Variants	3.72GB
2023-02-08T13:49:16.979+0000	beacon2.Variants	3.76GB
2023-02-08T13:49:19.981+0000	beacon2.Variants	3.79GB
2023-02-08T13:49:22.983+0000	beacon2.Variants	3.83GB
2023-02-08T13:49:25.988+0000	beacon2.Variants	3.87GB
2023-02-08T13:49:28.979+0000	beacon2.Variants	3.91GB
2023-02-08T13:49:31.979+0000	beacon2.Variants	3.95GB
2023-02-08T13:49:34.979+0000	beacon2.Variants	3.99GB
2023-02-08T13:49:37.983+0000	beacon2.Variants	4.02GB
2023-02-08T13:49:40.980+0000	beacon2.Variants	4.06GB
2023-02-08T13:49:43.979+0000	beacon2.Variants	4.10GB
2023-02-08T13:49:46.988+0000	beacon2.Variants	4.14GB
2023-02-08T13:49:49.982+0000	beacon2.Variants	4.18GB
2023-02-08T13:49:52.979+0000	beacon2.Variants	4.21GB
2023-02-08T13:49:55.979+0000	beacon2.Variants	4.25GB
2023-02-08T13:49:58.979+0000	beacon2.Variants	4.29GB
2023-02-08T13:50:01.979+0000	beacon2.Variants	4.33GB
2023-02-08T13:50:04.987+0000	beacon2.Variants	4.37GB
2023-02-08T13:50:07.984+0000	beacon2.Variants	4.40GB
2023-02-08T13:50:10.979+0000	beacon2.Variants	4.44GB
2023-02-08T13:50:13.989+0000	beacon2.Variants	4.48GB
2023-02-08T13:50:16.992+0000	beacon2.Variants	4.52GB
2023-02-08T13:50:19.982+0000	beacon2.Variants	4.56GB
2023-02-08T13:50:22.980+0000	beacon2.Variants	4.59GB
2023-02-08T13:50:25.983+0000	beacon2.Variants	4.63GB
2023-02-08T13:50:28.979+0000	beacon2.Variants	4.67GB
2023-02-08T13:50:31.985+0000	beacon2.Variants	4.71GB
2023-02-08T13:50:34.979+0000	beacon2.Variants	4.75GB
2023-02-08T13:50:37.990+0000	beacon2.Variants	4.79GB
2023-02-08T13:50:40.979+0000	beacon2.Variants	4.82GB
2023-02-08T13:50:43.985+0000	beacon2.Variants	4.86GB
2023-02-08T13:50:46.980+0000	beacon2.Variants	4.90GB
2023-02-08T13:50:49.985+0000	beacon2.Variants	4.94GB
2023-02-08T13:50:52.982+0000	beacon2.Variants	4.98GB
2023-02-08T13:50:55.983+0000	beacon2.Variants	5.01GB
2023-02-08T13:50:58.980+0000	beacon2.Variants	5.05GB
2023-02-08T13:51:01.983+0000	beacon2.Variants	5.09GB
2023-02-08T13:51:04.988+0000	beacon2.Variants	5.13GB
2023-02-08T13:51:07.988+0000	beacon2.Variants	5.17GB
2023-02-08T13:51:10.979+0000	beacon2.Variants	5.21GB
2023-02-08T13:51:13.982+0000	beacon2.Variants	5.25GB
2023-02-08T13:51:16.979+0000	beacon2.Variants	5.28GB
2023-02-08T13:51:19.980+0000	beacon2.Variants	5.32GB
2023-02-08T13:51:22.982+0000	beacon2.Variants	5.36GB
2023-02-08T13:51:25.979+0000	beacon2.Variants	5.40GB
2023-02-08T13:51:28.984+0000	beacon2.Variants	5.44GB
2023-02-08T13:51:31.979+0000	beacon2.Variants	5.47GB
2023-02-08T13:51:34.987+0000	beacon2.Variants	5.51GB
2023-02-08T13:51:37.980+0000	beacon2.Variants	5.55GB
2023-02-08T13:51:40.979+0000	beacon2.Variants	5.59GB
2023-02-08T13:51:43.989+0000	beacon2.Variants	5.63GB
2023-02-08T13:51:46.992+0000	beacon2.Variants	5.67GB
2023-02-08T13:51:49.983+0000	beacon2.Variants	5.70GB
2023-02-08T13:51:52.981+0000	beacon2.Variants	5.74GB
2023-02-08T13:51:55.988+0000	beacon2.Variants	5.78GB
2023-02-08T13:51:58.981+0000	beacon2.Variants	5.82GB
2023-02-08T13:52:01.982+0000	beacon2.Variants	5.86GB
2023-02-08T13:52:04.985+0000	beacon2.Variants	5.89GB
2023-02-08T13:52:07.984+0000	beacon2.Variants	5.93GB
2023-02-08T13:52:10.979+0000	beacon2.Variants	5.97GB
2023-02-08T13:52:13.980+0000	beacon2.Variants	6.01GB
2023-02-08T13:52:16.981+0000	beacon2.Variants	6.05GB
2023-02-08T13:52:19.985+0000	beacon2.Variants	6.08GB
2023-02-08T13:52:22.979+0000	beacon2.Variants	6.12GB
2023-02-08T13:52:25.985+0000	beacon2.Variants	6.16GB
2023-02-08T13:52:28.980+0000	beacon2.Variants	6.20GB
2023-02-08T13:52:31.981+0000	beacon2.Variants	6.24GB
2023-02-08T13:52:34.987+0000	beacon2.Variants	6.27GB
2023-02-08T13:52:37.979+0000	beacon2.Variants	6.31GB
2023-02-08T13:52:40.981+0000	beacon2.Variants	6.35GB
2023-02-08T13:52:43.983+0000	beacon2.Variants	6.39GB
2023-02-08T13:52:46.984+0000	beacon2.Variants	6.42GB
2023-02-08T13:52:49.980+0000	beacon2.Variants	6.46GB
2023-02-08T13:52:52.979+0000	beacon2.Variants	6.50GB
2023-02-08T13:52:55.985+0000	beacon2.Variants	6.54GB
2023-02-08T13:52:58.990+0000	beacon2.Variants	6.58GB
2023-02-08T13:53:01.981+0000	beacon2.Variants	6.61GB
2023-02-08T13:53:04.981+0000	beacon2.Variants	6.65GB
2023-02-08T13:53:07.981+0000	beacon2.Variants	6.69GB
2023-02-08T13:53:10.984+0000	beacon2.Variants	6.73GB
2023-02-08T13:53:13.982+0000	beacon2.Variants	6.77GB
2023-02-08T13:53:16.979+0000	beacon2.Variants	6.80GB
2023-02-08T13:53:19.979+0000	beacon2.Variants	6.84GB
2023-02-08T13:53:22.979+0000	beacon2.Variants	6.88GB
2023-02-08T13:53:25.981+0000	beacon2.Variants	6.92GB
2023-02-08T13:53:28.980+0000	beacon2.Variants	6.96GB
2023-02-08T13:53:31.994+0000	beacon2.Variants	7.00GB
2023-02-08T13:53:34.980+0000	beacon2.Variants	7.03GB
2023-02-08T13:53:37.990+0000	beacon2.Variants	7.07GB
2023-02-08T13:53:40.979+0000	beacon2.Variants	7.11GB
2023-02-08T13:53:43.993+0000	beacon2.Variants	7.15GB
2023-02-08T13:53:46.979+0000	beacon2.Variants	7.19GB
2023-02-08T13:53:49.986+0000	beacon2.Variants	7.22GB
2023-02-08T13:53:52.992+0000	beacon2.Variants	7.26GB
2023-02-08T13:53:55.980+0000	beacon2.Variants	7.30GB
2023-02-08T13:53:58.983+0000	beacon2.Variants	7.34GB
2023-02-08T13:54:01.985+0000	beacon2.Variants	7.38GB
2023-02-08T13:54:04.979+0000	beacon2.Variants	7.41GB
2023-02-08T13:54:07.986+0000	beacon2.Variants	7.45GB
2023-02-08T13:54:10.979+0000	beacon2.Variants	7.49GB
2023-02-08T13:54:13.980+0000	beacon2.Variants	7.53GB
2023-02-08T13:54:16.980+0000	beacon2.Variants	7.57GB
2023-02-08T13:54:19.980+0000	beacon2.Variants	7.60GB
2023-02-08T13:54:22.979+0000	beacon2.Variants	7.64GB
2023-02-08T13:54:25.983+0000	beacon2.Variants	7.68GB
2023-02-08T13:54:28.979+0000	beacon2.Variants	7.72GB
2023-02-08T13:54:31.979+0000	beacon2.Variants	7.76GB
2023-02-08T13:54:34.980+0000	beacon2.Variants	7.80GB
2023-02-08T13:54:37.979+0000	beacon2.Variants	7.84GB
2023-02-08T13:54:40.979+0000	beacon2.Variants	7.87GB
2023-02-08T13:54:43.986+0000	beacon2.Variants	7.91GB
2023-02-08T13:54:46.979+0000	beacon2.Variants	7.95GB
2023-02-08T13:54:49.983+0000	beacon2.Variants	7.99GB
2023-02-08T13:54:52.983+0000	beacon2.Variants	8.03GB
2023-02-08T13:54:55.984+0000	beacon2.Variants	8.07GB
2023-02-08T13:54:58.982+0000	beacon2.Variants	8.10GB
2023-02-08T13:55:01.986+0000	beacon2.Variants	8.14GB
2023-02-08T13:55:04.980+0000	beacon2.Variants	8.18GB
2023-02-08T13:55:07.979+0000	beacon2.Variants	8.22GB
2023-02-08T13:55:10.981+0000	beacon2.Variants	8.26GB
2023-02-08T13:55:13.980+0000	beacon2.Variants	8.30GB
2023-02-08T13:55:16.982+0000	beacon2.Variants	8.33GB
2023-02-08T13:55:19.979+0000	beacon2.Variants	8.37GB
2023-02-08T13:55:22.979+0000	beacon2.Variants	8.41GB
2023-02-08T13:55:25.995+0000	beacon2.Variants	8.45GB
2023-02-08T13:55:28.979+0000	beacon2.Variants	8.49GB
2023-02-08T13:55:31.980+0000	beacon2.Variants	8.52GB
2023-02-08T13:55:34.979+0000	beacon2.Variants	8.56GB
2023-02-08T13:55:37.980+0000	beacon2.Variants	8.60GB
2023-02-08T13:55:40.983+0000	beacon2.Variants	8.64GB
2023-02-08T13:55:43.980+0000	beacon2.Variants	8.68GB
2023-02-08T13:55:46.991+0000	beacon2.Variants	8.71GB
2023-02-08T13:55:49.982+0000	beacon2.Variants	8.75GB
2023-02-08T13:55:52.979+0000	beacon2.Variants	8.79GB
2023-02-08T13:55:55.981+0000	beacon2.Variants	8.83GB
2023-02-08T13:55:58.981+0000	beacon2.Variants	8.87GB
2023-02-08T13:56:01.982+0000	beacon2.Variants	8.91GB
2023-02-08T13:56:04.980+0000	beacon2.Variants	8.95GB
2023-02-08T13:56:07.988+0000	beacon2.Variants	8.98GB
2023-02-08T13:56:10.994+0000	beacon2.Variants	9.02GB
2023-02-08T13:56:14.002+0000	beacon2.Variants	9.06GB
2023-02-08T13:56:16.984+0000	beacon2.Variants	9.10GB
2023-02-08T13:56:19.981+0000	beacon2.Variants	9.14GB
2023-02-08T13:56:22.979+0000	beacon2.Variants	9.18GB
2023-02-08T13:56:25.979+0000	beacon2.Variants	9.22GB
2023-02-08T13:56:28.990+0000	beacon2.Variants	9.25GB
2023-02-08T13:56:31.990+0000	beacon2.Variants	9.29GB
2023-02-08T13:56:34.983+0000	beacon2.Variants	9.33GB
2023-02-08T13:56:37.981+0000	beacon2.Variants	9.37GB
2023-02-08T13:56:40.983+0000	beacon2.Variants	9.41GB
2023-02-08T13:56:43.979+0000	beacon2.Variants	9.44GB
2023-02-08T13:56:46.980+0000	beacon2.Variants	9.48GB
2023-02-08T13:56:49.979+0000	beacon2.Variants	9.52GB
2023-02-08T13:56:52.986+0000	beacon2.Variants	9.56GB
2023-02-08T13:56:55.981+0000	beacon2.Variants	9.60GB
2023-02-08T13:56:58.985+0000	beacon2.Variants	9.64GB
2023-02-08T13:57:01.979+0000	beacon2.Variants	9.67GB
2023-02-08T13:57:04.985+0000	beacon2.Variants	9.71GB
2023-02-08T13:57:07.989+0000	beacon2.Variants	9.75GB
2023-02-08T13:57:10.981+0000	beacon2.Variants	9.79GB
2023-02-08T13:57:13.984+0000	beacon2.Variants	9.83GB
2023-02-08T13:57:16.993+0000	beacon2.Variants	9.87GB
2023-02-08T13:57:19.981+0000	beacon2.Variants	9.90GB
2023-02-08T13:57:22.981+0000	beacon2.Variants	9.94GB
2023-02-08T13:57:25.985+0000	beacon2.Variants	9.98GB
2023-02-08T13:57:28.985+0000	beacon2.Variants	10.0GB
2023-02-08T13:57:31.982+0000	beacon2.Variants	10.1GB
2023-02-08T13:57:34.983+0000	beacon2.Variants	10.1GB
2023-02-08T13:57:37.979+0000	beacon2.Variants	10.1GB
2023-02-08T13:57:40.988+0000	beacon2.Variants	10.2GB
2023-02-08T13:57:43.985+0000	beacon2.Variants	10.2GB
2023-02-08T13:57:46.993+0000	beacon2.Variants	10.2GB
2023-02-08T13:57:49.981+0000	beacon2.Variants	10.3GB
2023-02-08T13:57:52.979+0000	beacon2.Variants	10.3GB
2023-02-08T13:57:55.983+0000	beacon2.Variants	10.4GB
2023-02-08T13:57:58.984+0000	beacon2.Variants	10.4GB
2023-02-08T13:58:01.983+0000	beacon2.Variants	10.4GB
2023-02-08T13:58:04.985+0000	beacon2.Variants	10.5GB
2023-02-08T13:58:07.979+0000	beacon2.Variants	10.5GB
2023-02-08T13:58:10.983+0000	beacon2.Variants	10.6GB
2023-02-08T13:58:13.988+0000	beacon2.Variants	10.6GB
2023-02-08T13:58:16.980+0000	beacon2.Variants	10.6GB
2023-02-08T13:58:19.981+0000	beacon2.Variants	10.7GB
2023-02-08T13:58:22.982+0000	beacon2.Variants	10.7GB
2023-02-08T13:58:25.979+0000	beacon2.Variants	10.8GB
2023-02-08T13:58:28.980+0000	beacon2.Variants	10.8GB
2023-02-08T13:58:31.983+0000	beacon2.Variants	10.8GB
2023-02-08T13:58:34.987+0000	beacon2.Variants	10.9GB
2023-02-08T13:58:37.980+0000	beacon2.Variants	10.9GB
2023-02-08T13:58:40.988+0000	beacon2.Variants	10.9GB
2023-02-08T13:58:43.987+0000	beacon2.Variants	11.0GB
2023-02-08T13:58:46.979+0000	beacon2.Variants	11.0GB
2023-02-08T13:58:49.983+0000	beacon2.Variants	11.1GB
2023-02-08T13:58:52.980+0000	beacon2.Variants	11.1GB
2023-02-08T13:58:55.985+0000	beacon2.Variants	11.1GB
2023-02-08T13:58:58.980+0000	beacon2.Variants	11.2GB
2023-02-08T13:59:01.981+0000	beacon2.Variants	11.2GB
2023-02-08T13:59:04.985+0000	beacon2.Variants	11.2GB
2023-02-08T13:59:07.979+0000	beacon2.Variants	11.3GB
2023-02-08T13:59:10.980+0000	beacon2.Variants	11.3GB
2023-02-08T13:59:13.992+0000	beacon2.Variants	11.4GB
2023-02-08T13:59:16.981+0000	beacon2.Variants	11.4GB
2023-02-08T13:59:19.987+0000	beacon2.Variants	11.4GB
2023-02-08T13:59:22.979+0000	beacon2.Variants	11.5GB
2023-02-08T13:59:25.980+0000	beacon2.Variants	11.5GB
2023-02-08T13:59:28.989+0000	beacon2.Variants	11.6GB
2023-02-08T13:59:31.979+0000	beacon2.Variants	11.6GB
2023-02-08T13:59:34.979+0000	beacon2.Variants	11.6GB
2023-02-08T13:59:37.979+0000	beacon2.Variants	11.7GB
2023-02-08T13:59:40.980+0000	beacon2.Variants	11.7GB
2023-02-08T13:59:43.979+0000	beacon2.Variants	11.7GB
2023-02-08T13:59:46.979+0000	beacon2.Variants	11.8GB
2023-02-08T13:59:49.984+0000	beacon2.Variants	11.8GB
2023-02-08T13:59:52.979+0000	beacon2.Variants	11.8GB
2023-02-08T13:59:55.985+0000	beacon2.Variants	11.9GB
2023-02-08T13:59:58.979+0000	beacon2.Variants	11.9GB
2023-02-08T14:00:01.979+0000	beacon2.Variants	12.0GB
2023-02-08T14:00:04.979+0000	beacon2.Variants	12.0GB
2023-02-08T14:00:07.979+0000	beacon2.Variants	12.0GB
2023-02-08T14:00:10.979+0000	beacon2.Variants	12.1GB
2023-02-08T14:00:13.981+0000	beacon2.Variants	12.1GB
2023-02-08T14:00:16.989+0000	beacon2.Variants	12.2GB
2023-02-08T14:00:19.979+0000	beacon2.Variants	12.2GB
2023-02-08T14:00:22.980+0000	beacon2.Variants	12.2GB
2023-02-08T14:00:25.980+0000	beacon2.Variants	12.3GB
2023-02-08T14:00:29.011+0000	beacon2.Variants	12.3GB
2023-02-08T14:00:31.980+0000	beacon2.Variants	12.3GB
2023-02-08T14:00:34.979+0000	beacon2.Variants	12.4GB
2023-02-08T14:00:37.979+0000	beacon2.Variants	12.4GB
2023-02-08T14:00:40.979+0000	beacon2.Variants	12.5GB
2023-02-08T14:00:43.982+0000	beacon2.Variants	12.5GB
2023-02-08T14:00:46.981+0000	beacon2.Variants	12.5GB
2023-02-08T14:00:49.979+0000	beacon2.Variants	12.6GB
2023-02-08T14:00:52.979+0000	beacon2.Variants	12.6GB
2023-02-08T14:00:55.984+0000	beacon2.Variants	12.7GB
2023-02-08T14:00:58.986+0000	beacon2.Variants	12.7GB
2023-02-08T14:01:01.983+0000	beacon2.Variants	12.7GB
2023-02-08T14:01:04.983+0000	beacon2.Variants	12.8GB
2023-02-08T14:01:07.981+0000	beacon2.Variants	12.8GB
2023-02-08T14:01:10.981+0000	beacon2.Variants	12.8GB
2023-02-08T14:01:13.979+0000	beacon2.Variants	12.9GB
2023-02-08T14:01:16.983+0000	beacon2.Variants	12.9GB
2023-02-08T14:01:19.990+0000	beacon2.Variants	12.9GB
2023-02-08T14:01:22.982+0000	beacon2.Variants	13.0GB
2023-02-08T14:01:25.980+0000	beacon2.Variants	13.0GB
2023-02-08T14:01:28.979+0000	beacon2.Variants	13.1GB
2023-02-08T14:01:31.989+0000	beacon2.Variants	13.1GB
2023-02-08T14:01:34.984+0000	beacon2.Variants	13.1GB
2023-02-08T14:01:37.988+0000	beacon2.Variants	13.2GB
2023-02-08T14:01:40.980+0000	beacon2.Variants	13.2GB
2023-02-08T14:01:43.988+0000	beacon2.Variants	13.3GB
2023-02-08T14:01:46.989+0000	beacon2.Variants	13.3GB
2023-02-08T14:01:49.980+0000	beacon2.Variants	13.3GB
2023-02-08T14:01:52.979+0000	beacon2.Variants	13.4GB
2023-02-08T14:01:55.983+0000	beacon2.Variants	13.4GB
2023-02-08T14:01:58.981+0000	beacon2.Variants	13.4GB
2023-02-08T14:02:01.994+0000	beacon2.Variants	13.5GB
2023-02-08T14:02:04.979+0000	beacon2.Variants	13.5GB
2023-02-08T14:02:07.980+0000	beacon2.Variants	13.6GB
2023-02-08T14:02:10.979+0000	beacon2.Variants	13.6GB
2023-02-08T14:02:13.979+0000	beacon2.Variants	13.6GB
2023-02-08T14:02:16.981+0000	beacon2.Variants	13.7GB
2023-02-08T14:02:19.980+0000	beacon2.Variants	13.7GB
2023-02-08T14:02:22.981+0000	beacon2.Variants	13.8GB
2023-02-08T14:02:25.979+0000	beacon2.Variants	13.8GB
2023-02-08T14:02:28.979+0000	beacon2.Variants	13.8GB
2023-02-08T14:02:31.983+0000	beacon2.Variants	13.9GB
2023-02-08T14:02:34.983+0000	beacon2.Variants	13.9GB
2023-02-08T14:02:37.990+0000	beacon2.Variants	13.9GB
2023-02-08T14:02:40.980+0000	beacon2.Variants	14.0GB
2023-02-08T14:02:43.992+0000	beacon2.Variants	14.0GB
2023-02-08T14:02:46.981+0000	beacon2.Variants	14.1GB
2023-02-08T14:02:49.987+0000	beacon2.Variants	14.1GB
2023-02-08T14:02:52.980+0000	beacon2.Variants	14.1GB
2023-02-08T14:02:55.979+0000	beacon2.Variants	14.2GB
2023-02-08T14:02:58.994+0000	beacon2.Variants	14.2GB
2023-02-08T14:03:01.989+0000	beacon2.Variants	14.2GB
2023-02-08T14:03:04.980+0000	beacon2.Variants	14.3GB
2023-02-08T14:03:07.981+0000	beacon2.Variants	14.3GB
2023-02-08T14:03:10.983+0000	beacon2.Variants	14.4GB
2023-02-08T14:03:13.984+0000	beacon2.Variants	14.4GB
2023-02-08T14:03:16.987+0000	beacon2.Variants	14.4GB
2023-02-08T14:03:19.979+0000	beacon2.Variants	14.5GB
2023-02-08T14:03:22.983+0000	beacon2.Variants	14.5GB
2023-02-08T14:03:25.988+0000	beacon2.Variants	14.6GB
2023-02-08T14:03:28.980+0000	beacon2.Variants	14.6GB
2023-02-08T14:03:31.979+0000	beacon2.Variants	14.6GB
2023-02-08T14:03:34.982+0000	beacon2.Variants	14.7GB
2023-02-08T14:03:37.980+0000	beacon2.Variants	14.7GB
2023-02-08T14:03:40.988+0000	beacon2.Variants	14.7GB
2023-02-08T14:03:43.979+0000	beacon2.Variants	14.8GB
2023-02-08T14:03:46.979+0000	beacon2.Variants	14.8GB
2023-02-08T14:03:49.979+0000	beacon2.Variants	14.9GB
2023-02-08T14:03:52.980+0000	beacon2.Variants	14.9GB
2023-02-08T14:03:55.984+0000	beacon2.Variants	14.9GB
2023-02-08T14:03:58.983+0000	beacon2.Variants	15.0GB
2023-02-08T14:04:01.979+0000	beacon2.Variants	15.0GB
2023-02-08T14:04:04.982+0000	beacon2.Variants	15.1GB
2023-02-08T14:04:07.981+0000	beacon2.Variants	15.1GB
2023-02-08T14:04:10.979+0000	beacon2.Variants	15.1GB
2023-02-08T14:04:13.987+0000	beacon2.Variants	15.2GB
2023-02-08T14:04:16.984+0000	beacon2.Variants	15.2GB
2023-02-08T14:04:19.987+0000	beacon2.Variants	15.2GB
2023-02-08T14:04:22.982+0000	beacon2.Variants	15.3GB
2023-02-08T14:04:25.980+0000	beacon2.Variants	15.3GB
2023-02-08T14:04:28.980+0000	beacon2.Variants	15.3GB
2023-02-08T14:04:31.983+0000	beacon2.Variants	15.4GB
2023-02-08T14:04:34.987+0000	beacon2.Variants	15.4GB
2023-02-08T14:04:37.984+0000	beacon2.Variants	15.5GB
2023-02-08T14:04:40.979+0000	beacon2.Variants	15.5GB
2023-02-08T14:04:43.980+0000	beacon2.Variants	15.5GB
2023-02-08T14:04:46.980+0000	beacon2.Variants	15.6GB
2023-02-08T14:04:49.982+0000	beacon2.Variants	15.6GB
2023-02-08T14:04:52.979+0000	beacon2.Variants	15.7GB
2023-02-08T14:04:55.979+0000	beacon2.Variants	15.7GB
2023-02-08T14:04:58.982+0000	beacon2.Variants	15.7GB
2023-02-08T14:05:01.984+0000	beacon2.Variants	15.8GB
2023-02-08T14:05:04.979+0000	beacon2.Variants	15.8GB
2023-02-08T14:05:07.985+0000	beacon2.Variants	15.8GB
2023-02-08T14:05:10.981+0000	beacon2.Variants	15.9GB
2023-02-08T14:05:13.981+0000	beacon2.Variants	15.9GB
2023-02-08T14:05:16.980+0000	beacon2.Variants	16.0GB
2023-02-08T14:05:19.979+0000	beacon2.Variants	16.0GB
2023-02-08T14:05:22.979+0000	beacon2.Variants	16.0GB
2023-02-08T14:05:25.984+0000	beacon2.Variants	16.1GB
2023-02-08T14:05:28.979+0000	beacon2.Variants	16.1GB
2023-02-08T14:05:31.979+0000	beacon2.Variants	16.1GB
2023-02-08T14:05:34.981+0000	beacon2.Variants	16.2GB
2023-02-08T14:05:37.996+0000	beacon2.Variants	16.2GB
2023-02-08T14:05:40.980+0000	beacon2.Variants	16.3GB
2023-02-08T14:05:43.979+0000	beacon2.Variants	16.3GB
2023-02-08T14:05:46.979+0000	beacon2.Variants	16.3GB
2023-02-08T14:05:49.988+0000	beacon2.Variants	16.4GB
2023-02-08T14:05:52.985+0000	beacon2.Variants	16.4GB
2023-02-08T14:05:55.987+0000	beacon2.Variants	16.5GB
2023-02-08T14:05:58.982+0000	beacon2.Variants	16.5GB
2023-02-08T14:06:01.979+0000	beacon2.Variants	16.5GB
2023-02-08T14:06:04.979+0000	beacon2.Variants	16.6GB
2023-02-08T14:06:07.983+0000	beacon2.Variants	16.6GB
2023-02-08T14:06:10.980+0000	beacon2.Variants	16.6GB
2023-02-08T14:06:13.981+0000	beacon2.Variants	16.7GB
2023-02-08T14:06:16.983+0000	beacon2.Variants	16.7GB
2023-02-08T14:06:19.980+0000	beacon2.Variants	16.8GB
2023-02-08T14:06:22.990+0000	beacon2.Variants	16.8GB
2023-02-08T14:06:25.979+0000	beacon2.Variants	16.8GB
2023-02-08T14:06:28.980+0000	beacon2.Variants	16.9GB
2023-02-08T14:06:31.987+0000	beacon2.Variants	16.9GB
2023-02-08T14:06:34.979+0000	beacon2.Variants	16.9GB
2023-02-08T14:06:37.983+0000	beacon2.Variants	17.0GB
2023-02-08T14:06:40.980+0000	beacon2.Variants	17.0GB
2023-02-08T14:06:43.979+0000	beacon2.Variants	17.1GB
2023-02-08T14:06:46.990+0000	beacon2.Variants	17.1GB
2023-02-08T14:06:49.980+0000	beacon2.Variants	17.1GB
2023-02-08T14:06:52.979+0000	beacon2.Variants	17.2GB
2023-02-08T14:06:55.980+0000	beacon2.Variants	17.2GB
2023-02-08T14:06:59.017+0000	beacon2.Variants	17.2GB
2023-02-08T14:07:01.979+0000	beacon2.Variants	17.3GB
2023-02-08T14:07:04.985+0000	beacon2.Variants	17.3GB
2023-02-08T14:07:07.983+0000	beacon2.Variants	17.4GB
2023-02-08T14:07:10.981+0000	beacon2.Variants	17.4GB
2023-02-08T14:07:13.982+0000	beacon2.Variants	17.4GB
2023-02-08T14:07:16.983+0000	beacon2.Variants	17.5GB
2023-02-08T14:07:19.988+0000	beacon2.Variants	17.5GB
2023-02-08T14:07:22.992+0000	beacon2.Variants	17.6GB
2023-02-08T14:07:25.983+0000	beacon2.Variants	17.6GB
2023-02-08T14:07:28.979+0000	beacon2.Variants	17.6GB
2023-02-08T14:07:31.994+0000	beacon2.Variants	17.7GB
2023-02-08T14:07:34.991+0000	beacon2.Variants	17.7GB
2023-02-08T14:07:37.979+0000	beacon2.Variants	17.8GB
2023-02-08T14:07:40.981+0000	beacon2.Variants	17.8GB
2023-02-08T14:07:43.990+0000	beacon2.Variants	17.8GB
2023-02-08T14:07:46.983+0000	beacon2.Variants	17.9GB
2023-02-08T14:07:49.982+0000	beacon2.Variants	17.9GB
2023-02-08T14:07:52.982+0000	beacon2.Variants	17.9GB
2023-02-08T14:07:55.979+0000	beacon2.Variants	18.0GB
2023-02-08T14:07:58.986+0000	beacon2.Variants	18.0GB
2023-02-08T14:08:01.981+0000	beacon2.Variants	18.1GB
2023-02-08T14:08:04.979+0000	beacon2.Variants	18.1GB
2023-02-08T14:08:07.994+0000	beacon2.Variants	18.1GB
2023-02-08T14:08:10.980+0000	beacon2.Variants	18.2GB
2023-02-08T14:08:13.982+0000	beacon2.Variants	18.2GB
2023-02-08T14:08:16.981+0000	beacon2.Variants	18.2GB
2023-02-08T14:08:19.980+0000	beacon2.Variants	18.3GB
2023-02-08T14:08:22.984+0000	beacon2.Variants	18.3GB
2023-02-08T14:08:25.981+0000	beacon2.Variants	18.4GB
2023-02-08T14:08:28.979+0000	beacon2.Variants	18.4GB
2023-02-08T14:08:31.979+0000	beacon2.Variants	18.4GB
2023-02-08T14:08:34.985+0000	beacon2.Variants	18.5GB
2023-02-08T14:08:37.982+0000	beacon2.Variants	18.5GB
2023-02-08T14:08:40.986+0000	beacon2.Variants	18.6GB
2023-02-08T14:08:43.985+0000	beacon2.Variants	18.6GB
2023-02-08T14:08:46.983+0000	beacon2.Variants	18.6GB
2023-02-08T14:08:49.981+0000	beacon2.Variants	18.7GB
2023-02-08T14:08:52.987+0000	beacon2.Variants	18.7GB
2023-02-08T14:08:55.983+0000	beacon2.Variants	18.7GB
2023-02-08T14:08:58.982+0000	beacon2.Variants	18.8GB
2023-02-08T14:09:01.979+0000	beacon2.Variants	18.8GB
2023-02-08T14:09:04.992+0000	beacon2.Variants	18.9GB
2023-02-08T14:09:07.980+0000	beacon2.Variants	18.9GB
2023-02-08T14:09:10.979+0000	beacon2.Variants	18.9GB
2023-02-08T14:09:13.980+0000	beacon2.Variants	19.0GB
2023-02-08T14:09:16.986+0000	beacon2.Variants	19.0GB
2023-02-08T14:09:20.000+0000	beacon2.Variants	19.0GB
2023-02-08T14:09:22.979+0000	beacon2.Variants	19.1GB
2023-02-08T14:09:25.981+0000	beacon2.Variants	19.1GB
2023-02-08T14:09:28.979+0000	beacon2.Variants	19.1GB
2023-02-08T14:09:31.983+0000	beacon2.Variants	19.2GB
2023-02-08T14:09:34.981+0000	beacon2.Variants	19.2GB
2023-02-08T14:09:37.983+0000	beacon2.Variants	19.3GB
2023-02-08T14:09:40.981+0000	beacon2.Variants	19.3GB
2023-02-08T14:09:43.981+0000	beacon2.Variants	19.4GB
2023-02-08T14:09:46.979+0000	beacon2.Variants	19.4GB
2023-02-08T14:09:49.980+0000	beacon2.Variants	19.4GB
2023-02-08T14:09:52.979+0000	beacon2.Variants	19.5GB
2023-02-08T14:09:55.979+0000	beacon2.Variants	19.5GB
2023-02-08T14:09:58.981+0000	beacon2.Variants	19.5GB
2023-02-08T14:10:01.979+0000	beacon2.Variants	19.6GB
2023-02-08T14:10:04.992+0000	beacon2.Variants	19.6GB
2023-02-08T14:10:07.984+0000	beacon2.Variants	19.6GB
2023-02-08T14:10:10.979+0000	beacon2.Variants	19.7GB
2023-02-08T14:10:13.991+0000	beacon2.Variants	19.7GB
2023-02-08T14:10:16.979+0000	beacon2.Variants	19.8GB
2023-02-08T14:10:19.980+0000	beacon2.Variants	19.8GB
2023-02-08T14:10:22.979+0000	beacon2.Variants	19.8GB
2023-02-08T14:10:25.979+0000	beacon2.Variants	19.9GB
2023-02-08T14:10:28.987+0000	beacon2.Variants	19.9GB
2023-02-08T14:10:31.980+0000	beacon2.Variants	19.9GB
2023-02-08T14:10:34.979+0000	beacon2.Variants	20.0GB
2023-02-08T14:10:37.982+0000	beacon2.Variants	20.0GB
2023-02-08T14:10:40.979+0000	beacon2.Variants	20.1GB
2023-02-08T14:10:43.979+0000	beacon2.Variants	20.1GB
2023-02-08T14:10:46.980+0000	beacon2.Variants	20.1GB
2023-02-08T14:10:49.979+0000	beacon2.Variants	20.2GB
2023-02-08T14:10:52.981+0000	beacon2.Variants	20.2GB
2023-02-08T14:10:55.983+0000	beacon2.Variants	20.3GB
2023-02-08T14:10:58.984+0000	beacon2.Variants	20.3GB
2023-02-08T14:11:01.990+0000	beacon2.Variants	20.3GB
2023-02-08T14:11:04.996+0000	beacon2.Variants	20.4GB
2023-02-08T14:11:07.982+0000	beacon2.Variants	20.4GB
2023-02-08T14:11:10.979+0000	beacon2.Variants	20.4GB
2023-02-08T14:11:13.980+0000	beacon2.Variants	20.5GB
2023-02-08T14:11:16.980+0000	beacon2.Variants	20.5GB
2023-02-08T14:11:19.985+0000	beacon2.Variants	20.6GB
2023-02-08T14:11:22.986+0000	beacon2.Variants	20.6GB
2023-02-08T14:11:25.982+0000	beacon2.Variants	20.6GB
2023-02-08T14:11:28.982+0000	beacon2.Variants	20.7GB
2023-02-08T14:11:31.979+0000	beacon2.Variants	20.7GB
2023-02-08T14:11:34.980+0000	beacon2.Variants	20.8GB
2023-02-08T14:11:37.982+0000	beacon2.Variants	20.8GB
2023-02-08T14:11:40.979+0000	beacon2.Variants	20.8GB
2023-02-08T14:11:43.979+0000	beacon2.Variants	20.9GB
2023-02-08T14:11:46.983+0000	beacon2.Variants	20.9GB
2023-02-08T14:11:49.989+0000	beacon2.Variants	20.9GB
2023-02-08T14:11:52.979+0000	beacon2.Variants	21.0GB
2023-02-08T14:11:55.979+0000	beacon2.Variants	21.0GB
2023-02-08T14:11:58.979+0000	beacon2.Variants	21.1GB
2023-02-08T14:12:01.980+0000	beacon2.Variants	21.1GB
2023-02-08T14:12:04.979+0000	beacon2.Variants	21.1GB
2023-02-08T14:12:07.979+0000	beacon2.Variants	21.2GB
2023-02-08T14:12:10.981+0000	beacon2.Variants	21.2GB
2023-02-08T14:12:13.983+0000	beacon2.Variants	21.2GB
2023-02-08T14:12:16.988+0000	beacon2.Variants	21.3GB
2023-02-08T14:12:19.979+0000	beacon2.Variants	21.3GB
2023-02-08T14:12:22.981+0000	beacon2.Variants	21.4GB
2023-02-08T14:12:25.993+0000	beacon2.Variants	21.4GB
2023-02-08T14:12:28.979+0000	beacon2.Variants	21.4GB
2023-02-08T14:12:31.982+0000	beacon2.Variants	21.5GB
2023-02-08T14:12:34.979+0000	beacon2.Variants	21.5GB
2023-02-08T14:12:37.985+0000	beacon2.Variants	21.5GB
2023-02-08T14:12:40.979+0000	beacon2.Variants	21.6GB
2023-02-08T14:12:43.986+0000	beacon2.Variants	21.6GB
2023-02-08T14:12:46.980+0000	beacon2.Variants	21.7GB
2023-02-08T14:12:49.979+0000	beacon2.Variants	21.7GB
2023-02-08T14:12:52.984+0000	beacon2.Variants	21.7GB
2023-02-08T14:12:55.986+0000	beacon2.Variants	21.8GB
2023-02-08T14:12:58.983+0000	beacon2.Variants	21.8GB
2023-02-08T14:13:01.979+0000	beacon2.Variants	21.9GB
2023-02-08T14:13:04.982+0000	beacon2.Variants	21.9GB
2023-02-08T14:13:07.989+0000	beacon2.Variants	21.9GB
2023-02-08T14:13:10.979+0000	beacon2.Variants	22.0GB
2023-02-08T14:13:13.979+0000	beacon2.Variants	22.0GB
2023-02-08T14:13:16.979+0000	beacon2.Variants	22.0GB
2023-02-08T14:13:19.980+0000	beacon2.Variants	22.1GB
2023-02-08T14:13:22.986+0000	beacon2.Variants	22.1GB
2023-02-08T14:13:25.979+0000	beacon2.Variants	22.1GB
2023-02-08T14:13:28.991+0000	beacon2.Variants	22.2GB
2023-02-08T14:13:31.983+0000	beacon2.Variants	22.2GB
2023-02-08T14:13:34.986+0000	beacon2.Variants	22.3GB
2023-02-08T14:13:37.979+0000	beacon2.Variants	22.3GB
2023-02-08T14:13:40.979+0000	beacon2.Variants	22.3GB
2023-02-08T14:13:43.981+0000	beacon2.Variants	22.4GB
2023-02-08T14:13:46.984+0000	beacon2.Variants	22.4GB
2023-02-08T14:13:49.983+0000	beacon2.Variants	22.4GB
2023-02-08T14:13:52.983+0000	beacon2.Variants	22.5GB
2023-02-08T14:13:55.979+0000	beacon2.Variants	22.5GB
2023-02-08T14:13:58.987+0000	beacon2.Variants	22.6GB
2023-02-08T14:14:01.982+0000	beacon2.Variants	22.6GB
2023-02-08T14:14:04.979+0000	beacon2.Variants	22.6GB
2023-02-08T14:14:07.991+0000	beacon2.Variants	22.7GB
2023-02-08T14:14:10.983+0000	beacon2.Variants	22.7GB
2023-02-08T14:14:13.980+0000	beacon2.Variants	22.8GB
2023-02-08T14:14:16.984+0000	beacon2.Variants	22.8GB
2023-02-08T14:14:19.984+0000	beacon2.Variants	22.8GB
2023-02-08T14:14:22.979+0000	beacon2.Variants	22.9GB
2023-02-08T14:14:25.980+0000	beacon2.Variants	22.9GB
2023-02-08T14:14:28.980+0000	beacon2.Variants	22.9GB
2023-02-08T14:14:31.982+0000	beacon2.Variants	23.0GB
2023-02-08T14:14:34.981+0000	beacon2.Variants	23.0GB
2023-02-08T14:14:37.981+0000	beacon2.Variants	23.1GB
2023-02-08T14:14:40.979+0000	beacon2.Variants	23.1GB
2023-02-08T14:14:43.979+0000	beacon2.Variants	23.1GB
2023-02-08T14:14:46.980+0000	beacon2.Variants	23.2GB
2023-02-08T14:14:49.984+0000	beacon2.Variants	23.2GB
2023-02-08T14:14:52.984+0000	beacon2.Variants	23.2GB
2023-02-08T14:14:55.980+0000	beacon2.Variants	23.3GB
2023-02-08T14:14:58.984+0000	beacon2.Variants	23.3GB
2023-02-08T14:15:01.981+0000	beacon2.Variants	23.4GB
2023-02-08T14:15:04.980+0000	beacon2.Variants	23.4GB
2023-02-08T14:15:07.983+0000	beacon2.Variants	23.4GB
2023-02-08T14:15:10.991+0000	beacon2.Variants	23.5GB
2023-02-08T14:15:13.980+0000	beacon2.Variants	23.5GB
2023-02-08T14:15:16.981+0000	beacon2.Variants	23.6GB
2023-02-08T14:15:19.986+0000	beacon2.Variants	23.6GB
2023-02-08T14:15:22.980+0000	beacon2.Variants	23.6GB
2023-02-08T14:15:25.980+0000	beacon2.Variants	23.7GB
2023-02-08T14:15:28.991+0000	beacon2.Variants	23.7GB
2023-02-08T14:15:31.981+0000	beacon2.Variants	23.7GB
2023-02-08T14:15:34.988+0000	beacon2.Variants	23.8GB
2023-02-08T14:15:37.997+0000	beacon2.Variants	23.8GB
2023-02-08T14:15:40.981+0000	beacon2.Variants	23.9GB
2023-02-08T14:15:43.985+0000	beacon2.Variants	23.9GB
2023-02-08T14:15:46.983+0000	beacon2.Variants	23.9GB
2023-02-08T14:15:49.980+0000	beacon2.Variants	24.0GB
2023-02-08T14:15:52.984+0000	beacon2.Variants	24.0GB
2023-02-08T14:15:55.979+0000	beacon2.Variants	24.0GB
2023-02-08T14:15:58.980+0000	beacon2.Variants	24.1GB
2023-02-08T14:16:01.979+0000	beacon2.Variants	24.1GB
2023-02-08T14:16:04.980+0000	beacon2.Variants	24.2GB
2023-02-08T14:16:07.982+0000	beacon2.Variants	24.2GB
2023-02-08T14:16:10.983+0000	beacon2.Variants	24.2GB
2023-02-08T14:16:13.987+0000	beacon2.Variants	24.3GB
2023-02-08T14:16:16.985+0000	beacon2.Variants	24.3GB
2023-02-08T14:16:19.985+0000	beacon2.Variants	24.4GB
2023-02-08T14:16:22.979+0000	beacon2.Variants	24.4GB
2023-02-08T14:16:25.982+0000	beacon2.Variants	24.4GB
2023-02-08T14:16:28.984+0000	beacon2.Variants	24.5GB
2023-02-08T14:16:31.979+0000	beacon2.Variants	24.5GB
2023-02-08T14:16:34.979+0000	beacon2.Variants	24.5GB
2023-02-08T14:16:37.981+0000	beacon2.Variants	24.6GB
2023-02-08T14:16:40.980+0000	beacon2.Variants	24.6GB
2023-02-08T14:16:43.981+0000	beacon2.Variants	24.6GB
2023-02-08T14:16:46.982+0000	beacon2.Variants	24.7GB
2023-02-08T14:16:49.979+0000	beacon2.Variants	24.7GB
2023-02-08T14:16:52.984+0000	beacon2.Variants	24.8GB
2023-02-08T14:16:55.994+0000	beacon2.Variants	24.8GB
2023-02-08T14:16:58.989+0000	beacon2.Variants	24.8GB
2023-02-08T14:17:01.980+0000	beacon2.Variants	24.9GB
2023-02-08T14:17:04.980+0000	beacon2.Variants	24.9GB
2023-02-08T14:17:07.982+0000	beacon2.Variants	24.9GB
2023-02-08T14:17:10.979+0000	beacon2.Variants	25.0GB
2023-02-08T14:17:13.981+0000	beacon2.Variants	25.0GB
2023-02-08T14:17:16.980+0000	beacon2.Variants	25.1GB
2023-02-08T14:17:19.979+0000	beacon2.Variants	25.1GB
2023-02-08T14:17:22.981+0000	beacon2.Variants	25.1GB
2023-02-08T14:17:25.983+0000	beacon2.Variants	25.2GB
2023-02-08T14:17:28.985+0000	beacon2.Variants	25.2GB
2023-02-08T14:17:31.980+0000	beacon2.Variants	25.3GB
2023-02-08T14:17:34.979+0000	beacon2.Variants	25.3GB
2023-02-08T14:17:37.986+0000	beacon2.Variants	25.3GB
2023-02-08T14:17:40.981+0000	beacon2.Variants	25.4GB
2023-02-08T14:17:43.981+0000	beacon2.Variants	25.4GB
2023-02-08T14:17:46.983+0000	beacon2.Variants	25.4GB
2023-02-08T14:17:49.980+0000	beacon2.Variants	25.5GB
2023-02-08T14:17:52.980+0000	beacon2.Variants	25.5GB
2023-02-08T14:17:55.980+0000	beacon2.Variants	25.6GB
2023-02-08T14:17:58.983+0000	beacon2.Variants	25.6GB
2023-02-08T14:18:01.979+0000	beacon2.Variants	25.6GB
2023-02-08T14:18:04.990+0000	beacon2.Variants	25.7GB
2023-02-08T14:18:07.979+0000	beacon2.Variants	25.7GB
2023-02-08T14:18:10.984+0000	beacon2.Variants	25.8GB
2023-02-08T14:18:13.981+0000	beacon2.Variants	25.8GB
2023-02-08T14:18:16.980+0000	beacon2.Variants	25.8GB
2023-02-08T14:18:19.981+0000	beacon2.Variants	25.9GB
2023-02-08T14:18:22.984+0000	beacon2.Variants	25.9GB
2023-02-08T14:18:25.979+0000	beacon2.Variants	25.9GB
2023-02-08T14:18:28.979+0000	beacon2.Variants	26.0GB
2023-02-08T14:18:31.984+0000	beacon2.Variants	26.0GB
2023-02-08T14:18:34.982+0000	beacon2.Variants	26.1GB
2023-02-08T14:18:37.981+0000	beacon2.Variants	26.1GB
2023-02-08T14:18:40.979+0000	beacon2.Variants	26.1GB
2023-02-08T14:18:43.983+0000	beacon2.Variants	26.2GB
2023-02-08T14:18:46.983+0000	beacon2.Variants	26.2GB
2023-02-08T14:18:49.980+0000	beacon2.Variants	26.2GB
2023-02-08T14:18:52.979+0000	beacon2.Variants	26.3GB
2023-02-08T14:18:55.981+0000	beacon2.Variants	26.3GB
2023-02-08T14:18:58.986+0000	beacon2.Variants	26.4GB
2023-02-08T14:19:01.979+0000	beacon2.Variants	26.4GB
2023-02-08T14:19:04.979+0000	beacon2.Variants	26.4GB
2023-02-08T14:19:07.979+0000	beacon2.Variants	26.5GB
2023-02-08T14:19:10.984+0000	beacon2.Variants	26.5GB
2023-02-08T14:19:13.981+0000	beacon2.Variants	26.5GB
2023-02-08T14:19:16.990+0000	beacon2.Variants	26.6GB
2023-02-08T14:19:19.979+0000	beacon2.Variants	26.6GB
2023-02-08T14:19:22.997+0000	beacon2.Variants	26.7GB
2023-02-08T14:19:25.984+0000	beacon2.Variants	26.7GB
2023-02-08T14:19:28.980+0000	beacon2.Variants	26.7GB
2023-02-08T14:19:31.981+0000	beacon2.Variants	26.8GB
2023-02-08T14:19:34.984+0000	beacon2.Variants	26.8GB
2023-02-08T14:19:37.982+0000	beacon2.Variants	26.9GB
2023-02-08T14:19:40.981+0000	beacon2.Variants	26.9GB
2023-02-08T14:19:43.989+0000	beacon2.Variants	26.9GB
2023-02-08T14:19:46.984+0000	beacon2.Variants	27.0GB
2023-02-08T14:19:49.985+0000	beacon2.Variants	27.0GB
2023-02-08T14:19:52.983+0000	beacon2.Variants	27.0GB
2023-02-08T14:19:55.980+0000	beacon2.Variants	27.1GB
2023-02-08T14:19:58.980+0000	beacon2.Variants	27.1GB
2023-02-08T14:20:01.980+0000	beacon2.Variants	27.2GB
2023-02-08T14:20:04.979+0000	beacon2.Variants	27.2GB
2023-02-08T14:20:07.984+0000	beacon2.Variants	27.2GB
2023-02-08T14:20:10.984+0000	beacon2.Variants	27.3GB
2023-02-08T14:20:13.984+0000	beacon2.Variants	27.3GB
2023-02-08T14:20:16.979+0000	beacon2.Variants	27.4GB
2023-02-08T14:20:19.986+0000	beacon2.Variants	27.4GB
2023-02-08T14:20:22.979+0000	beacon2.Variants	27.4GB
2023-02-08T14:20:25.979+0000	beacon2.Variants	27.5GB
2023-02-08T14:20:28.982+0000	beacon2.Variants	27.5GB
2023-02-08T14:20:31.979+0000	beacon2.Variants	27.5GB
2023-02-08T14:20:34.986+0000	beacon2.Variants	27.6GB
2023-02-08T14:20:37.982+0000	beacon2.Variants	27.6GB
2023-02-08T14:20:40.988+0000	beacon2.Variants	27.6GB
2023-02-08T14:20:43.988+0000	beacon2.Variants	27.7GB
2023-02-08T14:20:46.982+0000	beacon2.Variants	27.7GB
2023-02-08T14:20:49.986+0000	beacon2.Variants	27.8GB
2023-02-08T14:20:52.979+0000	beacon2.Variants	27.8GB
2023-02-08T14:20:55.979+0000	beacon2.Variants	27.8GB
2023-02-08T14:20:58.980+0000	beacon2.Variants	27.9GB
2023-02-08T14:21:02.003+0000	beacon2.Variants	27.9GB
2023-02-08T14:21:04.998+0000	beacon2.Variants	27.9GB
2023-02-08T14:21:07.981+0000	beacon2.Variants	28.0GB
2023-02-08T14:21:10.983+0000	beacon2.Variants	28.0GB
2023-02-08T14:21:13.989+0000	beacon2.Variants	28.1GB
2023-02-08T14:21:17.010+0000	beacon2.Variants	28.1GB
2023-02-08T14:21:19.983+0000	beacon2.Variants	28.1GB
2023-02-08T14:21:22.986+0000	beacon2.Variants	28.2GB
2023-02-08T14:21:25.988+0000	beacon2.Variants	28.2GB
2023-02-08T14:21:28.980+0000	beacon2.Variants	28.2GB
2023-02-08T14:21:31.980+0000	beacon2.Variants	28.3GB
2023-02-08T14:21:34.990+0000	beacon2.Variants	28.3GB
2023-02-08T14:21:37.987+0000	beacon2.Variants	28.4GB
2023-02-08T14:21:40.986+0000	beacon2.Variants	28.4GB
2023-02-08T14:21:43.981+0000	beacon2.Variants	28.4GB
2023-02-08T14:21:46.979+0000	beacon2.Variants	28.5GB
2023-02-08T14:21:49.995+0000	beacon2.Variants	28.5GB
2023-02-08T14:21:52.980+0000	beacon2.Variants	28.6GB
2023-02-08T14:21:55.980+0000	beacon2.Variants	28.6GB
2023-02-08T14:21:58.981+0000	beacon2.Variants	28.6GB
2023-02-08T14:22:01.981+0000	beacon2.Variants	28.7GB
2023-02-08T14:22:04.979+0000	beacon2.Variants	28.7GB
2023-02-08T14:22:07.979+0000	beacon2.Variants	28.8GB
2023-02-08T14:22:10.982+0000	beacon2.Variants	28.8GB
2023-02-08T14:22:13.984+0000	beacon2.Variants	28.8GB
2023-02-08T14:22:16.979+0000	beacon2.Variants	28.9GB
2023-02-08T14:22:19.987+0000	beacon2.Variants	28.9GB
2023-02-08T14:22:22.985+0000	beacon2.Variants	28.9GB
2023-02-08T14:22:25.996+0000	beacon2.Variants	29.0GB
2023-02-08T14:22:28.989+0000	beacon2.Variants	29.0GB
2023-02-08T14:22:31.979+0000	beacon2.Variants	29.1GB
2023-02-08T14:22:34.982+0000	beacon2.Variants	29.1GB
2023-02-08T14:22:37.981+0000	beacon2.Variants	29.1GB
2023-02-08T14:22:40.983+0000	beacon2.Variants	29.2GB
2023-02-08T14:22:43.979+0000	beacon2.Variants	29.2GB
2023-02-08T14:22:46.980+0000	beacon2.Variants	29.2GB
2023-02-08T14:22:49.979+0000	beacon2.Variants	29.3GB
2023-02-08T14:22:52.979+0000	beacon2.Variants	29.3GB
2023-02-08T14:22:55.985+0000	beacon2.Variants	29.4GB
2023-02-08T14:22:58.979+0000	beacon2.Variants	29.4GB
2023-02-08T14:23:01.979+0000	beacon2.Variants	29.4GB
2023-02-08T14:23:04.994+0000	beacon2.Variants	29.5GB
2023-02-08T14:23:07.980+0000	beacon2.Variants	29.5GB
2023-02-08T14:23:10.981+0000	beacon2.Variants	29.5GB
2023-02-08T14:23:13.985+0000	beacon2.Variants	29.6GB
2023-02-08T14:23:16.979+0000	beacon2.Variants	29.6GB
2023-02-08T14:23:19.981+0000	beacon2.Variants	29.7GB
2023-02-08T14:23:22.987+0000	beacon2.Variants	29.7GB
2023-02-08T14:23:25.981+0000	beacon2.Variants	29.7GB
2023-02-08T14:23:28.992+0000	beacon2.Variants	29.8GB
2023-02-08T14:23:31.984+0000	beacon2.Variants	29.8GB
2023-02-08T14:23:34.979+0000	beacon2.Variants	29.9GB
2023-02-08T14:23:37.980+0000	beacon2.Variants	29.9GB
2023-02-08T14:23:40.982+0000	beacon2.Variants	29.9GB
2023-02-08T14:23:43.981+0000	beacon2.Variants	30.0GB
2023-02-08T14:23:46.980+0000	beacon2.Variants	30.0GB
2023-02-08T14:23:49.991+0000	beacon2.Variants	30.0GB
2023-02-08T14:23:52.983+0000	beacon2.Variants	30.1GB
2023-02-08T14:23:55.981+0000	beacon2.Variants	30.1GB
2023-02-08T14:23:58.980+0000	beacon2.Variants	30.2GB
2023-02-08T14:24:01.991+0000	beacon2.Variants	30.2GB
2023-02-08T14:24:04.988+0000	beacon2.Variants	30.2GB
2023-02-08T14:24:07.982+0000	beacon2.Variants	30.3GB
2023-02-08T14:24:10.982+0000	beacon2.Variants	30.3GB
2023-02-08T14:24:13.982+0000	beacon2.Variants	30.4GB
2023-02-08T14:24:16.984+0000	beacon2.Variants	30.4GB
2023-02-08T14:24:19.983+0000	beacon2.Variants	30.4GB
2023-02-08T14:24:22.981+0000	beacon2.Variants	30.5GB
2023-02-08T14:24:25.983+0000	beacon2.Variants	30.5GB
2023-02-08T14:24:28.980+0000	beacon2.Variants	30.5GB
2023-02-08T14:24:31.981+0000	beacon2.Variants	30.6GB
2023-02-08T14:24:34.979+0000	beacon2.Variants	30.6GB
2023-02-08T14:24:37.979+0000	beacon2.Variants	30.6GB
2023-02-08T14:24:40.979+0000	beacon2.Variants	30.7GB
2023-02-08T14:24:43.980+0000	beacon2.Variants	30.7GB
2023-02-08T14:24:46.982+0000	beacon2.Variants	30.8GB
2023-02-08T14:24:49.979+0000	beacon2.Variants	30.8GB
2023-02-08T14:24:52.987+0000	beacon2.Variants	30.8GB
2023-02-08T14:24:55.983+0000	beacon2.Variants	30.9GB
2023-02-08T14:24:58.979+0000	beacon2.Variants	30.9GB
2023-02-08T14:25:01.981+0000	beacon2.Variants	30.9GB
2023-02-08T14:25:04.997+0000	beacon2.Variants	31.0GB
2023-02-08T14:25:07.981+0000	beacon2.Variants	31.0GB
2023-02-08T14:25:10.980+0000	beacon2.Variants	31.1GB
2023-02-08T14:25:13.986+0000	beacon2.Variants	31.1GB
2023-02-08T14:25:16.985+0000	beacon2.Variants	31.1GB
2023-02-08T14:25:19.980+0000	beacon2.Variants	31.2GB
2023-02-08T14:25:22.980+0000	beacon2.Variants	31.2GB
2023-02-08T14:25:25.982+0000	beacon2.Variants	31.3GB
2023-02-08T14:25:28.981+0000	beacon2.Variants	31.3GB
2023-02-08T14:25:31.982+0000	beacon2.Variants	31.3GB
2023-02-08T14:25:34.980+0000	beacon2.Variants	31.4GB
2023-02-08T14:25:37.979+0000	beacon2.Variants	31.4GB
2023-02-08T14:25:40.982+0000	beacon2.Variants	31.4GB
2023-02-08T14:25:43.979+0000	beacon2.Variants	31.5GB
2023-02-08T14:25:46.979+0000	beacon2.Variants	31.5GB
2023-02-08T14:25:49.980+0000	beacon2.Variants	31.6GB
2023-02-08T14:25:52.980+0000	beacon2.Variants	31.6GB
2023-02-08T14:25:55.995+0000	beacon2.Variants	31.6GB
2023-02-08T14:25:58.980+0000	beacon2.Variants	31.7GB
2023-02-08T14:26:01.979+0000	beacon2.Variants	31.7GB
2023-02-08T14:26:04.979+0000	beacon2.Variants	31.8GB
2023-02-08T14:26:07.979+0000	beacon2.Variants	31.8GB
2023-02-08T14:26:10.990+0000	beacon2.Variants	31.8GB
2023-02-08T14:26:13.987+0000	beacon2.Variants	31.9GB
2023-02-08T14:26:16.987+0000	beacon2.Variants	31.9GB
2023-02-08T14:26:19.990+0000	beacon2.Variants	31.9GB
2023-02-08T14:26:22.983+0000	beacon2.Variants	32.0GB
2023-02-08T14:26:25.998+0000	beacon2.Variants	32.0GB
2023-02-08T14:26:28.986+0000	beacon2.Variants	32.1GB
2023-02-08T14:26:31.983+0000	beacon2.Variants	32.1GB
2023-02-08T14:26:34.983+0000	beacon2.Variants	32.1GB
2023-02-08T14:26:37.982+0000	beacon2.Variants	32.2GB
2023-02-08T14:26:40.981+0000	beacon2.Variants	32.2GB
2023-02-08T14:26:43.981+0000	beacon2.Variants	32.2GB
2023-02-08T14:26:46.982+0000	beacon2.Variants	32.3GB
2023-02-08T14:26:49.980+0000	beacon2.Variants	32.3GB
2023-02-08T14:26:52.981+0000	beacon2.Variants	32.4GB
2023-02-08T14:26:55.980+0000	beacon2.Variants	32.4GB
2023-02-08T14:26:58.982+0000	beacon2.Variants	32.4GB
2023-02-08T14:27:01.981+0000	beacon2.Variants	32.5GB
2023-02-08T14:27:04.979+0000	beacon2.Variants	32.5GB
2023-02-08T14:27:07.980+0000	beacon2.Variants	32.5GB
2023-02-08T14:27:10.981+0000	beacon2.Variants	32.6GB
2023-02-08T14:27:13.989+0000	beacon2.Variants	32.6GB
2023-02-08T14:27:16.982+0000	beacon2.Variants	32.7GB
2023-02-08T14:27:19.979+0000	beacon2.Variants	32.7GB
2023-02-08T14:27:22.989+0000	beacon2.Variants	32.8GB
2023-02-08T14:27:25.984+0000	beacon2.Variants	32.8GB
2023-02-08T14:27:28.986+0000	beacon2.Variants	32.8GB
2023-02-08T14:27:31.979+0000	beacon2.Variants	32.9GB
2023-02-08T14:27:34.979+0000	beacon2.Variants	32.9GB
2023-02-08T14:27:37.979+0000	beacon2.Variants	32.9GB
2023-02-08T14:27:40.980+0000	beacon2.Variants	33.0GB
2023-02-08T14:27:43.979+0000	beacon2.Variants	33.0GB
2023-02-08T14:27:46.986+0000	beacon2.Variants	33.0GB
2023-02-08T14:27:49.988+0000	beacon2.Variants	33.1GB
2023-02-08T14:27:52.980+0000	beacon2.Variants	33.1GB
2023-02-08T14:27:55.979+0000	beacon2.Variants	33.2GB
2023-02-08T14:27:58.982+0000	beacon2.Variants	33.2GB
2023-02-08T14:28:01.987+0000	beacon2.Variants	33.2GB
2023-02-08T14:28:04.979+0000	beacon2.Variants	33.3GB
2023-02-08T14:28:07.982+0000	beacon2.Variants	33.3GB
2023-02-08T14:28:10.983+0000	beacon2.Variants	33.4GB
2023-02-08T14:28:13.980+0000	beacon2.Variants	33.4GB
2023-02-08T14:28:16.991+0000	beacon2.Variants	33.4GB
2023-02-08T14:28:19.979+0000	beacon2.Variants	33.5GB
2023-02-08T14:28:22.983+0000	beacon2.Variants	33.5GB
2023-02-08T14:28:25.988+0000	beacon2.Variants	33.5GB
2023-02-08T14:28:28.983+0000	beacon2.Variants	33.6GB
2023-02-08T14:28:31.988+0000	beacon2.Variants	33.6GB
2023-02-08T14:28:34.979+0000	beacon2.Variants	33.7GB
2023-02-08T14:28:37.986+0000	beacon2.Variants	33.7GB
2023-02-08T14:28:40.983+0000	beacon2.Variants	33.7GB
2023-02-08T14:28:43.979+0000	beacon2.Variants	33.8GB
2023-02-08T14:28:46.985+0000	beacon2.Variants	33.8GB
2023-02-08T14:28:49.989+0000	beacon2.Variants	33.9GB
2023-02-08T14:28:52.979+0000	beacon2.Variants	33.9GB
2023-02-08T14:28:55.992+0000	beacon2.Variants	33.9GB
2023-02-08T14:28:58.986+0000	beacon2.Variants	34.0GB
2023-02-08T14:29:01.981+0000	beacon2.Variants	34.0GB
2023-02-08T14:29:04.979+0000	beacon2.Variants	34.0GB
2023-02-08T14:29:07.987+0000	beacon2.Variants	34.1GB
2023-02-08T14:29:10.979+0000	beacon2.Variants	34.1GB
2023-02-08T14:29:13.979+0000	beacon2.Variants	34.2GB
2023-02-08T14:29:16.981+0000	beacon2.Variants	34.2GB
2023-02-08T14:29:19.981+0000	beacon2.Variants	34.2GB
2023-02-08T14:29:22.981+0000	beacon2.Variants	34.3GB
2023-02-08T14:29:25.984+0000	beacon2.Variants	34.3GB
2023-02-08T14:29:28.982+0000	beacon2.Variants	34.4GB
2023-02-08T14:29:31.982+0000	beacon2.Variants	34.4GB
2023-02-08T14:29:34.983+0000	beacon2.Variants	34.4GB
2023-02-08T14:29:37.979+0000	beacon2.Variants	34.5GB
2023-02-08T14:29:40.983+0000	beacon2.Variants	34.5GB
2023-02-08T14:29:43.990+0000	beacon2.Variants	34.5GB
2023-02-08T14:29:46.981+0000	beacon2.Variants	34.6GB
2023-02-08T14:29:49.980+0000	beacon2.Variants	34.6GB
2023-02-08T14:29:52.979+0000	beacon2.Variants	34.6GB
2023-02-08T14:29:55.987+0000	beacon2.Variants	34.7GB
2023-02-08T14:29:58.982+0000	beacon2.Variants	34.7GB
2023-02-08T14:30:01.982+0000	beacon2.Variants	34.8GB
2023-02-08T14:30:04.980+0000	beacon2.Variants	34.8GB
2023-02-08T14:30:07.989+0000	beacon2.Variants	34.9GB
2023-02-08T14:30:10.983+0000	beacon2.Variants	34.9GB
2023-02-08T14:30:13.985+0000	beacon2.Variants	34.9GB
2023-02-08T14:30:16.986+0000	beacon2.Variants	35.0GB
2023-02-08T14:30:19.993+0000	beacon2.Variants	35.0GB
2023-02-08T14:30:22.986+0000	beacon2.Variants	35.0GB
2023-02-08T14:30:25.989+0000	beacon2.Variants	35.1GB
2023-02-08T14:30:28.980+0000	beacon2.Variants	35.1GB
2023-02-08T14:30:31.979+0000	beacon2.Variants	35.1GB
2023-02-08T14:30:34.981+0000	beacon2.Variants	35.2GB
2023-02-08T14:30:37.980+0000	beacon2.Variants	35.2GB
2023-02-08T14:30:40.985+0000	beacon2.Variants	35.3GB
2023-02-08T14:30:43.983+0000	beacon2.Variants	35.3GB
2023-02-08T14:30:46.981+0000	beacon2.Variants	35.3GB
2023-02-08T14:30:49.983+0000	beacon2.Variants	35.4GB
2023-02-08T14:30:52.980+0000	beacon2.Variants	35.4GB
2023-02-08T14:30:55.979+0000	beacon2.Variants	35.5GB
2023-02-08T14:30:58.980+0000	beacon2.Variants	35.5GB
2023-02-08T14:31:01.983+0000	beacon2.Variants	35.5GB
2023-02-08T14:31:04.983+0000	beacon2.Variants	35.6GB
2023-02-08T14:31:07.982+0000	beacon2.Variants	35.6GB
2023-02-08T14:31:10.980+0000	beacon2.Variants	35.6GB
2023-02-08T14:31:13.991+0000	beacon2.Variants	35.7GB
2023-02-08T14:31:16.985+0000	beacon2.Variants	35.7GB
2023-02-08T14:31:19.979+0000	beacon2.Variants	35.8GB
2023-02-08T14:31:22.982+0000	beacon2.Variants	35.8GB
2023-02-08T14:31:25.984+0000	beacon2.Variants	35.8GB
2023-02-08T14:31:28.979+0000	beacon2.Variants	35.9GB
2023-02-08T14:31:31.981+0000	beacon2.Variants	35.9GB
2023-02-08T14:31:34.990+0000	beacon2.Variants	36.0GB
2023-02-08T14:31:37.980+0000	beacon2.Variants	36.0GB
2023-02-08T14:31:40.992+0000	beacon2.Variants	36.0GB
2023-02-08T14:31:43.979+0000	beacon2.Variants	36.1GB
2023-02-08T14:31:46.983+0000	beacon2.Variants	36.1GB
2023-02-08T14:31:49.985+0000	beacon2.Variants	36.1GB
2023-02-08T14:31:52.980+0000	beacon2.Variants	36.2GB
2023-02-08T14:31:55.980+0000	beacon2.Variants	36.2GB
2023-02-08T14:31:58.983+0000	beacon2.Variants	36.2GB
2023-02-08T14:32:01.980+0000	beacon2.Variants	36.3GB
2023-02-08T14:32:04.991+0000	beacon2.Variants	36.3GB
2023-02-08T14:32:07.980+0000	beacon2.Variants	36.4GB
2023-02-08T14:32:10.980+0000	beacon2.Variants	36.4GB
2023-02-08T14:32:13.979+0000	beacon2.Variants	36.4GB
2023-02-08T14:32:16.984+0000	beacon2.Variants	36.5GB
2023-02-08T14:32:19.984+0000	beacon2.Variants	36.5GB
2023-02-08T14:32:22.988+0000	beacon2.Variants	36.6GB
2023-02-08T14:32:25.986+0000	beacon2.Variants	36.6GB
2023-02-08T14:32:28.979+0000	beacon2.Variants	36.6GB
2023-02-08T14:32:31.979+0000	beacon2.Variants	36.7GB
2023-02-08T14:32:34.979+0000	beacon2.Variants	36.7GB
2023-02-08T14:32:37.980+0000	beacon2.Variants	36.8GB
2023-02-08T14:32:40.980+0000	beacon2.Variants	36.8GB
2023-02-08T14:32:43.979+0000	beacon2.Variants	36.8GB
2023-02-08T14:32:46.995+0000	beacon2.Variants	36.9GB
2023-02-08T14:32:49.984+0000	beacon2.Variants	36.9GB
2023-02-08T14:32:52.983+0000	beacon2.Variants	36.9GB
2023-02-08T14:32:55.979+0000	beacon2.Variants	37.0GB
2023-02-08T14:32:58.982+0000	beacon2.Variants	37.0GB
2023-02-08T14:33:01.984+0000	beacon2.Variants	37.0GB
2023-02-08T14:33:04.987+0000	beacon2.Variants	37.1GB
2023-02-08T14:33:07.984+0000	beacon2.Variants	37.1GB
2023-02-08T14:33:10.985+0000	beacon2.Variants	37.2GB
2023-02-08T14:33:13.981+0000	beacon2.Variants	37.2GB
2023-02-08T14:33:16.979+0000	beacon2.Variants	37.2GB
2023-02-08T14:33:19.980+0000	beacon2.Variants	37.3GB
2023-02-08T14:33:22.988+0000	beacon2.Variants	37.3GB
2023-02-08T14:33:25.980+0000	beacon2.Variants	37.4GB
2023-02-08T14:33:28.981+0000	beacon2.Variants	37.4GB
2023-02-08T14:33:31.988+0000	beacon2.Variants	37.4GB
2023-02-08T14:33:34.980+0000	beacon2.Variants	37.5GB
2023-02-08T14:33:37.981+0000	beacon2.Variants	37.5GB
2023-02-08T14:33:40.979+0000	beacon2.Variants	37.5GB
2023-02-08T14:33:43.980+0000	beacon2.Variants	37.6GB
2023-02-08T14:33:46.985+0000	beacon2.Variants	37.6GB
2023-02-08T14:33:49.997+0000	beacon2.Variants	37.7GB
2023-02-08T14:33:52.979+0000	beacon2.Variants	37.7GB
2023-02-08T14:33:55.979+0000	beacon2.Variants	37.7GB
2023-02-08T14:33:58.986+0000	beacon2.Variants	37.8GB
2023-02-08T14:34:01.982+0000	beacon2.Variants	37.8GB
2023-02-08T14:34:04.982+0000	beacon2.Variants	37.9GB
2023-02-08T14:34:07.982+0000	beacon2.Variants	37.9GB
2023-02-08T14:34:10.988+0000	beacon2.Variants	37.9GB
2023-02-08T14:34:13.985+0000	beacon2.Variants	38.0GB
2023-02-08T14:34:16.980+0000	beacon2.Variants	38.0GB
2023-02-08T14:34:19.985+0000	beacon2.Variants	38.0GB
2023-02-08T14:34:22.979+0000	beacon2.Variants	38.1GB
2023-02-08T14:34:25.980+0000	beacon2.Variants	38.1GB
2023-02-08T14:34:28.979+0000	beacon2.Variants	38.1GB
2023-02-08T14:34:31.980+0000	beacon2.Variants	38.2GB
2023-02-08T14:34:34.979+0000	beacon2.Variants	38.2GB
2023-02-08T14:34:37.983+0000	beacon2.Variants	38.3GB
2023-02-08T14:34:40.982+0000	beacon2.Variants	38.3GB
2023-02-08T14:34:43.979+0000	beacon2.Variants	38.3GB
2023-02-08T14:34:46.981+0000	beacon2.Variants	38.4GB
2023-02-08T14:34:49.979+0000	beacon2.Variants	38.4GB
2023-02-08T14:34:52.982+0000	beacon2.Variants	38.5GB
2023-02-08T14:34:55.979+0000	beacon2.Variants	38.5GB
2023-02-08T14:34:58.979+0000	beacon2.Variants	38.5GB
2023-02-08T14:35:01.983+0000	beacon2.Variants	38.6GB
2023-02-08T14:35:04.979+0000	beacon2.Variants	38.6GB
2023-02-08T14:35:07.979+0000	beacon2.Variants	38.6GB
2023-02-08T14:35:10.980+0000	beacon2.Variants	38.7GB
2023-02-08T14:35:13.982+0000	beacon2.Variants	38.7GB
2023-02-08T14:35:16.980+0000	beacon2.Variants	38.8GB
2023-02-08T14:35:19.985+0000	beacon2.Variants	38.8GB
2023-02-08T14:35:22.983+0000	beacon2.Variants	38.8GB
2023-02-08T14:35:25.979+0000	beacon2.Variants	38.9GB
2023-02-08T14:35:28.979+0000	beacon2.Variants	38.9GB
2023-02-08T14:35:31.983+0000	beacon2.Variants	38.9GB
2023-02-08T14:35:34.988+0000	beacon2.Variants	39.0GB
2023-02-08T14:35:37.980+0000	beacon2.Variants	39.0GB
2023-02-08T14:35:40.979+0000	beacon2.Variants	39.1GB
2023-02-08T14:35:43.984+0000	beacon2.Variants	39.1GB
2023-02-08T14:35:46.982+0000	beacon2.Variants	39.1GB
2023-02-08T14:35:49.984+0000	beacon2.Variants	39.2GB
2023-02-08T14:35:52.981+0000	beacon2.Variants	39.2GB
2023-02-08T14:35:55.979+0000	beacon2.Variants	39.2GB
2023-02-08T14:35:58.979+0000	beacon2.Variants	39.3GB
2023-02-08T14:36:01.986+0000	beacon2.Variants	39.3GB
2023-02-08T14:36:04.980+0000	beacon2.Variants	39.4GB
2023-02-08T14:36:07.996+0000	beacon2.Variants	39.4GB
2023-02-08T14:36:10.979+0000	beacon2.Variants	39.4GB
2023-02-08T14:36:13.980+0000	beacon2.Variants	39.5GB
2023-02-08T14:36:16.984+0000	beacon2.Variants	39.5GB
2023-02-08T14:36:19.987+0000	beacon2.Variants	39.6GB
2023-02-08T14:36:22.981+0000	beacon2.Variants	39.6GB
2023-02-08T14:36:25.981+0000	beacon2.Variants	39.6GB
2023-02-08T14:36:28.987+0000	beacon2.Variants	39.7GB
2023-02-08T14:36:31.982+0000	beacon2.Variants	39.7GB
2023-02-08T14:36:34.979+0000	beacon2.Variants	39.7GB
2023-02-08T14:36:37.979+0000	beacon2.Variants	39.8GB
2023-02-08T14:36:40.980+0000	beacon2.Variants	39.8GB
2023-02-08T14:36:43.979+0000	beacon2.Variants	39.9GB
2023-02-08T14:36:46.979+0000	beacon2.Variants	39.9GB
2023-02-08T14:36:49.980+0000	beacon2.Variants	39.9GB
2023-02-08T14:36:52.987+0000	beacon2.Variants	40.0GB
2023-02-08T14:36:55.985+0000	beacon2.Variants	40.0GB
2023-02-08T14:36:58.979+0000	beacon2.Variants	40.0GB
2023-02-08T14:37:01.984+0000	beacon2.Variants	40.1GB
2023-02-08T14:37:04.979+0000	beacon2.Variants	40.1GB
2023-02-08T14:37:07.979+0000	beacon2.Variants	40.2GB
2023-02-08T14:37:10.980+0000	beacon2.Variants	40.2GB
2023-02-08T14:37:13.985+0000	beacon2.Variants	40.2GB
2023-02-08T14:37:16.979+0000	beacon2.Variants	40.3GB
2023-02-08T14:37:19.987+0000	beacon2.Variants	40.3GB
2023-02-08T14:37:22.979+0000	beacon2.Variants	40.4GB
2023-02-08T14:37:25.980+0000	beacon2.Variants	40.4GB
2023-02-08T14:37:28.979+0000	beacon2.Variants	40.4GB
2023-02-08T14:37:31.980+0000	beacon2.Variants	40.5GB
2023-02-08T14:37:34.980+0000	beacon2.Variants	40.5GB
2023-02-08T14:37:37.985+0000	beacon2.Variants	40.5GB
2023-02-08T14:37:40.979+0000	beacon2.Variants	40.6GB
2023-02-08T14:37:43.981+0000	beacon2.Variants	40.6GB
2023-02-08T14:37:46.987+0000	beacon2.Variants	40.7GB
2023-02-08T14:37:49.996+0000	beacon2.Variants	40.7GB
2023-02-08T14:37:52.991+0000	beacon2.Variants	40.7GB
2023-02-08T14:37:55.979+0000	beacon2.Variants	40.8GB
2023-02-08T14:37:58.984+0000	beacon2.Variants	40.8GB
2023-02-08T14:38:01.980+0000	beacon2.Variants	40.8GB
2023-02-08T14:38:04.988+0000	beacon2.Variants	40.9GB
2023-02-08T14:38:07.981+0000	beacon2.Variants	40.9GB
2023-02-08T14:38:10.980+0000	beacon2.Variants	41.0GB
2023-02-08T14:38:13.997+0000	beacon2.Variants	41.0GB
2023-02-08T14:38:16.983+0000	beacon2.Variants	41.0GB
2023-02-08T14:38:19.981+0000	beacon2.Variants	41.1GB
2023-02-08T14:38:22.985+0000	beacon2.Variants	41.1GB
2023-02-08T14:38:25.994+0000	beacon2.Variants	41.1GB
2023-02-08T14:38:28.989+0000	beacon2.Variants	41.2GB
2023-02-08T14:38:31.979+0000	beacon2.Variants	41.2GB
2023-02-08T14:38:34.979+0000	beacon2.Variants	41.3GB
2023-02-08T14:38:37.980+0000	beacon2.Variants	41.3GB
2023-02-08T14:38:40.980+0000	beacon2.Variants	41.3GB
2023-02-08T14:38:43.993+0000	beacon2.Variants	41.4GB
2023-02-08T14:38:46.979+0000	beacon2.Variants	41.4GB
2023-02-08T14:38:49.984+0000	beacon2.Variants	41.5GB
2023-02-08T14:38:52.986+0000	beacon2.Variants	41.5GB
2023-02-08T14:38:55.980+0000	beacon2.Variants	41.5GB
2023-02-08T14:38:58.983+0000	beacon2.Variants	41.6GB
2023-02-08T14:39:01.981+0000	beacon2.Variants	41.6GB
2023-02-08T14:39:04.979+0000	beacon2.Variants	41.6GB
2023-02-08T14:39:07.981+0000	beacon2.Variants	41.7GB
2023-02-08T14:39:10.979+0000	beacon2.Variants	41.7GB
2023-02-08T14:39:13.990+0000	beacon2.Variants	41.8GB
2023-02-08T14:39:16.988+0000	beacon2.Variants	41.8GB
2023-02-08T14:39:19.984+0000	beacon2.Variants	41.8GB
2023-02-08T14:39:22.987+0000	beacon2.Variants	41.9GB
2023-02-08T14:39:25.979+0000	beacon2.Variants	41.9GB
2023-02-08T14:39:28.982+0000	beacon2.Variants	42.0GB
2023-02-08T14:39:31.981+0000	beacon2.Variants	42.0GB
2023-02-08T14:39:34.980+0000	beacon2.Variants	42.0GB
2023-02-08T14:39:37.984+0000	beacon2.Variants	42.1GB
2023-02-08T14:39:40.980+0000	beacon2.Variants	42.1GB
2023-02-08T14:39:43.981+0000	beacon2.Variants	42.1GB
2023-02-08T14:39:46.980+0000	beacon2.Variants	42.2GB
2023-02-08T14:39:49.979+0000	beacon2.Variants	42.2GB
2023-02-08T14:39:52.990+0000	beacon2.Variants	42.3GB
2023-02-08T14:39:55.981+0000	beacon2.Variants	42.3GB
2023-02-08T14:39:58.979+0000	beacon2.Variants	42.3GB
2023-02-08T14:40:01.983+0000	beacon2.Variants	42.4GB
2023-02-08T14:40:04.979+0000	beacon2.Variants	42.4GB
2023-02-08T14:40:07.979+0000	beacon2.Variants	42.5GB
2023-02-08T14:40:10.979+0000	beacon2.Variants	42.5GB
2023-02-08T14:40:13.979+0000	beacon2.Variants	42.5GB
2023-02-08T14:40:16.979+0000	beacon2.Variants	42.6GB
2023-02-08T14:40:19.987+0000	beacon2.Variants	42.6GB
2023-02-08T14:40:22.980+0000	beacon2.Variants	42.6GB
2023-02-08T14:40:25.979+0000	beacon2.Variants	42.7GB
2023-02-08T14:40:28.979+0000	beacon2.Variants	42.7GB
2023-02-08T14:40:31.980+0000	beacon2.Variants	42.8GB
2023-02-08T14:40:34.980+0000	beacon2.Variants	42.8GB
2023-02-08T14:40:38.013+0000	beacon2.Variants	42.8GB
2023-02-08T14:40:40.987+0000	beacon2.Variants	42.9GB
2023-02-08T14:40:43.980+0000	beacon2.Variants	42.9GB
2023-02-08T14:40:46.980+0000	beacon2.Variants	42.9GB
2023-02-08T14:40:49.979+0000	beacon2.Variants	43.0GB
2023-02-08T14:40:52.983+0000	beacon2.Variants	43.0GB
2023-02-08T14:40:55.980+0000	beacon2.Variants	43.0GB
2023-02-08T14:40:58.981+0000	beacon2.Variants	43.1GB
2023-02-08T14:41:01.981+0000	beacon2.Variants	43.1GB
2023-02-08T14:41:04.982+0000	beacon2.Variants	43.2GB
2023-02-08T14:41:07.979+0000	beacon2.Variants	43.2GB
2023-02-08T14:41:10.979+0000	beacon2.Variants	43.2GB
2023-02-08T14:41:13.982+0000	beacon2.Variants	43.3GB
2023-02-08T14:41:16.991+0000	beacon2.Variants	43.3GB
2023-02-08T14:41:19.981+0000	beacon2.Variants	43.4GB
2023-02-08T14:41:22.979+0000	beacon2.Variants	43.4GB
2023-02-08T14:41:25.982+0000	beacon2.Variants	43.4GB
2023-02-08T14:41:28.979+0000	beacon2.Variants	43.5GB
2023-02-08T14:41:31.980+0000	beacon2.Variants	43.5GB
2023-02-08T14:41:34.979+0000	beacon2.Variants	43.5GB
2023-02-08T14:41:37.982+0000	beacon2.Variants	43.6GB
2023-02-08T14:41:40.983+0000	beacon2.Variants	43.6GB
2023-02-08T14:41:43.988+0000	beacon2.Variants	43.7GB
2023-02-08T14:41:46.988+0000	beacon2.Variants	43.7GB
2023-02-08T14:41:49.985+0000	beacon2.Variants	43.7GB
2023-02-08T14:41:52.979+0000	beacon2.Variants	43.8GB
2023-02-08T14:41:55.979+0000	beacon2.Variants	43.8GB
2023-02-08T14:41:58.988+0000	beacon2.Variants	43.9GB
2023-02-08T14:42:01.980+0000	beacon2.Variants	43.9GB
2023-02-08T14:42:04.981+0000	beacon2.Variants	43.9GB
2023-02-08T14:42:07.981+0000	beacon2.Variants	44.0GB
2023-02-08T14:42:10.980+0000	beacon2.Variants	44.0GB
2023-02-08T14:42:13.980+0000	beacon2.Variants	44.0GB
2023-02-08T14:42:16.979+0000	beacon2.Variants	44.1GB
2023-02-08T14:42:19.980+0000	beacon2.Variants	44.1GB
2023-02-08T14:42:22.982+0000	beacon2.Variants	44.1GB
2023-02-08T14:42:25.991+0000	beacon2.Variants	44.2GB
2023-02-08T14:42:28.980+0000	beacon2.Variants	44.2GB
2023-02-08T14:42:31.983+0000	beacon2.Variants	44.3GB
2023-02-08T14:42:34.982+0000	beacon2.Variants	44.3GB
2023-02-08T14:42:37.988+0000	beacon2.Variants	44.3GB
2023-02-08T14:42:40.979+0000	beacon2.Variants	44.4GB
2023-02-08T14:42:43.988+0000	beacon2.Variants	44.4GB
2023-02-08T14:42:46.979+0000	beacon2.Variants	44.5GB
2023-02-08T14:42:49.979+0000	beacon2.Variants	44.5GB
2023-02-08T14:42:52.980+0000	beacon2.Variants	44.5GB
2023-02-08T14:42:55.983+0000	beacon2.Variants	44.6GB
2023-02-08T14:42:58.984+0000	beacon2.Variants	44.6GB
2023-02-08T14:43:01.981+0000	beacon2.Variants	44.6GB
2023-02-08T14:43:04.982+0000	beacon2.Variants	44.7GB
2023-02-08T14:43:07.835+0000	beacon2.Variants	44.7GB
2023-02-08T14:43:07.835+0000	4063513 document(s) imported successfully. 0 document(s) failed to import.

real	58m44.882s
user	104m23.734s
sys	1m41.863s
