2023-02-08T10:52:51.601+0000	connected to: mongodb://[**REDACTED**]@localhost:27017/beacon2?authSource=admin
2023-02-08T10:52:54.606+0000	beacon2.Variants	38.0MB
2023-02-08T10:52:57.601+0000	beacon2.Variants	76.2MB
2023-02-08T10:53:00.601+0000	beacon2.Variants	116MB
2023-02-08T10:53:03.601+0000	beacon2.Variants	154MB
2023-02-08T10:53:06.605+0000	beacon2.Variants	193MB
2023-02-08T10:53:09.602+0000	beacon2.Variants	232MB
2023-02-08T10:53:12.618+0000	beacon2.Variants	272MB
2023-02-08T10:53:15.602+0000	beacon2.Variants	310MB
2023-02-08T10:53:18.602+0000	beacon2.Variants	348MB
2023-02-08T10:53:21.603+0000	beacon2.Variants	387MB
2023-02-08T10:53:24.609+0000	beacon2.Variants	428MB
2023-02-08T10:53:27.602+0000	beacon2.Variants	466MB
2023-02-08T10:53:30.606+0000	beacon2.Variants	503MB
2023-02-08T10:53:33.603+0000	beacon2.Variants	543MB
2023-02-08T10:53:36.605+0000	beacon2.Variants	582MB
2023-02-08T10:53:39.601+0000	beacon2.Variants	621MB
2023-02-08T10:53:42.607+0000	beacon2.Variants	659MB
2023-02-08T10:53:45.602+0000	beacon2.Variants	699MB
2023-02-08T10:53:48.602+0000	beacon2.Variants	738MB
2023-02-08T10:53:51.602+0000	beacon2.Variants	778MB
2023-02-08T10:53:54.611+0000	beacon2.Variants	817MB
2023-02-08T10:53:57.618+0000	beacon2.Variants	855MB
2023-02-08T10:54:00.607+0000	beacon2.Variants	894MB
2023-02-08T10:54:03.604+0000	beacon2.Variants	933MB
2023-02-08T10:54:06.604+0000	beacon2.Variants	974MB
2023-02-08T10:54:09.601+0000	beacon2.Variants	1012MB
2023-02-08T10:54:12.603+0000	beacon2.Variants	1.03GB
2023-02-08T10:54:15.603+0000	beacon2.Variants	1.07GB
2023-02-08T10:54:18.606+0000	beacon2.Variants	1.10GB
2023-02-08T10:54:21.601+0000	beacon2.Variants	1.14GB
2023-02-08T10:54:24.607+0000	beacon2.Variants	1.18GB
2023-02-08T10:54:27.605+0000	beacon2.Variants	1.22GB
2023-02-08T10:54:30.606+0000	beacon2.Variants	1.26GB
2023-02-08T10:54:33.602+0000	beacon2.Variants	1.29GB
2023-02-08T10:54:36.602+0000	beacon2.Variants	1.33GB
2023-02-08T10:54:39.604+0000	beacon2.Variants	1.37GB
2023-02-08T10:54:42.602+0000	beacon2.Variants	1.41GB
2023-02-08T10:54:45.601+0000	beacon2.Variants	1.45GB
2023-02-08T10:54:48.602+0000	beacon2.Variants	1.48GB
2023-02-08T10:54:51.601+0000	beacon2.Variants	1.52GB
2023-02-08T10:54:54.606+0000	beacon2.Variants	1.56GB
2023-02-08T10:54:57.603+0000	beacon2.Variants	1.60GB
2023-02-08T10:55:00.607+0000	beacon2.Variants	1.64GB
2023-02-08T10:55:03.626+0000	beacon2.Variants	1.68GB
2023-02-08T10:55:06.602+0000	beacon2.Variants	1.72GB
2023-02-08T10:55:09.608+0000	beacon2.Variants	1.75GB
2023-02-08T10:55:12.601+0000	beacon2.Variants	1.79GB
2023-02-08T10:55:15.605+0000	beacon2.Variants	1.83GB
2023-02-08T10:55:18.602+0000	beacon2.Variants	1.87GB
2023-02-08T10:55:21.602+0000	beacon2.Variants	1.91GB
2023-02-08T10:55:24.601+0000	beacon2.Variants	1.94GB
2023-02-08T10:55:27.603+0000	beacon2.Variants	1.98GB
2023-02-08T10:55:30.606+0000	beacon2.Variants	2.02GB
2023-02-08T10:55:33.611+0000	beacon2.Variants	2.06GB
2023-02-08T10:55:36.601+0000	beacon2.Variants	2.10GB
2023-02-08T10:55:39.607+0000	beacon2.Variants	2.14GB
2023-02-08T10:55:42.605+0000	beacon2.Variants	2.17GB
2023-02-08T10:55:45.601+0000	beacon2.Variants	2.21GB
2023-02-08T10:55:48.601+0000	beacon2.Variants	2.25GB
2023-02-08T10:55:51.603+0000	beacon2.Variants	2.29GB
2023-02-08T10:55:54.601+0000	beacon2.Variants	2.33GB
2023-02-08T10:55:57.603+0000	beacon2.Variants	2.36GB
2023-02-08T10:56:00.615+0000	beacon2.Variants	2.40GB
2023-02-08T10:56:03.602+0000	beacon2.Variants	2.44GB
2023-02-08T10:56:06.607+0000	beacon2.Variants	2.48GB
2023-02-08T10:56:09.602+0000	beacon2.Variants	2.52GB
2023-02-08T10:56:12.603+0000	beacon2.Variants	2.55GB
2023-02-08T10:56:15.602+0000	beacon2.Variants	2.59GB
2023-02-08T10:56:18.602+0000	beacon2.Variants	2.63GB
2023-02-08T10:56:21.602+0000	beacon2.Variants	2.67GB
2023-02-08T10:56:24.601+0000	beacon2.Variants	2.70GB
2023-02-08T10:56:27.603+0000	beacon2.Variants	2.74GB
2023-02-08T10:56:30.604+0000	beacon2.Variants	2.78GB
2023-02-08T10:56:33.604+0000	beacon2.Variants	2.82GB
2023-02-08T10:56:36.603+0000	beacon2.Variants	2.86GB
2023-02-08T10:56:39.602+0000	beacon2.Variants	2.89GB
2023-02-08T10:56:42.605+0000	beacon2.Variants	2.93GB
2023-02-08T10:56:45.602+0000	beacon2.Variants	2.97GB
2023-02-08T10:56:48.602+0000	beacon2.Variants	3.01GB
2023-02-08T10:56:51.618+0000	beacon2.Variants	3.05GB
2023-02-08T10:56:54.610+0000	beacon2.Variants	3.08GB
2023-02-08T10:56:57.602+0000	beacon2.Variants	3.12GB
2023-02-08T10:57:00.616+0000	beacon2.Variants	3.16GB
2023-02-08T10:57:03.604+0000	beacon2.Variants	3.20GB
2023-02-08T10:57:06.602+0000	beacon2.Variants	3.24GB
2023-02-08T10:57:09.608+0000	beacon2.Variants	3.27GB
2023-02-08T10:57:12.601+0000	beacon2.Variants	3.31GB
2023-02-08T10:57:15.601+0000	beacon2.Variants	3.35GB
2023-02-08T10:57:18.602+0000	beacon2.Variants	3.39GB
2023-02-08T10:57:21.606+0000	beacon2.Variants	3.42GB
2023-02-08T10:57:24.603+0000	beacon2.Variants	3.46GB
2023-02-08T10:57:27.604+0000	beacon2.Variants	3.50GB
2023-02-08T10:57:30.602+0000	beacon2.Variants	3.54GB
2023-02-08T10:57:33.606+0000	beacon2.Variants	3.58GB
2023-02-08T10:57:36.610+0000	beacon2.Variants	3.61GB
2023-02-08T10:57:39.605+0000	beacon2.Variants	3.65GB
2023-02-08T10:57:42.608+0000	beacon2.Variants	3.69GB
2023-02-08T10:57:45.605+0000	beacon2.Variants	3.73GB
2023-02-08T10:57:48.612+0000	beacon2.Variants	3.77GB
2023-02-08T10:57:51.609+0000	beacon2.Variants	3.80GB
2023-02-08T10:57:54.601+0000	beacon2.Variants	3.84GB
2023-02-08T10:57:57.622+0000	beacon2.Variants	3.88GB
2023-02-08T10:58:00.602+0000	beacon2.Variants	3.92GB
2023-02-08T10:58:03.601+0000	beacon2.Variants	3.96GB
2023-02-08T10:58:06.608+0000	beacon2.Variants	3.99GB
2023-02-08T10:58:09.602+0000	beacon2.Variants	4.03GB
2023-02-08T10:58:12.603+0000	beacon2.Variants	4.07GB
2023-02-08T10:58:15.612+0000	beacon2.Variants	4.11GB
2023-02-08T10:58:18.608+0000	beacon2.Variants	4.15GB
2023-02-08T10:58:21.601+0000	beacon2.Variants	4.18GB
2023-02-08T10:58:24.602+0000	beacon2.Variants	4.22GB
2023-02-08T10:58:27.608+0000	beacon2.Variants	4.26GB
2023-02-08T10:58:30.604+0000	beacon2.Variants	4.30GB
2023-02-08T10:58:33.604+0000	beacon2.Variants	4.34GB
2023-02-08T10:58:36.610+0000	beacon2.Variants	4.38GB
2023-02-08T10:58:39.604+0000	beacon2.Variants	4.41GB
2023-02-08T10:58:42.602+0000	beacon2.Variants	4.45GB
2023-02-08T10:58:45.606+0000	beacon2.Variants	4.49GB
2023-02-08T10:58:48.602+0000	beacon2.Variants	4.53GB
2023-02-08T10:58:51.601+0000	beacon2.Variants	4.57GB
2023-02-08T10:58:54.602+0000	beacon2.Variants	4.61GB
2023-02-08T10:58:57.601+0000	beacon2.Variants	4.65GB
2023-02-08T10:59:00.610+0000	beacon2.Variants	4.68GB
2023-02-08T10:59:03.606+0000	beacon2.Variants	4.72GB
2023-02-08T10:59:06.610+0000	beacon2.Variants	4.76GB
2023-02-08T10:59:09.602+0000	beacon2.Variants	4.80GB
2023-02-08T10:59:12.602+0000	beacon2.Variants	4.83GB
2023-02-08T10:59:15.602+0000	beacon2.Variants	4.87GB
2023-02-08T10:59:18.609+0000	beacon2.Variants	4.91GB
2023-02-08T10:59:21.601+0000	beacon2.Variants	4.95GB
2023-02-08T10:59:24.604+0000	beacon2.Variants	4.99GB
2023-02-08T10:59:27.604+0000	beacon2.Variants	5.02GB
2023-02-08T10:59:30.602+0000	beacon2.Variants	5.06GB
2023-02-08T10:59:33.603+0000	beacon2.Variants	5.10GB
2023-02-08T10:59:36.601+0000	beacon2.Variants	5.14GB
2023-02-08T10:59:39.602+0000	beacon2.Variants	5.18GB
2023-02-08T10:59:42.606+0000	beacon2.Variants	5.22GB
2023-02-08T10:59:45.614+0000	beacon2.Variants	5.25GB
2023-02-08T10:59:48.603+0000	beacon2.Variants	5.29GB
2023-02-08T10:59:51.609+0000	beacon2.Variants	5.33GB
2023-02-08T10:59:54.601+0000	beacon2.Variants	5.37GB
2023-02-08T10:59:57.602+0000	beacon2.Variants	5.41GB
2023-02-08T11:00:00.602+0000	beacon2.Variants	5.44GB
2023-02-08T11:00:03.602+0000	beacon2.Variants	5.48GB
2023-02-08T11:00:06.601+0000	beacon2.Variants	5.52GB
2023-02-08T11:00:09.603+0000	beacon2.Variants	5.56GB
2023-02-08T11:00:12.605+0000	beacon2.Variants	5.60GB
2023-02-08T11:00:15.603+0000	beacon2.Variants	5.63GB
2023-02-08T11:00:18.602+0000	beacon2.Variants	5.67GB
2023-02-08T11:00:21.603+0000	beacon2.Variants	5.71GB
2023-02-08T11:00:24.605+0000	beacon2.Variants	5.75GB
2023-02-08T11:00:27.602+0000	beacon2.Variants	5.79GB
2023-02-08T11:00:30.607+0000	beacon2.Variants	5.82GB
2023-02-08T11:00:33.605+0000	beacon2.Variants	5.86GB
2023-02-08T11:00:36.603+0000	beacon2.Variants	5.90GB
2023-02-08T11:00:39.602+0000	beacon2.Variants	5.94GB
2023-02-08T11:00:42.602+0000	beacon2.Variants	5.97GB
2023-02-08T11:00:45.607+0000	beacon2.Variants	6.01GB
2023-02-08T11:00:48.606+0000	beacon2.Variants	6.05GB
2023-02-08T11:00:51.603+0000	beacon2.Variants	6.09GB
2023-02-08T11:00:54.602+0000	beacon2.Variants	6.13GB
2023-02-08T11:00:57.605+0000	beacon2.Variants	6.17GB
2023-02-08T11:01:00.604+0000	beacon2.Variants	6.20GB
2023-02-08T11:01:03.606+0000	beacon2.Variants	6.24GB
2023-02-08T11:01:06.617+0000	beacon2.Variants	6.28GB
2023-02-08T11:01:09.602+0000	beacon2.Variants	6.32GB
2023-02-08T11:01:12.604+0000	beacon2.Variants	6.35GB
2023-02-08T11:01:15.602+0000	beacon2.Variants	6.39GB
2023-02-08T11:01:18.602+0000	beacon2.Variants	6.43GB
2023-02-08T11:01:21.603+0000	beacon2.Variants	6.47GB
2023-02-08T11:01:24.605+0000	beacon2.Variants	6.51GB
2023-02-08T11:01:27.602+0000	beacon2.Variants	6.55GB
2023-02-08T11:01:30.602+0000	beacon2.Variants	6.58GB
2023-02-08T11:01:33.603+0000	beacon2.Variants	6.62GB
2023-02-08T11:01:36.606+0000	beacon2.Variants	6.66GB
2023-02-08T11:01:39.601+0000	beacon2.Variants	6.70GB
2023-02-08T11:01:42.606+0000	beacon2.Variants	6.73GB
2023-02-08T11:01:45.612+0000	beacon2.Variants	6.77GB
2023-02-08T11:01:48.602+0000	beacon2.Variants	6.81GB
2023-02-08T11:01:51.609+0000	beacon2.Variants	6.85GB
2023-02-08T11:01:54.601+0000	beacon2.Variants	6.89GB
2023-02-08T11:01:57.602+0000	beacon2.Variants	6.92GB
2023-02-08T11:02:00.608+0000	beacon2.Variants	6.96GB
2023-02-08T11:02:03.602+0000	beacon2.Variants	7.00GB
2023-02-08T11:02:06.601+0000	beacon2.Variants	7.04GB
2023-02-08T11:02:09.612+0000	beacon2.Variants	7.07GB
2023-02-08T11:02:12.615+0000	beacon2.Variants	7.11GB
2023-02-08T11:02:15.605+0000	beacon2.Variants	7.15GB
2023-02-08T11:02:18.605+0000	beacon2.Variants	7.19GB
2023-02-08T11:02:21.610+0000	beacon2.Variants	7.22GB
2023-02-08T11:02:24.601+0000	beacon2.Variants	7.26GB
2023-02-08T11:02:27.601+0000	beacon2.Variants	7.30GB
2023-02-08T11:02:30.602+0000	beacon2.Variants	7.34GB
2023-02-08T11:02:33.602+0000	beacon2.Variants	7.37GB
2023-02-08T11:02:36.605+0000	beacon2.Variants	7.41GB
2023-02-08T11:02:39.608+0000	beacon2.Variants	7.45GB
2023-02-08T11:02:42.610+0000	beacon2.Variants	7.49GB
2023-02-08T11:02:45.605+0000	beacon2.Variants	7.52GB
2023-02-08T11:02:48.603+0000	beacon2.Variants	7.56GB
2023-02-08T11:02:51.602+0000	beacon2.Variants	7.60GB
2023-02-08T11:02:54.601+0000	beacon2.Variants	7.64GB
2023-02-08T11:02:57.601+0000	beacon2.Variants	7.68GB
2023-02-08T11:03:00.606+0000	beacon2.Variants	7.72GB
2023-02-08T11:03:03.620+0000	beacon2.Variants	7.75GB
2023-02-08T11:03:06.601+0000	beacon2.Variants	7.79GB
2023-02-08T11:03:09.602+0000	beacon2.Variants	7.83GB
2023-02-08T11:03:12.603+0000	beacon2.Variants	7.87GB
2023-02-08T11:03:15.604+0000	beacon2.Variants	7.91GB
2023-02-08T11:03:18.602+0000	beacon2.Variants	7.94GB
2023-02-08T11:03:21.621+0000	beacon2.Variants	7.98GB
2023-02-08T11:03:24.602+0000	beacon2.Variants	8.02GB
2023-02-08T11:03:27.609+0000	beacon2.Variants	8.06GB
2023-02-08T11:03:30.616+0000	beacon2.Variants	8.09GB
2023-02-08T11:03:33.603+0000	beacon2.Variants	8.13GB
2023-02-08T11:03:36.605+0000	beacon2.Variants	8.17GB
2023-02-08T11:03:39.603+0000	beacon2.Variants	8.21GB
2023-02-08T11:03:42.607+0000	beacon2.Variants	8.25GB
2023-02-08T11:03:45.604+0000	beacon2.Variants	8.28GB
2023-02-08T11:03:48.611+0000	beacon2.Variants	8.32GB
2023-02-08T11:03:51.611+0000	beacon2.Variants	8.36GB
2023-02-08T11:03:54.608+0000	beacon2.Variants	8.40GB
2023-02-08T11:03:57.610+0000	beacon2.Variants	8.44GB
2023-02-08T11:04:00.604+0000	beacon2.Variants	8.47GB
2023-02-08T11:04:03.603+0000	beacon2.Variants	8.51GB
2023-02-08T11:04:06.601+0000	beacon2.Variants	8.55GB
2023-02-08T11:04:09.607+0000	beacon2.Variants	8.59GB
2023-02-08T11:04:12.602+0000	beacon2.Variants	8.63GB
2023-02-08T11:04:15.601+0000	beacon2.Variants	8.67GB
2023-02-08T11:04:18.602+0000	beacon2.Variants	8.70GB
2023-02-08T11:04:21.613+0000	beacon2.Variants	8.74GB
2023-02-08T11:04:24.601+0000	beacon2.Variants	8.78GB
2023-02-08T11:04:27.601+0000	beacon2.Variants	8.82GB
2023-02-08T11:04:30.607+0000	beacon2.Variants	8.85GB
2023-02-08T11:04:33.603+0000	beacon2.Variants	8.89GB
2023-02-08T11:04:36.605+0000	beacon2.Variants	8.93GB
2023-02-08T11:04:39.611+0000	beacon2.Variants	8.97GB
2023-02-08T11:04:42.605+0000	beacon2.Variants	9.01GB
2023-02-08T11:04:45.601+0000	beacon2.Variants	9.04GB
2023-02-08T11:04:48.603+0000	beacon2.Variants	9.08GB
2023-02-08T11:04:51.602+0000	beacon2.Variants	9.12GB
2023-02-08T11:04:54.608+0000	beacon2.Variants	9.16GB
2023-02-08T11:04:57.603+0000	beacon2.Variants	9.20GB
2023-02-08T11:05:00.605+0000	beacon2.Variants	9.23GB
2023-02-08T11:05:03.602+0000	beacon2.Variants	9.27GB
2023-02-08T11:05:06.602+0000	beacon2.Variants	9.31GB
2023-02-08T11:05:09.602+0000	beacon2.Variants	9.35GB
2023-02-08T11:05:12.601+0000	beacon2.Variants	9.38GB
2023-02-08T11:05:15.603+0000	beacon2.Variants	9.42GB
2023-02-08T11:05:18.601+0000	beacon2.Variants	9.46GB
2023-02-08T11:05:21.601+0000	beacon2.Variants	9.50GB
2023-02-08T11:05:24.601+0000	beacon2.Variants	9.54GB
2023-02-08T11:05:27.605+0000	beacon2.Variants	9.57GB
2023-02-08T11:05:30.604+0000	beacon2.Variants	9.61GB
2023-02-08T11:05:33.603+0000	beacon2.Variants	9.65GB
2023-02-08T11:05:36.607+0000	beacon2.Variants	9.69GB
2023-02-08T11:05:39.602+0000	beacon2.Variants	9.72GB
2023-02-08T11:05:42.602+0000	beacon2.Variants	9.76GB
2023-02-08T11:05:45.602+0000	beacon2.Variants	9.80GB
2023-02-08T11:05:48.603+0000	beacon2.Variants	9.84GB
2023-02-08T11:05:51.601+0000	beacon2.Variants	9.88GB
2023-02-08T11:05:54.604+0000	beacon2.Variants	9.92GB
2023-02-08T11:05:57.604+0000	beacon2.Variants	9.95GB
2023-02-08T11:06:00.602+0000	beacon2.Variants	9.99GB
2023-02-08T11:06:03.601+0000	beacon2.Variants	10.0GB
2023-02-08T11:06:06.604+0000	beacon2.Variants	10.1GB
2023-02-08T11:06:09.601+0000	beacon2.Variants	10.1GB
2023-02-08T11:06:12.601+0000	beacon2.Variants	10.2GB
2023-02-08T11:06:15.607+0000	beacon2.Variants	10.2GB
2023-02-08T11:06:18.601+0000	beacon2.Variants	10.2GB
2023-02-08T11:06:21.605+0000	beacon2.Variants	10.3GB
2023-02-08T11:06:24.601+0000	beacon2.Variants	10.3GB
2023-02-08T11:06:27.605+0000	beacon2.Variants	10.3GB
2023-02-08T11:06:30.603+0000	beacon2.Variants	10.4GB
2023-02-08T11:06:33.603+0000	beacon2.Variants	10.4GB
2023-02-08T11:06:36.607+0000	beacon2.Variants	10.4GB
2023-02-08T11:06:39.602+0000	beacon2.Variants	10.5GB
2023-02-08T11:06:42.605+0000	beacon2.Variants	10.5GB
2023-02-08T11:06:45.602+0000	beacon2.Variants	10.6GB
2023-02-08T11:06:48.603+0000	beacon2.Variants	10.6GB
2023-02-08T11:06:51.603+0000	beacon2.Variants	10.6GB
2023-02-08T11:06:54.602+0000	beacon2.Variants	10.7GB
2023-02-08T11:06:57.610+0000	beacon2.Variants	10.7GB
2023-02-08T11:07:00.602+0000	beacon2.Variants	10.8GB
2023-02-08T11:07:03.603+0000	beacon2.Variants	10.8GB
2023-02-08T11:07:06.602+0000	beacon2.Variants	10.8GB
2023-02-08T11:07:09.610+0000	beacon2.Variants	10.9GB
2023-02-08T11:07:12.606+0000	beacon2.Variants	10.9GB
2023-02-08T11:07:15.604+0000	beacon2.Variants	10.9GB
2023-02-08T11:07:18.618+0000	beacon2.Variants	11.0GB
2023-02-08T11:07:21.601+0000	beacon2.Variants	11.0GB
2023-02-08T11:07:24.601+0000	beacon2.Variants	11.1GB
2023-02-08T11:07:27.605+0000	beacon2.Variants	11.1GB
2023-02-08T11:07:30.610+0000	beacon2.Variants	11.1GB
2023-02-08T11:07:33.604+0000	beacon2.Variants	11.2GB
2023-02-08T11:07:36.601+0000	beacon2.Variants	11.2GB
2023-02-08T11:07:39.603+0000	beacon2.Variants	11.2GB
2023-02-08T11:07:42.602+0000	beacon2.Variants	11.3GB
2023-02-08T11:07:45.603+0000	beacon2.Variants	11.3GB
2023-02-08T11:07:48.611+0000	beacon2.Variants	11.4GB
2023-02-08T11:07:51.610+0000	beacon2.Variants	11.4GB
2023-02-08T11:07:54.601+0000	beacon2.Variants	11.4GB
2023-02-08T11:07:57.602+0000	beacon2.Variants	11.5GB
2023-02-08T11:08:00.606+0000	beacon2.Variants	11.5GB
2023-02-08T11:08:03.603+0000	beacon2.Variants	11.6GB
2023-02-08T11:08:06.602+0000	beacon2.Variants	11.6GB
2023-02-08T11:08:09.606+0000	beacon2.Variants	11.6GB
2023-02-08T11:08:12.606+0000	beacon2.Variants	11.7GB
2023-02-08T11:08:15.602+0000	beacon2.Variants	11.7GB
2023-02-08T11:08:18.601+0000	beacon2.Variants	11.8GB
2023-02-08T11:08:21.603+0000	beacon2.Variants	11.8GB
2023-02-08T11:08:24.603+0000	beacon2.Variants	11.8GB
2023-02-08T11:08:27.604+0000	beacon2.Variants	11.9GB
2023-02-08T11:08:30.612+0000	beacon2.Variants	11.9GB
2023-02-08T11:08:33.603+0000	beacon2.Variants	11.9GB
2023-02-08T11:08:36.602+0000	beacon2.Variants	12.0GB
2023-02-08T11:08:39.603+0000	beacon2.Variants	12.0GB
2023-02-08T11:08:42.601+0000	beacon2.Variants	12.1GB
2023-02-08T11:08:45.602+0000	beacon2.Variants	12.1GB
2023-02-08T11:08:48.601+0000	beacon2.Variants	12.1GB
2023-02-08T11:08:51.602+0000	beacon2.Variants	12.2GB
2023-02-08T11:08:54.605+0000	beacon2.Variants	12.2GB
2023-02-08T11:08:57.610+0000	beacon2.Variants	12.2GB
2023-02-08T11:09:00.602+0000	beacon2.Variants	12.3GB
2023-02-08T11:09:03.601+0000	beacon2.Variants	12.3GB
2023-02-08T11:09:06.608+0000	beacon2.Variants	12.3GB
2023-02-08T11:09:09.603+0000	beacon2.Variants	12.4GB
2023-02-08T11:09:12.604+0000	beacon2.Variants	12.4GB
2023-02-08T11:09:15.602+0000	beacon2.Variants	12.5GB
2023-02-08T11:09:18.603+0000	beacon2.Variants	12.5GB
2023-02-08T11:09:21.616+0000	beacon2.Variants	12.5GB
2023-02-08T11:09:24.617+0000	beacon2.Variants	12.6GB
2023-02-08T11:09:27.601+0000	beacon2.Variants	12.6GB
2023-02-08T11:09:30.602+0000	beacon2.Variants	12.7GB
2023-02-08T11:09:33.601+0000	beacon2.Variants	12.7GB
2023-02-08T11:09:36.604+0000	beacon2.Variants	12.7GB
2023-02-08T11:09:39.602+0000	beacon2.Variants	12.8GB
2023-02-08T11:09:42.601+0000	beacon2.Variants	12.8GB
2023-02-08T11:09:45.601+0000	beacon2.Variants	12.8GB
2023-02-08T11:09:48.603+0000	beacon2.Variants	12.9GB
2023-02-08T11:09:51.612+0000	beacon2.Variants	12.9GB
2023-02-08T11:09:54.615+0000	beacon2.Variants	13.0GB
2023-02-08T11:09:57.603+0000	beacon2.Variants	13.0GB
2023-02-08T11:10:00.605+0000	beacon2.Variants	13.0GB
2023-02-08T11:10:03.609+0000	beacon2.Variants	13.1GB
2023-02-08T11:10:06.602+0000	beacon2.Variants	13.1GB
2023-02-08T11:10:09.616+0000	beacon2.Variants	13.2GB
2023-02-08T11:10:12.610+0000	beacon2.Variants	13.2GB
2023-02-08T11:10:15.602+0000	beacon2.Variants	13.2GB
2023-02-08T11:10:18.612+0000	beacon2.Variants	13.3GB
2023-02-08T11:10:21.605+0000	beacon2.Variants	13.3GB
2023-02-08T11:10:24.603+0000	beacon2.Variants	13.3GB
2023-02-08T11:10:27.602+0000	beacon2.Variants	13.4GB
2023-02-08T11:10:30.604+0000	beacon2.Variants	13.4GB
2023-02-08T11:10:33.616+0000	beacon2.Variants	13.4GB
2023-02-08T11:10:36.602+0000	beacon2.Variants	13.5GB
2023-02-08T11:10:39.601+0000	beacon2.Variants	13.5GB
2023-02-08T11:10:42.601+0000	beacon2.Variants	13.6GB
2023-02-08T11:10:45.613+0000	beacon2.Variants	13.6GB
2023-02-08T11:10:48.603+0000	beacon2.Variants	13.7GB
2023-02-08T11:10:51.601+0000	beacon2.Variants	13.7GB
2023-02-08T11:10:54.603+0000	beacon2.Variants	13.7GB
2023-02-08T11:10:57.603+0000	beacon2.Variants	13.8GB
2023-02-08T11:11:00.601+0000	beacon2.Variants	13.8GB
2023-02-08T11:11:03.602+0000	beacon2.Variants	13.8GB
2023-02-08T11:11:06.601+0000	beacon2.Variants	13.9GB
2023-02-08T11:11:09.601+0000	beacon2.Variants	13.9GB
2023-02-08T11:11:12.607+0000	beacon2.Variants	13.9GB
2023-02-08T11:11:15.609+0000	beacon2.Variants	14.0GB
2023-02-08T11:11:18.603+0000	beacon2.Variants	14.0GB
2023-02-08T11:11:21.610+0000	beacon2.Variants	14.1GB
2023-02-08T11:11:24.601+0000	beacon2.Variants	14.1GB
2023-02-08T11:11:27.602+0000	beacon2.Variants	14.1GB
2023-02-08T11:11:30.601+0000	beacon2.Variants	14.2GB
2023-02-08T11:11:33.623+0000	beacon2.Variants	14.2GB
2023-02-08T11:11:36.603+0000	beacon2.Variants	14.2GB
2023-02-08T11:11:39.611+0000	beacon2.Variants	14.3GB
2023-02-08T11:11:42.605+0000	beacon2.Variants	14.3GB
2023-02-08T11:11:45.613+0000	beacon2.Variants	14.4GB
2023-02-08T11:11:48.601+0000	beacon2.Variants	14.4GB
2023-02-08T11:11:51.613+0000	beacon2.Variants	14.4GB
2023-02-08T11:11:54.614+0000	beacon2.Variants	14.5GB
2023-02-08T11:11:57.606+0000	beacon2.Variants	14.5GB
2023-02-08T11:12:00.603+0000	beacon2.Variants	14.6GB
2023-02-08T11:12:03.607+0000	beacon2.Variants	14.6GB
2023-02-08T11:12:06.609+0000	beacon2.Variants	14.6GB
2023-02-08T11:12:09.606+0000	beacon2.Variants	14.7GB
2023-02-08T11:12:12.603+0000	beacon2.Variants	14.7GB
2023-02-08T11:12:15.604+0000	beacon2.Variants	14.8GB
2023-02-08T11:12:18.605+0000	beacon2.Variants	14.8GB
2023-02-08T11:12:21.608+0000	beacon2.Variants	14.8GB
2023-02-08T11:12:24.602+0000	beacon2.Variants	14.9GB
2023-02-08T11:12:27.603+0000	beacon2.Variants	14.9GB
2023-02-08T11:12:30.608+0000	beacon2.Variants	14.9GB
2023-02-08T11:12:33.605+0000	beacon2.Variants	15.0GB
2023-02-08T11:12:36.616+0000	beacon2.Variants	15.0GB
2023-02-08T11:12:39.601+0000	beacon2.Variants	15.1GB
2023-02-08T11:12:42.609+0000	beacon2.Variants	15.1GB
2023-02-08T11:12:45.603+0000	beacon2.Variants	15.1GB
2023-02-08T11:12:48.604+0000	beacon2.Variants	15.2GB
2023-02-08T11:12:51.601+0000	beacon2.Variants	15.2GB
2023-02-08T11:12:54.608+0000	beacon2.Variants	15.2GB
2023-02-08T11:12:57.610+0000	beacon2.Variants	15.3GB
2023-02-08T11:13:00.602+0000	beacon2.Variants	15.3GB
2023-02-08T11:13:03.616+0000	beacon2.Variants	15.3GB
2023-02-08T11:13:06.603+0000	beacon2.Variants	15.4GB
2023-02-08T11:13:09.609+0000	beacon2.Variants	15.4GB
2023-02-08T11:13:12.603+0000	beacon2.Variants	15.5GB
2023-02-08T11:13:15.605+0000	beacon2.Variants	15.5GB
2023-02-08T11:13:18.607+0000	beacon2.Variants	15.5GB
2023-02-08T11:13:21.602+0000	beacon2.Variants	15.6GB
2023-02-08T11:13:24.614+0000	beacon2.Variants	15.6GB
2023-02-08T11:13:27.604+0000	beacon2.Variants	15.7GB
2023-02-08T11:13:30.602+0000	beacon2.Variants	15.7GB
2023-02-08T11:13:33.605+0000	beacon2.Variants	15.7GB
2023-02-08T11:13:36.602+0000	beacon2.Variants	15.8GB
2023-02-08T11:13:39.601+0000	beacon2.Variants	15.8GB
2023-02-08T11:13:42.629+0000	beacon2.Variants	15.8GB
2023-02-08T11:13:45.615+0000	beacon2.Variants	15.9GB
2023-02-08T11:13:48.602+0000	beacon2.Variants	15.9GB
2023-02-08T11:13:51.611+0000	beacon2.Variants	16.0GB
2023-02-08T11:13:54.601+0000	beacon2.Variants	16.0GB
2023-02-08T11:13:57.602+0000	beacon2.Variants	16.0GB
2023-02-08T11:14:00.603+0000	beacon2.Variants	16.1GB
2023-02-08T11:14:03.604+0000	beacon2.Variants	16.1GB
2023-02-08T11:14:06.602+0000	beacon2.Variants	16.1GB
2023-02-08T11:14:09.607+0000	beacon2.Variants	16.2GB
2023-02-08T11:14:12.609+0000	beacon2.Variants	16.2GB
2023-02-08T11:14:15.602+0000	beacon2.Variants	16.3GB
2023-02-08T11:14:18.604+0000	beacon2.Variants	16.3GB
2023-02-08T11:14:21.601+0000	beacon2.Variants	16.3GB
2023-02-08T11:14:24.612+0000	beacon2.Variants	16.4GB
2023-02-08T11:14:27.602+0000	beacon2.Variants	16.4GB
2023-02-08T11:14:30.606+0000	beacon2.Variants	16.5GB
2023-02-08T11:14:33.603+0000	beacon2.Variants	16.5GB
2023-02-08T11:14:36.616+0000	beacon2.Variants	16.5GB
2023-02-08T11:14:39.602+0000	beacon2.Variants	16.6GB
2023-02-08T11:14:42.603+0000	beacon2.Variants	16.6GB
2023-02-08T11:14:45.603+0000	beacon2.Variants	16.6GB
2023-02-08T11:14:48.602+0000	beacon2.Variants	16.7GB
2023-02-08T11:14:51.601+0000	beacon2.Variants	16.7GB
2023-02-08T11:14:54.619+0000	beacon2.Variants	16.8GB
2023-02-08T11:14:57.604+0000	beacon2.Variants	16.8GB
2023-02-08T11:15:00.604+0000	beacon2.Variants	16.8GB
2023-02-08T11:15:03.603+0000	beacon2.Variants	16.9GB
2023-02-08T11:15:06.607+0000	beacon2.Variants	16.9GB
2023-02-08T11:15:09.602+0000	beacon2.Variants	16.9GB
2023-02-08T11:15:12.601+0000	beacon2.Variants	17.0GB
2023-02-08T11:15:15.603+0000	beacon2.Variants	17.0GB
2023-02-08T11:15:18.602+0000	beacon2.Variants	17.1GB
2023-02-08T11:15:21.605+0000	beacon2.Variants	17.1GB
2023-02-08T11:15:24.602+0000	beacon2.Variants	17.1GB
2023-02-08T11:15:27.602+0000	beacon2.Variants	17.2GB
2023-02-08T11:15:30.602+0000	beacon2.Variants	17.2GB
2023-02-08T11:15:33.602+0000	beacon2.Variants	17.2GB
2023-02-08T11:15:36.603+0000	beacon2.Variants	17.3GB
2023-02-08T11:15:39.603+0000	beacon2.Variants	17.3GB
2023-02-08T11:15:42.614+0000	beacon2.Variants	17.4GB
2023-02-08T11:15:45.603+0000	beacon2.Variants	17.4GB
2023-02-08T11:15:48.602+0000	beacon2.Variants	17.4GB
2023-02-08T11:15:51.615+0000	beacon2.Variants	17.5GB
2023-02-08T11:15:54.604+0000	beacon2.Variants	17.5GB
2023-02-08T11:15:57.602+0000	beacon2.Variants	17.6GB
2023-02-08T11:16:00.602+0000	beacon2.Variants	17.6GB
2023-02-08T11:16:03.605+0000	beacon2.Variants	17.6GB
2023-02-08T11:16:06.604+0000	beacon2.Variants	17.7GB
2023-02-08T11:16:09.604+0000	beacon2.Variants	17.7GB
2023-02-08T11:16:12.604+0000	beacon2.Variants	17.7GB
2023-02-08T11:16:15.614+0000	beacon2.Variants	17.8GB
2023-02-08T11:16:18.609+0000	beacon2.Variants	17.8GB
2023-02-08T11:16:21.603+0000	beacon2.Variants	17.9GB
2023-02-08T11:16:24.602+0000	beacon2.Variants	17.9GB
2023-02-08T11:16:27.601+0000	beacon2.Variants	17.9GB
2023-02-08T11:16:30.610+0000	beacon2.Variants	18.0GB
2023-02-08T11:16:33.601+0000	beacon2.Variants	18.0GB
2023-02-08T11:16:36.607+0000	beacon2.Variants	18.0GB
2023-02-08T11:16:39.607+0000	beacon2.Variants	18.1GB
2023-02-08T11:16:42.605+0000	beacon2.Variants	18.1GB
2023-02-08T11:16:45.604+0000	beacon2.Variants	18.2GB
2023-02-08T11:16:48.605+0000	beacon2.Variants	18.2GB
2023-02-08T11:16:51.612+0000	beacon2.Variants	18.2GB
2023-02-08T11:16:54.604+0000	beacon2.Variants	18.3GB
2023-02-08T11:16:57.602+0000	beacon2.Variants	18.3GB
2023-02-08T11:17:00.602+0000	beacon2.Variants	18.4GB
2023-02-08T11:17:03.601+0000	beacon2.Variants	18.4GB
2023-02-08T11:17:06.604+0000	beacon2.Variants	18.4GB
2023-02-08T11:17:09.602+0000	beacon2.Variants	18.5GB
2023-02-08T11:17:12.609+0000	beacon2.Variants	18.5GB
2023-02-08T11:17:15.601+0000	beacon2.Variants	18.5GB
2023-02-08T11:17:18.603+0000	beacon2.Variants	18.6GB
2023-02-08T11:17:21.607+0000	beacon2.Variants	18.6GB
2023-02-08T11:17:24.604+0000	beacon2.Variants	18.6GB
2023-02-08T11:17:27.611+0000	beacon2.Variants	18.7GB
2023-02-08T11:17:30.602+0000	beacon2.Variants	18.7GB
2023-02-08T11:17:33.603+0000	beacon2.Variants	18.8GB
2023-02-08T11:17:36.602+0000	beacon2.Variants	18.8GB
2023-02-08T11:17:39.608+0000	beacon2.Variants	18.8GB
2023-02-08T11:17:42.603+0000	beacon2.Variants	18.9GB
2023-02-08T11:17:45.603+0000	beacon2.Variants	18.9GB
2023-02-08T11:17:48.606+0000	beacon2.Variants	19.0GB
2023-02-08T11:17:51.601+0000	beacon2.Variants	19.0GB
2023-02-08T11:17:54.602+0000	beacon2.Variants	19.0GB
2023-02-08T11:17:57.603+0000	beacon2.Variants	19.1GB
2023-02-08T11:18:00.603+0000	beacon2.Variants	19.1GB
2023-02-08T11:18:03.606+0000	beacon2.Variants	19.1GB
2023-02-08T11:18:06.602+0000	beacon2.Variants	19.2GB
2023-02-08T11:18:09.601+0000	beacon2.Variants	19.2GB
2023-02-08T11:18:12.606+0000	beacon2.Variants	19.3GB
2023-02-08T11:18:15.602+0000	beacon2.Variants	19.3GB
2023-02-08T11:18:18.602+0000	beacon2.Variants	19.3GB
2023-02-08T11:18:21.609+0000	beacon2.Variants	19.4GB
2023-02-08T11:18:24.606+0000	beacon2.Variants	19.4GB
2023-02-08T11:18:27.606+0000	beacon2.Variants	19.4GB
2023-02-08T11:18:30.601+0000	beacon2.Variants	19.5GB
2023-02-08T11:18:33.606+0000	beacon2.Variants	19.5GB
2023-02-08T11:18:36.610+0000	beacon2.Variants	19.6GB
2023-02-08T11:18:39.601+0000	beacon2.Variants	19.6GB
2023-02-08T11:18:42.602+0000	beacon2.Variants	19.6GB
2023-02-08T11:18:45.602+0000	beacon2.Variants	19.7GB
2023-02-08T11:18:48.606+0000	beacon2.Variants	19.7GB
2023-02-08T11:18:51.603+0000	beacon2.Variants	19.8GB
2023-02-08T11:18:54.601+0000	beacon2.Variants	19.8GB
2023-02-08T11:18:57.603+0000	beacon2.Variants	19.8GB
2023-02-08T11:19:00.603+0000	beacon2.Variants	19.9GB
2023-02-08T11:19:03.603+0000	beacon2.Variants	19.9GB
2023-02-08T11:19:06.611+0000	beacon2.Variants	19.9GB
2023-02-08T11:19:09.601+0000	beacon2.Variants	20.0GB
2023-02-08T11:19:12.613+0000	beacon2.Variants	20.0GB
2023-02-08T11:19:15.605+0000	beacon2.Variants	20.1GB
2023-02-08T11:19:18.602+0000	beacon2.Variants	20.1GB
2023-02-08T11:19:21.604+0000	beacon2.Variants	20.1GB
2023-02-08T11:19:24.601+0000	beacon2.Variants	20.2GB
2023-02-08T11:19:27.602+0000	beacon2.Variants	20.2GB
2023-02-08T11:19:30.607+0000	beacon2.Variants	20.2GB
2023-02-08T11:19:33.604+0000	beacon2.Variants	20.3GB
2023-02-08T11:19:36.603+0000	beacon2.Variants	20.3GB
2023-02-08T11:19:39.601+0000	beacon2.Variants	20.4GB
2023-02-08T11:19:42.603+0000	beacon2.Variants	20.4GB
2023-02-08T11:19:45.601+0000	beacon2.Variants	20.4GB
2023-02-08T11:19:48.614+0000	beacon2.Variants	20.5GB
2023-02-08T11:19:51.604+0000	beacon2.Variants	20.5GB
2023-02-08T11:19:54.603+0000	beacon2.Variants	20.5GB
2023-02-08T11:19:57.604+0000	beacon2.Variants	20.6GB
2023-02-08T11:20:00.602+0000	beacon2.Variants	20.6GB
2023-02-08T11:20:03.612+0000	beacon2.Variants	20.7GB
2023-02-08T11:20:06.614+0000	beacon2.Variants	20.7GB
2023-02-08T11:20:09.605+0000	beacon2.Variants	20.7GB
2023-02-08T11:20:12.613+0000	beacon2.Variants	20.8GB
2023-02-08T11:20:15.602+0000	beacon2.Variants	20.8GB
2023-02-08T11:20:18.605+0000	beacon2.Variants	20.8GB
2023-02-08T11:20:21.604+0000	beacon2.Variants	20.9GB
2023-02-08T11:20:24.605+0000	beacon2.Variants	20.9GB
2023-02-08T11:20:27.608+0000	beacon2.Variants	21.0GB
2023-02-08T11:20:30.604+0000	beacon2.Variants	21.0GB
2023-02-08T11:20:33.604+0000	beacon2.Variants	21.0GB
2023-02-08T11:20:36.616+0000	beacon2.Variants	21.1GB
2023-02-08T11:20:39.603+0000	beacon2.Variants	21.1GB
2023-02-08T11:20:42.602+0000	beacon2.Variants	21.1GB
2023-02-08T11:20:45.601+0000	beacon2.Variants	21.2GB
2023-02-08T11:20:48.609+0000	beacon2.Variants	21.2GB
2023-02-08T11:20:51.603+0000	beacon2.Variants	21.3GB
2023-02-08T11:20:54.603+0000	beacon2.Variants	21.3GB
2023-02-08T11:20:57.604+0000	beacon2.Variants	21.3GB
2023-02-08T11:21:00.603+0000	beacon2.Variants	21.4GB
2023-02-08T11:21:03.602+0000	beacon2.Variants	21.4GB
2023-02-08T11:21:06.611+0000	beacon2.Variants	21.4GB
2023-02-08T11:21:09.601+0000	beacon2.Variants	21.5GB
2023-02-08T11:21:12.603+0000	beacon2.Variants	21.5GB
2023-02-08T11:21:15.602+0000	beacon2.Variants	21.6GB
2023-02-08T11:21:18.602+0000	beacon2.Variants	21.6GB
2023-02-08T11:21:21.604+0000	beacon2.Variants	21.6GB
2023-02-08T11:21:24.603+0000	beacon2.Variants	21.7GB
2023-02-08T11:21:27.602+0000	beacon2.Variants	21.7GB
2023-02-08T11:21:30.604+0000	beacon2.Variants	21.8GB
2023-02-08T11:21:33.603+0000	beacon2.Variants	21.8GB
2023-02-08T11:21:36.602+0000	beacon2.Variants	21.8GB
2023-02-08T11:21:39.605+0000	beacon2.Variants	21.9GB
2023-02-08T11:21:42.601+0000	beacon2.Variants	21.9GB
2023-02-08T11:21:45.601+0000	beacon2.Variants	21.9GB
2023-02-08T11:21:48.609+0000	beacon2.Variants	22.0GB
2023-02-08T11:21:51.604+0000	beacon2.Variants	22.0GB
2023-02-08T11:21:54.604+0000	beacon2.Variants	22.1GB
2023-02-08T11:21:57.605+0000	beacon2.Variants	22.1GB
2023-02-08T11:22:00.603+0000	beacon2.Variants	22.1GB
2023-02-08T11:22:03.609+0000	beacon2.Variants	22.2GB
2023-02-08T11:22:06.610+0000	beacon2.Variants	22.2GB
2023-02-08T11:22:09.602+0000	beacon2.Variants	22.2GB
2023-02-08T11:22:12.606+0000	beacon2.Variants	22.3GB
2023-02-08T11:22:15.601+0000	beacon2.Variants	22.3GB
2023-02-08T11:22:18.601+0000	beacon2.Variants	22.4GB
2023-02-08T11:22:21.613+0000	beacon2.Variants	22.4GB
2023-02-08T11:22:24.605+0000	beacon2.Variants	22.4GB
2023-02-08T11:22:27.604+0000	beacon2.Variants	22.5GB
2023-02-08T11:22:30.602+0000	beacon2.Variants	22.5GB
2023-02-08T11:22:33.606+0000	beacon2.Variants	22.6GB
2023-02-08T11:22:36.602+0000	beacon2.Variants	22.6GB
2023-02-08T11:22:39.611+0000	beacon2.Variants	22.6GB
2023-02-08T11:22:42.615+0000	beacon2.Variants	22.7GB
2023-02-08T11:22:45.607+0000	beacon2.Variants	22.7GB
2023-02-08T11:22:48.602+0000	beacon2.Variants	22.8GB
2023-02-08T11:22:51.603+0000	beacon2.Variants	22.8GB
2023-02-08T11:22:54.602+0000	beacon2.Variants	22.8GB
2023-02-08T11:22:57.608+0000	beacon2.Variants	22.9GB
2023-02-08T11:23:00.604+0000	beacon2.Variants	22.9GB
2023-02-08T11:23:03.602+0000	beacon2.Variants	22.9GB
2023-02-08T11:23:06.613+0000	beacon2.Variants	23.0GB
2023-02-08T11:23:09.601+0000	beacon2.Variants	23.0GB
2023-02-08T11:23:12.604+0000	beacon2.Variants	23.1GB
2023-02-08T11:23:15.602+0000	beacon2.Variants	23.1GB
2023-02-08T11:23:18.604+0000	beacon2.Variants	23.1GB
2023-02-08T11:23:21.609+0000	beacon2.Variants	23.2GB
2023-02-08T11:23:24.606+0000	beacon2.Variants	23.2GB
2023-02-08T11:23:27.601+0000	beacon2.Variants	23.2GB
2023-02-08T11:23:30.606+0000	beacon2.Variants	23.3GB
2023-02-08T11:23:33.602+0000	beacon2.Variants	23.3GB
2023-02-08T11:23:36.601+0000	beacon2.Variants	23.4GB
2023-02-08T11:23:39.611+0000	beacon2.Variants	23.4GB
2023-02-08T11:23:42.603+0000	beacon2.Variants	23.4GB
2023-02-08T11:23:45.604+0000	beacon2.Variants	23.5GB
2023-02-08T11:23:48.609+0000	beacon2.Variants	23.5GB
2023-02-08T11:23:51.601+0000	beacon2.Variants	23.6GB
2023-02-08T11:23:54.603+0000	beacon2.Variants	23.6GB
2023-02-08T11:23:57.603+0000	beacon2.Variants	23.6GB
2023-02-08T11:24:00.607+0000	beacon2.Variants	23.7GB
2023-02-08T11:24:03.608+0000	beacon2.Variants	23.7GB
2023-02-08T11:24:06.608+0000	beacon2.Variants	23.7GB
2023-02-08T11:24:09.604+0000	beacon2.Variants	23.8GB
2023-02-08T11:24:12.602+0000	beacon2.Variants	23.8GB
2023-02-08T11:24:15.602+0000	beacon2.Variants	23.9GB
2023-02-08T11:24:18.603+0000	beacon2.Variants	23.9GB
2023-02-08T11:24:21.602+0000	beacon2.Variants	23.9GB
2023-02-08T11:24:24.601+0000	beacon2.Variants	24.0GB
2023-02-08T11:24:27.607+0000	beacon2.Variants	24.0GB
2023-02-08T11:24:30.604+0000	beacon2.Variants	24.0GB
2023-02-08T11:24:33.601+0000	beacon2.Variants	24.1GB
2023-02-08T11:24:36.603+0000	beacon2.Variants	24.1GB
2023-02-08T11:24:39.608+0000	beacon2.Variants	24.2GB
2023-02-08T11:24:42.606+0000	beacon2.Variants	24.2GB
2023-02-08T11:24:45.602+0000	beacon2.Variants	24.2GB
2023-02-08T11:24:48.602+0000	beacon2.Variants	24.3GB
2023-02-08T11:24:51.609+0000	beacon2.Variants	24.3GB
2023-02-08T11:24:54.607+0000	beacon2.Variants	24.4GB
2023-02-08T11:24:57.605+0000	beacon2.Variants	24.4GB
2023-02-08T11:25:00.606+0000	beacon2.Variants	24.4GB
2023-02-08T11:25:03.602+0000	beacon2.Variants	24.5GB
2023-02-08T11:25:06.604+0000	beacon2.Variants	24.5GB
2023-02-08T11:25:09.610+0000	beacon2.Variants	24.5GB
2023-02-08T11:25:12.603+0000	beacon2.Variants	24.6GB
2023-02-08T11:25:15.604+0000	beacon2.Variants	24.6GB
2023-02-08T11:25:18.602+0000	beacon2.Variants	24.6GB
2023-02-08T11:25:21.615+0000	beacon2.Variants	24.7GB
2023-02-08T11:25:24.610+0000	beacon2.Variants	24.7GB
2023-02-08T11:25:27.602+0000	beacon2.Variants	24.8GB
2023-02-08T11:25:30.603+0000	beacon2.Variants	24.8GB
2023-02-08T11:25:33.615+0000	beacon2.Variants	24.9GB
2023-02-08T11:25:36.607+0000	beacon2.Variants	24.9GB
2023-02-08T11:25:39.606+0000	beacon2.Variants	24.9GB
2023-02-08T11:25:42.601+0000	beacon2.Variants	25.0GB
2023-02-08T11:25:45.604+0000	beacon2.Variants	25.0GB
2023-02-08T11:25:48.601+0000	beacon2.Variants	25.0GB
2023-02-08T11:25:51.620+0000	beacon2.Variants	25.1GB
2023-02-08T11:25:54.605+0000	beacon2.Variants	25.1GB
2023-02-08T11:25:57.602+0000	beacon2.Variants	25.1GB
2023-02-08T11:26:00.603+0000	beacon2.Variants	25.2GB
2023-02-08T11:26:03.601+0000	beacon2.Variants	25.2GB
2023-02-08T11:26:06.603+0000	beacon2.Variants	25.3GB
2023-02-08T11:26:09.607+0000	beacon2.Variants	25.3GB
2023-02-08T11:26:12.608+0000	beacon2.Variants	25.3GB
2023-02-08T11:26:15.603+0000	beacon2.Variants	25.4GB
2023-02-08T11:26:18.601+0000	beacon2.Variants	25.4GB
2023-02-08T11:26:21.601+0000	beacon2.Variants	25.5GB
2023-02-08T11:26:24.604+0000	beacon2.Variants	25.5GB
2023-02-08T11:26:27.606+0000	beacon2.Variants	25.5GB
2023-02-08T11:26:30.608+0000	beacon2.Variants	25.6GB
2023-02-08T11:26:33.604+0000	beacon2.Variants	25.6GB
2023-02-08T11:26:36.602+0000	beacon2.Variants	25.6GB
2023-02-08T11:26:39.604+0000	beacon2.Variants	25.7GB
2023-02-08T11:26:42.606+0000	beacon2.Variants	25.7GB
2023-02-08T11:26:45.602+0000	beacon2.Variants	25.8GB
2023-02-08T11:26:48.616+0000	beacon2.Variants	25.8GB
2023-02-08T11:26:51.601+0000	beacon2.Variants	25.8GB
2023-02-08T11:26:54.601+0000	beacon2.Variants	25.9GB
2023-02-08T11:26:57.608+0000	beacon2.Variants	25.9GB
2023-02-08T11:27:00.607+0000	beacon2.Variants	25.9GB
2023-02-08T11:27:03.607+0000	beacon2.Variants	26.0GB
2023-02-08T11:27:06.602+0000	beacon2.Variants	26.0GB
2023-02-08T11:27:09.608+0000	beacon2.Variants	26.1GB
2023-02-08T11:27:12.124+0000	beacon2.Variants	26.1GB
2023-02-08T11:27:12.124+0000	2435317 document(s) imported successfully. 0 document(s) failed to import.

real	34m20.547s
user	60m59.649s
sys	0m59.686s
