2023-02-08T12:48:38.354+0000	connected to: mongodb://[**REDACTED**]@localhost:27017/beacon2?authSource=admin
2023-02-08T12:48:41.360+0000	beacon2.Variants	38.1MB
2023-02-08T12:48:44.355+0000	beacon2.Variants	77.2MB
2023-02-08T12:48:47.358+0000	beacon2.Variants	117MB
2023-02-08T12:48:50.354+0000	beacon2.Variants	155MB
2023-02-08T12:48:53.360+0000	beacon2.Variants	195MB
2023-02-08T12:48:56.367+0000	beacon2.Variants	234MB
2023-02-08T12:48:59.366+0000	beacon2.Variants	273MB
2023-02-08T12:49:02.354+0000	beacon2.Variants	313MB
2023-02-08T12:49:05.354+0000	beacon2.Variants	351MB
2023-02-08T12:49:08.355+0000	beacon2.Variants	390MB
2023-02-08T12:49:11.356+0000	beacon2.Variants	429MB
2023-02-08T12:49:14.357+0000	beacon2.Variants	468MB
2023-02-08T12:49:17.356+0000	beacon2.Variants	505MB
2023-02-08T12:49:20.362+0000	beacon2.Variants	545MB
2023-02-08T12:49:23.354+0000	beacon2.Variants	584MB
2023-02-08T12:49:26.357+0000	beacon2.Variants	625MB
2023-02-08T12:49:29.357+0000	beacon2.Variants	663MB
2023-02-08T12:49:32.354+0000	beacon2.Variants	701MB
2023-02-08T12:49:35.357+0000	beacon2.Variants	741MB
2023-02-08T12:49:38.367+0000	beacon2.Variants	780MB
2023-02-08T12:49:41.354+0000	beacon2.Variants	819MB
2023-02-08T12:49:44.354+0000	beacon2.Variants	858MB
2023-02-08T12:49:47.358+0000	beacon2.Variants	896MB
2023-02-08T12:49:50.354+0000	beacon2.Variants	936MB
2023-02-08T12:49:53.354+0000	beacon2.Variants	974MB
2023-02-08T12:49:56.356+0000	beacon2.Variants	1012MB
2023-02-08T12:49:59.354+0000	beacon2.Variants	1.03GB
2023-02-08T12:50:02.381+0000	beacon2.Variants	1.07GB
2023-02-08T12:50:05.357+0000	beacon2.Variants	1.11GB
2023-02-08T12:50:08.358+0000	beacon2.Variants	1.14GB
2023-02-08T12:50:11.361+0000	beacon2.Variants	1.18GB
2023-02-08T12:50:14.354+0000	beacon2.Variants	1.22GB
2023-02-08T12:50:17.356+0000	beacon2.Variants	1.25GB
2023-02-08T12:50:20.359+0000	beacon2.Variants	1.29GB
2023-02-08T12:50:23.354+0000	beacon2.Variants	1.33GB
2023-02-08T12:50:26.357+0000	beacon2.Variants	1.37GB
2023-02-08T12:50:29.354+0000	beacon2.Variants	1.41GB
2023-02-08T12:50:32.354+0000	beacon2.Variants	1.45GB
2023-02-08T12:50:35.356+0000	beacon2.Variants	1.49GB
2023-02-08T12:50:38.359+0000	beacon2.Variants	1.52GB
2023-02-08T12:50:41.354+0000	beacon2.Variants	1.56GB
2023-02-08T12:50:44.355+0000	beacon2.Variants	1.60GB
2023-02-08T12:50:47.355+0000	beacon2.Variants	1.64GB
2023-02-08T12:50:50.357+0000	beacon2.Variants	1.68GB
2023-02-08T12:50:53.354+0000	beacon2.Variants	1.71GB
2023-02-08T12:50:56.359+0000	beacon2.Variants	1.75GB
2023-02-08T12:50:59.354+0000	beacon2.Variants	1.79GB
2023-02-08T12:51:02.354+0000	beacon2.Variants	1.83GB
2023-02-08T12:51:05.355+0000	beacon2.Variants	1.87GB
2023-02-08T12:51:08.355+0000	beacon2.Variants	1.90GB
2023-02-08T12:51:11.356+0000	beacon2.Variants	1.94GB
2023-02-08T12:51:14.360+0000	beacon2.Variants	1.98GB
2023-02-08T12:51:17.360+0000	beacon2.Variants	2.02GB
2023-02-08T12:51:20.359+0000	beacon2.Variants	2.05GB
2023-02-08T12:51:23.359+0000	beacon2.Variants	2.09GB
2023-02-08T12:51:26.355+0000	beacon2.Variants	2.13GB
2023-02-08T12:51:29.359+0000	beacon2.Variants	2.17GB
2023-02-08T12:51:32.355+0000	beacon2.Variants	2.21GB
2023-02-08T12:51:35.354+0000	beacon2.Variants	2.25GB
2023-02-08T12:51:38.355+0000	beacon2.Variants	2.28GB
2023-02-08T12:51:41.354+0000	beacon2.Variants	2.32GB
2023-02-08T12:51:44.354+0000	beacon2.Variants	2.36GB
2023-02-08T12:51:47.357+0000	beacon2.Variants	2.40GB
2023-02-08T12:51:50.356+0000	beacon2.Variants	2.44GB
2023-02-08T12:51:53.354+0000	beacon2.Variants	2.47GB
2023-02-08T12:51:56.357+0000	beacon2.Variants	2.51GB
2023-02-08T12:51:59.354+0000	beacon2.Variants	2.55GB
2023-02-08T12:52:02.356+0000	beacon2.Variants	2.59GB
2023-02-08T12:52:05.354+0000	beacon2.Variants	2.62GB
2023-02-08T12:52:08.356+0000	beacon2.Variants	2.66GB
2023-02-08T12:52:11.354+0000	beacon2.Variants	2.70GB
2023-02-08T12:52:14.354+0000	beacon2.Variants	2.74GB
2023-02-08T12:52:17.355+0000	beacon2.Variants	2.78GB
2023-02-08T12:52:20.360+0000	beacon2.Variants	2.81GB
2023-02-08T12:52:23.354+0000	beacon2.Variants	2.85GB
2023-02-08T12:52:26.357+0000	beacon2.Variants	2.89GB
2023-02-08T12:52:29.359+0000	beacon2.Variants	2.93GB
2023-02-08T12:52:32.357+0000	beacon2.Variants	2.97GB
2023-02-08T12:52:35.355+0000	beacon2.Variants	3.01GB
2023-02-08T12:52:38.355+0000	beacon2.Variants	3.05GB
2023-02-08T12:52:41.362+0000	beacon2.Variants	3.09GB
2023-02-08T12:52:44.368+0000	beacon2.Variants	3.12GB
2023-02-08T12:52:47.355+0000	beacon2.Variants	3.16GB
2023-02-08T12:52:50.359+0000	beacon2.Variants	3.20GB
2023-02-08T12:52:53.354+0000	beacon2.Variants	3.24GB
2023-02-08T12:52:56.357+0000	beacon2.Variants	3.28GB
2023-02-08T12:52:59.354+0000	beacon2.Variants	3.32GB
2023-02-08T12:53:02.365+0000	beacon2.Variants	3.35GB
2023-02-08T12:53:05.358+0000	beacon2.Variants	3.39GB
2023-02-08T12:53:08.360+0000	beacon2.Variants	3.43GB
2023-02-08T12:53:11.354+0000	beacon2.Variants	3.47GB
2023-02-08T12:53:14.355+0000	beacon2.Variants	3.51GB
2023-02-08T12:53:17.354+0000	beacon2.Variants	3.55GB
2023-02-08T12:53:20.354+0000	beacon2.Variants	3.58GB
2023-02-08T12:53:23.357+0000	beacon2.Variants	3.62GB
2023-02-08T12:53:26.363+0000	beacon2.Variants	3.66GB
2023-02-08T12:53:29.356+0000	beacon2.Variants	3.70GB
2023-02-08T12:53:32.355+0000	beacon2.Variants	3.74GB
2023-02-08T12:53:35.355+0000	beacon2.Variants	3.77GB
2023-02-08T12:53:38.356+0000	beacon2.Variants	3.81GB
2023-02-08T12:53:41.354+0000	beacon2.Variants	3.85GB
2023-02-08T12:53:44.362+0000	beacon2.Variants	3.89GB
2023-02-08T12:53:47.370+0000	beacon2.Variants	3.93GB
2023-02-08T12:53:50.358+0000	beacon2.Variants	3.97GB
2023-02-08T12:53:53.366+0000	beacon2.Variants	4.01GB
2023-02-08T12:53:56.360+0000	beacon2.Variants	4.04GB
2023-02-08T12:53:59.354+0000	beacon2.Variants	4.08GB
2023-02-08T12:54:02.359+0000	beacon2.Variants	4.12GB
2023-02-08T12:54:05.374+0000	beacon2.Variants	4.16GB
2023-02-08T12:54:08.355+0000	beacon2.Variants	4.20GB
2023-02-08T12:54:11.354+0000	beacon2.Variants	4.23GB
2023-02-08T12:54:14.356+0000	beacon2.Variants	4.27GB
2023-02-08T12:54:17.357+0000	beacon2.Variants	4.31GB
2023-02-08T12:54:20.361+0000	beacon2.Variants	4.35GB
2023-02-08T12:54:23.356+0000	beacon2.Variants	4.39GB
2023-02-08T12:54:26.356+0000	beacon2.Variants	4.43GB
2023-02-08T12:54:29.354+0000	beacon2.Variants	4.47GB
2023-02-08T12:54:32.359+0000	beacon2.Variants	4.50GB
2023-02-08T12:54:35.355+0000	beacon2.Variants	4.54GB
2023-02-08T12:54:38.355+0000	beacon2.Variants	4.58GB
2023-02-08T12:54:41.354+0000	beacon2.Variants	4.62GB
2023-02-08T12:54:44.354+0000	beacon2.Variants	4.65GB
2023-02-08T12:54:47.374+0000	beacon2.Variants	4.69GB
2023-02-08T12:54:50.354+0000	beacon2.Variants	4.73GB
2023-02-08T12:54:53.359+0000	beacon2.Variants	4.77GB
2023-02-08T12:54:56.356+0000	beacon2.Variants	4.81GB
2023-02-08T12:54:59.358+0000	beacon2.Variants	4.85GB
2023-02-08T12:55:02.354+0000	beacon2.Variants	4.88GB
2023-02-08T12:55:05.357+0000	beacon2.Variants	4.92GB
2023-02-08T12:55:08.357+0000	beacon2.Variants	4.96GB
2023-02-08T12:55:11.355+0000	beacon2.Variants	5.00GB
2023-02-08T12:55:14.362+0000	beacon2.Variants	5.04GB
2023-02-08T12:55:17.357+0000	beacon2.Variants	5.07GB
2023-02-08T12:55:20.370+0000	beacon2.Variants	5.11GB
2023-02-08T12:55:23.371+0000	beacon2.Variants	5.15GB
2023-02-08T12:55:26.354+0000	beacon2.Variants	5.19GB
2023-02-08T12:55:29.354+0000	beacon2.Variants	5.23GB
2023-02-08T12:55:32.366+0000	beacon2.Variants	5.26GB
2023-02-08T12:55:35.355+0000	beacon2.Variants	5.30GB
2023-02-08T12:55:38.355+0000	beacon2.Variants	5.34GB
2023-02-08T12:55:41.360+0000	beacon2.Variants	5.38GB
2023-02-08T12:55:44.358+0000	beacon2.Variants	5.42GB
2023-02-08T12:55:47.355+0000	beacon2.Variants	5.46GB
2023-02-08T12:55:50.354+0000	beacon2.Variants	5.49GB
2023-02-08T12:55:53.357+0000	beacon2.Variants	5.53GB
2023-02-08T12:55:56.359+0000	beacon2.Variants	5.57GB
2023-02-08T12:55:59.356+0000	beacon2.Variants	5.61GB
2023-02-08T12:56:02.356+0000	beacon2.Variants	5.65GB
2023-02-08T12:56:05.354+0000	beacon2.Variants	5.68GB
2023-02-08T12:56:08.361+0000	beacon2.Variants	5.72GB
2023-02-08T12:56:11.358+0000	beacon2.Variants	5.76GB
2023-02-08T12:56:14.354+0000	beacon2.Variants	5.80GB
2023-02-08T12:56:17.357+0000	beacon2.Variants	5.84GB
2023-02-08T12:56:20.354+0000	beacon2.Variants	5.87GB
2023-02-08T12:56:23.354+0000	beacon2.Variants	5.91GB
2023-02-08T12:56:26.363+0000	beacon2.Variants	5.95GB
2023-02-08T12:56:29.355+0000	beacon2.Variants	5.99GB
2023-02-08T12:56:32.354+0000	beacon2.Variants	6.02GB
2023-02-08T12:56:35.355+0000	beacon2.Variants	6.06GB
2023-02-08T12:56:38.357+0000	beacon2.Variants	6.10GB
2023-02-08T12:56:41.360+0000	beacon2.Variants	6.14GB
2023-02-08T12:56:44.357+0000	beacon2.Variants	6.18GB
2023-02-08T12:56:47.356+0000	beacon2.Variants	6.21GB
2023-02-08T12:56:50.354+0000	beacon2.Variants	6.25GB
2023-02-08T12:56:53.357+0000	beacon2.Variants	6.29GB
2023-02-08T12:56:56.355+0000	beacon2.Variants	6.33GB
2023-02-08T12:56:59.367+0000	beacon2.Variants	6.37GB
2023-02-08T12:57:02.354+0000	beacon2.Variants	6.40GB
2023-02-08T12:57:05.361+0000	beacon2.Variants	6.44GB
2023-02-08T12:57:08.354+0000	beacon2.Variants	6.48GB
2023-02-08T12:57:11.356+0000	beacon2.Variants	6.52GB
2023-02-08T12:57:14.357+0000	beacon2.Variants	6.56GB
2023-02-08T12:57:17.355+0000	beacon2.Variants	6.59GB
2023-02-08T12:57:20.362+0000	beacon2.Variants	6.63GB
2023-02-08T12:57:23.357+0000	beacon2.Variants	6.67GB
2023-02-08T12:57:26.359+0000	beacon2.Variants	6.71GB
2023-02-08T12:57:29.354+0000	beacon2.Variants	6.75GB
2023-02-08T12:57:32.366+0000	beacon2.Variants	6.78GB
2023-02-08T12:57:35.356+0000	beacon2.Variants	6.82GB
2023-02-08T12:57:38.365+0000	beacon2.Variants	6.86GB
2023-02-08T12:57:41.364+0000	beacon2.Variants	6.90GB
2023-02-08T12:57:44.358+0000	beacon2.Variants	6.94GB
2023-02-08T12:57:47.360+0000	beacon2.Variants	6.97GB
2023-02-08T12:57:50.359+0000	beacon2.Variants	7.01GB
2023-02-08T12:57:53.354+0000	beacon2.Variants	7.05GB
2023-02-08T12:57:56.357+0000	beacon2.Variants	7.09GB
2023-02-08T12:57:59.356+0000	beacon2.Variants	7.13GB
2023-02-08T12:58:02.354+0000	beacon2.Variants	7.17GB
2023-02-08T12:58:05.357+0000	beacon2.Variants	7.20GB
2023-02-08T12:58:08.359+0000	beacon2.Variants	7.24GB
2023-02-08T12:58:11.354+0000	beacon2.Variants	7.28GB
2023-02-08T12:58:14.359+0000	beacon2.Variants	7.32GB
2023-02-08T12:58:17.358+0000	beacon2.Variants	7.36GB
2023-02-08T12:58:20.375+0000	beacon2.Variants	7.39GB
2023-02-08T12:58:23.356+0000	beacon2.Variants	7.43GB
2023-02-08T12:58:26.364+0000	beacon2.Variants	7.47GB
2023-02-08T12:58:29.358+0000	beacon2.Variants	7.51GB
2023-02-08T12:58:32.362+0000	beacon2.Variants	7.55GB
2023-02-08T12:58:35.359+0000	beacon2.Variants	7.59GB
2023-02-08T12:58:38.354+0000	beacon2.Variants	7.62GB
2023-02-08T12:58:41.359+0000	beacon2.Variants	7.66GB
2023-02-08T12:58:44.362+0000	beacon2.Variants	7.70GB
2023-02-08T12:58:47.358+0000	beacon2.Variants	7.74GB
2023-02-08T12:58:50.356+0000	beacon2.Variants	7.78GB
2023-02-08T12:58:53.354+0000	beacon2.Variants	7.81GB
2023-02-08T12:58:56.356+0000	beacon2.Variants	7.85GB
2023-02-08T12:58:59.354+0000	beacon2.Variants	7.89GB
2023-02-08T12:59:02.354+0000	beacon2.Variants	7.93GB
2023-02-08T12:59:05.369+0000	beacon2.Variants	7.97GB
2023-02-08T12:59:08.359+0000	beacon2.Variants	8.01GB
2023-02-08T12:59:11.361+0000	beacon2.Variants	8.04GB
2023-02-08T12:59:14.358+0000	beacon2.Variants	8.08GB
2023-02-08T12:59:17.354+0000	beacon2.Variants	8.12GB
2023-02-08T12:59:20.362+0000	beacon2.Variants	8.16GB
2023-02-08T12:59:23.365+0000	beacon2.Variants	8.20GB
2023-02-08T12:59:26.354+0000	beacon2.Variants	8.23GB
2023-02-08T12:59:29.364+0000	beacon2.Variants	8.27GB
2023-02-08T12:59:32.354+0000	beacon2.Variants	8.31GB
2023-02-08T12:59:35.362+0000	beacon2.Variants	8.35GB
2023-02-08T12:59:38.358+0000	beacon2.Variants	8.39GB
2023-02-08T12:59:41.361+0000	beacon2.Variants	8.42GB
2023-02-08T12:59:44.360+0000	beacon2.Variants	8.46GB
2023-02-08T12:59:47.356+0000	beacon2.Variants	8.50GB
2023-02-08T12:59:50.356+0000	beacon2.Variants	8.54GB
2023-02-08T12:59:53.361+0000	beacon2.Variants	8.58GB
2023-02-08T12:59:56.359+0000	beacon2.Variants	8.61GB
2023-02-08T12:59:59.354+0000	beacon2.Variants	8.65GB
2023-02-08T13:00:02.356+0000	beacon2.Variants	8.69GB
2023-02-08T13:00:05.355+0000	beacon2.Variants	8.73GB
2023-02-08T13:00:08.354+0000	beacon2.Variants	8.76GB
2023-02-08T13:00:11.354+0000	beacon2.Variants	8.80GB
2023-02-08T13:00:14.354+0000	beacon2.Variants	8.84GB
2023-02-08T13:00:17.360+0000	beacon2.Variants	8.88GB
2023-02-08T13:00:20.356+0000	beacon2.Variants	8.92GB
2023-02-08T13:00:23.362+0000	beacon2.Variants	8.95GB
2023-02-08T13:00:26.376+0000	beacon2.Variants	8.99GB
2023-02-08T13:00:29.355+0000	beacon2.Variants	9.03GB
2023-02-08T13:00:32.359+0000	beacon2.Variants	9.07GB
2023-02-08T13:00:35.358+0000	beacon2.Variants	9.11GB
2023-02-08T13:00:38.354+0000	beacon2.Variants	9.14GB
2023-02-08T13:00:41.361+0000	beacon2.Variants	9.18GB
2023-02-08T13:00:44.355+0000	beacon2.Variants	9.22GB
2023-02-08T13:00:47.360+0000	beacon2.Variants	9.26GB
2023-02-08T13:00:50.361+0000	beacon2.Variants	9.30GB
2023-02-08T13:00:53.358+0000	beacon2.Variants	9.34GB
2023-02-08T13:00:56.360+0000	beacon2.Variants	9.37GB
2023-02-08T13:00:59.360+0000	beacon2.Variants	9.41GB
2023-02-08T13:01:02.354+0000	beacon2.Variants	9.45GB
2023-02-08T13:01:05.362+0000	beacon2.Variants	9.49GB
2023-02-08T13:01:08.378+0000	beacon2.Variants	9.53GB
2023-02-08T13:01:11.360+0000	beacon2.Variants	9.56GB
2023-02-08T13:01:14.354+0000	beacon2.Variants	9.60GB
2023-02-08T13:01:17.359+0000	beacon2.Variants	9.64GB
2023-02-08T13:01:20.357+0000	beacon2.Variants	9.68GB
2023-02-08T13:01:23.362+0000	beacon2.Variants	9.72GB
2023-02-08T13:01:26.354+0000	beacon2.Variants	9.75GB
2023-02-08T13:01:29.354+0000	beacon2.Variants	9.79GB
2023-02-08T13:01:32.360+0000	beacon2.Variants	9.83GB
2023-02-08T13:01:35.363+0000	beacon2.Variants	9.87GB
2023-02-08T13:01:38.378+0000	beacon2.Variants	9.91GB
2023-02-08T13:01:41.364+0000	beacon2.Variants	9.94GB
2023-02-08T13:01:44.363+0000	beacon2.Variants	9.98GB
2023-02-08T13:01:47.354+0000	beacon2.Variants	10.0GB
2023-02-08T13:01:50.354+0000	beacon2.Variants	10.1GB
2023-02-08T13:01:53.360+0000	beacon2.Variants	10.1GB
2023-02-08T13:01:56.354+0000	beacon2.Variants	10.1GB
2023-02-08T13:01:59.359+0000	beacon2.Variants	10.2GB
2023-02-08T13:02:02.355+0000	beacon2.Variants	10.2GB
2023-02-08T13:02:05.356+0000	beacon2.Variants	10.2GB
2023-02-08T13:02:08.355+0000	beacon2.Variants	10.3GB
2023-02-08T13:02:11.365+0000	beacon2.Variants	10.3GB
2023-02-08T13:02:14.354+0000	beacon2.Variants	10.4GB
2023-02-08T13:02:17.361+0000	beacon2.Variants	10.4GB
2023-02-08T13:02:20.354+0000	beacon2.Variants	10.4GB
2023-02-08T13:02:23.355+0000	beacon2.Variants	10.5GB
2023-02-08T13:02:26.361+0000	beacon2.Variants	10.5GB
2023-02-08T13:02:29.356+0000	beacon2.Variants	10.6GB
2023-02-08T13:02:32.354+0000	beacon2.Variants	10.6GB
2023-02-08T13:02:35.357+0000	beacon2.Variants	10.6GB
2023-02-08T13:02:38.362+0000	beacon2.Variants	10.7GB
2023-02-08T13:02:41.358+0000	beacon2.Variants	10.7GB
2023-02-08T13:02:44.355+0000	beacon2.Variants	10.7GB
2023-02-08T13:02:47.354+0000	beacon2.Variants	10.8GB
2023-02-08T13:02:50.361+0000	beacon2.Variants	10.8GB
2023-02-08T13:02:53.354+0000	beacon2.Variants	10.9GB
2023-02-08T13:02:56.354+0000	beacon2.Variants	10.9GB
2023-02-08T13:02:59.355+0000	beacon2.Variants	10.9GB
2023-02-08T13:03:02.355+0000	beacon2.Variants	11.0GB
2023-02-08T13:03:05.354+0000	beacon2.Variants	11.0GB
2023-02-08T13:03:08.354+0000	beacon2.Variants	11.1GB
2023-02-08T13:03:11.356+0000	beacon2.Variants	11.1GB
2023-02-08T13:03:14.359+0000	beacon2.Variants	11.1GB
2023-02-08T13:03:17.363+0000	beacon2.Variants	11.2GB
2023-02-08T13:03:20.367+0000	beacon2.Variants	11.2GB
2023-02-08T13:03:23.365+0000	beacon2.Variants	11.2GB
2023-02-08T13:03:26.354+0000	beacon2.Variants	11.3GB
2023-02-08T13:03:29.354+0000	beacon2.Variants	11.3GB
2023-02-08T13:03:32.355+0000	beacon2.Variants	11.4GB
2023-02-08T13:03:35.354+0000	beacon2.Variants	11.4GB
2023-02-08T13:03:38.355+0000	beacon2.Variants	11.4GB
2023-02-08T13:03:41.355+0000	beacon2.Variants	11.5GB
2023-02-08T13:03:44.354+0000	beacon2.Variants	11.5GB
2023-02-08T13:03:47.360+0000	beacon2.Variants	11.6GB
2023-02-08T13:03:50.358+0000	beacon2.Variants	11.6GB
2023-02-08T13:03:53.354+0000	beacon2.Variants	11.6GB
2023-02-08T13:03:56.355+0000	beacon2.Variants	11.7GB
2023-02-08T13:03:59.354+0000	beacon2.Variants	11.7GB
2023-02-08T13:04:02.359+0000	beacon2.Variants	11.7GB
2023-02-08T13:04:05.354+0000	beacon2.Variants	11.8GB
2023-02-08T13:04:08.354+0000	beacon2.Variants	11.8GB
2023-02-08T13:04:11.354+0000	beacon2.Variants	11.9GB
2023-02-08T13:04:14.361+0000	beacon2.Variants	11.9GB
2023-02-08T13:04:17.357+0000	beacon2.Variants	11.9GB
2023-02-08T13:04:20.361+0000	beacon2.Variants	12.0GB
2023-02-08T13:04:23.359+0000	beacon2.Variants	12.0GB
2023-02-08T13:04:26.354+0000	beacon2.Variants	12.1GB
2023-02-08T13:04:29.358+0000	beacon2.Variants	12.1GB
2023-02-08T13:04:32.354+0000	beacon2.Variants	12.1GB
2023-02-08T13:04:35.356+0000	beacon2.Variants	12.2GB
2023-02-08T13:04:38.360+0000	beacon2.Variants	12.2GB
2023-02-08T13:04:41.372+0000	beacon2.Variants	12.2GB
2023-02-08T13:04:44.356+0000	beacon2.Variants	12.3GB
2023-02-08T13:04:47.357+0000	beacon2.Variants	12.3GB
2023-02-08T13:04:50.363+0000	beacon2.Variants	12.3GB
2023-02-08T13:04:53.360+0000	beacon2.Variants	12.4GB
2023-02-08T13:04:56.354+0000	beacon2.Variants	12.4GB
2023-02-08T13:04:59.358+0000	beacon2.Variants	12.5GB
2023-02-08T13:05:02.354+0000	beacon2.Variants	12.5GB
2023-02-08T13:05:05.356+0000	beacon2.Variants	12.5GB
2023-02-08T13:05:08.357+0000	beacon2.Variants	12.6GB
2023-02-08T13:05:11.357+0000	beacon2.Variants	12.6GB
2023-02-08T13:05:14.355+0000	beacon2.Variants	12.7GB
2023-02-08T13:05:17.355+0000	beacon2.Variants	12.7GB
2023-02-08T13:05:20.354+0000	beacon2.Variants	12.7GB
2023-02-08T13:05:23.355+0000	beacon2.Variants	12.8GB
2023-02-08T13:05:26.361+0000	beacon2.Variants	12.8GB
2023-02-08T13:05:29.365+0000	beacon2.Variants	12.8GB
2023-02-08T13:05:32.360+0000	beacon2.Variants	12.9GB
2023-02-08T13:05:35.358+0000	beacon2.Variants	12.9GB
2023-02-08T13:05:38.362+0000	beacon2.Variants	13.0GB
2023-02-08T13:05:41.356+0000	beacon2.Variants	13.0GB
2023-02-08T13:05:44.354+0000	beacon2.Variants	13.0GB
2023-02-08T13:05:47.354+0000	beacon2.Variants	13.1GB
2023-02-08T13:05:50.360+0000	beacon2.Variants	13.1GB
2023-02-08T13:05:53.358+0000	beacon2.Variants	13.2GB
2023-02-08T13:05:56.358+0000	beacon2.Variants	13.2GB
2023-02-08T13:05:59.356+0000	beacon2.Variants	13.2GB
2023-02-08T13:06:02.366+0000	beacon2.Variants	13.3GB
2023-02-08T13:06:05.356+0000	beacon2.Variants	13.3GB
2023-02-08T13:06:08.358+0000	beacon2.Variants	13.3GB
2023-02-08T13:06:11.356+0000	beacon2.Variants	13.4GB
2023-02-08T13:06:14.354+0000	beacon2.Variants	13.4GB
2023-02-08T13:06:17.356+0000	beacon2.Variants	13.4GB
2023-02-08T13:06:20.359+0000	beacon2.Variants	13.5GB
2023-02-08T13:06:23.356+0000	beacon2.Variants	13.5GB
2023-02-08T13:06:26.354+0000	beacon2.Variants	13.6GB
2023-02-08T13:06:29.362+0000	beacon2.Variants	13.6GB
2023-02-08T13:06:32.355+0000	beacon2.Variants	13.6GB
2023-02-08T13:06:35.365+0000	beacon2.Variants	13.7GB
2023-02-08T13:06:38.357+0000	beacon2.Variants	13.7GB
2023-02-08T13:06:41.361+0000	beacon2.Variants	13.8GB
2023-02-08T13:06:44.355+0000	beacon2.Variants	13.8GB
2023-02-08T13:06:47.357+0000	beacon2.Variants	13.8GB
2023-02-08T13:06:50.362+0000	beacon2.Variants	13.9GB
2023-02-08T13:06:53.356+0000	beacon2.Variants	13.9GB
2023-02-08T13:06:56.354+0000	beacon2.Variants	13.9GB
2023-02-08T13:06:59.364+0000	beacon2.Variants	14.0GB
2023-02-08T13:07:02.354+0000	beacon2.Variants	14.0GB
2023-02-08T13:07:05.355+0000	beacon2.Variants	14.1GB
2023-02-08T13:07:08.355+0000	beacon2.Variants	14.1GB
2023-02-08T13:07:11.355+0000	beacon2.Variants	14.1GB
2023-02-08T13:07:14.354+0000	beacon2.Variants	14.2GB
2023-02-08T13:07:17.354+0000	beacon2.Variants	14.2GB
2023-02-08T13:07:20.356+0000	beacon2.Variants	14.2GB
2023-02-08T13:07:23.356+0000	beacon2.Variants	14.3GB
2023-02-08T13:07:26.354+0000	beacon2.Variants	14.3GB
2023-02-08T13:07:29.355+0000	beacon2.Variants	14.4GB
2023-02-08T13:07:32.360+0000	beacon2.Variants	14.4GB
2023-02-08T13:07:35.355+0000	beacon2.Variants	14.4GB
2023-02-08T13:07:38.355+0000	beacon2.Variants	14.5GB
2023-02-08T13:07:41.355+0000	beacon2.Variants	14.5GB
2023-02-08T13:07:44.355+0000	beacon2.Variants	14.6GB
2023-02-08T13:07:47.356+0000	beacon2.Variants	14.6GB
2023-02-08T13:07:50.355+0000	beacon2.Variants	14.6GB
2023-02-08T13:07:53.355+0000	beacon2.Variants	14.7GB
2023-02-08T13:07:56.357+0000	beacon2.Variants	14.7GB
2023-02-08T13:07:59.360+0000	beacon2.Variants	14.7GB
2023-02-08T13:08:02.368+0000	beacon2.Variants	14.8GB
2023-02-08T13:08:05.363+0000	beacon2.Variants	14.8GB
2023-02-08T13:08:08.360+0000	beacon2.Variants	14.9GB
2023-02-08T13:08:11.355+0000	beacon2.Variants	14.9GB
2023-02-08T13:08:14.355+0000	beacon2.Variants	14.9GB
2023-02-08T13:08:17.357+0000	beacon2.Variants	15.0GB
2023-02-08T13:08:20.355+0000	beacon2.Variants	15.0GB
2023-02-08T13:08:23.354+0000	beacon2.Variants	15.1GB
2023-02-08T13:08:26.355+0000	beacon2.Variants	15.1GB
2023-02-08T13:08:29.365+0000	beacon2.Variants	15.1GB
2023-02-08T13:08:32.360+0000	beacon2.Variants	15.2GB
2023-02-08T13:08:35.359+0000	beacon2.Variants	15.2GB
2023-02-08T13:08:38.360+0000	beacon2.Variants	15.2GB
2023-02-08T13:08:41.360+0000	beacon2.Variants	15.3GB
2023-02-08T13:08:44.363+0000	beacon2.Variants	15.3GB
2023-02-08T13:08:47.354+0000	beacon2.Variants	15.3GB
2023-02-08T13:08:50.359+0000	beacon2.Variants	15.4GB
2023-02-08T13:08:53.362+0000	beacon2.Variants	15.4GB
2023-02-08T13:08:56.355+0000	beacon2.Variants	15.5GB
2023-02-08T13:08:59.359+0000	beacon2.Variants	15.5GB
2023-02-08T13:09:02.354+0000	beacon2.Variants	15.5GB
2023-02-08T13:09:05.354+0000	beacon2.Variants	15.6GB
2023-02-08T13:09:08.357+0000	beacon2.Variants	15.6GB
2023-02-08T13:09:11.355+0000	beacon2.Variants	15.7GB
2023-02-08T13:09:14.359+0000	beacon2.Variants	15.7GB
2023-02-08T13:09:17.354+0000	beacon2.Variants	15.7GB
2023-02-08T13:09:20.354+0000	beacon2.Variants	15.8GB
2023-02-08T13:09:23.361+0000	beacon2.Variants	15.8GB
2023-02-08T13:09:26.357+0000	beacon2.Variants	15.8GB
2023-02-08T13:09:29.354+0000	beacon2.Variants	15.9GB
2023-02-08T13:09:32.368+0000	beacon2.Variants	15.9GB
2023-02-08T13:09:35.355+0000	beacon2.Variants	16.0GB
2023-02-08T13:09:38.366+0000	beacon2.Variants	16.0GB
2023-02-08T13:09:41.361+0000	beacon2.Variants	16.0GB
2023-02-08T13:09:44.355+0000	beacon2.Variants	16.1GB
2023-02-08T13:09:47.354+0000	beacon2.Variants	16.1GB
2023-02-08T13:09:50.364+0000	beacon2.Variants	16.1GB
2023-02-08T13:09:53.361+0000	beacon2.Variants	16.2GB
2023-02-08T13:09:56.365+0000	beacon2.Variants	16.2GB
2023-02-08T13:09:59.365+0000	beacon2.Variants	16.3GB
2023-02-08T13:10:02.355+0000	beacon2.Variants	16.3GB
2023-02-08T13:10:05.359+0000	beacon2.Variants	16.3GB
2023-02-08T13:10:08.356+0000	beacon2.Variants	16.4GB
2023-02-08T13:10:11.355+0000	beacon2.Variants	16.4GB
2023-02-08T13:10:14.360+0000	beacon2.Variants	16.4GB
2023-02-08T13:10:17.354+0000	beacon2.Variants	16.5GB
2023-02-08T13:10:20.362+0000	beacon2.Variants	16.5GB
2023-02-08T13:10:23.354+0000	beacon2.Variants	16.6GB
2023-02-08T13:10:26.354+0000	beacon2.Variants	16.6GB
2023-02-08T13:10:29.354+0000	beacon2.Variants	16.6GB
2023-02-08T13:10:32.373+0000	beacon2.Variants	16.7GB
2023-02-08T13:10:35.355+0000	beacon2.Variants	16.7GB
2023-02-08T13:10:38.363+0000	beacon2.Variants	16.8GB
2023-02-08T13:10:41.354+0000	beacon2.Variants	16.8GB
2023-02-08T13:10:44.361+0000	beacon2.Variants	16.8GB
2023-02-08T13:10:47.354+0000	beacon2.Variants	16.9GB
2023-02-08T13:10:50.379+0000	beacon2.Variants	16.9GB
2023-02-08T13:10:53.355+0000	beacon2.Variants	16.9GB
2023-02-08T13:10:56.357+0000	beacon2.Variants	17.0GB
2023-02-08T13:10:59.357+0000	beacon2.Variants	17.0GB
2023-02-08T13:11:02.362+0000	beacon2.Variants	17.1GB
2023-02-08T13:11:05.357+0000	beacon2.Variants	17.1GB
2023-02-08T13:11:08.356+0000	beacon2.Variants	17.1GB
2023-02-08T13:11:11.354+0000	beacon2.Variants	17.2GB
2023-02-08T13:11:14.359+0000	beacon2.Variants	17.2GB
2023-02-08T13:11:17.355+0000	beacon2.Variants	17.2GB
2023-02-08T13:11:20.361+0000	beacon2.Variants	17.3GB
2023-02-08T13:11:23.356+0000	beacon2.Variants	17.3GB
2023-02-08T13:11:26.355+0000	beacon2.Variants	17.4GB
2023-02-08T13:11:29.354+0000	beacon2.Variants	17.4GB
2023-02-08T13:11:32.354+0000	beacon2.Variants	17.4GB
2023-02-08T13:11:35.357+0000	beacon2.Variants	17.5GB
2023-02-08T13:11:38.364+0000	beacon2.Variants	17.5GB
2023-02-08T13:11:41.364+0000	beacon2.Variants	17.6GB
2023-02-08T13:11:44.354+0000	beacon2.Variants	17.6GB
2023-02-08T13:11:47.369+0000	beacon2.Variants	17.6GB
2023-02-08T13:11:50.367+0000	beacon2.Variants	17.7GB
2023-02-08T13:11:53.354+0000	beacon2.Variants	17.7GB
2023-02-08T13:11:56.355+0000	beacon2.Variants	17.7GB
2023-02-08T13:11:59.360+0000	beacon2.Variants	17.8GB
2023-02-08T13:12:02.357+0000	beacon2.Variants	17.8GB
2023-02-08T13:12:05.354+0000	beacon2.Variants	17.9GB
2023-02-08T13:12:08.360+0000	beacon2.Variants	17.9GB
2023-02-08T13:12:11.356+0000	beacon2.Variants	17.9GB
2023-02-08T13:12:14.366+0000	beacon2.Variants	18.0GB
2023-02-08T13:12:17.365+0000	beacon2.Variants	18.0GB
2023-02-08T13:12:20.364+0000	beacon2.Variants	18.1GB
2023-02-08T13:12:23.355+0000	beacon2.Variants	18.1GB
2023-02-08T13:12:26.354+0000	beacon2.Variants	18.1GB
2023-02-08T13:12:29.355+0000	beacon2.Variants	18.2GB
2023-02-08T13:12:32.355+0000	beacon2.Variants	18.2GB
2023-02-08T13:12:35.355+0000	beacon2.Variants	18.2GB
2023-02-08T13:12:38.358+0000	beacon2.Variants	18.3GB
2023-02-08T13:12:41.355+0000	beacon2.Variants	18.3GB
2023-02-08T13:12:44.360+0000	beacon2.Variants	18.4GB
2023-02-08T13:12:47.354+0000	beacon2.Variants	18.4GB
2023-02-08T13:12:50.356+0000	beacon2.Variants	18.4GB
2023-02-08T13:12:53.356+0000	beacon2.Variants	18.5GB
2023-02-08T13:12:56.355+0000	beacon2.Variants	18.5GB
2023-02-08T13:12:59.359+0000	beacon2.Variants	18.5GB
2023-02-08T13:13:02.354+0000	beacon2.Variants	18.6GB
2023-02-08T13:13:05.356+0000	beacon2.Variants	18.6GB
2023-02-08T13:13:08.359+0000	beacon2.Variants	18.7GB
2023-02-08T13:13:11.354+0000	beacon2.Variants	18.7GB
2023-02-08T13:13:14.365+0000	beacon2.Variants	18.7GB
2023-02-08T13:13:17.355+0000	beacon2.Variants	18.8GB
2023-02-08T13:13:20.361+0000	beacon2.Variants	18.8GB
2023-02-08T13:13:23.357+0000	beacon2.Variants	18.9GB
2023-02-08T13:13:26.354+0000	beacon2.Variants	18.9GB
2023-02-08T13:13:29.362+0000	beacon2.Variants	18.9GB
2023-02-08T13:13:32.355+0000	beacon2.Variants	19.0GB
2023-02-08T13:13:35.363+0000	beacon2.Variants	19.0GB
2023-02-08T13:13:38.358+0000	beacon2.Variants	19.0GB
2023-02-08T13:13:41.354+0000	beacon2.Variants	19.1GB
2023-02-08T13:13:44.355+0000	beacon2.Variants	19.1GB
2023-02-08T13:13:47.359+0000	beacon2.Variants	19.1GB
2023-02-08T13:13:50.360+0000	beacon2.Variants	19.2GB
2023-02-08T13:13:53.354+0000	beacon2.Variants	19.2GB
2023-02-08T13:13:56.362+0000	beacon2.Variants	19.3GB
2023-02-08T13:13:59.354+0000	beacon2.Variants	19.3GB
2023-02-08T13:14:02.360+0000	beacon2.Variants	19.3GB
2023-02-08T13:14:05.361+0000	beacon2.Variants	19.4GB
2023-02-08T13:14:08.354+0000	beacon2.Variants	19.4GB
2023-02-08T13:14:11.355+0000	beacon2.Variants	19.4GB
2023-02-08T13:14:14.355+0000	beacon2.Variants	19.5GB
2023-02-08T13:14:17.357+0000	beacon2.Variants	19.5GB
2023-02-08T13:14:20.358+0000	beacon2.Variants	19.6GB
2023-02-08T13:14:23.357+0000	beacon2.Variants	19.6GB
2023-02-08T13:14:26.356+0000	beacon2.Variants	19.6GB
2023-02-08T13:14:29.354+0000	beacon2.Variants	19.7GB
2023-02-08T13:14:32.354+0000	beacon2.Variants	19.7GB
2023-02-08T13:14:35.354+0000	beacon2.Variants	19.8GB
2023-02-08T13:14:38.354+0000	beacon2.Variants	19.8GB
2023-02-08T13:14:41.354+0000	beacon2.Variants	19.8GB
2023-02-08T13:14:44.363+0000	beacon2.Variants	19.9GB
2023-02-08T13:14:47.355+0000	beacon2.Variants	19.9GB
2023-02-08T13:14:50.354+0000	beacon2.Variants	19.9GB
2023-02-08T13:14:53.355+0000	beacon2.Variants	20.0GB
2023-02-08T13:14:56.354+0000	beacon2.Variants	20.0GB
2023-02-08T13:14:59.355+0000	beacon2.Variants	20.1GB
2023-02-08T13:15:02.357+0000	beacon2.Variants	20.1GB
2023-02-08T13:15:05.357+0000	beacon2.Variants	20.1GB
2023-02-08T13:15:08.358+0000	beacon2.Variants	20.2GB
2023-02-08T13:15:11.359+0000	beacon2.Variants	20.2GB
2023-02-08T13:15:14.356+0000	beacon2.Variants	20.2GB
2023-02-08T13:15:17.362+0000	beacon2.Variants	20.3GB
2023-02-08T13:15:20.358+0000	beacon2.Variants	20.3GB
2023-02-08T13:15:23.355+0000	beacon2.Variants	20.4GB
2023-02-08T13:15:26.358+0000	beacon2.Variants	20.4GB
2023-02-08T13:15:29.356+0000	beacon2.Variants	20.4GB
2023-02-08T13:15:32.355+0000	beacon2.Variants	20.5GB
2023-02-08T13:15:35.364+0000	beacon2.Variants	20.5GB
2023-02-08T13:15:38.358+0000	beacon2.Variants	20.6GB
2023-02-08T13:15:41.355+0000	beacon2.Variants	20.6GB
2023-02-08T13:15:44.354+0000	beacon2.Variants	20.6GB
2023-02-08T13:15:47.358+0000	beacon2.Variants	20.7GB
2023-02-08T13:15:50.354+0000	beacon2.Variants	20.7GB
2023-02-08T13:15:53.356+0000	beacon2.Variants	20.8GB
2023-02-08T13:15:56.355+0000	beacon2.Variants	20.8GB
2023-02-08T13:15:59.354+0000	beacon2.Variants	20.8GB
2023-02-08T13:16:02.356+0000	beacon2.Variants	20.9GB
2023-02-08T13:16:05.354+0000	beacon2.Variants	20.9GB
2023-02-08T13:16:08.359+0000	beacon2.Variants	20.9GB
2023-02-08T13:16:11.356+0000	beacon2.Variants	21.0GB
2023-02-08T13:16:14.355+0000	beacon2.Variants	21.0GB
2023-02-08T13:16:17.360+0000	beacon2.Variants	21.1GB
2023-02-08T13:16:20.355+0000	beacon2.Variants	21.1GB
2023-02-08T13:16:23.360+0000	beacon2.Variants	21.1GB
2023-02-08T13:16:26.354+0000	beacon2.Variants	21.2GB
2023-02-08T13:16:29.359+0000	beacon2.Variants	21.2GB
2023-02-08T13:16:32.367+0000	beacon2.Variants	21.2GB
2023-02-08T13:16:35.367+0000	beacon2.Variants	21.3GB
2023-02-08T13:16:38.359+0000	beacon2.Variants	21.3GB
2023-02-08T13:16:41.354+0000	beacon2.Variants	21.4GB
2023-02-08T13:16:44.355+0000	beacon2.Variants	21.4GB
2023-02-08T13:16:47.354+0000	beacon2.Variants	21.4GB
2023-02-08T13:16:50.354+0000	beacon2.Variants	21.5GB
2023-02-08T13:16:53.356+0000	beacon2.Variants	21.5GB
2023-02-08T13:16:56.367+0000	beacon2.Variants	21.5GB
2023-02-08T13:16:59.354+0000	beacon2.Variants	21.6GB
2023-02-08T13:17:02.354+0000	beacon2.Variants	21.6GB
2023-02-08T13:17:05.354+0000	beacon2.Variants	21.7GB
2023-02-08T13:17:08.363+0000	beacon2.Variants	21.7GB
2023-02-08T13:17:11.359+0000	beacon2.Variants	21.7GB
2023-02-08T13:17:14.354+0000	beacon2.Variants	21.8GB
2023-02-08T13:17:17.354+0000	beacon2.Variants	21.8GB
2023-02-08T13:17:20.359+0000	beacon2.Variants	21.9GB
2023-02-08T13:17:23.362+0000	beacon2.Variants	21.9GB
2023-02-08T13:17:26.361+0000	beacon2.Variants	21.9GB
2023-02-08T13:17:29.360+0000	beacon2.Variants	22.0GB
2023-02-08T13:17:32.356+0000	beacon2.Variants	22.0GB
2023-02-08T13:17:35.359+0000	beacon2.Variants	22.0GB
2023-02-08T13:17:38.357+0000	beacon2.Variants	22.1GB
2023-02-08T13:17:41.368+0000	beacon2.Variants	22.1GB
2023-02-08T13:17:44.357+0000	beacon2.Variants	22.1GB
2023-02-08T13:17:47.360+0000	beacon2.Variants	22.2GB
2023-02-08T13:17:50.365+0000	beacon2.Variants	22.2GB
2023-02-08T13:17:53.354+0000	beacon2.Variants	22.3GB
2023-02-08T13:17:56.357+0000	beacon2.Variants	22.3GB
2023-02-08T13:17:59.357+0000	beacon2.Variants	22.3GB
2023-02-08T13:18:02.355+0000	beacon2.Variants	22.4GB
2023-02-08T13:18:05.354+0000	beacon2.Variants	22.4GB
2023-02-08T13:18:08.356+0000	beacon2.Variants	22.5GB
2023-02-08T13:18:11.357+0000	beacon2.Variants	22.5GB
2023-02-08T13:18:14.360+0000	beacon2.Variants	22.5GB
2023-02-08T13:18:17.358+0000	beacon2.Variants	22.6GB
2023-02-08T13:18:20.354+0000	beacon2.Variants	22.6GB
2023-02-08T13:18:23.355+0000	beacon2.Variants	22.6GB
2023-02-08T13:18:26.354+0000	beacon2.Variants	22.7GB
2023-02-08T13:18:29.356+0000	beacon2.Variants	22.7GB
2023-02-08T13:18:32.361+0000	beacon2.Variants	22.8GB
2023-02-08T13:18:35.354+0000	beacon2.Variants	22.8GB
2023-02-08T13:18:38.357+0000	beacon2.Variants	22.8GB
2023-02-08T13:18:41.355+0000	beacon2.Variants	22.9GB
2023-02-08T13:18:44.354+0000	beacon2.Variants	22.9GB
2023-02-08T13:18:47.358+0000	beacon2.Variants	22.9GB
2023-02-08T13:18:50.357+0000	beacon2.Variants	23.0GB
2023-02-08T13:18:53.354+0000	beacon2.Variants	23.0GB
2023-02-08T13:18:56.355+0000	beacon2.Variants	23.1GB
2023-02-08T13:18:59.354+0000	beacon2.Variants	23.1GB
2023-02-08T13:19:02.355+0000	beacon2.Variants	23.1GB
2023-02-08T13:19:05.355+0000	beacon2.Variants	23.2GB
2023-02-08T13:19:08.354+0000	beacon2.Variants	23.2GB
2023-02-08T13:19:11.354+0000	beacon2.Variants	23.2GB
2023-02-08T13:19:14.363+0000	beacon2.Variants	23.3GB
2023-02-08T13:19:17.354+0000	beacon2.Variants	23.3GB
2023-02-08T13:19:20.358+0000	beacon2.Variants	23.4GB
2023-02-08T13:19:23.366+0000	beacon2.Variants	23.4GB
2023-02-08T13:19:26.378+0000	beacon2.Variants	23.4GB
2023-02-08T13:19:29.356+0000	beacon2.Variants	23.5GB
2023-02-08T13:19:32.365+0000	beacon2.Variants	23.5GB
2023-02-08T13:19:35.361+0000	beacon2.Variants	23.6GB
2023-02-08T13:19:38.354+0000	beacon2.Variants	23.6GB
2023-02-08T13:19:41.354+0000	beacon2.Variants	23.6GB
2023-02-08T13:19:44.354+0000	beacon2.Variants	23.7GB
2023-02-08T13:19:47.359+0000	beacon2.Variants	23.7GB
2023-02-08T13:19:50.361+0000	beacon2.Variants	23.8GB
2023-02-08T13:19:53.355+0000	beacon2.Variants	23.8GB
2023-02-08T13:19:56.356+0000	beacon2.Variants	23.8GB
2023-02-08T13:19:59.358+0000	beacon2.Variants	23.9GB
2023-02-08T13:20:02.363+0000	beacon2.Variants	23.9GB
2023-02-08T13:20:05.358+0000	beacon2.Variants	23.9GB
2023-02-08T13:20:08.364+0000	beacon2.Variants	24.0GB
2023-02-08T13:20:11.362+0000	beacon2.Variants	24.0GB
2023-02-08T13:20:14.358+0000	beacon2.Variants	24.1GB
2023-02-08T13:20:17.354+0000	beacon2.Variants	24.1GB
2023-02-08T13:20:20.355+0000	beacon2.Variants	24.1GB
2023-02-08T13:20:23.354+0000	beacon2.Variants	24.2GB
2023-02-08T13:20:26.356+0000	beacon2.Variants	24.2GB
2023-02-08T13:20:29.355+0000	beacon2.Variants	24.2GB
2023-02-08T13:20:32.372+0000	beacon2.Variants	24.3GB
2023-02-08T13:20:35.354+0000	beacon2.Variants	24.3GB
2023-02-08T13:20:38.358+0000	beacon2.Variants	24.4GB
2023-02-08T13:20:41.354+0000	beacon2.Variants	24.4GB
2023-02-08T13:20:44.354+0000	beacon2.Variants	24.4GB
2023-02-08T13:20:47.363+0000	beacon2.Variants	24.5GB
2023-02-08T13:20:50.365+0000	beacon2.Variants	24.5GB
2023-02-08T13:20:53.356+0000	beacon2.Variants	24.5GB
2023-02-08T13:20:56.355+0000	beacon2.Variants	24.6GB
2023-02-08T13:20:59.354+0000	beacon2.Variants	24.6GB
2023-02-08T13:21:02.354+0000	beacon2.Variants	24.7GB
2023-02-08T13:21:05.354+0000	beacon2.Variants	24.7GB
2023-02-08T13:21:08.354+0000	beacon2.Variants	24.7GB
2023-02-08T13:21:11.362+0000	beacon2.Variants	24.8GB
2023-02-08T13:21:14.363+0000	beacon2.Variants	24.8GB
2023-02-08T13:21:17.356+0000	beacon2.Variants	24.9GB
2023-02-08T13:21:20.358+0000	beacon2.Variants	24.9GB
2023-02-08T13:21:23.355+0000	beacon2.Variants	24.9GB
2023-02-08T13:21:26.359+0000	beacon2.Variants	25.0GB
2023-02-08T13:21:29.366+0000	beacon2.Variants	25.0GB
2023-02-08T13:21:32.366+0000	beacon2.Variants	25.0GB
2023-02-08T13:21:35.354+0000	beacon2.Variants	25.1GB
2023-02-08T13:21:38.361+0000	beacon2.Variants	25.1GB
2023-02-08T13:21:41.355+0000	beacon2.Variants	25.1GB
2023-02-08T13:21:44.359+0000	beacon2.Variants	25.2GB
2023-02-08T13:21:47.361+0000	beacon2.Variants	25.2GB
2023-02-08T13:21:50.361+0000	beacon2.Variants	25.3GB
2023-02-08T13:21:53.357+0000	beacon2.Variants	25.3GB
2023-02-08T13:21:56.354+0000	beacon2.Variants	25.3GB
2023-02-08T13:21:59.360+0000	beacon2.Variants	25.4GB
2023-02-08T13:22:02.354+0000	beacon2.Variants	25.4GB
2023-02-08T13:22:05.354+0000	beacon2.Variants	25.4GB
2023-02-08T13:22:08.367+0000	beacon2.Variants	25.5GB
2023-02-08T13:22:11.370+0000	beacon2.Variants	25.5GB
2023-02-08T13:22:14.359+0000	beacon2.Variants	25.6GB
2023-02-08T13:22:17.354+0000	beacon2.Variants	25.6GB
2023-02-08T13:22:20.359+0000	beacon2.Variants	25.6GB
2023-02-08T13:22:23.354+0000	beacon2.Variants	25.7GB
2023-02-08T13:22:26.354+0000	beacon2.Variants	25.7GB
2023-02-08T13:22:29.364+0000	beacon2.Variants	25.8GB
2023-02-08T13:22:32.355+0000	beacon2.Variants	25.8GB
2023-02-08T13:22:35.356+0000	beacon2.Variants	25.8GB
2023-02-08T13:22:38.358+0000	beacon2.Variants	25.9GB
2023-02-08T13:22:41.359+0000	beacon2.Variants	25.9GB
2023-02-08T13:22:44.359+0000	beacon2.Variants	25.9GB
2023-02-08T13:22:47.359+0000	beacon2.Variants	26.0GB
2023-02-08T13:22:50.354+0000	beacon2.Variants	26.0GB
2023-02-08T13:22:53.356+0000	beacon2.Variants	26.1GB
2023-02-08T13:22:56.355+0000	beacon2.Variants	26.1GB
2023-02-08T13:22:59.359+0000	beacon2.Variants	26.1GB
2023-02-08T13:23:02.354+0000	beacon2.Variants	26.2GB
2023-02-08T13:23:05.355+0000	beacon2.Variants	26.2GB
2023-02-08T13:23:08.362+0000	beacon2.Variants	26.2GB
2023-02-08T13:23:11.354+0000	beacon2.Variants	26.3GB
2023-02-08T13:23:14.359+0000	beacon2.Variants	26.3GB
2023-02-08T13:23:17.355+0000	beacon2.Variants	26.4GB
2023-02-08T13:23:20.355+0000	beacon2.Variants	26.4GB
2023-02-08T13:23:23.358+0000	beacon2.Variants	26.4GB
2023-02-08T13:23:26.367+0000	beacon2.Variants	26.5GB
2023-02-08T13:23:29.354+0000	beacon2.Variants	26.5GB
2023-02-08T13:23:32.355+0000	beacon2.Variants	26.6GB
2023-02-08T13:23:35.354+0000	beacon2.Variants	26.6GB
2023-02-08T13:23:38.355+0000	beacon2.Variants	26.6GB
2023-02-08T13:23:41.359+0000	beacon2.Variants	26.7GB
2023-02-08T13:23:44.355+0000	beacon2.Variants	26.7GB
2023-02-08T13:23:47.373+0000	beacon2.Variants	26.8GB
2023-02-08T13:23:50.354+0000	beacon2.Variants	26.8GB
2023-02-08T13:23:53.361+0000	beacon2.Variants	26.8GB
2023-02-08T13:23:56.356+0000	beacon2.Variants	26.9GB
2023-02-08T13:23:59.357+0000	beacon2.Variants	26.9GB
2023-02-08T13:24:02.358+0000	beacon2.Variants	26.9GB
2023-02-08T13:24:05.354+0000	beacon2.Variants	27.0GB
2023-02-08T13:24:08.354+0000	beacon2.Variants	27.0GB
2023-02-08T13:24:11.357+0000	beacon2.Variants	27.1GB
2023-02-08T13:24:14.354+0000	beacon2.Variants	27.1GB
2023-02-08T13:24:17.354+0000	beacon2.Variants	27.1GB
2023-02-08T13:24:20.354+0000	beacon2.Variants	27.2GB
2023-02-08T13:24:23.354+0000	beacon2.Variants	27.2GB
2023-02-08T13:24:26.354+0000	beacon2.Variants	27.2GB
2023-02-08T13:24:29.365+0000	beacon2.Variants	27.3GB
2023-02-08T13:24:32.359+0000	beacon2.Variants	27.3GB
2023-02-08T13:24:35.354+0000	beacon2.Variants	27.4GB
2023-02-08T13:24:38.362+0000	beacon2.Variants	27.4GB
2023-02-08T13:24:41.361+0000	beacon2.Variants	27.4GB
2023-02-08T13:24:44.355+0000	beacon2.Variants	27.5GB
2023-02-08T13:24:47.356+0000	beacon2.Variants	27.5GB
2023-02-08T13:24:50.355+0000	beacon2.Variants	27.5GB
2023-02-08T13:24:53.363+0000	beacon2.Variants	27.6GB
2023-02-08T13:24:56.356+0000	beacon2.Variants	27.6GB
2023-02-08T13:24:59.360+0000	beacon2.Variants	27.7GB
2023-02-08T13:25:02.359+0000	beacon2.Variants	27.7GB
2023-02-08T13:25:05.362+0000	beacon2.Variants	27.7GB
2023-02-08T13:25:08.363+0000	beacon2.Variants	27.8GB
2023-02-08T13:25:11.354+0000	beacon2.Variants	27.8GB
2023-02-08T13:25:14.354+0000	beacon2.Variants	27.9GB
2023-02-08T13:25:17.355+0000	beacon2.Variants	27.9GB
2023-02-08T13:25:20.365+0000	beacon2.Variants	27.9GB
2023-02-08T13:25:23.354+0000	beacon2.Variants	28.0GB
2023-02-08T13:25:26.368+0000	beacon2.Variants	28.0GB
2023-02-08T13:25:29.355+0000	beacon2.Variants	28.0GB
2023-02-08T13:25:32.354+0000	beacon2.Variants	28.1GB
2023-02-08T13:25:35.354+0000	beacon2.Variants	28.1GB
2023-02-08T13:25:38.359+0000	beacon2.Variants	28.1GB
2023-02-08T13:25:41.355+0000	beacon2.Variants	28.2GB
2023-02-08T13:25:44.361+0000	beacon2.Variants	28.2GB
2023-02-08T13:25:47.355+0000	beacon2.Variants	28.3GB
2023-02-08T13:25:50.354+0000	beacon2.Variants	28.3GB
2023-02-08T13:25:53.356+0000	beacon2.Variants	28.3GB
2023-02-08T13:25:56.355+0000	beacon2.Variants	28.4GB
2023-02-08T13:25:59.355+0000	beacon2.Variants	28.4GB
2023-02-08T13:26:02.354+0000	beacon2.Variants	28.4GB
2023-02-08T13:26:05.355+0000	beacon2.Variants	28.5GB
2023-02-08T13:26:08.354+0000	beacon2.Variants	28.5GB
2023-02-08T13:26:11.354+0000	beacon2.Variants	28.6GB
2023-02-08T13:26:14.360+0000	beacon2.Variants	28.6GB
2023-02-08T13:26:17.355+0000	beacon2.Variants	28.6GB
2023-02-08T13:26:20.360+0000	beacon2.Variants	28.7GB
2023-02-08T13:26:23.360+0000	beacon2.Variants	28.7GB
2023-02-08T13:26:26.360+0000	beacon2.Variants	28.8GB
2023-02-08T13:26:29.364+0000	beacon2.Variants	28.8GB
2023-02-08T13:26:32.354+0000	beacon2.Variants	28.8GB
2023-02-08T13:26:35.385+0000	beacon2.Variants	28.9GB
2023-02-08T13:26:38.354+0000	beacon2.Variants	28.9GB
2023-02-08T13:26:41.354+0000	beacon2.Variants	28.9GB
2023-02-08T13:26:44.358+0000	beacon2.Variants	29.0GB
2023-02-08T13:26:47.364+0000	beacon2.Variants	29.0GB
2023-02-08T13:26:50.356+0000	beacon2.Variants	29.1GB
2023-02-08T13:26:53.370+0000	beacon2.Variants	29.1GB
2023-02-08T13:26:56.358+0000	beacon2.Variants	29.1GB
2023-02-08T13:26:59.355+0000	beacon2.Variants	29.2GB
2023-02-08T13:27:02.354+0000	beacon2.Variants	29.2GB
2023-02-08T13:27:05.358+0000	beacon2.Variants	29.2GB
2023-02-08T13:27:08.354+0000	beacon2.Variants	29.3GB
2023-02-08T13:27:11.355+0000	beacon2.Variants	29.3GB
2023-02-08T13:27:14.357+0000	beacon2.Variants	29.4GB
2023-02-08T13:27:17.354+0000	beacon2.Variants	29.4GB
2023-02-08T13:27:20.354+0000	beacon2.Variants	29.4GB
2023-02-08T13:27:23.360+0000	beacon2.Variants	29.5GB
2023-02-08T13:27:26.364+0000	beacon2.Variants	29.5GB
2023-02-08T13:27:29.354+0000	beacon2.Variants	29.6GB
2023-02-08T13:27:32.356+0000	beacon2.Variants	29.6GB
2023-02-08T13:27:35.355+0000	beacon2.Variants	29.6GB
2023-02-08T13:27:38.355+0000	beacon2.Variants	29.7GB
2023-02-08T13:27:41.354+0000	beacon2.Variants	29.7GB
2023-02-08T13:27:44.354+0000	beacon2.Variants	29.8GB
2023-02-08T13:27:47.363+0000	beacon2.Variants	29.8GB
2023-02-08T13:27:50.361+0000	beacon2.Variants	29.8GB
2023-02-08T13:27:53.356+0000	beacon2.Variants	29.9GB
2023-02-08T13:27:56.354+0000	beacon2.Variants	29.9GB
2023-02-08T13:27:59.356+0000	beacon2.Variants	29.9GB
2023-02-08T13:28:02.360+0000	beacon2.Variants	30.0GB
2023-02-08T13:28:05.356+0000	beacon2.Variants	30.0GB
2023-02-08T13:28:08.356+0000	beacon2.Variants	30.1GB
2023-02-08T13:28:11.354+0000	beacon2.Variants	30.1GB
2023-02-08T13:28:14.354+0000	beacon2.Variants	30.1GB
2023-02-08T13:28:17.357+0000	beacon2.Variants	30.2GB
2023-02-08T13:28:20.354+0000	beacon2.Variants	30.2GB
2023-02-08T13:28:23.354+0000	beacon2.Variants	30.2GB
2023-02-08T13:28:26.357+0000	beacon2.Variants	30.3GB
2023-02-08T13:28:29.362+0000	beacon2.Variants	30.3GB
2023-02-08T13:28:32.354+0000	beacon2.Variants	30.4GB
2023-02-08T13:28:35.354+0000	beacon2.Variants	30.4GB
2023-02-08T13:28:38.358+0000	beacon2.Variants	30.4GB
2023-02-08T13:28:41.359+0000	beacon2.Variants	30.5GB
2023-02-08T13:28:44.359+0000	beacon2.Variants	30.5GB
2023-02-08T13:28:47.355+0000	beacon2.Variants	30.6GB
2023-02-08T13:28:50.354+0000	beacon2.Variants	30.6GB
2023-02-08T13:28:53.359+0000	beacon2.Variants	30.6GB
2023-02-08T13:28:56.358+0000	beacon2.Variants	30.7GB
2023-02-08T13:28:59.354+0000	beacon2.Variants	30.7GB
2023-02-08T13:29:02.354+0000	beacon2.Variants	30.7GB
2023-02-08T13:29:05.354+0000	beacon2.Variants	30.8GB
2023-02-08T13:29:08.354+0000	beacon2.Variants	30.8GB
2023-02-08T13:29:11.362+0000	beacon2.Variants	30.9GB
2023-02-08T13:29:14.356+0000	beacon2.Variants	30.9GB
2023-02-08T13:29:17.373+0000	beacon2.Variants	30.9GB
2023-02-08T13:29:20.369+0000	beacon2.Variants	31.0GB
2023-02-08T13:29:23.366+0000	beacon2.Variants	31.0GB
2023-02-08T13:29:26.361+0000	beacon2.Variants	31.0GB
2023-02-08T13:29:29.355+0000	beacon2.Variants	31.1GB
2023-02-08T13:29:32.357+0000	beacon2.Variants	31.1GB
2023-02-08T13:29:35.355+0000	beacon2.Variants	31.2GB
2023-02-08T13:29:38.358+0000	beacon2.Variants	31.2GB
2023-02-08T13:29:41.356+0000	beacon2.Variants	31.2GB
2023-02-08T13:29:44.365+0000	beacon2.Variants	31.3GB
2023-02-08T13:29:47.367+0000	beacon2.Variants	31.3GB
2023-02-08T13:29:50.359+0000	beacon2.Variants	31.4GB
2023-02-08T13:29:53.358+0000	beacon2.Variants	31.4GB
2023-02-08T13:29:56.355+0000	beacon2.Variants	31.4GB
2023-02-08T13:29:59.360+0000	beacon2.Variants	31.5GB
2023-02-08T13:30:02.355+0000	beacon2.Variants	31.5GB
2023-02-08T13:30:05.354+0000	beacon2.Variants	31.5GB
2023-02-08T13:30:08.355+0000	beacon2.Variants	31.6GB
2023-02-08T13:30:11.357+0000	beacon2.Variants	31.6GB
2023-02-08T13:30:14.382+0000	beacon2.Variants	31.6GB
2023-02-08T13:30:17.361+0000	beacon2.Variants	31.7GB
2023-02-08T13:30:20.360+0000	beacon2.Variants	31.7GB
2023-02-08T13:30:23.355+0000	beacon2.Variants	31.8GB
2023-02-08T13:30:26.354+0000	beacon2.Variants	31.8GB
2023-02-08T13:30:29.357+0000	beacon2.Variants	31.8GB
2023-02-08T13:30:32.355+0000	beacon2.Variants	31.9GB
2023-02-08T13:30:35.356+0000	beacon2.Variants	31.9GB
2023-02-08T13:30:38.358+0000	beacon2.Variants	31.9GB
2023-02-08T13:30:41.375+0000	beacon2.Variants	32.0GB
2023-02-08T13:30:44.354+0000	beacon2.Variants	32.0GB
2023-02-08T13:30:47.360+0000	beacon2.Variants	32.1GB
2023-02-08T13:30:50.354+0000	beacon2.Variants	32.1GB
2023-02-08T13:30:53.355+0000	beacon2.Variants	32.1GB
2023-02-08T13:30:56.362+0000	beacon2.Variants	32.2GB
2023-02-08T13:30:59.363+0000	beacon2.Variants	32.2GB
2023-02-08T13:31:02.354+0000	beacon2.Variants	32.3GB
2023-02-08T13:31:05.361+0000	beacon2.Variants	32.3GB
2023-02-08T13:31:08.355+0000	beacon2.Variants	32.3GB
2023-02-08T13:31:11.361+0000	beacon2.Variants	32.4GB
2023-02-08T13:31:14.354+0000	beacon2.Variants	32.4GB
2023-02-08T13:31:17.354+0000	beacon2.Variants	32.5GB
2023-02-08T13:31:20.354+0000	beacon2.Variants	32.5GB
2023-02-08T13:31:23.358+0000	beacon2.Variants	32.5GB
2023-02-08T13:31:26.354+0000	beacon2.Variants	32.6GB
2023-02-08T13:31:29.355+0000	beacon2.Variants	32.6GB
2023-02-08T13:31:32.354+0000	beacon2.Variants	32.6GB
2023-02-08T13:31:35.356+0000	beacon2.Variants	32.7GB
2023-02-08T13:31:38.355+0000	beacon2.Variants	32.7GB
2023-02-08T13:31:41.354+0000	beacon2.Variants	32.8GB
2023-02-08T13:31:44.357+0000	beacon2.Variants	32.8GB
2023-02-08T13:31:47.357+0000	beacon2.Variants	32.8GB
2023-02-08T13:31:50.354+0000	beacon2.Variants	32.9GB
2023-02-08T13:31:53.377+0000	beacon2.Variants	32.9GB
2023-02-08T13:31:56.367+0000	beacon2.Variants	32.9GB
2023-02-08T13:31:59.354+0000	beacon2.Variants	33.0GB
2023-02-08T13:32:02.365+0000	beacon2.Variants	33.0GB
2023-02-08T13:32:05.357+0000	beacon2.Variants	33.1GB
2023-02-08T13:32:08.357+0000	beacon2.Variants	33.1GB
2023-02-08T13:32:11.359+0000	beacon2.Variants	33.1GB
2023-02-08T13:32:14.363+0000	beacon2.Variants	33.2GB
2023-02-08T13:32:17.360+0000	beacon2.Variants	33.2GB
2023-02-08T13:32:20.369+0000	beacon2.Variants	33.2GB
2023-02-08T13:32:23.366+0000	beacon2.Variants	33.3GB
2023-02-08T13:32:26.354+0000	beacon2.Variants	33.3GB
2023-02-08T13:32:29.354+0000	beacon2.Variants	33.4GB
2023-02-08T13:32:32.354+0000	beacon2.Variants	33.4GB
2023-02-08T13:32:35.355+0000	beacon2.Variants	33.4GB
2023-02-08T13:32:38.354+0000	beacon2.Variants	33.5GB
2023-02-08T13:32:41.358+0000	beacon2.Variants	33.5GB
2023-02-08T13:32:44.354+0000	beacon2.Variants	33.5GB
2023-02-08T13:32:47.354+0000	beacon2.Variants	33.6GB
2023-02-08T13:32:50.358+0000	beacon2.Variants	33.6GB
2023-02-08T13:32:53.354+0000	beacon2.Variants	33.7GB
2023-02-08T13:32:56.360+0000	beacon2.Variants	33.7GB
2023-02-08T13:32:59.361+0000	beacon2.Variants	33.7GB
2023-02-08T13:33:02.366+0000	beacon2.Variants	33.8GB
2023-02-08T13:33:05.359+0000	beacon2.Variants	33.8GB
2023-02-08T13:33:08.362+0000	beacon2.Variants	33.9GB
2023-02-08T13:33:11.358+0000	beacon2.Variants	33.9GB
2023-02-08T13:33:14.358+0000	beacon2.Variants	33.9GB
2023-02-08T13:33:17.360+0000	beacon2.Variants	34.0GB
2023-02-08T13:33:20.354+0000	beacon2.Variants	34.0GB
2023-02-08T13:33:23.357+0000	beacon2.Variants	34.0GB
2023-02-08T13:33:26.356+0000	beacon2.Variants	34.1GB
2023-02-08T13:33:29.355+0000	beacon2.Variants	34.1GB
2023-02-08T13:33:32.362+0000	beacon2.Variants	34.2GB
2023-02-08T13:33:35.358+0000	beacon2.Variants	34.2GB
2023-02-08T13:33:38.361+0000	beacon2.Variants	34.2GB
2023-02-08T13:33:41.355+0000	beacon2.Variants	34.3GB
2023-02-08T13:33:44.354+0000	beacon2.Variants	34.3GB
2023-02-08T13:33:47.357+0000	beacon2.Variants	34.4GB
2023-02-08T13:33:50.354+0000	beacon2.Variants	34.4GB
2023-02-08T13:33:53.356+0000	beacon2.Variants	34.4GB
2023-02-08T13:33:56.354+0000	beacon2.Variants	34.5GB
2023-02-08T13:33:59.355+0000	beacon2.Variants	34.5GB
2023-02-08T13:34:02.355+0000	beacon2.Variants	34.5GB
2023-02-08T13:34:05.356+0000	beacon2.Variants	34.6GB
2023-02-08T13:34:08.354+0000	beacon2.Variants	34.6GB
2023-02-08T13:34:11.369+0000	beacon2.Variants	34.6GB
2023-02-08T13:34:14.355+0000	beacon2.Variants	34.7GB
2023-02-08T13:34:17.357+0000	beacon2.Variants	34.7GB
2023-02-08T13:34:20.356+0000	beacon2.Variants	34.8GB
2023-02-08T13:34:23.356+0000	beacon2.Variants	34.8GB
2023-02-08T13:34:26.359+0000	beacon2.Variants	34.8GB
2023-02-08T13:34:29.356+0000	beacon2.Variants	34.9GB
2023-02-08T13:34:32.365+0000	beacon2.Variants	34.9GB
2023-02-08T13:34:35.355+0000	beacon2.Variants	35.0GB
2023-02-08T13:34:38.360+0000	beacon2.Variants	35.0GB
2023-02-08T13:34:41.354+0000	beacon2.Variants	35.0GB
2023-02-08T13:34:44.354+0000	beacon2.Variants	35.1GB
2023-02-08T13:34:47.357+0000	beacon2.Variants	35.1GB
2023-02-08T13:34:50.354+0000	beacon2.Variants	35.1GB
2023-02-08T13:34:53.354+0000	beacon2.Variants	35.2GB
2023-02-08T13:34:56.370+0000	beacon2.Variants	35.2GB
2023-02-08T13:34:59.354+0000	beacon2.Variants	35.3GB
2023-02-08T13:35:02.357+0000	beacon2.Variants	35.3GB
2023-02-08T13:35:05.355+0000	beacon2.Variants	35.3GB
2023-02-08T13:35:08.355+0000	beacon2.Variants	35.4GB
2023-02-08T13:35:11.357+0000	beacon2.Variants	35.4GB
2023-02-08T13:35:14.366+0000	beacon2.Variants	35.5GB
2023-02-08T13:35:17.359+0000	beacon2.Variants	35.5GB
2023-02-08T13:35:20.354+0000	beacon2.Variants	35.5GB
2023-02-08T13:35:23.355+0000	beacon2.Variants	35.6GB
2023-02-08T13:35:26.354+0000	beacon2.Variants	35.6GB
2023-02-08T13:35:29.364+0000	beacon2.Variants	35.6GB
2023-02-08T13:35:32.366+0000	beacon2.Variants	35.7GB
2023-02-08T13:35:35.354+0000	beacon2.Variants	35.7GB
2023-02-08T13:35:38.358+0000	beacon2.Variants	35.8GB
2023-02-08T13:35:41.354+0000	beacon2.Variants	35.8GB
2023-02-08T13:35:44.359+0000	beacon2.Variants	35.8GB
2023-02-08T13:35:47.355+0000	beacon2.Variants	35.9GB
2023-02-08T13:35:50.354+0000	beacon2.Variants	35.9GB
2023-02-08T13:35:53.358+0000	beacon2.Variants	35.9GB
2023-02-08T13:35:56.355+0000	beacon2.Variants	36.0GB
2023-02-08T13:35:59.355+0000	beacon2.Variants	36.0GB
2023-02-08T13:36:02.355+0000	beacon2.Variants	36.1GB
2023-02-08T13:36:05.356+0000	beacon2.Variants	36.1GB
2023-02-08T13:36:08.360+0000	beacon2.Variants	36.1GB
2023-02-08T13:36:11.354+0000	beacon2.Variants	36.2GB
2023-02-08T13:36:14.367+0000	beacon2.Variants	36.2GB
2023-02-08T13:36:17.354+0000	beacon2.Variants	36.2GB
2023-02-08T13:36:20.354+0000	beacon2.Variants	36.3GB
2023-02-08T13:36:23.354+0000	beacon2.Variants	36.3GB
2023-02-08T13:36:26.355+0000	beacon2.Variants	36.4GB
2023-02-08T13:36:29.357+0000	beacon2.Variants	36.4GB
2023-02-08T13:36:32.360+0000	beacon2.Variants	36.4GB
2023-02-08T13:36:35.358+0000	beacon2.Variants	36.5GB
2023-02-08T13:36:38.355+0000	beacon2.Variants	36.5GB
2023-02-08T13:36:41.354+0000	beacon2.Variants	36.5GB
2023-02-08T13:36:44.354+0000	beacon2.Variants	36.6GB
2023-02-08T13:36:47.354+0000	beacon2.Variants	36.6GB
2023-02-08T13:36:50.365+0000	beacon2.Variants	36.7GB
2023-02-08T13:36:53.362+0000	beacon2.Variants	36.7GB
2023-02-08T13:36:56.354+0000	beacon2.Variants	36.7GB
2023-02-08T13:36:59.356+0000	beacon2.Variants	36.8GB
2023-02-08T13:37:02.363+0000	beacon2.Variants	36.8GB
2023-02-08T13:37:05.359+0000	beacon2.Variants	36.9GB
2023-02-08T13:37:08.354+0000	beacon2.Variants	36.9GB
2023-02-08T13:37:11.355+0000	beacon2.Variants	36.9GB
2023-02-08T13:37:14.361+0000	beacon2.Variants	37.0GB
2023-02-08T13:37:17.356+0000	beacon2.Variants	37.0GB
2023-02-08T13:37:20.354+0000	beacon2.Variants	37.0GB
2023-02-08T13:37:23.356+0000	beacon2.Variants	37.1GB
2023-02-08T13:37:26.354+0000	beacon2.Variants	37.1GB
2023-02-08T13:37:29.359+0000	beacon2.Variants	37.2GB
2023-02-08T13:37:32.355+0000	beacon2.Variants	37.2GB
2023-02-08T13:37:35.365+0000	beacon2.Variants	37.2GB
2023-02-08T13:37:38.358+0000	beacon2.Variants	37.3GB
2023-02-08T13:37:41.359+0000	beacon2.Variants	37.3GB
2023-02-08T13:37:44.355+0000	beacon2.Variants	37.4GB
2023-02-08T13:37:47.358+0000	beacon2.Variants	37.4GB
2023-02-08T13:37:50.354+0000	beacon2.Variants	37.4GB
2023-02-08T13:37:53.354+0000	beacon2.Variants	37.5GB
2023-02-08T13:37:56.356+0000	beacon2.Variants	37.5GB
2023-02-08T13:37:59.366+0000	beacon2.Variants	37.5GB
2023-02-08T13:38:02.356+0000	beacon2.Variants	37.6GB
2023-02-08T13:38:05.358+0000	beacon2.Variants	37.6GB
2023-02-08T13:38:08.363+0000	beacon2.Variants	37.6GB
2023-02-08T13:38:11.354+0000	beacon2.Variants	37.7GB
2023-02-08T13:38:14.358+0000	beacon2.Variants	37.7GB
2023-02-08T13:38:17.358+0000	beacon2.Variants	37.8GB
2023-02-08T13:38:20.366+0000	beacon2.Variants	37.8GB
2023-02-08T13:38:23.354+0000	beacon2.Variants	37.8GB
2023-02-08T13:38:26.364+0000	beacon2.Variants	37.9GB
2023-02-08T13:38:29.354+0000	beacon2.Variants	37.9GB
2023-02-08T13:38:32.355+0000	beacon2.Variants	38.0GB
2023-02-08T13:38:35.359+0000	beacon2.Variants	38.0GB
2023-02-08T13:38:38.361+0000	beacon2.Variants	38.0GB
2023-02-08T13:38:41.356+0000	beacon2.Variants	38.1GB
2023-02-08T13:38:44.366+0000	beacon2.Variants	38.1GB
2023-02-08T13:38:47.355+0000	beacon2.Variants	38.1GB
2023-02-08T13:38:50.366+0000	beacon2.Variants	38.2GB
2023-02-08T13:38:53.373+0000	beacon2.Variants	38.2GB
2023-02-08T13:38:56.357+0000	beacon2.Variants	38.3GB
2023-02-08T13:38:59.359+0000	beacon2.Variants	38.3GB
2023-02-08T13:39:02.355+0000	beacon2.Variants	38.3GB
2023-02-08T13:39:05.356+0000	beacon2.Variants	38.4GB
2023-02-08T13:39:08.367+0000	beacon2.Variants	38.4GB
2023-02-08T13:39:11.360+0000	beacon2.Variants	38.5GB
2023-02-08T13:39:14.365+0000	beacon2.Variants	38.5GB
2023-02-08T13:39:17.358+0000	beacon2.Variants	38.5GB
2023-02-08T13:39:20.360+0000	beacon2.Variants	38.6GB
2023-02-08T13:39:23.354+0000	beacon2.Variants	38.6GB
2023-02-08T13:39:26.360+0000	beacon2.Variants	38.6GB
2023-02-08T13:39:29.354+0000	beacon2.Variants	38.7GB
2023-02-08T13:39:32.356+0000	beacon2.Variants	38.7GB
2023-02-08T13:39:35.366+0000	beacon2.Variants	38.8GB
2023-02-08T13:39:38.362+0000	beacon2.Variants	38.8GB
2023-02-08T13:39:41.355+0000	beacon2.Variants	38.8GB
2023-02-08T13:39:44.354+0000	beacon2.Variants	38.9GB
2023-02-08T13:39:47.358+0000	beacon2.Variants	38.9GB
2023-02-08T13:39:50.355+0000	beacon2.Variants	38.9GB
2023-02-08T13:39:53.354+0000	beacon2.Variants	39.0GB
2023-02-08T13:39:56.354+0000	beacon2.Variants	39.0GB
2023-02-08T13:39:59.359+0000	beacon2.Variants	39.1GB
2023-02-08T13:40:02.354+0000	beacon2.Variants	39.1GB
2023-02-08T13:40:05.364+0000	beacon2.Variants	39.1GB
2023-02-08T13:40:08.361+0000	beacon2.Variants	39.2GB
2023-02-08T13:40:11.354+0000	beacon2.Variants	39.2GB
2023-02-08T13:40:14.358+0000	beacon2.Variants	39.2GB
2023-02-08T13:40:17.358+0000	beacon2.Variants	39.3GB
2023-02-08T13:40:20.367+0000	beacon2.Variants	39.3GB
2023-02-08T13:40:23.363+0000	beacon2.Variants	39.4GB
2023-02-08T13:40:26.358+0000	beacon2.Variants	39.4GB
2023-02-08T13:40:29.358+0000	beacon2.Variants	39.4GB
2023-02-08T13:40:32.357+0000	beacon2.Variants	39.5GB
2023-02-08T13:40:35.359+0000	beacon2.Variants	39.5GB
2023-02-08T13:40:38.359+0000	beacon2.Variants	39.5GB
2023-02-08T13:40:41.363+0000	beacon2.Variants	39.6GB
2023-02-08T13:40:44.354+0000	beacon2.Variants	39.6GB
2023-02-08T13:40:47.361+0000	beacon2.Variants	39.7GB
2023-02-08T13:40:50.381+0000	beacon2.Variants	39.7GB
2023-02-08T13:40:53.355+0000	beacon2.Variants	39.8GB
2023-02-08T13:40:56.354+0000	beacon2.Variants	39.8GB
2023-02-08T13:40:59.354+0000	beacon2.Variants	39.8GB
2023-02-08T13:41:02.361+0000	beacon2.Variants	39.9GB
2023-02-08T13:41:05.359+0000	beacon2.Variants	39.9GB
2023-02-08T13:41:08.355+0000	beacon2.Variants	39.9GB
2023-02-08T13:41:11.383+0000	beacon2.Variants	40.0GB
2023-02-08T13:41:14.360+0000	beacon2.Variants	40.0GB
2023-02-08T13:41:17.364+0000	beacon2.Variants	40.0GB
2023-02-08T13:41:20.354+0000	beacon2.Variants	40.1GB
2023-02-08T13:41:23.354+0000	beacon2.Variants	40.1GB
2023-02-08T13:41:26.355+0000	beacon2.Variants	40.2GB
2023-02-08T13:41:29.359+0000	beacon2.Variants	40.2GB
2023-02-08T13:41:32.360+0000	beacon2.Variants	40.2GB
2023-02-08T13:41:35.359+0000	beacon2.Variants	40.3GB
2023-02-08T13:41:38.357+0000	beacon2.Variants	40.3GB
2023-02-08T13:41:41.358+0000	beacon2.Variants	40.4GB
2023-02-08T13:41:44.354+0000	beacon2.Variants	40.4GB
2023-02-08T13:41:47.354+0000	beacon2.Variants	40.4GB
2023-02-08T13:41:50.358+0000	beacon2.Variants	40.5GB
2023-02-08T13:41:53.358+0000	beacon2.Variants	40.5GB
2023-02-08T13:41:56.354+0000	beacon2.Variants	40.5GB
2023-02-08T13:41:59.355+0000	beacon2.Variants	40.6GB
2023-02-08T13:42:02.359+0000	beacon2.Variants	40.6GB
2023-02-08T13:42:05.355+0000	beacon2.Variants	40.7GB
2023-02-08T13:42:08.356+0000	beacon2.Variants	40.7GB
2023-02-08T13:42:11.359+0000	beacon2.Variants	40.7GB
2023-02-08T13:42:14.358+0000	beacon2.Variants	40.8GB
2023-02-08T13:42:17.356+0000	beacon2.Variants	40.8GB
2023-02-08T13:42:20.358+0000	beacon2.Variants	40.9GB
2023-02-08T13:42:23.355+0000	beacon2.Variants	40.9GB
2023-02-08T13:42:26.361+0000	beacon2.Variants	40.9GB
2023-02-08T13:42:29.354+0000	beacon2.Variants	41.0GB
2023-02-08T13:42:32.354+0000	beacon2.Variants	41.0GB
2023-02-08T13:42:35.363+0000	beacon2.Variants	41.0GB
2023-02-08T13:42:38.359+0000	beacon2.Variants	41.1GB
2023-02-08T13:42:41.354+0000	beacon2.Variants	41.1GB
2023-02-08T13:42:44.354+0000	beacon2.Variants	41.2GB
2023-02-08T13:42:47.355+0000	beacon2.Variants	41.2GB
2023-02-08T13:42:50.357+0000	beacon2.Variants	41.2GB
2023-02-08T13:42:53.354+0000	beacon2.Variants	41.3GB
2023-02-08T13:42:56.355+0000	beacon2.Variants	41.3GB
2023-02-08T13:42:59.374+0000	beacon2.Variants	41.4GB
2023-02-08T13:43:02.361+0000	beacon2.Variants	41.4GB
2023-02-08T13:43:05.368+0000	beacon2.Variants	41.4GB
2023-02-08T13:43:08.355+0000	beacon2.Variants	41.5GB
2023-02-08T13:43:11.354+0000	beacon2.Variants	41.5GB
2023-02-08T13:43:14.354+0000	beacon2.Variants	41.5GB
2023-02-08T13:43:17.355+0000	beacon2.Variants	41.6GB
2023-02-08T13:43:20.355+0000	beacon2.Variants	41.6GB
2023-02-08T13:43:23.357+0000	beacon2.Variants	41.7GB
2023-02-08T13:43:26.356+0000	beacon2.Variants	41.7GB
2023-02-08T13:43:29.365+0000	beacon2.Variants	41.7GB
2023-02-08T13:43:32.360+0000	beacon2.Variants	41.8GB
2023-02-08T13:43:35.362+0000	beacon2.Variants	41.8GB
2023-02-08T13:43:38.355+0000	beacon2.Variants	41.9GB
2023-02-08T13:43:41.354+0000	beacon2.Variants	41.9GB
2023-02-08T13:43:44.354+0000	beacon2.Variants	41.9GB
2023-02-08T13:43:47.361+0000	beacon2.Variants	42.0GB
2023-02-08T13:43:50.355+0000	beacon2.Variants	42.0GB
2023-02-08T13:43:53.354+0000	beacon2.Variants	42.0GB
2023-02-08T13:43:56.361+0000	beacon2.Variants	42.1GB
2023-02-08T13:43:59.356+0000	beacon2.Variants	42.1GB
2023-02-08T13:44:02.354+0000	beacon2.Variants	42.2GB
2023-02-08T13:44:05.362+0000	beacon2.Variants	42.2GB
2023-02-08T13:44:08.372+0000	beacon2.Variants	42.2GB
2023-02-08T13:44:11.357+0000	beacon2.Variants	42.3GB
2023-02-08T13:44:14.355+0000	beacon2.Variants	42.3GB
2023-02-08T13:44:17.361+0000	beacon2.Variants	42.4GB
2023-02-08T13:44:20.354+0000	beacon2.Variants	42.4GB
2023-02-08T13:44:22.954+0000	beacon2.Variants	42.4GB
2023-02-08T13:44:22.954+0000	3885824 document(s) imported successfully. 0 document(s) failed to import.

real	55m44.624s
user	99m9.503s
sys	1m34.276s
