2023-02-08T21:10:09.004+0000	connected to: mongodb://[**REDACTED**]@localhost:27017/beacon2?authSource=admin
2023-02-08T21:10:12.005+0000	beacon2.Variants	38.1MB
2023-02-08T21:10:15.009+0000	beacon2.Variants	77.0MB
2023-02-08T21:10:18.005+0000	beacon2.Variants	115MB
2023-02-08T21:10:21.005+0000	beacon2.Variants	153MB
2023-02-08T21:10:24.007+0000	beacon2.Variants	192MB
2023-02-08T21:10:27.007+0000	beacon2.Variants	231MB
2023-02-08T21:10:30.010+0000	beacon2.Variants	269MB
2023-02-08T21:10:33.016+0000	beacon2.Variants	306MB
2023-02-08T21:10:36.005+0000	beacon2.Variants	345MB
2023-02-08T21:10:39.010+0000	beacon2.Variants	383MB
2023-02-08T21:10:42.012+0000	beacon2.Variants	423MB
2023-02-08T21:10:45.010+0000	beacon2.Variants	462MB
2023-02-08T21:10:48.026+0000	beacon2.Variants	502MB
2023-02-08T21:10:51.017+0000	beacon2.Variants	540MB
2023-02-08T21:10:54.005+0000	beacon2.Variants	580MB
2023-02-08T21:10:57.006+0000	beacon2.Variants	620MB
2023-02-08T21:11:00.006+0000	beacon2.Variants	657MB
2023-02-08T21:11:03.012+0000	beacon2.Variants	695MB
2023-02-08T21:11:06.009+0000	beacon2.Variants	734MB
2023-02-08T21:11:09.006+0000	beacon2.Variants	773MB
2023-02-08T21:11:12.007+0000	beacon2.Variants	813MB
2023-02-08T21:11:15.006+0000	beacon2.Variants	851MB
2023-02-08T21:11:18.004+0000	beacon2.Variants	889MB
2023-02-08T21:11:21.014+0000	beacon2.Variants	929MB
2023-02-08T21:11:24.012+0000	beacon2.Variants	967MB
2023-02-08T21:11:27.013+0000	beacon2.Variants	1006MB
2023-02-08T21:11:30.005+0000	beacon2.Variants	1.02GB
2023-02-08T21:11:33.016+0000	beacon2.Variants	1.06GB
2023-02-08T21:11:36.011+0000	beacon2.Variants	1.09GB
2023-02-08T21:11:39.005+0000	beacon2.Variants	1.13GB
2023-02-08T21:11:42.005+0000	beacon2.Variants	1.17GB
2023-02-08T21:11:45.008+0000	beacon2.Variants	1.21GB
2023-02-08T21:11:48.020+0000	beacon2.Variants	1.25GB
2023-02-08T21:11:51.014+0000	beacon2.Variants	1.28GB
2023-02-08T21:11:54.006+0000	beacon2.Variants	1.32GB
2023-02-08T21:11:57.008+0000	beacon2.Variants	1.36GB
2023-02-08T21:12:00.005+0000	beacon2.Variants	1.40GB
2023-02-08T21:12:03.017+0000	beacon2.Variants	1.44GB
2023-02-08T21:12:06.007+0000	beacon2.Variants	1.48GB
2023-02-08T21:12:09.005+0000	beacon2.Variants	1.51GB
2023-02-08T21:12:12.006+0000	beacon2.Variants	1.55GB
2023-02-08T21:12:15.012+0000	beacon2.Variants	1.59GB
2023-02-08T21:12:18.009+0000	beacon2.Variants	1.63GB
2023-02-08T21:12:21.013+0000	beacon2.Variants	1.67GB
2023-02-08T21:12:24.010+0000	beacon2.Variants	1.71GB
2023-02-08T21:12:27.007+0000	beacon2.Variants	1.74GB
2023-02-08T21:12:30.007+0000	beacon2.Variants	1.78GB
2023-02-08T21:12:33.008+0000	beacon2.Variants	1.82GB
2023-02-08T21:12:36.005+0000	beacon2.Variants	1.86GB
2023-02-08T21:12:39.006+0000	beacon2.Variants	1.90GB
2023-02-08T21:12:42.006+0000	beacon2.Variants	1.93GB
2023-02-08T21:12:45.005+0000	beacon2.Variants	1.97GB
2023-02-08T21:12:48.005+0000	beacon2.Variants	2.01GB
2023-02-08T21:12:51.005+0000	beacon2.Variants	2.05GB
2023-02-08T21:12:54.007+0000	beacon2.Variants	2.09GB
2023-02-08T21:12:57.014+0000	beacon2.Variants	2.12GB
2023-02-08T21:13:00.010+0000	beacon2.Variants	2.16GB
2023-02-08T21:13:03.022+0000	beacon2.Variants	2.20GB
2023-02-08T21:13:06.005+0000	beacon2.Variants	2.24GB
2023-02-08T21:13:09.005+0000	beacon2.Variants	2.28GB
2023-02-08T21:13:12.031+0000	beacon2.Variants	2.32GB
2023-02-08T21:13:15.005+0000	beacon2.Variants	2.35GB
2023-02-08T21:13:18.005+0000	beacon2.Variants	2.39GB
2023-02-08T21:13:21.008+0000	beacon2.Variants	2.43GB
2023-02-08T21:13:24.008+0000	beacon2.Variants	2.47GB
2023-02-08T21:13:27.010+0000	beacon2.Variants	2.51GB
2023-02-08T21:13:30.009+0000	beacon2.Variants	2.54GB
2023-02-08T21:13:33.005+0000	beacon2.Variants	2.58GB
2023-02-08T21:13:36.011+0000	beacon2.Variants	2.62GB
2023-02-08T21:13:39.008+0000	beacon2.Variants	2.66GB
2023-02-08T21:13:42.005+0000	beacon2.Variants	2.70GB
2023-02-08T21:13:45.005+0000	beacon2.Variants	2.73GB
2023-02-08T21:13:48.014+0000	beacon2.Variants	2.77GB
2023-02-08T21:13:51.005+0000	beacon2.Variants	2.81GB
2023-02-08T21:13:54.005+0000	beacon2.Variants	2.85GB
2023-02-08T21:13:57.015+0000	beacon2.Variants	2.88GB
2023-02-08T21:14:00.006+0000	beacon2.Variants	2.92GB
2023-02-08T21:14:03.016+0000	beacon2.Variants	2.96GB
2023-02-08T21:14:06.014+0000	beacon2.Variants	3.00GB
2023-02-08T21:14:09.005+0000	beacon2.Variants	3.04GB
2023-02-08T21:14:12.005+0000	beacon2.Variants	3.07GB
2023-02-08T21:14:15.006+0000	beacon2.Variants	3.11GB
2023-02-08T21:14:18.010+0000	beacon2.Variants	3.15GB
2023-02-08T21:14:21.007+0000	beacon2.Variants	3.19GB
2023-02-08T21:14:24.004+0000	beacon2.Variants	3.23GB
2023-02-08T21:14:27.005+0000	beacon2.Variants	3.27GB
2023-02-08T21:14:30.005+0000	beacon2.Variants	3.30GB
2023-02-08T21:14:33.011+0000	beacon2.Variants	3.34GB
2023-02-08T21:14:36.005+0000	beacon2.Variants	3.38GB
2023-02-08T21:14:39.006+0000	beacon2.Variants	3.42GB
2023-02-08T21:14:42.008+0000	beacon2.Variants	3.45GB
2023-02-08T21:14:45.005+0000	beacon2.Variants	3.49GB
2023-02-08T21:14:48.006+0000	beacon2.Variants	3.53GB
2023-02-08T21:14:51.010+0000	beacon2.Variants	3.57GB
2023-02-08T21:14:54.013+0000	beacon2.Variants	3.61GB
2023-02-08T21:14:57.020+0000	beacon2.Variants	3.65GB
2023-02-08T21:15:00.009+0000	beacon2.Variants	3.68GB
2023-02-08T21:15:03.009+0000	beacon2.Variants	3.72GB
2023-02-08T21:15:06.005+0000	beacon2.Variants	3.76GB
2023-02-08T21:15:09.005+0000	beacon2.Variants	3.80GB
2023-02-08T21:15:12.005+0000	beacon2.Variants	3.84GB
2023-02-08T21:15:15.012+0000	beacon2.Variants	3.88GB
2023-02-08T21:15:18.005+0000	beacon2.Variants	3.91GB
2023-02-08T21:15:21.008+0000	beacon2.Variants	3.95GB
2023-02-08T21:15:24.005+0000	beacon2.Variants	3.99GB
2023-02-08T21:15:27.004+0000	beacon2.Variants	4.03GB
2023-02-08T21:15:30.006+0000	beacon2.Variants	4.06GB
2023-02-08T21:15:33.009+0000	beacon2.Variants	4.10GB
2023-02-08T21:15:36.005+0000	beacon2.Variants	4.14GB
2023-02-08T21:15:39.006+0000	beacon2.Variants	4.18GB
2023-02-08T21:15:42.006+0000	beacon2.Variants	4.22GB
2023-02-08T21:15:45.008+0000	beacon2.Variants	4.25GB
2023-02-08T21:15:48.013+0000	beacon2.Variants	4.29GB
2023-02-08T21:15:51.005+0000	beacon2.Variants	4.33GB
2023-02-08T21:15:54.009+0000	beacon2.Variants	4.37GB
2023-02-08T21:15:57.005+0000	beacon2.Variants	4.41GB
2023-02-08T21:16:00.013+0000	beacon2.Variants	4.45GB
2023-02-08T21:16:03.005+0000	beacon2.Variants	4.49GB
2023-02-08T21:16:06.005+0000	beacon2.Variants	4.52GB
2023-02-08T21:16:09.007+0000	beacon2.Variants	4.56GB
2023-02-08T21:16:12.005+0000	beacon2.Variants	4.60GB
2023-02-08T21:16:15.011+0000	beacon2.Variants	4.64GB
2023-02-08T21:16:18.006+0000	beacon2.Variants	4.68GB
2023-02-08T21:16:21.007+0000	beacon2.Variants	4.71GB
2023-02-08T21:16:24.004+0000	beacon2.Variants	4.75GB
2023-02-08T21:16:27.012+0000	beacon2.Variants	4.79GB
2023-02-08T21:16:30.006+0000	beacon2.Variants	4.83GB
2023-02-08T21:16:33.006+0000	beacon2.Variants	4.87GB
2023-02-08T21:16:36.008+0000	beacon2.Variants	4.90GB
2023-02-08T21:16:39.014+0000	beacon2.Variants	4.94GB
2023-02-08T21:16:42.005+0000	beacon2.Variants	4.98GB
2023-02-08T21:16:45.006+0000	beacon2.Variants	5.02GB
2023-02-08T21:16:48.005+0000	beacon2.Variants	5.06GB
2023-02-08T21:16:51.011+0000	beacon2.Variants	5.09GB
2023-02-08T21:16:54.005+0000	beacon2.Variants	5.13GB
2023-02-08T21:16:57.005+0000	beacon2.Variants	5.17GB
2023-02-08T21:17:00.011+0000	beacon2.Variants	5.21GB
2023-02-08T21:17:03.006+0000	beacon2.Variants	5.25GB
2023-02-08T21:17:06.004+0000	beacon2.Variants	5.28GB
2023-02-08T21:17:09.007+0000	beacon2.Variants	5.32GB
2023-02-08T21:17:12.016+0000	beacon2.Variants	5.36GB
2023-02-08T21:17:15.011+0000	beacon2.Variants	5.40GB
2023-02-08T21:17:18.008+0000	beacon2.Variants	5.44GB
2023-02-08T21:17:21.005+0000	beacon2.Variants	5.47GB
2023-02-08T21:17:24.008+0000	beacon2.Variants	5.51GB
2023-02-08T21:17:27.005+0000	beacon2.Variants	5.55GB
2023-02-08T21:17:30.007+0000	beacon2.Variants	5.59GB
2023-02-08T21:17:33.014+0000	beacon2.Variants	5.63GB
2023-02-08T21:17:36.004+0000	beacon2.Variants	5.66GB
2023-02-08T21:17:39.005+0000	beacon2.Variants	5.70GB
2023-02-08T21:17:42.007+0000	beacon2.Variants	5.74GB
2023-02-08T21:17:45.007+0000	beacon2.Variants	5.78GB
2023-02-08T21:17:48.008+0000	beacon2.Variants	5.82GB
2023-02-08T21:17:51.008+0000	beacon2.Variants	5.85GB
2023-02-08T21:17:54.011+0000	beacon2.Variants	5.89GB
2023-02-08T21:17:57.005+0000	beacon2.Variants	5.93GB
2023-02-08T21:18:00.005+0000	beacon2.Variants	5.97GB
2023-02-08T21:18:03.010+0000	beacon2.Variants	6.01GB
2023-02-08T21:18:06.008+0000	beacon2.Variants	6.05GB
2023-02-08T21:18:09.004+0000	beacon2.Variants	6.08GB
2023-02-08T21:18:12.010+0000	beacon2.Variants	6.12GB
2023-02-08T21:18:15.006+0000	beacon2.Variants	6.16GB
2023-02-08T21:18:18.006+0000	beacon2.Variants	6.20GB
2023-02-08T21:18:21.012+0000	beacon2.Variants	6.24GB
2023-02-08T21:18:24.006+0000	beacon2.Variants	6.27GB
2023-02-08T21:18:27.012+0000	beacon2.Variants	6.31GB
2023-02-08T21:18:30.014+0000	beacon2.Variants	6.35GB
2023-02-08T21:18:33.005+0000	beacon2.Variants	6.39GB
2023-02-08T21:18:36.005+0000	beacon2.Variants	6.42GB
2023-02-08T21:18:39.009+0000	beacon2.Variants	6.46GB
2023-02-08T21:18:42.005+0000	beacon2.Variants	6.50GB
2023-02-08T21:18:45.006+0000	beacon2.Variants	6.54GB
2023-02-08T21:18:48.006+0000	beacon2.Variants	6.58GB
2023-02-08T21:18:51.013+0000	beacon2.Variants	6.62GB
2023-02-08T21:18:54.011+0000	beacon2.Variants	6.65GB
2023-02-08T21:18:57.015+0000	beacon2.Variants	6.69GB
2023-02-08T21:19:00.005+0000	beacon2.Variants	6.73GB
2023-02-08T21:19:03.004+0000	beacon2.Variants	6.77GB
2023-02-08T21:19:06.007+0000	beacon2.Variants	6.81GB
2023-02-08T21:19:09.005+0000	beacon2.Variants	6.84GB
2023-02-08T21:19:12.009+0000	beacon2.Variants	6.88GB
2023-02-08T21:19:15.009+0000	beacon2.Variants	6.92GB
2023-02-08T21:19:18.013+0000	beacon2.Variants	6.96GB
2023-02-08T21:19:21.007+0000	beacon2.Variants	7.00GB
2023-02-08T21:19:24.005+0000	beacon2.Variants	7.04GB
2023-02-08T21:19:27.004+0000	beacon2.Variants	7.07GB
2023-02-08T21:19:30.007+0000	beacon2.Variants	7.11GB
2023-02-08T21:19:33.005+0000	beacon2.Variants	7.15GB
2023-02-08T21:19:36.012+0000	beacon2.Variants	7.19GB
2023-02-08T21:19:39.004+0000	beacon2.Variants	7.22GB
2023-02-08T21:19:42.006+0000	beacon2.Variants	7.26GB
2023-02-08T21:19:45.006+0000	beacon2.Variants	7.30GB
2023-02-08T21:19:48.005+0000	beacon2.Variants	7.34GB
2023-02-08T21:19:51.005+0000	beacon2.Variants	7.38GB
2023-02-08T21:19:54.005+0000	beacon2.Variants	7.42GB
2023-02-08T21:19:57.007+0000	beacon2.Variants	7.45GB
2023-02-08T21:20:00.016+0000	beacon2.Variants	7.49GB
2023-02-08T21:20:03.005+0000	beacon2.Variants	7.53GB
2023-02-08T21:20:06.007+0000	beacon2.Variants	7.57GB
2023-02-08T21:20:09.005+0000	beacon2.Variants	7.61GB
2023-02-08T21:20:12.015+0000	beacon2.Variants	7.64GB
2023-02-08T21:20:15.015+0000	beacon2.Variants	7.68GB
2023-02-08T21:20:18.007+0000	beacon2.Variants	7.72GB
2023-02-08T21:20:21.008+0000	beacon2.Variants	7.76GB
2023-02-08T21:20:24.009+0000	beacon2.Variants	7.80GB
2023-02-08T21:20:27.011+0000	beacon2.Variants	7.83GB
2023-02-08T21:20:30.006+0000	beacon2.Variants	7.87GB
2023-02-08T21:20:33.008+0000	beacon2.Variants	7.91GB
2023-02-08T21:20:36.005+0000	beacon2.Variants	7.95GB
2023-02-08T21:20:39.007+0000	beacon2.Variants	7.98GB
2023-02-08T21:20:42.005+0000	beacon2.Variants	8.02GB
2023-02-08T21:20:45.007+0000	beacon2.Variants	8.06GB
2023-02-08T21:20:48.006+0000	beacon2.Variants	8.10GB
2023-02-08T21:20:51.012+0000	beacon2.Variants	8.14GB
2023-02-08T21:20:54.014+0000	beacon2.Variants	8.17GB
2023-02-08T21:20:57.007+0000	beacon2.Variants	8.21GB
2023-02-08T21:21:00.013+0000	beacon2.Variants	8.25GB
2023-02-08T21:21:03.015+0000	beacon2.Variants	8.29GB
2023-02-08T21:21:06.007+0000	beacon2.Variants	8.32GB
2023-02-08T21:21:09.008+0000	beacon2.Variants	8.36GB
2023-02-08T21:21:12.022+0000	beacon2.Variants	8.40GB
2023-02-08T21:21:15.012+0000	beacon2.Variants	8.44GB
2023-02-08T21:21:18.018+0000	beacon2.Variants	8.48GB
2023-02-08T21:21:21.005+0000	beacon2.Variants	8.52GB
2023-02-08T21:21:24.005+0000	beacon2.Variants	8.55GB
2023-02-08T21:21:27.005+0000	beacon2.Variants	8.59GB
2023-02-08T21:21:30.007+0000	beacon2.Variants	8.63GB
2023-02-08T21:21:33.005+0000	beacon2.Variants	8.67GB
2023-02-08T21:21:36.013+0000	beacon2.Variants	8.71GB
2023-02-08T21:21:39.007+0000	beacon2.Variants	8.74GB
2023-02-08T21:21:42.007+0000	beacon2.Variants	8.78GB
2023-02-08T21:21:45.005+0000	beacon2.Variants	8.82GB
2023-02-08T21:21:48.008+0000	beacon2.Variants	8.86GB
2023-02-08T21:21:51.011+0000	beacon2.Variants	8.90GB
2023-02-08T21:21:54.005+0000	beacon2.Variants	8.93GB
2023-02-08T21:21:57.007+0000	beacon2.Variants	8.97GB
2023-02-08T21:22:00.007+0000	beacon2.Variants	9.01GB
2023-02-08T21:22:03.005+0000	beacon2.Variants	9.05GB
2023-02-08T21:22:06.009+0000	beacon2.Variants	9.09GB
2023-02-08T21:22:09.009+0000	beacon2.Variants	9.12GB
2023-02-08T21:22:12.005+0000	beacon2.Variants	9.16GB
2023-02-08T21:22:15.005+0000	beacon2.Variants	9.20GB
2023-02-08T21:22:18.005+0000	beacon2.Variants	9.24GB
2023-02-08T21:22:21.007+0000	beacon2.Variants	9.28GB
2023-02-08T21:22:24.005+0000	beacon2.Variants	9.32GB
2023-02-08T21:22:27.005+0000	beacon2.Variants	9.35GB
2023-02-08T21:22:30.007+0000	beacon2.Variants	9.39GB
2023-02-08T21:22:33.007+0000	beacon2.Variants	9.43GB
2023-02-08T21:22:36.012+0000	beacon2.Variants	9.46GB
2023-02-08T21:22:39.008+0000	beacon2.Variants	9.50GB
2023-02-08T21:22:42.015+0000	beacon2.Variants	9.54GB
2023-02-08T21:22:45.005+0000	beacon2.Variants	9.58GB
2023-02-08T21:22:48.005+0000	beacon2.Variants	9.62GB
2023-02-08T21:22:51.005+0000	beacon2.Variants	9.66GB
2023-02-08T21:22:54.016+0000	beacon2.Variants	9.70GB
2023-02-08T21:22:57.007+0000	beacon2.Variants	9.73GB
2023-02-08T21:23:00.005+0000	beacon2.Variants	9.77GB
2023-02-08T21:23:03.009+0000	beacon2.Variants	9.81GB
2023-02-08T21:23:06.008+0000	beacon2.Variants	9.85GB
2023-02-08T21:23:09.019+0000	beacon2.Variants	9.89GB
2023-02-08T21:23:12.005+0000	beacon2.Variants	9.92GB
2023-02-08T21:23:15.010+0000	beacon2.Variants	9.96GB
2023-02-08T21:23:18.007+0000	beacon2.Variants	10.0GB
2023-02-08T21:23:21.009+0000	beacon2.Variants	10.0GB
2023-02-08T21:23:24.013+0000	beacon2.Variants	10.1GB
2023-02-08T21:23:27.007+0000	beacon2.Variants	10.1GB
2023-02-08T21:23:30.005+0000	beacon2.Variants	10.2GB
2023-02-08T21:23:33.006+0000	beacon2.Variants	10.2GB
2023-02-08T21:23:36.005+0000	beacon2.Variants	10.2GB
2023-02-08T21:23:39.006+0000	beacon2.Variants	10.3GB
2023-02-08T21:23:42.008+0000	beacon2.Variants	10.3GB
2023-02-08T21:23:45.018+0000	beacon2.Variants	10.3GB
2023-02-08T21:23:48.010+0000	beacon2.Variants	10.4GB
2023-02-08T21:23:51.018+0000	beacon2.Variants	10.4GB
2023-02-08T21:23:54.014+0000	beacon2.Variants	10.5GB
2023-02-08T21:23:57.007+0000	beacon2.Variants	10.5GB
2023-02-08T21:24:00.005+0000	beacon2.Variants	10.5GB
2023-02-08T21:24:03.006+0000	beacon2.Variants	10.6GB
2023-02-08T21:24:06.012+0000	beacon2.Variants	10.6GB
2023-02-08T21:24:09.004+0000	beacon2.Variants	10.7GB
2023-02-08T21:24:12.011+0000	beacon2.Variants	10.7GB
2023-02-08T21:24:15.004+0000	beacon2.Variants	10.7GB
2023-02-08T21:24:18.033+0000	beacon2.Variants	10.8GB
2023-02-08T21:24:21.005+0000	beacon2.Variants	10.8GB
2023-02-08T21:24:24.022+0000	beacon2.Variants	10.8GB
2023-02-08T21:24:27.016+0000	beacon2.Variants	10.9GB
2023-02-08T21:24:30.008+0000	beacon2.Variants	10.9GB
2023-02-08T21:24:33.008+0000	beacon2.Variants	11.0GB
2023-02-08T21:24:36.018+0000	beacon2.Variants	11.0GB
2023-02-08T21:24:39.005+0000	beacon2.Variants	11.0GB
2023-02-08T21:24:42.012+0000	beacon2.Variants	11.1GB
2023-02-08T21:24:45.009+0000	beacon2.Variants	11.1GB
2023-02-08T21:24:48.015+0000	beacon2.Variants	11.2GB
2023-02-08T21:24:51.005+0000	beacon2.Variants	11.2GB
2023-02-08T21:24:54.012+0000	beacon2.Variants	11.2GB
2023-02-08T21:24:57.010+0000	beacon2.Variants	11.3GB
2023-02-08T21:25:00.005+0000	beacon2.Variants	11.3GB
2023-02-08T21:25:03.005+0000	beacon2.Variants	11.3GB
2023-02-08T21:25:06.011+0000	beacon2.Variants	11.4GB
2023-02-08T21:25:09.005+0000	beacon2.Variants	11.4GB
2023-02-08T21:25:12.010+0000	beacon2.Variants	11.4GB
2023-02-08T21:25:15.009+0000	beacon2.Variants	11.5GB
2023-02-08T21:25:18.007+0000	beacon2.Variants	11.5GB
2023-02-08T21:25:21.015+0000	beacon2.Variants	11.6GB
2023-02-08T21:25:24.009+0000	beacon2.Variants	11.6GB
2023-02-08T21:25:27.018+0000	beacon2.Variants	11.6GB
2023-02-08T21:25:30.008+0000	beacon2.Variants	11.7GB
2023-02-08T21:25:33.005+0000	beacon2.Variants	11.7GB
2023-02-08T21:25:36.018+0000	beacon2.Variants	11.8GB
2023-02-08T21:25:39.007+0000	beacon2.Variants	11.8GB
2023-02-08T21:25:42.019+0000	beacon2.Variants	11.8GB
2023-02-08T21:25:45.006+0000	beacon2.Variants	11.9GB
2023-02-08T21:25:48.012+0000	beacon2.Variants	11.9GB
2023-02-08T21:25:51.007+0000	beacon2.Variants	11.9GB
2023-02-08T21:25:54.007+0000	beacon2.Variants	12.0GB
2023-02-08T21:25:57.009+0000	beacon2.Variants	12.0GB
2023-02-08T21:26:00.006+0000	beacon2.Variants	12.1GB
2023-02-08T21:26:03.005+0000	beacon2.Variants	12.1GB
2023-02-08T21:26:06.007+0000	beacon2.Variants	12.1GB
2023-02-08T21:26:09.007+0000	beacon2.Variants	12.2GB
2023-02-08T21:26:12.005+0000	beacon2.Variants	12.2GB
2023-02-08T21:26:15.005+0000	beacon2.Variants	12.2GB
2023-02-08T21:26:18.009+0000	beacon2.Variants	12.3GB
2023-02-08T21:26:21.020+0000	beacon2.Variants	12.3GB
2023-02-08T21:26:24.007+0000	beacon2.Variants	12.4GB
2023-02-08T21:26:27.006+0000	beacon2.Variants	12.4GB
2023-02-08T21:26:30.004+0000	beacon2.Variants	12.4GB
2023-02-08T21:26:33.006+0000	beacon2.Variants	12.5GB
2023-02-08T21:26:36.010+0000	beacon2.Variants	12.5GB
2023-02-08T21:26:39.011+0000	beacon2.Variants	12.6GB
2023-02-08T21:26:42.005+0000	beacon2.Variants	12.6GB
2023-02-08T21:26:45.007+0000	beacon2.Variants	12.6GB
2023-02-08T21:26:48.005+0000	beacon2.Variants	12.7GB
2023-02-08T21:26:51.008+0000	beacon2.Variants	12.7GB
2023-02-08T21:26:54.008+0000	beacon2.Variants	12.7GB
2023-02-08T21:26:57.005+0000	beacon2.Variants	12.8GB
2023-02-08T21:27:00.005+0000	beacon2.Variants	12.8GB
2023-02-08T21:27:03.005+0000	beacon2.Variants	12.9GB
2023-02-08T21:27:06.011+0000	beacon2.Variants	12.9GB
2023-02-08T21:27:09.005+0000	beacon2.Variants	12.9GB
2023-02-08T21:27:12.005+0000	beacon2.Variants	13.0GB
2023-02-08T21:27:15.007+0000	beacon2.Variants	13.0GB
2023-02-08T21:27:18.017+0000	beacon2.Variants	13.1GB
2023-02-08T21:27:21.005+0000	beacon2.Variants	13.1GB
2023-02-08T21:27:24.009+0000	beacon2.Variants	13.1GB
2023-02-08T21:27:27.006+0000	beacon2.Variants	13.2GB
2023-02-08T21:27:30.011+0000	beacon2.Variants	13.2GB
2023-02-08T21:27:33.011+0000	beacon2.Variants	13.2GB
2023-02-08T21:27:36.005+0000	beacon2.Variants	13.3GB
2023-02-08T21:27:39.009+0000	beacon2.Variants	13.3GB
2023-02-08T21:27:42.012+0000	beacon2.Variants	13.3GB
2023-02-08T21:27:45.005+0000	beacon2.Variants	13.4GB
2023-02-08T21:27:48.015+0000	beacon2.Variants	13.4GB
2023-02-08T21:27:51.006+0000	beacon2.Variants	13.5GB
2023-02-08T21:27:54.007+0000	beacon2.Variants	13.5GB
2023-02-08T21:27:57.017+0000	beacon2.Variants	13.5GB
2023-02-08T21:28:00.009+0000	beacon2.Variants	13.6GB
2023-02-08T21:28:03.010+0000	beacon2.Variants	13.6GB
2023-02-08T21:28:06.013+0000	beacon2.Variants	13.7GB
2023-02-08T21:28:09.007+0000	beacon2.Variants	13.7GB
2023-02-08T21:28:12.011+0000	beacon2.Variants	13.7GB
2023-02-08T21:28:15.013+0000	beacon2.Variants	13.8GB
2023-02-08T21:28:18.007+0000	beacon2.Variants	13.8GB
2023-02-08T21:28:21.012+0000	beacon2.Variants	13.8GB
2023-02-08T21:28:24.009+0000	beacon2.Variants	13.9GB
2023-02-08T21:28:27.005+0000	beacon2.Variants	13.9GB
2023-02-08T21:28:30.006+0000	beacon2.Variants	14.0GB
2023-02-08T21:28:33.006+0000	beacon2.Variants	14.0GB
2023-02-08T21:28:36.011+0000	beacon2.Variants	14.0GB
2023-02-08T21:28:39.005+0000	beacon2.Variants	14.1GB
2023-02-08T21:28:42.011+0000	beacon2.Variants	14.1GB
2023-02-08T21:28:45.005+0000	beacon2.Variants	14.2GB
2023-02-08T21:28:48.008+0000	beacon2.Variants	14.2GB
2023-02-08T21:28:51.019+0000	beacon2.Variants	14.2GB
2023-02-08T21:28:54.009+0000	beacon2.Variants	14.3GB
2023-02-08T21:28:57.012+0000	beacon2.Variants	14.3GB
2023-02-08T21:29:00.009+0000	beacon2.Variants	14.3GB
2023-02-08T21:29:03.013+0000	beacon2.Variants	14.4GB
2023-02-08T21:29:06.008+0000	beacon2.Variants	14.4GB
2023-02-08T21:29:09.017+0000	beacon2.Variants	14.5GB
2023-02-08T21:29:12.007+0000	beacon2.Variants	14.5GB
2023-02-08T21:29:15.005+0000	beacon2.Variants	14.5GB
2023-02-08T21:29:18.007+0000	beacon2.Variants	14.6GB
2023-02-08T21:29:21.012+0000	beacon2.Variants	14.6GB
2023-02-08T21:29:24.009+0000	beacon2.Variants	14.7GB
2023-02-08T21:29:27.009+0000	beacon2.Variants	14.7GB
2023-02-08T21:29:30.005+0000	beacon2.Variants	14.7GB
2023-02-08T21:29:33.007+0000	beacon2.Variants	14.8GB
2023-02-08T21:29:36.005+0000	beacon2.Variants	14.8GB
2023-02-08T21:29:39.005+0000	beacon2.Variants	14.8GB
2023-02-08T21:29:42.006+0000	beacon2.Variants	14.9GB
2023-02-08T21:29:45.005+0000	beacon2.Variants	14.9GB
2023-02-08T21:29:48.005+0000	beacon2.Variants	15.0GB
2023-02-08T21:29:51.005+0000	beacon2.Variants	15.0GB
2023-02-08T21:29:54.005+0000	beacon2.Variants	15.0GB
2023-02-08T21:29:57.007+0000	beacon2.Variants	15.1GB
2023-02-08T21:30:00.017+0000	beacon2.Variants	15.1GB
2023-02-08T21:30:03.010+0000	beacon2.Variants	15.2GB
2023-02-08T21:30:06.007+0000	beacon2.Variants	15.2GB
2023-02-08T21:30:09.008+0000	beacon2.Variants	15.2GB
2023-02-08T21:30:12.014+0000	beacon2.Variants	15.3GB
2023-02-08T21:30:15.010+0000	beacon2.Variants	15.3GB
2023-02-08T21:30:18.009+0000	beacon2.Variants	15.3GB
2023-02-08T21:30:21.004+0000	beacon2.Variants	15.4GB
2023-02-08T21:30:24.005+0000	beacon2.Variants	15.4GB
2023-02-08T21:30:27.014+0000	beacon2.Variants	15.4GB
2023-02-08T21:30:30.008+0000	beacon2.Variants	15.5GB
2023-02-08T21:30:33.006+0000	beacon2.Variants	15.5GB
2023-02-08T21:30:36.005+0000	beacon2.Variants	15.6GB
2023-02-08T21:30:39.009+0000	beacon2.Variants	15.6GB
2023-02-08T21:30:42.008+0000	beacon2.Variants	15.6GB
2023-02-08T21:30:45.008+0000	beacon2.Variants	15.7GB
2023-02-08T21:30:48.006+0000	beacon2.Variants	15.7GB
2023-02-08T21:30:51.009+0000	beacon2.Variants	15.8GB
2023-02-08T21:30:54.005+0000	beacon2.Variants	15.8GB
2023-02-08T21:30:57.010+0000	beacon2.Variants	15.8GB
2023-02-08T21:31:00.005+0000	beacon2.Variants	15.9GB
2023-02-08T21:31:03.006+0000	beacon2.Variants	15.9GB
2023-02-08T21:31:06.005+0000	beacon2.Variants	15.9GB
2023-02-08T21:31:09.005+0000	beacon2.Variants	16.0GB
2023-02-08T21:31:12.012+0000	beacon2.Variants	16.0GB
2023-02-08T21:31:15.007+0000	beacon2.Variants	16.1GB
2023-02-08T21:31:18.005+0000	beacon2.Variants	16.1GB
2023-02-08T21:31:21.005+0000	beacon2.Variants	16.1GB
2023-02-08T21:31:24.005+0000	beacon2.Variants	16.2GB
2023-02-08T21:31:27.010+0000	beacon2.Variants	16.2GB
2023-02-08T21:31:30.005+0000	beacon2.Variants	16.2GB
2023-02-08T21:31:33.007+0000	beacon2.Variants	16.3GB
2023-02-08T21:31:36.015+0000	beacon2.Variants	16.3GB
2023-02-08T21:31:39.023+0000	beacon2.Variants	16.4GB
2023-02-08T21:31:42.015+0000	beacon2.Variants	16.4GB
2023-02-08T21:31:45.020+0000	beacon2.Variants	16.4GB
2023-02-08T21:31:48.006+0000	beacon2.Variants	16.5GB
2023-02-08T21:31:51.005+0000	beacon2.Variants	16.5GB
2023-02-08T21:31:54.005+0000	beacon2.Variants	16.6GB
2023-02-08T21:31:57.005+0000	beacon2.Variants	16.6GB
2023-02-08T21:32:00.004+0000	beacon2.Variants	16.6GB
2023-02-08T21:32:03.006+0000	beacon2.Variants	16.7GB
2023-02-08T21:32:06.009+0000	beacon2.Variants	16.7GB
2023-02-08T21:32:09.011+0000	beacon2.Variants	16.8GB
2023-02-08T21:32:12.005+0000	beacon2.Variants	16.8GB
2023-02-08T21:32:15.008+0000	beacon2.Variants	16.8GB
2023-02-08T21:32:18.016+0000	beacon2.Variants	16.9GB
2023-02-08T21:32:21.005+0000	beacon2.Variants	16.9GB
2023-02-08T21:32:24.007+0000	beacon2.Variants	16.9GB
2023-02-08T21:32:27.008+0000	beacon2.Variants	17.0GB
2023-02-08T21:32:30.005+0000	beacon2.Variants	17.0GB
2023-02-08T21:32:33.007+0000	beacon2.Variants	17.1GB
2023-02-08T21:32:36.011+0000	beacon2.Variants	17.1GB
2023-02-08T21:32:39.005+0000	beacon2.Variants	17.1GB
2023-02-08T21:32:42.005+0000	beacon2.Variants	17.2GB
2023-02-08T21:32:45.005+0000	beacon2.Variants	17.2GB
2023-02-08T21:32:48.015+0000	beacon2.Variants	17.2GB
2023-02-08T21:32:51.017+0000	beacon2.Variants	17.3GB
2023-02-08T21:32:54.013+0000	beacon2.Variants	17.3GB
2023-02-08T21:32:57.007+0000	beacon2.Variants	17.4GB
2023-02-08T21:33:00.006+0000	beacon2.Variants	17.4GB
2023-02-08T21:33:03.005+0000	beacon2.Variants	17.4GB
2023-02-08T21:33:06.010+0000	beacon2.Variants	17.5GB
2023-02-08T21:33:09.005+0000	beacon2.Variants	17.5GB
2023-02-08T21:33:12.011+0000	beacon2.Variants	17.6GB
2023-02-08T21:33:15.010+0000	beacon2.Variants	17.6GB
2023-02-08T21:33:18.018+0000	beacon2.Variants	17.6GB
2023-02-08T21:33:21.005+0000	beacon2.Variants	17.7GB
2023-02-08T21:33:24.007+0000	beacon2.Variants	17.7GB
2023-02-08T21:33:27.011+0000	beacon2.Variants	17.7GB
2023-02-08T21:33:30.010+0000	beacon2.Variants	17.8GB
2023-02-08T21:33:33.007+0000	beacon2.Variants	17.8GB
2023-02-08T21:33:36.022+0000	beacon2.Variants	17.9GB
2023-02-08T21:33:39.026+0000	beacon2.Variants	17.9GB
2023-02-08T21:33:42.005+0000	beacon2.Variants	17.9GB
2023-02-08T21:33:45.017+0000	beacon2.Variants	18.0GB
2023-02-08T21:33:48.014+0000	beacon2.Variants	18.0GB
2023-02-08T21:33:51.005+0000	beacon2.Variants	18.0GB
2023-02-08T21:33:54.014+0000	beacon2.Variants	18.1GB
2023-02-08T21:33:57.004+0000	beacon2.Variants	18.1GB
2023-02-08T21:34:00.008+0000	beacon2.Variants	18.1GB
2023-02-08T21:34:03.005+0000	beacon2.Variants	18.2GB
2023-02-08T21:34:06.005+0000	beacon2.Variants	18.2GB
2023-02-08T21:34:09.012+0000	beacon2.Variants	18.3GB
2023-02-08T21:34:12.004+0000	beacon2.Variants	18.3GB
2023-02-08T21:34:15.009+0000	beacon2.Variants	18.3GB
2023-02-08T21:34:18.010+0000	beacon2.Variants	18.4GB
2023-02-08T21:34:21.041+0000	beacon2.Variants	18.4GB
2023-02-08T21:34:24.016+0000	beacon2.Variants	18.5GB
2023-02-08T21:34:27.008+0000	beacon2.Variants	18.5GB
2023-02-08T21:34:30.005+0000	beacon2.Variants	18.5GB
2023-02-08T21:34:33.005+0000	beacon2.Variants	18.6GB
2023-02-08T21:34:36.007+0000	beacon2.Variants	18.6GB
2023-02-08T21:34:39.012+0000	beacon2.Variants	18.6GB
2023-02-08T21:34:42.005+0000	beacon2.Variants	18.7GB
2023-02-08T21:34:45.005+0000	beacon2.Variants	18.7GB
2023-02-08T21:34:48.007+0000	beacon2.Variants	18.8GB
2023-02-08T21:34:51.005+0000	beacon2.Variants	18.8GB
2023-02-08T21:34:54.007+0000	beacon2.Variants	18.8GB
2023-02-08T21:34:57.005+0000	beacon2.Variants	18.9GB
2023-02-08T21:35:00.005+0000	beacon2.Variants	18.9GB
2023-02-08T21:35:03.005+0000	beacon2.Variants	18.9GB
2023-02-08T21:35:06.008+0000	beacon2.Variants	19.0GB
2023-02-08T21:35:09.007+0000	beacon2.Variants	19.0GB
2023-02-08T21:35:12.004+0000	beacon2.Variants	19.1GB
2023-02-08T21:35:15.015+0000	beacon2.Variants	19.1GB
2023-02-08T21:35:18.005+0000	beacon2.Variants	19.1GB
2023-02-08T21:35:21.005+0000	beacon2.Variants	19.2GB
2023-02-08T21:35:24.014+0000	beacon2.Variants	19.2GB
2023-02-08T21:35:27.005+0000	beacon2.Variants	19.2GB
2023-02-08T21:35:30.008+0000	beacon2.Variants	19.3GB
2023-02-08T21:35:33.021+0000	beacon2.Variants	19.3GB
2023-02-08T21:35:36.005+0000	beacon2.Variants	19.4GB
2023-02-08T21:35:39.007+0000	beacon2.Variants	19.4GB
2023-02-08T21:35:42.007+0000	beacon2.Variants	19.4GB
2023-02-08T21:35:45.008+0000	beacon2.Variants	19.5GB
2023-02-08T21:35:48.015+0000	beacon2.Variants	19.5GB
2023-02-08T21:35:51.008+0000	beacon2.Variants	19.6GB
2023-02-08T21:35:54.018+0000	beacon2.Variants	19.6GB
2023-02-08T21:35:57.020+0000	beacon2.Variants	19.6GB
2023-02-08T21:36:00.007+0000	beacon2.Variants	19.7GB
2023-02-08T21:36:03.006+0000	beacon2.Variants	19.7GB
2023-02-08T21:36:06.020+0000	beacon2.Variants	19.8GB
2023-02-08T21:36:09.015+0000	beacon2.Variants	19.8GB
2023-02-08T21:36:12.011+0000	beacon2.Variants	19.8GB
2023-02-08T21:36:15.006+0000	beacon2.Variants	19.9GB
2023-02-08T21:36:18.008+0000	beacon2.Variants	19.9GB
2023-02-08T21:36:21.014+0000	beacon2.Variants	19.9GB
2023-02-08T21:36:24.005+0000	beacon2.Variants	20.0GB
2023-02-08T21:36:27.004+0000	beacon2.Variants	20.0GB
2023-02-08T21:36:30.008+0000	beacon2.Variants	20.1GB
2023-02-08T21:36:33.006+0000	beacon2.Variants	20.1GB
2023-02-08T21:36:36.006+0000	beacon2.Variants	20.1GB
2023-02-08T21:36:39.012+0000	beacon2.Variants	20.2GB
2023-02-08T21:36:42.005+0000	beacon2.Variants	20.2GB
2023-02-08T21:36:45.007+0000	beacon2.Variants	20.2GB
2023-02-08T21:36:48.005+0000	beacon2.Variants	20.3GB
2023-02-08T21:36:51.005+0000	beacon2.Variants	20.3GB
2023-02-08T21:36:54.005+0000	beacon2.Variants	20.4GB
2023-02-08T21:36:57.004+0000	beacon2.Variants	20.4GB
2023-02-08T21:37:00.004+0000	beacon2.Variants	20.4GB
2023-02-08T21:37:03.008+0000	beacon2.Variants	20.5GB
2023-02-08T21:37:06.006+0000	beacon2.Variants	20.5GB
2023-02-08T21:37:09.005+0000	beacon2.Variants	20.6GB
2023-02-08T21:37:12.013+0000	beacon2.Variants	20.6GB
2023-02-08T21:37:15.012+0000	beacon2.Variants	20.6GB
2023-02-08T21:37:18.016+0000	beacon2.Variants	20.7GB
2023-02-08T21:37:21.007+0000	beacon2.Variants	20.7GB
2023-02-08T21:37:24.015+0000	beacon2.Variants	20.7GB
2023-02-08T21:37:27.005+0000	beacon2.Variants	20.8GB
2023-02-08T21:37:30.006+0000	beacon2.Variants	20.8GB
2023-02-08T21:37:33.006+0000	beacon2.Variants	20.9GB
2023-02-08T21:37:36.006+0000	beacon2.Variants	20.9GB
2023-02-08T21:37:39.009+0000	beacon2.Variants	20.9GB
2023-02-08T21:37:42.008+0000	beacon2.Variants	21.0GB
2023-02-08T21:37:45.012+0000	beacon2.Variants	21.0GB
2023-02-08T21:37:48.008+0000	beacon2.Variants	21.0GB
2023-02-08T21:37:51.005+0000	beacon2.Variants	21.1GB
2023-02-08T21:37:54.005+0000	beacon2.Variants	21.1GB
2023-02-08T21:37:57.011+0000	beacon2.Variants	21.2GB
2023-02-08T21:38:00.010+0000	beacon2.Variants	21.2GB
2023-02-08T21:38:03.005+0000	beacon2.Variants	21.2GB
2023-02-08T21:38:06.006+0000	beacon2.Variants	21.3GB
2023-02-08T21:38:09.018+0000	beacon2.Variants	21.3GB
2023-02-08T21:38:12.019+0000	beacon2.Variants	21.4GB
2023-02-08T21:38:15.009+0000	beacon2.Variants	21.4GB
2023-02-08T21:38:18.005+0000	beacon2.Variants	21.4GB
2023-02-08T21:38:21.005+0000	beacon2.Variants	21.5GB
2023-02-08T21:38:24.005+0000	beacon2.Variants	21.5GB
2023-02-08T21:38:27.010+0000	beacon2.Variants	21.5GB
2023-02-08T21:38:30.008+0000	beacon2.Variants	21.6GB
2023-02-08T21:38:33.012+0000	beacon2.Variants	21.6GB
2023-02-08T21:38:36.012+0000	beacon2.Variants	21.6GB
2023-02-08T21:38:39.004+0000	beacon2.Variants	21.7GB
2023-02-08T21:38:42.005+0000	beacon2.Variants	21.7GB
2023-02-08T21:38:45.005+0000	beacon2.Variants	21.8GB
2023-02-08T21:38:48.006+0000	beacon2.Variants	21.8GB
2023-02-08T21:38:51.005+0000	beacon2.Variants	21.8GB
2023-02-08T21:38:54.005+0000	beacon2.Variants	21.9GB
2023-02-08T21:38:57.008+0000	beacon2.Variants	21.9GB
2023-02-08T21:39:00.006+0000	beacon2.Variants	22.0GB
2023-02-08T21:39:03.005+0000	beacon2.Variants	22.0GB
2023-02-08T21:39:06.006+0000	beacon2.Variants	22.0GB
2023-02-08T21:39:09.010+0000	beacon2.Variants	22.1GB
2023-02-08T21:39:12.005+0000	beacon2.Variants	22.1GB
2023-02-08T21:39:15.005+0000	beacon2.Variants	22.1GB
2023-02-08T21:39:18.011+0000	beacon2.Variants	22.2GB
2023-02-08T21:39:21.010+0000	beacon2.Variants	22.2GB
2023-02-08T21:39:24.005+0000	beacon2.Variants	22.3GB
2023-02-08T21:39:27.005+0000	beacon2.Variants	22.3GB
2023-02-08T21:39:30.005+0000	beacon2.Variants	22.3GB
2023-02-08T21:39:33.006+0000	beacon2.Variants	22.4GB
2023-02-08T21:39:36.006+0000	beacon2.Variants	22.4GB
2023-02-08T21:39:39.007+0000	beacon2.Variants	22.4GB
2023-02-08T21:39:42.013+0000	beacon2.Variants	22.5GB
2023-02-08T21:39:45.005+0000	beacon2.Variants	22.5GB
2023-02-08T21:39:48.016+0000	beacon2.Variants	22.6GB
2023-02-08T21:39:51.006+0000	beacon2.Variants	22.6GB
2023-02-08T21:39:54.005+0000	beacon2.Variants	22.6GB
2023-02-08T21:39:57.005+0000	beacon2.Variants	22.7GB
2023-02-08T21:40:00.005+0000	beacon2.Variants	22.7GB
2023-02-08T21:40:03.008+0000	beacon2.Variants	22.8GB
2023-02-08T21:40:06.007+0000	beacon2.Variants	22.8GB
2023-02-08T21:40:09.007+0000	beacon2.Variants	22.8GB
2023-02-08T21:40:12.009+0000	beacon2.Variants	22.9GB
2023-02-08T21:40:15.011+0000	beacon2.Variants	22.9GB
2023-02-08T21:40:18.007+0000	beacon2.Variants	22.9GB
2023-02-08T21:40:21.006+0000	beacon2.Variants	23.0GB
2023-02-08T21:40:24.007+0000	beacon2.Variants	23.0GB
2023-02-08T21:40:27.007+0000	beacon2.Variants	23.1GB
2023-02-08T21:40:30.014+0000	beacon2.Variants	23.1GB
2023-02-08T21:40:33.008+0000	beacon2.Variants	23.1GB
2023-02-08T21:40:36.005+0000	beacon2.Variants	23.2GB
2023-02-08T21:40:39.015+0000	beacon2.Variants	23.2GB
2023-02-08T21:40:42.005+0000	beacon2.Variants	23.2GB
2023-02-08T21:40:45.007+0000	beacon2.Variants	23.3GB
2023-02-08T21:40:48.005+0000	beacon2.Variants	23.3GB
2023-02-08T21:40:51.007+0000	beacon2.Variants	23.4GB
2023-02-08T21:40:54.007+0000	beacon2.Variants	23.4GB
2023-02-08T21:40:57.005+0000	beacon2.Variants	23.4GB
2023-02-08T21:41:00.013+0000	beacon2.Variants	23.5GB
2023-02-08T21:41:03.006+0000	beacon2.Variants	23.5GB
2023-02-08T21:41:06.013+0000	beacon2.Variants	23.6GB
2023-02-08T21:41:09.005+0000	beacon2.Variants	23.6GB
2023-02-08T21:41:12.005+0000	beacon2.Variants	23.6GB
2023-02-08T21:41:15.005+0000	beacon2.Variants	23.7GB
2023-02-08T21:41:18.004+0000	beacon2.Variants	23.7GB
2023-02-08T21:41:21.013+0000	beacon2.Variants	23.7GB
2023-02-08T21:41:24.007+0000	beacon2.Variants	23.8GB
2023-02-08T21:41:27.005+0000	beacon2.Variants	23.8GB
2023-02-08T21:41:30.005+0000	beacon2.Variants	23.9GB
2023-02-08T21:41:33.006+0000	beacon2.Variants	23.9GB
2023-02-08T21:41:36.005+0000	beacon2.Variants	23.9GB
2023-02-08T21:41:39.005+0000	beacon2.Variants	24.0GB
2023-02-08T21:41:42.005+0000	beacon2.Variants	24.0GB
2023-02-08T21:41:45.017+0000	beacon2.Variants	24.1GB
2023-02-08T21:41:48.009+0000	beacon2.Variants	24.1GB
2023-02-08T21:41:51.011+0000	beacon2.Variants	24.1GB
2023-02-08T21:41:54.020+0000	beacon2.Variants	24.2GB
2023-02-08T21:41:57.005+0000	beacon2.Variants	24.2GB
2023-02-08T21:42:00.006+0000	beacon2.Variants	24.2GB
2023-02-08T21:42:03.017+0000	beacon2.Variants	24.3GB
2023-02-08T21:42:06.007+0000	beacon2.Variants	24.3GB
2023-02-08T21:42:09.012+0000	beacon2.Variants	24.4GB
2023-02-08T21:42:12.005+0000	beacon2.Variants	24.4GB
2023-02-08T21:42:15.010+0000	beacon2.Variants	24.4GB
2023-02-08T21:42:18.015+0000	beacon2.Variants	24.5GB
2023-02-08T21:42:21.022+0000	beacon2.Variants	24.5GB
2023-02-08T21:42:24.008+0000	beacon2.Variants	24.6GB
2023-02-08T21:42:27.007+0000	beacon2.Variants	24.6GB
2023-02-08T21:42:30.008+0000	beacon2.Variants	24.6GB
2023-02-08T21:42:33.011+0000	beacon2.Variants	24.7GB
2023-02-08T21:42:36.009+0000	beacon2.Variants	24.7GB
2023-02-08T21:42:39.015+0000	beacon2.Variants	24.7GB
2023-02-08T21:42:42.006+0000	beacon2.Variants	24.8GB
2023-02-08T21:42:45.006+0000	beacon2.Variants	24.8GB
2023-02-08T21:42:48.005+0000	beacon2.Variants	24.9GB
2023-02-08T21:42:51.007+0000	beacon2.Variants	24.9GB
2023-02-08T21:42:54.023+0000	beacon2.Variants	24.9GB
2023-02-08T21:42:57.006+0000	beacon2.Variants	25.0GB
2023-02-08T21:43:00.005+0000	beacon2.Variants	25.0GB
2023-02-08T21:43:03.019+0000	beacon2.Variants	25.0GB
2023-02-08T21:43:06.005+0000	beacon2.Variants	25.1GB
2023-02-08T21:43:09.015+0000	beacon2.Variants	25.1GB
2023-02-08T21:43:12.006+0000	beacon2.Variants	25.2GB
2023-02-08T21:43:15.009+0000	beacon2.Variants	25.2GB
2023-02-08T21:43:18.011+0000	beacon2.Variants	25.2GB
2023-02-08T21:43:21.009+0000	beacon2.Variants	25.3GB
2023-02-08T21:43:24.006+0000	beacon2.Variants	25.3GB
2023-02-08T21:43:27.019+0000	beacon2.Variants	25.4GB
2023-02-08T21:43:30.007+0000	beacon2.Variants	25.4GB
2023-02-08T21:43:33.005+0000	beacon2.Variants	25.4GB
2023-02-08T21:43:36.009+0000	beacon2.Variants	25.5GB
2023-02-08T21:43:39.007+0000	beacon2.Variants	25.5GB
2023-02-08T21:43:42.005+0000	beacon2.Variants	25.5GB
2023-02-08T21:43:45.006+0000	beacon2.Variants	25.6GB
2023-02-08T21:43:48.015+0000	beacon2.Variants	25.6GB
2023-02-08T21:43:51.017+0000	beacon2.Variants	25.6GB
2023-02-08T21:43:54.011+0000	beacon2.Variants	25.7GB
2023-02-08T21:43:57.005+0000	beacon2.Variants	25.7GB
2023-02-08T21:44:00.018+0000	beacon2.Variants	25.8GB
2023-02-08T21:44:03.006+0000	beacon2.Variants	25.8GB
2023-02-08T21:44:06.012+0000	beacon2.Variants	25.8GB
2023-02-08T21:44:09.010+0000	beacon2.Variants	25.9GB
2023-02-08T21:44:12.009+0000	beacon2.Variants	25.9GB
2023-02-08T21:44:15.027+0000	beacon2.Variants	26.0GB
2023-02-08T21:44:18.017+0000	beacon2.Variants	26.0GB
2023-02-08T21:44:21.007+0000	beacon2.Variants	26.0GB
2023-02-08T21:44:24.019+0000	beacon2.Variants	26.1GB
2023-02-08T21:44:27.011+0000	beacon2.Variants	26.1GB
2023-02-08T21:44:30.012+0000	beacon2.Variants	26.1GB
2023-02-08T21:44:33.006+0000	beacon2.Variants	26.2GB
2023-02-08T21:44:36.005+0000	beacon2.Variants	26.2GB
2023-02-08T21:44:39.015+0000	beacon2.Variants	26.3GB
2023-02-08T21:44:42.012+0000	beacon2.Variants	26.3GB
2023-02-08T21:44:45.005+0000	beacon2.Variants	26.3GB
2023-02-08T21:44:48.005+0000	beacon2.Variants	26.4GB
2023-02-08T21:44:51.010+0000	beacon2.Variants	26.4GB
2023-02-08T21:44:54.010+0000	beacon2.Variants	26.4GB
2023-02-08T21:44:57.008+0000	beacon2.Variants	26.5GB
2023-02-08T21:45:00.006+0000	beacon2.Variants	26.5GB
2023-02-08T21:45:03.005+0000	beacon2.Variants	26.6GB
2023-02-08T21:45:06.007+0000	beacon2.Variants	26.6GB
2023-02-08T21:45:09.005+0000	beacon2.Variants	26.6GB
2023-02-08T21:45:12.006+0000	beacon2.Variants	26.7GB
2023-02-08T21:45:15.005+0000	beacon2.Variants	26.7GB
2023-02-08T21:45:18.005+0000	beacon2.Variants	26.8GB
2023-02-08T21:45:21.009+0000	beacon2.Variants	26.8GB
2023-02-08T21:45:24.008+0000	beacon2.Variants	26.8GB
2023-02-08T21:45:27.007+0000	beacon2.Variants	26.9GB
2023-02-08T21:45:30.007+0000	beacon2.Variants	26.9GB
2023-02-08T21:45:33.005+0000	beacon2.Variants	26.9GB
2023-02-08T21:45:36.010+0000	beacon2.Variants	27.0GB
2023-02-08T21:45:39.010+0000	beacon2.Variants	27.0GB
2023-02-08T21:45:42.011+0000	beacon2.Variants	27.1GB
2023-02-08T21:45:45.008+0000	beacon2.Variants	27.1GB
2023-02-08T21:45:48.005+0000	beacon2.Variants	27.1GB
2023-02-08T21:45:51.019+0000	beacon2.Variants	27.2GB
2023-02-08T21:45:54.005+0000	beacon2.Variants	27.2GB
2023-02-08T21:45:57.021+0000	beacon2.Variants	27.2GB
2023-02-08T21:46:00.006+0000	beacon2.Variants	27.3GB
2023-02-08T21:46:03.007+0000	beacon2.Variants	27.3GB
2023-02-08T21:46:06.004+0000	beacon2.Variants	27.4GB
2023-02-08T21:46:09.013+0000	beacon2.Variants	27.4GB
2023-02-08T21:46:12.004+0000	beacon2.Variants	27.4GB
2023-02-08T21:46:15.010+0000	beacon2.Variants	27.5GB
2023-02-08T21:46:18.004+0000	beacon2.Variants	27.5GB
2023-02-08T21:46:21.014+0000	beacon2.Variants	27.6GB
2023-02-08T21:46:24.005+0000	beacon2.Variants	27.6GB
2023-02-08T21:46:27.014+0000	beacon2.Variants	27.6GB
2023-02-08T21:46:30.007+0000	beacon2.Variants	27.7GB
2023-02-08T21:46:33.005+0000	beacon2.Variants	27.7GB
2023-02-08T21:46:36.013+0000	beacon2.Variants	27.8GB
2023-02-08T21:46:39.014+0000	beacon2.Variants	27.8GB
2023-02-08T21:46:42.013+0000	beacon2.Variants	27.8GB
2023-02-08T21:46:45.007+0000	beacon2.Variants	27.9GB
2023-02-08T21:46:48.005+0000	beacon2.Variants	27.9GB
2023-02-08T21:46:51.024+0000	beacon2.Variants	27.9GB
2023-02-08T21:46:54.006+0000	beacon2.Variants	28.0GB
2023-02-08T21:46:57.005+0000	beacon2.Variants	28.0GB
2023-02-08T21:47:00.006+0000	beacon2.Variants	28.1GB
2023-02-08T21:47:03.041+0000	beacon2.Variants	28.1GB
2023-02-08T21:47:06.005+0000	beacon2.Variants	28.1GB
2023-02-08T21:47:09.008+0000	beacon2.Variants	28.2GB
2023-02-08T21:47:12.012+0000	beacon2.Variants	28.2GB
2023-02-08T21:47:15.014+0000	beacon2.Variants	28.2GB
2023-02-08T21:47:18.013+0000	beacon2.Variants	28.3GB
2023-02-08T21:47:21.015+0000	beacon2.Variants	28.3GB
2023-02-08T21:47:24.009+0000	beacon2.Variants	28.4GB
2023-02-08T21:47:27.007+0000	beacon2.Variants	28.4GB
2023-02-08T21:47:30.005+0000	beacon2.Variants	28.4GB
2023-02-08T21:47:33.004+0000	beacon2.Variants	28.5GB
2023-02-08T21:47:36.005+0000	beacon2.Variants	28.5GB
2023-02-08T21:47:39.012+0000	beacon2.Variants	28.6GB
2023-02-08T21:47:42.007+0000	beacon2.Variants	28.6GB
2023-02-08T21:47:45.006+0000	beacon2.Variants	28.6GB
2023-02-08T21:47:48.004+0000	beacon2.Variants	28.7GB
2023-02-08T21:47:51.008+0000	beacon2.Variants	28.7GB
2023-02-08T21:47:54.005+0000	beacon2.Variants	28.7GB
2023-02-08T21:47:57.010+0000	beacon2.Variants	28.8GB
2023-02-08T21:48:00.006+0000	beacon2.Variants	28.8GB
2023-02-08T21:48:03.017+0000	beacon2.Variants	28.9GB
2023-02-08T21:48:06.005+0000	beacon2.Variants	28.9GB
2023-02-08T21:48:09.005+0000	beacon2.Variants	28.9GB
2023-02-08T21:48:12.005+0000	beacon2.Variants	29.0GB
2023-02-08T21:48:15.008+0000	beacon2.Variants	29.0GB
2023-02-08T21:48:18.011+0000	beacon2.Variants	29.0GB
2023-02-08T21:48:21.012+0000	beacon2.Variants	29.1GB
2023-02-08T21:48:24.006+0000	beacon2.Variants	29.1GB
2023-02-08T21:48:27.006+0000	beacon2.Variants	29.2GB
2023-02-08T21:48:30.005+0000	beacon2.Variants	29.2GB
2023-02-08T21:48:33.005+0000	beacon2.Variants	29.2GB
2023-02-08T21:48:36.005+0000	beacon2.Variants	29.3GB
2023-02-08T21:48:39.010+0000	beacon2.Variants	29.3GB
2023-02-08T21:48:42.006+0000	beacon2.Variants	29.4GB
2023-02-08T21:48:45.007+0000	beacon2.Variants	29.4GB
2023-02-08T21:48:48.012+0000	beacon2.Variants	29.4GB
2023-02-08T21:48:51.013+0000	beacon2.Variants	29.5GB
2023-02-08T21:48:54.011+0000	beacon2.Variants	29.5GB
2023-02-08T21:48:57.005+0000	beacon2.Variants	29.5GB
2023-02-08T21:49:00.005+0000	beacon2.Variants	29.6GB
2023-02-08T21:49:03.020+0000	beacon2.Variants	29.6GB
2023-02-08T21:49:06.006+0000	beacon2.Variants	29.6GB
2023-02-08T21:49:09.007+0000	beacon2.Variants	29.7GB
2023-02-08T21:49:12.008+0000	beacon2.Variants	29.7GB
2023-02-08T21:49:15.019+0000	beacon2.Variants	29.8GB
2023-02-08T21:49:18.006+0000	beacon2.Variants	29.8GB
2023-02-08T21:49:21.007+0000	beacon2.Variants	29.8GB
2023-02-08T21:49:24.012+0000	beacon2.Variants	29.9GB
2023-02-08T21:49:27.007+0000	beacon2.Variants	29.9GB
2023-02-08T21:49:30.010+0000	beacon2.Variants	30.0GB
2023-02-08T21:49:33.013+0000	beacon2.Variants	30.0GB
2023-02-08T21:49:36.006+0000	beacon2.Variants	30.0GB
2023-02-08T21:49:39.013+0000	beacon2.Variants	30.1GB
2023-02-08T21:49:42.009+0000	beacon2.Variants	30.1GB
2023-02-08T21:49:45.012+0000	beacon2.Variants	30.1GB
2023-02-08T21:49:48.005+0000	beacon2.Variants	30.2GB
2023-02-08T21:49:51.006+0000	beacon2.Variants	30.2GB
2023-02-08T21:49:54.006+0000	beacon2.Variants	30.3GB
2023-02-08T21:49:57.007+0000	beacon2.Variants	30.3GB
2023-02-08T21:50:00.005+0000	beacon2.Variants	30.3GB
2023-02-08T21:50:03.010+0000	beacon2.Variants	30.4GB
2023-02-08T21:50:06.004+0000	beacon2.Variants	30.4GB
2023-02-08T21:50:09.008+0000	beacon2.Variants	30.4GB
2023-02-08T21:50:12.009+0000	beacon2.Variants	30.5GB
2023-02-08T21:50:15.006+0000	beacon2.Variants	30.5GB
2023-02-08T21:50:18.009+0000	beacon2.Variants	30.6GB
2023-02-08T21:50:21.005+0000	beacon2.Variants	30.6GB
2023-02-08T21:50:24.009+0000	beacon2.Variants	30.6GB
2023-02-08T21:50:27.011+0000	beacon2.Variants	30.7GB
2023-02-08T21:50:30.012+0000	beacon2.Variants	30.7GB
2023-02-08T21:50:33.008+0000	beacon2.Variants	30.8GB
2023-02-08T21:50:36.012+0000	beacon2.Variants	30.8GB
2023-02-08T21:50:39.007+0000	beacon2.Variants	30.8GB
2023-02-08T21:50:42.005+0000	beacon2.Variants	30.9GB
2023-02-08T21:50:45.005+0000	beacon2.Variants	30.9GB
2023-02-08T21:50:48.008+0000	beacon2.Variants	30.9GB
2023-02-08T21:50:51.016+0000	beacon2.Variants	31.0GB
2023-02-08T21:50:54.012+0000	beacon2.Variants	31.0GB
2023-02-08T21:50:57.008+0000	beacon2.Variants	31.1GB
2023-02-08T21:51:00.009+0000	beacon2.Variants	31.1GB
2023-02-08T21:51:03.005+0000	beacon2.Variants	31.1GB
2023-02-08T21:51:06.009+0000	beacon2.Variants	31.2GB
2023-02-08T21:51:09.005+0000	beacon2.Variants	31.2GB
2023-02-08T21:51:12.010+0000	beacon2.Variants	31.2GB
2023-02-08T21:51:15.007+0000	beacon2.Variants	31.3GB
2023-02-08T21:51:18.005+0000	beacon2.Variants	31.3GB
2023-02-08T21:51:21.005+0000	beacon2.Variants	31.4GB
2023-02-08T21:51:24.008+0000	beacon2.Variants	31.4GB
2023-02-08T21:51:27.018+0000	beacon2.Variants	31.4GB
2023-02-08T21:51:30.010+0000	beacon2.Variants	31.5GB
2023-02-08T21:51:33.010+0000	beacon2.Variants	31.5GB
2023-02-08T21:51:36.005+0000	beacon2.Variants	31.6GB
2023-02-08T21:51:39.005+0000	beacon2.Variants	31.6GB
2023-02-08T21:51:42.005+0000	beacon2.Variants	31.6GB
2023-02-08T21:51:45.010+0000	beacon2.Variants	31.7GB
2023-02-08T21:51:48.005+0000	beacon2.Variants	31.7GB
2023-02-08T21:51:51.008+0000	beacon2.Variants	31.7GB
2023-02-08T21:51:54.006+0000	beacon2.Variants	31.8GB
2023-02-08T21:51:57.006+0000	beacon2.Variants	31.8GB
2023-02-08T21:52:00.008+0000	beacon2.Variants	31.9GB
2023-02-08T21:52:03.006+0000	beacon2.Variants	31.9GB
2023-02-08T21:52:06.006+0000	beacon2.Variants	31.9GB
2023-02-08T21:52:09.007+0000	beacon2.Variants	32.0GB
2023-02-08T21:52:12.006+0000	beacon2.Variants	32.0GB
2023-02-08T21:52:15.007+0000	beacon2.Variants	32.0GB
2023-02-08T21:52:18.006+0000	beacon2.Variants	32.1GB
2023-02-08T21:52:21.006+0000	beacon2.Variants	32.1GB
2023-02-08T21:52:24.006+0000	beacon2.Variants	32.2GB
2023-02-08T21:52:27.004+0000	beacon2.Variants	32.2GB
2023-02-08T21:52:30.008+0000	beacon2.Variants	32.2GB
2023-02-08T21:52:33.006+0000	beacon2.Variants	32.3GB
2023-02-08T21:52:36.004+0000	beacon2.Variants	32.3GB
2023-02-08T21:52:39.009+0000	beacon2.Variants	32.4GB
2023-02-08T21:52:42.005+0000	beacon2.Variants	32.4GB
2023-02-08T21:52:45.005+0000	beacon2.Variants	32.4GB
2023-02-08T21:52:48.009+0000	beacon2.Variants	32.5GB
2023-02-08T21:52:51.009+0000	beacon2.Variants	32.5GB
2023-02-08T21:52:54.006+0000	beacon2.Variants	32.5GB
2023-02-08T21:52:57.005+0000	beacon2.Variants	32.6GB
2023-02-08T21:53:00.006+0000	beacon2.Variants	32.6GB
2023-02-08T21:53:03.012+0000	beacon2.Variants	32.6GB
2023-02-08T21:53:06.005+0000	beacon2.Variants	32.7GB
2023-02-08T21:53:09.005+0000	beacon2.Variants	32.7GB
2023-02-08T21:53:12.015+0000	beacon2.Variants	32.8GB
2023-02-08T21:53:15.015+0000	beacon2.Variants	32.8GB
2023-02-08T21:53:18.005+0000	beacon2.Variants	32.8GB
2023-02-08T21:53:21.013+0000	beacon2.Variants	32.9GB
2023-02-08T21:53:24.007+0000	beacon2.Variants	32.9GB
2023-02-08T21:53:27.011+0000	beacon2.Variants	33.0GB
2023-02-08T21:53:30.008+0000	beacon2.Variants	33.0GB
2023-02-08T21:53:33.013+0000	beacon2.Variants	33.0GB
2023-02-08T21:53:36.005+0000	beacon2.Variants	33.1GB
2023-02-08T21:53:39.004+0000	beacon2.Variants	33.1GB
2023-02-08T21:53:42.005+0000	beacon2.Variants	33.1GB
2023-02-08T21:53:45.006+0000	beacon2.Variants	33.2GB
2023-02-08T21:53:48.008+0000	beacon2.Variants	33.2GB
2023-02-08T21:53:51.020+0000	beacon2.Variants	33.3GB
2023-02-08T21:53:54.006+0000	beacon2.Variants	33.3GB
2023-02-08T21:53:57.005+0000	beacon2.Variants	33.3GB
2023-02-08T21:54:00.010+0000	beacon2.Variants	33.4GB
2023-02-08T21:54:03.011+0000	beacon2.Variants	33.4GB
2023-02-08T21:54:06.018+0000	beacon2.Variants	33.5GB
2023-02-08T21:54:09.005+0000	beacon2.Variants	33.5GB
2023-02-08T21:54:12.005+0000	beacon2.Variants	33.5GB
2023-02-08T21:54:15.009+0000	beacon2.Variants	33.6GB
2023-02-08T21:54:18.005+0000	beacon2.Variants	33.6GB
2023-02-08T21:54:21.005+0000	beacon2.Variants	33.6GB
2023-02-08T21:54:24.006+0000	beacon2.Variants	33.7GB
2023-02-08T21:54:27.007+0000	beacon2.Variants	33.7GB
2023-02-08T21:54:30.009+0000	beacon2.Variants	33.8GB
2023-02-08T21:54:33.004+0000	beacon2.Variants	33.8GB
2023-02-08T21:54:36.013+0000	beacon2.Variants	33.8GB
2023-02-08T21:54:39.005+0000	beacon2.Variants	33.9GB
2023-02-08T21:54:42.005+0000	beacon2.Variants	33.9GB
2023-02-08T21:54:45.010+0000	beacon2.Variants	33.9GB
2023-02-08T21:54:48.023+0000	beacon2.Variants	34.0GB
2023-02-08T21:54:51.012+0000	beacon2.Variants	34.0GB
2023-02-08T21:54:54.022+0000	beacon2.Variants	34.1GB
2023-02-08T21:54:57.005+0000	beacon2.Variants	34.1GB
2023-02-08T21:55:00.005+0000	beacon2.Variants	34.1GB
2023-02-08T21:55:03.014+0000	beacon2.Variants	34.2GB
2023-02-08T21:55:06.005+0000	beacon2.Variants	34.2GB
2023-02-08T21:55:09.005+0000	beacon2.Variants	34.2GB
2023-02-08T21:55:12.018+0000	beacon2.Variants	34.3GB
2023-02-08T21:55:15.014+0000	beacon2.Variants	34.3GB
2023-02-08T21:55:18.005+0000	beacon2.Variants	34.4GB
2023-02-08T21:55:21.018+0000	beacon2.Variants	34.4GB
2023-02-08T21:55:24.008+0000	beacon2.Variants	34.4GB
2023-02-08T21:55:27.005+0000	beacon2.Variants	34.5GB
2023-02-08T21:55:30.015+0000	beacon2.Variants	34.5GB
2023-02-08T21:55:33.008+0000	beacon2.Variants	34.5GB
2023-02-08T21:55:36.007+0000	beacon2.Variants	34.6GB
2023-02-08T21:55:39.005+0000	beacon2.Variants	34.6GB
2023-02-08T21:55:42.004+0000	beacon2.Variants	34.7GB
2023-02-08T21:55:45.006+0000	beacon2.Variants	34.7GB
2023-02-08T21:55:48.005+0000	beacon2.Variants	34.7GB
2023-02-08T21:55:51.007+0000	beacon2.Variants	34.8GB
2023-02-08T21:55:54.005+0000	beacon2.Variants	34.8GB
2023-02-08T21:55:57.014+0000	beacon2.Variants	34.9GB
2023-02-08T21:56:00.009+0000	beacon2.Variants	34.9GB
2023-02-08T21:56:03.005+0000	beacon2.Variants	34.9GB
2023-02-08T21:56:06.007+0000	beacon2.Variants	35.0GB
2023-02-08T21:56:09.008+0000	beacon2.Variants	35.0GB
2023-02-08T21:56:12.005+0000	beacon2.Variants	35.0GB
2023-02-08T21:56:15.011+0000	beacon2.Variants	35.1GB
2023-02-08T21:56:18.007+0000	beacon2.Variants	35.1GB
2023-02-08T21:56:21.004+0000	beacon2.Variants	35.2GB
2023-02-08T21:56:24.015+0000	beacon2.Variants	35.2GB
2023-02-08T21:56:27.011+0000	beacon2.Variants	35.2GB
2023-02-08T21:56:30.005+0000	beacon2.Variants	35.3GB
2023-02-08T21:56:33.004+0000	beacon2.Variants	35.3GB
2023-02-08T21:56:36.012+0000	beacon2.Variants	35.4GB
2023-02-08T21:56:39.004+0000	beacon2.Variants	35.4GB
2023-02-08T21:56:42.005+0000	beacon2.Variants	35.4GB
2023-02-08T21:56:45.015+0000	beacon2.Variants	35.5GB
2023-02-08T21:56:48.005+0000	beacon2.Variants	35.5GB
2023-02-08T21:56:51.038+0000	beacon2.Variants	35.5GB
2023-02-08T21:56:54.006+0000	beacon2.Variants	35.6GB
2023-02-08T21:56:57.009+0000	beacon2.Variants	35.6GB
2023-02-08T21:57:00.005+0000	beacon2.Variants	35.6GB
2023-02-08T21:57:03.006+0000	beacon2.Variants	35.7GB
2023-02-08T21:57:06.010+0000	beacon2.Variants	35.7GB
2023-02-08T21:57:09.006+0000	beacon2.Variants	35.8GB
2023-02-08T21:57:12.005+0000	beacon2.Variants	35.8GB
2023-02-08T21:57:15.005+0000	beacon2.Variants	35.8GB
2023-02-08T21:57:18.007+0000	beacon2.Variants	35.9GB
2023-02-08T21:57:21.007+0000	beacon2.Variants	35.9GB
2023-02-08T21:57:24.022+0000	beacon2.Variants	36.0GB
2023-02-08T21:57:27.006+0000	beacon2.Variants	36.0GB
2023-02-08T21:57:30.007+0000	beacon2.Variants	36.0GB
2023-02-08T21:57:33.007+0000	beacon2.Variants	36.1GB
2023-02-08T21:57:36.004+0000	beacon2.Variants	36.1GB
2023-02-08T21:57:39.016+0000	beacon2.Variants	36.1GB
2023-02-08T21:57:42.005+0000	beacon2.Variants	36.2GB
2023-02-08T21:57:45.018+0000	beacon2.Variants	36.2GB
2023-02-08T21:57:48.006+0000	beacon2.Variants	36.3GB
2023-02-08T21:57:51.008+0000	beacon2.Variants	36.3GB
2023-02-08T21:57:54.012+0000	beacon2.Variants	36.3GB
2023-02-08T21:57:57.011+0000	beacon2.Variants	36.4GB
2023-02-08T21:58:00.005+0000	beacon2.Variants	36.4GB
2023-02-08T21:58:03.007+0000	beacon2.Variants	36.5GB
2023-02-08T21:58:06.006+0000	beacon2.Variants	36.5GB
2023-02-08T21:58:09.005+0000	beacon2.Variants	36.5GB
2023-02-08T21:58:12.006+0000	beacon2.Variants	36.6GB
2023-02-08T21:58:15.011+0000	beacon2.Variants	36.6GB
2023-02-08T21:58:18.005+0000	beacon2.Variants	36.6GB
2023-02-08T21:58:21.005+0000	beacon2.Variants	36.7GB
2023-02-08T21:58:24.007+0000	beacon2.Variants	36.7GB
2023-02-08T21:58:27.009+0000	beacon2.Variants	36.8GB
2023-02-08T21:58:30.006+0000	beacon2.Variants	36.8GB
2023-02-08T21:58:33.006+0000	beacon2.Variants	36.8GB
2023-02-08T21:58:36.006+0000	beacon2.Variants	36.9GB
2023-02-08T21:58:39.009+0000	beacon2.Variants	36.9GB
2023-02-08T21:58:42.006+0000	beacon2.Variants	36.9GB
2023-02-08T21:58:45.020+0000	beacon2.Variants	37.0GB
2023-02-08T21:58:48.005+0000	beacon2.Variants	37.0GB
2023-02-08T21:58:51.005+0000	beacon2.Variants	37.1GB
2023-02-08T21:58:54.013+0000	beacon2.Variants	37.1GB
2023-02-08T21:58:57.017+0000	beacon2.Variants	37.1GB
2023-02-08T21:59:00.006+0000	beacon2.Variants	37.2GB
2023-02-08T21:59:03.008+0000	beacon2.Variants	37.2GB
2023-02-08T21:59:06.009+0000	beacon2.Variants	37.2GB
2023-02-08T21:59:09.006+0000	beacon2.Variants	37.3GB
2023-02-08T21:59:12.010+0000	beacon2.Variants	37.3GB
2023-02-08T21:59:15.007+0000	beacon2.Variants	37.4GB
2023-02-08T21:59:18.017+0000	beacon2.Variants	37.4GB
2023-02-08T21:59:21.008+0000	beacon2.Variants	37.4GB
2023-02-08T21:59:24.011+0000	beacon2.Variants	37.5GB
2023-02-08T21:59:27.009+0000	beacon2.Variants	37.5GB
2023-02-08T21:59:30.016+0000	beacon2.Variants	37.5GB
2023-02-08T21:59:33.011+0000	beacon2.Variants	37.6GB
2023-02-08T21:59:36.005+0000	beacon2.Variants	37.6GB
2023-02-08T21:59:39.011+0000	beacon2.Variants	37.7GB
2023-02-08T21:59:42.005+0000	beacon2.Variants	37.7GB
2023-02-08T21:59:45.005+0000	beacon2.Variants	37.7GB
2023-02-08T21:59:48.005+0000	beacon2.Variants	37.8GB
2023-02-08T21:59:51.005+0000	beacon2.Variants	37.8GB
2023-02-08T21:59:54.008+0000	beacon2.Variants	37.9GB
2023-02-08T21:59:57.023+0000	beacon2.Variants	37.9GB
2023-02-08T22:00:00.005+0000	beacon2.Variants	37.9GB
2023-02-08T22:00:03.007+0000	beacon2.Variants	38.0GB
2023-02-08T22:00:06.007+0000	beacon2.Variants	38.0GB
2023-02-08T22:00:09.009+0000	beacon2.Variants	38.0GB
2023-02-08T22:00:12.004+0000	beacon2.Variants	38.1GB
2023-02-08T22:00:15.014+0000	beacon2.Variants	38.1GB
2023-02-08T22:00:18.005+0000	beacon2.Variants	38.2GB
2023-02-08T22:00:21.005+0000	beacon2.Variants	38.2GB
2023-02-08T22:00:24.013+0000	beacon2.Variants	38.2GB
2023-02-08T22:00:27.007+0000	beacon2.Variants	38.3GB
2023-02-08T22:00:30.005+0000	beacon2.Variants	38.3GB
2023-02-08T22:00:33.009+0000	beacon2.Variants	38.4GB
2023-02-08T22:00:36.004+0000	beacon2.Variants	38.4GB
2023-02-08T22:00:39.005+0000	beacon2.Variants	38.4GB
2023-02-08T22:00:42.014+0000	beacon2.Variants	38.5GB
2023-02-08T22:00:45.005+0000	beacon2.Variants	38.5GB
2023-02-08T22:00:48.005+0000	beacon2.Variants	38.5GB
2023-02-08T22:00:51.022+0000	beacon2.Variants	38.6GB
2023-02-08T22:00:54.005+0000	beacon2.Variants	38.6GB
2023-02-08T22:00:57.013+0000	beacon2.Variants	38.7GB
2023-02-08T22:01:00.005+0000	beacon2.Variants	38.7GB
2023-02-08T22:01:03.008+0000	beacon2.Variants	38.7GB
2023-02-08T22:01:06.011+0000	beacon2.Variants	38.8GB
2023-02-08T22:01:09.011+0000	beacon2.Variants	38.8GB
2023-02-08T22:01:12.011+0000	beacon2.Variants	38.9GB
2023-02-08T22:01:15.006+0000	beacon2.Variants	38.9GB
2023-02-08T22:01:18.005+0000	beacon2.Variants	38.9GB
2023-02-08T22:01:21.005+0000	beacon2.Variants	39.0GB
2023-02-08T22:01:24.010+0000	beacon2.Variants	39.0GB
2023-02-08T22:01:27.011+0000	beacon2.Variants	39.0GB
2023-02-08T22:01:30.004+0000	beacon2.Variants	39.1GB
2023-02-08T22:01:33.005+0000	beacon2.Variants	39.1GB
2023-02-08T22:01:36.017+0000	beacon2.Variants	39.1GB
2023-02-08T22:01:39.010+0000	beacon2.Variants	39.2GB
2023-02-08T22:01:42.005+0000	beacon2.Variants	39.2GB
2023-02-08T22:01:45.005+0000	beacon2.Variants	39.3GB
2023-02-08T22:01:48.006+0000	beacon2.Variants	39.3GB
2023-02-08T22:01:51.008+0000	beacon2.Variants	39.3GB
2023-02-08T22:01:54.004+0000	beacon2.Variants	39.4GB
2023-02-08T22:01:57.005+0000	beacon2.Variants	39.4GB
2023-02-08T22:02:00.008+0000	beacon2.Variants	39.5GB
2023-02-08T22:02:03.006+0000	beacon2.Variants	39.5GB
2023-02-08T22:02:06.022+0000	beacon2.Variants	39.5GB
2023-02-08T22:02:09.005+0000	beacon2.Variants	39.6GB
2023-02-08T22:02:12.007+0000	beacon2.Variants	39.6GB
2023-02-08T22:02:15.005+0000	beacon2.Variants	39.6GB
2023-02-08T22:02:18.016+0000	beacon2.Variants	39.7GB
2023-02-08T22:02:21.005+0000	beacon2.Variants	39.7GB
2023-02-08T22:02:24.013+0000	beacon2.Variants	39.8GB
2023-02-08T22:02:27.005+0000	beacon2.Variants	39.8GB
2023-02-08T22:02:30.005+0000	beacon2.Variants	39.8GB
2023-02-08T22:02:33.007+0000	beacon2.Variants	39.9GB
2023-02-08T22:02:36.005+0000	beacon2.Variants	39.9GB
2023-02-08T22:02:39.004+0000	beacon2.Variants	40.0GB
2023-02-08T22:02:42.004+0000	beacon2.Variants	40.0GB
2023-02-08T22:02:45.004+0000	beacon2.Variants	40.0GB
2023-02-08T22:02:48.012+0000	beacon2.Variants	40.1GB
2023-02-08T22:02:51.009+0000	beacon2.Variants	40.1GB
2023-02-08T22:02:54.006+0000	beacon2.Variants	40.1GB
2023-02-08T22:02:57.005+0000	beacon2.Variants	40.2GB
2023-02-08T22:03:00.011+0000	beacon2.Variants	40.2GB
2023-02-08T22:03:03.009+0000	beacon2.Variants	40.2GB
2023-02-08T22:03:06.005+0000	beacon2.Variants	40.3GB
2023-02-08T22:03:09.017+0000	beacon2.Variants	40.3GB
2023-02-08T22:03:12.005+0000	beacon2.Variants	40.4GB
2023-02-08T22:03:15.005+0000	beacon2.Variants	40.4GB
2023-02-08T22:03:18.005+0000	beacon2.Variants	40.5GB
2023-02-08T22:03:21.006+0000	beacon2.Variants	40.5GB
2023-02-08T22:03:24.008+0000	beacon2.Variants	40.5GB
2023-02-08T22:03:27.009+0000	beacon2.Variants	40.6GB
2023-02-08T22:03:30.006+0000	beacon2.Variants	40.6GB
2023-02-08T22:03:33.007+0000	beacon2.Variants	40.6GB
2023-02-08T22:03:36.011+0000	beacon2.Variants	40.7GB
2023-02-08T22:03:39.007+0000	beacon2.Variants	40.7GB
2023-02-08T22:03:42.007+0000	beacon2.Variants	40.8GB
2023-02-08T22:03:45.005+0000	beacon2.Variants	40.8GB
2023-02-08T22:03:48.004+0000	beacon2.Variants	40.8GB
2023-02-08T22:03:51.005+0000	beacon2.Variants	40.9GB
2023-02-08T22:03:54.005+0000	beacon2.Variants	40.9GB
2023-02-08T22:03:57.006+0000	beacon2.Variants	40.9GB
2023-02-08T22:04:00.005+0000	beacon2.Variants	41.0GB
2023-02-08T22:04:03.006+0000	beacon2.Variants	41.0GB
2023-02-08T22:04:06.005+0000	beacon2.Variants	41.1GB
2023-02-08T22:04:09.007+0000	beacon2.Variants	41.1GB
2023-02-08T22:04:12.008+0000	beacon2.Variants	41.1GB
2023-02-08T22:04:15.007+0000	beacon2.Variants	41.2GB
2023-02-08T22:04:18.013+0000	beacon2.Variants	41.2GB
2023-02-08T22:04:21.007+0000	beacon2.Variants	41.2GB
2023-02-08T22:04:24.006+0000	beacon2.Variants	41.3GB
2023-02-08T22:04:27.011+0000	beacon2.Variants	41.3GB
2023-02-08T22:04:30.005+0000	beacon2.Variants	41.4GB
2023-02-08T22:04:33.018+0000	beacon2.Variants	41.4GB
2023-02-08T22:04:36.010+0000	beacon2.Variants	41.4GB
2023-02-08T22:04:39.005+0000	beacon2.Variants	41.5GB
2023-02-08T22:04:42.005+0000	beacon2.Variants	41.5GB
2023-02-08T22:04:45.006+0000	beacon2.Variants	41.5GB
2023-02-08T22:04:48.005+0000	beacon2.Variants	41.6GB
2023-02-08T22:04:51.006+0000	beacon2.Variants	41.6GB
2023-02-08T22:04:54.010+0000	beacon2.Variants	41.7GB
2023-02-08T22:04:57.010+0000	beacon2.Variants	41.7GB
2023-02-08T22:05:00.018+0000	beacon2.Variants	41.7GB
2023-02-08T22:05:03.005+0000	beacon2.Variants	41.8GB
2023-02-08T22:05:06.005+0000	beacon2.Variants	41.8GB
2023-02-08T22:05:09.005+0000	beacon2.Variants	41.9GB
2023-02-08T22:05:12.006+0000	beacon2.Variants	41.9GB
2023-02-08T22:05:15.004+0000	beacon2.Variants	41.9GB
2023-02-08T22:05:18.007+0000	beacon2.Variants	42.0GB
2023-02-08T22:05:21.005+0000	beacon2.Variants	42.0GB
2023-02-08T22:05:24.005+0000	beacon2.Variants	42.0GB
2023-02-08T22:05:27.005+0000	beacon2.Variants	42.1GB
2023-02-08T22:05:30.012+0000	beacon2.Variants	42.1GB
2023-02-08T22:05:33.007+0000	beacon2.Variants	42.2GB
2023-02-08T22:05:36.011+0000	beacon2.Variants	42.2GB
2023-02-08T22:05:39.006+0000	beacon2.Variants	42.2GB
2023-02-08T22:05:42.010+0000	beacon2.Variants	42.3GB
2023-02-08T22:05:45.005+0000	beacon2.Variants	42.3GB
2023-02-08T22:05:48.004+0000	beacon2.Variants	42.4GB
2023-02-08T22:05:51.010+0000	beacon2.Variants	42.4GB
2023-02-08T22:05:54.005+0000	beacon2.Variants	42.4GB
2023-02-08T22:05:57.011+0000	beacon2.Variants	42.5GB
2023-02-08T22:06:00.013+0000	beacon2.Variants	42.5GB
2023-02-08T22:06:03.007+0000	beacon2.Variants	42.5GB
2023-02-08T22:06:06.005+0000	beacon2.Variants	42.6GB
2023-02-08T22:06:09.009+0000	beacon2.Variants	42.6GB
2023-02-08T22:06:12.005+0000	beacon2.Variants	42.6GB
2023-02-08T22:06:15.009+0000	beacon2.Variants	42.7GB
2023-02-08T22:06:18.013+0000	beacon2.Variants	42.7GB
2023-02-08T22:06:21.005+0000	beacon2.Variants	42.8GB
2023-02-08T22:06:24.006+0000	beacon2.Variants	42.8GB
2023-02-08T22:06:27.006+0000	beacon2.Variants	42.8GB
2023-02-08T22:06:30.005+0000	beacon2.Variants	42.9GB
2023-02-08T22:06:33.025+0000	beacon2.Variants	42.9GB
2023-02-08T22:06:36.006+0000	beacon2.Variants	43.0GB
2023-02-08T22:06:39.004+0000	beacon2.Variants	43.0GB
2023-02-08T22:06:42.008+0000	beacon2.Variants	43.0GB
2023-02-08T22:06:45.008+0000	beacon2.Variants	43.1GB
2023-02-08T22:06:48.012+0000	beacon2.Variants	43.1GB
2023-02-08T22:06:51.005+0000	beacon2.Variants	43.1GB
2023-02-08T22:06:54.005+0000	beacon2.Variants	43.2GB
2023-02-08T22:06:57.020+0000	beacon2.Variants	43.2GB
2023-02-08T22:07:00.004+0000	beacon2.Variants	43.3GB
2023-02-08T22:07:03.005+0000	beacon2.Variants	43.3GB
2023-02-08T22:07:06.017+0000	beacon2.Variants	43.3GB
2023-02-08T22:07:09.005+0000	beacon2.Variants	43.4GB
2023-02-08T22:07:12.005+0000	beacon2.Variants	43.4GB
2023-02-08T22:07:15.011+0000	beacon2.Variants	43.5GB
2023-02-08T22:07:18.006+0000	beacon2.Variants	43.5GB
2023-02-08T22:07:21.006+0000	beacon2.Variants	43.5GB
2023-02-08T22:07:24.005+0000	beacon2.Variants	43.6GB
2023-02-08T22:07:27.008+0000	beacon2.Variants	43.6GB
2023-02-08T22:07:30.006+0000	beacon2.Variants	43.6GB
2023-02-08T22:07:33.008+0000	beacon2.Variants	43.7GB
2023-02-08T22:07:36.011+0000	beacon2.Variants	43.7GB
2023-02-08T22:07:39.007+0000	beacon2.Variants	43.8GB
2023-02-08T22:07:42.005+0000	beacon2.Variants	43.8GB
2023-02-08T22:07:45.004+0000	beacon2.Variants	43.8GB
2023-02-08T22:07:48.008+0000	beacon2.Variants	43.9GB
2023-02-08T22:07:51.013+0000	beacon2.Variants	43.9GB
2023-02-08T22:07:54.005+0000	beacon2.Variants	43.9GB
2023-02-08T22:07:57.005+0000	beacon2.Variants	44.0GB
2023-02-08T22:08:00.008+0000	beacon2.Variants	44.0GB
2023-02-08T22:08:03.011+0000	beacon2.Variants	44.1GB
2023-02-08T22:08:06.005+0000	beacon2.Variants	44.1GB
2023-02-08T22:08:09.006+0000	beacon2.Variants	44.1GB
2023-02-08T22:08:12.005+0000	beacon2.Variants	44.2GB
2023-02-08T22:08:15.007+0000	beacon2.Variants	44.2GB
2023-02-08T22:08:18.008+0000	beacon2.Variants	44.2GB
2023-02-08T22:08:21.005+0000	beacon2.Variants	44.3GB
2023-02-08T22:08:24.012+0000	beacon2.Variants	44.3GB
2023-02-08T22:08:27.010+0000	beacon2.Variants	44.4GB
2023-02-08T22:08:30.005+0000	beacon2.Variants	44.4GB
2023-02-08T22:08:33.016+0000	beacon2.Variants	44.4GB
2023-02-08T22:08:36.005+0000	beacon2.Variants	44.5GB
2023-02-08T22:08:39.006+0000	beacon2.Variants	44.5GB
2023-02-08T22:08:42.005+0000	beacon2.Variants	44.5GB
2023-02-08T22:08:45.016+0000	beacon2.Variants	44.6GB
2023-02-08T22:08:48.005+0000	beacon2.Variants	44.6GB
2023-02-08T22:08:51.014+0000	beacon2.Variants	44.7GB
2023-02-08T22:08:54.011+0000	beacon2.Variants	44.7GB
2023-02-08T22:08:57.006+0000	beacon2.Variants	44.7GB
2023-02-08T22:09:00.008+0000	beacon2.Variants	44.8GB
2023-02-08T22:09:03.005+0000	beacon2.Variants	44.8GB
2023-02-08T22:09:06.005+0000	beacon2.Variants	44.9GB
2023-02-08T22:09:09.007+0000	beacon2.Variants	44.9GB
2023-02-08T22:09:12.011+0000	beacon2.Variants	44.9GB
2023-02-08T22:09:15.006+0000	beacon2.Variants	45.0GB
2023-02-08T22:09:18.007+0000	beacon2.Variants	45.0GB
2023-02-08T22:09:21.005+0000	beacon2.Variants	45.0GB
2023-02-08T22:09:24.005+0000	beacon2.Variants	45.1GB
2023-02-08T22:09:27.006+0000	beacon2.Variants	45.1GB
2023-02-08T22:09:30.005+0000	beacon2.Variants	45.2GB
2023-02-08T22:09:33.009+0000	beacon2.Variants	45.2GB
2023-02-08T22:09:36.005+0000	beacon2.Variants	45.2GB
2023-02-08T22:09:39.005+0000	beacon2.Variants	45.3GB
2023-02-08T22:09:42.009+0000	beacon2.Variants	45.3GB
2023-02-08T22:09:45.005+0000	beacon2.Variants	45.4GB
2023-02-08T22:09:48.015+0000	beacon2.Variants	45.4GB
2023-02-08T22:09:51.010+0000	beacon2.Variants	45.4GB
2023-02-08T22:09:54.007+0000	beacon2.Variants	45.5GB
2023-02-08T22:09:57.020+0000	beacon2.Variants	45.5GB
2023-02-08T22:10:00.005+0000	beacon2.Variants	45.5GB
2023-02-08T22:10:03.007+0000	beacon2.Variants	45.6GB
2023-02-08T22:10:06.005+0000	beacon2.Variants	45.6GB
2023-02-08T22:10:09.007+0000	beacon2.Variants	45.7GB
2023-02-08T22:10:12.005+0000	beacon2.Variants	45.7GB
2023-02-08T22:10:15.009+0000	beacon2.Variants	45.7GB
2023-02-08T22:10:18.007+0000	beacon2.Variants	45.8GB
2023-02-08T22:10:21.005+0000	beacon2.Variants	45.8GB
2023-02-08T22:10:24.007+0000	beacon2.Variants	45.9GB
2023-02-08T22:10:27.010+0000	beacon2.Variants	45.9GB
2023-02-08T22:10:30.005+0000	beacon2.Variants	45.9GB
2023-02-08T22:10:33.005+0000	beacon2.Variants	46.0GB
2023-02-08T22:10:36.010+0000	beacon2.Variants	46.0GB
2023-02-08T22:10:39.010+0000	beacon2.Variants	46.0GB
2023-02-08T22:10:42.006+0000	beacon2.Variants	46.1GB
2023-02-08T22:10:45.007+0000	beacon2.Variants	46.1GB
2023-02-08T22:10:48.020+0000	beacon2.Variants	46.1GB
2023-02-08T22:10:51.017+0000	beacon2.Variants	46.2GB
2023-02-08T22:10:54.006+0000	beacon2.Variants	46.2GB
2023-02-08T22:10:57.011+0000	beacon2.Variants	46.3GB
2023-02-08T22:11:00.008+0000	beacon2.Variants	46.3GB
2023-02-08T22:11:03.011+0000	beacon2.Variants	46.3GB
2023-02-08T22:11:06.011+0000	beacon2.Variants	46.4GB
2023-02-08T22:11:09.004+0000	beacon2.Variants	46.4GB
2023-02-08T22:11:12.007+0000	beacon2.Variants	46.5GB
2023-02-08T22:11:15.005+0000	beacon2.Variants	46.5GB
2023-02-08T22:11:18.012+0000	beacon2.Variants	46.5GB
2023-02-08T22:11:21.006+0000	beacon2.Variants	46.6GB
2023-02-08T22:11:24.008+0000	beacon2.Variants	46.6GB
2023-02-08T22:11:27.005+0000	beacon2.Variants	46.6GB
2023-02-08T22:11:30.006+0000	beacon2.Variants	46.7GB
2023-02-08T22:11:33.005+0000	beacon2.Variants	46.7GB
2023-02-08T22:11:36.017+0000	beacon2.Variants	46.8GB
2023-02-08T22:11:39.009+0000	beacon2.Variants	46.8GB
2023-02-08T22:11:42.017+0000	beacon2.Variants	46.8GB
2023-02-08T22:11:45.005+0000	beacon2.Variants	46.9GB
2023-02-08T22:11:48.005+0000	beacon2.Variants	46.9GB
2023-02-08T22:11:51.007+0000	beacon2.Variants	47.0GB
2023-02-08T22:11:54.005+0000	beacon2.Variants	47.0GB
2023-02-08T22:11:57.005+0000	beacon2.Variants	47.0GB
2023-02-08T22:12:00.005+0000	beacon2.Variants	47.1GB
2023-02-08T22:12:03.005+0000	beacon2.Variants	47.1GB
2023-02-08T22:12:06.005+0000	beacon2.Variants	47.1GB
2023-02-08T22:12:09.005+0000	beacon2.Variants	47.2GB
2023-02-08T22:12:12.014+0000	beacon2.Variants	47.2GB
2023-02-08T22:12:15.012+0000	beacon2.Variants	47.2GB
2023-02-08T22:12:18.013+0000	beacon2.Variants	47.3GB
2023-02-08T22:12:21.004+0000	beacon2.Variants	47.3GB
2023-02-08T22:12:24.005+0000	beacon2.Variants	47.4GB
2023-02-08T22:12:27.024+0000	beacon2.Variants	47.4GB
2023-02-08T22:12:30.014+0000	beacon2.Variants	47.4GB
2023-02-08T22:12:33.005+0000	beacon2.Variants	47.5GB
2023-02-08T22:12:36.010+0000	beacon2.Variants	47.5GB
2023-02-08T22:12:39.010+0000	beacon2.Variants	47.6GB
2023-02-08T22:12:42.007+0000	beacon2.Variants	47.6GB
2023-02-08T22:12:45.007+0000	beacon2.Variants	47.6GB
2023-02-08T22:12:48.010+0000	beacon2.Variants	47.7GB
2023-02-08T22:12:51.010+0000	beacon2.Variants	47.7GB
2023-02-08T22:12:54.004+0000	beacon2.Variants	47.8GB
2023-02-08T22:12:57.010+0000	beacon2.Variants	47.8GB
2023-02-08T22:13:00.008+0000	beacon2.Variants	47.8GB
2023-02-08T22:13:03.012+0000	beacon2.Variants	47.9GB
2023-02-08T22:13:06.006+0000	beacon2.Variants	47.9GB
2023-02-08T22:13:09.005+0000	beacon2.Variants	47.9GB
2023-02-08T22:13:12.005+0000	beacon2.Variants	48.0GB
2023-02-08T22:13:15.006+0000	beacon2.Variants	48.0GB
2023-02-08T22:13:18.007+0000	beacon2.Variants	48.0GB
2023-02-08T22:13:21.007+0000	beacon2.Variants	48.1GB
2023-02-08T22:13:24.007+0000	beacon2.Variants	48.1GB
2023-02-08T22:13:27.012+0000	beacon2.Variants	48.2GB
2023-02-08T22:13:30.004+0000	beacon2.Variants	48.2GB
2023-02-08T22:13:33.013+0000	beacon2.Variants	48.2GB
2023-02-08T22:13:36.011+0000	beacon2.Variants	48.3GB
2023-02-08T22:13:39.004+0000	beacon2.Variants	48.3GB
2023-02-08T22:13:42.005+0000	beacon2.Variants	48.4GB
2023-02-08T22:13:45.005+0000	beacon2.Variants	48.4GB
2023-02-08T22:13:48.008+0000	beacon2.Variants	48.4GB
2023-02-08T22:13:51.005+0000	beacon2.Variants	48.5GB
2023-02-08T22:13:54.006+0000	beacon2.Variants	48.5GB
2023-02-08T22:13:57.029+0000	beacon2.Variants	48.5GB
2023-02-08T22:14:00.005+0000	beacon2.Variants	48.6GB
2023-02-08T22:14:03.007+0000	beacon2.Variants	48.6GB
2023-02-08T22:14:06.008+0000	beacon2.Variants	48.7GB
2023-02-08T22:14:09.008+0000	beacon2.Variants	48.7GB
2023-02-08T22:14:12.015+0000	beacon2.Variants	48.7GB
2023-02-08T22:14:15.005+0000	beacon2.Variants	48.8GB
2023-02-08T22:14:18.005+0000	beacon2.Variants	48.8GB
2023-02-08T22:14:21.011+0000	beacon2.Variants	48.9GB
2023-02-08T22:14:24.004+0000	beacon2.Variants	48.9GB
2023-02-08T22:14:27.010+0000	beacon2.Variants	48.9GB
2023-02-08T22:14:30.005+0000	beacon2.Variants	49.0GB
2023-02-08T22:14:33.012+0000	beacon2.Variants	49.0GB
2023-02-08T22:14:36.006+0000	beacon2.Variants	49.0GB
2023-02-08T22:14:39.005+0000	beacon2.Variants	49.1GB
2023-02-08T22:14:42.006+0000	beacon2.Variants	49.1GB
2023-02-08T22:14:45.005+0000	beacon2.Variants	49.1GB
2023-02-08T22:14:48.012+0000	beacon2.Variants	49.2GB
2023-02-08T22:14:51.004+0000	beacon2.Variants	49.2GB
2023-02-08T22:14:54.005+0000	beacon2.Variants	49.3GB
2023-02-08T22:14:57.005+0000	beacon2.Variants	49.3GB
2023-02-08T22:15:00.006+0000	beacon2.Variants	49.3GB
2023-02-08T22:15:03.011+0000	beacon2.Variants	49.4GB
2023-02-08T22:15:06.005+0000	beacon2.Variants	49.4GB
2023-02-08T22:15:09.007+0000	beacon2.Variants	49.5GB
2023-02-08T22:15:12.019+0000	beacon2.Variants	49.5GB
2023-02-08T22:15:15.014+0000	beacon2.Variants	49.5GB
2023-02-08T22:15:18.005+0000	beacon2.Variants	49.6GB
2023-02-08T22:15:21.006+0000	beacon2.Variants	49.6GB
2023-02-08T22:15:24.018+0000	beacon2.Variants	49.6GB
2023-02-08T22:15:27.005+0000	beacon2.Variants	49.7GB
2023-02-08T22:15:30.008+0000	beacon2.Variants	49.7GB
2023-02-08T22:15:33.004+0000	beacon2.Variants	49.8GB
2023-02-08T22:15:36.008+0000	beacon2.Variants	49.8GB
2023-02-08T22:15:39.007+0000	beacon2.Variants	49.8GB
2023-02-08T22:15:42.005+0000	beacon2.Variants	49.9GB
2023-02-08T22:15:45.007+0000	beacon2.Variants	49.9GB
2023-02-08T22:15:48.005+0000	beacon2.Variants	50.0GB
2023-02-08T22:15:51.012+0000	beacon2.Variants	50.0GB
2023-02-08T22:15:54.012+0000	beacon2.Variants	50.0GB
2023-02-08T22:15:57.011+0000	beacon2.Variants	50.1GB
2023-02-08T22:16:00.006+0000	beacon2.Variants	50.1GB
2023-02-08T22:16:03.005+0000	beacon2.Variants	50.1GB
2023-02-08T22:16:06.010+0000	beacon2.Variants	50.2GB
2023-02-08T22:16:09.018+0000	beacon2.Variants	50.2GB
2023-02-08T22:16:12.007+0000	beacon2.Variants	50.2GB
2023-02-08T22:16:15.005+0000	beacon2.Variants	50.3GB
2023-02-08T22:16:18.007+0000	beacon2.Variants	50.3GB
2023-02-08T22:16:21.011+0000	beacon2.Variants	50.4GB
2023-02-08T22:16:24.019+0000	beacon2.Variants	50.4GB
2023-02-08T22:16:27.015+0000	beacon2.Variants	50.4GB
2023-02-08T22:16:30.005+0000	beacon2.Variants	50.5GB
2023-02-08T22:16:33.008+0000	beacon2.Variants	50.5GB
2023-02-08T22:16:36.005+0000	beacon2.Variants	50.5GB
2023-02-08T22:16:39.009+0000	beacon2.Variants	50.6GB
2023-02-08T22:16:42.004+0000	beacon2.Variants	50.6GB
2023-02-08T22:16:45.005+0000	beacon2.Variants	50.7GB
2023-02-08T22:16:48.010+0000	beacon2.Variants	50.7GB
2023-02-08T22:16:51.005+0000	beacon2.Variants	50.7GB
2023-02-08T22:16:54.007+0000	beacon2.Variants	50.8GB
2023-02-08T22:16:57.005+0000	beacon2.Variants	50.8GB
2023-02-08T22:17:00.015+0000	beacon2.Variants	50.9GB
2023-02-08T22:17:03.005+0000	beacon2.Variants	50.9GB
2023-02-08T22:17:06.006+0000	beacon2.Variants	50.9GB
2023-02-08T22:17:09.005+0000	beacon2.Variants	51.0GB
2023-02-08T22:17:12.005+0000	beacon2.Variants	51.0GB
2023-02-08T22:17:15.005+0000	beacon2.Variants	51.0GB
2023-02-08T22:17:18.004+0000	beacon2.Variants	51.1GB
2023-02-08T22:17:21.008+0000	beacon2.Variants	51.1GB
2023-02-08T22:17:24.008+0000	beacon2.Variants	51.2GB
2023-02-08T22:17:27.005+0000	beacon2.Variants	51.2GB
2023-02-08T22:17:30.010+0000	beacon2.Variants	51.2GB
2023-02-08T22:17:33.013+0000	beacon2.Variants	51.3GB
2023-02-08T22:17:36.011+0000	beacon2.Variants	51.3GB
2023-02-08T22:17:39.006+0000	beacon2.Variants	51.4GB
2023-02-08T22:17:42.008+0000	beacon2.Variants	51.4GB
2023-02-08T22:17:45.006+0000	beacon2.Variants	51.4GB
2023-02-08T22:17:48.006+0000	beacon2.Variants	51.5GB
2023-02-08T22:17:51.009+0000	beacon2.Variants	51.5GB
2023-02-08T22:17:54.010+0000	beacon2.Variants	51.5GB
2023-02-08T22:17:57.008+0000	beacon2.Variants	51.6GB
2023-02-08T22:18:00.006+0000	beacon2.Variants	51.6GB
2023-02-08T22:18:03.006+0000	beacon2.Variants	51.6GB
2023-02-08T22:18:06.013+0000	beacon2.Variants	51.7GB
2023-02-08T22:18:09.005+0000	beacon2.Variants	51.7GB
2023-02-08T22:18:12.005+0000	beacon2.Variants	51.8GB
2023-02-08T22:18:15.016+0000	beacon2.Variants	51.8GB
2023-02-08T22:18:18.019+0000	beacon2.Variants	51.8GB
2023-02-08T22:18:21.009+0000	beacon2.Variants	51.9GB
2023-02-08T22:18:24.007+0000	beacon2.Variants	51.9GB
2023-02-08T22:18:27.016+0000	beacon2.Variants	52.0GB
2023-02-08T22:18:30.006+0000	beacon2.Variants	52.0GB
2023-02-08T22:18:33.005+0000	beacon2.Variants	52.0GB
2023-02-08T22:18:36.013+0000	beacon2.Variants	52.1GB
2023-02-08T22:18:39.005+0000	beacon2.Variants	52.1GB
2023-02-08T22:18:42.007+0000	beacon2.Variants	52.1GB
2023-02-08T22:18:45.006+0000	beacon2.Variants	52.2GB
2023-02-08T22:18:48.021+0000	beacon2.Variants	52.2GB
2023-02-08T22:18:51.005+0000	beacon2.Variants	52.3GB
2023-02-08T22:18:54.005+0000	beacon2.Variants	52.3GB
2023-02-08T22:18:57.008+0000	beacon2.Variants	52.3GB
2023-02-08T22:19:00.005+0000	beacon2.Variants	52.4GB
2023-02-08T22:19:03.005+0000	beacon2.Variants	52.4GB
2023-02-08T22:19:06.005+0000	beacon2.Variants	52.5GB
2023-02-08T22:19:09.010+0000	beacon2.Variants	52.5GB
2023-02-08T22:19:12.006+0000	beacon2.Variants	52.5GB
2023-02-08T22:19:15.013+0000	beacon2.Variants	52.6GB
2023-02-08T22:19:18.019+0000	beacon2.Variants	52.6GB
2023-02-08T22:19:21.009+0000	beacon2.Variants	52.6GB
2023-02-08T22:19:24.006+0000	beacon2.Variants	52.7GB
2023-02-08T22:19:27.005+0000	beacon2.Variants	52.7GB
2023-02-08T22:19:30.005+0000	beacon2.Variants	52.8GB
2023-02-08T22:19:33.005+0000	beacon2.Variants	52.8GB
2023-02-08T22:19:36.009+0000	beacon2.Variants	52.8GB
2023-02-08T22:19:39.005+0000	beacon2.Variants	52.9GB
2023-02-08T22:19:42.006+0000	beacon2.Variants	52.9GB
2023-02-08T22:19:45.015+0000	beacon2.Variants	53.0GB
2023-02-08T22:19:48.011+0000	beacon2.Variants	53.0GB
2023-02-08T22:19:51.011+0000	beacon2.Variants	53.0GB
2023-02-08T22:19:54.005+0000	beacon2.Variants	53.1GB
2023-02-08T22:19:57.007+0000	beacon2.Variants	53.1GB
2023-02-08T22:20:00.005+0000	beacon2.Variants	53.1GB
2023-02-08T22:20:03.007+0000	beacon2.Variants	53.2GB
2023-02-08T22:20:06.007+0000	beacon2.Variants	53.2GB
2023-02-08T22:20:09.012+0000	beacon2.Variants	53.2GB
2023-02-08T22:20:12.005+0000	beacon2.Variants	53.3GB
2023-02-08T22:20:15.005+0000	beacon2.Variants	53.3GB
2023-02-08T22:20:18.005+0000	beacon2.Variants	53.4GB
2023-02-08T22:20:21.007+0000	beacon2.Variants	53.4GB
2023-02-08T22:20:24.005+0000	beacon2.Variants	53.4GB
2023-02-08T22:20:27.013+0000	beacon2.Variants	53.5GB
2023-02-08T22:20:30.007+0000	beacon2.Variants	53.5GB
2023-02-08T22:20:33.008+0000	beacon2.Variants	53.5GB
2023-02-08T22:20:36.011+0000	beacon2.Variants	53.6GB
2023-02-08T22:20:39.010+0000	beacon2.Variants	53.6GB
2023-02-08T22:20:42.014+0000	beacon2.Variants	53.7GB
2023-02-08T22:20:45.008+0000	beacon2.Variants	53.7GB
2023-02-08T22:20:48.007+0000	beacon2.Variants	53.8GB
2023-02-08T22:20:51.005+0000	beacon2.Variants	53.8GB
2023-02-08T22:20:54.007+0000	beacon2.Variants	53.8GB
2023-02-08T22:20:57.005+0000	beacon2.Variants	53.9GB
2023-02-08T22:21:00.011+0000	beacon2.Variants	53.9GB
2023-02-08T22:21:03.005+0000	beacon2.Variants	53.9GB
2023-02-08T22:21:06.012+0000	beacon2.Variants	54.0GB
2023-02-08T22:21:09.005+0000	beacon2.Variants	54.0GB
2023-02-08T22:21:12.005+0000	beacon2.Variants	54.0GB
2023-02-08T22:21:15.014+0000	beacon2.Variants	54.1GB
2023-02-08T22:21:18.005+0000	beacon2.Variants	54.1GB
2023-02-08T22:21:21.007+0000	beacon2.Variants	54.2GB
2023-02-08T22:21:24.005+0000	beacon2.Variants	54.2GB
2023-02-08T22:21:27.009+0000	beacon2.Variants	54.2GB
2023-02-08T22:21:30.009+0000	beacon2.Variants	54.3GB
2023-02-08T22:21:33.012+0000	beacon2.Variants	54.3GB
2023-02-08T22:21:36.005+0000	beacon2.Variants	54.4GB
2023-02-08T22:21:39.011+0000	beacon2.Variants	54.4GB
2023-02-08T22:21:42.005+0000	beacon2.Variants	54.4GB
2023-02-08T22:21:45.010+0000	beacon2.Variants	54.5GB
2023-02-08T22:21:48.012+0000	beacon2.Variants	54.5GB
2023-02-08T22:21:51.015+0000	beacon2.Variants	54.5GB
2023-02-08T22:21:54.006+0000	beacon2.Variants	54.6GB
2023-02-08T22:21:57.005+0000	beacon2.Variants	54.6GB
2023-02-08T22:22:00.011+0000	beacon2.Variants	54.7GB
2023-02-08T22:22:03.011+0000	beacon2.Variants	54.7GB
2023-02-08T22:22:06.007+0000	beacon2.Variants	54.7GB
2023-02-08T22:22:09.008+0000	beacon2.Variants	54.8GB
2023-02-08T22:22:12.008+0000	beacon2.Variants	54.8GB
2023-02-08T22:22:15.006+0000	beacon2.Variants	54.9GB
2023-02-08T22:22:18.005+0000	beacon2.Variants	54.9GB
2023-02-08T22:22:21.006+0000	beacon2.Variants	54.9GB
2023-02-08T22:22:24.008+0000	beacon2.Variants	55.0GB
2023-02-08T22:22:27.007+0000	beacon2.Variants	55.0GB
2023-02-08T22:22:30.011+0000	beacon2.Variants	55.0GB
2023-02-08T22:22:33.004+0000	beacon2.Variants	55.1GB
2023-02-08T22:22:36.004+0000	beacon2.Variants	55.1GB
2023-02-08T22:22:39.008+0000	beacon2.Variants	55.1GB
2023-02-08T22:22:42.012+0000	beacon2.Variants	55.2GB
2023-02-08T22:22:45.007+0000	beacon2.Variants	55.2GB
2023-02-08T22:22:48.007+0000	beacon2.Variants	55.3GB
2023-02-08T22:22:51.005+0000	beacon2.Variants	55.3GB
2023-02-08T22:22:54.007+0000	beacon2.Variants	55.3GB
2023-02-08T22:22:57.005+0000	beacon2.Variants	55.4GB
2023-02-08T22:23:00.017+0000	beacon2.Variants	55.4GB
2023-02-08T22:23:03.019+0000	beacon2.Variants	55.5GB
2023-02-08T22:23:06.005+0000	beacon2.Variants	55.5GB
2023-02-08T22:23:09.006+0000	beacon2.Variants	55.5GB
2023-02-08T22:23:12.005+0000	beacon2.Variants	55.6GB
2023-02-08T22:23:15.005+0000	beacon2.Variants	55.6GB
2023-02-08T22:23:18.004+0000	beacon2.Variants	55.6GB
2023-02-08T22:23:21.010+0000	beacon2.Variants	55.7GB
2023-02-08T22:23:24.004+0000	beacon2.Variants	55.7GB
2023-02-08T22:23:27.009+0000	beacon2.Variants	55.8GB
2023-02-08T22:23:30.011+0000	beacon2.Variants	55.8GB
2023-02-08T22:23:33.005+0000	beacon2.Variants	55.8GB
2023-02-08T22:23:36.011+0000	beacon2.Variants	55.9GB
2023-02-08T22:23:39.016+0000	beacon2.Variants	55.9GB
2023-02-08T22:23:42.009+0000	beacon2.Variants	56.0GB
2023-02-08T22:23:45.011+0000	beacon2.Variants	56.0GB
2023-02-08T22:23:48.005+0000	beacon2.Variants	56.0GB
2023-02-08T22:23:51.004+0000	beacon2.Variants	56.1GB
2023-02-08T22:23:54.006+0000	beacon2.Variants	56.1GB
2023-02-08T22:23:57.008+0000	beacon2.Variants	56.1GB
2023-02-08T22:24:00.005+0000	beacon2.Variants	56.2GB
2023-02-08T22:24:03.005+0000	beacon2.Variants	56.2GB
2023-02-08T22:24:06.011+0000	beacon2.Variants	56.3GB
2023-02-08T22:24:09.005+0000	beacon2.Variants	56.3GB
2023-02-08T22:24:12.005+0000	beacon2.Variants	56.3GB
2023-02-08T22:24:15.005+0000	beacon2.Variants	56.4GB
2023-02-08T22:24:18.006+0000	beacon2.Variants	56.4GB
2023-02-08T22:24:21.004+0000	beacon2.Variants	56.5GB
2023-02-08T22:24:24.010+0000	beacon2.Variants	56.5GB
2023-02-08T22:24:27.015+0000	beacon2.Variants	56.5GB
2023-02-08T22:24:30.007+0000	beacon2.Variants	56.6GB
2023-02-08T22:24:33.007+0000	beacon2.Variants	56.6GB
2023-02-08T22:24:36.011+0000	beacon2.Variants	56.6GB
2023-02-08T22:24:39.005+0000	beacon2.Variants	56.7GB
2023-02-08T22:24:42.005+0000	beacon2.Variants	56.7GB
2023-02-08T22:24:45.006+0000	beacon2.Variants	56.8GB
2023-02-08T22:24:48.011+0000	beacon2.Variants	56.8GB
2023-02-08T22:24:51.006+0000	beacon2.Variants	56.8GB
2023-02-08T22:24:54.005+0000	beacon2.Variants	56.9GB
2023-02-08T22:24:57.005+0000	beacon2.Variants	56.9GB
2023-02-08T22:25:00.009+0000	beacon2.Variants	57.0GB
2023-02-08T22:25:03.006+0000	beacon2.Variants	57.0GB
2023-02-08T22:25:06.011+0000	beacon2.Variants	57.0GB
2023-02-08T22:25:09.005+0000	beacon2.Variants	57.1GB
2023-02-08T22:25:12.005+0000	beacon2.Variants	57.1GB
2023-02-08T22:25:15.005+0000	beacon2.Variants	57.1GB
2023-02-08T22:25:18.005+0000	beacon2.Variants	57.2GB
2023-02-08T22:25:21.005+0000	beacon2.Variants	57.2GB
2023-02-08T22:25:24.008+0000	beacon2.Variants	57.2GB
2023-02-08T22:25:27.011+0000	beacon2.Variants	57.3GB
2023-02-08T22:25:30.011+0000	beacon2.Variants	57.3GB
2023-02-08T22:25:33.005+0000	beacon2.Variants	57.4GB
2023-02-08T22:25:36.006+0000	beacon2.Variants	57.4GB
2023-02-08T22:25:39.008+0000	beacon2.Variants	57.4GB
2023-02-08T22:25:42.014+0000	beacon2.Variants	57.5GB
2023-02-08T22:25:45.005+0000	beacon2.Variants	57.5GB
2023-02-08T22:25:48.005+0000	beacon2.Variants	57.6GB
2023-02-08T22:25:51.007+0000	beacon2.Variants	57.6GB
2023-02-08T22:25:54.005+0000	beacon2.Variants	57.6GB
2023-02-08T22:25:57.012+0000	beacon2.Variants	57.7GB
2023-02-08T22:26:00.006+0000	beacon2.Variants	57.7GB
2023-02-08T22:26:03.008+0000	beacon2.Variants	57.7GB
2023-02-08T22:26:06.016+0000	beacon2.Variants	57.8GB
2023-02-08T22:26:09.008+0000	beacon2.Variants	57.8GB
2023-02-08T22:26:12.007+0000	beacon2.Variants	57.9GB
2023-02-08T22:26:15.005+0000	beacon2.Variants	57.9GB
2023-02-08T22:26:18.013+0000	beacon2.Variants	57.9GB
2023-02-08T22:26:21.020+0000	beacon2.Variants	58.0GB
2023-02-08T22:26:24.005+0000	beacon2.Variants	58.0GB
2023-02-08T22:26:27.013+0000	beacon2.Variants	58.0GB
2023-02-08T22:26:30.010+0000	beacon2.Variants	58.1GB
2023-02-08T22:26:33.006+0000	beacon2.Variants	58.1GB
2023-02-08T22:26:36.006+0000	beacon2.Variants	58.2GB
2023-02-08T22:26:39.005+0000	beacon2.Variants	58.2GB
2023-02-08T22:26:42.005+0000	beacon2.Variants	58.2GB
2023-02-08T22:26:45.011+0000	beacon2.Variants	58.3GB
2023-02-08T22:26:48.005+0000	beacon2.Variants	58.3GB
2023-02-08T22:26:51.015+0000	beacon2.Variants	58.4GB
2023-02-08T22:26:54.008+0000	beacon2.Variants	58.4GB
2023-02-08T22:26:57.006+0000	beacon2.Variants	58.4GB
2023-02-08T22:27:00.005+0000	beacon2.Variants	58.5GB
2023-02-08T22:27:03.006+0000	beacon2.Variants	58.5GB
2023-02-08T22:27:06.024+0000	beacon2.Variants	58.5GB
2023-02-08T22:27:09.006+0000	beacon2.Variants	58.6GB
2023-02-08T22:27:12.005+0000	beacon2.Variants	58.6GB
2023-02-08T22:27:15.005+0000	beacon2.Variants	58.7GB
2023-02-08T22:27:18.006+0000	beacon2.Variants	58.7GB
2023-02-08T22:27:21.006+0000	beacon2.Variants	58.7GB
2023-02-08T22:27:24.004+0000	beacon2.Variants	58.8GB
2023-02-08T22:27:27.006+0000	beacon2.Variants	58.8GB
2023-02-08T22:27:30.012+0000	beacon2.Variants	58.9GB
2023-02-08T22:27:33.007+0000	beacon2.Variants	58.9GB
2023-02-08T22:27:36.015+0000	beacon2.Variants	58.9GB
2023-02-08T22:27:39.010+0000	beacon2.Variants	59.0GB
2023-02-08T22:27:42.005+0000	beacon2.Variants	59.0GB
2023-02-08T22:27:45.011+0000	beacon2.Variants	59.0GB
2023-02-08T22:27:48.007+0000	beacon2.Variants	59.1GB
2023-02-08T22:27:51.012+0000	beacon2.Variants	59.1GB
2023-02-08T22:27:54.013+0000	beacon2.Variants	59.2GB
2023-02-08T22:27:57.008+0000	beacon2.Variants	59.2GB
2023-02-08T22:28:00.017+0000	beacon2.Variants	59.2GB
2023-02-08T22:28:03.008+0000	beacon2.Variants	59.3GB
2023-02-08T22:28:06.007+0000	beacon2.Variants	59.3GB
2023-02-08T22:28:09.006+0000	beacon2.Variants	59.4GB
2023-02-08T22:28:12.018+0000	beacon2.Variants	59.4GB
2023-02-08T22:28:15.006+0000	beacon2.Variants	59.4GB
2023-02-08T22:28:18.011+0000	beacon2.Variants	59.5GB
2023-02-08T22:28:21.006+0000	beacon2.Variants	59.5GB
2023-02-08T22:28:24.007+0000	beacon2.Variants	59.5GB
2023-02-08T22:28:27.010+0000	beacon2.Variants	59.6GB
2023-02-08T22:28:30.018+0000	beacon2.Variants	59.6GB
2023-02-08T22:28:33.008+0000	beacon2.Variants	59.6GB
2023-02-08T22:28:36.008+0000	beacon2.Variants	59.7GB
2023-02-08T22:28:39.017+0000	beacon2.Variants	59.7GB
2023-02-08T22:28:42.023+0000	beacon2.Variants	59.8GB
2023-02-08T22:28:45.007+0000	beacon2.Variants	59.8GB
2023-02-08T22:28:48.008+0000	beacon2.Variants	59.8GB
2023-02-08T22:28:51.008+0000	beacon2.Variants	59.9GB
2023-02-08T22:28:54.005+0000	beacon2.Variants	59.9GB
2023-02-08T22:28:57.008+0000	beacon2.Variants	60.0GB
2023-02-08T22:29:00.005+0000	beacon2.Variants	60.0GB
2023-02-08T22:29:03.012+0000	beacon2.Variants	60.0GB
2023-02-08T22:29:06.005+0000	beacon2.Variants	60.1GB
2023-02-08T22:29:09.011+0000	beacon2.Variants	60.1GB
2023-02-08T22:29:12.012+0000	beacon2.Variants	60.1GB
2023-02-08T22:29:15.010+0000	beacon2.Variants	60.2GB
2023-02-08T22:29:18.008+0000	beacon2.Variants	60.2GB
2023-02-08T22:29:21.010+0000	beacon2.Variants	60.3GB
2023-02-08T22:29:24.010+0000	beacon2.Variants	60.3GB
2023-02-08T22:29:27.015+0000	beacon2.Variants	60.3GB
2023-02-08T22:29:30.008+0000	beacon2.Variants	60.4GB
2023-02-08T22:29:33.005+0000	beacon2.Variants	60.4GB
2023-02-08T22:29:36.005+0000	beacon2.Variants	60.5GB
2023-02-08T22:29:39.004+0000	beacon2.Variants	60.5GB
2023-02-08T22:29:42.007+0000	beacon2.Variants	60.5GB
2023-02-08T22:29:45.005+0000	beacon2.Variants	60.6GB
2023-02-08T22:29:48.005+0000	beacon2.Variants	60.6GB
2023-02-08T22:29:51.008+0000	beacon2.Variants	60.6GB
2023-02-08T22:29:54.006+0000	beacon2.Variants	60.7GB
2023-02-08T22:29:57.008+0000	beacon2.Variants	60.7GB
2023-02-08T22:30:00.007+0000	beacon2.Variants	60.8GB
2023-02-08T22:30:03.005+0000	beacon2.Variants	60.8GB
2023-02-08T22:30:06.006+0000	beacon2.Variants	60.8GB
2023-02-08T22:30:09.005+0000	beacon2.Variants	60.9GB
2023-02-08T22:30:12.005+0000	beacon2.Variants	60.9GB
2023-02-08T22:30:15.015+0000	beacon2.Variants	61.0GB
2023-02-08T22:30:18.005+0000	beacon2.Variants	61.0GB
2023-02-08T22:30:21.005+0000	beacon2.Variants	61.0GB
2023-02-08T22:30:24.007+0000	beacon2.Variants	61.1GB
2023-02-08T22:30:27.014+0000	beacon2.Variants	61.1GB
2023-02-08T22:30:30.005+0000	beacon2.Variants	61.1GB
2023-02-08T22:30:33.013+0000	beacon2.Variants	61.2GB
2023-02-08T22:30:36.009+0000	beacon2.Variants	61.2GB
2023-02-08T22:30:39.019+0000	beacon2.Variants	61.3GB
2023-02-08T22:30:42.008+0000	beacon2.Variants	61.3GB
2023-02-08T22:30:45.005+0000	beacon2.Variants	61.3GB
2023-02-08T22:30:48.010+0000	beacon2.Variants	61.4GB
2023-02-08T22:30:51.012+0000	beacon2.Variants	61.4GB
2023-02-08T22:30:54.006+0000	beacon2.Variants	61.5GB
2023-02-08T22:30:57.012+0000	beacon2.Variants	61.5GB
2023-02-08T22:31:00.007+0000	beacon2.Variants	61.5GB
2023-02-08T22:31:03.005+0000	beacon2.Variants	61.6GB
2023-02-08T22:31:06.008+0000	beacon2.Variants	61.6GB
2023-02-08T22:31:09.019+0000	beacon2.Variants	61.6GB
2023-02-08T22:31:12.005+0000	beacon2.Variants	61.7GB
2023-02-08T22:31:15.013+0000	beacon2.Variants	61.7GB
2023-02-08T22:31:18.006+0000	beacon2.Variants	61.8GB
2023-02-08T22:31:21.005+0000	beacon2.Variants	61.8GB
2023-02-08T22:31:24.005+0000	beacon2.Variants	61.8GB
2023-02-08T22:31:27.014+0000	beacon2.Variants	61.9GB
2023-02-08T22:31:30.010+0000	beacon2.Variants	61.9GB
2023-02-08T22:31:33.012+0000	beacon2.Variants	61.9GB
2023-02-08T22:31:36.018+0000	beacon2.Variants	62.0GB
2023-02-08T22:31:39.015+0000	beacon2.Variants	62.0GB
2023-02-08T22:31:42.005+0000	beacon2.Variants	62.0GB
2023-02-08T22:31:45.005+0000	beacon2.Variants	62.1GB
2023-02-08T22:31:48.013+0000	beacon2.Variants	62.1GB
2023-02-08T22:31:51.007+0000	beacon2.Variants	62.2GB
2023-02-08T22:31:54.007+0000	beacon2.Variants	62.2GB
2023-02-08T22:31:57.021+0000	beacon2.Variants	62.2GB
2023-02-08T22:32:00.010+0000	beacon2.Variants	62.3GB
2023-02-08T22:32:03.005+0000	beacon2.Variants	62.3GB
2023-02-08T22:32:06.005+0000	beacon2.Variants	62.4GB
2023-02-08T22:32:09.005+0000	beacon2.Variants	62.4GB
2023-02-08T22:32:12.011+0000	beacon2.Variants	62.4GB
2023-02-08T22:32:15.007+0000	beacon2.Variants	62.5GB
2023-02-08T22:32:18.004+0000	beacon2.Variants	62.5GB
2023-02-08T22:32:21.007+0000	beacon2.Variants	62.5GB
2023-02-08T22:32:24.010+0000	beacon2.Variants	62.6GB
2023-02-08T22:32:27.007+0000	beacon2.Variants	62.6GB
2023-02-08T22:32:30.005+0000	beacon2.Variants	62.7GB
2023-02-08T22:32:33.005+0000	beacon2.Variants	62.7GB
2023-02-08T22:32:36.005+0000	beacon2.Variants	62.7GB
2023-02-08T22:32:39.007+0000	beacon2.Variants	62.8GB
2023-02-08T22:32:42.005+0000	beacon2.Variants	62.8GB
2023-02-08T22:32:45.006+0000	beacon2.Variants	62.9GB
2023-02-08T22:32:48.005+0000	beacon2.Variants	62.9GB
2023-02-08T22:32:51.006+0000	beacon2.Variants	62.9GB
2023-02-08T22:32:54.006+0000	beacon2.Variants	63.0GB
2023-02-08T22:32:57.007+0000	beacon2.Variants	63.0GB
2023-02-08T22:33:00.005+0000	beacon2.Variants	63.0GB
2023-02-08T22:33:03.007+0000	beacon2.Variants	63.1GB
2023-02-08T22:33:06.010+0000	beacon2.Variants	63.1GB
2023-02-08T22:33:09.026+0000	beacon2.Variants	63.2GB
2023-02-08T22:33:12.017+0000	beacon2.Variants	63.2GB
2023-02-08T22:33:15.010+0000	beacon2.Variants	63.2GB
2023-02-08T22:33:18.019+0000	beacon2.Variants	63.3GB
2023-02-08T22:33:21.005+0000	beacon2.Variants	63.3GB
2023-02-08T22:33:24.036+0000	beacon2.Variants	63.4GB
2023-02-08T22:33:27.007+0000	beacon2.Variants	63.4GB
2023-02-08T22:33:30.021+0000	beacon2.Variants	63.4GB
2023-02-08T22:33:33.005+0000	beacon2.Variants	63.5GB
2023-02-08T22:33:36.009+0000	beacon2.Variants	63.5GB
2023-02-08T22:33:39.006+0000	beacon2.Variants	63.5GB
2023-02-08T22:33:42.007+0000	beacon2.Variants	63.6GB
2023-02-08T22:33:45.015+0000	beacon2.Variants	63.6GB
2023-02-08T22:33:48.013+0000	beacon2.Variants	63.7GB
2023-02-08T22:33:51.005+0000	beacon2.Variants	63.7GB
2023-02-08T22:33:54.005+0000	beacon2.Variants	63.7GB
2023-02-08T22:33:57.007+0000	beacon2.Variants	63.8GB
2023-02-08T22:34:00.007+0000	beacon2.Variants	63.8GB
2023-02-08T22:34:03.007+0000	beacon2.Variants	63.9GB
2023-02-08T22:34:06.018+0000	beacon2.Variants	63.9GB
2023-02-08T22:34:09.005+0000	beacon2.Variants	63.9GB
2023-02-08T22:34:12.005+0000	beacon2.Variants	64.0GB
2023-02-08T22:34:15.005+0000	beacon2.Variants	64.0GB
2023-02-08T22:34:18.004+0000	beacon2.Variants	64.0GB
2023-02-08T22:34:21.027+0000	beacon2.Variants	64.1GB
2023-02-08T22:34:24.011+0000	beacon2.Variants	64.1GB
2023-02-08T22:34:27.007+0000	beacon2.Variants	64.2GB
2023-02-08T22:34:30.007+0000	beacon2.Variants	64.2GB
2023-02-08T22:34:33.012+0000	beacon2.Variants	64.2GB
2023-02-08T22:34:36.005+0000	beacon2.Variants	64.3GB
2023-02-08T22:34:39.005+0000	beacon2.Variants	64.3GB
2023-02-08T22:34:42.013+0000	beacon2.Variants	64.3GB
2023-02-08T22:34:45.005+0000	beacon2.Variants	64.4GB
2023-02-08T22:34:48.005+0000	beacon2.Variants	64.4GB
2023-02-08T22:34:51.006+0000	beacon2.Variants	64.5GB
2023-02-08T22:34:54.007+0000	beacon2.Variants	64.5GB
2023-02-08T22:34:57.005+0000	beacon2.Variants	64.5GB
2023-02-08T22:35:00.013+0000	beacon2.Variants	64.6GB
2023-02-08T22:35:03.005+0000	beacon2.Variants	64.6GB
2023-02-08T22:35:06.011+0000	beacon2.Variants	64.7GB
2023-02-08T22:35:09.016+0000	beacon2.Variants	64.7GB
2023-02-08T22:35:12.009+0000	beacon2.Variants	64.7GB
2023-02-08T22:35:15.007+0000	beacon2.Variants	64.8GB
2023-02-08T22:35:18.005+0000	beacon2.Variants	64.8GB
2023-02-08T22:35:21.008+0000	beacon2.Variants	64.8GB
2023-02-08T22:35:24.008+0000	beacon2.Variants	64.9GB
2023-02-08T22:35:27.010+0000	beacon2.Variants	64.9GB
2023-02-08T22:35:30.007+0000	beacon2.Variants	65.0GB
2023-02-08T22:35:33.024+0000	beacon2.Variants	65.0GB
2023-02-08T22:35:36.019+0000	beacon2.Variants	65.0GB
2023-02-08T22:35:39.004+0000	beacon2.Variants	65.1GB
2023-02-08T22:35:42.010+0000	beacon2.Variants	65.1GB
2023-02-08T22:35:45.019+0000	beacon2.Variants	65.2GB
2023-02-08T22:35:48.006+0000	beacon2.Variants	65.2GB
2023-02-08T22:35:51.008+0000	beacon2.Variants	65.2GB
2023-02-08T22:35:54.008+0000	beacon2.Variants	65.3GB
2023-02-08T22:35:56.864+0000	beacon2.Variants	65.3GB
2023-02-08T22:35:56.864+0000	5759261 document(s) imported successfully. 0 document(s) failed to import.

real	85m47.886s
user	152m45.323s
sys	2m20.203s
