root@mongodb:/scratch/bsc_inb_cineca_uk1# bash import.sh
2022-12-05T17:38:42.923+0000  connected to: mongodb://[**REDACTED**]@localhost:27017/beacon?authSource=admin
2022-12-05T17:38:43.570+0000  2504 document(s) imported successfully. 0 document(s) failed to import.
2022-12-05T17:38:43.655+0000  connected to: mongodb://[**REDACTED**]@localhost:27017/beacon?authSource=admin
2022-12-05T17:38:44.326+0000  2504 document(s) imported successfully. 0 document(s) failed to import.
2022-12-05T17:38:44.397+0000  connected to: mongodb://[**REDACTED**]@localhost:27017/beacon?authSource=admin
2022-12-05T17:38:44.552+0000  1 document(s) imported successfully. 0 document(s) failed to import.
2022-12-05T17:38:44.618+0000  connected to: mongodb://[**REDACTED**]@localhost:27017/beacon?authSource=admin
2022-12-05T17:38:44.759+0000  1 document(s) imported successfully. 0 document(s) failed to import.
2022-12-05T17:38:44.882+0000  connected to: mongodb://[**REDACTED**]@localhost:27017/beacon?authSource=admin
2022-12-05T17:38:47.886+0000  beacon.Variants 9.15MB
2022-12-05T17:38:50.883+0000  beacon.Variants 21.9MB
2022-12-05T17:38:53.883+0000  beacon.Variants 27.4MB
2022-12-05T17:38:56.889+0000  beacon.Variants 35.0MB
2022-12-05T17:38:59.885+0000  beacon.Variants 44.9MB
2022-12-05T17:39:02.908+0000  beacon.Variants 51.1MB
2022-12-05T17:39:05.884+0000  beacon.Variants 55.8MB
2022-12-05T17:39:08.886+0000  beacon.Variants 67.5MB
2022-12-05T17:39:11.967+0000  beacon.Variants 73.6MB
2022-12-05T17:39:14.883+0000  beacon.Variants 78.0MB
2022-12-05T17:39:17.957+0000  beacon.Variants 81.8MB
2022-12-05T17:39:20.890+0000  beacon.Variants 86.9MB
2022-12-05T17:39:23.883+0000  beacon.Variants 90.7MB
2022-12-05T17:39:26.891+0000  beacon.Variants 94.0MB
2022-12-05T17:39:29.927+0000  beacon.Variants 98.6MB
2022-12-05T17:39:33.074+0000  beacon.Variants 102MB
2022-12-05T17:39:35.889+0000  beacon.Variants 105MB
2022-12-05T17:39:38.900+0000  beacon.Variants 107MB
2022-12-05T17:39:41.914+0000  beacon.Variants 111MB
2022-12-05T17:39:44.907+0000  beacon.Variants 116MB
2022-12-05T17:39:47.901+0000  beacon.Variants 126MB
2022-12-05T17:39:50.900+0000  beacon.Variants 129MB
2022-12-05T17:39:53.919+0000  beacon.Variants 133MB
2022-12-05T17:39:56.912+0000  beacon.Variants 139MB
2022-12-05T17:39:59.902+0000  beacon.Variants 148MB
2022-12-05T17:40:02.912+0000  beacon.Variants 164MB
2022-12-05T17:40:05.901+0000  beacon.Variants 168MB
2022-12-05T17:40:08.941+0000  beacon.Variants 182MB
2022-12-05T17:40:11.902+0000  beacon.Variants 190MB
2022-12-05T17:40:14.897+0000  beacon.Variants 194MB
2022-12-05T17:40:17.917+0000  beacon.Variants 199MB
2022-12-05T17:40:21.086+0000  beacon.Variants 201MB
2022-12-05T17:40:24.010+0000  beacon.Variants 202MB
2022-12-05T17:40:26.885+0000  beacon.Variants 205MB
2022-12-05T17:40:29.888+0000  beacon.Variants 217MB
2022-12-05T17:40:32.914+0000  beacon.Variants 225MB
2022-12-05T17:40:35.893+0000  beacon.Variants 228MB
2022-12-05T17:40:38.881+0000  beacon.Variants 233MB
2022-12-05T17:40:41.894+0000  beacon.Variants 239MB
2022-12-05T17:40:44.881+0000  beacon.Variants 247MB
2022-12-05T17:40:47.884+0000  beacon.Variants 250MB
2022-12-05T17:40:50.883+0000  beacon.Variants 257MB
2022-12-05T17:40:53.880+0000  beacon.Variants 268MB
2022-12-05T17:40:56.882+0000  beacon.Variants 277MB
2022-12-05T17:40:59.882+0000  beacon.Variants 291MB
2022-12-05T17:41:02.881+0000  beacon.Variants 300MB
2022-12-05T17:41:05.882+0000  beacon.Variants 305MB
2022-12-05T17:41:08.899+0000  beacon.Variants 315MB
2022-12-05T17:41:11.898+0000  beacon.Variants 325MB
2022-12-05T17:41:14.886+0000  beacon.Variants 341MB
2022-12-05T17:41:17.895+0000  beacon.Variants 361MB
2022-12-05T17:41:20.892+0000  beacon.Variants 377MB
2022-12-05T17:41:23.897+0000  beacon.Variants 394MB
2022-12-05T17:41:26.893+0000  beacon.Variants 396MB
2022-12-05T17:41:29.897+0000  beacon.Variants 401MB
2022-12-05T17:41:32.897+0000  beacon.Variants 412MB
2022-12-05T17:41:35.888+0000  beacon.Variants 419MB
2022-12-05T17:41:38.887+0000  beacon.Variants 426MB
2022-12-05T17:41:41.902+0000  beacon.Variants 433MB
2022-12-05T17:41:44.887+0000  beacon.Variants 442MB
2022-12-05T17:41:47.987+0000  beacon.Variants 443MB
2022-12-05T17:41:50.894+0000  beacon.Variants 447MB
2022-12-05T17:41:53.896+0000  beacon.Variants 449MB
2022-12-05T17:41:56.896+0000  beacon.Variants 454MB
2022-12-05T17:41:59.887+0000  beacon.Variants 461MB
2022-12-05T17:42:02.891+0000  beacon.Variants 466MB
2022-12-05T17:42:05.892+0000  beacon.Variants 473MB
2022-12-05T17:42:08.938+0000  beacon.Variants 476MB
2022-12-05T17:42:12.075+0000  beacon.Variants 482MB
2022-12-05T17:42:14.876+0000  beacon.Variants 484MB
2022-12-05T17:42:17.870+0000  beacon.Variants 488MB
2022-12-05T17:42:20.891+0000  beacon.Variants 497MB
2022-12-05T17:42:23.951+0000  beacon.Variants 501MB
2022-12-05T17:42:26.867+0000  beacon.Variants 505MB
2022-12-05T17:42:29.874+0000  beacon.Variants 510MB
2022-12-05T17:42:32.914+0000  beacon.Variants 518MB
2022-12-05T17:42:35.909+0000  beacon.Variants 522MB
2022-12-05T17:42:38.897+0000  beacon.Variants 526MB
2022-12-05T17:42:41.888+0000  beacon.Variants 532MB
2022-12-05T17:42:44.888+0000  beacon.Variants 541MB
2022-12-05T17:42:47.983+0000  beacon.Variants 548MB
2022-12-05T17:42:50.887+0000  beacon.Variants 549MB
2022-12-05T17:42:53.923+0000  beacon.Variants 551MB
2022-12-05T17:42:56.894+0000  beacon.Variants 556MB
2022-12-05T17:42:59.897+0000  beacon.Variants 573MB
2022-12-05T17:43:02.887+0000  beacon.Variants 583MB
2022-12-05T17:43:05.889+0000  beacon.Variants 595MB
2022-12-05T17:43:09.032+0000  beacon.Variants 600MB
2022-12-05T17:43:12.013+0000  beacon.Variants 610MB
2022-12-05T17:43:14.888+0000  beacon.Variants 620MB
2022-12-05T17:43:17.897+0000  beacon.Variants 633MB
2022-12-05T17:43:20.888+0000  beacon.Variants 635MB
2022-12-05T17:43:23.903+0000  beacon.Variants 639MB
2022-12-05T17:43:26.894+0000  beacon.Variants 649MB
2022-12-05T17:43:29.888+0000  beacon.Variants 658MB
2022-12-05T17:43:32.888+0000  beacon.Variants 674MB
2022-12-05T17:43:35.897+0000  beacon.Variants 683MB
2022-12-05T17:43:38.893+0000  beacon.Variants 697MB
2022-12-05T17:43:41.897+0000  beacon.Variants 703MB
2022-12-05T17:43:44.898+0000  beacon.Variants 711MB
2022-12-05T17:43:47.895+0000  beacon.Variants 714MB
2022-12-05T17:43:50.897+0000  beacon.Variants 717MB
2022-12-05T17:43:53.895+0000  beacon.Variants 721MB
2022-12-05T17:43:56.890+0000  beacon.Variants 726MB
2022-12-05T17:43:59.895+0000  beacon.Variants 735MB
2022-12-05T17:44:02.890+0000  beacon.Variants 746MB
2022-12-05T17:44:06.047+0000  beacon.Variants 750MB
2022-12-05T17:44:08.915+0000  beacon.Variants 753MB
2022-12-05T17:44:11.891+0000  beacon.Variants 764MB
2022-12-05T17:44:14.909+0000  beacon.Variants 778MB
2022-12-05T17:44:17.889+0000  beacon.Variants 788MB
2022-12-05T17:44:20.907+0000  beacon.Variants 793MB
2022-12-05T17:44:23.905+0000  beacon.Variants 800MB
2022-12-05T17:44:26.887+0000  beacon.Variants 810MB
2022-12-05T17:44:29.887+0000  beacon.Variants 823MB
2022-12-05T17:44:32.889+0000  beacon.Variants 835MB
2022-12-05T17:44:35.888+0000  beacon.Variants 848MB
2022-12-05T17:44:38.890+0000  beacon.Variants 856MB
2022-12-05T17:44:41.909+0000  beacon.Variants 869MB
2022-12-05T17:44:44.892+0000  beacon.Variants 879MB
2022-12-05T17:44:47.892+0000  beacon.Variants 884MB
2022-12-05T17:44:50.891+0000  beacon.Variants 893MB
2022-12-05T17:44:53.908+0000  beacon.Variants 910MB
2022-12-05T17:44:56.912+0000  beacon.Variants 923MB
2022-12-05T17:44:59.896+0000  beacon.Variants 930MB
2022-12-05T17:45:02.891+0000  beacon.Variants 944MB
2022-12-05T17:45:05.891+0000  beacon.Variants 961MB
2022-12-05T17:45:08.908+0000  beacon.Variants 974MB
2022-12-05T17:45:11.891+0000  beacon.Variants 981MB
2022-12-05T17:45:14.891+0000  beacon.Variants 994MB
2022-12-05T17:45:17.897+0000  beacon.Variants 1011MB
2022-12-05T17:45:20.899+0000  beacon.Variants 1021MB
2022-12-05T17:45:23.891+0000  beacon.Variants 1.01GB
2022-12-05T17:45:26.906+0000  beacon.Variants 1.02GB
2022-12-05T17:45:29.908+0000  beacon.Variants 1.03GB
2022-12-05T17:45:32.890+0000  beacon.Variants 1.04GB
2022-12-05T17:45:35.892+0000  beacon.Variants 1.04GB
2022-12-05T17:45:39.076+0000  beacon.Variants 1.04GB
2022-12-05T17:45:41.894+0000  beacon.Variants 1.05GB
2022-12-05T17:45:44.894+0000  beacon.Variants 1.05GB
2022-12-05T17:45:47.927+0000  beacon.Variants 1.05GB
2022-12-05T17:45:50.909+0000  beacon.Variants 1.06GB
2022-12-05T17:45:53.892+0000  beacon.Variants 1.06GB
2022-12-05T17:45:56.893+0000  beacon.Variants 1.08GB
2022-12-05T17:45:59.903+0000  beacon.Variants 1.09GB
2022-12-05T17:46:02.897+0000  beacon.Variants 1.11GB
2022-12-05T17:46:05.892+0000  beacon.Variants 1.12GB
2022-12-05T17:46:08.923+0000  beacon.Variants 1.12GB
2022-12-05T17:46:11.893+0000  beacon.Variants 1.14GB
2022-12-05T17:46:14.893+0000  beacon.Variants 1.15GB
2022-12-05T17:46:17.893+0000  beacon.Variants 1.17GB
2022-12-05T17:46:20.894+0000  beacon.Variants 1.18GB
2022-12-05T17:46:23.907+0000  beacon.Variants 1.19GB
2022-12-05T17:46:26.897+0000  beacon.Variants 1.21GB
2022-12-05T17:46:29.896+0000  beacon.Variants 1.21GB
2022-12-05T17:46:32.911+0000  beacon.Variants 1.22GB
2022-12-05T17:46:35.899+0000  beacon.Variants 1.24GB
2022-12-05T17:46:38.964+0000  beacon.Variants 1.26GB
2022-12-05T17:46:41.895+0000  beacon.Variants 1.28GB
2022-12-05T17:46:44.908+0000  beacon.Variants 1.29GB
2022-12-05T17:46:47.906+0000  beacon.Variants 1.30GB
2022-12-05T17:46:50.902+0000  beacon.Variants 1.32GB
2022-12-05T17:46:53.924+0000  beacon.Variants 1.33GB
2022-12-05T17:46:56.901+0000  beacon.Variants 1.35GB
2022-12-05T17:46:59.897+0000  beacon.Variants 1.36GB
2022-12-05T17:47:02.893+0000  beacon.Variants 1.37GB
2022-12-05T17:47:05.893+0000  beacon.Variants 1.39GB
2022-12-05T17:47:08.909+0000  beacon.Variants 1.40GB
2022-12-05T17:47:11.912+0000  beacon.Variants 1.42GB
2022-12-05T17:47:14.894+0000  beacon.Variants 1.43GB
2022-12-05T17:47:17.894+0000  beacon.Variants 1.45GB
2022-12-05T17:47:20.899+0000  beacon.Variants 1.45GB
2022-12-05T17:47:23.894+0000  beacon.Variants 1.47GB
2022-12-05T17:47:26.903+0000  beacon.Variants 1.49GB
2022-12-05T17:47:29.894+0000  beacon.Variants 1.50GB
2022-12-05T17:47:32.902+0000  beacon.Variants 1.51GB
2022-12-05T17:47:35.897+0000  beacon.Variants 1.52GB
2022-12-05T17:47:38.895+0000  beacon.Variants 1.54GB
2022-12-05T17:47:41.904+0000  beacon.Variants 1.55GB
2022-12-05T17:47:44.950+0000  beacon.Variants 1.55GB
2022-12-05T17:47:47.894+0000  beacon.Variants 1.56GB
2022-12-05T17:47:50.902+0000  beacon.Variants 1.58GB
2022-12-05T17:47:53.894+0000  beacon.Variants 1.60GB
2022-12-05T17:47:56.906+0000  beacon.Variants 1.61GB
2022-12-05T17:47:59.894+0000  beacon.Variants 1.62GB
2022-12-05T17:48:02.897+0000  beacon.Variants 1.64GB
2022-12-05T17:48:05.897+0000  beacon.Variants 1.65GB
2022-12-05T17:48:08.902+0000  beacon.Variants 1.66GB
2022-12-05T17:48:11.892+0000  beacon.Variants 1.68GB
2022-12-05T17:48:14.915+0000  beacon.Variants 1.69GB
2022-12-05T17:48:17.934+0000  beacon.Variants 1.70GB
2022-12-05T17:48:20.892+0000  beacon.Variants 1.72GB
2022-12-05T17:48:23.892+0000  beacon.Variants 1.73GB
2022-12-05T17:48:26.900+0000  beacon.Variants 1.75GB
2022-12-05T17:48:29.892+0000  beacon.Variants 1.77GB
2022-12-05T17:48:32.909+0000  beacon.Variants 1.77GB
2022-12-05T17:48:35.894+0000  beacon.Variants 1.79GB
2022-12-05T17:48:38.896+0000  beacon.Variants 1.81GB
2022-12-05T17:48:41.895+0000  beacon.Variants 1.82GB
2022-12-05T17:48:44.906+0000  beacon.Variants 1.84GB
2022-12-05T17:48:47.911+0000  beacon.Variants 1.86GB
2022-12-05T17:48:50.905+0000  beacon.Variants 1.87GB
2022-12-05T17:48:53.901+0000  beacon.Variants 1.89GB
2022-12-05T17:48:56.902+0000  beacon.Variants 1.91GB
2022-12-05T17:48:59.895+0000  beacon.Variants 1.92GB
2022-12-05T17:49:02.905+0000  beacon.Variants 1.94GB
2022-12-05T17:49:05.902+0000  beacon.Variants 1.95GB
2022-12-05T17:49:08.920+0000  beacon.Variants 1.95GB
2022-12-05T17:49:11.906+0000  beacon.Variants 1.95GB
2022-12-05T17:49:14.904+0000  beacon.Variants 1.97GB
2022-12-05T17:49:17.902+0000  beacon.Variants 1.99GB
2022-12-05T17:49:20.907+0000  beacon.Variants 2.00GB
2022-12-05T17:49:23.904+0000  beacon.Variants 2.02GB
2022-12-05T17:49:26.909+0000  beacon.Variants 2.03GB
2022-12-05T17:49:29.901+0000  beacon.Variants 2.04GB
2022-12-05T17:49:32.915+0000  beacon.Variants 2.06GB
2022-12-05T17:49:35.919+0000  beacon.Variants 2.07GB
2022-12-05T17:49:38.899+0000  beacon.Variants 2.08GB
2022-12-05T17:49:41.897+0000  beacon.Variants 2.11GB
2022-12-05T17:49:44.903+0000  beacon.Variants 2.13GB
2022-12-05T17:49:47.901+0000  beacon.Variants 2.14GB
2022-12-05T17:49:50.896+0000  beacon.Variants 2.16GB
2022-12-05T17:49:53.902+0000  beacon.Variants 2.17GB
2022-12-05T17:49:56.896+0000  beacon.Variants 2.18GB
2022-12-05T17:49:59.901+0000  beacon.Variants 2.20GB
2022-12-05T17:50:02.897+0000  beacon.Variants 2.21GB
2022-12-05T17:50:05.898+0000  beacon.Variants 2.23GB
2022-12-05T17:50:08.902+0000  beacon.Variants 2.25GB
2022-12-05T17:50:11.902+0000  beacon.Variants 2.26GB
2022-12-05T17:50:14.900+0000  beacon.Variants 2.27GB
2022-12-05T17:50:17.898+0000  beacon.Variants 2.29GB
2022-12-05T17:50:20.906+0000  beacon.Variants 2.30GB
2022-12-05T17:50:23.900+0000  beacon.Variants 2.32GB
2022-12-05T17:50:26.899+0000  beacon.Variants 2.35GB
2022-12-05T17:50:29.897+0000  beacon.Variants 2.35GB
2022-12-05T17:50:32.897+0000  beacon.Variants 2.37GB
2022-12-05T17:50:35.898+0000  beacon.Variants 2.39GB
2022-12-05T17:50:38.908+0000  beacon.Variants 2.40GB
2022-12-05T17:50:41.995+0000  beacon.Variants 2.42GB
2022-12-05T17:50:44.903+0000  beacon.Variants 2.44GB
2022-12-05T17:50:47.898+0000  beacon.Variants 2.45GB
2022-12-05T17:50:50.897+0000  beacon.Variants 2.47GB
2022-12-05T17:50:53.900+0000  beacon.Variants 2.48GB
2022-12-05T17:50:56.898+0000  beacon.Variants 2.50GB
2022-12-05T17:50:59.967+0000  beacon.Variants 2.51GB
2022-12-05T17:51:02.898+0000  beacon.Variants 2.52GB
2022-12-05T17:51:05.904+0000  beacon.Variants 2.55GB
2022-12-05T17:51:08.904+0000  beacon.Variants 2.56GB
2022-12-05T17:51:11.899+0000  beacon.Variants 2.58GB
2022-12-05T17:51:14.910+0000  beacon.Variants 2.59GB
2022-12-05T17:51:17.920+0000  beacon.Variants 2.59GB
2022-12-05T17:51:20.904+0000  beacon.Variants 2.61GB
2022-12-05T17:51:23.901+0000  beacon.Variants 2.63GB
2022-12-05T17:51:26.900+0000  beacon.Variants 2.65GB
2022-12-05T17:51:29.904+0000  beacon.Variants 2.66GB
2022-12-05T17:51:32.908+0000  beacon.Variants 2.68GB
2022-12-05T17:51:35.899+0000  beacon.Variants 2.70GB
2022-12-05T17:51:38.899+0000  beacon.Variants 2.71GB
2022-12-05T17:51:41.901+0000  beacon.Variants 2.72GB
2022-12-05T17:51:44.898+0000  beacon.Variants 2.74GB
2022-12-05T17:51:47.904+0000  beacon.Variants 2.76GB
2022-12-05T17:51:50.901+0000  beacon.Variants 2.77GB
2022-12-05T17:51:53.906+0000  beacon.Variants 2.80GB
2022-12-05T17:51:56.899+0000  beacon.Variants 2.81GB
2022-12-05T17:51:59.901+0000  beacon.Variants 2.84GB
2022-12-05T17:52:02.904+0000  beacon.Variants 2.85GB
2022-12-05T17:52:05.899+0000  beacon.Variants 2.87GB
2022-12-05T17:52:08.905+0000  beacon.Variants 2.88GB
2022-12-05T17:52:11.905+0000  beacon.Variants 2.91GB
2022-12-05T17:52:14.899+0000  beacon.Variants 2.92GB
2022-12-05T17:52:17.903+0000  beacon.Variants 2.94GB
2022-12-05T17:52:20.919+0000  beacon.Variants 2.96GB
2022-12-05T17:52:23.910+0000  beacon.Variants 2.97GB
2022-12-05T17:52:26.905+0000  beacon.Variants 2.99GB
2022-12-05T17:52:29.904+0000  beacon.Variants 3.01GB
2022-12-05T17:52:32.900+0000  beacon.Variants 3.03GB
2022-12-05T17:52:35.918+0000  beacon.Variants 3.04GB
2022-12-05T17:52:38.909+0000  beacon.Variants 3.06GB
2022-12-05T17:52:41.901+0000  beacon.Variants 3.08GB
2022-12-05T17:52:44.908+0000  beacon.Variants 3.09GB
2022-12-05T17:52:47.901+0000  beacon.Variants 3.11GB
2022-12-05T17:52:50.906+0000  beacon.Variants 3.13GB
2022-12-05T17:52:53.906+0000  beacon.Variants 3.15GB
2022-12-05T17:52:56.907+0000  beacon.Variants 3.16GB
2022-12-05T17:52:59.901+0000  beacon.Variants 3.18GB
2022-12-05T17:53:02.902+0000  beacon.Variants 3.20GB
2022-12-05T17:53:05.913+0000  beacon.Variants 3.21GB
2022-12-05T17:53:08.900+0000  beacon.Variants 3.23GB
2022-12-05T17:53:11.917+0000  beacon.Variants 3.25GB
2022-12-05T17:53:14.904+0000  beacon.Variants 3.27GB
2022-12-05T17:53:17.901+0000  beacon.Variants 3.29GB
2022-12-05T17:53:20.985+0000  beacon.Variants 3.32GB
2022-12-05T17:53:23.919+0000  beacon.Variants 3.34GB
2022-12-05T17:53:26.917+0000  beacon.Variants 3.36GB
2022-12-05T17:53:29.900+0000  beacon.Variants 3.38GB
2022-12-05T17:53:32.908+0000  beacon.Variants 3.40GB
2022-12-05T17:53:35.902+0000  beacon.Variants 3.42GB
2022-12-05T17:53:38.901+0000  beacon.Variants 3.45GB
2022-12-05T17:53:41.904+0000  beacon.Variants 3.47GB
2022-12-05T17:53:44.901+0000  beacon.Variants 3.49GB
2022-12-05T17:53:47.913+0000  beacon.Variants 3.51GB
2022-12-05T17:53:50.902+0000  beacon.Variants 3.54GB
2022-12-05T17:53:53.905+0000  beacon.Variants 3.56GB
2022-12-05T17:53:56.905+0000  beacon.Variants 3.58GB
2022-12-05T17:53:59.911+0000  beacon.Variants 3.60GB
2022-12-05T17:54:02.905+0000  beacon.Variants 3.63GB
2022-12-05T17:54:05.917+0000  beacon.Variants 3.65GB
2022-12-05T17:54:08.904+0000  beacon.Variants 3.67GB
2022-12-05T17:54:11.905+0000  beacon.Variants 3.69GB
2022-12-05T17:54:14.903+0000  beacon.Variants 3.71GB
2022-12-05T17:54:17.908+0000  beacon.Variants 3.74GB
2022-12-05T17:54:20.922+0000  beacon.Variants 3.76GB
2022-12-05T17:54:23.906+0000  beacon.Variants 3.78GB
2022-12-05T17:54:26.907+0000  beacon.Variants 3.80GB
2022-12-05T17:54:29.907+0000  beacon.Variants 3.83GB
2022-12-05T17:54:32.913+0000  beacon.Variants 3.85GB
2022-12-05T17:54:35.904+0000  beacon.Variants 3.87GB
2022-12-05T17:54:38.903+0000  beacon.Variants 3.89GB
2022-12-05T17:54:41.903+0000  beacon.Variants 3.91GB
2022-12-05T17:54:44.902+0000  beacon.Variants 3.93GB
2022-12-05T17:54:47.911+0000  beacon.Variants 3.95GB
2022-12-05T17:54:50.903+0000  beacon.Variants 3.97GB
2022-12-05T17:54:53.902+0000  beacon.Variants 3.99GB
2022-12-05T17:54:56.902+0000  beacon.Variants 4.01GB
2022-12-05T17:54:59.908+0000  beacon.Variants 4.03GB
2022-12-05T17:55:02.918+0000  beacon.Variants 4.06GB
2022-12-05T17:55:05.908+0000  beacon.Variants 4.08GB
2022-12-05T17:55:08.903+0000  beacon.Variants 4.10GB
2022-12-05T17:55:11.915+0000  beacon.Variants 4.12GB
2022-12-05T17:55:14.924+0000  beacon.Variants 4.14GB
2022-12-05T17:55:17.914+0000  beacon.Variants 4.16GB
2022-12-05T17:55:20.903+0000  beacon.Variants 4.19GB
2022-12-05T17:55:23.903+0000  beacon.Variants 4.20GB
2022-12-05T17:55:26.903+0000  beacon.Variants 4.23GB
2022-12-05T17:55:29.905+0000  beacon.Variants 4.25GB
2022-12-05T17:55:32.910+0000  beacon.Variants 4.27GB
2022-12-05T17:55:35.903+0000  beacon.Variants 4.29GB
2022-12-05T17:55:38.907+0000  beacon.Variants 4.32GB
2022-12-05T17:55:41.904+0000  beacon.Variants 4.34GB
2022-12-05T17:55:44.905+0000  beacon.Variants 4.36GB
2022-12-05T17:55:47.905+0000  beacon.Variants 4.38GB
2022-12-05T17:55:50.904+0000  beacon.Variants 4.40GB
2022-12-05T17:55:53.921+0000  beacon.Variants 4.42GB
2022-12-05T17:55:56.904+0000  beacon.Variants 4.44GB
2022-12-05T17:55:59.904+0000  beacon.Variants 4.47GB
2022-12-05T17:56:02.908+0000  beacon.Variants 4.49GB
2022-12-05T17:56:05.917+0000  beacon.Variants 4.51GB
2022-12-05T17:56:08.904+0000  beacon.Variants 4.53GB
2022-12-05T17:56:11.906+0000  beacon.Variants 4.55GB
2022-12-05T17:56:14.911+0000  beacon.Variants 4.58GB
2022-12-05T17:56:17.907+0000  beacon.Variants 4.60GB
2022-12-05T17:56:20.905+0000  beacon.Variants 4.62GB
2022-12-05T17:56:23.906+0000  beacon.Variants 4.64GB
2022-12-05T17:56:26.908+0000  beacon.Variants 4.67GB
2022-12-05T17:56:29.914+0000  beacon.Variants 4.69GB
2022-12-05T17:56:32.905+0000  beacon.Variants 4.71GB
2022-12-05T17:56:35.904+0000  beacon.Variants 4.73GB
2022-12-05T17:56:38.906+0000  beacon.Variants 4.75GB
2022-12-05T17:56:41.908+0000  beacon.Variants 4.77GB
2022-12-05T17:56:44.908+0000  beacon.Variants 4.79GB
2022-12-05T17:56:47.906+0000  beacon.Variants 4.82GB
2022-12-05T17:56:50.922+0000  beacon.Variants 4.82GB
2022-12-05T17:56:53.911+0000  beacon.Variants 4.84GB
2022-12-05T17:56:56.906+0000  beacon.Variants 4.86GB
2022-12-05T17:56:59.909+0000  beacon.Variants 4.89GB
2022-12-05T17:57:02.910+0000  beacon.Variants 4.91GB
2022-12-05T17:57:05.906+0000  beacon.Variants 4.93GB
2022-12-05T17:57:08.907+0000  beacon.Variants 4.96GB
2022-12-05T17:57:11.905+0000  beacon.Variants 4.98GB
2022-12-05T17:57:14.905+0000  beacon.Variants 5.00GB
2022-12-05T17:57:17.909+0000  beacon.Variants 5.02GB
2022-12-05T17:57:20.906+0000  beacon.Variants 5.04GB
2022-12-05T17:57:23.907+0000  beacon.Variants 5.07GB
2022-12-05T17:57:26.906+0000  beacon.Variants 5.09GB
2022-12-05T17:57:29.906+0000  beacon.Variants 5.12GB
2022-12-05T17:57:32.924+0000  beacon.Variants 5.14GB
2022-12-05T17:57:35.906+0000  beacon.Variants 5.16GB
2022-12-05T17:57:38.918+0000  beacon.Variants 5.18GB
2022-12-05T17:57:41.918+0000  beacon.Variants 5.20GB
2022-12-05T17:57:44.908+0000  beacon.Variants 5.23GB
2022-12-05T17:57:47.910+0000  beacon.Variants 5.25GB
2022-12-05T17:57:50.907+0000  beacon.Variants 5.27GB
2022-12-05T17:57:53.907+0000  beacon.Variants 5.29GB
2022-12-05T17:57:56.907+0000  beacon.Variants 5.31GB
2022-12-05T17:57:59.906+0000  beacon.Variants 5.33GB
2022-12-05T17:58:02.909+0000  beacon.Variants 5.36GB
2022-12-05T17:58:05.921+0000  beacon.Variants 5.38GB
2022-12-05T17:58:08.907+0000  beacon.Variants 5.41GB
2022-12-05T17:58:11.911+0000  beacon.Variants 5.42GB
2022-12-05T17:58:14.910+0000  beacon.Variants 5.45GB
2022-12-05T17:58:17.908+0000  beacon.Variants 5.47GB
2022-12-05T17:58:20.907+0000  beacon.Variants 5.49GB
2022-12-05T17:58:23.907+0000  beacon.Variants 5.51GB
2022-12-05T17:58:26.908+0000  beacon.Variants 5.54GB
2022-12-05T17:58:29.908+0000  beacon.Variants 5.56GB
2022-12-05T17:58:32.908+0000  beacon.Variants 5.58GB
2022-12-05T17:58:35.907+0000  beacon.Variants 5.61GB
2022-12-05T17:58:38.923+0000  beacon.Variants 5.63GB
2022-12-05T17:58:41.907+0000  beacon.Variants 5.66GB
2022-12-05T17:58:44.921+0000  beacon.Variants 5.68GB
2022-12-05T17:58:47.907+0000  beacon.Variants 5.70GB
2022-12-05T17:58:50.908+0000  beacon.Variants 5.72GB
2022-12-05T17:58:53.917+0000  beacon.Variants 5.74GB
2022-12-05T17:58:56.911+0000  beacon.Variants 5.76GB
2022-12-05T17:58:59.908+0000  beacon.Variants 5.79GB
2022-12-05T17:59:02.907+0000  beacon.Variants 5.81GB
2022-12-05T17:59:05.909+0000  beacon.Variants 5.83GB
2022-12-05T17:59:08.908+0000  beacon.Variants 5.86GB
2022-12-05T17:59:11.913+0000  beacon.Variants 5.88GB
2022-12-05T17:59:14.908+0000  beacon.Variants 5.90GB
2022-12-05T17:59:17.918+0000  beacon.Variants 5.91GB
2022-12-05T17:59:20.911+0000  beacon.Variants 5.93GB
2022-12-05T17:59:23.915+0000  beacon.Variants 5.96GB
2022-12-05T17:59:26.909+0000  beacon.Variants 5.98GB
2022-12-05T17:59:29.910+0000  beacon.Variants 6.00GB
2022-12-05T17:59:32.923+0000  beacon.Variants 6.03GB
2022-12-05T17:59:35.909+0000  beacon.Variants 6.04GB
2022-12-05T17:59:40.685+0000  beacon.Variants 6.05GB
2022-12-05T17:59:41.912+0000  beacon.Variants 6.06GB
2022-12-05T17:59:44.910+0000  beacon.Variants 6.07GB
2022-12-05T17:59:47.908+0000  beacon.Variants 6.09GB
2022-12-05T17:59:50.908+0000  beacon.Variants 6.11GB
2022-12-05T17:59:53.909+0000  beacon.Variants 6.13GB
2022-12-05T17:59:56.909+0000  beacon.Variants 6.15GB
2022-12-05T17:59:59.917+0000  beacon.Variants 6.18GB
2022-12-05T18:00:02.924+0000  beacon.Variants 6.19GB
2022-12-05T18:00:05.916+0000  beacon.Variants 6.22GB
2022-12-05T18:00:08.933+0000  beacon.Variants 6.24GB
2022-12-05T18:00:11.910+0000  beacon.Variants 6.26GB
2022-12-05T18:00:14.919+0000  beacon.Variants 6.28GB
2022-12-05T18:00:17.911+0000  beacon.Variants 6.30GB
2022-12-05T18:00:20.911+0000  beacon.Variants 6.32GB
2022-12-05T18:00:23.912+0000  beacon.Variants 6.35GB
2022-12-05T18:00:26.915+0000  beacon.Variants 6.37GB
2022-12-05T18:00:29.910+0000  beacon.Variants 6.39GB
2022-12-05T18:00:32.910+0000  beacon.Variants 6.42GB
2022-12-05T18:00:35.911+0000  beacon.Variants 6.44GB
2022-12-05T18:00:38.918+0000  beacon.Variants 6.46GB
2022-12-05T18:00:41.911+0000  beacon.Variants 6.48GB
2022-12-05T18:00:44.910+0000  beacon.Variants 6.51GB
2022-12-05T18:00:47.913+0000  beacon.Variants 6.52GB
2022-12-05T18:00:50.915+0000  beacon.Variants 6.55GB
2022-12-05T18:00:53.931+0000  beacon.Variants 6.57GB
2022-12-05T18:00:56.927+0000  beacon.Variants 6.59GB
2022-12-05T18:00:59.913+0000  beacon.Variants 6.61GB
2022-12-05T18:01:02.910+0000  beacon.Variants 6.64GB
2022-12-05T18:01:05.920+0000  beacon.Variants 6.66GB
2022-12-05T18:01:08.912+0000  beacon.Variants 6.67GB
2022-12-05T18:01:11.927+0000  beacon.Variants 6.70GB
2022-12-05T18:01:14.919+0000  beacon.Variants 6.73GB
2022-12-05T18:01:17.911+0000  beacon.Variants 6.74GB
2022-12-05T18:01:20.911+0000  beacon.Variants 6.77GB
2022-12-05T18:01:23.911+0000  beacon.Variants 6.78GB
2022-12-05T18:01:26.912+0000  beacon.Variants 6.80GB
2022-12-05T18:01:29.924+0000  beacon.Variants 6.83GB
2022-12-05T18:01:32.911+0000  beacon.Variants 6.85GB
2022-12-05T18:01:35.916+0000  beacon.Variants 6.87GB
2022-12-05T18:01:38.912+0000  beacon.Variants 6.89GB
2022-12-05T18:01:41.924+0000  beacon.Variants 6.92GB
2022-12-05T18:01:44.912+0000  beacon.Variants 6.94GB
2022-12-05T18:01:47.915+0000  beacon.Variants 6.96GB
2022-12-05T18:01:50.912+0000  beacon.Variants 6.98GB
2022-12-05T18:01:53.918+0000  beacon.Variants 7.00GB
2022-12-05T18:01:56.912+0000  beacon.Variants 7.03GB
2022-12-05T18:01:59.912+0000  beacon.Variants 7.05GB
2022-12-05T18:02:02.916+0000  beacon.Variants 7.07GB
2022-12-05T18:02:05.911+0000  beacon.Variants 7.09GB
2022-12-05T18:02:08.916+0000  beacon.Variants 7.12GB
2022-12-05T18:02:11.981+0000  beacon.Variants 7.14GB
2022-12-05T18:02:14.915+0000  beacon.Variants 7.16GB
2022-12-05T18:02:17.913+0000  beacon.Variants 7.18GB
2022-12-05T18:02:20.918+0000  beacon.Variants 7.19GB
2022-12-05T18:02:23.917+0000  beacon.Variants 7.21GB
2022-12-05T18:02:26.914+0000  beacon.Variants 7.24GB
2022-12-05T18:02:29.914+0000  beacon.Variants 7.26GB
2022-12-05T18:02:32.913+0000  beacon.Variants 7.28GB
2022-12-05T18:02:35.915+0000  beacon.Variants 7.30GB
2022-12-05T18:02:38.925+0000  beacon.Variants 7.32GB
2022-12-05T18:02:41.913+0000  beacon.Variants 7.34GB
2022-12-05T18:02:44.913+0000  beacon.Variants 7.36GB
2022-12-05T18:02:47.916+0000  beacon.Variants 7.39GB
2022-12-05T18:02:50.912+0000  beacon.Variants 7.41GB
2022-12-05T18:02:53.917+0000  beacon.Variants 7.43GB
2022-12-05T18:02:56.919+0000  beacon.Variants 7.44GB
2022-12-05T18:02:59.924+0000  beacon.Variants 7.47GB
2022-12-05T18:03:02.912+0000  beacon.Variants 7.49GB
2022-12-05T18:03:05.915+0000  beacon.Variants 7.51GB
2022-12-05T18:03:08.939+0000  beacon.Variants 7.53GB
2022-12-05T18:03:11.921+0000  beacon.Variants 7.55GB
2022-12-05T18:03:14.918+0000  beacon.Variants 7.57GB
2022-12-05T18:03:17.913+0000  beacon.Variants 7.59GB
2022-12-05T18:03:20.916+0000  beacon.Variants 7.61GB
2022-12-05T18:03:23.928+0000  beacon.Variants 7.64GB
2022-12-05T18:03:26.916+0000  beacon.Variants 7.66GB
2022-12-05T18:03:29.913+0000  beacon.Variants 7.68GB
2022-12-05T18:03:32.913+0000  beacon.Variants 7.70GB
2022-12-05T18:03:35.914+0000  beacon.Variants 7.72GB
2022-12-05T18:03:38.915+0000  beacon.Variants 7.74GB
2022-12-05T18:03:41.915+0000  beacon.Variants 7.76GB
2022-12-05T18:03:44.929+0000  beacon.Variants 7.78GB
2022-12-05T18:03:47.913+0000  beacon.Variants 7.80GB
2022-12-05T18:03:50.913+0000  beacon.Variants 7.82GB
2022-12-05T18:03:53.921+0000  beacon.Variants 7.85GB
2022-12-05T18:03:56.921+0000  beacon.Variants 7.87GB
2022-12-05T18:03:59.918+0000  beacon.Variants 7.89GB
2022-12-05T18:04:02.915+0000  beacon.Variants 7.91GB
2022-12-05T18:04:05.923+0000  beacon.Variants 7.93GB
2022-12-05T18:04:08.915+0000  beacon.Variants 7.96GB
2022-12-05T18:04:11.918+0000  beacon.Variants 7.98GB
2022-12-05T18:04:14.920+0000  beacon.Variants 8.00GB
2022-12-05T18:04:17.915+0000  beacon.Variants 8.02GB
2022-12-05T18:04:20.915+0000  beacon.Variants 8.04GB
2022-12-05T18:04:23.915+0000  beacon.Variants 8.06GB
2022-12-05T18:04:26.935+0000  beacon.Variants 8.09GB
2022-12-05T18:04:29.922+0000  beacon.Variants 8.11GB
2022-12-05T18:04:32.917+0000  beacon.Variants 8.13GB
2022-12-05T18:04:35.926+0000  beacon.Variants 8.15GB
2022-12-05T18:04:38.915+0000  beacon.Variants 8.17GB
2022-12-05T18:04:41.931+0000  beacon.Variants 8.18GB
2022-12-05T18:04:44.921+0000  beacon.Variants 8.20GB
2022-12-05T18:04:47.936+0000  beacon.Variants 8.23GB
2022-12-05T18:04:50.921+0000  beacon.Variants 8.25GB
2022-12-05T18:04:53.915+0000  beacon.Variants 8.27GB
2022-12-05T18:04:56.916+0000  beacon.Variants 8.29GB
2022-12-05T18:04:59.915+0000  beacon.Variants 8.31GB
2022-12-05T18:05:02.926+0000  beacon.Variants 8.33GB
2022-12-05T18:05:05.917+0000  beacon.Variants 8.34GB
2022-12-05T18:05:08.940+0000  beacon.Variants 8.37GB
2022-12-05T18:05:11.928+0000  beacon.Variants 8.40GB
2022-12-05T18:05:14.941+0000  beacon.Variants 8.42GB
2022-12-05T18:05:17.923+0000  beacon.Variants 8.44GB
2022-12-05T18:05:20.926+0000  beacon.Variants 8.46GB
2022-12-05T18:05:23.931+0000  beacon.Variants 8.49GB
2022-12-05T18:05:26.927+0000  beacon.Variants 8.50GB
2022-12-05T18:05:29.936+0000  beacon.Variants 8.53GB
2022-12-05T18:05:32.940+0000  beacon.Variants 8.55GB
2022-12-05T18:05:35.932+0000  beacon.Variants 8.57GB
2022-12-05T18:05:38.917+0000  beacon.Variants 8.59GB
2022-12-05T18:05:41.917+0000  beacon.Variants 8.62GB
2022-12-05T18:05:44.917+0000  beacon.Variants 8.64GB
2022-12-05T18:05:47.917+0000  beacon.Variants 8.66GB
2022-12-05T18:05:50.929+0000  beacon.Variants 8.68GB
2022-12-05T18:05:53.925+0000  beacon.Variants 8.71GB
2022-12-05T18:05:56.918+0000  beacon.Variants 8.73GB
2022-12-05T18:05:59.922+0000  beacon.Variants 8.75GB
2022-12-05T18:06:02.918+0000  beacon.Variants 8.77GB
2022-12-05T18:06:05.936+0000  beacon.Variants 8.80GB
2022-12-05T18:06:08.925+0000  beacon.Variants 8.82GB
2022-12-05T18:06:11.917+0000  beacon.Variants 8.84GB
2022-12-05T18:06:14.918+0000  beacon.Variants 8.87GB
2022-12-05T18:06:17.917+0000  beacon.Variants 8.89GB
2022-12-05T18:06:20.926+0000  beacon.Variants 8.91GB
2022-12-05T18:06:23.917+0000  beacon.Variants 8.93GB
2022-12-05T18:06:26.917+0000  beacon.Variants 8.96GB
2022-12-05T18:06:29.917+0000  beacon.Variants 8.98GB
2022-12-05T18:06:32.917+0000  beacon.Variants 9.00GB
2022-12-05T18:06:35.917+0000  beacon.Variants 9.02GB
2022-12-05T18:06:38.919+0000  beacon.Variants 9.05GB
2022-12-05T18:06:41.926+0000  beacon.Variants 9.07GB
2022-12-05T18:06:44.935+0000  beacon.Variants 9.09GB
2022-12-05T18:06:47.930+0000  beacon.Variants 9.12GB
2022-12-05T18:06:50.920+0000  beacon.Variants 9.14GB
2022-12-05T18:06:53.929+0000  beacon.Variants 9.16GB
2022-12-05T18:06:56.921+0000  beacon.Variants 9.19GB
2022-12-05T18:06:59.918+0000  beacon.Variants 9.21GB
2022-12-05T18:07:02.937+0000  beacon.Variants 9.23GB
2022-12-05T18:07:05.918+0000  beacon.Variants 9.25GB
2022-12-05T18:07:08.919+0000  beacon.Variants 9.27GB
2022-12-05T18:07:11.919+0000  beacon.Variants 9.29GB
2022-12-05T18:07:14.921+0000  beacon.Variants 9.32GB
2022-12-05T18:07:17.922+0000  beacon.Variants 9.34GB
2022-12-05T18:07:20.925+0000  beacon.Variants 9.36GB
2022-12-05T18:07:23.918+0000  beacon.Variants 9.38GB
2022-12-05T18:07:26.918+0000  beacon.Variants 9.40GB
2022-12-05T18:07:29.927+0000  beacon.Variants 9.43GB
2022-12-05T18:07:32.922+0000  beacon.Variants 9.45GB
2022-12-05T18:07:35.919+0000  beacon.Variants 9.47GB
2022-12-05T18:07:38.919+0000  beacon.Variants 9.49GB
2022-12-05T18:07:41.920+0000  beacon.Variants 9.51GB
2022-12-05T18:07:44.919+0000  beacon.Variants 9.53GB
2022-12-05T18:07:47.931+0000  beacon.Variants 9.56GB
2022-12-05T18:07:50.927+0000  beacon.Variants 9.58GB
2022-12-05T18:07:53.920+0000  beacon.Variants 9.60GB
2022-12-05T18:07:56.922+0000  beacon.Variants 9.62GB
2022-12-05T18:07:59.919+0000  beacon.Variants 9.64GB
2022-12-05T18:08:02.921+0000  beacon.Variants 9.66GB
2022-12-05T18:08:05.935+0000  beacon.Variants 9.69GB
2022-12-05T18:08:08.921+0000  beacon.Variants 9.71GB
2022-12-05T18:08:11.920+0000  beacon.Variants 9.73GB
2022-12-05T18:08:14.920+0000  beacon.Variants 9.75GB
2022-12-05T18:08:17.922+0000  beacon.Variants 9.77GB
2022-12-05T18:08:20.919+0000  beacon.Variants 9.79GB
2022-12-05T18:08:23.920+0000  beacon.Variants 9.81GB
2022-12-05T18:08:26.920+0000  beacon.Variants 9.83GB
2022-12-05T18:08:29.931+0000  beacon.Variants 9.86GB
2022-12-05T18:08:32.919+0000  beacon.Variants 9.88GB
2022-12-05T18:08:35.920+0000  beacon.Variants 9.91GB
2022-12-05T18:08:38.920+0000  beacon.Variants 9.93GB
2022-12-05T18:08:41.921+0000  beacon.Variants 9.95GB
2022-12-05T18:08:44.923+0000  beacon.Variants 9.97GB
2022-12-05T18:08:47.922+0000  beacon.Variants 9.99GB
2022-12-05T18:08:50.930+0000  beacon.Variants 10.0GB
2022-12-05T18:08:53.928+0000  beacon.Variants 10.0GB
2022-12-05T18:08:56.925+0000  beacon.Variants 10.1GB
2022-12-05T18:08:59.922+0000  beacon.Variants 10.1GB
2022-12-05T18:09:02.924+0000  beacon.Variants 10.1GB
2022-12-05T18:09:05.922+0000  beacon.Variants 10.1GB
2022-12-05T18:09:09.049+0000  beacon.Variants 10.2GB
2022-12-05T18:09:11.938+0000  beacon.Variants 10.2GB
2022-12-05T18:09:14.922+0000  beacon.Variants 10.2GB
2022-12-05T18:09:17.922+0000  beacon.Variants 10.2GB
2022-12-05T18:09:20.933+0000  beacon.Variants 10.2GB
2022-12-05T18:09:23.922+0000  beacon.Variants 10.3GB
2022-12-05T18:09:26.939+0000  beacon.Variants 10.3GB
2022-12-05T18:09:29.921+0000  beacon.Variants 10.3GB
2022-12-05T18:09:32.935+0000  beacon.Variants 10.3GB
2022-12-05T18:09:35.928+0000  beacon.Variants 10.3GB
2022-12-05T18:09:38.933+0000  beacon.Variants 10.4GB
2022-12-05T18:09:41.929+0000  beacon.Variants 10.4GB
2022-12-05T18:09:44.925+0000  beacon.Variants 10.4GB
2022-12-05T18:09:47.934+0000  beacon.Variants 10.4GB
2022-12-05T18:09:50.924+0000  beacon.Variants 10.5GB
2022-12-05T18:09:53.932+0000  beacon.Variants 10.5GB
2022-12-05T18:09:56.925+0000  beacon.Variants 10.5GB
2022-12-05T18:09:59.934+0000  beacon.Variants 10.5GB
2022-12-05T18:10:02.924+0000  beacon.Variants 10.6GB
2022-12-05T18:10:05.925+0000  beacon.Variants 10.6GB
2022-12-05T18:10:08.924+0000  beacon.Variants 10.6GB
2022-12-05T18:10:11.928+0000  beacon.Variants 10.6GB
2022-12-05T18:10:14.924+0000  beacon.Variants 10.6GB
2022-12-05T18:10:17.927+0000  beacon.Variants 10.7GB
2022-12-05T18:10:20.931+0000  beacon.Variants 10.7GB
2022-12-05T18:10:23.923+0000  beacon.Variants 10.7GB
2022-12-05T18:10:26.933+0000  beacon.Variants 10.7GB
2022-12-05T18:10:29.922+0000  beacon.Variants 10.8GB
2022-12-05T18:10:32.929+0000  beacon.Variants 10.8GB
2022-12-05T18:10:35.925+0000  beacon.Variants 10.8GB
2022-12-05T18:10:38.923+0000  beacon.Variants 10.8GB
2022-12-05T18:10:41.924+0000  beacon.Variants 10.8GB
2022-12-05T18:10:44.930+0000  beacon.Variants 10.9GB
2022-12-05T18:10:47.926+0000  beacon.Variants 10.9GB
2022-12-05T18:10:50.924+0000  beacon.Variants 10.9GB
2022-12-05T18:10:53.928+0000  beacon.Variants 10.9GB
2022-12-05T18:10:56.939+0000  beacon.Variants 11.0GB
2022-12-05T18:10:59.923+0000  beacon.Variants 11.0GB
2022-12-05T18:11:02.928+0000  beacon.Variants 11.0GB
2022-12-05T18:11:05.923+0000  beacon.Variants 11.0GB
2022-12-05T18:11:08.924+0000  beacon.Variants 11.1GB
2022-12-05T18:11:11.924+0000  beacon.Variants 11.1GB
2022-12-05T18:11:14.933+0000  beacon.Variants 11.1GB
2022-12-05T18:11:17.930+0000  beacon.Variants 11.1GB
2022-12-05T18:11:20.923+0000  beacon.Variants 11.1GB
2022-12-05T18:11:23.926+0000  beacon.Variants 11.2GB
2022-12-05T18:11:26.924+0000  beacon.Variants 11.2GB
2022-12-05T18:11:29.923+0000  beacon.Variants 11.2GB
2022-12-05T18:11:32.926+0000  beacon.Variants 11.2GB
2022-12-05T18:11:35.927+0000  beacon.Variants 11.2GB
2022-12-05T18:11:38.925+0000  beacon.Variants 11.3GB
2022-12-05T18:11:42.020+0000  beacon.Variants 11.3GB
2022-12-05T18:11:44.928+0000  beacon.Variants 11.3GB
2022-12-05T18:11:47.930+0000  beacon.Variants 11.3GB
2022-12-05T18:11:50.964+0000  beacon.Variants 11.4GB
2022-12-05T18:11:53.926+0000  beacon.Variants 11.4GB
2022-12-05T18:11:56.930+0000  beacon.Variants 11.4GB
2022-12-05T18:11:59.926+0000  beacon.Variants 11.4GB
2022-12-05T18:12:02.929+0000  beacon.Variants 11.4GB
2022-12-05T18:12:03.371+0000  beacon.Variants 11.4GB
2022-12-05T18:12:03.374+0000  1109368 document(s) imported successfully. 0 document(s) failed to import.
2022-12-05T18:12:03.578+0000  connected to: mongodb://[**REDACTED**]@localhost:27017/beacon?authSource=admin
2022-12-05T18:12:04.201+0000  2504 document(s) imported successfully. 0 document(s) failed to import.
2022-12-05T18:12:04.258+0000  connected to: mongodb://[**REDACTED**]@localhost:27017/beacon?authSource=admin
2022-12-05T18:12:04.533+0000  2504 document(s) imported successfully. 0 document(s) failed to import.
root@mongodb:/scratch/bsc_inb_cineca_uk1#
